{"@timestamp":"2023-05-14T17:56:26.443Z","CommandLine":"C:\\Windows\\System32\\explorer.exe","EventID":1,"Image":"C:\\Windows\\System32\\explorer.exe","ParentImage":"C:\\Windows\\System32\\notepad.exe","ParentProcessId":993,"ProcessId":25153,"User":"Administrator","agent":{"hostname":"WIN-OUB3HIT1","type":"winlogbeat","version":"8.5.0"},"ecs":{"version":"8.5.0"},"event":{"action":"Process creation","category":["process"],"code":1,"kind":"event","provider":"Microsoft-Windows-Sysmon","type":["start"]},"host":{"name":"WIN-EPRYMMGG","os":{"family":"windows","name":"Windows Server 2019","version":"10.0.17763"}},"process":{"args":["C:\\Windows\\System32\\explorer.exe"],"command_line":"C:\\Windows\\System32\\explorer.exe","executable":"C:\\Windows\\System32\\explorer.exe","name":"explorer.exe","parent":{"executable":"C:\\Windows\\System32\\notepad.exe","name":"notepad.exe","pid":849},"pid":52237},"user":{"domain":"DOMAIN","name":"Administrator"},"winlog":{"channel":"Microsoft-Windows-Sysmon/Operational","computer_name":"WIN-O7D9IPVX.domain.local","event_id":1,"provider_name":"Microsoft-Windows-Sysmon","record_id":5660316,"task":"Process creation (rule: ProcessCreate)"}}
{"@timestamp":"2023-05-03T18:59:36.859Z","DestinationIp":"1.1.1.1","DestinationPort":443,"EventID":3,"Image":"C:\\Program Files\\Mozilla Firefox\\firefox.exe","Protocol":"tcp","SourceIp":"192.168.1.100","SourcePort":58609,"agent":{"hostname":"WIN-18VR33CW","type":"winlogbeat","version":"8.5.0"},"destination":{"ip":"1.1.1.1","port":443},"ecs":{"version":"8.5.0"},"event":{"action":"Process creation","category":["process"],"code":3,"kind":"event","provider":"Microsoft-Windows-Sysmon","type":["start"]},"host":{"name":"WIN-NDTPUECX","os":{"family":"windows","name":"Windows Server 2019","version":"10.0.17763"}},"network":{"direction":"outbound","protocol":"tcp"},"source":{"ip":"192.168.1.100","port":58609},"winlog":{"channel":"Microsoft-Windows-Sysmon/Operational","computer_name":"WIN-35VVRWTU.domain.local","event_id":3,"provider_name":"Microsoft-Windows-Sysmon","record_id":6334276,"task":"Process creation (rule: ProcessCreate)"}}
{"@timestamp":"2023-05-25T19:14:31.848Z","EventID":17,"Image":"C:\\Windows\\System32\\WindowsPowerShell\\v1.0\\powershell.exe","PipeName":"\\pipe\\lsarpc","agent":{"hostname":"WIN-XXC2EP13","type":"winlogbeat","version":"8.5.0"},"ecs":{"version":"8.5.0"},"event":{"action":"Process creation","category":["process"],"code":17,"kind":"event","provider":"Microsoft-Windows-Sysmon","type":["start"]},"host":{"name":"WIN-ZQ201A60","os":{"family":"windows","name":"Windows Server 2019","version":"10.0.17763"}},"winlog":{"channel":"Microsoft-Windows-Sysmon/Operational","computer_name":"WIN-PHWL2NXE.domain.local","event_id":17,"provider_name":"Microsoft-Windows-Sysmon","record_id":6545852,"task":"Process creation (rule: ProcessCreate)"}}
{"@timestamp":"2023-09-23T11:34:53.282Z","CommandLine":"C:\\Windows\\System32\\services.exe AZQWA53S3S","EventID":1,"Image":"C:\\Windows\\System32\\services.exe","ParentImage":"C:\\Program Files\\Mozilla Firefox\\firefox.exe","ParentProcessId":203,"ProcessId":1616,"User":"NT AUTHORITY\\LOCAL SERVICE","agent":{"hostname":"WIN-CQDJJYGC","type":"winlogbeat","version":"8.5.0"},"ecs":{"version":"8.5.0"},"event":{"action":"Process creation","category":["process"],"code":1,"kind":"event","provider":"Microsoft-Windows-Sysmon","type":["start"]},"host":{"name":"WIN-16JLOQFR","os":{"family":"windows","name":"Windows Server 2019","version":"10.0.17763"}},"process":{"args":["C:\\Windows\\System32\\services.exe","AZQWA53S3S"],"command_line":"C:\\Windows\\System32\\services.exe AZQWA53S3S","executable":"C:\\Windows\\System32\\services.exe","name":"services.exe","parent":{"executable":"C:\\Program Files\\Mozilla Firefox\\firefox.exe","name":"firefox.exe","pid":549},"pid":56641},"user":{"domain":"NT AUTHORITY","name":"NT AUTHORITY\\LOCAL SERVICE"},"winlog":{"channel":"Microsoft-Windows-Sysmon/Operational","computer_name":"WIN-ANK8E29U.domain.local","event_id":1,"provider_name":"Microsoft-Windows-Sysmon","record_id":6685343,"task":"Process creation (rule: ProcessCreate)"}}
{"@timestamp":"2023-02-27T17:27:57.324Z","CommandLine":"C:\\Program Files\\Mozilla Firefox\\firefox.exe A7OBBLTRK2","EventID":1,"Image":"C:\\Program Files\\Mozilla Firefox\\firefox.exe","ParentImage":"C:\\Windows\\System32\\services.exe","ParentProcessId":371,"ProcessId":31622,"User":"user","agent":{"hostname":"WIN-RZJGQ7LQ","type":"winlogbeat","version":"8.5.0"},"ecs":{"version":"8.5.0"},"event":{"action":"Process creation","category":["process"],"code":1,"kind":"event","provider":"Microsoft-Windows-Sysmon","type":["start"]},"host":{"name":"WIN-Z2YJK401","os":{"family":"windows","name":"Windows Server 2019","version":"10.0.17763"}},"process":{"args":["C:\\Program","Files\\Mozilla","Firefox\\firefox.exe","A7OBBLTRK2"],"command_line":"C:\\Program Files\\Mozilla Firefox\\firefox.exe A7OBBLTRK2","executable":"C:\\Program Files\\Mozilla Firefox\\firefox.exe","name":"firefox.exe","parent":{"executable":"C:\\Windows\\System32\\services.exe","name":"services.exe","pid":503},"pid":14935},"user":{"domain":"DOMAIN","name":"user"},"winlog":{"channel":"Microsoft-Windows-Sysmon/Operational","computer_name":"WIN-7SZDPUVR.domain.local","event_id":1,"provider_name":"Microsoft-Windows-Sysmon","record_id":7605046,"task":"Process creation (rule: ProcessCreate)"}}
{"@timestamp":"2023-10-06T15:58:34.296Z","CommandLine":"C:\\Program Files\\Google\\Chrome\\Application\\chrome.exe --new-tab https://example.com","EventID":1,"Image":"C:\\Program Files\\Google\\Chrome\\Application\\chrome.exe","ParentImage":"C:\\Windows\\System32\\WindowsPowerShell\\v1.0\\powershell.exe","ParentProcessId":789,"ProcessId":2792,"User":"admin","agent":{"hostname":"WIN-KI3VUENW","type":"winlogbeat","version":"8.5.0"},"ecs":{"version":"8.5.0"},"event":{"action":"Process creation","category":["process"],"code":1,"kind":"event","provider":"Microsoft-Windows-Sysmon","type":["start"]},"host":{"name":"WIN-2I1YXAYU","os":{"family":"windows","name":"Windows Server 2019","version":"10.0.17763"}},"process":{"args":["C:\\Program","Files\\Google\\Chrome\\Application\\chrome.exe","--new-tab","https://example.com"],"command_line":"C:\\Program Files\\Google\\Chrome\\Application\\chrome.exe --new-tab https://example.com","executable":"C:\\Program Files\\Google\\Chrome\\Application\\chrome.exe","name":"chrome.exe","parent":{"executable":"C:\\Windows\\System32\\WindowsPowerShell\\v1.0\\powershell.exe","name":"powershell.exe","pid":225},"pid":60390},"user":{"domain":"DOMAIN","name":"admin"},"winlog":{"channel":"Microsoft-Windows-Sysmon/Operational","computer_name":"WIN-0V3CC0UT.domain.local","event_id":1,"provider_name":"Microsoft-Windows-Sysmon","record_id":5294568,"task":"Process creation (rule: ProcessCreate)"}}
{"@timestamp":"2023-09-07T04:13:28.262Z","DestinationIp":"208.67.222.222","DestinationPort":80,"EventID":3,"Image":"C:\\Windows\\System32\\rundll32.exe","Protocol":"tcp","SourceIp":"192.168.1.100","SourcePort":63503,"agent":{"hostname":"WIN-F8ZGIGFJ","type":"winlogbeat","version":"8.5.0"},"destination":{"ip":"208.67.222.222","port":80},"ecs":{"version":"8.5.0"},"event":{"action":"Process creation","category":["process"],"code":3,"kind":"event","provider":"Microsoft-Windows-Sysmon","type":["start"]},"host":{"name":"WIN-GKXYOMEH","os":{"family":"windows","name":"Windows Server 2019","version":"10.0.17763"}},"network":{"direction":"outbound","protocol":"tcp"},"source":{"ip":"192.168.1.100","port":63503},"winlog":{"channel":"Microsoft-Windows-Sysmon/Operational","computer_name":"WIN-7CTZ8PA7.domain.local","event_id":3,"provider_name":"Microsoft-Windows-Sysmon","record_id":4657588,"task":"Process creation (rule: ProcessCreate)"}}
{"@timestamp":"2023-02-12T07:48:09.423Z","DestinationIp":"malicious-domain.com","DestinationPort":53,"EventID":3,"Image":"C:\\Windows\\System32\\explorer.exe","Protocol":"tcp","SourceIp":"192.168.1.100","SourcePort":61060,"agent":{"hostname":"WIN-9BF5U7XK","type":"winlogbeat","version":"8.5.0"},"destination":{"ip":"malicious-domain.com","port":53},"ecs":{"version":"8.5.0"},"event":{"action":"Process creation","category":["process"],"code":3,"kind":"event","provider":"Microsoft-Windows-Sysmon","type":["start"]},"host":{"name":"WIN-1JU7MC3D","os":{"family":"windows","name":"Windows Server 2019","version":"10.0.17763"}},"network":{"direction":"outbound","protocol":"tcp"},"source":{"ip":"192.168.1.100","port":61060},"winlog":{"channel":"Microsoft-Windows-Sysmon/Operational","computer_name":"WIN-ELD82SJR.domain.local","event_id":3,"provider_name":"Microsoft-Windows-Sysmon","record_id":1226788,"task":"Process creation (rule: ProcessCreate)"}}
{"@timestamp":"2023-08-23T02:02:29.796Z","CommandLine":"C:\\Program Files\\Mozilla Firefox\\firefox.exe 4O3IU6FCPU","EventID":1,"Image":"C:\\Program Files\\Mozilla Firefox\\firefox.exe","ParentImage":"C:\\Windows\\System32\\calc.exe","ParentProcessId":804,"ProcessId":4706,"User":"Administrator","agent":{"hostname":"WIN-NLISPON1","type":"winlogbeat","version":"8.5.0"},"ecs":{"version":"8.5.0"},"event":{"action":"Process creation","category":["process"],"code":1,"kind":"event","provider":"Microsoft-Windows-Sysmon","type":["start"]},"host":{"name":"WIN-3RMOYH42","os":{"family":"windows","name":"Windows Server 2019","version":"10.0.17763"}},"process":{"args":["C:\\Program","Files\\Mozilla","Firefox\\firefox.exe","4O3IU6FCPU"],"command_line":"C:\\Program Files\\Mozilla Firefox\\firefox.exe 4O3IU6FCPU","executable":"C:\\Program Files\\Mozilla Firefox\\firefox.exe","name":"firefox.exe","parent":{"executable":"C:\\Windows\\System32\\calc.exe","name":"calc.exe","pid":652},"pid":46728},"user":{"domain":"DOMAIN","name":"Administrator"},"winlog":{"channel":"Microsoft-Windows-Sysmon/Operational","computer_name":"WIN-423REQR4.domain.local","event_id":1,"provider_name":"Microsoft-Windows-Sysmon","record_id":8519389,"task":"Process creation (rule: ProcessCreate)"}}
{"@timestamp":"2023-01-09T21:49:46.947Z","CommandLine":"C:\\Windows\\System32\\powershell.exe 8SVSDPF1VX","EventID":1,"Image":"C:\\Windows\\System32\\powershell.exe","ParentImage":"C:\\Windows\\System32\\powershell.exe","ParentProcessId":677,"ProcessId":50613,"User":"NT AUTHORITY\\SYSTEM","agent":{"hostname":"WIN-XEKBMBM5","type":"winlogbeat","version":"8.5.0"},"ecs":{"version":"8.5.0"},"event":{"action":"Process creation","category":["process"],"code":1,"kind":"event","provider":"Microsoft-Windows-Sysmon","type":["start"]},"host":{"name":"WIN-PMHXQ3HR","os":{"family":"windows","name":"Windows Server 2019","version":"10.0.17763"}},"process":{"args":["C:\\Windows\\System32\\powershell.exe","8SVSDPF1VX"],"command_line":"C:\\Windows\\System32\\powershell.exe 8SVSDPF1VX","executable":"C:\\Windows\\System32\\powershell.exe","name":"powershell.exe","parent":{"executable":"C:\\Windows\\System32\\powershell.exe","name":"powershell.exe","pid":495},"pid":15461},"user":{"domain":"NT AUTHORITY","name":"NT AUTHORITY\\SYSTEM"},"winlog":{"channel":"Microsoft-Windows-Sysmon/Operational","computer_name":"WIN-0BLUFTE1.domain.local","event_id":1,"provider_name":"Microsoft-Windows-Sysmon","record_id":3657029,"task":"Process creation (rule: ProcessCreate)"}}
{"@timestamp":"2023-06-01T07:12:34.320Z","Details":"C:\\temp\\64ESODLT.exe","EventID":13,"Image":"C:\\Program Files\\Mozilla Firefox\\firefox.exe","TargetObject":"HKLM\\SOFTWARE\\Microsoft\\Windows\\CurrentVersion\\Run\\ZBLBQFOUNC","agent":{"hostname":"WIN-Q9DY1I6C","type":"winlogbeat","version":"8.5.0"},"ecs":{"version":"8.5.0"},"event":{"action":"Process creation","category":["process"],"code":13,"kind":"event","provider":"Microsoft-Windows-Sysmon","type":["start"]},"host":{"name":"WIN-OJKN65Q2","os":{"family":"windows","name":"Windows Server 2019","version":"10.0.17763"}},"registry":{"data":{"strings":["C:\\temp\\DX1SAAI0.exe"]},"key":"HKLM\\SOFTWARE\\Microsoft\\Windows\\CurrentVersion\\Run","value":"5TXQ6T3THC"},"winlog":{"channel":"Microsoft-Windows-Sysmon/Operational","computer_name":"WIN-O96NQY9Z.domain.local","event_id":13,"provider_name":"Microsoft-Windows-Sysmon","record_id":5991572,"task":"Process creation (rule: ProcessCreate)"}}
{"@timestamp":"2023-11-16T00:00:22.124Z","CommandLine":"C:\\Windows\\System32\\cmd.exe SPKQB7QMLK","EventID":1,"Image":"C:\\Windows\\System32\\cmd.exe","ParentImage":"C:\\Windows\\System32\\svchost.exe","ParentProcessId":205,"ProcessId":10056,"User":"Administrator","agent":{"hostname":"WIN-6BZVP2JW","type":"winlogbeat","version":"8.5.0"},"ecs":{"version":"8.5.0"},"event":{"action":"Process creation","category":["process"],"code":1,"kind":"event","provider":"Microsoft-Windows-Sysmon","type":["start"]},"host":{"name":"WIN-RXZDIO75","os":{"family":"windows","name":"Windows Server 2019","version":"10.0.17763"}},"process":{"args":["C:\\Windows\\System32\\cmd.exe","SPKQB7QMLK"],"command_line":"C:\\Windows\\System32\\cmd.exe SPKQB7QMLK","executable":"C:\\Windows\\System32\\cmd.exe","name":"cmd.exe","parent":{"executable":"C:\\Windows\\System32\\svchost.exe","name":"svchost.exe","pid":436},"pid":63864},"user":{"domain":"DOMAIN","name":"Administrator"},"winlog":{"channel":"Microsoft-Windows-Sysmon/Operational","computer_name":"WIN-UQCQJCTT.domain.local","event_id":1,"provider_name":"Microsoft-Windows-Sysmon","record_id":7848709,"task":"Process creation (rule: ProcessCreate)"}}
{"@timestamp":"2023-11-15T05:31:06.838Z","CommandLine":"C:\\Program Files\\Mozilla Firefox\\firefox.exe 8IO3ICR0NQ","EventID":1,"Image":"C:\\Program Files\\Mozilla Firefox\\firefox.exe","ParentImage":"C:\\Windows\\System32\\svchost.exe","ParentProcessId":823,"ProcessId":38123,"User":"service_account","agent":{"hostname":"WIN-17BSOYEA","type":"winlogbeat","version":"8.5.0"},"ecs":{"version":"8.5.0"},"event":{"action":"Process creation","category":["process"],"code":1,"kind":"event","provider":"Microsoft-Windows-Sysmon","type":["start"]},"host":{"name":"WIN-66QSVA5B","os":{"family":"windows","name":"Windows Server 2019","version":"10.0.17763"}},"process":{"args":["C:\\Program","Files\\Mozilla","Firefox\\firefox.exe","8IO3ICR0NQ"],"command_line":"C:\\Program Files\\Mozilla Firefox\\firefox.exe 8IO3ICR0NQ","executable":"C:\\Program Files\\Mozilla Firefox\\firefox.exe","name":"firefox.exe","parent":{"executable":"C:\\Windows\\System32\\svchost.exe","name":"svchost.exe","pid":425},"pid":25856},"user":{"domain":"DOMAIN","name":"service_account"},"winlog":{"channel":"Microsoft-Windows-Sysmon/Operational","computer_name":"WIN-IIF1RPRP.domain.local","event_id":1,"provider_name":"Microsoft-Windows-Sysmon","record_id":1558543,"task":"Process creation (rule: ProcessCreate)"}}
{"@timestamp":"2023-02-05T23:51:40.339Z","DestinationIp":"legitimate-service.com","DestinationPort":443,"EventID":3,"Image":"C:\\Windows\\System32\\regsvr32.exe","Protocol":"tcp","SourceIp":"192.168.1.100","SourcePort":63950,"agent":{"hostname":"WIN-BA529FIA","type":"winlogbeat","version":"8.5.0"},"destination":{"ip":"legitimate-service.com","port":443},"ecs":{"version":"8.5.0"},"event":{"action":"Process creation","category":["process"],"code":3,"kind":"event","provider":"Microsoft-Windows-Sysmon","type":["start"]},"host":{"name":"WIN-X70Y7LCB","os":{"family":"windows","name":"Windows Server 2019","version":"10.0.17763"}},"network":{"direction":"outbound","protocol":"tcp"},"source":{"ip":"192.168.1.100","port":63950},"winlog":{"channel":"Microsoft-Windows-Sysmon/Operational","computer_name":"WIN-FJSVPEHU.domain.local","event_id":3,"provider_name":"Microsoft-Windows-Sysmon","record_id":7976408,"task":"Process creation (rule: ProcessCreate)"}}
{"@timestamp":"2023-07-27T20:43:26.479Z","CommandLine":"C:\\Program Files (x86)\\Microsoft\\Edge\\Application\\msedge.exe H22XRWBZYH","EventID":1,"Image":"C:\\Program Files (x86)\\Microsoft\\Edge\\Application\\msedge.exe","ParentImage":"C:\\Windows\\System32\\cscript.exe","ParentProcessId":535,"ProcessId":30383,"User":"john.doe","agent":{"hostname":"WIN-R3E7L989","type":"winlogbeat","version":"8.5.0"},"ecs":{"version":"8.5.0"},"event":{"action":"Process creation","category":["process"],"code":1,"kind":"event","provider":"Microsoft-Windows-Sysmon","type":["start"]},"host":{"name":"WIN-70L67PAF","os":{"family":"windows","name":"Windows Server 2019","version":"10.0.17763"}},"process":{"args":["C:\\Program","Files","(x86)\\Microsoft\\Edge\\Application\\msedge.exe","H22XRWBZYH"],"command_line":"C:\\Program Files (x86)\\Microsoft\\Edge\\Application\\msedge.exe H22XRWBZYH","executable":"C:\\Program Files (x86)\\Microsoft\\Edge\\Application\\msedge.exe","name":"msedge.exe","parent":{"executable":"C:\\Windows\\System32\\cscript.exe","name":"cscript.exe","pid":768},"pid":56109},"user":{"domain":"DOMAIN","name":"john.doe"},"winlog":{"channel":"Microsoft-Windows-Sysmon/Operational","computer_name":"WIN-P6P6G0I6.domain.local","event_id":1,"provider_name":"Microsoft-Windows-Sysmon","record_id":2011811,"task":"Process creation (rule: ProcessCreate)"}}
{"@timestamp":"2023-01-12T06:53:54.827Z","CommandLine":"C:\\Windows\\System32\\notepad.exe document.txt","EventID":1,"Image":"C:\\Windows\\System32\\notepad.exe","ParentImage":"C:\\Windows\\System32\\services.exe","ParentProcessId":526,"ProcessId":44807,"User":"user","agent":{"hostname":"WIN-SAIIVDT1","type":"winlogbeat","version":"8.5.0"},"ecs":{"version":"8.5.0"},"event":{"action":"Process creation","category":["process"],"code":1,"kind":"event","provider":"Microsoft-Windows-Sysmon","type":["start"]},"host":{"name":"WIN-7FEG002K","os":{"family":"windows","name":"Windows Server 2019","version":"10.0.17763"}},"process":{"args":["C:\\Windows\\System32\\notepad.exe","document.txt"],"command_line":"C:\\Windows\\System32\\notepad.exe document.txt","executable":"C:\\Windows\\System32\\notepad.exe","name":"notepad.exe","parent":{"executable":"C:\\Windows\\System32\\services.exe","name":"services.exe","pid":836},"pid":32492},"user":{"domain":"DOMAIN","name":"user"},"winlog":{"channel":"Microsoft-Windows-Sysmon/Operational","computer_name":"WIN-L5D8RK9G.domain.local","event_id":1,"provider_name":"Microsoft-Windows-Sysmon","record_id":7205215,"task":"Process creation (rule: ProcessCreate)"}}
{"@timestamp":"2023-02-25T00:45:13.287Z","Details":"C:\\temp\\Z8BB1C5C.exe","EventID":13,"Image":"C:\\Windows\\System32\\services.exe","TargetObject":"HKLM\\SYSTEM\\CurrentControlSet\\Services\\8KDNJUFSI0","agent":{"hostname":"WIN-N5V5NN73","type":"winlogbeat","version":"8.5.0"},"ecs":{"version":"8.5.0"},"event":{"action":"Process creation","category":["process"],"code":13,"kind":"event","provider":"Microsoft-Windows-Sysmon","type":["start"]},"host":{"name":"WIN-N4116FAV","os":{"family":"windows","name":"Windows Server 2019","version":"10.0.17763"}},"registry":{"data":{"strings":["C:\\temp\\AXI14GCT.exe"]},"key":"HKLM\\SYSTEM\\CurrentControlSet\\Services","value":"DV0UOX2G0E"},"winlog":{"channel":"Microsoft-Windows-Sysmon/Operational","computer_name":"WIN-0ACQ08T0.domain.local","event_id":13,"provider_name":"Microsoft-Windows-Sysmon","record_id":9331397,"task":"Process creation (rule: ProcessCreate)"}}
{"@timestamp":"2023-08-16T16:40:25.781Z","Details":"C:\\temp\\2J7H903A.exe","EventID":13,"Image":"C:\\Windows\\System32\\lsass.exe","TargetObject":"HKLM\\SOFTWARE\\Microsoft\\Windows\\CurrentVersion\\Run\\1YFEIVEXQP","agent":{"hostname":"WIN-W5G29P5V","type":"winlogbeat","version":"8.5.0"},"ecs":{"version":"8.5.0"},"event":{"action":"Process creation","category":["process"],"code":13,"kind":"event","provider":"Microsoft-Windows-Sysmon","type":["start"]},"host":{"name":"WIN-NCO35QX0","os":{"family":"windows","name":"Windows Server 2019","version":"10.0.17763"}},"registry":{"data":{"strings":["C:\\temp\\X9ISP3YS.exe"]},"key":"HKLM\\SOFTWARE\\Microsoft\\Windows\\CurrentVersion\\Run","value":"1D0ZL3830Y"},"winlog":{"channel":"Microsoft-Windows-Sysmon/Operational","computer_name":"WIN-Q3AX0B93.domain.local","event_id":13,"provider_name":"Microsoft-Windows-Sysmon","record_id":1767402,"task":"Process creation (rule: ProcessCreate)"}}
{"@timestamp":"2023-09-19T03:50:26.747Z","Details":"C:\\temp\\HEEPX8GA.exe","EventID":13,"Image":"C:\\Windows\\System32\\rundll32.exe","TargetObject":"HKLM\\SOFTWARE\\Classes\\exefile\\shell\\open\\command\\X1H6T897RP","agent":{"hostname":"WIN-YEXZ3XJZ","type":"winlogbeat","version":"8.5.0"},"ecs":{"version":"8.5.0"},"event":{"action":"Process creation","category":["process"],"code":13,"kind":"event","provider":"Microsoft-Windows-Sysmon","type":["start"]},"host":{"name":"WIN-AS9HY67X","os":{"family":"windows","name":"Windows Server 2019","version":"10.0.17763"}},"registry":{"data":{"strings":["C:\\temp\\I3YFTQ9Q.exe"]},"key":"HKLM\\SOFTWARE\\Classes\\exefile\\shell\\open\\command","value":"GLI8YPKLNA"},"winlog":{"channel":"Microsoft-Windows-Sysmon/Operational","computer_name":"WIN-ATUIGD7Z.domain.local","event_id":13,"provider_name":"Microsoft-Windows-Sysmon","record_id":5755622,"task":"Process creation (rule: ProcessCreate)"}}
{"@timestamp":"2023-01-20T00:21:55.640Z","DestinationIp":"suspicious-site.net","DestinationPort":80,"EventID":3,"Image":"C:\\Windows\\System32\\powershell.exe","Protocol":"tcp","SourceIp":"192.168.1.100","SourcePort":58332,"agent":{"hostname":"WIN-POJT5V23","type":"winlogbeat","version":"8.5.0"},"destination":{"ip":"suspicious-site.net","port":80},"ecs":{"version":"8.5.0"},"event":{"action":"Process creation","category":["process"],"code":3,"kind":"event","provider":"Microsoft-Windows-Sysmon","type":["start"]},"host":{"name":"WIN-QJGN7CK4","os":{"family":"windows","name":"Windows Server 2019","version":"10.0.17763"}},"network":{"direction":"outbound","protocol":"tcp"},"source":{"ip":"192.168.1.100","port":58332},"winlog":{"channel":"Microsoft-Windows-Sysmon/Operational","computer_name":"WIN-4RBQKTBM.domain.local","event_id":3,"provider_name":"Microsoft-Windows-Sysmon","record_id":2780646,"task":"Process creation (rule: ProcessCreate)"}}
{"@timestamp":"2023-04-03T03:01:12.866Z","DestinationIp":"suspicious-site.net","DestinationPort":3389,"EventID":3,"Image":"C:\\Windows\\System32\\wininit.exe","Protocol":"tcp","SourceIp":"192.168.1.100","SourcePort":64534,"agent":{"hostname":"WIN-BFJB78ON","type":"winlogbeat","version":"8.5.0"},"destination":{"ip":"suspicious-site.net","port":3389},"ecs":{"version":"8.5.0"},"event":{"action":"Process creation","category":["process"],"code":3,"kind":"event","provider":"Microsoft-Windows-Sysmon","type":["start"]},"host":{"name":"WIN-33MK5FWG","os":{"family":"windows","name":"Windows Server 2019","version":"10.0.17763"}},"network":{"direction":"outbound","protocol":"tcp"},"source":{"ip":"192.168.1.100","port":64534},"winlog":{"channel":"Microsoft-Windows-Sysmon/Operational","computer_name":"WIN-Z0AFP9L7.domain.local","event_id":3,"provider_name":"Microsoft-Windows-Sysmon","record_id":7692008,"task":"Process creation (rule: ProcessCreate)"}}
{"@timestamp":"2023-01-27T00:36:25.690Z","EventID":17,"Image":"C:\\Windows\\System32\\services.exe","PipeName":"\\pipe\\wkssvc","agent":{"hostname":"WIN-BE7K8WUU","type":"winlogbeat","version":"8.5.0"},"ecs":{"version":"8.5.0"},"event":{"action":"Process creation","category":["process"],"code":17,"kind":"event","provider":"Microsoft-Windows-Sysmon","type":["start"]},"host":{"name":"WIN-UN896IK9","os":{"family":"windows","name":"Windows Server 2019","version":"10.0.17763"}},"winlog":{"channel":"Microsoft-Windows-Sysmon/Operational","computer_name":"WIN-K2OCTC89.domain.local","event_id":17,"provider_name":"Microsoft-Windows-Sysmon","record_id":1672560,"task":"Process creation (rule: ProcessCreate)"}}
{"@timestamp":"2023-07-06T05:07:38.575Z","CommandLine":"C:\\Program Files\\Mozilla Firefox\\firefox.exe C33W4SWCHX","EventID":1,"Image":"C:\\Program Files\\Mozilla Firefox\\firefox.exe","ParentImage":"C:\\Program Files\\Mozilla Firefox\\firefox.exe","ParentProcessId":596,"ProcessId":5202,"User":"Administrator","agent":{"hostname":"WIN-GA00EXUV","type":"winlogbeat","version":"8.5.0"},"ecs":{"version":"8.5.0"},"event":{"action":"Process creation","category":["process"],"code":1,"kind":"event","provider":"Microsoft-Windows-Sysmon","type":["start"]},"host":{"name":"WIN-DFFQVIAN","os":{"family":"windows","name":"Windows Server 2019","version":"10.0.17763"}},"process":{"args":["C:\\Program","Files\\Mozilla","Firefox\\firefox.exe","C33W4SWCHX"],"command_line":"C:\\Program Files\\Mozilla Firefox\\firefox.exe C33W4SWCHX","executable":"C:\\Program Files\\Mozilla Firefox\\firefox.exe","name":"firefox.exe","parent":{"executable":"C:\\Program Files\\Mozilla Firefox\\firefox.exe","name":"firefox.exe","pid":290},"pid":23107},"user":{"domain":"DOMAIN","name":"Administrator"},"winlog":{"channel":"Microsoft-Windows-Sysmon/Operational","computer_name":"WIN-3F0WDROS.domain.local","event_id":1,"provider_name":"Microsoft-Windows-Sysmon","record_id":6061331,"task":"Process creation (rule: ProcessCreate)"}}
{"@timestamp":"2023-11-04T02:24:43.185Z","DestinationIp":"legitimate-service.com","DestinationPort":3389,"EventID":3,"Image":"C:\\Windows\\System32\\taskmgr.exe","Protocol":"tcp","SourceIp":"192.168.1.100","SourcePort":54247,"agent":{"hostname":"WIN-7CLO435X","type":"winlogbeat","version":"8.5.0"},"destination":{"ip":"legitimate-service.com","port":3389},"ecs":{"version":"8.5.0"},"event":{"action":"Process creation","category":["process"],"code":3,"kind":"event","provider":"Microsoft-Windows-Sysmon","type":["start"]},"host":{"name":"WIN-R2BDL300","os":{"family":"windows","name":"Windows Server 2019","version":"10.0.17763"}},"network":{"direction":"outbound","protocol":"tcp"},"source":{"ip":"192.168.1.100","port":54247},"winlog":{"channel":"Microsoft-Windows-Sysmon/Operational","computer_name":"WIN-LLTJ1QMY.domain.local","event_id":3,"provider_name":"Microsoft-Windows-Sysmon","record_id":9343517,"task":"Process creation (rule: ProcessCreate)"}}
{"@timestamp":"2023-06-23T09:16:51.128Z","CommandLine":"C:\\Program Files\\Google\\Chrome\\Application\\chrome.exe --new-tab https://example.com","EventID":1,"Image":"C:\\Program Files\\Google\\Chrome\\Application\\chrome.exe","ParentImage":"C:\\Windows\\System32\\wscript.exe","ParentProcessId":512,"ProcessId":30983,"User":"DefaultAccount","agent":{"hostname":"WIN-D5QZ76LV","type":"winlogbeat","version":"8.5.0"},"ecs":{"version":"8.5.0"},"event":{"action":"Process creation","category":["process"],"code":1,"kind":"event","provider":"Microsoft-Windows-Sysmon","type":["start"]},"host":{"name":"WIN-26A8EAZQ","os":{"family":"windows","name":"Windows Server 2019","version":"10.0.17763"}},"process":{"args":["C:\\Program","Files\\Google\\Chrome\\Application\\chrome.exe","--new-tab","https://example.com"],"command_line":"C:\\Program Files\\Google\\Chrome\\Application\\chrome.exe --new-tab https://example.com","executable":"C:\\Program Files\\Google\\Chrome\\Application\\chrome.exe","name":"chrome.exe","parent":{"executable":"C:\\Windows\\System32\\wscript.exe","name":"wscript.exe","pid":191},"pid":3733},"user":{"domain":"DOMAIN","name":"DefaultAccount"},"winlog":{"channel":"Microsoft-Windows-Sysmon/Operational","computer_name":"WIN-HPR3DSZU.domain.local","event_id":1,"provider_name":"Microsoft-Windows-Sysmon","record_id":6126632,"task":"Process creation (rule: ProcessCreate)"}}
{"@timestamp":"2023-05-15T12:38:34.924Z","CommandLine":"C:\\Windows\\System32\\notepad.exe document.txt","EventID":1,"Image":"C:\\Windows\\System32\\notepad.exe","ParentImage":"C:\\Windows\\System32\\mshta.exe","ParentProcessId":534,"ProcessId":43490,"User":"admin","agent":{"hostname":"WIN-HQ3I2MOA","type":"winlogbeat","version":"8.5.0"},"ecs":{"version":"8.5.0"},"event":{"action":"Process creation","category":["process"],"code":1,"kind":"event","provider":"Microsoft-Windows-Sysmon","type":["start"]},"host":{"name":"WIN-E4ES96B7","os":{"family":"windows","name":"Windows Server 2019","version":"10.0.17763"}},"process":{"args":["C:\\Windows\\System32\\notepad.exe","document.txt"],"command_line":"C:\\Windows\\System32\\notepad.exe document.txt","executable":"C:\\Windows\\System32\\notepad.exe","name":"notepad.exe","parent":{"executable":"C:\\Windows\\System32\\mshta.exe","name":"mshta.exe","pid":913},"pid":9312},"user":{"domain":"DOMAIN","name":"admin"},"winlog":{"channel":"Microsoft-Windows-Sysmon/Operational","computer_name":"WIN-DBVMQBPD.domain.local","event_id":1,"provider_name":"Microsoft-Windows-Sysmon","record_id":2331357,"task":"Process creation (rule: ProcessCreate)"}}
{"@timestamp":"2023-04-10T07:05:03.252Z","CommandLine":"C:\\Windows\\System32\\wscript.exe WIP9D2A63Y","EventID":1,"Image":"C:\\Windows\\System32\\wscript.exe","ParentImage":"C:\\Windows\\System32\\powershell.exe","ParentProcessId":465,"ProcessId":29580,"User":"DefaultAccount","agent":{"hostname":"WIN-J3O7PGGZ","type":"winlogbeat","version":"8.5.0"},"ecs":{"version":"8.5.0"},"event":{"action":"Process creation","category":["process"],"code":1,"kind":"event","provider":"Microsoft-Windows-Sysmon","type":["start"]},"host":{"name":"WIN-SJW2A86C","os":{"family":"windows","name":"Windows Server 2019","version":"10.0.17763"}},"process":{"args":["C:\\Windows\\System32\\wscript.exe","WIP9D2A63Y"],"command_line":"C:\\Windows\\System32\\wscript.exe WIP9D2A63Y","executable":"C:\\Windows\\System32\\wscript.exe","name":"wscript.exe","parent":{"executable":"C:\\Windows\\System32\\powershell.exe","name":"powershell.exe","pid":549},"pid":15898},"user":{"domain":"DOMAIN","name":"DefaultAccount"},"winlog":{"channel":"Microsoft-Windows-Sysmon/Operational","computer_name":"WIN-L13WZMWE.domain.local","event_id":1,"provider_name":"Microsoft-Windows-Sysmon","record_id":4047113,"task":"Process creation (rule: ProcessCreate)"}}
{"@timestamp":"2023-11-18T15:16:52.794Z","DestinationIp":"172.16.0.10","DestinationPort":139,"EventID":3,"Image":"C:\\Windows\\System32\\lsass.exe","Protocol":"tcp","SourceIp":"192.168.1.100","SourcePort":61382,"agent":{"hostname":"WIN-7FRGZPFR","type":"winlogbeat","version":"8.5.0"},"destination":{"ip":"172.16.0.10","port":139},"ecs":{"version":"8.5.0"},"event":{"action":"Process creation","category":["process"],"code":3,"kind":"event","provider":"Microsoft-Windows-Sysmon","type":["start"]},"host":{"name":"WIN-GVTRW5ZV","os":{"family":"windows","name":"Windows Server 2019","version":"10.0.17763"}},"network":{"direction":"outbound","protocol":"tcp"},"source":{"ip":"192.168.1.100","port":61382},"winlog":{"channel":"Microsoft-Windows-Sysmon/Operational","computer_name":"WIN-OFN7NDZU.domain.local","event_id":3,"provider_name":"Microsoft-Windows-Sysmon","record_id":6234565,"task":"Process creation (rule: ProcessCreate)"}}
{"@timestamp":"2023-04-01T13:18:42.766Z","CommandLine":"C:\\Windows\\System32\\wscript.exe YTAXSMOJ8Z","EventID":1,"Image":"C:\\Windows\\System32\\wscript.exe","ParentImage":"C:\\Windows\\System32\\lsass.exe","ParentProcessId":664,"ProcessId":31208,"User":"user","agent":{"hostname":"WIN-HL4ZG7G2","type":"winlogbeat","version":"8.5.0"},"ecs":{"version":"8.5.0"},"event":{"action":"Process creation","category":["process"],"code":1,"kind":"event","provider":"Microsoft-Windows-Sysmon","type":["start"]},"host":{"name":"WIN-FOMHC7U7","os":{"family":"windows","name":"Windows Server 2019","version":"10.0.17763"}},"process":{"args":["C:\\Windows\\System32\\wscript.exe","YTAXSMOJ8Z"],"command_line":"C:\\Windows\\System32\\wscript.exe YTAXSMOJ8Z","executable":"C:\\Windows\\System32\\wscript.exe","name":"wscript.exe","parent":{"executable":"C:\\Windows\\System32\\lsass.exe","name":"lsass.exe","pid":680},"pid":27601},"user":{"domain":"DOMAIN","name":"user"},"winlog":{"channel":"Microsoft-Windows-Sysmon/Operational","computer_name":"WIN-DBXCBCRL.domain.local","event_id":1,"provider_name":"Microsoft-Windows-Sysmon","record_id":4509862,"task":"Process creation (rule: ProcessCreate)"}}
{"@timestamp":"2023-03-14T03:56:12.838Z","CommandLine":"C:\\Windows\\System32\\cscript.exe NIDUFV0VAX","EventID":1,"Image":"C:\\Windows\\System32\\cscript.exe","ParentImage":"C:\\Windows\\System32\\lsass.exe","ParentProcessId":274,"ProcessId":25792,"User":"user","agent":{"hostname":"WIN-6GS5XU1A","type":"winlogbeat","version":"8.5.0"},"ecs":{"version":"8.5.0"},"event":{"action":"Process creation","category":["process"],"code":1,"kind":"event","provider":"Microsoft-Windows-Sysmon","type":["start"]},"host":{"name":"WIN-BFEICSTB","os":{"family":"windows","name":"Windows Server 2019","version":"10.0.17763"}},"process":{"args":["C:\\Windows\\System32\\cscript.exe","NIDUFV0VAX"],"command_line":"C:\\Windows\\System32\\cscript.exe NIDUFV0VAX","executable":"C:\\Windows\\System32\\cscript.exe","name":"cscript.exe","parent":{"executable":"C:\\Windows\\System32\\lsass.exe","name":"lsass.exe","pid":933},"pid":11804},"user":{"domain":"DOMAIN","name":"user"},"winlog":{"channel":"Microsoft-Windows-Sysmon/Operational","computer_name":"WIN-RC6EUBVV.domain.local","event_id":1,"provider_name":"Microsoft-Windows-Sysmon","record_id":5131741,"task":"Process creation (rule: ProcessCreate)"}}
{"@timestamp":"2023-03-24T13:42:01.440Z","CommandLine":"C:\\Windows\\System32\\cscript.exe 1XS268EII4","EventID":1,"Image":"C:\\Windows\\System32\\cscript.exe","ParentImage":"C:\\Windows\\System32\\cmd.exe","ParentProcessId":259,"ProcessId":4449,"User":"NT AUTHORITY\\SYSTEM","agent":{"hostname":"WIN-7G2T5D7A","type":"winlogbeat","version":"8.5.0"},"ecs":{"version":"8.5.0"},"event":{"action":"Process creation","category":["process"],"code":1,"kind":"event","provider":"Microsoft-Windows-Sysmon","type":["start"]},"host":{"name":"WIN-NTPD98JC","os":{"family":"windows","name":"Windows Server 2019","version":"10.0.17763"}},"process":{"args":["C:\\Windows\\System32\\cscript.exe","1XS268EII4"],"command_line":"C:\\Windows\\System32\\cscript.exe 1XS268EII4","executable":"C:\\Windows\\System32\\cscript.exe","name":"cscript.exe","parent":{"executable":"C:\\Windows\\System32\\cmd.exe","name":"cmd.exe","pid":243},"pid":2953},"user":{"domain":"NT AUTHORITY","name":"NT AUTHORITY\\SYSTEM"},"winlog":{"channel":"Microsoft-Windows-Sysmon/Operational","computer_name":"WIN-3PWUHEKW.domain.local","event_id":1,"provider_name":"Microsoft-Windows-Sysmon","record_id":2260865,"task":"Process creation (rule: ProcessCreate)"}}
{"@timestamp":"2023-03-13T05:41:14.719Z","Details":"C:\\temp\\0XPY0PBQ.exe","EventID":13,"Image":"C:\\Windows\\System32\\lsass.exe","TargetObject":"HKLM\\SOFTWARE\\Microsoft\\Windows\\CurrentVersion\\Run\\PTW15HD2J8","agent":{"hostname":"WIN-LOPDR5Z6","type":"winlogbeat","version":"8.5.0"},"ecs":{"version":"8.5.0"},"event":{"action":"Process creation","category":["process"],"code":13,"kind":"event","provider":"Microsoft-Windows-Sysmon","type":["start"]},"host":{"name":"WIN-LXWQR6B0","os":{"family":"windows","name":"Windows Server 2019","version":"10.0.17763"}},"registry":{"data":{"strings":["C:\\temp\\C4MLB3WQ.exe"]},"key":"HKLM\\SOFTWARE\\Microsoft\\Windows\\CurrentVersion\\Run","value":"0FPWRSRM1J"},"winlog":{"channel":"Microsoft-Windows-Sysmon/Operational","computer_name":"WIN-XC8Y1OA1.domain.local","event_id":13,"provider_name":"Microsoft-Windows-Sysmon","record_id":7872437,"task":"Process creation (rule: ProcessCreate)"}}
{"@timestamp":"2023-07-22T17:26:10.221Z","CommandLine":"C:\\Windows\\System32\\regsvr32.exe PUCRB9T3E1","EventID":1,"Image":"C:\\Windows\\System32\\regsvr32.exe","ParentImage":"C:\\Windows\\System32\\wscript.exe","ParentProcessId":432,"ProcessId":63241,"User":"DefaultAccount","agent":{"hostname":"WIN-BNPBNZBR","type":"winlogbeat","version":"8.5.0"},"ecs":{"version":"8.5.0"},"event":{"action":"Process creation","category":["process"],"code":1,"kind":"event","provider":"Microsoft-Windows-Sysmon","type":["start"]},"host":{"name":"WIN-JR1OAF9S","os":{"family":"windows","name":"Windows Server 2019","version":"10.0.17763"}},"process":{"args":["C:\\Windows\\System32\\regsvr32.exe","PUCRB9T3E1"],"command_line":"C:\\Windows\\System32\\regsvr32.exe PUCRB9T3E1","executable":"C:\\Windows\\System32\\regsvr32.exe","name":"regsvr32.exe","parent":{"executable":"C:\\Windows\\System32\\wscript.exe","name":"wscript.exe","pid":796},"pid":31217},"user":{"domain":"DOMAIN","name":"DefaultAccount"},"winlog":{"channel":"Microsoft-Windows-Sysmon/Operational","computer_name":"WIN-TMQ3G28K.domain.local","event_id":1,"provider_name":"Microsoft-Windows-Sysmon","record_id":7790480,"task":"Process creation (rule: ProcessCreate)"}}
{"@timestamp":"2023-01-23T02:47:39.817Z","CommandLine":"C:\\Windows\\System32\\WindowsPowerShell\\v1.0\\powershell.exe PPLW1UOBQX","EventID":1,"Image":"C:\\Windows\\System32\\WindowsPowerShell\\v1.0\\powershell.exe","ParentImage":"C:\\Windows\\System32\\cmd.exe","ParentProcessId":636,"ProcessId":4662,"User":"DefaultAccount","agent":{"hostname":"WIN-Q275GQP8","type":"winlogbeat","version":"8.5.0"},"ecs":{"version":"8.5.0"},"event":{"action":"Process creation","category":["process"],"code":1,"kind":"event","provider":"Microsoft-Windows-Sysmon","type":["start"]},"host":{"name":"WIN-WQF2B3EZ","os":{"family":"windows","name":"Windows Server 2019","version":"10.0.17763"}},"process":{"args":["C:\\Windows\\System32\\WindowsPowerShell\\v1.0\\powershell.exe","PPLW1UOBQX"],"command_line":"C:\\Windows\\System32\\WindowsPowerShell\\v1.0\\powershell.exe PPLW1UOBQX","executable":"C:\\Windows\\System32\\WindowsPowerShell\\v1.0\\powershell.exe","name":"powershell.exe","parent":{"executable":"C:\\Windows\\System32\\cmd.exe","name":"cmd.exe","pid":238},"pid":22888},"user":{"domain":"DOMAIN","name":"DefaultAccount"},"winlog":{"channel":"Microsoft-Windows-Sysmon/Operational","computer_name":"WIN-0GUSLAT7.domain.local","event_id":1,"provider_name":"Microsoft-Windows-Sysmon","record_id":5011570,"task":"Process creation (rule: ProcessCreate)"}}
{"@timestamp":"2023-08-08T04:33:59.447Z","CommandLine":"C:\\Windows\\System32\\services.exe O5NX6C1XRP","EventID":1,"Image":"C:\\Windows\\System32\\services.exe","ParentImage":"C:\\Windows\\System32\\explorer.exe","ParentProcessId":641,"ProcessId":17030,"User":"NT AUTHORITY\\NETWORK SERVICE","agent":{"hostname":"WIN-RL0NBHBY","type":"winlogbeat","version":"8.5.0"},"ecs":{"version":"8.5.0"},"event":{"action":"Process creation","category":["process"],"code":1,"kind":"event","provider":"Microsoft-Windows-Sysmon","type":["start"]},"host":{"name":"WIN-BX6TWDQZ","os":{"family":"windows","name":"Windows Server 2019","version":"10.0.17763"}},"process":{"args":["C:\\Windows\\System32\\services.exe","O5NX6C1XRP"],"command_line":"C:\\Windows\\System32\\services.exe O5NX6C1XRP","executable":"C:\\Windows\\System32\\services.exe","name":"services.exe","parent":{"executable":"C:\\Windows\\System32\\explorer.exe","name":"explorer.exe","pid":924},"pid":19678},"user":{"domain":"NT AUTHORITY","name":"NT AUTHORITY\\NETWORK SERVICE"},"winlog":{"channel":"Microsoft-Windows-Sysmon/Operational","computer_name":"WIN-UXYG6HSU.domain.local","event_id":1,"provider_name":"Microsoft-Windows-Sysmon","record_id":5242582,"task":"Process creation (rule: ProcessCreate)"}}
{"@timestamp":"2023-11-27T17:35:19.109Z","CommandLine":"C:\\Windows\\System32\\winlogon.exe 1SCHN9MICY","EventID":1,"Image":"C:\\Windows\\System32\\winlogon.exe","ParentImage":"C:\\Windows\\System32\\notepad.exe","ParentProcessId":121,"ProcessId":17725,"User":"user","agent":{"hostname":"WIN-2WNQA371","type":"winlogbeat","version":"8.5.0"},"ecs":{"version":"8.5.0"},"event":{"action":"Process creation","category":["process"],"code":1,"kind":"event","provider":"Microsoft-Windows-Sysmon","type":["start"]},"host":{"name":"WIN-4JYQAM60","os":{"family":"windows","name":"Windows Server 2019","version":"10.0.17763"}},"process":{"args":["C:\\Windows\\System32\\winlogon.exe","1SCHN9MICY"],"command_line":"C:\\Windows\\System32\\winlogon.exe 1SCHN9MICY","executable":"C:\\Windows\\System32\\winlogon.exe","name":"winlogon.exe","parent":{"executable":"C:\\Windows\\System32\\notepad.exe","name":"notepad.exe","pid":651},"pid":9811},"user":{"domain":"DOMAIN","name":"user"},"winlog":{"channel":"Microsoft-Windows-Sysmon/Operational","computer_name":"WIN-H8JWQHLZ.domain.local","event_id":1,"provider_name":"Microsoft-Windows-Sysmon","record_id":7457214,"task":"Process creation (rule: ProcessCreate)"}}
{"@timestamp":"2023-06-03T12:18:25.579Z","CommandLine":"C:\\Windows\\System32\\mshta.exe YCGBFSAE84","EventID":1,"Image":"C:\\Windows\\System32\\mshta.exe","ParentImage":"C:\\Program Files\\Google\\Chrome\\Application\\chrome.exe","ParentProcessId":203,"ProcessId":48719,"User":"jane.smith","agent":{"hostname":"WIN-MV38NX1D","type":"winlogbeat","version":"8.5.0"},"ecs":{"version":"8.5.0"},"event":{"action":"Process creation","category":["process"],"code":1,"kind":"event","provider":"Microsoft-Windows-Sysmon","type":["start"]},"host":{"name":"WIN-KCS35WQA","os":{"family":"windows","name":"Windows Server 2019","version":"10.0.17763"}},"process":{"args":["C:\\Windows\\System32\\mshta.exe","YCGBFSAE84"],"command_line":"C:\\Windows\\System32\\mshta.exe YCGBFSAE84","executable":"C:\\Windows\\System32\\mshta.exe","name":"mshta.exe","parent":{"executable":"C:\\Program Files\\Google\\Chrome\\Application\\chrome.exe","name":"chrome.exe","pid":642},"pid":36387},"user":{"domain":"DOMAIN","name":"jane.smith"},"winlog":{"channel":"Microsoft-Windows-Sysmon/Operational","computer_name":"WIN-CVUSV6KM.domain.local","event_id":1,"provider_name":"Microsoft-Windows-Sysmon","record_id":7689931,"task":"Process creation (rule: ProcessCreate)"}}
{"@timestamp":"2023-05-05T20:49:23.624Z","EventID":17,"Image":"C:\\Windows\\System32\\regsvr32.exe","PipeName":"\\pipe\\mojo.5846.B24GD6SR","agent":{"hostname":"WIN-C0ZSBGCP","type":"winlogbeat","version":"8.5.0"},"ecs":{"version":"8.5.0"},"event":{"action":"Process creation","category":["process"],"code":17,"kind":"event","provider":"Microsoft-Windows-Sysmon","type":["start"]},"host":{"name":"WIN-0ZA98HBM","os":{"family":"windows","name":"Windows Server 2019","version":"10.0.17763"}},"winlog":{"channel":"Microsoft-Windows-Sysmon/Operational","computer_name":"WIN-WBPICDK1.domain.local","event_id":17,"provider_name":"Microsoft-Windows-Sysmon","record_id":1239300,"task":"Process creation (rule: ProcessCreate)"}}
{"@timestamp":"2023-08-21T22:30:44.358Z","DestinationIp":"malicious-domain.com","DestinationPort":445,"EventID":3,"Image":"C:\\Windows\\System32\\mshta.exe","Protocol":"tcp","SourceIp":"192.168.1.100","SourcePort":55942,"agent":{"hostname":"WIN-EAES3XRH","type":"winlogbeat","version":"8.5.0"},"destination":{"ip":"malicious-domain.com","port":445},"ecs":{"version":"8.5.0"},"event":{"action":"Process creation","category":["process"],"code":3,"kind":"event","provider":"Microsoft-Windows-Sysmon","type":["start"]},"host":{"name":"WIN-ME3RPZ5O","os":{"family":"windows","name":"Windows Server 2019","version":"10.0.17763"}},"network":{"direction":"outbound","protocol":"tcp"},"source":{"ip":"192.168.1.100","port":55942},"winlog":{"channel":"Microsoft-Windows-Sysmon/Operational","computer_name":"WIN-JP6FS6YE.domain.local","event_id":3,"provider_name":"Microsoft-Windows-Sysmon","record_id":3527822,"task":"Process creation (rule: ProcessCreate)"}}
{"@timestamp":"2023-04-24T08:03:07.493Z","Details":"C:\\temp\\XSRDOCKJ.exe","EventID":13,"Image":"C:\\Windows\\System32\\lsass.exe","TargetObject":"HKLM\\SOFTWARE\\Microsoft\\Windows\\CurrentVersion\\Run\\CTITUT9I8R","agent":{"hostname":"WIN-AGEN8NQB","type":"winlogbeat","version":"8.5.0"},"ecs":{"version":"8.5.0"},"event":{"action":"Process creation","category":["process"],"code":13,"kind":"event","provider":"Microsoft-Windows-Sysmon","type":["start"]},"host":{"name":"WIN-7VON9693","os":{"family":"windows","name":"Windows Server 2019","version":"10.0.17763"}},"registry":{"data":{"strings":["C:\\temp\\ECN7RNMW.exe"]},"key":"HKLM\\SOFTWARE\\Microsoft\\Windows\\CurrentVersion\\Run","value":"YGAAYZQGFN"},"winlog":{"channel":"Microsoft-Windows-Sysmon/Operational","computer_name":"WIN-95T0FDA2.domain.local","event_id":13,"provider_name":"Microsoft-Windows-Sysmon","record_id":5870934,"task":"Process creation (rule: ProcessCreate)"}}
{"@timestamp":"2023-12-17T04:11:11.439Z","CommandLine":"C:\\Program Files\\Mozilla Firefox\\firefox.exe TU3M13TMIY","EventID":1,"Image":"C:\\Program Files\\Mozilla Firefox\\firefox.exe","ParentImage":"C:\\Windows\\System32\\services.exe","ParentProcessId":780,"ProcessId":45150,"User":"jane.smith","agent":{"hostname":"WIN-5ZCUNR21","type":"winlogbeat","version":"8.5.0"},"ecs":{"version":"8.5.0"},"event":{"action":"Process creation","category":["process"],"code":1,"kind":"event","provider":"Microsoft-Windows-Sysmon","type":["start"]},"host":{"name":"WIN-08SA2MI6","os":{"family":"windows","name":"Windows Server 2019","version":"10.0.17763"}},"process":{"args":["C:\\Program","Files\\Mozilla","Firefox\\firefox.exe","TU3M13TMIY"],"command_line":"C:\\Program Files\\Mozilla Firefox\\firefox.exe TU3M13TMIY","executable":"C:\\Program Files\\Mozilla Firefox\\firefox.exe","name":"firefox.exe","parent":{"executable":"C:\\Windows\\System32\\services.exe","name":"services.exe","pid":974},"pid":44835},"user":{"domain":"DOMAIN","name":"jane.smith"},"winlog":{"channel":"Microsoft-Windows-Sysmon/Operational","computer_name":"WIN-6YTJT2A6.domain.local","event_id":1,"provider_name":"Microsoft-Windows-Sysmon","record_id":5878329,"task":"Process creation (rule: ProcessCreate)"}}
{"@timestamp":"2023-01-06T18:21:29.481Z","Details":"C:\\temp\\D0U733SB.exe","EventID":13,"Image":"C:\\Windows\\System32\\regsvr32.exe","TargetObject":"HKLM\\SYSTEM\\CurrentControlSet\\Services\\RR0L538JLS","agent":{"hostname":"WIN-HT8XWIWF","type":"winlogbeat","version":"8.5.0"},"ecs":{"version":"8.5.0"},"event":{"action":"Process creation","category":["process"],"code":13,"kind":"event","provider":"Microsoft-Windows-Sysmon","type":["start"]},"host":{"name":"WIN-9T9KFBPU","os":{"family":"windows","name":"Windows Server 2019","version":"10.0.17763"}},"registry":{"data":{"strings":["C:\\temp\\MZ9UFR5O.exe"]},"key":"HKLM\\SYSTEM\\CurrentControlSet\\Services","value":"R4BD3FME6S"},"winlog":{"channel":"Microsoft-Windows-Sysmon/Operational","computer_name":"WIN-FX0BNAOM.domain.local","event_id":13,"provider_name":"Microsoft-Windows-Sysmon","record_id":8531167,"task":"Process creation (rule: ProcessCreate)"}}
{"@timestamp":"2023-07-21T14:26:19.718Z","EventID":17,"Image":"C:\\Program Files (x86)\\Microsoft\\Edge\\Application\\msedge.exe","PipeName":"\\pipe\\mojo.3484.7SWADKQX","agent":{"hostname":"WIN-WVO0B9EW","type":"winlogbeat","version":"8.5.0"},"ecs":{"version":"8.5.0"},"event":{"action":"Process creation","category":["process"],"code":17,"kind":"event","provider":"Microsoft-Windows-Sysmon","type":["start"]},"host":{"name":"WIN-5PA1FSA2","os":{"family":"windows","name":"Windows Server 2019","version":"10.0.17763"}},"winlog":{"channel":"Microsoft-Windows-Sysmon/Operational","computer_name":"WIN-CBUJUPUR.domain.local","event_id":17,"provider_name":"Microsoft-Windows-Sysmon","record_id":5716087,"task":"Process creation (rule: ProcessCreate)"}}
{"@timestamp":"2023-11-01T16:15:05.269Z","DestinationIp":"192.168.1.100","DestinationPort":443,"EventID":3,"Image":"C:\\Windows\\System32\\svchost.exe","Protocol":"tcp","SourceIp":"192.168.1.100","SourcePort":61619,"agent":{"hostname":"WIN-KBWYPKP4","type":"winlogbeat","version":"8.5.0"},"destination":{"ip":"192.168.1.100","port":443},"ecs":{"version":"8.5.0"},"event":{"action":"Process creation","category":["process"],"code":3,"kind":"event","provider":"Microsoft-Windows-Sysmon","type":["start"]},"host":{"name":"WIN-98AK5UIL","os":{"family":"windows","name":"Windows Server 2019","version":"10.0.17763"}},"network":{"direction":"outbound","protocol":"tcp"},"source":{"ip":"192.168.1.100","port":61619},"winlog":{"channel":"Microsoft-Windows-Sysmon/Operational","computer_name":"WIN-LIGCCKHF.domain.local","event_id":3,"provider_name":"Microsoft-Windows-Sysmon","record_id":3697359,"task":"Process creation (rule: ProcessCreate)"}}
{"@timestamp":"2023-03-01T02:50:20.704Z","CommandLine":"C:\\Windows\\System32\\wscript.exe 28WV34PXR8","EventID":1,"Image":"C:\\Windows\\System32\\wscript.exe","ParentImage":"C:\\Windows\\System32\\taskmgr.exe","ParentProcessId":919,"ProcessId":30020,"User":"NT AUTHORITY\\LOCAL SERVICE","agent":{"hostname":"WIN-GX7G5FU9","type":"winlogbeat","version":"8.5.0"},"ecs":{"version":"8.5.0"},"event":{"action":"Process creation","category":["process"],"code":1,"kind":"event","provider":"Microsoft-Windows-Sysmon","type":["start"]},"host":{"name":"WIN-5YRLCANS","os":{"family":"windows","name":"Windows Server 2019","version":"10.0.17763"}},"process":{"args":["C:\\Windows\\System32\\wscript.exe","28WV34PXR8"],"command_line":"C:\\Windows\\System32\\wscript.exe 28WV34PXR8","executable":"C:\\Windows\\System32\\wscript.exe","name":"wscript.exe","parent":{"executable":"C:\\Windows\\System32\\taskmgr.exe","name":"taskmgr.exe","pid":679},"pid":49085},"user":{"domain":"NT AUTHORITY","name":"NT AUTHORITY\\LOCAL SERVICE"},"winlog":{"channel":"Microsoft-Windows-Sysmon/Operational","computer_name":"WIN-QTWYI005.domain.local","event_id":1,"provider_name":"Microsoft-Windows-Sysmon","record_id":1654677,"task":"Process creation (rule: ProcessCreate)"}}
