{"@timestamp":"2023-04-10T00:17:00.284Z","EventID":17,"Image":"C:\\Windows\\System32\\winlogon.exe","PipeName":"\\pipe\\MSCTF.Server.7LXE7LJ6UX8YGU27B9VJDD2WNQ4URAPW0QRX","agent":{"hostname":"WIN-CH1NZD3G","type":"winlogbeat","version":"8.5.0"},"ecs":{"version":"8.5.0"},"event":{"action":"Process creation","category":["process"],"code":17,"kind":"event","provider":"Microsoft-Windows-Sysmon","type":["start"]},"host":{"name":"WIN-B3XB3OTY","os":{"family":"windows","name":"Windows Server 2019","version":"10.0.17763"}},"winlog":{"channel":"Microsoft-Windows-Sysmon/Operational","computer_name":"WIN-Y2DJX9OJ.domain.local","event_id":17,"provider_name":"Microsoft-Windows-Sysmon","record_id":2835896,"task":"Process creation (rule: ProcessCreate)"}}
{"@timestamp":"2023-08-13T09:49:32.329Z","Details":"C:\\temp\\CG8NO1P1.exe","EventID":13,"Image":"C:\\Windows\\System32\\services.exe","TargetObject":"HKLM\\SOFTWARE\\Classes\\exefile\\shell\\open\\command\\MWUAL13D68","agent":{"hostname":"WIN-YRGDXYBC","type":"winlogbeat","version":"8.5.0"},"ecs":{"version":"8.5.0"},"event":{"action":"Process creation","category":["process"],"code":13,"kind":"event","provider":"Microsoft-Windows-Sysmon","type":["start"]},"host":{"name":"WIN-KPL202J4","os":{"family":"windows","name":"Windows Server 2019","version":"10.0.17763"}},"registry":{"data":{"strings":["C:\\temp\\7VJDZ3V8.exe"]},"key":"HKLM\\SOFTWARE\\Classes\\exefile\\shell\\open\\command","value":"P5HBL73R4L"},"winlog":{"channel":"Microsoft-Windows-Sysmon/Operational","computer_name":"WIN-Q4EO6WJC.domain.local","event_id":13,"provider_name":"Microsoft-Windows-Sysmon","record_id":3999864,"task":"Process creation (rule: ProcessCreate)"}}
{"@timestamp":"2023-04-13T08:32:37.107Z","DestinationIp":"172.16.0.10","DestinationPort":8080,"EventID":3,"Image":"C:\\Program Files\\Google\\Chrome\\Application\\chrome.exe","Protocol":"tcp","SourceIp":"192.168.1.100","SourcePort":50612,"agent":{"hostname":"WIN-K9AH1DD6","type":"winlogbeat","version":"8.5.0"},"destination":{"ip":"172.16.0.10","port":8080},"ecs":{"version":"8.5.0"},"event":{"action":"Process creation","category":["process"],"code":3,"kind":"event","provider":"Microsoft-Windows-Sysmon","type":["start"]},"host":{"name":"WIN-KF6ZBS3G","os":{"family":"windows","name":"Windows Server 2019","version":"10.0.17763"}},"network":{"direction":"outbound","protocol":"tcp"},"source":{"ip":"192.168.1.100","port":50612},"winlog":{"channel":"Microsoft-Windows-Sysmon/Operational","computer_name":"WIN-PLP3Q3R6.domain.local","event_id":3,"provider_name":"Microsoft-Windows-Sysmon","record_id":1229918,"task":"Process creation (rule: ProcessCreate)"}}
{"@timestamp":"2023-07-01T15:37:49.657Z","Details":"C:\\temp\\HZT2X4TN.exe","EventID":13,"Image":"C:\\Windows\\System32\\taskmgr.exe","TargetObject":"HKLM\\SOFTWARE\\Classes\\exefile\\shell\\open\\command\\2R999Z2332","agent":{"hostname":"WIN-VATVTB84","type":"winlogbeat","version":"8.5.0"},"ecs":{"version":"8.5.0"},"event":{"action":"Process creation","category":["process"],"code":13,"kind":"event","provider":"Microsoft-Windows-Sysmon","type":["start"]},"host":{"name":"WIN-ILV1PL5A","os":{"family":"windows","name":"Windows Server 2019","version":"10.0.17763"}},"registry":{"data":{"strings":["C:\\temp\\9M07T0M8.exe"]},"key":"HKLM\\SOFTWARE\\Classes\\exefile\\shell\\open\\command","value":"N4WPZV3YGC"},"winlog":{"channel":"Microsoft-Windows-Sysmon/Operational","computer_name":"WIN-5061OOMD.domain.local","event_id":13,"provider_name":"Microsoft-Windows-Sysmon","record_id":1919660,"task":"Process creation (rule: ProcessCreate)"}}
{"@timestamp":"2023-02-25T16:08:04.255Z","DestinationIp":"update-server.microsoft.com","DestinationPort":445,"EventID":3,"Image":"C:\\Windows\\System32\\lsass.exe","Protocol":"tcp","SourceIp":"192.168.1.100","SourcePort":50601,"agent":{"hostname":"WIN-HADB52B5","type":"winlogbeat","version":"8.5.0"},"destination":{"ip":"update-server.microsoft.com","port":445},"ecs":{"version":"8.5.0"},"event":{"action":"Process creation","category":["process"],"code":3,"kind":"event","provider":"Microsoft-Windows-Sysmon","type":["start"]},"host":{"name":"WIN-SH0UUVCK","os":{"family":"windows","name":"Windows Server 2019","version":"10.0.17763"}},"network":{"direction":"outbound","protocol":"tcp"},"source":{"ip":"192.168.1.100","port":50601},"winlog":{"channel":"Microsoft-Windows-Sysmon/Operational","computer_name":"WIN-6B5Q5MI8.domain.local","event_id":3,"provider_name":"Microsoft-Windows-Sysmon","record_id":8048648,"task":"Process creation (rule: ProcessCreate)"}}
{"@timestamp":"2023-12-02T12:17:39.874Z","EventID":17,"Image":"C:\\Windows\\System32\\powershell.exe","PipeName":"\\pipe\\netlogon","agent":{"hostname":"WIN-O4XTQ22Z","type":"winlogbeat","version":"8.5.0"},"ecs":{"version":"8.5.0"},"event":{"action":"Process creation","category":["process"],"code":17,"kind":"event","provider":"Microsoft-Windows-Sysmon","type":["start"]},"host":{"name":"WIN-9UKA0J51","os":{"family":"windows","name":"Windows Server 2019","version":"10.0.17763"}},"winlog":{"channel":"Microsoft-Windows-Sysmon/Operational","computer_name":"WIN-JVAORK3T.domain.local","event_id":17,"provider_name":"Microsoft-Windows-Sysmon","record_id":3795914,"task":"Process creation (rule: ProcessCreate)"}}
{"@timestamp":"2023-10-16T21:07:36.881Z","Details":"C:\\temp\\YSSYXLGS.exe","EventID":13,"Image":"C:\\Program Files\\Google\\Chrome\\Application\\chrome.exe","TargetObject":"HKCU\\SOFTWARE\\Microsoft\\Windows\\CurrentVersion\\Run\\7H9MBQF57G","agent":{"hostname":"WIN-3HUW4NX0","type":"winlogbeat","version":"8.5.0"},"ecs":{"version":"8.5.0"},"event":{"action":"Process creation","category":["process"],"code":13,"kind":"event","provider":"Microsoft-Windows-Sysmon","type":["start"]},"host":{"name":"WIN-M2DDN589","os":{"family":"windows","name":"Windows Server 2019","version":"10.0.17763"}},"registry":{"data":{"strings":["C:\\temp\\SKXMWOVJ.exe"]},"key":"HKCU\\SOFTWARE\\Microsoft\\Windows\\CurrentVersion\\Run","value":"PVTYQ44UWX"},"winlog":{"channel":"Microsoft-Windows-Sysmon/Operational","computer_name":"WIN-XANRKTJZ.domain.local","event_id":13,"provider_name":"Microsoft-Windows-Sysmon","record_id":9373963,"task":"Process creation (rule: ProcessCreate)"}}
{"@timestamp":"2023-05-28T16:42:12.949Z","CommandLine":"C:\\Windows\\System32\\svchost.exe FKC6BK98S0","EventID":1,"Image":"C:\\Windows\\System32\\svchost.exe","ParentImage":"C:\\Windows\\System32\\svchost.exe","ParentProcessId":288,"ProcessId":21008,"User":"john.doe","agent":{"hostname":"WIN-X6F5ICOZ","type":"winlogbeat","version":"8.5.0"},"ecs":{"version":"8.5.0"},"event":{"action":"Process creation","category":["process"],"code":1,"kind":"event","provider":"Microsoft-Windows-Sysmon","type":["start"]},"host":{"name":"WIN-YNTEFNM8","os":{"family":"windows","name":"Windows Server 2019","version":"10.0.17763"}},"process":{"args":["C:\\Windows\\System32\\svchost.exe","FKC6BK98S0"],"command_line":"C:\\Windows\\System32\\svchost.exe FKC6BK98S0","executable":"C:\\Windows\\System32\\svchost.exe","name":"svchost.exe","parent":{"executable":"C:\\Windows\\System32\\svchost.exe","name":"svchost.exe","pid":932},"pid":63234},"user":{"domain":"DOMAIN","name":"john.doe"},"winlog":{"channel":"Microsoft-Windows-Sysmon/Operational","computer_name":"WIN-TNJ2IU79.domain.local","event_id":1,"provider_name":"Microsoft-Windows-Sysmon","record_id":1166225,"task":"Process creation (rule: ProcessCreate)"}}
{"@timestamp":"2023-10-13T02:39:32.959Z","CommandLine":"C:\\Program Files\\Mozilla Firefox\\firefox.exe 3NO6EDAITV","EventID":1,"Image":"C:\\Program Files\\Mozilla Firefox\\firefox.exe","ParentImage":"C:\\Program Files\\Mozilla Firefox\\firefox.exe","ParentProcessId":257,"ProcessId":34285,"User":"service_account","agent":{"hostname":"WIN-5N5RMPLM","type":"winlogbeat","version":"8.5.0"},"ecs":{"version":"8.5.0"},"event":{"action":"Process creation","category":["process"],"code":1,"kind":"event","provider":"Microsoft-Windows-Sysmon","type":["start"]},"host":{"name":"WIN-ZQ3AH78T","os":{"family":"windows","name":"Windows Server 2019","version":"10.0.17763"}},"process":{"args":["C:\\Program","Files\\Mozilla","Firefox\\firefox.exe","3NO6EDAITV"],"command_line":"C:\\Program Files\\Mozilla Firefox\\firefox.exe 3NO6EDAITV","executable":"C:\\Program Files\\Mozilla Firefox\\firefox.exe","name":"firefox.exe","parent":{"executable":"C:\\Program Files\\Mozilla Firefox\\firefox.exe","name":"firefox.exe","pid":781},"pid":19779},"user":{"domain":"DOMAIN","name":"service_account"},"winlog":{"channel":"Microsoft-Windows-Sysmon/Operational","computer_name":"WIN-SDCB9L1Y.domain.local","event_id":1,"provider_name":"Microsoft-Windows-Sysmon","record_id":5715058,"task":"Process creation (rule: ProcessCreate)"}}
{"@timestamp":"2023-12-06T06:14:46.880Z","DestinationIp":"suspicious-site.net","DestinationPort":443,"EventID":3,"Image":"C:\\Windows\\System32\\lsass.exe","Protocol":"tcp","SourceIp":"192.168.1.100","SourcePort":53386,"agent":{"hostname":"WIN-A7SK0YR1","type":"winlogbeat","version":"8.5.0"},"destination":{"ip":"suspicious-site.net","port":443},"ecs":{"version":"8.5.0"},"event":{"action":"Process creation","category":["process"],"code":3,"kind":"event","provider":"Microsoft-Windows-Sysmon","type":["start"]},"host":{"name":"WIN-Q76Y98DZ","os":{"family":"windows","name":"Windows Server 2019","version":"10.0.17763"}},"network":{"direction":"outbound","protocol":"tcp"},"source":{"ip":"192.168.1.100","port":53386},"winlog":{"channel":"Microsoft-Windows-Sysmon/Operational","computer_name":"WIN-YDJ5UKPW.domain.local","event_id":3,"provider_name":"Microsoft-Windows-Sysmon","record_id":2634519,"task":"Process creation (rule: ProcessCreate)"}}
