{"@timestamp":"2023-09-09T07:41:43.320Z","CommandLine":"C:\\Windows\\System32\\cscript.exe DSHDEFMQOX","EventID":1,"Image":"C:\\Windows\\System32\\cscript.exe","ParentImage":"C:\\Program Files (x86)\\Microsoft\\Edge\\Application\\msedge.exe","ParentProcessId":658,"ProcessId":34211,"User":"john.doe","agent":{"hostname":"WIN-R5NG84QQ","type":"winlogbeat","version":"8.5.0"},"ecs":{"version":"8.5.0"},"event":{"action":"Process creation","category":["process"],"code":1,"kind":"event","provider":"Microsoft-Windows-Sysmon","type":["start"]},"host":{"name":"WIN-3UIFRC36","os":{"family":"windows","name":"Windows Server 2019","version":"10.0.17763"}},"process":{"args":["C:\\Windows\\System32\\cscript.exe","DSHDEFMQOX"],"command_line":"C:\\Windows\\System32\\cscript.exe DSHDEFMQOX","executable":"C:\\Windows\\System32\\cscript.exe","name":"cscript.exe","parent":{"executable":"C:\\Program Files (x86)\\Microsoft\\Edge\\Application\\msedge.exe","name":"msedge.exe","pid":261},"pid":26131},"user":{"domain":"DOMAIN","name":"john.doe"},"winlog":{"channel":"Microsoft-Windows-Sysmon/Operational","computer_name":"WIN-PGHXCDII.domain.local","event_id":1,"provider_name":"Microsoft-Windows-Sysmon","record_id":6740486,"task":"Process creation (rule: ProcessCreate)"}}
{"@timestamp":"2023-05-06T22:28:47.391Z","Details":"C:\\temp\\3OJN8K7P.exe","EventID":13,"Image":"C:\\Program Files (x86)\\Microsoft\\Edge\\Application\\msedge.exe","TargetObject":"HKLM\\SYSTEM\\CurrentControlSet\\Services\\1K40GKLCC5","agent":{"hostname":"WIN-8KK05B4S","type":"winlogbeat","version":"8.5.0"},"ecs":{"version":"8.5.0"},"event":{"action":"Process creation","category":["process"],"code":13,"kind":"event","provider":"Microsoft-Windows-Sysmon","type":["start"]},"host":{"name":"WIN-MXVDZ7OZ","os":{"family":"windows","name":"Windows Server 2019","version":"10.0.17763"}},"registry":{"data":{"strings":["C:\\temp\\C5IUAJSF.exe"]},"key":"HKLM\\SYSTEM\\CurrentControlSet\\Services","value":"7IJ2HUYBOI"},"winlog":{"channel":"Microsoft-Windows-Sysmon/Operational","computer_name":"WIN-K9DNTK33.domain.local","event_id":13,"provider_name":"Microsoft-Windows-Sysmon","record_id":8654888,"task":"Process creation (rule: ProcessCreate)"}}
{"@timestamp":"2023-04-07T18:45:55.664Z","DestinationIp":"1.1.1.1","DestinationPort":139,"EventID":3,"Image":"C:\\Windows\\System32\\rundll32.exe","Protocol":"tcp","SourceIp":"192.168.1.100","SourcePort":62158,"agent":{"hostname":"WIN-GUCHHJY8","type":"winlogbeat","version":"8.5.0"},"destination":{"ip":"1.1.1.1","port":139},"ecs":{"version":"8.5.0"},"event":{"action":"Process creation","category":["process"],"code":3,"kind":"event","provider":"Microsoft-Windows-Sysmon","type":["start"]},"host":{"name":"WIN-AN3U3HNL","os":{"family":"windows","name":"Windows Server 2019","version":"10.0.17763"}},"network":{"direction":"outbound","protocol":"tcp"},"source":{"ip":"192.168.1.100","port":62158},"winlog":{"channel":"Microsoft-Windows-Sysmon/Operational","computer_name":"WIN-LESVJBDE.domain.local","event_id":3,"provider_name":"Microsoft-Windows-Sysmon","record_id":6495568,"task":"Process creation (rule: ProcessCreate)"}}
{"@timestamp":"2023-12-12T11:02:57.616Z","Details":"C:\\temp\\7QTJUOYZ.exe","EventID":13,"Image":"C:\\Windows\\System32\\calc.exe","TargetObject":"HKLM\\SOFTWARE\\Classes\\exefile\\shell\\open\\command\\FN1619E20X","agent":{"hostname":"WIN-JATXK52X","type":"winlogbeat","version":"8.5.0"},"ecs":{"version":"8.5.0"},"event":{"action":"Process creation","category":["process"],"code":13,"kind":"event","provider":"Microsoft-Windows-Sysmon","type":["start"]},"host":{"name":"WIN-TWX5DPP8","os":{"family":"windows","name":"Windows Server 2019","version":"10.0.17763"}},"registry":{"data":{"strings":["C:\\temp\\4XTFYREH.exe"]},"key":"HKLM\\SOFTWARE\\Classes\\exefile\\shell\\open\\command","value":"E6J59I49PI"},"winlog":{"channel":"Microsoft-Windows-Sysmon/Operational","computer_name":"WIN-ILOQKCW9.domain.local","event_id":13,"provider_name":"Microsoft-Windows-Sysmon","record_id":3410700,"task":"Process creation (rule: ProcessCreate)"}}
{"@timestamp":"2023-04-16T07:20:40.899Z","CommandLine":"C:\\Windows\\System32\\winlogon.exe 91GP5DL83H","EventID":1,"Image":"C:\\Windows\\System32\\winlogon.exe","ParentImage":"C:\\Windows\\System32\\regsvr32.exe","ParentProcessId":818,"ProcessId":20627,"User":"NT AUTHORITY\\LOCAL SERVICE","agent":{"hostname":"WIN-ZZ98GRE2","type":"winlogbeat","version":"8.5.0"},"ecs":{"version":"8.5.0"},"event":{"action":"Process creation","category":["process"],"code":1,"kind":"event","provider":"Microsoft-Windows-Sysmon","type":["start"]},"host":{"name":"WIN-4YBUZX0L","os":{"family":"windows","name":"Windows Server 2019","version":"10.0.17763"}},"process":{"args":["C:\\Windows\\System32\\winlogon.exe","91GP5DL83H"],"command_line":"C:\\Windows\\System32\\winlogon.exe 91GP5DL83H","executable":"C:\\Windows\\System32\\winlogon.exe","name":"winlogon.exe","parent":{"executable":"C:\\Windows\\System32\\regsvr32.exe","name":"regsvr32.exe","pid":625},"pid":10625},"user":{"domain":"NT AUTHORITY","name":"NT AUTHORITY\\LOCAL SERVICE"},"winlog":{"channel":"Microsoft-Windows-Sysmon/Operational","computer_name":"WIN-M8ILTCGV.domain.local","event_id":1,"provider_name":"Microsoft-Windows-Sysmon","record_id":1035961,"task":"Process creation (rule: ProcessCreate)"}}
{"@timestamp":"2023-01-14T15:49:55.554Z","Details":"C:\\temp\\X8CU8WHP.exe","EventID":13,"Image":"C:\\Windows\\System32\\taskmgr.exe","TargetObject":"HKLM\\SOFTWARE\\Microsoft\\Windows\\CurrentVersion\\Run\\ZK2DR59DVR","agent":{"hostname":"WIN-Z2BKAUFA","type":"winlogbeat","version":"8.5.0"},"ecs":{"version":"8.5.0"},"event":{"action":"Process creation","category":["process"],"code":13,"kind":"event","provider":"Microsoft-Windows-Sysmon","type":["start"]},"host":{"name":"WIN-XCJCH9HO","os":{"family":"windows","name":"Windows Server 2019","version":"10.0.17763"}},"registry":{"data":{"strings":["C:\\temp\\7VG2GCHJ.exe"]},"key":"HKLM\\SOFTWARE\\Microsoft\\Windows\\CurrentVersion\\Run","value":"CQ665JD45I"},"winlog":{"channel":"Microsoft-Windows-Sysmon/Operational","computer_name":"WIN-9AV0RSO0.domain.local","event_id":13,"provider_name":"Microsoft-Windows-Sysmon","record_id":5173290,"task":"Process creation (rule: ProcessCreate)"}}
{"@timestamp":"2023-06-21T19:03:15.997Z","CommandLine":"C:\\Windows\\System32\\svchost.exe 7JYU5DGRPP","EventID":1,"Image":"C:\\Windows\\System32\\svchost.exe","ParentImage":"C:\\Windows\\System32\\powershell.exe","ParentProcessId":553,"ProcessId":5503,"User":"DefaultAccount","agent":{"hostname":"WIN-64XB7JLW","type":"winlogbeat","version":"8.5.0"},"ecs":{"version":"8.5.0"},"event":{"action":"Process creation","category":["process"],"code":1,"kind":"event","provider":"Microsoft-Windows-Sysmon","type":["start"]},"host":{"name":"WIN-12L0UARR","os":{"family":"windows","name":"Windows Server 2019","version":"10.0.17763"}},"process":{"args":["C:\\Windows\\System32\\svchost.exe","7JYU5DGRPP"],"command_line":"C:\\Windows\\System32\\svchost.exe 7JYU5DGRPP","executable":"C:\\Windows\\System32\\svchost.exe","name":"svchost.exe","parent":{"executable":"C:\\Windows\\System32\\powershell.exe","name":"powershell.exe","pid":128},"pid":29519},"user":{"domain":"DOMAIN","name":"DefaultAccount"},"winlog":{"channel":"Microsoft-Windows-Sysmon/Operational","computer_name":"WIN-C8C8QIFB.domain.local","event_id":1,"provider_name":"Microsoft-Windows-Sysmon","record_id":8973066,"task":"Process creation (rule: ProcessCreate)"}}
{"@timestamp":"2023-09-20T05:44:43.122Z","CommandLine":"C:\\Windows\\System32\\regsvr32.exe Y66BZHMIT5","EventID":1,"Image":"C:\\Windows\\System32\\regsvr32.exe","ParentImage":"C:\\Windows\\System32\\regsvr32.exe","ParentProcessId":741,"ProcessId":6609,"User":"admin","agent":{"hostname":"WIN-Y4PQP5PQ","type":"winlogbeat","version":"8.5.0"},"ecs":{"version":"8.5.0"},"event":{"action":"Process creation","category":["process"],"code":1,"kind":"event","provider":"Microsoft-Windows-Sysmon","type":["start"]},"host":{"name":"WIN-AWYDTYWU","os":{"family":"windows","name":"Windows Server 2019","version":"10.0.17763"}},"process":{"args":["C:\\Windows\\System32\\regsvr32.exe","Y66BZHMIT5"],"command_line":"C:\\Windows\\System32\\regsvr32.exe Y66BZHMIT5","executable":"C:\\Windows\\System32\\regsvr32.exe","name":"regsvr32.exe","parent":{"executable":"C:\\Windows\\System32\\regsvr32.exe","name":"regsvr32.exe","pid":935},"pid":37116},"user":{"domain":"DOMAIN","name":"admin"},"winlog":{"channel":"Microsoft-Windows-Sysmon/Operational","computer_name":"WIN-YLPGQEZK.domain.local","event_id":1,"provider_name":"Microsoft-Windows-Sysmon","record_id":6726633,"task":"Process creation (rule: ProcessCreate)"}}
{"@timestamp":"2023-09-18T12:47:22.596Z","CommandLine":"C:\\Windows\\System32\\mshta.exe OBPPWA1S62","EventID":1,"Image":"C:\\Windows\\System32\\mshta.exe","ParentImage":"C:\\Windows\\System32\\lsass.exe","ParentProcessId":508,"ProcessId":16982,"User":"Administrator","agent":{"hostname":"WIN-DREZ802W","type":"winlogbeat","version":"8.5.0"},"ecs":{"version":"8.5.0"},"event":{"action":"Process creation","category":["process"],"code":1,"kind":"event","provider":"Microsoft-Windows-Sysmon","type":["start"]},"host":{"name":"WIN-WMMIQQMW","os":{"family":"windows","name":"Windows Server 2019","version":"10.0.17763"}},"process":{"args":["C:\\Windows\\System32\\mshta.exe","OBPPWA1S62"],"command_line":"C:\\Windows\\System32\\mshta.exe OBPPWA1S62","executable":"C:\\Windows\\System32\\mshta.exe","name":"mshta.exe","parent":{"executable":"C:\\Windows\\System32\\lsass.exe","name":"lsass.exe","pid":922},"pid":51166},"user":{"domain":"DOMAIN","name":"Administrator"},"winlog":{"channel":"Microsoft-Windows-Sysmon/Operational","computer_name":"WIN-P2IA4PV4.domain.local","event_id":1,"provider_name":"Microsoft-Windows-Sysmon","record_id":3343858,"task":"Process creation (rule: ProcessCreate)"}}
{"@timestamp":"2023-06-07T16:08:48.461Z","CommandLine":"C:\\Windows\\System32\\calc.exe 7AM8FJIJIU","EventID":1,"Image":"C:\\Windows\\System32\\calc.exe","ParentImage":"C:\\Windows\\System32\\regsvr32.exe","ParentProcessId":311,"ProcessId":11651,"User":"NT AUTHORITY\\NETWORK SERVICE","agent":{"hostname":"WIN-RSYCCYVN","type":"winlogbeat","version":"8.5.0"},"ecs":{"version":"8.5.0"},"event":{"action":"Process creation","category":["process"],"code":1,"kind":"event","provider":"Microsoft-Windows-Sysmon","type":["start"]},"host":{"name":"WIN-4F59IJ0H","os":{"family":"windows","name":"Windows Server 2019","version":"10.0.17763"}},"process":{"args":["C:\\Windows\\System32\\calc.exe","7AM8FJIJIU"],"command_line":"C:\\Windows\\System32\\calc.exe 7AM8FJIJIU","executable":"C:\\Windows\\System32\\calc.exe","name":"calc.exe","parent":{"executable":"C:\\Windows\\System32\\regsvr32.exe","name":"regsvr32.exe","pid":124},"pid":1525},"user":{"domain":"NT AUTHORITY","name":"NT AUTHORITY\\NETWORK SERVICE"},"winlog":{"channel":"Microsoft-Windows-Sysmon/Operational","computer_name":"WIN-B86112KA.domain.local","event_id":1,"provider_name":"Microsoft-Windows-Sysmon","record_id":3277840,"task":"Process creation (rule: ProcessCreate)"}}
{"@timestamp":"2023-05-02T08:54:53.897Z","CommandLine":"C:\\Windows\\System32\\spoolsv.exe PA9F650SXO","EventID":1,"Image":"C:\\Windows\\System32\\spoolsv.exe","ParentImage":"C:\\Program Files\\Google\\Chrome\\Application\\chrome.exe","ParentProcessId":566,"ProcessId":15385,"User":"john.doe","agent":{"hostname":"WIN-IO1WKZ71","type":"winlogbeat","version":"8.5.0"},"ecs":{"version":"8.5.0"},"event":{"action":"Process creation","category":["process"],"code":1,"kind":"event","provider":"Microsoft-Windows-Sysmon","type":["start"]},"host":{"name":"WIN-BUI060JL","os":{"family":"windows","name":"Windows Server 2019","version":"10.0.17763"}},"process":{"args":["C:\\Windows\\System32\\spoolsv.exe","PA9F650SXO"],"command_line":"C:\\Windows\\System32\\spoolsv.exe PA9F650SXO","executable":"C:\\Windows\\System32\\spoolsv.exe","name":"spoolsv.exe","parent":{"executable":"C:\\Program Files\\Google\\Chrome\\Application\\chrome.exe","name":"chrome.exe","pid":503},"pid":56866},"user":{"domain":"DOMAIN","name":"john.doe"},"winlog":{"channel":"Microsoft-Windows-Sysmon/Operational","computer_name":"WIN-R3V91EIP.domain.local","event_id":1,"provider_name":"Microsoft-Windows-Sysmon","record_id":1028185,"task":"Process creation (rule: ProcessCreate)"}}
{"@timestamp":"2023-07-25T18:59:40.982Z","CommandLine":"C:\\Windows\\System32\\explorer.exe","EventID":1,"Image":"C:\\Windows\\System32\\explorer.exe","ParentImage":"C:\\Windows\\System32\\winlogon.exe","ParentProcessId":404,"ProcessId":17180,"User":"NT AUTHORITY\\NETWORK SERVICE","agent":{"hostname":"WIN-QNZ76C0D","type":"winlogbeat","version":"8.5.0"},"ecs":{"version":"8.5.0"},"event":{"action":"Process creation","category":["process"],"code":1,"kind":"event","provider":"Microsoft-Windows-Sysmon","type":["start"]},"host":{"name":"WIN-MP223KIV","os":{"family":"windows","name":"Windows Server 2019","version":"10.0.17763"}},"process":{"args":["C:\\Windows\\System32\\explorer.exe"],"command_line":"C:\\Windows\\System32\\explorer.exe","executable":"C:\\Windows\\System32\\explorer.exe","name":"explorer.exe","parent":{"executable":"C:\\Windows\\System32\\winlogon.exe","name":"winlogon.exe","pid":267},"pid":50488},"user":{"domain":"NT AUTHORITY","name":"NT AUTHORITY\\NETWORK SERVICE"},"winlog":{"channel":"Microsoft-Windows-Sysmon/Operational","computer_name":"WIN-HBZC69A3.domain.local","event_id":1,"provider_name":"Microsoft-Windows-Sysmon","record_id":9662072,"task":"Process creation (rule: ProcessCreate)"}}
{"@timestamp":"2023-11-28T09:32:00.336Z","CommandLine":"C:\\Windows\\System32\\wininit.exe B6FOR9AF6A","EventID":1,"Image":"C:\\Windows\\System32\\wininit.exe","ParentImage":"C:\\Windows\\System32\\wininit.exe","ParentProcessId":628,"ProcessId":48637,"User":"service_account","agent":{"hostname":"WIN-ZCAKL1S0","type":"winlogbeat","version":"8.5.0"},"ecs":{"version":"8.5.0"},"event":{"action":"Process creation","category":["process"],"code":1,"kind":"event","provider":"Microsoft-Windows-Sysmon","type":["start"]},"host":{"name":"WIN-MO63BP5T","os":{"family":"windows","name":"Windows Server 2019","version":"10.0.17763"}},"process":{"args":["C:\\Windows\\System32\\wininit.exe","B6FOR9AF6A"],"command_line":"C:\\Windows\\System32\\wininit.exe B6FOR9AF6A","executable":"C:\\Windows\\System32\\wininit.exe","name":"wininit.exe","parent":{"executable":"C:\\Windows\\System32\\wininit.exe","name":"wininit.exe","pid":924},"pid":32867},"user":{"domain":"DOMAIN","name":"service_account"},"winlog":{"channel":"Microsoft-Windows-Sysmon/Operational","computer_name":"WIN-XK5W4CLI.domain.local","event_id":1,"provider_name":"Microsoft-Windows-Sysmon","record_id":3104308,"task":"Process creation (rule: ProcessCreate)"}}
{"@timestamp":"2023-01-13T02:30:12.235Z","Details":"C:\\temp\\4F0WAEVT.exe","EventID":13,"Image":"C:\\Windows\\System32\\spoolsv.exe","TargetObject":"HKLM\\SYSTEM\\CurrentControlSet\\Services\\JXDMZZZNHU","agent":{"hostname":"WIN-66YT4FC0","type":"winlogbeat","version":"8.5.0"},"ecs":{"version":"8.5.0"},"event":{"action":"Process creation","category":["process"],"code":13,"kind":"event","provider":"Microsoft-Windows-Sysmon","type":["start"]},"host":{"name":"WIN-J415Y2ZO","os":{"family":"windows","name":"Windows Server 2019","version":"10.0.17763"}},"registry":{"data":{"strings":["C:\\temp\\0B9TW3A1.exe"]},"key":"HKLM\\SYSTEM\\CurrentControlSet\\Services","value":"SUJG4TQN2O"},"winlog":{"channel":"Microsoft-Windows-Sysmon/Operational","computer_name":"WIN-UXAD3J5X.domain.local","event_id":13,"provider_name":"Microsoft-Windows-Sysmon","record_id":7787265,"task":"Process creation (rule: ProcessCreate)"}}
{"@timestamp":"2023-12-11T05:53:10.324Z","CommandLine":"C:\\Windows\\System32\\wscript.exe QIPG82TVM7","EventID":1,"Image":"C:\\Windows\\System32\\wscript.exe","ParentImage":"C:\\Windows\\System32\\calc.exe","ParentProcessId":198,"ProcessId":21779,"User":"john.doe","agent":{"hostname":"WIN-DIC4NDW3","type":"winlogbeat","version":"8.5.0"},"ecs":{"version":"8.5.0"},"event":{"action":"Process creation","category":["process"],"code":1,"kind":"event","provider":"Microsoft-Windows-Sysmon","type":["start"]},"host":{"name":"WIN-I1BVMASD","os":{"family":"windows","name":"Windows Server 2019","version":"10.0.17763"}},"process":{"args":["C:\\Windows\\System32\\wscript.exe","QIPG82TVM7"],"command_line":"C:\\Windows\\System32\\wscript.exe QIPG82TVM7","executable":"C:\\Windows\\System32\\wscript.exe","name":"wscript.exe","parent":{"executable":"C:\\Windows\\System32\\calc.exe","name":"calc.exe","pid":438},"pid":2229},"user":{"domain":"DOMAIN","name":"john.doe"},"winlog":{"channel":"Microsoft-Windows-Sysmon/Operational","computer_name":"WIN-7J81B9D7.domain.local","event_id":1,"provider_name":"Microsoft-Windows-Sysmon","record_id":1348031,"task":"Process creation (rule: ProcessCreate)"}}
{"@timestamp":"2023-05-18T00:56:12.736Z","CommandLine":"C:\\Program Files\\Google\\Chrome\\Application\\chrome.exe --new-tab https://example.com","EventID":1,"Image":"C:\\Program Files\\Google\\Chrome\\Application\\chrome.exe","ParentImage":"C:\\Windows\\System32\\calc.exe","ParentProcessId":557,"ProcessId":29748,"User":"Administrator","agent":{"hostname":"WIN-2RYEXQQF","type":"winlogbeat","version":"8.5.0"},"ecs":{"version":"8.5.0"},"event":{"action":"Process creation","category":["process"],"code":1,"kind":"event","provider":"Microsoft-Windows-Sysmon","type":["start"]},"host":{"name":"WIN-R7P5P6YV","os":{"family":"windows","name":"Windows Server 2019","version":"10.0.17763"}},"process":{"args":["C:\\Program","Files\\Google\\Chrome\\Application\\chrome.exe","--new-tab","https://example.com"],"command_line":"C:\\Program Files\\Google\\Chrome\\Application\\chrome.exe --new-tab https://example.com","executable":"C:\\Program Files\\Google\\Chrome\\Application\\chrome.exe","name":"chrome.exe","parent":{"executable":"C:\\Windows\\System32\\calc.exe","name":"calc.exe","pid":565},"pid":47360},"user":{"domain":"DOMAIN","name":"Administrator"},"winlog":{"channel":"Microsoft-Windows-Sysmon/Operational","computer_name":"WIN-QXT9GIOO.domain.local","event_id":1,"provider_name":"Microsoft-Windows-Sysmon","record_id":4373622,"task":"Process creation (rule: ProcessCreate)"}}
{"@timestamp":"2023-12-01T14:10:28.169Z","DestinationIp":"172.16.0.10","DestinationPort":3389,"EventID":3,"Image":"C:\\Program Files\\Google\\Chrome\\Application\\chrome.exe","Protocol":"tcp","SourceIp":"192.168.1.100","SourcePort":61017,"agent":{"hostname":"WIN-B29Q3MPE","type":"winlogbeat","version":"8.5.0"},"destination":{"ip":"172.16.0.10","port":3389},"ecs":{"version":"8.5.0"},"event":{"action":"Process creation","category":["process"],"code":3,"kind":"event","provider":"Microsoft-Windows-Sysmon","type":["start"]},"host":{"name":"WIN-C3RNQ07L","os":{"family":"windows","name":"Windows Server 2019","version":"10.0.17763"}},"network":{"direction":"outbound","protocol":"tcp"},"source":{"ip":"192.168.1.100","port":61017},"winlog":{"channel":"Microsoft-Windows-Sysmon/Operational","computer_name":"WIN-AGXY888W.domain.local","event_id":3,"provider_name":"Microsoft-Windows-Sysmon","record_id":7595769,"task":"Process creation (rule: ProcessCreate)"}}
{"@timestamp":"2023-02-01T16:41:06.353Z","CommandLine":"C:\\Windows\\System32\\rundll32.exe JOITPGZN8E","EventID":1,"Image":"C:\\Windows\\System32\\rundll32.exe","ParentImage":"C:\\Windows\\System32\\mshta.exe","ParentProcessId":682,"ProcessId":65262,"User":"SYSTEM","agent":{"hostname":"WIN-VUP858O2","type":"winlogbeat","version":"8.5.0"},"ecs":{"version":"8.5.0"},"event":{"action":"Process creation","category":["process"],"code":1,"kind":"event","provider":"Microsoft-Windows-Sysmon","type":["start"]},"host":{"name":"WIN-BM66IEPH","os":{"family":"windows","name":"Windows Server 2019","version":"10.0.17763"}},"process":{"args":["C:\\Windows\\System32\\rundll32.exe","JOITPGZN8E"],"command_line":"C:\\Windows\\System32\\rundll32.exe JOITPGZN8E","executable":"C:\\Windows\\System32\\rundll32.exe","name":"rundll32.exe","parent":{"executable":"C:\\Windows\\System32\\mshta.exe","name":"mshta.exe","pid":834},"pid":21113},"user":{"domain":"DOMAIN","name":"SYSTEM"},"winlog":{"channel":"Microsoft-Windows-Sysmon/Operational","computer_name":"WIN-GNB7JPQN.domain.local","event_id":1,"provider_name":"Microsoft-Windows-Sysmon","record_id":7045457,"task":"Process creation (rule: ProcessCreate)"}}
{"@timestamp":"2023-04-01T23:51:18.494Z","Details":"C:\\temp\\GPEZW86G.exe","EventID":13,"Image":"C:\\Program Files\\Google\\Chrome\\Application\\chrome.exe","TargetObject":"HKLM\\SOFTWARE\\Microsoft\\Windows\\CurrentVersion\\Run\\MVN2PZ7A65","agent":{"hostname":"WIN-HFPAHYCW","type":"winlogbeat","version":"8.5.0"},"ecs":{"version":"8.5.0"},"event":{"action":"Process creation","category":["process"],"code":13,"kind":"event","provider":"Microsoft-Windows-Sysmon","type":["start"]},"host":{"name":"WIN-AIMUYQV3","os":{"family":"windows","name":"Windows Server 2019","version":"10.0.17763"}},"registry":{"data":{"strings":["C:\\temp\\UVLX5GMU.exe"]},"key":"HKLM\\SOFTWARE\\Microsoft\\Windows\\CurrentVersion\\Run","value":"1B67ATRSAA"},"winlog":{"channel":"Microsoft-Windows-Sysmon/Operational","computer_name":"WIN-Z49RFXFQ.domain.local","event_id":13,"provider_name":"Microsoft-Windows-Sysmon","record_id":4325529,"task":"Process creation (rule: ProcessCreate)"}}
{"@timestamp":"2023-08-01T07:25:26.152Z","CommandLine":"C:\\Windows\\System32\\cscript.exe U3UMDOK6XX","EventID":1,"Image":"C:\\Windows\\System32\\cscript.exe","ParentImage":"C:\\Windows\\System32\\rundll32.exe","ParentProcessId":448,"ProcessId":49722,"User":"DefaultAccount","agent":{"hostname":"WIN-O2VRCU3M","type":"winlogbeat","version":"8.5.0"},"ecs":{"version":"8.5.0"},"event":{"action":"Process creation","category":["process"],"code":1,"kind":"event","provider":"Microsoft-Windows-Sysmon","type":["start"]},"host":{"name":"WIN-ZM12DVPK","os":{"family":"windows","name":"Windows Server 2019","version":"10.0.17763"}},"process":{"args":["C:\\Windows\\System32\\cscript.exe","U3UMDOK6XX"],"command_line":"C:\\Windows\\System32\\cscript.exe U3UMDOK6XX","executable":"C:\\Windows\\System32\\cscript.exe","name":"cscript.exe","parent":{"executable":"C:\\Windows\\System32\\rundll32.exe","name":"rundll32.exe","pid":150},"pid":63273},"user":{"domain":"DOMAIN","name":"DefaultAccount"},"winlog":{"channel":"Microsoft-Windows-Sysmon/Operational","computer_name":"WIN-DQ6ZVE60.domain.local","event_id":1,"provider_name":"Microsoft-Windows-Sysmon","record_id":8589048,"task":"Process creation (rule: ProcessCreate)"}}
{"@timestamp":"2023-05-16T02:16:39.803Z","EventID":17,"Image":"C:\\Windows\\System32\\calc.exe","PipeName":"\\pipe\\spoolss","agent":{"hostname":"WIN-P19LHVI4","type":"winlogbeat","version":"8.5.0"},"ecs":{"version":"8.5.0"},"event":{"action":"Process creation","category":["process"],"code":17,"kind":"event","provider":"Microsoft-Windows-Sysmon","type":["start"]},"host":{"name":"WIN-OSVSNTFH","os":{"family":"windows","name":"Windows Server 2019","version":"10.0.17763"}},"winlog":{"channel":"Microsoft-Windows-Sysmon/Operational","computer_name":"WIN-YX48D5TA.domain.local","event_id":17,"provider_name":"Microsoft-Windows-Sysmon","record_id":2458038,"task":"Process creation (rule: ProcessCreate)"}}
{"@timestamp":"2023-11-15T10:10:08.165Z","Details":"C:\\temp\\NL49V03K.exe","EventID":13,"Image":"C:\\Windows\\System32\\cscript.exe","TargetObject":"HKLM\\SOFTWARE\\Classes\\exefile\\shell\\open\\command\\56J7MXI4SX","agent":{"hostname":"WIN-I5YKINOP","type":"winlogbeat","version":"8.5.0"},"ecs":{"version":"8.5.0"},"event":{"action":"Process creation","category":["process"],"code":13,"kind":"event","provider":"Microsoft-Windows-Sysmon","type":["start"]},"host":{"name":"WIN-8BGF5IYR","os":{"family":"windows","name":"Windows Server 2019","version":"10.0.17763"}},"registry":{"data":{"strings":["C:\\temp\\FKGXA16V.exe"]},"key":"HKLM\\SOFTWARE\\Classes\\exefile\\shell\\open\\command","value":"57KMUKD4FG"},"winlog":{"channel":"Microsoft-Windows-Sysmon/Operational","computer_name":"WIN-G789AM4K.domain.local","event_id":13,"provider_name":"Microsoft-Windows-Sysmon","record_id":9303882,"task":"Process creation (rule: ProcessCreate)"}}
{"@timestamp":"2023-05-21T01:26:22.193Z","CommandLine":"C:\\Windows\\System32\\cmd.exe Y473WSXNRT","EventID":1,"Image":"C:\\Windows\\System32\\cmd.exe","ParentImage":"C:\\Program Files (x86)\\Microsoft\\Edge\\Application\\msedge.exe","ParentProcessId":949,"ProcessId":62151,"User":"Administrator","agent":{"hostname":"WIN-UOJ138GW","type":"winlogbeat","version":"8.5.0"},"ecs":{"version":"8.5.0"},"event":{"action":"Process creation","category":["process"],"code":1,"kind":"event","provider":"Microsoft-Windows-Sysmon","type":["start"]},"host":{"name":"WIN-6AS0JG7B","os":{"family":"windows","name":"Windows Server 2019","version":"10.0.17763"}},"process":{"args":["C:\\Windows\\System32\\cmd.exe","Y473WSXNRT"],"command_line":"C:\\Windows\\System32\\cmd.exe Y473WSXNRT","executable":"C:\\Windows\\System32\\cmd.exe","name":"cmd.exe","parent":{"executable":"C:\\Program Files (x86)\\Microsoft\\Edge\\Application\\msedge.exe","name":"msedge.exe","pid":994},"pid":58359},"user":{"domain":"DOMAIN","name":"Administrator"},"winlog":{"channel":"Microsoft-Windows-Sysmon/Operational","computer_name":"WIN-9SCLNGRG.domain.local","event_id":1,"provider_name":"Microsoft-Windows-Sysmon","record_id":7041525,"task":"Process creation (rule: ProcessCreate)"}}
{"@timestamp":"2023-04-03T22:07:54.176Z","DestinationIp":"suspicious-site.net","DestinationPort":3389,"EventID":3,"Image":"C:\\Windows\\System32\\explorer.exe","Protocol":"tcp","SourceIp":"192.168.1.100","SourcePort":62629,"agent":{"hostname":"WIN-YVL2S8B1","type":"winlogbeat","version":"8.5.0"},"destination":{"ip":"suspicious-site.net","port":3389},"ecs":{"version":"8.5.0"},"event":{"action":"Process creation","category":["process"],"code":3,"kind":"event","provider":"Microsoft-Windows-Sysmon","type":["start"]},"host":{"name":"WIN-F7DJ3Z2O","os":{"family":"windows","name":"Windows Server 2019","version":"10.0.17763"}},"network":{"direction":"outbound","protocol":"tcp"},"source":{"ip":"192.168.1.100","port":62629},"winlog":{"channel":"Microsoft-Windows-Sysmon/Operational","computer_name":"WIN-RI9LQOQ0.domain.local","event_id":3,"provider_name":"Microsoft-Windows-Sysmon","record_id":6702705,"task":"Process creation (rule: ProcessCreate)"}}
{"@timestamp":"2023-02-06T05:28:36.689Z","DestinationIp":"208.67.222.222","DestinationPort":445,"EventID":3,"Image":"C:\\Windows\\System32\\calc.exe","Protocol":"tcp","SourceIp":"192.168.1.100","SourcePort":51660,"agent":{"hostname":"WIN-LTWKE6YF","type":"winlogbeat","version":"8.5.0"},"destination":{"ip":"208.67.222.222","port":445},"ecs":{"version":"8.5.0"},"event":{"action":"Process creation","category":["process"],"code":3,"kind":"event","provider":"Microsoft-Windows-Sysmon","type":["start"]},"host":{"name":"WIN-S8FYJ3A5","os":{"family":"windows","name":"Windows Server 2019","version":"10.0.17763"}},"network":{"direction":"outbound","protocol":"tcp"},"source":{"ip":"192.168.1.100","port":51660},"winlog":{"channel":"Microsoft-Windows-Sysmon/Operational","computer_name":"WIN-2EXJK0DJ.domain.local","event_id":3,"provider_name":"Microsoft-Windows-Sysmon","record_id":6173303,"task":"Process creation (rule: ProcessCreate)"}}
{"@timestamp":"2023-10-03T11:44:19.376Z","Details":"C:\\temp\\79FFZYLC.exe","EventID":13,"Image":"C:\\Windows\\System32\\WindowsPowerShell\\v1.0\\powershell.exe","TargetObject":"HKLM\\SOFTWARE\\Microsoft\\Windows\\CurrentVersion\\Run\\ZZGHTNTG94","agent":{"hostname":"WIN-V2NRJ54V","type":"winlogbeat","version":"8.5.0"},"ecs":{"version":"8.5.0"},"event":{"action":"Process creation","category":["process"],"code":13,"kind":"event","provider":"Microsoft-Windows-Sysmon","type":["start"]},"host":{"name":"WIN-80B0BBLF","os":{"family":"windows","name":"Windows Server 2019","version":"10.0.17763"}},"registry":{"data":{"strings":["C:\\temp\\WJ439B95.exe"]},"key":"HKLM\\SOFTWARE\\Microsoft\\Windows\\CurrentVersion\\Run","value":"AXEUH1WC1J"},"winlog":{"channel":"Microsoft-Windows-Sysmon/Operational","computer_name":"WIN-D6FXDPW7.domain.local","event_id":13,"provider_name":"Microsoft-Windows-Sysmon","record_id":3056531,"task":"Process creation (rule: ProcessCreate)"}}
{"@timestamp":"2023-05-27T12:22:05.521Z","Details":"C:\\temp\\EGZC9S7G.exe","EventID":13,"Image":"C:\\Windows\\System32\\mshta.exe","TargetObject":"HKCU\\SOFTWARE\\Microsoft\\Windows\\CurrentVersion\\Run\\4RFYQFFVK9","agent":{"hostname":"WIN-XMW3KWJE","type":"winlogbeat","version":"8.5.0"},"ecs":{"version":"8.5.0"},"event":{"action":"Process creation","category":["process"],"code":13,"kind":"event","provider":"Microsoft-Windows-Sysmon","type":["start"]},"host":{"name":"WIN-D9JHAGWJ","os":{"family":"windows","name":"Windows Server 2019","version":"10.0.17763"}},"registry":{"data":{"strings":["C:\\temp\\IP3NI70H.exe"]},"key":"HKCU\\SOFTWARE\\Microsoft\\Windows\\CurrentVersion\\Run","value":"BZV318AW2U"},"winlog":{"channel":"Microsoft-Windows-Sysmon/Operational","computer_name":"WIN-U6N1TJMK.domain.local","event_id":13,"provider_name":"Microsoft-Windows-Sysmon","record_id":5765549,"task":"Process creation (rule: ProcessCreate)"}}
{"@timestamp":"2023-08-05T22:59:53.146Z","Details":"C:\\temp\\WCEHZYZQ.exe","EventID":13,"Image":"C:\\Program Files\\Mozilla Firefox\\firefox.exe","TargetObject":"HKLM\\SOFTWARE\\Microsoft\\Windows\\CurrentVersion\\Run\\L6GWEUOWE3","agent":{"hostname":"WIN-U826D90H","type":"winlogbeat","version":"8.5.0"},"ecs":{"version":"8.5.0"},"event":{"action":"Process creation","category":["process"],"code":13,"kind":"event","provider":"Microsoft-Windows-Sysmon","type":["start"]},"host":{"name":"WIN-VTKUDDZW","os":{"family":"windows","name":"Windows Server 2019","version":"10.0.17763"}},"registry":{"data":{"strings":["C:\\temp\\BVQHT4G2.exe"]},"key":"HKLM\\SOFTWARE\\Microsoft\\Windows\\CurrentVersion\\Run","value":"ZGQHA0TLXA"},"winlog":{"channel":"Microsoft-Windows-Sysmon/Operational","computer_name":"WIN-M51HA4AP.domain.local","event_id":13,"provider_name":"Microsoft-Windows-Sysmon","record_id":5103205,"task":"Process creation (rule: ProcessCreate)"}}
{"@timestamp":"2023-08-24T17:22:29.171Z","DestinationIp":"192.168.1.100","DestinationPort":3389,"EventID":3,"Image":"C:\\Windows\\System32\\cscript.exe","Protocol":"tcp","SourceIp":"192.168.1.100","SourcePort":55018,"agent":{"hostname":"WIN-U2UESTNT","type":"winlogbeat","version":"8.5.0"},"destination":{"ip":"192.168.1.100","port":3389},"ecs":{"version":"8.5.0"},"event":{"action":"Process creation","category":["process"],"code":3,"kind":"event","provider":"Microsoft-Windows-Sysmon","type":["start"]},"host":{"name":"WIN-O8WAB7U5","os":{"family":"windows","name":"Windows Server 2019","version":"10.0.17763"}},"network":{"direction":"outbound","protocol":"tcp"},"source":{"ip":"192.168.1.100","port":55018},"winlog":{"channel":"Microsoft-Windows-Sysmon/Operational","computer_name":"WIN-UVUL9C6Y.domain.local","event_id":3,"provider_name":"Microsoft-Windows-Sysmon","record_id":8482027,"task":"Process creation (rule: ProcessCreate)"}}
{"@timestamp":"2023-10-01T21:51:21.609Z","DestinationIp":"10.0.0.50","DestinationPort":53,"EventID":3,"Image":"C:\\Windows\\System32\\svchost.exe","Protocol":"tcp","SourceIp":"192.168.1.100","SourcePort":65055,"agent":{"hostname":"WIN-ATLDHCQU","type":"winlogbeat","version":"8.5.0"},"destination":{"ip":"10.0.0.50","port":53},"ecs":{"version":"8.5.0"},"event":{"action":"Process creation","category":["process"],"code":3,"kind":"event","provider":"Microsoft-Windows-Sysmon","type":["start"]},"host":{"name":"WIN-18J4OFAE","os":{"family":"windows","name":"Windows Server 2019","version":"10.0.17763"}},"network":{"direction":"outbound","protocol":"tcp"},"source":{"ip":"192.168.1.100","port":65055},"winlog":{"channel":"Microsoft-Windows-Sysmon/Operational","computer_name":"WIN-5KNC9W1F.domain.local","event_id":3,"provider_name":"Microsoft-Windows-Sysmon","record_id":3092770,"task":"Process creation (rule: ProcessCreate)"}}
{"@timestamp":"2023-09-20T11:02:41.257Z","CommandLine":"C:\\Program Files\\Google\\Chrome\\Application\\chrome.exe --new-tab https://example.com","EventID":1,"Image":"C:\\Program Files\\Google\\Chrome\\Application\\chrome.exe","ParentImage":"C:\\Windows\\System32\\powershell.exe","ParentProcessId":348,"ProcessId":34032,"User":"Guest","agent":{"hostname":"WIN-ODJM5QPO","type":"winlogbeat","version":"8.5.0"},"ecs":{"version":"8.5.0"},"event":{"action":"Process creation","category":["process"],"code":1,"kind":"event","provider":"Microsoft-Windows-Sysmon","type":["start"]},"host":{"name":"WIN-3CIENYIT","os":{"family":"windows","name":"Windows Server 2019","version":"10.0.17763"}},"process":{"args":["C:\\Program","Files\\Google\\Chrome\\Application\\chrome.exe","--new-tab","https://example.com"],"command_line":"C:\\Program Files\\Google\\Chrome\\Application\\chrome.exe --new-tab https://example.com","executable":"C:\\Program Files\\Google\\Chrome\\Application\\chrome.exe","name":"chrome.exe","parent":{"executable":"C:\\Windows\\System32\\powershell.exe","name":"powershell.exe","pid":340},"pid":10897},"user":{"domain":"DOMAIN","name":"Guest"},"winlog":{"channel":"Microsoft-Windows-Sysmon/Operational","computer_name":"WIN-I4J76X1S.domain.local","event_id":1,"provider_name":"Microsoft-Windows-Sysmon","record_id":8865882,"task":"Process creation (rule: ProcessCreate)"}}
{"@timestamp":"2023-04-18T22:56:53.233Z","Details":"C:\\temp\\0HRDLQD6.exe","EventID":13,"Image":"C:\\Windows\\System32\\calc.exe","TargetObject":"HKLM\\SOFTWARE\\Classes\\exefile\\shell\\open\\command\\T1N4UU102W","agent":{"hostname":"WIN-L68Z16EO","type":"winlogbeat","version":"8.5.0"},"ecs":{"version":"8.5.0"},"event":{"action":"Process creation","category":["process"],"code":13,"kind":"event","provider":"Microsoft-Windows-Sysmon","type":["start"]},"host":{"name":"WIN-GYD5R9K2","os":{"family":"windows","name":"Windows Server 2019","version":"10.0.17763"}},"registry":{"data":{"strings":["C:\\temp\\CNEQQ79W.exe"]},"key":"HKLM\\SOFTWARE\\Classes\\exefile\\shell\\open\\command","value":"UA6EX5Z12D"},"winlog":{"channel":"Microsoft-Windows-Sysmon/Operational","computer_name":"WIN-M767FQ4K.domain.local","event_id":13,"provider_name":"Microsoft-Windows-Sysmon","record_id":4352731,"task":"Process creation (rule: ProcessCreate)"}}
{"@timestamp":"2023-02-05T16:07:38.697Z","Details":"C:\\temp\\Q3Z45GVT.exe","EventID":13,"Image":"C:\\Windows\\System32\\taskmgr.exe","TargetObject":"HKCU\\SOFTWARE\\Microsoft\\Windows\\CurrentVersion\\Run\\HDIH5PQL6T","agent":{"hostname":"WIN-OGS7FOJ4","type":"winlogbeat","version":"8.5.0"},"ecs":{"version":"8.5.0"},"event":{"action":"Process creation","category":["process"],"code":13,"kind":"event","provider":"Microsoft-Windows-Sysmon","type":["start"]},"host":{"name":"WIN-T0MCKQ61","os":{"family":"windows","name":"Windows Server 2019","version":"10.0.17763"}},"registry":{"data":{"strings":["C:\\temp\\P4Z344PH.exe"]},"key":"HKCU\\SOFTWARE\\Microsoft\\Windows\\CurrentVersion\\Run","value":"92G5GC8ZLC"},"winlog":{"channel":"Microsoft-Windows-Sysmon/Operational","computer_name":"WIN-VZUOSNR1.domain.local","event_id":13,"provider_name":"Microsoft-Windows-Sysmon","record_id":9552859,"task":"Process creation (rule: ProcessCreate)"}}
{"@timestamp":"2023-01-22T23:02:07.214Z","CommandLine":"C:\\Windows\\System32\\svchost.exe JHNAGKXOHB","EventID":1,"Image":"C:\\Windows\\System32\\svchost.exe","ParentImage":"C:\\Windows\\System32\\cmd.exe","ParentProcessId":896,"ProcessId":17941,"User":"Administrator","agent":{"hostname":"WIN-ER2UZOGL","type":"winlogbeat","version":"8.5.0"},"ecs":{"version":"8.5.0"},"event":{"action":"Process creation","category":["process"],"code":1,"kind":"event","provider":"Microsoft-Windows-Sysmon","type":["start"]},"host":{"name":"WIN-C692IBAL","os":{"family":"windows","name":"Windows Server 2019","version":"10.0.17763"}},"process":{"args":["C:\\Windows\\System32\\svchost.exe","JHNAGKXOHB"],"command_line":"C:\\Windows\\System32\\svchost.exe JHNAGKXOHB","executable":"C:\\Windows\\System32\\svchost.exe","name":"svchost.exe","parent":{"executable":"C:\\Windows\\System32\\cmd.exe","name":"cmd.exe","pid":497},"pid":15220},"user":{"domain":"DOMAIN","name":"Administrator"},"winlog":{"channel":"Microsoft-Windows-Sysmon/Operational","computer_name":"WIN-HFFN2EK7.domain.local","event_id":1,"provider_name":"Microsoft-Windows-Sysmon","record_id":8380078,"task":"Process creation (rule: ProcessCreate)"}}
{"@timestamp":"2023-02-12T14:18:57.963Z","CommandLine":"C:\\Windows\\System32\\mshta.exe 1KDCRE5N66","EventID":1,"Image":"C:\\Windows\\System32\\mshta.exe","ParentImage":"C:\\Windows\\System32\\wininit.exe","ParentProcessId":571,"ProcessId":48842,"User":"Guest","agent":{"hostname":"WIN-EYXU4IWL","type":"winlogbeat","version":"8.5.0"},"ecs":{"version":"8.5.0"},"event":{"action":"Process creation","category":["process"],"code":1,"kind":"event","provider":"Microsoft-Windows-Sysmon","type":["start"]},"host":{"name":"WIN-UGVKC4T2","os":{"family":"windows","name":"Windows Server 2019","version":"10.0.17763"}},"process":{"args":["C:\\Windows\\System32\\mshta.exe","1KDCRE5N66"],"command_line":"C:\\Windows\\System32\\mshta.exe 1KDCRE5N66","executable":"C:\\Windows\\System32\\mshta.exe","name":"mshta.exe","parent":{"executable":"C:\\Windows\\System32\\wininit.exe","name":"wininit.exe","pid":485},"pid":6566},"user":{"domain":"DOMAIN","name":"Guest"},"winlog":{"channel":"Microsoft-Windows-Sysmon/Operational","computer_name":"WIN-8O9K0RBW.domain.local","event_id":1,"provider_name":"Microsoft-Windows-Sysmon","record_id":2902033,"task":"Process creation (rule: ProcessCreate)"}}
{"@timestamp":"2023-07-11T21:31:36.949Z","CommandLine":"C:\\Program Files\\Google\\Chrome\\Application\\chrome.exe --new-tab https://example.com","EventID":1,"Image":"C:\\Program Files\\Google\\Chrome\\Application\\chrome.exe","ParentImage":"C:\\Windows\\System32\\calc.exe","ParentProcessId":734,"ProcessId":47091,"User":"user","agent":{"hostname":"WIN-8QYHROW9","type":"winlogbeat","version":"8.5.0"},"ecs":{"version":"8.5.0"},"event":{"action":"Process creation","category":["process"],"code":1,"kind":"event","provider":"Microsoft-Windows-Sysmon","type":["start"]},"host":{"name":"WIN-0YW122FV","os":{"family":"windows","name":"Windows Server 2019","version":"10.0.17763"}},"process":{"args":["C:\\Program","Files\\Google\\Chrome\\Application\\chrome.exe","--new-tab","https://example.com"],"command_line":"C:\\Program Files\\Google\\Chrome\\Application\\chrome.exe --new-tab https://example.com","executable":"C:\\Program Files\\Google\\Chrome\\Application\\chrome.exe","name":"chrome.exe","parent":{"executable":"C:\\Windows\\System32\\calc.exe","name":"calc.exe","pid":210},"pid":38551},"user":{"domain":"DOMAIN","name":"user"},"winlog":{"channel":"Microsoft-Windows-Sysmon/Operational","computer_name":"WIN-OLWPU8HO.domain.local","event_id":1,"provider_name":"Microsoft-Windows-Sysmon","record_id":9764884,"task":"Process creation (rule: ProcessCreate)"}}
{"@timestamp":"2023-02-21T05:33:48.979Z","CommandLine":"C:\\Windows\\System32\\explorer.exe","EventID":1,"Image":"C:\\Windows\\System32\\explorer.exe","ParentImage":"C:\\Windows\\System32\\lsass.exe","ParentProcessId":786,"ProcessId":16730,"User":"NT AUTHORITY\\LOCAL SERVICE","agent":{"hostname":"WIN-EFERX5O0","type":"winlogbeat","version":"8.5.0"},"ecs":{"version":"8.5.0"},"event":{"action":"Process creation","category":["process"],"code":1,"kind":"event","provider":"Microsoft-Windows-Sysmon","type":["start"]},"host":{"name":"WIN-MCY1WDMT","os":{"family":"windows","name":"Windows Server 2019","version":"10.0.17763"}},"process":{"args":["C:\\Windows\\System32\\explorer.exe"],"command_line":"C:\\Windows\\System32\\explorer.exe","executable":"C:\\Windows\\System32\\explorer.exe","name":"explorer.exe","parent":{"executable":"C:\\Windows\\System32\\lsass.exe","name":"lsass.exe","pid":755},"pid":14094},"user":{"domain":"NT AUTHORITY","name":"NT AUTHORITY\\LOCAL SERVICE"},"winlog":{"channel":"Microsoft-Windows-Sysmon/Operational","computer_name":"WIN-9DBV4TYL.domain.local","event_id":1,"provider_name":"Microsoft-Windows-Sysmon","record_id":5339864,"task":"Process creation (rule: ProcessCreate)"}}
{"@timestamp":"2023-07-18T09:58:01.738Z","CommandLine":"C:\\Windows\\System32\\winlogon.exe 3J6CFONRE2","EventID":1,"Image":"C:\\Windows\\System32\\winlogon.exe","ParentImage":"C:\\Windows\\System32\\powershell.exe","ParentProcessId":850,"ProcessId":59477,"User":"john.doe","agent":{"hostname":"WIN-0IP8IDF0","type":"winlogbeat","version":"8.5.0"},"ecs":{"version":"8.5.0"},"event":{"action":"Process creation","category":["process"],"code":1,"kind":"event","provider":"Microsoft-Windows-Sysmon","type":["start"]},"host":{"name":"WIN-KAX93Z9H","os":{"family":"windows","name":"Windows Server 2019","version":"10.0.17763"}},"process":{"args":["C:\\Windows\\System32\\winlogon.exe","3J6CFONRE2"],"command_line":"C:\\Windows\\System32\\winlogon.exe 3J6CFONRE2","executable":"C:\\Windows\\System32\\winlogon.exe","name":"winlogon.exe","parent":{"executable":"C:\\Windows\\System32\\powershell.exe","name":"powershell.exe","pid":845},"pid":22371},"user":{"domain":"DOMAIN","name":"john.doe"},"winlog":{"channel":"Microsoft-Windows-Sysmon/Operational","computer_name":"WIN-SMJR3LWN.domain.local","event_id":1,"provider_name":"Microsoft-Windows-Sysmon","record_id":7832655,"task":"Process creation (rule: ProcessCreate)"}}
{"@timestamp":"2023-06-04T14:49:05.328Z","CommandLine":"C:\\Windows\\System32\\cscript.exe NU9QPX00XG","EventID":1,"Image":"C:\\Windows\\System32\\cscript.exe","ParentImage":"C:\\Windows\\System32\\calc.exe","ParentProcessId":658,"ProcessId":40990,"User":"user","agent":{"hostname":"WIN-YOG5A1MP","type":"winlogbeat","version":"8.5.0"},"ecs":{"version":"8.5.0"},"event":{"action":"Process creation","category":["process"],"code":1,"kind":"event","provider":"Microsoft-Windows-Sysmon","type":["start"]},"host":{"name":"WIN-H4MMM6YF","os":{"family":"windows","name":"Windows Server 2019","version":"10.0.17763"}},"process":{"args":["C:\\Windows\\System32\\cscript.exe","NU9QPX00XG"],"command_line":"C:\\Windows\\System32\\cscript.exe NU9QPX00XG","executable":"C:\\Windows\\System32\\cscript.exe","name":"cscript.exe","parent":{"executable":"C:\\Windows\\System32\\calc.exe","name":"calc.exe","pid":804},"pid":26119},"user":{"domain":"DOMAIN","name":"user"},"winlog":{"channel":"Microsoft-Windows-Sysmon/Operational","computer_name":"WIN-R6FQDSTJ.domain.local","event_id":1,"provider_name":"Microsoft-Windows-Sysmon","record_id":4531593,"task":"Process creation (rule: ProcessCreate)"}}
{"@timestamp":"2023-06-20T12:35:11.596Z","DestinationIp":"malicious-domain.com","DestinationPort":139,"EventID":3,"Image":"C:\\Program Files\\Google\\Chrome\\Application\\chrome.exe","Protocol":"tcp","SourceIp":"192.168.1.100","SourcePort":62635,"agent":{"hostname":"WIN-SASZX63O","type":"winlogbeat","version":"8.5.0"},"destination":{"ip":"malicious-domain.com","port":139},"ecs":{"version":"8.5.0"},"event":{"action":"Process creation","category":["process"],"code":3,"kind":"event","provider":"Microsoft-Windows-Sysmon","type":["start"]},"host":{"name":"WIN-MV6APFXI","os":{"family":"windows","name":"Windows Server 2019","version":"10.0.17763"}},"network":{"direction":"outbound","protocol":"tcp"},"source":{"ip":"192.168.1.100","port":62635},"winlog":{"channel":"Microsoft-Windows-Sysmon/Operational","computer_name":"WIN-5BLUNWP8.domain.local","event_id":3,"provider_name":"Microsoft-Windows-Sysmon","record_id":4062574,"task":"Process creation (rule: ProcessCreate)"}}
{"@timestamp":"2023-04-13T16:00:06.693Z","CommandLine":"C:\\Windows\\System32\\rundll32.exe 1HYRWCOOPJ","EventID":1,"Image":"C:\\Windows\\System32\\rundll32.exe","ParentImage":"C:\\Windows\\System32\\WindowsPowerShell\\v1.0\\powershell.exe","ParentProcessId":387,"ProcessId":37256,"User":"Administrator","agent":{"hostname":"WIN-O13PVX4C","type":"winlogbeat","version":"8.5.0"},"ecs":{"version":"8.5.0"},"event":{"action":"Process creation","category":["process"],"code":1,"kind":"event","provider":"Microsoft-Windows-Sysmon","type":["start"]},"host":{"name":"WIN-N7STBGPV","os":{"family":"windows","name":"Windows Server 2019","version":"10.0.17763"}},"process":{"args":["C:\\Windows\\System32\\rundll32.exe","1HYRWCOOPJ"],"command_line":"C:\\Windows\\System32\\rundll32.exe 1HYRWCOOPJ","executable":"C:\\Windows\\System32\\rundll32.exe","name":"rundll32.exe","parent":{"executable":"C:\\Windows\\System32\\WindowsPowerShell\\v1.0\\powershell.exe","name":"powershell.exe","pid":486},"pid":6893},"user":{"domain":"DOMAIN","name":"Administrator"},"winlog":{"channel":"Microsoft-Windows-Sysmon/Operational","computer_name":"WIN-MLQZVICN.domain.local","event_id":1,"provider_name":"Microsoft-Windows-Sysmon","record_id":4100985,"task":"Process creation (rule: ProcessCreate)"}}
{"@timestamp":"2023-09-24T06:01:12.158Z","CommandLine":"C:\\Windows\\System32\\cmd.exe DGKVF0RLTO","EventID":1,"Image":"C:\\Windows\\System32\\cmd.exe","ParentImage":"C:\\Windows\\System32\\notepad.exe","ParentProcessId":559,"ProcessId":44990,"User":"jane.smith","agent":{"hostname":"WIN-01RTJCK2","type":"winlogbeat","version":"8.5.0"},"ecs":{"version":"8.5.0"},"event":{"action":"Process creation","category":["process"],"code":1,"kind":"event","provider":"Microsoft-Windows-Sysmon","type":["start"]},"host":{"name":"WIN-9WXWT063","os":{"family":"windows","name":"Windows Server 2019","version":"10.0.17763"}},"process":{"args":["C:\\Windows\\System32\\cmd.exe","DGKVF0RLTO"],"command_line":"C:\\Windows\\System32\\cmd.exe DGKVF0RLTO","executable":"C:\\Windows\\System32\\cmd.exe","name":"cmd.exe","parent":{"executable":"C:\\Windows\\System32\\notepad.exe","name":"notepad.exe","pid":948},"pid":5997},"user":{"domain":"DOMAIN","name":"jane.smith"},"winlog":{"channel":"Microsoft-Windows-Sysmon/Operational","computer_name":"WIN-G2ON7F7X.domain.local","event_id":1,"provider_name":"Microsoft-Windows-Sysmon","record_id":2133999,"task":"Process creation (rule: ProcessCreate)"}}
{"@timestamp":"2023-06-05T03:43:33.613Z","CommandLine":"C:\\Windows\\System32\\rundll32.exe OA6NF5MZSP","EventID":1,"Image":"C:\\Windows\\System32\\rundll32.exe","ParentImage":"C:\\Windows\\System32\\mshta.exe","ParentProcessId":831,"ProcessId":30783,"User":"NT AUTHORITY\\SYSTEM","agent":{"hostname":"WIN-4B601APJ","type":"winlogbeat","version":"8.5.0"},"ecs":{"version":"8.5.0"},"event":{"action":"Process creation","category":["process"],"code":1,"kind":"event","provider":"Microsoft-Windows-Sysmon","type":["start"]},"host":{"name":"WIN-K67TTF5I","os":{"family":"windows","name":"Windows Server 2019","version":"10.0.17763"}},"process":{"args":["C:\\Windows\\System32\\rundll32.exe","OA6NF5MZSP"],"command_line":"C:\\Windows\\System32\\rundll32.exe OA6NF5MZSP","executable":"C:\\Windows\\System32\\rundll32.exe","name":"rundll32.exe","parent":{"executable":"C:\\Windows\\System32\\mshta.exe","name":"mshta.exe","pid":459},"pid":63131},"user":{"domain":"NT AUTHORITY","name":"NT AUTHORITY\\SYSTEM"},"winlog":{"channel":"Microsoft-Windows-Sysmon/Operational","computer_name":"WIN-PNBXKL9D.domain.local","event_id":1,"provider_name":"Microsoft-Windows-Sysmon","record_id":1871768,"task":"Process creation (rule: ProcessCreate)"}}
{"@timestamp":"2023-11-17T12:30:48.503Z","CommandLine":"C:\\Program Files\\Mozilla Firefox\\firefox.exe OPIXBWJJPX","EventID":1,"Image":"C:\\Program Files\\Mozilla Firefox\\firefox.exe","ParentImage":"C:\\Windows\\System32\\explorer.exe","ParentProcessId":445,"ProcessId":15573,"User":"NT AUTHORITY\\SYSTEM","agent":{"hostname":"WIN-LTX5VQ4G","type":"winlogbeat","version":"8.5.0"},"ecs":{"version":"8.5.0"},"event":{"action":"Process creation","category":["process"],"code":1,"kind":"event","provider":"Microsoft-Windows-Sysmon","type":["start"]},"host":{"name":"WIN-OB9RU7NE","os":{"family":"windows","name":"Windows Server 2019","version":"10.0.17763"}},"process":{"args":["C:\\Program","Files\\Mozilla","Firefox\\firefox.exe","OPIXBWJJPX"],"command_line":"C:\\Program Files\\Mozilla Firefox\\firefox.exe OPIXBWJJPX","executable":"C:\\Program Files\\Mozilla Firefox\\firefox.exe","name":"firefox.exe","parent":{"executable":"C:\\Windows\\System32\\explorer.exe","name":"explorer.exe","pid":397},"pid":50984},"user":{"domain":"NT AUTHORITY","name":"NT AUTHORITY\\SYSTEM"},"winlog":{"channel":"Microsoft-Windows-Sysmon/Operational","computer_name":"WIN-CCKR7QT3.domain.local","event_id":1,"provider_name":"Microsoft-Windows-Sysmon","record_id":7249316,"task":"Process creation (rule: ProcessCreate)"}}
{"@timestamp":"2023-01-11T00:34:16.619Z","CommandLine":"C:\\Windows\\System32\\powershell.exe 81EA5MY5OP","EventID":1,"Image":"C:\\Windows\\System32\\powershell.exe","ParentImage":"C:\\Windows\\System32\\cmd.exe","ParentProcessId":121,"ProcessId":23534,"User":"jane.smith","agent":{"hostname":"WIN-QFSME6BL","type":"winlogbeat","version":"8.5.0"},"ecs":{"version":"8.5.0"},"event":{"action":"Process creation","category":["process"],"code":1,"kind":"event","provider":"Microsoft-Windows-Sysmon","type":["start"]},"host":{"name":"WIN-EXHKCNLA","os":{"family":"windows","name":"Windows Server 2019","version":"10.0.17763"}},"process":{"args":["C:\\Windows\\System32\\powershell.exe","81EA5MY5OP"],"command_line":"C:\\Windows\\System32\\powershell.exe 81EA5MY5OP","executable":"C:\\Windows\\System32\\powershell.exe","name":"powershell.exe","parent":{"executable":"C:\\Windows\\System32\\cmd.exe","name":"cmd.exe","pid":380},"pid":45759},"user":{"domain":"DOMAIN","name":"jane.smith"},"winlog":{"channel":"Microsoft-Windows-Sysmon/Operational","computer_name":"WIN-KIRZEIQM.domain.local","event_id":1,"provider_name":"Microsoft-Windows-Sysmon","record_id":2241834,"task":"Process creation (rule: ProcessCreate)"}}
