{"@timestamp":"2023-12-26T15:50:41.209Z","CommandLine":"C:\\Windows\\System32\\wscript.exe HFPEHPI6DG","EventID":1,"Image":"C:\\Windows\\System32\\wscript.exe","ParentImage":"C:\\Windows\\System32\\wscript.exe","ParentProcessId":238,"ProcessId":16625,"User":"Administrator","agent":{"hostname":"WIN-4NI5YBUI","type":"winlogbeat","version":"8.5.0"},"ecs":{"version":"8.5.0"},"event":{"action":"Process creation","category":["process"],"code":1,"kind":"event","provider":"Microsoft-Windows-Sysmon","type":["start"]},"host":{"name":"WIN-F2MFJW80","os":{"family":"windows","name":"Windows Server 2019","version":"10.0.17763"}},"process":{"args":["C:\\Windows\\System32\\wscript.exe","HFPEHPI6DG"],"command_line":"C:\\Windows\\System32\\wscript.exe HFPEHPI6DG","executable":"C:\\Windows\\System32\\wscript.exe","name":"wscript.exe","parent":{"executable":"C:\\Windows\\System32\\wscript.exe","name":"wscript.exe","pid":996},"pid":15549},"user":{"domain":"DOMAIN","name":"Administrator"},"winlog":{"channel":"Microsoft-Windows-Sysmon/Operational","computer_name":"WIN-050WC6CG.domain.local","event_id":1,"provider_name":"Microsoft-Windows-Sysmon","record_id":7303599,"task":"Process creation (rule: ProcessCreate)"}}
{"@timestamp":"2023-02-02T18:20:53.405Z","CommandLine":"C:\\Windows\\System32\\svchost.exe H3YZNP0DIV","EventID":1,"Image":"C:\\Windows\\System32\\svchost.exe","ParentImage":"C:\\Windows\\System32\\taskmgr.exe","ParentProcessId":484,"ProcessId":34421,"User":"DefaultAccount","agent":{"hostname":"WIN-BG434AW2","type":"winlogbeat","version":"8.5.0"},"ecs":{"version":"8.5.0"},"event":{"action":"Process creation","category":["process"],"code":1,"kind":"event","provider":"Microsoft-Windows-Sysmon","type":["start"]},"host":{"name":"WIN-RWIFHX91","os":{"family":"windows","name":"Windows Server 2019","version":"10.0.17763"}},"process":{"args":["C:\\Windows\\System32\\svchost.exe","H3YZNP0DIV"],"command_line":"C:\\Windows\\System32\\svchost.exe H3YZNP0DIV","executable":"C:\\Windows\\System32\\svchost.exe","name":"svchost.exe","parent":{"executable":"C:\\Windows\\System32\\taskmgr.exe","name":"taskmgr.exe","pid":132},"pid":7479},"user":{"domain":"DOMAIN","name":"DefaultAccount"},"winlog":{"channel":"Microsoft-Windows-Sysmon/Operational","computer_name":"WIN-I320G5AX.domain.local","event_id":1,"provider_name":"Microsoft-Windows-Sysmon","record_id":4295301,"task":"Process creation (rule: ProcessCreate)"}}
{"@timestamp":"2023-02-28T18:32:19.296Z","CommandLine":"C:\\Windows\\System32\\services.exe LIS8WJVQ1K","EventID":1,"Image":"C:\\Windows\\System32\\services.exe","ParentImage":"C:\\Windows\\System32\\cscript.exe","ParentProcessId":230,"ProcessId":23872,"User":"service_account","agent":{"hostname":"WIN-K1UFBPVT","type":"winlogbeat","version":"8.5.0"},"ecs":{"version":"8.5.0"},"event":{"action":"Process creation","category":["process"],"code":1,"kind":"event","provider":"Microsoft-Windows-Sysmon","type":["start"]},"host":{"name":"WIN-UUKG7UY8","os":{"family":"windows","name":"Windows Server 2019","version":"10.0.17763"}},"process":{"args":["C:\\Windows\\System32\\services.exe","LIS8WJVQ1K"],"command_line":"C:\\Windows\\System32\\services.exe LIS8WJVQ1K","executable":"C:\\Windows\\System32\\services.exe","name":"services.exe","parent":{"executable":"C:\\Windows\\System32\\cscript.exe","name":"cscript.exe","pid":369},"pid":31561},"user":{"domain":"DOMAIN","name":"service_account"},"winlog":{"channel":"Microsoft-Windows-Sysmon/Operational","computer_name":"WIN-XZKEUUGZ.domain.local","event_id":1,"provider_name":"Microsoft-Windows-Sysmon","record_id":2941894,"task":"Process creation (rule: ProcessCreate)"}}
{"@timestamp":"2023-04-24T09:46:29.678Z","CommandLine":"C:\\Windows\\System32\\wininit.exe T9GBHS2SEE","EventID":1,"Image":"C:\\Windows\\System32\\wininit.exe","ParentImage":"C:\\Windows\\System32\\WindowsPowerShell\\v1.0\\powershell.exe","ParentProcessId":803,"ProcessId":51433,"User":"Administrator","agent":{"hostname":"WIN-HK4XOMCF","type":"winlogbeat","version":"8.5.0"},"ecs":{"version":"8.5.0"},"event":{"action":"Process creation","category":["process"],"code":1,"kind":"event","provider":"Microsoft-Windows-Sysmon","type":["start"]},"host":{"name":"WIN-EIJ6LI2N","os":{"family":"windows","name":"Windows Server 2019","version":"10.0.17763"}},"process":{"args":["C:\\Windows\\System32\\wininit.exe","T9GBHS2SEE"],"command_line":"C:\\Windows\\System32\\wininit.exe T9GBHS2SEE","executable":"C:\\Windows\\System32\\wininit.exe","name":"wininit.exe","parent":{"executable":"C:\\Windows\\System32\\WindowsPowerShell\\v1.0\\powershell.exe","name":"powershell.exe","pid":580},"pid":26798},"user":{"domain":"DOMAIN","name":"Administrator"},"winlog":{"channel":"Microsoft-Windows-Sysmon/Operational","computer_name":"WIN-LB5SVSXV.domain.local","event_id":1,"provider_name":"Microsoft-Windows-Sysmon","record_id":3610305,"task":"Process creation (rule: ProcessCreate)"}}
{"@timestamp":"2023-05-04T23:52:17.919Z","CommandLine":"C:\\Windows\\System32\\regsvr32.exe DZGBJS8R0W","EventID":1,"Image":"C:\\Windows\\System32\\regsvr32.exe","ParentImage":"C:\\Windows\\System32\\spoolsv.exe","ParentProcessId":830,"ProcessId":42706,"User":"NT AUTHORITY\\LOCAL SERVICE","agent":{"hostname":"WIN-LSX6X0QK","type":"winlogbeat","version":"8.5.0"},"ecs":{"version":"8.5.0"},"event":{"action":"Process creation","category":["process"],"code":1,"kind":"event","provider":"Microsoft-Windows-Sysmon","type":["start"]},"host":{"name":"WIN-UD05GGJQ","os":{"family":"windows","name":"Windows Server 2019","version":"10.0.17763"}},"process":{"args":["C:\\Windows\\System32\\regsvr32.exe","DZGBJS8R0W"],"command_line":"C:\\Windows\\System32\\regsvr32.exe DZGBJS8R0W","executable":"C:\\Windows\\System32\\regsvr32.exe","name":"regsvr32.exe","parent":{"executable":"C:\\Windows\\System32\\spoolsv.exe","name":"spoolsv.exe","pid":700},"pid":43826},"user":{"domain":"NT AUTHORITY","name":"NT AUTHORITY\\LOCAL SERVICE"},"winlog":{"channel":"Microsoft-Windows-Sysmon/Operational","computer_name":"WIN-QWCTKLII.domain.local","event_id":1,"provider_name":"Microsoft-Windows-Sysmon","record_id":4884610,"task":"Process creation (rule: ProcessCreate)"}}
{"@timestamp":"2023-05-10T09:22:21.502Z","CommandLine":"C:\\Windows\\System32\\wininit.exe FOPT57LV7Q","EventID":1,"Image":"C:\\Windows\\System32\\wininit.exe","ParentImage":"C:\\Windows\\System32\\explorer.exe","ParentProcessId":459,"ProcessId":31490,"User":"Guest","agent":{"hostname":"WIN-AAXV12MR","type":"winlogbeat","version":"8.5.0"},"ecs":{"version":"8.5.0"},"event":{"action":"Process creation","category":["process"],"code":1,"kind":"event","provider":"Microsoft-Windows-Sysmon","type":["start"]},"host":{"name":"WIN-WPDD9E75","os":{"family":"windows","name":"Windows Server 2019","version":"10.0.17763"}},"process":{"args":["C:\\Windows\\System32\\wininit.exe","FOPT57LV7Q"],"command_line":"C:\\Windows\\System32\\wininit.exe FOPT57LV7Q","executable":"C:\\Windows\\System32\\wininit.exe","name":"wininit.exe","parent":{"executable":"C:\\Windows\\System32\\explorer.exe","name":"explorer.exe","pid":456},"pid":17202},"user":{"domain":"DOMAIN","name":"Guest"},"winlog":{"channel":"Microsoft-Windows-Sysmon/Operational","computer_name":"WIN-ND1K223H.domain.local","event_id":1,"provider_name":"Microsoft-Windows-Sysmon","record_id":8452681,"task":"Process creation (rule: ProcessCreate)"}}
{"@timestamp":"2023-07-27T21:50:21.572Z","DestinationIp":"malicious-domain.com","DestinationPort":8080,"EventID":3,"Image":"C:\\Windows\\System32\\wscript.exe","Protocol":"tcp","SourceIp":"192.168.1.100","SourcePort":58988,"agent":{"hostname":"WIN-LUQ2V71S","type":"winlogbeat","version":"8.5.0"},"destination":{"ip":"malicious-domain.com","port":8080},"ecs":{"version":"8.5.0"},"event":{"action":"Process creation","category":["process"],"code":3,"kind":"event","provider":"Microsoft-Windows-Sysmon","type":["start"]},"host":{"name":"WIN-Y9LA7XYZ","os":{"family":"windows","name":"Windows Server 2019","version":"10.0.17763"}},"network":{"direction":"outbound","protocol":"tcp"},"source":{"ip":"192.168.1.100","port":58988},"winlog":{"channel":"Microsoft-Windows-Sysmon/Operational","computer_name":"WIN-7N3VBYZV.domain.local","event_id":3,"provider_name":"Microsoft-Windows-Sysmon","record_id":7403920,"task":"Process creation (rule: ProcessCreate)"}}
{"@timestamp":"2023-12-24T16:34:26.919Z","CommandLine":"C:\\Windows\\System32\\regsvr32.exe R8EC4NDB1G","EventID":1,"Image":"C:\\Windows\\System32\\regsvr32.exe","ParentImage":"C:\\Windows\\System32\\regsvr32.exe","ParentProcessId":492,"ProcessId":16386,"User":"NT AUTHORITY\\NETWORK SERVICE","agent":{"hostname":"WIN-F9MVNL15","type":"winlogbeat","version":"8.5.0"},"ecs":{"version":"8.5.0"},"event":{"action":"Process creation","category":["process"],"code":1,"kind":"event","provider":"Microsoft-Windows-Sysmon","type":["start"]},"host":{"name":"WIN-ACJD758T","os":{"family":"windows","name":"Windows Server 2019","version":"10.0.17763"}},"process":{"args":["C:\\Windows\\System32\\regsvr32.exe","R8EC4NDB1G"],"command_line":"C:\\Windows\\System32\\regsvr32.exe R8EC4NDB1G","executable":"C:\\Windows\\System32\\regsvr32.exe","name":"regsvr32.exe","parent":{"executable":"C:\\Windows\\System32\\regsvr32.exe","name":"regsvr32.exe","pid":558},"pid":12773},"user":{"domain":"NT AUTHORITY","name":"NT AUTHORITY\\NETWORK SERVICE"},"winlog":{"channel":"Microsoft-Windows-Sysmon/Operational","computer_name":"WIN-G2O3MBN0.domain.local","event_id":1,"provider_name":"Microsoft-Windows-Sysmon","record_id":2888150,"task":"Process creation (rule: ProcessCreate)"}}
{"@timestamp":"2023-11-18T05:26:08.903Z","DestinationIp":"legitimate-service.com","DestinationPort":8080,"EventID":3,"Image":"C:\\Windows\\System32\\services.exe","Protocol":"tcp","SourceIp":"192.168.1.100","SourcePort":61136,"agent":{"hostname":"WIN-OZ44YNAX","type":"winlogbeat","version":"8.5.0"},"destination":{"ip":"legitimate-service.com","port":8080},"ecs":{"version":"8.5.0"},"event":{"action":"Process creation","category":["process"],"code":3,"kind":"event","provider":"Microsoft-Windows-Sysmon","type":["start"]},"host":{"name":"WIN-8LFGL6N5","os":{"family":"windows","name":"Windows Server 2019","version":"10.0.17763"}},"network":{"direction":"outbound","protocol":"tcp"},"source":{"ip":"192.168.1.100","port":61136},"winlog":{"channel":"Microsoft-Windows-Sysmon/Operational","computer_name":"WIN-P8GFD7XD.domain.local","event_id":3,"provider_name":"Microsoft-Windows-Sysmon","record_id":2990314,"task":"Process creation (rule: ProcessCreate)"}}
{"@timestamp":"2023-07-03T21:31:24.630Z","CommandLine":"C:\\Windows\\System32\\taskmgr.exe FLNKN1XTSG","EventID":1,"Image":"C:\\Windows\\System32\\taskmgr.exe","ParentImage":"C:\\Windows\\System32\\mshta.exe","ParentProcessId":722,"ProcessId":2875,"User":"admin","agent":{"hostname":"WIN-2D7HAKT7","type":"winlogbeat","version":"8.5.0"},"ecs":{"version":"8.5.0"},"event":{"action":"Process creation","category":["process"],"code":1,"kind":"event","provider":"Microsoft-Windows-Sysmon","type":["start"]},"host":{"name":"WIN-JP83SFVN","os":{"family":"windows","name":"Windows Server 2019","version":"10.0.17763"}},"process":{"args":["C:\\Windows\\System32\\taskmgr.exe","FLNKN1XTSG"],"command_line":"C:\\Windows\\System32\\taskmgr.exe FLNKN1XTSG","executable":"C:\\Windows\\System32\\taskmgr.exe","name":"taskmgr.exe","parent":{"executable":"C:\\Windows\\System32\\mshta.exe","name":"mshta.exe","pid":390},"pid":8394},"user":{"domain":"DOMAIN","name":"admin"},"winlog":{"channel":"Microsoft-Windows-Sysmon/Operational","computer_name":"WIN-Z0N5WCGB.domain.local","event_id":1,"provider_name":"Microsoft-Windows-Sysmon","record_id":8102599,"task":"Process creation (rule: ProcessCreate)"}}
{"@timestamp":"2023-11-03T05:11:45.776Z","DestinationIp":"192.168.1.100","DestinationPort":8080,"EventID":3,"Image":"C:\\Windows\\System32\\explorer.exe","Protocol":"tcp","SourceIp":"192.168.1.100","SourcePort":50548,"agent":{"hostname":"WIN-W4OM2QQU","type":"winlogbeat","version":"8.5.0"},"destination":{"ip":"192.168.1.100","port":8080},"ecs":{"version":"8.5.0"},"event":{"action":"Process creation","category":["process"],"code":3,"kind":"event","provider":"Microsoft-Windows-Sysmon","type":["start"]},"host":{"name":"WIN-03TYMU33","os":{"family":"windows","name":"Windows Server 2019","version":"10.0.17763"}},"network":{"direction":"outbound","protocol":"tcp"},"source":{"ip":"192.168.1.100","port":50548},"winlog":{"channel":"Microsoft-Windows-Sysmon/Operational","computer_name":"WIN-OIGA0URN.domain.local","event_id":3,"provider_name":"Microsoft-Windows-Sysmon","record_id":1185755,"task":"Process creation (rule: ProcessCreate)"}}
{"@timestamp":"2023-04-11T01:58:04.954Z","CommandLine":"C:\\Windows\\System32\\spoolsv.exe SY39H2VJ0O","EventID":1,"Image":"C:\\Windows\\System32\\spoolsv.exe","ParentImage":"C:\\Windows\\System32\\spoolsv.exe","ParentProcessId":966,"ProcessId":58419,"User":"john.doe","agent":{"hostname":"WIN-8V9R7IR2","type":"winlogbeat","version":"8.5.0"},"ecs":{"version":"8.5.0"},"event":{"action":"Process creation","category":["process"],"code":1,"kind":"event","provider":"Microsoft-Windows-Sysmon","type":["start"]},"host":{"name":"WIN-N273V7OM","os":{"family":"windows","name":"Windows Server 2019","version":"10.0.17763"}},"process":{"args":["C:\\Windows\\System32\\spoolsv.exe","SY39H2VJ0O"],"command_line":"C:\\Windows\\System32\\spoolsv.exe SY39H2VJ0O","executable":"C:\\Windows\\System32\\spoolsv.exe","name":"spoolsv.exe","parent":{"executable":"C:\\Windows\\System32\\spoolsv.exe","name":"spoolsv.exe","pid":590},"pid":34682},"user":{"domain":"DOMAIN","name":"john.doe"},"winlog":{"channel":"Microsoft-Windows-Sysmon/Operational","computer_name":"WIN-K9LNF7DS.domain.local","event_id":1,"provider_name":"Microsoft-Windows-Sysmon","record_id":2890466,"task":"Process creation (rule: ProcessCreate)"}}
{"@timestamp":"2023-04-25T20:05:26.629Z","Details":"C:\\temp\\UE3NHZ1J.exe","EventID":13,"Image":"C:\\Windows\\System32\\cscript.exe","TargetObject":"HKLM\\SOFTWARE\\Microsoft\\Windows\\CurrentVersion\\Run\\GL57L3NOCN","agent":{"hostname":"WIN-NQ0YHX0D","type":"winlogbeat","version":"8.5.0"},"ecs":{"version":"8.5.0"},"event":{"action":"Process creation","category":["process"],"code":13,"kind":"event","provider":"Microsoft-Windows-Sysmon","type":["start"]},"host":{"name":"WIN-RC5SEK3S","os":{"family":"windows","name":"Windows Server 2019","version":"10.0.17763"}},"registry":{"data":{"strings":["C:\\temp\\BSAYY71F.exe"]},"key":"HKLM\\SOFTWARE\\Microsoft\\Windows\\CurrentVersion\\Run","value":"6LOM93XHS8"},"winlog":{"channel":"Microsoft-Windows-Sysmon/Operational","computer_name":"WIN-BTSI8G4E.domain.local","event_id":13,"provider_name":"Microsoft-Windows-Sysmon","record_id":7830180,"task":"Process creation (rule: ProcessCreate)"}}
{"@timestamp":"2023-10-19T05:17:02.328Z","DestinationIp":"update-server.microsoft.com","DestinationPort":3389,"EventID":3,"Image":"C:\\Windows\\System32\\wininit.exe","Protocol":"tcp","SourceIp":"192.168.1.100","SourcePort":50381,"agent":{"hostname":"WIN-OVARBN4C","type":"winlogbeat","version":"8.5.0"},"destination":{"ip":"update-server.microsoft.com","port":3389},"ecs":{"version":"8.5.0"},"event":{"action":"Process creation","category":["process"],"code":3,"kind":"event","provider":"Microsoft-Windows-Sysmon","type":["start"]},"host":{"name":"WIN-JAOH3PFD","os":{"family":"windows","name":"Windows Server 2019","version":"10.0.17763"}},"network":{"direction":"outbound","protocol":"tcp"},"source":{"ip":"192.168.1.100","port":50381},"winlog":{"channel":"Microsoft-Windows-Sysmon/Operational","computer_name":"WIN-6PEORNV5.domain.local","event_id":3,"provider_name":"Microsoft-Windows-Sysmon","record_id":1993848,"task":"Process creation (rule: ProcessCreate)"}}
{"@timestamp":"2023-08-20T15:40:28.469Z","CommandLine":"C:\\Windows\\System32\\explorer.exe","EventID":1,"Image":"C:\\Windows\\System32\\explorer.exe","ParentImage":"C:\\Windows\\System32\\calc.exe","ParentProcessId":201,"ProcessId":63062,"User":"NT AUTHORITY\\SYSTEM","agent":{"hostname":"WIN-67OPBJ1Y","type":"winlogbeat","version":"8.5.0"},"ecs":{"version":"8.5.0"},"event":{"action":"Process creation","category":["process"],"code":1,"kind":"event","provider":"Microsoft-Windows-Sysmon","type":["start"]},"host":{"name":"WIN-A7MAPPHE","os":{"family":"windows","name":"Windows Server 2019","version":"10.0.17763"}},"process":{"args":["C:\\Windows\\System32\\explorer.exe"],"command_line":"C:\\Windows\\System32\\explorer.exe","executable":"C:\\Windows\\System32\\explorer.exe","name":"explorer.exe","parent":{"executable":"C:\\Windows\\System32\\calc.exe","name":"calc.exe","pid":906},"pid":45085},"user":{"domain":"NT AUTHORITY","name":"NT AUTHORITY\\SYSTEM"},"winlog":{"channel":"Microsoft-Windows-Sysmon/Operational","computer_name":"WIN-5WRJHX2Z.domain.local","event_id":1,"provider_name":"Microsoft-Windows-Sysmon","record_id":9652498,"task":"Process creation (rule: ProcessCreate)"}}
{"@timestamp":"2023-08-13T22:25:20.376Z","CommandLine":"C:\\Program Files\\Mozilla Firefox\\firefox.exe HQME2RL0AD","EventID":1,"Image":"C:\\Program Files\\Mozilla Firefox\\firefox.exe","ParentImage":"C:\\Windows\\System32\\mshta.exe","ParentProcessId":592,"ProcessId":51208,"User":"john.doe","agent":{"hostname":"WIN-N1UDU5UB","type":"winlogbeat","version":"8.5.0"},"ecs":{"version":"8.5.0"},"event":{"action":"Process creation","category":["process"],"code":1,"kind":"event","provider":"Microsoft-Windows-Sysmon","type":["start"]},"host":{"name":"WIN-XOBCEGIJ","os":{"family":"windows","name":"Windows Server 2019","version":"10.0.17763"}},"process":{"args":["C:\\Program","Files\\Mozilla","Firefox\\firefox.exe","HQME2RL0AD"],"command_line":"C:\\Program Files\\Mozilla Firefox\\firefox.exe HQME2RL0AD","executable":"C:\\Program Files\\Mozilla Firefox\\firefox.exe","name":"firefox.exe","parent":{"executable":"C:\\Windows\\System32\\mshta.exe","name":"mshta.exe","pid":178},"pid":58190},"user":{"domain":"DOMAIN","name":"john.doe"},"winlog":{"channel":"Microsoft-Windows-Sysmon/Operational","computer_name":"WIN-GBOGQH8O.domain.local","event_id":1,"provider_name":"Microsoft-Windows-Sysmon","record_id":1887970,"task":"Process creation (rule: ProcessCreate)"}}
{"@timestamp":"2023-08-28T23:48:46.399Z","CommandLine":"C:\\Windows\\System32\\spoolsv.exe 77FLQVXZZO","EventID":1,"Image":"C:\\Windows\\System32\\spoolsv.exe","ParentImage":"C:\\Program Files\\Google\\Chrome\\Application\\chrome.exe","ParentProcessId":439,"ProcessId":65277,"User":"user","agent":{"hostname":"WIN-47RKNTA9","type":"winlogbeat","version":"8.5.0"},"ecs":{"version":"8.5.0"},"event":{"action":"Process creation","category":["process"],"code":1,"kind":"event","provider":"Microsoft-Windows-Sysmon","type":["start"]},"host":{"name":"WIN-GOWR4LA1","os":{"family":"windows","name":"Windows Server 2019","version":"10.0.17763"}},"process":{"args":["C:\\Windows\\System32\\spoolsv.exe","77FLQVXZZO"],"command_line":"C:\\Windows\\System32\\spoolsv.exe 77FLQVXZZO","executable":"C:\\Windows\\System32\\spoolsv.exe","name":"spoolsv.exe","parent":{"executable":"C:\\Program Files\\Google\\Chrome\\Application\\chrome.exe","name":"chrome.exe","pid":663},"pid":56492},"user":{"domain":"DOMAIN","name":"user"},"winlog":{"channel":"Microsoft-Windows-Sysmon/Operational","computer_name":"WIN-U98JI45Z.domain.local","event_id":1,"provider_name":"Microsoft-Windows-Sysmon","record_id":1071339,"task":"Process creation (rule: ProcessCreate)"}}
{"@timestamp":"2023-03-01T11:16:38.397Z","DestinationIp":"208.67.222.222","DestinationPort":8080,"EventID":3,"Image":"C:\\Windows\\System32\\WindowsPowerShell\\v1.0\\powershell.exe","Protocol":"tcp","SourceIp":"192.168.1.100","SourcePort":56605,"agent":{"hostname":"WIN-8OOFEBPU","type":"winlogbeat","version":"8.5.0"},"destination":{"ip":"208.67.222.222","port":8080},"ecs":{"version":"8.5.0"},"event":{"action":"Process creation","category":["process"],"code":3,"kind":"event","provider":"Microsoft-Windows-Sysmon","type":["start"]},"host":{"name":"WIN-M4QJL2I4","os":{"family":"windows","name":"Windows Server 2019","version":"10.0.17763"}},"network":{"direction":"outbound","protocol":"tcp"},"source":{"ip":"192.168.1.100","port":56605},"winlog":{"channel":"Microsoft-Windows-Sysmon/Operational","computer_name":"WIN-7U42E7FQ.domain.local","event_id":3,"provider_name":"Microsoft-Windows-Sysmon","record_id":2169691,"task":"Process creation (rule: ProcessCreate)"}}
{"@timestamp":"2023-06-11T15:51:47.657Z","CommandLine":"C:\\Windows\\System32\\taskmgr.exe CI0V2L5ZMZ","EventID":1,"Image":"C:\\Windows\\System32\\taskmgr.exe","ParentImage":"C:\\Windows\\System32\\powershell.exe","ParentProcessId":849,"ProcessId":2696,"User":"Administrator","agent":{"hostname":"WIN-08XHN8KK","type":"winlogbeat","version":"8.5.0"},"ecs":{"version":"8.5.0"},"event":{"action":"Process creation","category":["process"],"code":1,"kind":"event","provider":"Microsoft-Windows-Sysmon","type":["start"]},"host":{"name":"WIN-6PTA2S98","os":{"family":"windows","name":"Windows Server 2019","version":"10.0.17763"}},"process":{"args":["C:\\Windows\\System32\\taskmgr.exe","CI0V2L5ZMZ"],"command_line":"C:\\Windows\\System32\\taskmgr.exe CI0V2L5ZMZ","executable":"C:\\Windows\\System32\\taskmgr.exe","name":"taskmgr.exe","parent":{"executable":"C:\\Windows\\System32\\powershell.exe","name":"powershell.exe","pid":989},"pid":21172},"user":{"domain":"DOMAIN","name":"Administrator"},"winlog":{"channel":"Microsoft-Windows-Sysmon/Operational","computer_name":"WIN-JUUCLZHH.domain.local","event_id":1,"provider_name":"Microsoft-Windows-Sysmon","record_id":3025709,"task":"Process creation (rule: ProcessCreate)"}}
{"@timestamp":"2023-09-16T15:43:56.571Z","DestinationIp":"10.0.0.50","DestinationPort":8443,"EventID":3,"Image":"C:\\Windows\\System32\\taskmgr.exe","Protocol":"tcp","SourceIp":"192.168.1.100","SourcePort":57788,"agent":{"hostname":"WIN-S3BE50JO","type":"winlogbeat","version":"8.5.0"},"destination":{"ip":"10.0.0.50","port":8443},"ecs":{"version":"8.5.0"},"event":{"action":"Process creation","category":["process"],"code":3,"kind":"event","provider":"Microsoft-Windows-Sysmon","type":["start"]},"host":{"name":"WIN-R86MZ2OH","os":{"family":"windows","name":"Windows Server 2019","version":"10.0.17763"}},"network":{"direction":"outbound","protocol":"tcp"},"source":{"ip":"192.168.1.100","port":57788},"winlog":{"channel":"Microsoft-Windows-Sysmon/Operational","computer_name":"WIN-BXHZBY66.domain.local","event_id":3,"provider_name":"Microsoft-Windows-Sysmon","record_id":7857838,"task":"Process creation (rule: ProcessCreate)"}}
{"@timestamp":"2023-10-28T19:38:10.913Z","CommandLine":"C:\\Windows\\System32\\wscript.exe DFCMNOD5XO","EventID":1,"Image":"C:\\Windows\\System32\\wscript.exe","ParentImage":"C:\\Windows\\System32\\mshta.exe","ParentProcessId":869,"ProcessId":2814,"User":"NT AUTHORITY\\LOCAL SERVICE","agent":{"hostname":"WIN-WY5LBUAC","type":"winlogbeat","version":"8.5.0"},"ecs":{"version":"8.5.0"},"event":{"action":"Process creation","category":["process"],"code":1,"kind":"event","provider":"Microsoft-Windows-Sysmon","type":["start"]},"host":{"name":"WIN-BSWOIMMH","os":{"family":"windows","name":"Windows Server 2019","version":"10.0.17763"}},"process":{"args":["C:\\Windows\\System32\\wscript.exe","DFCMNOD5XO"],"command_line":"C:\\Windows\\System32\\wscript.exe DFCMNOD5XO","executable":"C:\\Windows\\System32\\wscript.exe","name":"wscript.exe","parent":{"executable":"C:\\Windows\\System32\\mshta.exe","name":"mshta.exe","pid":805},"pid":22584},"user":{"domain":"NT AUTHORITY","name":"NT AUTHORITY\\LOCAL SERVICE"},"winlog":{"channel":"Microsoft-Windows-Sysmon/Operational","computer_name":"WIN-SCILJ3N6.domain.local","event_id":1,"provider_name":"Microsoft-Windows-Sysmon","record_id":6016688,"task":"Process creation (rule: ProcessCreate)"}}
{"@timestamp":"2023-10-20T00:40:36.935Z","EventID":17,"Image":"C:\\Windows\\System32\\services.exe","PipeName":"\\pipe\\spoolss","agent":{"hostname":"WIN-VOW9426B","type":"winlogbeat","version":"8.5.0"},"ecs":{"version":"8.5.0"},"event":{"action":"Process creation","category":["process"],"code":17,"kind":"event","provider":"Microsoft-Windows-Sysmon","type":["start"]},"host":{"name":"WIN-DKYQL1PV","os":{"family":"windows","name":"Windows Server 2019","version":"10.0.17763"}},"winlog":{"channel":"Microsoft-Windows-Sysmon/Operational","computer_name":"WIN-CNTQ9J6Q.domain.local","event_id":17,"provider_name":"Microsoft-Windows-Sysmon","record_id":6556759,"task":"Process creation (rule: ProcessCreate)"}}
{"@timestamp":"2023-04-03T02:55:14.148Z","CommandLine":"C:\\Windows\\System32\\notepad.exe document.txt","EventID":1,"Image":"C:\\Windows\\System32\\notepad.exe","ParentImage":"C:\\Program Files\\Google\\Chrome\\Application\\chrome.exe","ParentProcessId":683,"ProcessId":5418,"User":"jane.smith","agent":{"hostname":"WIN-DNS686S7","type":"winlogbeat","version":"8.5.0"},"ecs":{"version":"8.5.0"},"event":{"action":"Process creation","category":["process"],"code":1,"kind":"event","provider":"Microsoft-Windows-Sysmon","type":["start"]},"host":{"name":"WIN-2G3MMAUC","os":{"family":"windows","name":"Windows Server 2019","version":"10.0.17763"}},"process":{"args":["C:\\Windows\\System32\\notepad.exe","document.txt"],"command_line":"C:\\Windows\\System32\\notepad.exe document.txt","executable":"C:\\Windows\\System32\\notepad.exe","name":"notepad.exe","parent":{"executable":"C:\\Program Files\\Google\\Chrome\\Application\\chrome.exe","name":"chrome.exe","pid":363},"pid":3227},"user":{"domain":"DOMAIN","name":"jane.smith"},"winlog":{"channel":"Microsoft-Windows-Sysmon/Operational","computer_name":"WIN-SJQGC9I8.domain.local","event_id":1,"provider_name":"Microsoft-Windows-Sysmon","record_id":6976182,"task":"Process creation (rule: ProcessCreate)"}}
{"@timestamp":"2023-08-04T21:53:48.250Z","CommandLine":"C:\\Windows\\System32\\winlogon.exe Y469WH0M0U","EventID":1,"Image":"C:\\Windows\\System32\\winlogon.exe","ParentImage":"C:\\Windows\\System32\\services.exe","ParentProcessId":550,"ProcessId":50231,"User":"jane.smith","agent":{"hostname":"WIN-MZZ5XYJ0","type":"winlogbeat","version":"8.5.0"},"ecs":{"version":"8.5.0"},"event":{"action":"Process creation","category":["process"],"code":1,"kind":"event","provider":"Microsoft-Windows-Sysmon","type":["start"]},"host":{"name":"WIN-HXIZK2NC","os":{"family":"windows","name":"Windows Server 2019","version":"10.0.17763"}},"process":{"args":["C:\\Windows\\System32\\winlogon.exe","Y469WH0M0U"],"command_line":"C:\\Windows\\System32\\winlogon.exe Y469WH0M0U","executable":"C:\\Windows\\System32\\winlogon.exe","name":"winlogon.exe","parent":{"executable":"C:\\Windows\\System32\\services.exe","name":"services.exe","pid":142},"pid":58445},"user":{"domain":"DOMAIN","name":"jane.smith"},"winlog":{"channel":"Microsoft-Windows-Sysmon/Operational","computer_name":"WIN-RJOLVIL7.domain.local","event_id":1,"provider_name":"Microsoft-Windows-Sysmon","record_id":2836216,"task":"Process creation (rule: ProcessCreate)"}}
{"@timestamp":"2023-03-19T03:23:00.189Z","CommandLine":"C:\\Windows\\System32\\wininit.exe GPJMKNXOZ2","EventID":1,"Image":"C:\\Windows\\System32\\wininit.exe","ParentImage":"C:\\Windows\\System32\\wscript.exe","ParentProcessId":187,"ProcessId":55434,"User":"Guest","agent":{"hostname":"WIN-3HND705J","type":"winlogbeat","version":"8.5.0"},"ecs":{"version":"8.5.0"},"event":{"action":"Process creation","category":["process"],"code":1,"kind":"event","provider":"Microsoft-Windows-Sysmon","type":["start"]},"host":{"name":"WIN-4YNOFHVH","os":{"family":"windows","name":"Windows Server 2019","version":"10.0.17763"}},"process":{"args":["C:\\Windows\\System32\\wininit.exe","GPJMKNXOZ2"],"command_line":"C:\\Windows\\System32\\wininit.exe GPJMKNXOZ2","executable":"C:\\Windows\\System32\\wininit.exe","name":"wininit.exe","parent":{"executable":"C:\\Windows\\System32\\wscript.exe","name":"wscript.exe","pid":306},"pid":58125},"user":{"domain":"DOMAIN","name":"Guest"},"winlog":{"channel":"Microsoft-Windows-Sysmon/Operational","computer_name":"WIN-PWDZCZLD.domain.local","event_id":1,"provider_name":"Microsoft-Windows-Sysmon","record_id":5655426,"task":"Process creation (rule: ProcessCreate)"}}
{"@timestamp":"2023-11-04T19:19:35.136Z","CommandLine":"C:\\Windows\\System32\\svchost.exe GA7OEXCHIX","EventID":1,"Image":"C:\\Windows\\System32\\svchost.exe","ParentImage":"C:\\Windows\\System32\\lsass.exe","ParentProcessId":856,"ProcessId":54569,"User":"Administrator","agent":{"hostname":"WIN-CBPKDSAW","type":"winlogbeat","version":"8.5.0"},"ecs":{"version":"8.5.0"},"event":{"action":"Process creation","category":["process"],"code":1,"kind":"event","provider":"Microsoft-Windows-Sysmon","type":["start"]},"host":{"name":"WIN-J6VQ8WAP","os":{"family":"windows","name":"Windows Server 2019","version":"10.0.17763"}},"process":{"args":["C:\\Windows\\System32\\svchost.exe","GA7OEXCHIX"],"command_line":"C:\\Windows\\System32\\svchost.exe GA7OEXCHIX","executable":"C:\\Windows\\System32\\svchost.exe","name":"svchost.exe","parent":{"executable":"C:\\Windows\\System32\\lsass.exe","name":"lsass.exe","pid":269},"pid":59169},"user":{"domain":"DOMAIN","name":"Administrator"},"winlog":{"channel":"Microsoft-Windows-Sysmon/Operational","computer_name":"WIN-RF6V61Z4.domain.local","event_id":1,"provider_name":"Microsoft-Windows-Sysmon","record_id":1247242,"task":"Process creation (rule: ProcessCreate)"}}
{"@timestamp":"2023-10-10T23:09:37.178Z","CommandLine":"C:\\Program Files\\Mozilla Firefox\\firefox.exe UXZF13XF1T","EventID":1,"Image":"C:\\Program Files\\Mozilla Firefox\\firefox.exe","ParentImage":"C:\\Windows\\System32\\cmd.exe","ParentProcessId":275,"ProcessId":60721,"User":"SYSTEM","agent":{"hostname":"WIN-P6YVSAQA","type":"winlogbeat","version":"8.5.0"},"ecs":{"version":"8.5.0"},"event":{"action":"Process creation","category":["process"],"code":1,"kind":"event","provider":"Microsoft-Windows-Sysmon","type":["start"]},"host":{"name":"WIN-NK78CL6V","os":{"family":"windows","name":"Windows Server 2019","version":"10.0.17763"}},"process":{"args":["C:\\Program","Files\\Mozilla","Firefox\\firefox.exe","UXZF13XF1T"],"command_line":"C:\\Program Files\\Mozilla Firefox\\firefox.exe UXZF13XF1T","executable":"C:\\Program Files\\Mozilla Firefox\\firefox.exe","name":"firefox.exe","parent":{"executable":"C:\\Windows\\System32\\cmd.exe","name":"cmd.exe","pid":353},"pid":42611},"user":{"domain":"DOMAIN","name":"SYSTEM"},"winlog":{"channel":"Microsoft-Windows-Sysmon/Operational","computer_name":"WIN-CSG2ICH1.domain.local","event_id":1,"provider_name":"Microsoft-Windows-Sysmon","record_id":5355342,"task":"Process creation (rule: ProcessCreate)"}}
{"@timestamp":"2023-05-27T03:42:01.215Z","CommandLine":"C:\\Windows\\System32\\mshta.exe GM6S5F1Z98","EventID":1,"Image":"C:\\Windows\\System32\\mshta.exe","ParentImage":"C:\\Program Files (x86)\\Microsoft\\Edge\\Application\\msedge.exe","ParentProcessId":139,"ProcessId":44331,"User":"service_account","agent":{"hostname":"WIN-5FY76QSC","type":"winlogbeat","version":"8.5.0"},"ecs":{"version":"8.5.0"},"event":{"action":"Process creation","category":["process"],"code":1,"kind":"event","provider":"Microsoft-Windows-Sysmon","type":["start"]},"host":{"name":"WIN-BJ6PWWW1","os":{"family":"windows","name":"Windows Server 2019","version":"10.0.17763"}},"process":{"args":["C:\\Windows\\System32\\mshta.exe","GM6S5F1Z98"],"command_line":"C:\\Windows\\System32\\mshta.exe GM6S5F1Z98","executable":"C:\\Windows\\System32\\mshta.exe","name":"mshta.exe","parent":{"executable":"C:\\Program Files (x86)\\Microsoft\\Edge\\Application\\msedge.exe","name":"msedge.exe","pid":637},"pid":26112},"user":{"domain":"DOMAIN","name":"service_account"},"winlog":{"channel":"Microsoft-Windows-Sysmon/Operational","computer_name":"WIN-R4H96Z32.domain.local","event_id":1,"provider_name":"Microsoft-Windows-Sysmon","record_id":2510432,"task":"Process creation (rule: ProcessCreate)"}}
{"@timestamp":"2023-06-08T17:13:15.210Z","CommandLine":"C:\\Windows\\System32\\calc.exe S877Y4I3ON","EventID":1,"Image":"C:\\Windows\\System32\\calc.exe","ParentImage":"C:\\Windows\\System32\\WindowsPowerShell\\v1.0\\powershell.exe","ParentProcessId":903,"ProcessId":23964,"User":"NT AUTHORITY\\SYSTEM","agent":{"hostname":"WIN-1WQEV11Q","type":"winlogbeat","version":"8.5.0"},"ecs":{"version":"8.5.0"},"event":{"action":"Process creation","category":["process"],"code":1,"kind":"event","provider":"Microsoft-Windows-Sysmon","type":["start"]},"host":{"name":"WIN-VIF8BBXN","os":{"family":"windows","name":"Windows Server 2019","version":"10.0.17763"}},"process":{"args":["C:\\Windows\\System32\\calc.exe","S877Y4I3ON"],"command_line":"C:\\Windows\\System32\\calc.exe S877Y4I3ON","executable":"C:\\Windows\\System32\\calc.exe","name":"calc.exe","parent":{"executable":"C:\\Windows\\System32\\WindowsPowerShell\\v1.0\\powershell.exe","name":"powershell.exe","pid":831},"pid":10776},"user":{"domain":"NT AUTHORITY","name":"NT AUTHORITY\\SYSTEM"},"winlog":{"channel":"Microsoft-Windows-Sysmon/Operational","computer_name":"WIN-3NEYQKYE.domain.local","event_id":1,"provider_name":"Microsoft-Windows-Sysmon","record_id":6127927,"task":"Process creation (rule: ProcessCreate)"}}
{"@timestamp":"2023-08-16T23:27:44.753Z","CommandLine":"C:\\Windows\\System32\\WindowsPowerShell\\v1.0\\powershell.exe 7J040C6H58","EventID":1,"Image":"C:\\Windows\\System32\\WindowsPowerShell\\v1.0\\powershell.exe","ParentImage":"C:\\Windows\\System32\\winlogon.exe","ParentProcessId":303,"ProcessId":35485,"User":"admin","agent":{"hostname":"WIN-X2MKVL8J","type":"winlogbeat","version":"8.5.0"},"ecs":{"version":"8.5.0"},"event":{"action":"Process creation","category":["process"],"code":1,"kind":"event","provider":"Microsoft-Windows-Sysmon","type":["start"]},"host":{"name":"WIN-OHD0IHPL","os":{"family":"windows","name":"Windows Server 2019","version":"10.0.17763"}},"process":{"args":["C:\\Windows\\System32\\WindowsPowerShell\\v1.0\\powershell.exe","7J040C6H58"],"command_line":"C:\\Windows\\System32\\WindowsPowerShell\\v1.0\\powershell.exe 7J040C6H58","executable":"C:\\Windows\\System32\\WindowsPowerShell\\v1.0\\powershell.exe","name":"powershell.exe","parent":{"executable":"C:\\Windows\\System32\\winlogon.exe","name":"winlogon.exe","pid":941},"pid":28025},"user":{"domain":"DOMAIN","name":"admin"},"winlog":{"channel":"Microsoft-Windows-Sysmon/Operational","computer_name":"WIN-XIG4H8S4.domain.local","event_id":1,"provider_name":"Microsoft-Windows-Sysmon","record_id":9652644,"task":"Process creation (rule: ProcessCreate)"}}
{"@timestamp":"2023-03-08T03:19:31.223Z","CommandLine":"C:\\Windows\\System32\\mshta.exe FGW5UW9NZG","EventID":1,"Image":"C:\\Windows\\System32\\mshta.exe","ParentImage":"C:\\Windows\\System32\\winlogon.exe","ParentProcessId":665,"ProcessId":58873,"User":"Guest","agent":{"hostname":"WIN-BZRDDG2S","type":"winlogbeat","version":"8.5.0"},"ecs":{"version":"8.5.0"},"event":{"action":"Process creation","category":["process"],"code":1,"kind":"event","provider":"Microsoft-Windows-Sysmon","type":["start"]},"host":{"name":"WIN-MQQGUR1N","os":{"family":"windows","name":"Windows Server 2019","version":"10.0.17763"}},"process":{"args":["C:\\Windows\\System32\\mshta.exe","FGW5UW9NZG"],"command_line":"C:\\Windows\\System32\\mshta.exe FGW5UW9NZG","executable":"C:\\Windows\\System32\\mshta.exe","name":"mshta.exe","parent":{"executable":"C:\\Windows\\System32\\winlogon.exe","name":"winlogon.exe","pid":702},"pid":3161},"user":{"domain":"DOMAIN","name":"Guest"},"winlog":{"channel":"Microsoft-Windows-Sysmon/Operational","computer_name":"WIN-R3QWCRQZ.domain.local","event_id":1,"provider_name":"Microsoft-Windows-Sysmon","record_id":3684361,"task":"Process creation (rule: ProcessCreate)"}}
{"@timestamp":"2023-01-20T20:38:06.971Z","CommandLine":"C:\\Windows\\System32\\wininit.exe P006ZP1VF6","EventID":1,"Image":"C:\\Windows\\System32\\wininit.exe","ParentImage":"C:\\Windows\\System32\\cscript.exe","ParentProcessId":765,"ProcessId":14748,"User":"admin","agent":{"hostname":"WIN-3LLCY28S","type":"winlogbeat","version":"8.5.0"},"ecs":{"version":"8.5.0"},"event":{"action":"Process creation","category":["process"],"code":1,"kind":"event","provider":"Microsoft-Windows-Sysmon","type":["start"]},"host":{"name":"WIN-Y2K94J3B","os":{"family":"windows","name":"Windows Server 2019","version":"10.0.17763"}},"process":{"args":["C:\\Windows\\System32\\wininit.exe","P006ZP1VF6"],"command_line":"C:\\Windows\\System32\\wininit.exe P006ZP1VF6","executable":"C:\\Windows\\System32\\wininit.exe","name":"wininit.exe","parent":{"executable":"C:\\Windows\\System32\\cscript.exe","name":"cscript.exe","pid":638},"pid":37450},"user":{"domain":"DOMAIN","name":"admin"},"winlog":{"channel":"Microsoft-Windows-Sysmon/Operational","computer_name":"WIN-CGVWPZBF.domain.local","event_id":1,"provider_name":"Microsoft-Windows-Sysmon","record_id":5936719,"task":"Process creation (rule: ProcessCreate)"}}
{"@timestamp":"2023-02-13T16:17:20.489Z","CommandLine":"C:\\Windows\\System32\\WindowsPowerShell\\v1.0\\powershell.exe NHO87HD6KO","EventID":1,"Image":"C:\\Windows\\System32\\WindowsPowerShell\\v1.0\\powershell.exe","ParentImage":"C:\\Windows\\System32\\cmd.exe","ParentProcessId":444,"ProcessId":1721,"User":"john.doe","agent":{"hostname":"WIN-7T9TWM3F","type":"winlogbeat","version":"8.5.0"},"ecs":{"version":"8.5.0"},"event":{"action":"Process creation","category":["process"],"code":1,"kind":"event","provider":"Microsoft-Windows-Sysmon","type":["start"]},"host":{"name":"WIN-JYGDGBDZ","os":{"family":"windows","name":"Windows Server 2019","version":"10.0.17763"}},"process":{"args":["C:\\Windows\\System32\\WindowsPowerShell\\v1.0\\powershell.exe","NHO87HD6KO"],"command_line":"C:\\Windows\\System32\\WindowsPowerShell\\v1.0\\powershell.exe NHO87HD6KO","executable":"C:\\Windows\\System32\\WindowsPowerShell\\v1.0\\powershell.exe","name":"powershell.exe","parent":{"executable":"C:\\Windows\\System32\\cmd.exe","name":"cmd.exe","pid":668},"pid":62013},"user":{"domain":"DOMAIN","name":"john.doe"},"winlog":{"channel":"Microsoft-Windows-Sysmon/Operational","computer_name":"WIN-4CYJJ14B.domain.local","event_id":1,"provider_name":"Microsoft-Windows-Sysmon","record_id":9867717,"task":"Process creation (rule: ProcessCreate)"}}
{"@timestamp":"2023-04-22T22:09:30.297Z","CommandLine":"C:\\Windows\\System32\\cmd.exe Y56R65DJAO","EventID":1,"Image":"C:\\Windows\\System32\\cmd.exe","ParentImage":"C:\\Windows\\System32\\notepad.exe","ParentProcessId":707,"ProcessId":39776,"User":"SYSTEM","agent":{"hostname":"WIN-2I6RN3OD","type":"winlogbeat","version":"8.5.0"},"ecs":{"version":"8.5.0"},"event":{"action":"Process creation","category":["process"],"code":1,"kind":"event","provider":"Microsoft-Windows-Sysmon","type":["start"]},"host":{"name":"WIN-IF65E8BW","os":{"family":"windows","name":"Windows Server 2019","version":"10.0.17763"}},"process":{"args":["C:\\Windows\\System32\\cmd.exe","Y56R65DJAO"],"command_line":"C:\\Windows\\System32\\cmd.exe Y56R65DJAO","executable":"C:\\Windows\\System32\\cmd.exe","name":"cmd.exe","parent":{"executable":"C:\\Windows\\System32\\notepad.exe","name":"notepad.exe","pid":642},"pid":26298},"user":{"domain":"DOMAIN","name":"SYSTEM"},"winlog":{"channel":"Microsoft-Windows-Sysmon/Operational","computer_name":"WIN-2YBDP3WE.domain.local","event_id":1,"provider_name":"Microsoft-Windows-Sysmon","record_id":4970124,"task":"Process creation (rule: ProcessCreate)"}}
{"@timestamp":"2023-02-19T12:06:14.433Z","EventID":17,"Image":"C:\\Windows\\System32\\spoolsv.exe","PipeName":"\\pipe\\netlogon","agent":{"hostname":"WIN-10ZZ4OHT","type":"winlogbeat","version":"8.5.0"},"ecs":{"version":"8.5.0"},"event":{"action":"Process creation","category":["process"],"code":17,"kind":"event","provider":"Microsoft-Windows-Sysmon","type":["start"]},"host":{"name":"WIN-MOW8RDEX","os":{"family":"windows","name":"Windows Server 2019","version":"10.0.17763"}},"winlog":{"channel":"Microsoft-Windows-Sysmon/Operational","computer_name":"WIN-0LARBHBD.domain.local","event_id":17,"provider_name":"Microsoft-Windows-Sysmon","record_id":8122533,"task":"Process creation (rule: ProcessCreate)"}}
{"@timestamp":"2023-09-25T13:51:51.249Z","CommandLine":"C:\\Windows\\System32\\wscript.exe LPUEVTE00P","EventID":1,"Image":"C:\\Windows\\System32\\wscript.exe","ParentImage":"C:\\Windows\\System32\\wininit.exe","ParentProcessId":517,"ProcessId":64478,"User":"jane.smith","agent":{"hostname":"WIN-PQM48XEH","type":"winlogbeat","version":"8.5.0"},"ecs":{"version":"8.5.0"},"event":{"action":"Process creation","category":["process"],"code":1,"kind":"event","provider":"Microsoft-Windows-Sysmon","type":["start"]},"host":{"name":"WIN-Y3MGZX30","os":{"family":"windows","name":"Windows Server 2019","version":"10.0.17763"}},"process":{"args":["C:\\Windows\\System32\\wscript.exe","LPUEVTE00P"],"command_line":"C:\\Windows\\System32\\wscript.exe LPUEVTE00P","executable":"C:\\Windows\\System32\\wscript.exe","name":"wscript.exe","parent":{"executable":"C:\\Windows\\System32\\wininit.exe","name":"wininit.exe","pid":820},"pid":63517},"user":{"domain":"DOMAIN","name":"jane.smith"},"winlog":{"channel":"Microsoft-Windows-Sysmon/Operational","computer_name":"WIN-30I5I7BW.domain.local","event_id":1,"provider_name":"Microsoft-Windows-Sysmon","record_id":3468575,"task":"Process creation (rule: ProcessCreate)"}}
{"@timestamp":"2023-11-19T03:00:50.732Z","DestinationIp":"suspicious-site.net","DestinationPort":445,"EventID":3,"Image":"C:\\Program Files\\Mozilla Firefox\\firefox.exe","Protocol":"tcp","SourceIp":"192.168.1.100","SourcePort":59904,"agent":{"hostname":"WIN-B7TFXPSC","type":"winlogbeat","version":"8.5.0"},"destination":{"ip":"suspicious-site.net","port":445},"ecs":{"version":"8.5.0"},"event":{"action":"Process creation","category":["process"],"code":3,"kind":"event","provider":"Microsoft-Windows-Sysmon","type":["start"]},"host":{"name":"WIN-YA7Q476R","os":{"family":"windows","name":"Windows Server 2019","version":"10.0.17763"}},"network":{"direction":"outbound","protocol":"tcp"},"source":{"ip":"192.168.1.100","port":59904},"winlog":{"channel":"Microsoft-Windows-Sysmon/Operational","computer_name":"WIN-MCQW4R99.domain.local","event_id":3,"provider_name":"Microsoft-Windows-Sysmon","record_id":6024445,"task":"Process creation (rule: ProcessCreate)"}}
{"@timestamp":"2023-11-07T08:48:56.395Z","CommandLine":"C:\\Windows\\System32\\notepad.exe document.txt","EventID":1,"Image":"C:\\Windows\\System32\\notepad.exe","ParentImage":"C:\\Windows\\System32\\regsvr32.exe","ParentProcessId":517,"ProcessId":55137,"User":"SYSTEM","agent":{"hostname":"WIN-HTZYRHUC","type":"winlogbeat","version":"8.5.0"},"ecs":{"version":"8.5.0"},"event":{"action":"Process creation","category":["process"],"code":1,"kind":"event","provider":"Microsoft-Windows-Sysmon","type":["start"]},"host":{"name":"WIN-X3Z9IWIU","os":{"family":"windows","name":"Windows Server 2019","version":"10.0.17763"}},"process":{"args":["C:\\Windows\\System32\\notepad.exe","document.txt"],"command_line":"C:\\Windows\\System32\\notepad.exe document.txt","executable":"C:\\Windows\\System32\\notepad.exe","name":"notepad.exe","parent":{"executable":"C:\\Windows\\System32\\regsvr32.exe","name":"regsvr32.exe","pid":370},"pid":6620},"user":{"domain":"DOMAIN","name":"SYSTEM"},"winlog":{"channel":"Microsoft-Windows-Sysmon/Operational","computer_name":"WIN-Z4UPAK4N.domain.local","event_id":1,"provider_name":"Microsoft-Windows-Sysmon","record_id":2731554,"task":"Process creation (rule: ProcessCreate)"}}
{"@timestamp":"2023-11-23T09:11:55.483Z","CommandLine":"C:\\Windows\\System32\\winlogon.exe ZW2CHG2TKY","EventID":1,"Image":"C:\\Windows\\System32\\winlogon.exe","ParentImage":"C:\\Windows\\System32\\mshta.exe","ParentProcessId":898,"ProcessId":13734,"User":"user","agent":{"hostname":"WIN-LQNJIFX0","type":"winlogbeat","version":"8.5.0"},"ecs":{"version":"8.5.0"},"event":{"action":"Process creation","category":["process"],"code":1,"kind":"event","provider":"Microsoft-Windows-Sysmon","type":["start"]},"host":{"name":"WIN-IXU5JIEN","os":{"family":"windows","name":"Windows Server 2019","version":"10.0.17763"}},"process":{"args":["C:\\Windows\\System32\\winlogon.exe","ZW2CHG2TKY"],"command_line":"C:\\Windows\\System32\\winlogon.exe ZW2CHG2TKY","executable":"C:\\Windows\\System32\\winlogon.exe","name":"winlogon.exe","parent":{"executable":"C:\\Windows\\System32\\mshta.exe","name":"mshta.exe","pid":870},"pid":36217},"user":{"domain":"DOMAIN","name":"user"},"winlog":{"channel":"Microsoft-Windows-Sysmon/Operational","computer_name":"WIN-ALUU61V2.domain.local","event_id":1,"provider_name":"Microsoft-Windows-Sysmon","record_id":4271728,"task":"Process creation (rule: ProcessCreate)"}}
{"@timestamp":"2023-11-15T15:18:58.645Z","CommandLine":"C:\\Windows\\System32\\powershell.exe 4T3FDRWC6Y","EventID":1,"Image":"C:\\Windows\\System32\\powershell.exe","ParentImage":"C:\\Program Files (x86)\\Microsoft\\Edge\\Application\\msedge.exe","ParentProcessId":435,"ProcessId":11418,"User":"user","agent":{"hostname":"WIN-QQUBLWV8","type":"winlogbeat","version":"8.5.0"},"ecs":{"version":"8.5.0"},"event":{"action":"Process creation","category":["process"],"code":1,"kind":"event","provider":"Microsoft-Windows-Sysmon","type":["start"]},"host":{"name":"WIN-2HRP3HF0","os":{"family":"windows","name":"Windows Server 2019","version":"10.0.17763"}},"process":{"args":["C:\\Windows\\System32\\powershell.exe","4T3FDRWC6Y"],"command_line":"C:\\Windows\\System32\\powershell.exe 4T3FDRWC6Y","executable":"C:\\Windows\\System32\\powershell.exe","name":"powershell.exe","parent":{"executable":"C:\\Program Files (x86)\\Microsoft\\Edge\\Application\\msedge.exe","name":"msedge.exe","pid":846},"pid":34499},"user":{"domain":"DOMAIN","name":"user"},"winlog":{"channel":"Microsoft-Windows-Sysmon/Operational","computer_name":"WIN-GCWNE7T2.domain.local","event_id":1,"provider_name":"Microsoft-Windows-Sysmon","record_id":6537741,"task":"Process creation (rule: ProcessCreate)"}}
{"@timestamp":"2023-07-26T08:46:06.219Z","Details":"C:\\temp\\IBQ05WMK.exe","EventID":13,"Image":"C:\\Windows\\System32\\lsass.exe","TargetObject":"HKLM\\SOFTWARE\\Classes\\exefile\\shell\\open\\command\\4PY2SWT46L","agent":{"hostname":"WIN-NBHSWBHO","type":"winlogbeat","version":"8.5.0"},"ecs":{"version":"8.5.0"},"event":{"action":"Process creation","category":["process"],"code":13,"kind":"event","provider":"Microsoft-Windows-Sysmon","type":["start"]},"host":{"name":"WIN-W3AHYLH0","os":{"family":"windows","name":"Windows Server 2019","version":"10.0.17763"}},"registry":{"data":{"strings":["C:\\temp\\VAHDYLBL.exe"]},"key":"HKLM\\SOFTWARE\\Classes\\exefile\\shell\\open\\command","value":"LPKMM13JHO"},"winlog":{"channel":"Microsoft-Windows-Sysmon/Operational","computer_name":"WIN-4TN1I4S0.domain.local","event_id":13,"provider_name":"Microsoft-Windows-Sysmon","record_id":9627224,"task":"Process creation (rule: ProcessCreate)"}}
{"@timestamp":"2023-04-28T12:16:10.786Z","DestinationIp":"8.8.8.8","DestinationPort":53,"EventID":3,"Image":"C:\\Windows\\System32\\services.exe","Protocol":"tcp","SourceIp":"192.168.1.100","SourcePort":63903,"agent":{"hostname":"WIN-W04KFF9Z","type":"winlogbeat","version":"8.5.0"},"destination":{"ip":"8.8.8.8","port":53},"ecs":{"version":"8.5.0"},"event":{"action":"Process creation","category":["process"],"code":3,"kind":"event","provider":"Microsoft-Windows-Sysmon","type":["start"]},"host":{"name":"WIN-02MDGDP5","os":{"family":"windows","name":"Windows Server 2019","version":"10.0.17763"}},"network":{"direction":"outbound","protocol":"tcp"},"source":{"ip":"192.168.1.100","port":63903},"winlog":{"channel":"Microsoft-Windows-Sysmon/Operational","computer_name":"WIN-QAUJ96GX.domain.local","event_id":3,"provider_name":"Microsoft-Windows-Sysmon","record_id":7953843,"task":"Process creation (rule: ProcessCreate)"}}
{"@timestamp":"2023-01-19T10:24:01.810Z","CommandLine":"C:\\Windows\\System32\\notepad.exe document.txt","EventID":1,"Image":"C:\\Windows\\System32\\notepad.exe","ParentImage":"C:\\Windows\\System32\\cscript.exe","ParentProcessId":230,"ProcessId":38513,"User":"john.doe","agent":{"hostname":"WIN-2B1LTQEP","type":"winlogbeat","version":"8.5.0"},"ecs":{"version":"8.5.0"},"event":{"action":"Process creation","category":["process"],"code":1,"kind":"event","provider":"Microsoft-Windows-Sysmon","type":["start"]},"host":{"name":"WIN-SSPREZM0","os":{"family":"windows","name":"Windows Server 2019","version":"10.0.17763"}},"process":{"args":["C:\\Windows\\System32\\notepad.exe","document.txt"],"command_line":"C:\\Windows\\System32\\notepad.exe document.txt","executable":"C:\\Windows\\System32\\notepad.exe","name":"notepad.exe","parent":{"executable":"C:\\Windows\\System32\\cscript.exe","name":"cscript.exe","pid":507},"pid":41257},"user":{"domain":"DOMAIN","name":"john.doe"},"winlog":{"channel":"Microsoft-Windows-Sysmon/Operational","computer_name":"WIN-UT14QNEH.domain.local","event_id":1,"provider_name":"Microsoft-Windows-Sysmon","record_id":8967584,"task":"Process creation (rule: ProcessCreate)"}}
