{"@timestamp":"2023-09-05T04:42:02.660Z","CommandLine":"C:\\Windows\\System32\\calc.exe 6HD505NLFX","EventID":1,"Image":"C:\\Windows\\System32\\calc.exe","ParentImage":"C:\\Windows\\System32\\lsass.exe","ParentProcessId":425,"ProcessId":16823,"User":"SYSTEM","agent":{"hostname":"WIN-6PQFST0Q","type":"winlogbeat","version":"8.5.0"},"ecs":{"version":"8.5.0"},"event":{"action":"Process creation","category":["process"],"code":1,"kind":"event","provider":"Microsoft-Windows-Sysmon","type":["start"]},"host":{"name":"WIN-4KPDHZR8","os":{"family":"windows","name":"Windows Server 2019","version":"10.0.17763"}},"process":{"args":["C:\\Windows\\System32\\calc.exe","6HD505NLFX"],"command_line":"C:\\Windows\\System32\\calc.exe 6HD505NLFX","executable":"C:\\Windows\\System32\\calc.exe","name":"calc.exe","parent":{"executable":"C:\\Windows\\System32\\lsass.exe","name":"lsass.exe","pid":718},"pid":44459},"user":{"domain":"DOMAIN","name":"SYSTEM"},"winlog":{"channel":"Microsoft-Windows-Sysmon/Operational","computer_name":"WIN-VLZ7QQ1R.domain.local","event_id":1,"provider_name":"Microsoft-Windows-Sysmon","record_id":2710908,"task":"Process creation (rule: ProcessCreate)"}}
{"@timestamp":"2023-06-19T21:51:25.755Z","EventID":17,"Image":"C:\\Windows\\System32\\services.exe","PipeName":"\\pipe\\wkssvc","agent":{"hostname":"WIN-L1L4KYUE","type":"winlogbeat","version":"8.5.0"},"ecs":{"version":"8.5.0"},"event":{"action":"Process creation","category":["process"],"code":17,"kind":"event","provider":"Microsoft-Windows-Sysmon","type":["start"]},"host":{"name":"WIN-1QCK35Y4","os":{"family":"windows","name":"Windows Server 2019","version":"10.0.17763"}},"winlog":{"channel":"Microsoft-Windows-Sysmon/Operational","computer_name":"WIN-WUOE3AWX.domain.local","event_id":17,"provider_name":"Microsoft-Windows-Sysmon","record_id":7909765,"task":"Process creation (rule: ProcessCreate)"}}
{"@timestamp":"2023-09-22T02:41:51.200Z","CommandLine":"C:\\Program Files (x86)\\Microsoft\\Edge\\Application\\msedge.exe F97ZRNNDKQ","EventID":1,"Image":"C:\\Program Files (x86)\\Microsoft\\Edge\\Application\\msedge.exe","ParentImage":"C:\\Windows\\System32\\mshta.exe","ParentProcessId":529,"ProcessId":42960,"User":"Guest","agent":{"hostname":"WIN-3IEBDXDR","type":"winlogbeat","version":"8.5.0"},"ecs":{"version":"8.5.0"},"event":{"action":"Process creation","category":["process"],"code":1,"kind":"event","provider":"Microsoft-Windows-Sysmon","type":["start"]},"host":{"name":"WIN-1D67N10E","os":{"family":"windows","name":"Windows Server 2019","version":"10.0.17763"}},"process":{"args":["C:\\Program","Files","(x86)\\Microsoft\\Edge\\Application\\msedge.exe","F97ZRNNDKQ"],"command_line":"C:\\Program Files (x86)\\Microsoft\\Edge\\Application\\msedge.exe F97ZRNNDKQ","executable":"C:\\Program Files (x86)\\Microsoft\\Edge\\Application\\msedge.exe","name":"msedge.exe","parent":{"executable":"C:\\Windows\\System32\\mshta.exe","name":"mshta.exe","pid":122},"pid":16098},"user":{"domain":"DOMAIN","name":"Guest"},"winlog":{"channel":"Microsoft-Windows-Sysmon/Operational","computer_name":"WIN-KXOCQGXP.domain.local","event_id":1,"provider_name":"Microsoft-Windows-Sysmon","record_id":7223362,"task":"Process creation (rule: ProcessCreate)"}}
{"@timestamp":"2023-12-05T11:24:42.699Z","EventID":17,"Image":"C:\\Windows\\System32\\wininit.exe","PipeName":"\\pipe\\spoolss","agent":{"hostname":"WIN-4CKA3B0Y","type":"winlogbeat","version":"8.5.0"},"ecs":{"version":"8.5.0"},"event":{"action":"Process creation","category":["process"],"code":17,"kind":"event","provider":"Microsoft-Windows-Sysmon","type":["start"]},"host":{"name":"WIN-JR5MHIJX","os":{"family":"windows","name":"Windows Server 2019","version":"10.0.17763"}},"winlog":{"channel":"Microsoft-Windows-Sysmon/Operational","computer_name":"WIN-3S0AWN47.domain.local","event_id":17,"provider_name":"Microsoft-Windows-Sysmon","record_id":4820070,"task":"Process creation (rule: ProcessCreate)"}}
{"@timestamp":"2023-08-14T00:25:31.461Z","Details":"C:\\temp\\Q2A6BKQ0.exe","EventID":13,"Image":"C:\\Windows\\System32\\wininit.exe","TargetObject":"HKLM\\SOFTWARE\\Microsoft\\Windows\\CurrentVersion\\Run\\RZ6KQEERFB","agent":{"hostname":"WIN-S9FF9P0I","type":"winlogbeat","version":"8.5.0"},"ecs":{"version":"8.5.0"},"event":{"action":"Process creation","category":["process"],"code":13,"kind":"event","provider":"Microsoft-Windows-Sysmon","type":["start"]},"host":{"name":"WIN-DER671CE","os":{"family":"windows","name":"Windows Server 2019","version":"10.0.17763"}},"registry":{"data":{"strings":["C:\\temp\\EE4A64EN.exe"]},"key":"HKLM\\SOFTWARE\\Microsoft\\Windows\\CurrentVersion\\Run","value":"X8PPFMTKUC"},"winlog":{"channel":"Microsoft-Windows-Sysmon/Operational","computer_name":"WIN-BHJE3QXT.domain.local","event_id":13,"provider_name":"Microsoft-Windows-Sysmon","record_id":2589511,"task":"Process creation (rule: ProcessCreate)"}}
{"@timestamp":"2023-01-06T20:32:18.687Z","CommandLine":"C:\\Windows\\System32\\services.exe 1SMU28DOWH","EventID":1,"Image":"C:\\Windows\\System32\\services.exe","ParentImage":"C:\\Windows\\System32\\powershell.exe","ParentProcessId":201,"ProcessId":17115,"User":"jane.smith","agent":{"hostname":"WIN-LBSMJK38","type":"winlogbeat","version":"8.5.0"},"ecs":{"version":"8.5.0"},"event":{"action":"Process creation","category":["process"],"code":1,"kind":"event","provider":"Microsoft-Windows-Sysmon","type":["start"]},"host":{"name":"WIN-HZ2F35HO","os":{"family":"windows","name":"Windows Server 2019","version":"10.0.17763"}},"process":{"args":["C:\\Windows\\System32\\services.exe","1SMU28DOWH"],"command_line":"C:\\Windows\\System32\\services.exe 1SMU28DOWH","executable":"C:\\Windows\\System32\\services.exe","name":"services.exe","parent":{"executable":"C:\\Windows\\System32\\powershell.exe","name":"powershell.exe","pid":641},"pid":37761},"user":{"domain":"DOMAIN","name":"jane.smith"},"winlog":{"channel":"Microsoft-Windows-Sysmon/Operational","computer_name":"WIN-S41NC8F9.domain.local","event_id":1,"provider_name":"Microsoft-Windows-Sysmon","record_id":8893593,"task":"Process creation (rule: ProcessCreate)"}}
{"@timestamp":"2023-05-22T07:18:26.848Z","CommandLine":"C:\\Windows\\System32\\wininit.exe B3KQJULW7U","EventID":1,"Image":"C:\\Windows\\System32\\wininit.exe","ParentImage":"C:\\Windows\\System32\\regsvr32.exe","ParentProcessId":160,"ProcessId":33274,"User":"Administrator","agent":{"hostname":"WIN-KP8I7GT9","type":"winlogbeat","version":"8.5.0"},"ecs":{"version":"8.5.0"},"event":{"action":"Process creation","category":["process"],"code":1,"kind":"event","provider":"Microsoft-Windows-Sysmon","type":["start"]},"host":{"name":"WIN-GW7BWUV5","os":{"family":"windows","name":"Windows Server 2019","version":"10.0.17763"}},"process":{"args":["C:\\Windows\\System32\\wininit.exe","B3KQJULW7U"],"command_line":"C:\\Windows\\System32\\wininit.exe B3KQJULW7U","executable":"C:\\Windows\\System32\\wininit.exe","name":"wininit.exe","parent":{"executable":"C:\\Windows\\System32\\regsvr32.exe","name":"regsvr32.exe","pid":315},"pid":17299},"user":{"domain":"DOMAIN","name":"Administrator"},"winlog":{"channel":"Microsoft-Windows-Sysmon/Operational","computer_name":"WIN-5UKGF5EA.domain.local","event_id":1,"provider_name":"Microsoft-Windows-Sysmon","record_id":5163023,"task":"Process creation (rule: ProcessCreate)"}}
{"@timestamp":"2023-12-11T03:24:09.753Z","EventID":17,"Image":"C:\\Windows\\System32\\spoolsv.exe","PipeName":"\\pipe\\spoolss","agent":{"hostname":"WIN-IGS9BZVP","type":"winlogbeat","version":"8.5.0"},"ecs":{"version":"8.5.0"},"event":{"action":"Process creation","category":["process"],"code":17,"kind":"event","provider":"Microsoft-Windows-Sysmon","type":["start"]},"host":{"name":"WIN-BMPY84E0","os":{"family":"windows","name":"Windows Server 2019","version":"10.0.17763"}},"winlog":{"channel":"Microsoft-Windows-Sysmon/Operational","computer_name":"WIN-V46CZUP5.domain.local","event_id":17,"provider_name":"Microsoft-Windows-Sysmon","record_id":5295867,"task":"Process creation (rule: ProcessCreate)"}}
{"@timestamp":"2023-01-06T22:32:23.596Z","CommandLine":"C:\\Windows\\System32\\WindowsPowerShell\\v1.0\\powershell.exe 3IDZZX650F","EventID":1,"Image":"C:\\Windows\\System32\\WindowsPowerShell\\v1.0\\powershell.exe","ParentImage":"C:\\Windows\\System32\\spoolsv.exe","ParentProcessId":304,"ProcessId":7923,"User":"Guest","agent":{"hostname":"WIN-MG25ZQ1L","type":"winlogbeat","version":"8.5.0"},"ecs":{"version":"8.5.0"},"event":{"action":"Process creation","category":["process"],"code":1,"kind":"event","provider":"Microsoft-Windows-Sysmon","type":["start"]},"host":{"name":"WIN-5R8EA421","os":{"family":"windows","name":"Windows Server 2019","version":"10.0.17763"}},"process":{"args":["C:\\Windows\\System32\\WindowsPowerShell\\v1.0\\powershell.exe","3IDZZX650F"],"command_line":"C:\\Windows\\System32\\WindowsPowerShell\\v1.0\\powershell.exe 3IDZZX650F","executable":"C:\\Windows\\System32\\WindowsPowerShell\\v1.0\\powershell.exe","name":"powershell.exe","parent":{"executable":"C:\\Windows\\System32\\spoolsv.exe","name":"spoolsv.exe","pid":259},"pid":33284},"user":{"domain":"DOMAIN","name":"Guest"},"winlog":{"channel":"Microsoft-Windows-Sysmon/Operational","computer_name":"WIN-CF8ESS5R.domain.local","event_id":1,"provider_name":"Microsoft-Windows-Sysmon","record_id":8170688,"task":"Process creation (rule: ProcessCreate)"}}
{"@timestamp":"2023-09-25T20:14:08.105Z","CommandLine":"C:\\Windows\\System32\\svchost.exe 028SG6LZDZ","EventID":1,"Image":"C:\\Windows\\System32\\svchost.exe","ParentImage":"C:\\Windows\\System32\\spoolsv.exe","ParentProcessId":491,"ProcessId":17120,"User":"john.doe","agent":{"hostname":"WIN-LNM2PBN1","type":"winlogbeat","version":"8.5.0"},"ecs":{"version":"8.5.0"},"event":{"action":"Process creation","category":["process"],"code":1,"kind":"event","provider":"Microsoft-Windows-Sysmon","type":["start"]},"host":{"name":"WIN-YX6050B3","os":{"family":"windows","name":"Windows Server 2019","version":"10.0.17763"}},"process":{"args":["C:\\Windows\\System32\\svchost.exe","028SG6LZDZ"],"command_line":"C:\\Windows\\System32\\svchost.exe 028SG6LZDZ","executable":"C:\\Windows\\System32\\svchost.exe","name":"svchost.exe","parent":{"executable":"C:\\Windows\\System32\\spoolsv.exe","name":"spoolsv.exe","pid":611},"pid":22840},"user":{"domain":"DOMAIN","name":"john.doe"},"winlog":{"channel":"Microsoft-Windows-Sysmon/Operational","computer_name":"WIN-THR9P5TQ.domain.local","event_id":1,"provider_name":"Microsoft-Windows-Sysmon","record_id":5304686,"task":"Process creation (rule: ProcessCreate)"}}
{"@timestamp":"2023-11-25T18:37:59.702Z","EventID":17,"Image":"C:\\Windows\\System32\\explorer.exe","PipeName":"\\pipe\\wkssvc","agent":{"hostname":"WIN-V1LQRUZV","type":"winlogbeat","version":"8.5.0"},"ecs":{"version":"8.5.0"},"event":{"action":"Process creation","category":["process"],"code":17,"kind":"event","provider":"Microsoft-Windows-Sysmon","type":["start"]},"host":{"name":"WIN-NLA2V8K7","os":{"family":"windows","name":"Windows Server 2019","version":"10.0.17763"}},"winlog":{"channel":"Microsoft-Windows-Sysmon/Operational","computer_name":"WIN-0L1VVU7W.domain.local","event_id":17,"provider_name":"Microsoft-Windows-Sysmon","record_id":6494944,"task":"Process creation (rule: ProcessCreate)"}}
{"@timestamp":"2023-01-08T10:07:15.953Z","CommandLine":"C:\\Windows\\System32\\wininit.exe CP72WKYW4U","EventID":1,"Image":"C:\\Windows\\System32\\wininit.exe","ParentImage":"C:\\Program Files\\Mozilla Firefox\\firefox.exe","ParentProcessId":756,"ProcessId":4923,"User":"admin","agent":{"hostname":"WIN-OSOJ2RYA","type":"winlogbeat","version":"8.5.0"},"ecs":{"version":"8.5.0"},"event":{"action":"Process creation","category":["process"],"code":1,"kind":"event","provider":"Microsoft-Windows-Sysmon","type":["start"]},"host":{"name":"WIN-SIKWQH2U","os":{"family":"windows","name":"Windows Server 2019","version":"10.0.17763"}},"process":{"args":["C:\\Windows\\System32\\wininit.exe","CP72WKYW4U"],"command_line":"C:\\Windows\\System32\\wininit.exe CP72WKYW4U","executable":"C:\\Windows\\System32\\wininit.exe","name":"wininit.exe","parent":{"executable":"C:\\Program Files\\Mozilla Firefox\\firefox.exe","name":"firefox.exe","pid":106},"pid":12850},"user":{"domain":"DOMAIN","name":"admin"},"winlog":{"channel":"Microsoft-Windows-Sysmon/Operational","computer_name":"WIN-0P5KTK7N.domain.local","event_id":1,"provider_name":"Microsoft-Windows-Sysmon","record_id":8646147,"task":"Process creation (rule: ProcessCreate)"}}
{"@timestamp":"2023-12-19T21:31:18.115Z","Details":"C:\\temp\\J1FSRMUZ.exe","EventID":13,"Image":"C:\\Program Files\\Google\\Chrome\\Application\\chrome.exe","TargetObject":"HKLM\\SOFTWARE\\Microsoft\\Windows\\CurrentVersion\\Run\\2I6JF7KZUP","agent":{"hostname":"WIN-CIOYIMHB","type":"winlogbeat","version":"8.5.0"},"ecs":{"version":"8.5.0"},"event":{"action":"Process creation","category":["process"],"code":13,"kind":"event","provider":"Microsoft-Windows-Sysmon","type":["start"]},"host":{"name":"WIN-LE6SUJSI","os":{"family":"windows","name":"Windows Server 2019","version":"10.0.17763"}},"registry":{"data":{"strings":["C:\\temp\\5HCOC6A8.exe"]},"key":"HKLM\\SOFTWARE\\Microsoft\\Windows\\CurrentVersion\\Run","value":"LZDA4ZLEEJ"},"winlog":{"channel":"Microsoft-Windows-Sysmon/Operational","computer_name":"WIN-V0W85ICV.domain.local","event_id":13,"provider_name":"Microsoft-Windows-Sysmon","record_id":8402565,"task":"Process creation (rule: ProcessCreate)"}}
{"@timestamp":"2023-05-26T12:46:15.253Z","CommandLine":"C:\\Program Files\\Mozilla Firefox\\firefox.exe 97GMA4N1BN","EventID":1,"Image":"C:\\Program Files\\Mozilla Firefox\\firefox.exe","ParentImage":"C:\\Windows\\System32\\wscript.exe","ParentProcessId":420,"ProcessId":61072,"User":"john.doe","agent":{"hostname":"WIN-JNNPWRX7","type":"winlogbeat","version":"8.5.0"},"ecs":{"version":"8.5.0"},"event":{"action":"Process creation","category":["process"],"code":1,"kind":"event","provider":"Microsoft-Windows-Sysmon","type":["start"]},"host":{"name":"WIN-7U77HRAW","os":{"family":"windows","name":"Windows Server 2019","version":"10.0.17763"}},"process":{"args":["C:\\Program","Files\\Mozilla","Firefox\\firefox.exe","97GMA4N1BN"],"command_line":"C:\\Program Files\\Mozilla Firefox\\firefox.exe 97GMA4N1BN","executable":"C:\\Program Files\\Mozilla Firefox\\firefox.exe","name":"firefox.exe","parent":{"executable":"C:\\Windows\\System32\\wscript.exe","name":"wscript.exe","pid":399},"pid":42847},"user":{"domain":"DOMAIN","name":"john.doe"},"winlog":{"channel":"Microsoft-Windows-Sysmon/Operational","computer_name":"WIN-YXPEFUK5.domain.local","event_id":1,"provider_name":"Microsoft-Windows-Sysmon","record_id":3882175,"task":"Process creation (rule: ProcessCreate)"}}
{"@timestamp":"2023-01-03T13:50:55.681Z","DestinationIp":"update-server.microsoft.com","DestinationPort":8443,"EventID":3,"Image":"C:\\Windows\\System32\\cmd.exe","Protocol":"tcp","SourceIp":"192.168.1.100","SourcePort":56809,"agent":{"hostname":"WIN-MX1HRXB0","type":"winlogbeat","version":"8.5.0"},"destination":{"ip":"update-server.microsoft.com","port":8443},"ecs":{"version":"8.5.0"},"event":{"action":"Process creation","category":["process"],"code":3,"kind":"event","provider":"Microsoft-Windows-Sysmon","type":["start"]},"host":{"name":"WIN-9VRHZFS8","os":{"family":"windows","name":"Windows Server 2019","version":"10.0.17763"}},"network":{"direction":"outbound","protocol":"tcp"},"source":{"ip":"192.168.1.100","port":56809},"winlog":{"channel":"Microsoft-Windows-Sysmon/Operational","computer_name":"WIN-J4ADJJ86.domain.local","event_id":3,"provider_name":"Microsoft-Windows-Sysmon","record_id":5994616,"task":"Process creation (rule: ProcessCreate)"}}
{"@timestamp":"2023-03-23T09:46:57.103Z","DestinationIp":"1.1.1.1","DestinationPort":139,"EventID":3,"Image":"C:\\Windows\\System32\\regsvr32.exe","Protocol":"tcp","SourceIp":"192.168.1.100","SourcePort":54579,"agent":{"hostname":"WIN-CB51GA2Y","type":"winlogbeat","version":"8.5.0"},"destination":{"ip":"1.1.1.1","port":139},"ecs":{"version":"8.5.0"},"event":{"action":"Process creation","category":["process"],"code":3,"kind":"event","provider":"Microsoft-Windows-Sysmon","type":["start"]},"host":{"name":"WIN-9Q38D66W","os":{"family":"windows","name":"Windows Server 2019","version":"10.0.17763"}},"network":{"direction":"outbound","protocol":"tcp"},"source":{"ip":"192.168.1.100","port":54579},"winlog":{"channel":"Microsoft-Windows-Sysmon/Operational","computer_name":"WIN-4AZ8XQHU.domain.local","event_id":3,"provider_name":"Microsoft-Windows-Sysmon","record_id":7618994,"task":"Process creation (rule: ProcessCreate)"}}
{"@timestamp":"2023-04-08T03:46:23.559Z","Details":"C:\\temp\\CNBU9YYQ.exe","EventID":13,"Image":"C:\\Windows\\System32\\spoolsv.exe","TargetObject":"HKLM\\SOFTWARE\\Classes\\exefile\\shell\\open\\command\\1P5NIC7PBI","agent":{"hostname":"WIN-IK9F3LGS","type":"winlogbeat","version":"8.5.0"},"ecs":{"version":"8.5.0"},"event":{"action":"Process creation","category":["process"],"code":13,"kind":"event","provider":"Microsoft-Windows-Sysmon","type":["start"]},"host":{"name":"WIN-OHPUJIGH","os":{"family":"windows","name":"Windows Server 2019","version":"10.0.17763"}},"registry":{"data":{"strings":["C:\\temp\\QLWFIAAM.exe"]},"key":"HKLM\\SOFTWARE\\Classes\\exefile\\shell\\open\\command","value":"4487HYCT7C"},"winlog":{"channel":"Microsoft-Windows-Sysmon/Operational","computer_name":"WIN-EXRDU0K3.domain.local","event_id":13,"provider_name":"Microsoft-Windows-Sysmon","record_id":2185067,"task":"Process creation (rule: ProcessCreate)"}}
{"@timestamp":"2023-07-27T18:19:30.854Z","CommandLine":"C:\\Program Files\\Mozilla Firefox\\firefox.exe 9AJLB8KFN2","EventID":1,"Image":"C:\\Program Files\\Mozilla Firefox\\firefox.exe","ParentImage":"C:\\Program Files\\Google\\Chrome\\Application\\chrome.exe","ParentProcessId":614,"ProcessId":34038,"User":"user","agent":{"hostname":"WIN-TIUB1SN7","type":"winlogbeat","version":"8.5.0"},"ecs":{"version":"8.5.0"},"event":{"action":"Process creation","category":["process"],"code":1,"kind":"event","provider":"Microsoft-Windows-Sysmon","type":["start"]},"host":{"name":"WIN-6DLXIL1R","os":{"family":"windows","name":"Windows Server 2019","version":"10.0.17763"}},"process":{"args":["C:\\Program","Files\\Mozilla","Firefox\\firefox.exe","9AJLB8KFN2"],"command_line":"C:\\Program Files\\Mozilla Firefox\\firefox.exe 9AJLB8KFN2","executable":"C:\\Program Files\\Mozilla Firefox\\firefox.exe","name":"firefox.exe","parent":{"executable":"C:\\Program Files\\Google\\Chrome\\Application\\chrome.exe","name":"chrome.exe","pid":300},"pid":7554},"user":{"domain":"DOMAIN","name":"user"},"winlog":{"channel":"Microsoft-Windows-Sysmon/Operational","computer_name":"WIN-FP30KQ71.domain.local","event_id":1,"provider_name":"Microsoft-Windows-Sysmon","record_id":7514846,"task":"Process creation (rule: ProcessCreate)"}}
{"@timestamp":"2023-09-13T11:46:20.896Z","CommandLine":"C:\\Program Files\\Mozilla Firefox\\firefox.exe 8OM8YXB10V","EventID":1,"Image":"C:\\Program Files\\Mozilla Firefox\\firefox.exe","ParentImage":"C:\\Windows\\System32\\WindowsPowerShell\\v1.0\\powershell.exe","ParentProcessId":968,"ProcessId":12016,"User":"user","agent":{"hostname":"WIN-LNH6M65E","type":"winlogbeat","version":"8.5.0"},"ecs":{"version":"8.5.0"},"event":{"action":"Process creation","category":["process"],"code":1,"kind":"event","provider":"Microsoft-Windows-Sysmon","type":["start"]},"host":{"name":"WIN-E302B4B0","os":{"family":"windows","name":"Windows Server 2019","version":"10.0.17763"}},"process":{"args":["C:\\Program","Files\\Mozilla","Firefox\\firefox.exe","8OM8YXB10V"],"command_line":"C:\\Program Files\\Mozilla Firefox\\firefox.exe 8OM8YXB10V","executable":"C:\\Program Files\\Mozilla Firefox\\firefox.exe","name":"firefox.exe","parent":{"executable":"C:\\Windows\\System32\\WindowsPowerShell\\v1.0\\powershell.exe","name":"powershell.exe","pid":804},"pid":5482},"user":{"domain":"DOMAIN","name":"user"},"winlog":{"channel":"Microsoft-Windows-Sysmon/Operational","computer_name":"WIN-1VYLRP78.domain.local","event_id":1,"provider_name":"Microsoft-Windows-Sysmon","record_id":9267727,"task":"Process creation (rule: ProcessCreate)"}}
{"@timestamp":"2023-02-06T16:52:02.829Z","CommandLine":"C:\\Windows\\System32\\WindowsPowerShell\\v1.0\\powershell.exe GTKTP8WNNH","EventID":1,"Image":"C:\\Windows\\System32\\WindowsPowerShell\\v1.0\\powershell.exe","ParentImage":"C:\\Windows\\System32\\services.exe","ParentProcessId":376,"ProcessId":16587,"User":"Administrator","agent":{"hostname":"WIN-WIXHAM1T","type":"winlogbeat","version":"8.5.0"},"ecs":{"version":"8.5.0"},"event":{"action":"Process creation","category":["process"],"code":1,"kind":"event","provider":"Microsoft-Windows-Sysmon","type":["start"]},"host":{"name":"WIN-ALOE0A9D","os":{"family":"windows","name":"Windows Server 2019","version":"10.0.17763"}},"process":{"args":["C:\\Windows\\System32\\WindowsPowerShell\\v1.0\\powershell.exe","GTKTP8WNNH"],"command_line":"C:\\Windows\\System32\\WindowsPowerShell\\v1.0\\powershell.exe GTKTP8WNNH","executable":"C:\\Windows\\System32\\WindowsPowerShell\\v1.0\\powershell.exe","name":"powershell.exe","parent":{"executable":"C:\\Windows\\System32\\services.exe","name":"services.exe","pid":107},"pid":31508},"user":{"domain":"DOMAIN","name":"Administrator"},"winlog":{"channel":"Microsoft-Windows-Sysmon/Operational","computer_name":"WIN-CS3S26OV.domain.local","event_id":1,"provider_name":"Microsoft-Windows-Sysmon","record_id":9922347,"task":"Process creation (rule: ProcessCreate)"}}
{"@timestamp":"2023-12-06T16:51:59.603Z","CommandLine":"C:\\Windows\\System32\\regsvr32.exe FPPK8NSYI6","EventID":1,"Image":"C:\\Windows\\System32\\regsvr32.exe","ParentImage":"C:\\Windows\\System32\\lsass.exe","ParentProcessId":689,"ProcessId":55586,"User":"Guest","agent":{"hostname":"WIN-DBKMNB3E","type":"winlogbeat","version":"8.5.0"},"ecs":{"version":"8.5.0"},"event":{"action":"Process creation","category":["process"],"code":1,"kind":"event","provider":"Microsoft-Windows-Sysmon","type":["start"]},"host":{"name":"WIN-DL3QQBKY","os":{"family":"windows","name":"Windows Server 2019","version":"10.0.17763"}},"process":{"args":["C:\\Windows\\System32\\regsvr32.exe","FPPK8NSYI6"],"command_line":"C:\\Windows\\System32\\regsvr32.exe FPPK8NSYI6","executable":"C:\\Windows\\System32\\regsvr32.exe","name":"regsvr32.exe","parent":{"executable":"C:\\Windows\\System32\\lsass.exe","name":"lsass.exe","pid":980},"pid":42309},"user":{"domain":"DOMAIN","name":"Guest"},"winlog":{"channel":"Microsoft-Windows-Sysmon/Operational","computer_name":"WIN-GMQSFTGO.domain.local","event_id":1,"provider_name":"Microsoft-Windows-Sysmon","record_id":9953308,"task":"Process creation (rule: ProcessCreate)"}}
{"@timestamp":"2023-09-06T15:45:44.133Z","CommandLine":"C:\\Windows\\System32\\WindowsPowerShell\\v1.0\\powershell.exe R482SJFIB1","EventID":1,"Image":"C:\\Windows\\System32\\WindowsPowerShell\\v1.0\\powershell.exe","ParentImage":"C:\\Windows\\System32\\wscript.exe","ParentProcessId":975,"ProcessId":47470,"User":"NT AUTHORITY\\LOCAL SERVICE","agent":{"hostname":"WIN-5ZXI7RMP","type":"winlogbeat","version":"8.5.0"},"ecs":{"version":"8.5.0"},"event":{"action":"Process creation","category":["process"],"code":1,"kind":"event","provider":"Microsoft-Windows-Sysmon","type":["start"]},"host":{"name":"WIN-J4QK3GUR","os":{"family":"windows","name":"Windows Server 2019","version":"10.0.17763"}},"process":{"args":["C:\\Windows\\System32\\WindowsPowerShell\\v1.0\\powershell.exe","R482SJFIB1"],"command_line":"C:\\Windows\\System32\\WindowsPowerShell\\v1.0\\powershell.exe R482SJFIB1","executable":"C:\\Windows\\System32\\WindowsPowerShell\\v1.0\\powershell.exe","name":"powershell.exe","parent":{"executable":"C:\\Windows\\System32\\wscript.exe","name":"wscript.exe","pid":272},"pid":19975},"user":{"domain":"NT AUTHORITY","name":"NT AUTHORITY\\LOCAL SERVICE"},"winlog":{"channel":"Microsoft-Windows-Sysmon/Operational","computer_name":"WIN-IW9CJRQX.domain.local","event_id":1,"provider_name":"Microsoft-Windows-Sysmon","record_id":6848978,"task":"Process creation (rule: ProcessCreate)"}}
{"@timestamp":"2023-05-17T21:25:00.856Z","DestinationIp":"192.168.1.100","DestinationPort":3389,"EventID":3,"Image":"C:\\Windows\\System32\\cscript.exe","Protocol":"tcp","SourceIp":"192.168.1.100","SourcePort":60561,"agent":{"hostname":"WIN-WX5LHNSY","type":"winlogbeat","version":"8.5.0"},"destination":{"ip":"192.168.1.100","port":3389},"ecs":{"version":"8.5.0"},"event":{"action":"Process creation","category":["process"],"code":3,"kind":"event","provider":"Microsoft-Windows-Sysmon","type":["start"]},"host":{"name":"WIN-IE0BMGVD","os":{"family":"windows","name":"Windows Server 2019","version":"10.0.17763"}},"network":{"direction":"outbound","protocol":"tcp"},"source":{"ip":"192.168.1.100","port":60561},"winlog":{"channel":"Microsoft-Windows-Sysmon/Operational","computer_name":"WIN-KB0IX1KV.domain.local","event_id":3,"provider_name":"Microsoft-Windows-Sysmon","record_id":2117156,"task":"Process creation (rule: ProcessCreate)"}}
{"@timestamp":"2023-09-20T11:19:04.444Z","CommandLine":"C:\\Windows\\System32\\taskmgr.exe ND8OW9XCVB","EventID":1,"Image":"C:\\Windows\\System32\\taskmgr.exe","ParentImage":"C:\\Windows\\System32\\cmd.exe","ParentProcessId":414,"ProcessId":12678,"User":"NT AUTHORITY\\NETWORK SERVICE","agent":{"hostname":"WIN-0H18D29T","type":"winlogbeat","version":"8.5.0"},"ecs":{"version":"8.5.0"},"event":{"action":"Process creation","category":["process"],"code":1,"kind":"event","provider":"Microsoft-Windows-Sysmon","type":["start"]},"host":{"name":"WIN-KWEW47T4","os":{"family":"windows","name":"Windows Server 2019","version":"10.0.17763"}},"process":{"args":["C:\\Windows\\System32\\taskmgr.exe","ND8OW9XCVB"],"command_line":"C:\\Windows\\System32\\taskmgr.exe ND8OW9XCVB","executable":"C:\\Windows\\System32\\taskmgr.exe","name":"taskmgr.exe","parent":{"executable":"C:\\Windows\\System32\\cmd.exe","name":"cmd.exe","pid":868},"pid":36458},"user":{"domain":"NT AUTHORITY","name":"NT AUTHORITY\\NETWORK SERVICE"},"winlog":{"channel":"Microsoft-Windows-Sysmon/Operational","computer_name":"WIN-9TS92LEO.domain.local","event_id":1,"provider_name":"Microsoft-Windows-Sysmon","record_id":7941000,"task":"Process creation (rule: ProcessCreate)"}}
{"@timestamp":"2023-03-19T01:57:13.770Z","Details":"C:\\temp\\UTD3ZCLL.exe","EventID":13,"Image":"C:\\Windows\\System32\\WindowsPowerShell\\v1.0\\powershell.exe","TargetObject":"HKLM\\SYSTEM\\CurrentControlSet\\Services\\12HXY70M77","agent":{"hostname":"WIN-5VRRH72C","type":"winlogbeat","version":"8.5.0"},"ecs":{"version":"8.5.0"},"event":{"action":"Process creation","category":["process"],"code":13,"kind":"event","provider":"Microsoft-Windows-Sysmon","type":["start"]},"host":{"name":"WIN-6RIBBKWV","os":{"family":"windows","name":"Windows Server 2019","version":"10.0.17763"}},"registry":{"data":{"strings":["C:\\temp\\T76M297C.exe"]},"key":"HKLM\\SYSTEM\\CurrentControlSet\\Services","value":"SA1MC0YBJ1"},"winlog":{"channel":"Microsoft-Windows-Sysmon/Operational","computer_name":"WIN-XDAMV4IW.domain.local","event_id":13,"provider_name":"Microsoft-Windows-Sysmon","record_id":5948378,"task":"Process creation (rule: ProcessCreate)"}}
{"@timestamp":"2023-06-06T10:02:15.181Z","CommandLine":"C:\\Windows\\System32\\taskmgr.exe 1V58UVBV2X","EventID":1,"Image":"C:\\Windows\\System32\\taskmgr.exe","ParentImage":"C:\\Windows\\System32\\taskmgr.exe","ParentProcessId":545,"ProcessId":53580,"User":"jane.smith","agent":{"hostname":"WIN-LQ0AZTTD","type":"winlogbeat","version":"8.5.0"},"ecs":{"version":"8.5.0"},"event":{"action":"Process creation","category":["process"],"code":1,"kind":"event","provider":"Microsoft-Windows-Sysmon","type":["start"]},"host":{"name":"WIN-B7YRAYEP","os":{"family":"windows","name":"Windows Server 2019","version":"10.0.17763"}},"process":{"args":["C:\\Windows\\System32\\taskmgr.exe","1V58UVBV2X"],"command_line":"C:\\Windows\\System32\\taskmgr.exe 1V58UVBV2X","executable":"C:\\Windows\\System32\\taskmgr.exe","name":"taskmgr.exe","parent":{"executable":"C:\\Windows\\System32\\taskmgr.exe","name":"taskmgr.exe","pid":177},"pid":10714},"user":{"domain":"DOMAIN","name":"jane.smith"},"winlog":{"channel":"Microsoft-Windows-Sysmon/Operational","computer_name":"WIN-8Q8VF82G.domain.local","event_id":1,"provider_name":"Microsoft-Windows-Sysmon","record_id":1426143,"task":"Process creation (rule: ProcessCreate)"}}
{"@timestamp":"2023-06-10T03:37:14.690Z","CommandLine":"C:\\Windows\\System32\\lsass.exe 3RAAER4A6J","EventID":1,"Image":"C:\\Windows\\System32\\lsass.exe","ParentImage":"C:\\Windows\\System32\\cscript.exe","ParentProcessId":106,"ProcessId":49327,"User":"Administrator","agent":{"hostname":"WIN-3Q5NXJ4V","type":"winlogbeat","version":"8.5.0"},"ecs":{"version":"8.5.0"},"event":{"action":"Process creation","category":["process"],"code":1,"kind":"event","provider":"Microsoft-Windows-Sysmon","type":["start"]},"host":{"name":"WIN-ILQURC2R","os":{"family":"windows","name":"Windows Server 2019","version":"10.0.17763"}},"process":{"args":["C:\\Windows\\System32\\lsass.exe","3RAAER4A6J"],"command_line":"C:\\Windows\\System32\\lsass.exe 3RAAER4A6J","executable":"C:\\Windows\\System32\\lsass.exe","name":"lsass.exe","parent":{"executable":"C:\\Windows\\System32\\cscript.exe","name":"cscript.exe","pid":792},"pid":12794},"user":{"domain":"DOMAIN","name":"Administrator"},"winlog":{"channel":"Microsoft-Windows-Sysmon/Operational","computer_name":"WIN-F21CVZG3.domain.local","event_id":1,"provider_name":"Microsoft-Windows-Sysmon","record_id":6181671,"task":"Process creation (rule: ProcessCreate)"}}
{"@timestamp":"2023-12-12T00:24:47.599Z","CommandLine":"C:\\Windows\\System32\\svchost.exe 10212TX5R4","EventID":1,"Image":"C:\\Windows\\System32\\svchost.exe","ParentImage":"C:\\Windows\\System32\\taskmgr.exe","ParentProcessId":146,"ProcessId":44495,"User":"NT AUTHORITY\\LOCAL SERVICE","agent":{"hostname":"WIN-CH46XVDA","type":"winlogbeat","version":"8.5.0"},"ecs":{"version":"8.5.0"},"event":{"action":"Process creation","category":["process"],"code":1,"kind":"event","provider":"Microsoft-Windows-Sysmon","type":["start"]},"host":{"name":"WIN-KK1C8KFH","os":{"family":"windows","name":"Windows Server 2019","version":"10.0.17763"}},"process":{"args":["C:\\Windows\\System32\\svchost.exe","10212TX5R4"],"command_line":"C:\\Windows\\System32\\svchost.exe 10212TX5R4","executable":"C:\\Windows\\System32\\svchost.exe","name":"svchost.exe","parent":{"executable":"C:\\Windows\\System32\\taskmgr.exe","name":"taskmgr.exe","pid":308},"pid":21822},"user":{"domain":"NT AUTHORITY","name":"NT AUTHORITY\\LOCAL SERVICE"},"winlog":{"channel":"Microsoft-Windows-Sysmon/Operational","computer_name":"WIN-RM8EAXW5.domain.local","event_id":1,"provider_name":"Microsoft-Windows-Sysmon","record_id":9743122,"task":"Process creation (rule: ProcessCreate)"}}
{"@timestamp":"2023-05-09T04:59:20.740Z","Details":"C:\\temp\\VGQJOXO0.exe","EventID":13,"Image":"C:\\Windows\\System32\\calc.exe","TargetObject":"HKCU\\SOFTWARE\\Microsoft\\Windows\\CurrentVersion\\Run\\PZNRVNTC2I","agent":{"hostname":"WIN-AD403ACT","type":"winlogbeat","version":"8.5.0"},"ecs":{"version":"8.5.0"},"event":{"action":"Process creation","category":["process"],"code":13,"kind":"event","provider":"Microsoft-Windows-Sysmon","type":["start"]},"host":{"name":"WIN-QI7KKKBQ","os":{"family":"windows","name":"Windows Server 2019","version":"10.0.17763"}},"registry":{"data":{"strings":["C:\\temp\\BI3HVHZM.exe"]},"key":"HKCU\\SOFTWARE\\Microsoft\\Windows\\CurrentVersion\\Run","value":"GKPJ7XMRA8"},"winlog":{"channel":"Microsoft-Windows-Sysmon/Operational","computer_name":"WIN-02CR16OV.domain.local","event_id":13,"provider_name":"Microsoft-Windows-Sysmon","record_id":4269562,"task":"Process creation (rule: ProcessCreate)"}}
{"@timestamp":"2023-06-10T03:44:22.468Z","CommandLine":"C:\\Program Files\\Google\\Chrome\\Application\\chrome.exe --new-tab https://example.com","EventID":1,"Image":"C:\\Program Files\\Google\\Chrome\\Application\\chrome.exe","ParentImage":"C:\\Windows\\System32\\explorer.exe","ParentProcessId":550,"ProcessId":16171,"User":"DefaultAccount","agent":{"hostname":"WIN-RZ63I4ZZ","type":"winlogbeat","version":"8.5.0"},"ecs":{"version":"8.5.0"},"event":{"action":"Process creation","category":["process"],"code":1,"kind":"event","provider":"Microsoft-Windows-Sysmon","type":["start"]},"host":{"name":"WIN-WPH8VTCR","os":{"family":"windows","name":"Windows Server 2019","version":"10.0.17763"}},"process":{"args":["C:\\Program","Files\\Google\\Chrome\\Application\\chrome.exe","--new-tab","https://example.com"],"command_line":"C:\\Program Files\\Google\\Chrome\\Application\\chrome.exe --new-tab https://example.com","executable":"C:\\Program Files\\Google\\Chrome\\Application\\chrome.exe","name":"chrome.exe","parent":{"executable":"C:\\Windows\\System32\\explorer.exe","name":"explorer.exe","pid":726},"pid":36948},"user":{"domain":"DOMAIN","name":"DefaultAccount"},"winlog":{"channel":"Microsoft-Windows-Sysmon/Operational","computer_name":"WIN-55AWP95X.domain.local","event_id":1,"provider_name":"Microsoft-Windows-Sysmon","record_id":4293983,"task":"Process creation (rule: ProcessCreate)"}}
{"@timestamp":"2023-01-20T13:18:52.847Z","CommandLine":"C:\\Program Files (x86)\\Microsoft\\Edge\\Application\\msedge.exe 99FVAIJDMH","EventID":1,"Image":"C:\\Program Files (x86)\\Microsoft\\Edge\\Application\\msedge.exe","ParentImage":"C:\\Windows\\System32\\svchost.exe","ParentProcessId":490,"ProcessId":36993,"User":"NT AUTHORITY\\NETWORK SERVICE","agent":{"hostname":"WIN-I75SNOF8","type":"winlogbeat","version":"8.5.0"},"ecs":{"version":"8.5.0"},"event":{"action":"Process creation","category":["process"],"code":1,"kind":"event","provider":"Microsoft-Windows-Sysmon","type":["start"]},"host":{"name":"WIN-REA9DAFJ","os":{"family":"windows","name":"Windows Server 2019","version":"10.0.17763"}},"process":{"args":["C:\\Program","Files","(x86)\\Microsoft\\Edge\\Application\\msedge.exe","99FVAIJDMH"],"command_line":"C:\\Program Files (x86)\\Microsoft\\Edge\\Application\\msedge.exe 99FVAIJDMH","executable":"C:\\Program Files (x86)\\Microsoft\\Edge\\Application\\msedge.exe","name":"msedge.exe","parent":{"executable":"C:\\Windows\\System32\\svchost.exe","name":"svchost.exe","pid":426},"pid":55272},"user":{"domain":"NT AUTHORITY","name":"NT AUTHORITY\\NETWORK SERVICE"},"winlog":{"channel":"Microsoft-Windows-Sysmon/Operational","computer_name":"WIN-FJ4JX3SD.domain.local","event_id":1,"provider_name":"Microsoft-Windows-Sysmon","record_id":8144042,"task":"Process creation (rule: ProcessCreate)"}}
{"@timestamp":"2023-06-10T00:29:09.119Z","CommandLine":"C:\\Windows\\System32\\rundll32.exe 1ETD57R1XE","EventID":1,"Image":"C:\\Windows\\System32\\rundll32.exe","ParentImage":"C:\\Windows\\System32\\mshta.exe","ParentProcessId":709,"ProcessId":43616,"User":"Guest","agent":{"hostname":"WIN-LUTWZV0M","type":"winlogbeat","version":"8.5.0"},"ecs":{"version":"8.5.0"},"event":{"action":"Process creation","category":["process"],"code":1,"kind":"event","provider":"Microsoft-Windows-Sysmon","type":["start"]},"host":{"name":"WIN-CV3TOEGB","os":{"family":"windows","name":"Windows Server 2019","version":"10.0.17763"}},"process":{"args":["C:\\Windows\\System32\\rundll32.exe","1ETD57R1XE"],"command_line":"C:\\Windows\\System32\\rundll32.exe 1ETD57R1XE","executable":"C:\\Windows\\System32\\rundll32.exe","name":"rundll32.exe","parent":{"executable":"C:\\Windows\\System32\\mshta.exe","name":"mshta.exe","pid":303},"pid":37400},"user":{"domain":"DOMAIN","name":"Guest"},"winlog":{"channel":"Microsoft-Windows-Sysmon/Operational","computer_name":"WIN-H035T7KG.domain.local","event_id":1,"provider_name":"Microsoft-Windows-Sysmon","record_id":7552788,"task":"Process creation (rule: ProcessCreate)"}}
{"@timestamp":"2023-05-04T01:09:01.430Z","DestinationIp":"legitimate-service.com","DestinationPort":8080,"EventID":3,"Image":"C:\\Windows\\System32\\WindowsPowerShell\\v1.0\\powershell.exe","Protocol":"tcp","SourceIp":"192.168.1.100","SourcePort":56469,"agent":{"hostname":"WIN-VNKOP38O","type":"winlogbeat","version":"8.5.0"},"destination":{"ip":"legitimate-service.com","port":8080},"ecs":{"version":"8.5.0"},"event":{"action":"Process creation","category":["process"],"code":3,"kind":"event","provider":"Microsoft-Windows-Sysmon","type":["start"]},"host":{"name":"WIN-MHXS4MEH","os":{"family":"windows","name":"Windows Server 2019","version":"10.0.17763"}},"network":{"direction":"outbound","protocol":"tcp"},"source":{"ip":"192.168.1.100","port":56469},"winlog":{"channel":"Microsoft-Windows-Sysmon/Operational","computer_name":"WIN-UHE6HRPP.domain.local","event_id":3,"provider_name":"Microsoft-Windows-Sysmon","record_id":5437233,"task":"Process creation (rule: ProcessCreate)"}}
{"@timestamp":"2023-12-17T00:10:28.338Z","CommandLine":"C:\\Windows\\System32\\cmd.exe D2P6WHA411","EventID":1,"Image":"C:\\Windows\\System32\\cmd.exe","ParentImage":"C:\\Windows\\System32\\services.exe","ParentProcessId":964,"ProcessId":52073,"User":"user","agent":{"hostname":"WIN-5S2A43DN","type":"winlogbeat","version":"8.5.0"},"ecs":{"version":"8.5.0"},"event":{"action":"Process creation","category":["process"],"code":1,"kind":"event","provider":"Microsoft-Windows-Sysmon","type":["start"]},"host":{"name":"WIN-LPW53DZP","os":{"family":"windows","name":"Windows Server 2019","version":"10.0.17763"}},"process":{"args":["C:\\Windows\\System32\\cmd.exe","D2P6WHA411"],"command_line":"C:\\Windows\\System32\\cmd.exe D2P6WHA411","executable":"C:\\Windows\\System32\\cmd.exe","name":"cmd.exe","parent":{"executable":"C:\\Windows\\System32\\services.exe","name":"services.exe","pid":338},"pid":29461},"user":{"domain":"DOMAIN","name":"user"},"winlog":{"channel":"Microsoft-Windows-Sysmon/Operational","computer_name":"WIN-10DCDBIH.domain.local","event_id":1,"provider_name":"Microsoft-Windows-Sysmon","record_id":4236079,"task":"Process creation (rule: ProcessCreate)"}}
{"@timestamp":"2023-10-08T03:58:49.891Z","DestinationIp":"208.67.222.222","DestinationPort":8443,"EventID":3,"Image":"C:\\Windows\\System32\\regsvr32.exe","Protocol":"tcp","SourceIp":"192.168.1.100","SourcePort":62463,"agent":{"hostname":"WIN-M9LNVIDO","type":"winlogbeat","version":"8.5.0"},"destination":{"ip":"208.67.222.222","port":8443},"ecs":{"version":"8.5.0"},"event":{"action":"Process creation","category":["process"],"code":3,"kind":"event","provider":"Microsoft-Windows-Sysmon","type":["start"]},"host":{"name":"WIN-2F1Y4GAU","os":{"family":"windows","name":"Windows Server 2019","version":"10.0.17763"}},"network":{"direction":"outbound","protocol":"tcp"},"source":{"ip":"192.168.1.100","port":62463},"winlog":{"channel":"Microsoft-Windows-Sysmon/Operational","computer_name":"WIN-8WJRD5YH.domain.local","event_id":3,"provider_name":"Microsoft-Windows-Sysmon","record_id":4294902,"task":"Process creation (rule: ProcessCreate)"}}
{"@timestamp":"2023-12-07T12:32:26.249Z","CommandLine":"C:\\Windows\\System32\\powershell.exe 0BPNMNMUQT","EventID":1,"Image":"C:\\Windows\\System32\\powershell.exe","ParentImage":"C:\\Windows\\System32\\mshta.exe","ParentProcessId":237,"ProcessId":50577,"User":"Administrator","agent":{"hostname":"WIN-X485GR23","type":"winlogbeat","version":"8.5.0"},"ecs":{"version":"8.5.0"},"event":{"action":"Process creation","category":["process"],"code":1,"kind":"event","provider":"Microsoft-Windows-Sysmon","type":["start"]},"host":{"name":"WIN-EV1O9DMJ","os":{"family":"windows","name":"Windows Server 2019","version":"10.0.17763"}},"process":{"args":["C:\\Windows\\System32\\powershell.exe","0BPNMNMUQT"],"command_line":"C:\\Windows\\System32\\powershell.exe 0BPNMNMUQT","executable":"C:\\Windows\\System32\\powershell.exe","name":"powershell.exe","parent":{"executable":"C:\\Windows\\System32\\mshta.exe","name":"mshta.exe","pid":627},"pid":64646},"user":{"domain":"DOMAIN","name":"Administrator"},"winlog":{"channel":"Microsoft-Windows-Sysmon/Operational","computer_name":"WIN-O3RTO5A4.domain.local","event_id":1,"provider_name":"Microsoft-Windows-Sysmon","record_id":4331878,"task":"Process creation (rule: ProcessCreate)"}}
{"@timestamp":"2023-09-18T12:52:37.703Z","CommandLine":"C:\\Windows\\System32\\explorer.exe","EventID":1,"Image":"C:\\Windows\\System32\\explorer.exe","ParentImage":"C:\\Windows\\System32\\taskmgr.exe","ParentProcessId":292,"ProcessId":60714,"User":"user","agent":{"hostname":"WIN-BUOLXWNV","type":"winlogbeat","version":"8.5.0"},"ecs":{"version":"8.5.0"},"event":{"action":"Process creation","category":["process"],"code":1,"kind":"event","provider":"Microsoft-Windows-Sysmon","type":["start"]},"host":{"name":"WIN-27IAVSL4","os":{"family":"windows","name":"Windows Server 2019","version":"10.0.17763"}},"process":{"args":["C:\\Windows\\System32\\explorer.exe"],"command_line":"C:\\Windows\\System32\\explorer.exe","executable":"C:\\Windows\\System32\\explorer.exe","name":"explorer.exe","parent":{"executable":"C:\\Windows\\System32\\taskmgr.exe","name":"taskmgr.exe","pid":850},"pid":17658},"user":{"domain":"DOMAIN","name":"user"},"winlog":{"channel":"Microsoft-Windows-Sysmon/Operational","computer_name":"WIN-JXYWM2P7.domain.local","event_id":1,"provider_name":"Microsoft-Windows-Sysmon","record_id":9415201,"task":"Process creation (rule: ProcessCreate)"}}
{"@timestamp":"2023-01-14T22:35:19.634Z","CommandLine":"C:\\Program Files\\Mozilla Firefox\\firefox.exe 4DRK2RP2M4","EventID":1,"Image":"C:\\Program Files\\Mozilla Firefox\\firefox.exe","ParentImage":"C:\\Windows\\System32\\lsass.exe","ParentProcessId":273,"ProcessId":10961,"User":"NT AUTHORITY\\LOCAL SERVICE","agent":{"hostname":"WIN-8ASD5AO6","type":"winlogbeat","version":"8.5.0"},"ecs":{"version":"8.5.0"},"event":{"action":"Process creation","category":["process"],"code":1,"kind":"event","provider":"Microsoft-Windows-Sysmon","type":["start"]},"host":{"name":"WIN-RY30J7YQ","os":{"family":"windows","name":"Windows Server 2019","version":"10.0.17763"}},"process":{"args":["C:\\Program","Files\\Mozilla","Firefox\\firefox.exe","4DRK2RP2M4"],"command_line":"C:\\Program Files\\Mozilla Firefox\\firefox.exe 4DRK2RP2M4","executable":"C:\\Program Files\\Mozilla Firefox\\firefox.exe","name":"firefox.exe","parent":{"executable":"C:\\Windows\\System32\\lsass.exe","name":"lsass.exe","pid":385},"pid":34057},"user":{"domain":"NT AUTHORITY","name":"NT AUTHORITY\\LOCAL SERVICE"},"winlog":{"channel":"Microsoft-Windows-Sysmon/Operational","computer_name":"WIN-KHB3JU51.domain.local","event_id":1,"provider_name":"Microsoft-Windows-Sysmon","record_id":6086427,"task":"Process creation (rule: ProcessCreate)"}}
{"@timestamp":"2023-10-24T00:36:04.255Z","DestinationIp":"update-server.microsoft.com","DestinationPort":3389,"EventID":3,"Image":"C:\\Windows\\System32\\rundll32.exe","Protocol":"tcp","SourceIp":"192.168.1.100","SourcePort":59223,"agent":{"hostname":"WIN-VLS52Z3V","type":"winlogbeat","version":"8.5.0"},"destination":{"ip":"update-server.microsoft.com","port":3389},"ecs":{"version":"8.5.0"},"event":{"action":"Process creation","category":["process"],"code":3,"kind":"event","provider":"Microsoft-Windows-Sysmon","type":["start"]},"host":{"name":"WIN-MHUWGUY9","os":{"family":"windows","name":"Windows Server 2019","version":"10.0.17763"}},"network":{"direction":"outbound","protocol":"tcp"},"source":{"ip":"192.168.1.100","port":59223},"winlog":{"channel":"Microsoft-Windows-Sysmon/Operational","computer_name":"WIN-OSKKEQB9.domain.local","event_id":3,"provider_name":"Microsoft-Windows-Sysmon","record_id":1940703,"task":"Process creation (rule: ProcessCreate)"}}
{"@timestamp":"2023-06-17T12:49:46.977Z","DestinationIp":"suspicious-site.net","DestinationPort":8443,"EventID":3,"Image":"C:\\Windows\\System32\\cscript.exe","Protocol":"tcp","SourceIp":"192.168.1.100","SourcePort":51633,"agent":{"hostname":"WIN-3OPAB53Q","type":"winlogbeat","version":"8.5.0"},"destination":{"ip":"suspicious-site.net","port":8443},"ecs":{"version":"8.5.0"},"event":{"action":"Process creation","category":["process"],"code":3,"kind":"event","provider":"Microsoft-Windows-Sysmon","type":["start"]},"host":{"name":"WIN-C5GGAP6C","os":{"family":"windows","name":"Windows Server 2019","version":"10.0.17763"}},"network":{"direction":"outbound","protocol":"tcp"},"source":{"ip":"192.168.1.100","port":51633},"winlog":{"channel":"Microsoft-Windows-Sysmon/Operational","computer_name":"WIN-KGQ1HA8M.domain.local","event_id":3,"provider_name":"Microsoft-Windows-Sysmon","record_id":9624151,"task":"Process creation (rule: ProcessCreate)"}}
{"@timestamp":"2023-04-20T18:41:07.107Z","CommandLine":"C:\\Program Files\\Google\\Chrome\\Application\\chrome.exe --new-tab https://example.com","EventID":1,"Image":"C:\\Program Files\\Google\\Chrome\\Application\\chrome.exe","ParentImage":"C:\\Windows\\System32\\svchost.exe","ParentProcessId":299,"ProcessId":48221,"User":"john.doe","agent":{"hostname":"WIN-MZZJIU7I","type":"winlogbeat","version":"8.5.0"},"ecs":{"version":"8.5.0"},"event":{"action":"Process creation","category":["process"],"code":1,"kind":"event","provider":"Microsoft-Windows-Sysmon","type":["start"]},"host":{"name":"WIN-HH1YELI1","os":{"family":"windows","name":"Windows Server 2019","version":"10.0.17763"}},"process":{"args":["C:\\Program","Files\\Google\\Chrome\\Application\\chrome.exe","--new-tab","https://example.com"],"command_line":"C:\\Program Files\\Google\\Chrome\\Application\\chrome.exe --new-tab https://example.com","executable":"C:\\Program Files\\Google\\Chrome\\Application\\chrome.exe","name":"chrome.exe","parent":{"executable":"C:\\Windows\\System32\\svchost.exe","name":"svchost.exe","pid":185},"pid":34146},"user":{"domain":"DOMAIN","name":"john.doe"},"winlog":{"channel":"Microsoft-Windows-Sysmon/Operational","computer_name":"WIN-EHGJJHI2.domain.local","event_id":1,"provider_name":"Microsoft-Windows-Sysmon","record_id":1766255,"task":"Process creation (rule: ProcessCreate)"}}
{"@timestamp":"2023-10-24T02:04:36.271Z","CommandLine":"C:\\Program Files\\Mozilla Firefox\\firefox.exe 60VFX5GH8S","EventID":1,"Image":"C:\\Program Files\\Mozilla Firefox\\firefox.exe","ParentImage":"C:\\Windows\\System32\\winlogon.exe","ParentProcessId":768,"ProcessId":42127,"User":"user","agent":{"hostname":"WIN-MKGYN8ID","type":"winlogbeat","version":"8.5.0"},"ecs":{"version":"8.5.0"},"event":{"action":"Process creation","category":["process"],"code":1,"kind":"event","provider":"Microsoft-Windows-Sysmon","type":["start"]},"host":{"name":"WIN-T4CTI9DW","os":{"family":"windows","name":"Windows Server 2019","version":"10.0.17763"}},"process":{"args":["C:\\Program","Files\\Mozilla","Firefox\\firefox.exe","60VFX5GH8S"],"command_line":"C:\\Program Files\\Mozilla Firefox\\firefox.exe 60VFX5GH8S","executable":"C:\\Program Files\\Mozilla Firefox\\firefox.exe","name":"firefox.exe","parent":{"executable":"C:\\Windows\\System32\\winlogon.exe","name":"winlogon.exe","pid":608},"pid":3447},"user":{"domain":"DOMAIN","name":"user"},"winlog":{"channel":"Microsoft-Windows-Sysmon/Operational","computer_name":"WIN-SUZE9S4J.domain.local","event_id":1,"provider_name":"Microsoft-Windows-Sysmon","record_id":3660719,"task":"Process creation (rule: ProcessCreate)"}}
{"@timestamp":"2023-08-13T22:24:16.175Z","CommandLine":"C:\\Windows\\System32\\spoolsv.exe 125ET2ITAS","EventID":1,"Image":"C:\\Windows\\System32\\spoolsv.exe","ParentImage":"C:\\Windows\\System32\\winlogon.exe","ParentProcessId":271,"ProcessId":5182,"User":"NT AUTHORITY\\SYSTEM","agent":{"hostname":"WIN-P4FZWVTL","type":"winlogbeat","version":"8.5.0"},"ecs":{"version":"8.5.0"},"event":{"action":"Process creation","category":["process"],"code":1,"kind":"event","provider":"Microsoft-Windows-Sysmon","type":["start"]},"host":{"name":"WIN-I0LSSTOK","os":{"family":"windows","name":"Windows Server 2019","version":"10.0.17763"}},"process":{"args":["C:\\Windows\\System32\\spoolsv.exe","125ET2ITAS"],"command_line":"C:\\Windows\\System32\\spoolsv.exe 125ET2ITAS","executable":"C:\\Windows\\System32\\spoolsv.exe","name":"spoolsv.exe","parent":{"executable":"C:\\Windows\\System32\\winlogon.exe","name":"winlogon.exe","pid":896},"pid":12269},"user":{"domain":"NT AUTHORITY","name":"NT AUTHORITY\\SYSTEM"},"winlog":{"channel":"Microsoft-Windows-Sysmon/Operational","computer_name":"WIN-JYOTHPW8.domain.local","event_id":1,"provider_name":"Microsoft-Windows-Sysmon","record_id":9476031,"task":"Process creation (rule: ProcessCreate)"}}
{"@timestamp":"2023-02-17T05:53:42.114Z","CommandLine":"C:\\Windows\\System32\\powershell.exe SR7B9DOH7B","EventID":1,"Image":"C:\\Windows\\System32\\powershell.exe","ParentImage":"C:\\Windows\\System32\\calc.exe","ParentProcessId":446,"ProcessId":48913,"User":"Administrator","agent":{"hostname":"WIN-XCHJNY51","type":"winlogbeat","version":"8.5.0"},"ecs":{"version":"8.5.0"},"event":{"action":"Process creation","category":["process"],"code":1,"kind":"event","provider":"Microsoft-Windows-Sysmon","type":["start"]},"host":{"name":"WIN-3GNT5BHU","os":{"family":"windows","name":"Windows Server 2019","version":"10.0.17763"}},"process":{"args":["C:\\Windows\\System32\\powershell.exe","SR7B9DOH7B"],"command_line":"C:\\Windows\\System32\\powershell.exe SR7B9DOH7B","executable":"C:\\Windows\\System32\\powershell.exe","name":"powershell.exe","parent":{"executable":"C:\\Windows\\System32\\calc.exe","name":"calc.exe","pid":355},"pid":4032},"user":{"domain":"DOMAIN","name":"Administrator"},"winlog":{"channel":"Microsoft-Windows-Sysmon/Operational","computer_name":"WIN-GS911K6N.domain.local","event_id":1,"provider_name":"Microsoft-Windows-Sysmon","record_id":9364915,"task":"Process creation (rule: ProcessCreate)"}}
