{"@timestamp":"2023-02-05T17:59:18.900Z","CommandLine":"C:\\Windows\\System32\\spoolsv.exe Q5IK4MW1I4","EventID":1,"Image":"C:\\Windows\\System32\\spoolsv.exe","ParentImage":"C:\\Windows\\System32\\lsass.exe","ParentProcessId":583,"ProcessId":18339,"User":"NT AUTHORITY\\SYSTEM","agent":{"hostname":"WIN-7SEX13VJ","type":"winlogbeat","version":"8.5.0"},"ecs":{"version":"8.5.0"},"event":{"action":"Process creation","category":["process"],"code":1,"kind":"event","provider":"Microsoft-Windows-Sysmon","type":["start"]},"host":{"name":"WIN-FIR46W0F","os":{"family":"windows","name":"Windows Server 2019","version":"10.0.17763"}},"process":{"args":["C:\\Windows\\System32\\spoolsv.exe","Q5IK4MW1I4"],"command_line":"C:\\Windows\\System32\\spoolsv.exe Q5IK4MW1I4","executable":"C:\\Windows\\System32\\spoolsv.exe","name":"spoolsv.exe","parent":{"executable":"C:\\Windows\\System32\\lsass.exe","name":"lsass.exe","pid":307},"pid":31812},"user":{"domain":"NT AUTHORITY","name":"NT AUTHORITY\\SYSTEM"},"winlog":{"channel":"Microsoft-Windows-Sysmon/Operational","computer_name":"WIN-QDSURLT6.domain.local","event_id":1,"provider_name":"Microsoft-Windows-Sysmon","record_id":8834577,"task":"Process creation (rule: ProcessCreate)"}}
{"@timestamp":"2023-10-27T10:23:53.449Z","Details":"C:\\temp\\38F0SOPN.exe","EventID":13,"Image":"C:\\Windows\\System32\\calc.exe","TargetObject":"HKLM\\SOFTWARE\\Classes\\exefile\\shell\\open\\command\\Y9TDK69OFR","agent":{"hostname":"WIN-GHCZW994","type":"winlogbeat","version":"8.5.0"},"ecs":{"version":"8.5.0"},"event":{"action":"Process creation","category":["process"],"code":13,"kind":"event","provider":"Microsoft-Windows-Sysmon","type":["start"]},"host":{"name":"WIN-63VS8HVN","os":{"family":"windows","name":"Windows Server 2019","version":"10.0.17763"}},"registry":{"data":{"strings":["C:\\temp\\7GNPZP56.exe"]},"key":"HKLM\\SOFTWARE\\Classes\\exefile\\shell\\open\\command","value":"8JD3M73ADB"},"winlog":{"channel":"Microsoft-Windows-Sysmon/Operational","computer_name":"WIN-Z578JK55.domain.local","event_id":13,"provider_name":"Microsoft-Windows-Sysmon","record_id":1665071,"task":"Process creation (rule: ProcessCreate)"}}
{"@timestamp":"2023-07-01T01:41:50.804Z","CommandLine":"C:\\Windows\\System32\\notepad.exe document.txt","EventID":1,"Image":"C:\\Windows\\System32\\notepad.exe","ParentImage":"C:\\Windows\\System32\\cmd.exe","ParentProcessId":871,"ProcessId":18165,"User":"DefaultAccount","agent":{"hostname":"WIN-MA28BIDQ","type":"winlogbeat","version":"8.5.0"},"ecs":{"version":"8.5.0"},"event":{"action":"Process creation","category":["process"],"code":1,"kind":"event","provider":"Microsoft-Windows-Sysmon","type":["start"]},"host":{"name":"WIN-Q6FOKHVN","os":{"family":"windows","name":"Windows Server 2019","version":"10.0.17763"}},"process":{"args":["C:\\Windows\\System32\\notepad.exe","document.txt"],"command_line":"C:\\Windows\\System32\\notepad.exe document.txt","executable":"C:\\Windows\\System32\\notepad.exe","name":"notepad.exe","parent":{"executable":"C:\\Windows\\System32\\cmd.exe","name":"cmd.exe","pid":273},"pid":57688},"user":{"domain":"DOMAIN","name":"DefaultAccount"},"winlog":{"channel":"Microsoft-Windows-Sysmon/Operational","computer_name":"WIN-34FWNF0B.domain.local","event_id":1,"provider_name":"Microsoft-Windows-Sysmon","record_id":9921511,"task":"Process creation (rule: ProcessCreate)"}}
{"@timestamp":"2023-05-17T23:26:16.915Z","EventID":17,"Image":"C:\\Windows\\System32\\WindowsPowerShell\\v1.0\\powershell.exe","PipeName":"\\pipe\\wkssvc","agent":{"hostname":"WIN-QN2NBR2U","type":"winlogbeat","version":"8.5.0"},"ecs":{"version":"8.5.0"},"event":{"action":"Process creation","category":["process"],"code":17,"kind":"event","provider":"Microsoft-Windows-Sysmon","type":["start"]},"host":{"name":"WIN-MI82FRPQ","os":{"family":"windows","name":"Windows Server 2019","version":"10.0.17763"}},"winlog":{"channel":"Microsoft-Windows-Sysmon/Operational","computer_name":"WIN-8HO8C4VT.domain.local","event_id":17,"provider_name":"Microsoft-Windows-Sysmon","record_id":6144504,"task":"Process creation (rule: ProcessCreate)"}}
{"@timestamp":"2023-12-17T05:34:49.723Z","Details":"C:\\temp\\25062HH7.exe","EventID":13,"Image":"C:\\Windows\\System32\\svchost.exe","TargetObject":"HKCU\\SOFTWARE\\Microsoft\\Windows\\CurrentVersion\\Run\\I8V6MV23QP","agent":{"hostname":"WIN-2ZVK2CG9","type":"winlogbeat","version":"8.5.0"},"ecs":{"version":"8.5.0"},"event":{"action":"Process creation","category":["process"],"code":13,"kind":"event","provider":"Microsoft-Windows-Sysmon","type":["start"]},"host":{"name":"WIN-2C2YEU90","os":{"family":"windows","name":"Windows Server 2019","version":"10.0.17763"}},"registry":{"data":{"strings":["C:\\temp\\GLQ27B0A.exe"]},"key":"HKCU\\SOFTWARE\\Microsoft\\Windows\\CurrentVersion\\Run","value":"9EGFQE4QKW"},"winlog":{"channel":"Microsoft-Windows-Sysmon/Operational","computer_name":"WIN-VXSQOMNV.domain.local","event_id":13,"provider_name":"Microsoft-Windows-Sysmon","record_id":1714334,"task":"Process creation (rule: ProcessCreate)"}}
{"@timestamp":"2023-06-10T20:15:36.449Z","Details":"C:\\temp\\1ZLZ7RDK.exe","EventID":13,"Image":"C:\\Windows\\System32\\svchost.exe","TargetObject":"HKLM\\SOFTWARE\\Classes\\exefile\\shell\\open\\command\\08A7E8P4FS","agent":{"hostname":"WIN-QDWZ07Q6","type":"winlogbeat","version":"8.5.0"},"ecs":{"version":"8.5.0"},"event":{"action":"Process creation","category":["process"],"code":13,"kind":"event","provider":"Microsoft-Windows-Sysmon","type":["start"]},"host":{"name":"WIN-FSDIRB9M","os":{"family":"windows","name":"Windows Server 2019","version":"10.0.17763"}},"registry":{"data":{"strings":["C:\\temp\\NAAJQBDC.exe"]},"key":"HKLM\\SOFTWARE\\Classes\\exefile\\shell\\open\\command","value":"49L7JHWW3C"},"winlog":{"channel":"Microsoft-Windows-Sysmon/Operational","computer_name":"WIN-EFAOV0IN.domain.local","event_id":13,"provider_name":"Microsoft-Windows-Sysmon","record_id":3551142,"task":"Process creation (rule: ProcessCreate)"}}
{"@timestamp":"2023-02-06T09:25:22.729Z","CommandLine":"C:\\Program Files\\Google\\Chrome\\Application\\chrome.exe --new-tab https://example.com","EventID":1,"Image":"C:\\Program Files\\Google\\Chrome\\Application\\chrome.exe","ParentImage":"C:\\Program Files\\Mozilla Firefox\\firefox.exe","ParentProcessId":417,"ProcessId":17247,"User":"Guest","agent":{"hostname":"WIN-1LKAZ9YG","type":"winlogbeat","version":"8.5.0"},"ecs":{"version":"8.5.0"},"event":{"action":"Process creation","category":["process"],"code":1,"kind":"event","provider":"Microsoft-Windows-Sysmon","type":["start"]},"host":{"name":"WIN-E4WA89SN","os":{"family":"windows","name":"Windows Server 2019","version":"10.0.17763"}},"process":{"args":["C:\\Program","Files\\Google\\Chrome\\Application\\chrome.exe","--new-tab","https://example.com"],"command_line":"C:\\Program Files\\Google\\Chrome\\Application\\chrome.exe --new-tab https://example.com","executable":"C:\\Program Files\\Google\\Chrome\\Application\\chrome.exe","name":"chrome.exe","parent":{"executable":"C:\\Program Files\\Mozilla Firefox\\firefox.exe","name":"firefox.exe","pid":150},"pid":20593},"user":{"domain":"DOMAIN","name":"Guest"},"winlog":{"channel":"Microsoft-Windows-Sysmon/Operational","computer_name":"WIN-Z4I2FCM7.domain.local","event_id":1,"provider_name":"Microsoft-Windows-Sysmon","record_id":4804186,"task":"Process creation (rule: ProcessCreate)"}}
{"@timestamp":"2023-07-19T04:50:45.214Z","EventID":17,"Image":"C:\\Windows\\System32\\lsass.exe","PipeName":"\\pipe\\lsarpc","agent":{"hostname":"WIN-Z8MLULP2","type":"winlogbeat","version":"8.5.0"},"ecs":{"version":"8.5.0"},"event":{"action":"Process creation","category":["process"],"code":17,"kind":"event","provider":"Microsoft-Windows-Sysmon","type":["start"]},"host":{"name":"WIN-C9F2QOTP","os":{"family":"windows","name":"Windows Server 2019","version":"10.0.17763"}},"winlog":{"channel":"Microsoft-Windows-Sysmon/Operational","computer_name":"WIN-PJRLRU22.domain.local","event_id":17,"provider_name":"Microsoft-Windows-Sysmon","record_id":9574835,"task":"Process creation (rule: ProcessCreate)"}}
{"@timestamp":"2023-06-10T08:01:24.517Z","CommandLine":"C:\\Windows\\System32\\calc.exe TKJ2LMCRT7","EventID":1,"Image":"C:\\Windows\\System32\\calc.exe","ParentImage":"C:\\Windows\\System32\\WindowsPowerShell\\v1.0\\powershell.exe","ParentProcessId":804,"ProcessId":60310,"User":"admin","agent":{"hostname":"WIN-LRKHKYVP","type":"winlogbeat","version":"8.5.0"},"ecs":{"version":"8.5.0"},"event":{"action":"Process creation","category":["process"],"code":1,"kind":"event","provider":"Microsoft-Windows-Sysmon","type":["start"]},"host":{"name":"WIN-JRN1X9O0","os":{"family":"windows","name":"Windows Server 2019","version":"10.0.17763"}},"process":{"args":["C:\\Windows\\System32\\calc.exe","TKJ2LMCRT7"],"command_line":"C:\\Windows\\System32\\calc.exe TKJ2LMCRT7","executable":"C:\\Windows\\System32\\calc.exe","name":"calc.exe","parent":{"executable":"C:\\Windows\\System32\\WindowsPowerShell\\v1.0\\powershell.exe","name":"powershell.exe","pid":410},"pid":39059},"user":{"domain":"DOMAIN","name":"admin"},"winlog":{"channel":"Microsoft-Windows-Sysmon/Operational","computer_name":"WIN-5O76Y0GB.domain.local","event_id":1,"provider_name":"Microsoft-Windows-Sysmon","record_id":6409283,"task":"Process creation (rule: ProcessCreate)"}}
{"@timestamp":"2023-02-05T11:23:04.449Z","DestinationIp":"192.168.1.100","DestinationPort":445,"EventID":3,"Image":"C:\\Windows\\System32\\cscript.exe","Protocol":"tcp","SourceIp":"192.168.1.100","SourcePort":61279,"agent":{"hostname":"WIN-3RCN1QYF","type":"winlogbeat","version":"8.5.0"},"destination":{"ip":"192.168.1.100","port":445},"ecs":{"version":"8.5.0"},"event":{"action":"Process creation","category":["process"],"code":3,"kind":"event","provider":"Microsoft-Windows-Sysmon","type":["start"]},"host":{"name":"WIN-M8S293KY","os":{"family":"windows","name":"Windows Server 2019","version":"10.0.17763"}},"network":{"direction":"outbound","protocol":"tcp"},"source":{"ip":"192.168.1.100","port":61279},"winlog":{"channel":"Microsoft-Windows-Sysmon/Operational","computer_name":"WIN-B7PNGFME.domain.local","event_id":3,"provider_name":"Microsoft-Windows-Sysmon","record_id":2830156,"task":"Process creation (rule: ProcessCreate)"}}
{"@timestamp":"2023-05-10T13:39:56.778Z","CommandLine":"C:\\Windows\\System32\\mshta.exe T4OV4L8Y3T","EventID":1,"Image":"C:\\Windows\\System32\\mshta.exe","ParentImage":"C:\\Windows\\System32\\WindowsPowerShell\\v1.0\\powershell.exe","ParentProcessId":161,"ProcessId":58203,"User":"NT AUTHORITY\\NETWORK SERVICE","agent":{"hostname":"WIN-DZ467P47","type":"winlogbeat","version":"8.5.0"},"ecs":{"version":"8.5.0"},"event":{"action":"Process creation","category":["process"],"code":1,"kind":"event","provider":"Microsoft-Windows-Sysmon","type":["start"]},"host":{"name":"WIN-70HVMSA3","os":{"family":"windows","name":"Windows Server 2019","version":"10.0.17763"}},"process":{"args":["C:\\Windows\\System32\\mshta.exe","T4OV4L8Y3T"],"command_line":"C:\\Windows\\System32\\mshta.exe T4OV4L8Y3T","executable":"C:\\Windows\\System32\\mshta.exe","name":"mshta.exe","parent":{"executable":"C:\\Windows\\System32\\WindowsPowerShell\\v1.0\\powershell.exe","name":"powershell.exe","pid":842},"pid":28030},"user":{"domain":"NT AUTHORITY","name":"NT AUTHORITY\\NETWORK SERVICE"},"winlog":{"channel":"Microsoft-Windows-Sysmon/Operational","computer_name":"WIN-3CDX27AJ.domain.local","event_id":1,"provider_name":"Microsoft-Windows-Sysmon","record_id":9927831,"task":"Process creation (rule: ProcessCreate)"}}
{"@timestamp":"2023-04-05T07:48:06.173Z","CommandLine":"C:\\Windows\\System32\\cmd.exe N8S1783XE7","EventID":1,"Image":"C:\\Windows\\System32\\cmd.exe","ParentImage":"C:\\Windows\\System32\\powershell.exe","ParentProcessId":285,"ProcessId":49727,"User":"Administrator","agent":{"hostname":"WIN-THKX1EL6","type":"winlogbeat","version":"8.5.0"},"ecs":{"version":"8.5.0"},"event":{"action":"Process creation","category":["process"],"code":1,"kind":"event","provider":"Microsoft-Windows-Sysmon","type":["start"]},"host":{"name":"WIN-6ZEVV6QV","os":{"family":"windows","name":"Windows Server 2019","version":"10.0.17763"}},"process":{"args":["C:\\Windows\\System32\\cmd.exe","N8S1783XE7"],"command_line":"C:\\Windows\\System32\\cmd.exe N8S1783XE7","executable":"C:\\Windows\\System32\\cmd.exe","name":"cmd.exe","parent":{"executable":"C:\\Windows\\System32\\powershell.exe","name":"powershell.exe","pid":180},"pid":61461},"user":{"domain":"DOMAIN","name":"Administrator"},"winlog":{"channel":"Microsoft-Windows-Sysmon/Operational","computer_name":"WIN-2T5W3U3S.domain.local","event_id":1,"provider_name":"Microsoft-Windows-Sysmon","record_id":1791156,"task":"Process creation (rule: ProcessCreate)"}}
{"@timestamp":"2023-05-22T17:35:11.200Z","EventID":17,"Image":"C:\\Windows\\System32\\taskmgr.exe","PipeName":"\\pipe\\mojo.7343.RLNN2HWN","agent":{"hostname":"WIN-U0LBLTMT","type":"winlogbeat","version":"8.5.0"},"ecs":{"version":"8.5.0"},"event":{"action":"Process creation","category":["process"],"code":17,"kind":"event","provider":"Microsoft-Windows-Sysmon","type":["start"]},"host":{"name":"WIN-6TR8T01W","os":{"family":"windows","name":"Windows Server 2019","version":"10.0.17763"}},"winlog":{"channel":"Microsoft-Windows-Sysmon/Operational","computer_name":"WIN-XLSQIXJZ.domain.local","event_id":17,"provider_name":"Microsoft-Windows-Sysmon","record_id":8929613,"task":"Process creation (rule: ProcessCreate)"}}
{"@timestamp":"2023-05-01T08:54:18.515Z","Details":"C:\\temp\\8ZJFF984.exe","EventID":13,"Image":"C:\\Program Files (x86)\\Microsoft\\Edge\\Application\\msedge.exe","TargetObject":"HKLM\\SOFTWARE\\Classes\\exefile\\shell\\open\\command\\5P2T28VZRY","agent":{"hostname":"WIN-UTUDUW9Y","type":"winlogbeat","version":"8.5.0"},"ecs":{"version":"8.5.0"},"event":{"action":"Process creation","category":["process"],"code":13,"kind":"event","provider":"Microsoft-Windows-Sysmon","type":["start"]},"host":{"name":"WIN-ZR1V8CHG","os":{"family":"windows","name":"Windows Server 2019","version":"10.0.17763"}},"registry":{"data":{"strings":["C:\\temp\\UH9KAD2L.exe"]},"key":"HKLM\\SOFTWARE\\Classes\\exefile\\shell\\open\\command","value":"G36Q6KGVP0"},"winlog":{"channel":"Microsoft-Windows-Sysmon/Operational","computer_name":"WIN-N6PIJ6WW.domain.local","event_id":13,"provider_name":"Microsoft-Windows-Sysmon","record_id":5857975,"task":"Process creation (rule: ProcessCreate)"}}
{"@timestamp":"2023-02-16T14:43:20.467Z","CommandLine":"C:\\Windows\\System32\\taskmgr.exe 71UMZ9P2CC","EventID":1,"Image":"C:\\Windows\\System32\\taskmgr.exe","ParentImage":"C:\\Windows\\System32\\services.exe","ParentProcessId":413,"ProcessId":22567,"User":"NT AUTHORITY\\LOCAL SERVICE","agent":{"hostname":"WIN-5R01C85R","type":"winlogbeat","version":"8.5.0"},"ecs":{"version":"8.5.0"},"event":{"action":"Process creation","category":["process"],"code":1,"kind":"event","provider":"Microsoft-Windows-Sysmon","type":["start"]},"host":{"name":"WIN-R139P8PX","os":{"family":"windows","name":"Windows Server 2019","version":"10.0.17763"}},"process":{"args":["C:\\Windows\\System32\\taskmgr.exe","71UMZ9P2CC"],"command_line":"C:\\Windows\\System32\\taskmgr.exe 71UMZ9P2CC","executable":"C:\\Windows\\System32\\taskmgr.exe","name":"taskmgr.exe","parent":{"executable":"C:\\Windows\\System32\\services.exe","name":"services.exe","pid":372},"pid":24668},"user":{"domain":"NT AUTHORITY","name":"NT AUTHORITY\\LOCAL SERVICE"},"winlog":{"channel":"Microsoft-Windows-Sysmon/Operational","computer_name":"WIN-QXO3UNGO.domain.local","event_id":1,"provider_name":"Microsoft-Windows-Sysmon","record_id":7277784,"task":"Process creation (rule: ProcessCreate)"}}
{"@timestamp":"2023-01-13T00:26:42.360Z","DestinationIp":"1.1.1.1","DestinationPort":80,"EventID":3,"Image":"C:\\Windows\\System32\\cmd.exe","Protocol":"tcp","SourceIp":"192.168.1.100","SourcePort":57249,"agent":{"hostname":"WIN-M1D5H57J","type":"winlogbeat","version":"8.5.0"},"destination":{"ip":"1.1.1.1","port":80},"ecs":{"version":"8.5.0"},"event":{"action":"Process creation","category":["process"],"code":3,"kind":"event","provider":"Microsoft-Windows-Sysmon","type":["start"]},"host":{"name":"WIN-4EBGV4W6","os":{"family":"windows","name":"Windows Server 2019","version":"10.0.17763"}},"network":{"direction":"outbound","protocol":"tcp"},"source":{"ip":"192.168.1.100","port":57249},"winlog":{"channel":"Microsoft-Windows-Sysmon/Operational","computer_name":"WIN-WQEQJEV1.domain.local","event_id":3,"provider_name":"Microsoft-Windows-Sysmon","record_id":2908593,"task":"Process creation (rule: ProcessCreate)"}}
{"@timestamp":"2023-06-18T21:47:23.719Z","CommandLine":"C:\\Windows\\System32\\regsvr32.exe ZRE9C2Z2Y4","EventID":1,"Image":"C:\\Windows\\System32\\regsvr32.exe","ParentImage":"C:\\Windows\\System32\\lsass.exe","ParentProcessId":324,"ProcessId":30048,"User":"NT AUTHORITY\\LOCAL SERVICE","agent":{"hostname":"WIN-TFSQT6F9","type":"winlogbeat","version":"8.5.0"},"ecs":{"version":"8.5.0"},"event":{"action":"Process creation","category":["process"],"code":1,"kind":"event","provider":"Microsoft-Windows-Sysmon","type":["start"]},"host":{"name":"WIN-APJJDVGJ","os":{"family":"windows","name":"Windows Server 2019","version":"10.0.17763"}},"process":{"args":["C:\\Windows\\System32\\regsvr32.exe","ZRE9C2Z2Y4"],"command_line":"C:\\Windows\\System32\\regsvr32.exe ZRE9C2Z2Y4","executable":"C:\\Windows\\System32\\regsvr32.exe","name":"regsvr32.exe","parent":{"executable":"C:\\Windows\\System32\\lsass.exe","name":"lsass.exe","pid":542},"pid":48979},"user":{"domain":"NT AUTHORITY","name":"NT AUTHORITY\\LOCAL SERVICE"},"winlog":{"channel":"Microsoft-Windows-Sysmon/Operational","computer_name":"WIN-84Z9UUTS.domain.local","event_id":1,"provider_name":"Microsoft-Windows-Sysmon","record_id":4094679,"task":"Process creation (rule: ProcessCreate)"}}
{"@timestamp":"2023-01-21T15:53:59.307Z","CommandLine":"C:\\Program Files (x86)\\Microsoft\\Edge\\Application\\msedge.exe TDGOQHV3T0","EventID":1,"Image":"C:\\Program Files (x86)\\Microsoft\\Edge\\Application\\msedge.exe","ParentImage":"C:\\Program Files\\Google\\Chrome\\Application\\chrome.exe","ParentProcessId":554,"ProcessId":57176,"User":"SYSTEM","agent":{"hostname":"WIN-UH7JWBA2","type":"winlogbeat","version":"8.5.0"},"ecs":{"version":"8.5.0"},"event":{"action":"Process creation","category":["process"],"code":1,"kind":"event","provider":"Microsoft-Windows-Sysmon","type":["start"]},"host":{"name":"WIN-1Y2HAZ21","os":{"family":"windows","name":"Windows Server 2019","version":"10.0.17763"}},"process":{"args":["C:\\Program","Files","(x86)\\Microsoft\\Edge\\Application\\msedge.exe","TDGOQHV3T0"],"command_line":"C:\\Program Files (x86)\\Microsoft\\Edge\\Application\\msedge.exe TDGOQHV3T0","executable":"C:\\Program Files (x86)\\Microsoft\\Edge\\Application\\msedge.exe","name":"msedge.exe","parent":{"executable":"C:\\Program Files\\Google\\Chrome\\Application\\chrome.exe","name":"chrome.exe","pid":251},"pid":37066},"user":{"domain":"DOMAIN","name":"SYSTEM"},"winlog":{"channel":"Microsoft-Windows-Sysmon/Operational","computer_name":"WIN-Y0PE5KMU.domain.local","event_id":1,"provider_name":"Microsoft-Windows-Sysmon","record_id":1192100,"task":"Process creation (rule: ProcessCreate)"}}
{"@timestamp":"2023-07-21T05:54:10.429Z","CommandLine":"C:\\Windows\\System32\\mshta.exe 5UA8GVZDLV","EventID":1,"Image":"C:\\Windows\\System32\\mshta.exe","ParentImage":"C:\\Program Files\\Google\\Chrome\\Application\\chrome.exe","ParentProcessId":839,"ProcessId":24778,"User":"SYSTEM","agent":{"hostname":"WIN-IAA7BOX0","type":"winlogbeat","version":"8.5.0"},"ecs":{"version":"8.5.0"},"event":{"action":"Process creation","category":["process"],"code":1,"kind":"event","provider":"Microsoft-Windows-Sysmon","type":["start"]},"host":{"name":"WIN-DZS49L4P","os":{"family":"windows","name":"Windows Server 2019","version":"10.0.17763"}},"process":{"args":["C:\\Windows\\System32\\mshta.exe","5UA8GVZDLV"],"command_line":"C:\\Windows\\System32\\mshta.exe 5UA8GVZDLV","executable":"C:\\Windows\\System32\\mshta.exe","name":"mshta.exe","parent":{"executable":"C:\\Program Files\\Google\\Chrome\\Application\\chrome.exe","name":"chrome.exe","pid":645},"pid":1170},"user":{"domain":"DOMAIN","name":"SYSTEM"},"winlog":{"channel":"Microsoft-Windows-Sysmon/Operational","computer_name":"WIN-POMXX7DL.domain.local","event_id":1,"provider_name":"Microsoft-Windows-Sysmon","record_id":9032369,"task":"Process creation (rule: ProcessCreate)"}}
{"@timestamp":"2023-12-14T15:55:58.729Z","DestinationIp":"172.16.0.10","DestinationPort":53,"EventID":3,"Image":"C:\\Windows\\System32\\spoolsv.exe","Protocol":"tcp","SourceIp":"192.168.1.100","SourcePort":52899,"agent":{"hostname":"WIN-8HZXWPBM","type":"winlogbeat","version":"8.5.0"},"destination":{"ip":"172.16.0.10","port":53},"ecs":{"version":"8.5.0"},"event":{"action":"Process creation","category":["process"],"code":3,"kind":"event","provider":"Microsoft-Windows-Sysmon","type":["start"]},"host":{"name":"WIN-GDTIX65L","os":{"family":"windows","name":"Windows Server 2019","version":"10.0.17763"}},"network":{"direction":"outbound","protocol":"tcp"},"source":{"ip":"192.168.1.100","port":52899},"winlog":{"channel":"Microsoft-Windows-Sysmon/Operational","computer_name":"WIN-9A962CDB.domain.local","event_id":3,"provider_name":"Microsoft-Windows-Sysmon","record_id":4168894,"task":"Process creation (rule: ProcessCreate)"}}
{"@timestamp":"2023-03-16T15:12:20.538Z","Details":"C:\\temp\\HKWHCMHU.exe","EventID":13,"Image":"C:\\Windows\\System32\\spoolsv.exe","TargetObject":"HKLM\\SOFTWARE\\Microsoft\\Windows\\CurrentVersion\\Run\\7P86MHW85N","agent":{"hostname":"WIN-ZWY794JJ","type":"winlogbeat","version":"8.5.0"},"ecs":{"version":"8.5.0"},"event":{"action":"Process creation","category":["process"],"code":13,"kind":"event","provider":"Microsoft-Windows-Sysmon","type":["start"]},"host":{"name":"WIN-NB6AVJK2","os":{"family":"windows","name":"Windows Server 2019","version":"10.0.17763"}},"registry":{"data":{"strings":["C:\\temp\\HN84HPNY.exe"]},"key":"HKLM\\SOFTWARE\\Microsoft\\Windows\\CurrentVersion\\Run","value":"QIMOD59AVZ"},"winlog":{"channel":"Microsoft-Windows-Sysmon/Operational","computer_name":"WIN-0IJA5E59.domain.local","event_id":13,"provider_name":"Microsoft-Windows-Sysmon","record_id":9466000,"task":"Process creation (rule: ProcessCreate)"}}
{"@timestamp":"2023-09-08T19:24:45.666Z","CommandLine":"C:\\Program Files (x86)\\Microsoft\\Edge\\Application\\msedge.exe M39JMYYRXT","EventID":1,"Image":"C:\\Program Files (x86)\\Microsoft\\Edge\\Application\\msedge.exe","ParentImage":"C:\\Windows\\System32\\powershell.exe","ParentProcessId":596,"ProcessId":27598,"User":"user","agent":{"hostname":"WIN-E36D3HR5","type":"winlogbeat","version":"8.5.0"},"ecs":{"version":"8.5.0"},"event":{"action":"Process creation","category":["process"],"code":1,"kind":"event","provider":"Microsoft-Windows-Sysmon","type":["start"]},"host":{"name":"WIN-W6ATD7KZ","os":{"family":"windows","name":"Windows Server 2019","version":"10.0.17763"}},"process":{"args":["C:\\Program","Files","(x86)\\Microsoft\\Edge\\Application\\msedge.exe","M39JMYYRXT"],"command_line":"C:\\Program Files (x86)\\Microsoft\\Edge\\Application\\msedge.exe M39JMYYRXT","executable":"C:\\Program Files (x86)\\Microsoft\\Edge\\Application\\msedge.exe","name":"msedge.exe","parent":{"executable":"C:\\Windows\\System32\\powershell.exe","name":"powershell.exe","pid":177},"pid":6472},"user":{"domain":"DOMAIN","name":"user"},"winlog":{"channel":"Microsoft-Windows-Sysmon/Operational","computer_name":"WIN-39BV9BAB.domain.local","event_id":1,"provider_name":"Microsoft-Windows-Sysmon","record_id":7634170,"task":"Process creation (rule: ProcessCreate)"}}
{"@timestamp":"2023-08-15T01:52:17.261Z","DestinationIp":"172.16.0.10","DestinationPort":3389,"EventID":3,"Image":"C:\\Windows\\System32\\cscript.exe","Protocol":"tcp","SourceIp":"192.168.1.100","SourcePort":55894,"agent":{"hostname":"WIN-Y7L83BCZ","type":"winlogbeat","version":"8.5.0"},"destination":{"ip":"172.16.0.10","port":3389},"ecs":{"version":"8.5.0"},"event":{"action":"Process creation","category":["process"],"code":3,"kind":"event","provider":"Microsoft-Windows-Sysmon","type":["start"]},"host":{"name":"WIN-LX1N1I2Z","os":{"family":"windows","name":"Windows Server 2019","version":"10.0.17763"}},"network":{"direction":"outbound","protocol":"tcp"},"source":{"ip":"192.168.1.100","port":55894},"winlog":{"channel":"Microsoft-Windows-Sysmon/Operational","computer_name":"WIN-407XH5A1.domain.local","event_id":3,"provider_name":"Microsoft-Windows-Sysmon","record_id":8857691,"task":"Process creation (rule: ProcessCreate)"}}
{"@timestamp":"2023-11-21T11:45:16.979Z","Details":"C:\\temp\\H21HY0ZN.exe","EventID":13,"Image":"C:\\Windows\\System32\\wininit.exe","TargetObject":"HKCU\\SOFTWARE\\Microsoft\\Windows\\CurrentVersion\\Run\\VIMEHEX548","agent":{"hostname":"WIN-35SNIUPS","type":"winlogbeat","version":"8.5.0"},"ecs":{"version":"8.5.0"},"event":{"action":"Process creation","category":["process"],"code":13,"kind":"event","provider":"Microsoft-Windows-Sysmon","type":["start"]},"host":{"name":"WIN-M0D44UL1","os":{"family":"windows","name":"Windows Server 2019","version":"10.0.17763"}},"registry":{"data":{"strings":["C:\\temp\\3KFHBY9R.exe"]},"key":"HKCU\\SOFTWARE\\Microsoft\\Windows\\CurrentVersion\\Run","value":"B8ZHMUU9HO"},"winlog":{"channel":"Microsoft-Windows-Sysmon/Operational","computer_name":"WIN-KYDTBNCV.domain.local","event_id":13,"provider_name":"Microsoft-Windows-Sysmon","record_id":2783246,"task":"Process creation (rule: ProcessCreate)"}}
{"@timestamp":"2023-12-15T08:49:50.859Z","CommandLine":"C:\\Windows\\System32\\regsvr32.exe Q86DOJ0JMX","EventID":1,"Image":"C:\\Windows\\System32\\regsvr32.exe","ParentImage":"C:\\Program Files\\Mozilla Firefox\\firefox.exe","ParentProcessId":488,"ProcessId":61286,"User":"admin","agent":{"hostname":"WIN-0WFGQ4TO","type":"winlogbeat","version":"8.5.0"},"ecs":{"version":"8.5.0"},"event":{"action":"Process creation","category":["process"],"code":1,"kind":"event","provider":"Microsoft-Windows-Sysmon","type":["start"]},"host":{"name":"WIN-HCBYX9BZ","os":{"family":"windows","name":"Windows Server 2019","version":"10.0.17763"}},"process":{"args":["C:\\Windows\\System32\\regsvr32.exe","Q86DOJ0JMX"],"command_line":"C:\\Windows\\System32\\regsvr32.exe Q86DOJ0JMX","executable":"C:\\Windows\\System32\\regsvr32.exe","name":"regsvr32.exe","parent":{"executable":"C:\\Program Files\\Mozilla Firefox\\firefox.exe","name":"firefox.exe","pid":929},"pid":65223},"user":{"domain":"DOMAIN","name":"admin"},"winlog":{"channel":"Microsoft-Windows-Sysmon/Operational","computer_name":"WIN-APEW6NQG.domain.local","event_id":1,"provider_name":"Microsoft-Windows-Sysmon","record_id":7653075,"task":"Process creation (rule: ProcessCreate)"}}
{"@timestamp":"2023-01-01T01:00:12.127Z","EventID":17,"Image":"C:\\Windows\\System32\\regsvr32.exe","PipeName":"\\pipe\\spoolss","agent":{"hostname":"WIN-VDKEVY2Q","type":"winlogbeat","version":"8.5.0"},"ecs":{"version":"8.5.0"},"event":{"action":"Process creation","category":["process"],"code":17,"kind":"event","provider":"Microsoft-Windows-Sysmon","type":["start"]},"host":{"name":"WIN-S2XWQMWY","os":{"family":"windows","name":"Windows Server 2019","version":"10.0.17763"}},"winlog":{"channel":"Microsoft-Windows-Sysmon/Operational","computer_name":"WIN-SBI1HDSY.domain.local","event_id":17,"provider_name":"Microsoft-Windows-Sysmon","record_id":6470343,"task":"Process creation (rule: ProcessCreate)"}}
{"@timestamp":"2023-12-21T00:03:18.808Z","CommandLine":"C:\\Windows\\System32\\explorer.exe","EventID":1,"Image":"C:\\Windows\\System32\\explorer.exe","ParentImage":"C:\\Windows\\System32\\notepad.exe","ParentProcessId":826,"ProcessId":53272,"User":"admin","agent":{"hostname":"WIN-FIMBWL8S","type":"winlogbeat","version":"8.5.0"},"ecs":{"version":"8.5.0"},"event":{"action":"Process creation","category":["process"],"code":1,"kind":"event","provider":"Microsoft-Windows-Sysmon","type":["start"]},"host":{"name":"WIN-MU38U5J4","os":{"family":"windows","name":"Windows Server 2019","version":"10.0.17763"}},"process":{"args":["C:\\Windows\\System32\\explorer.exe"],"command_line":"C:\\Windows\\System32\\explorer.exe","executable":"C:\\Windows\\System32\\explorer.exe","name":"explorer.exe","parent":{"executable":"C:\\Windows\\System32\\notepad.exe","name":"notepad.exe","pid":532},"pid":63538},"user":{"domain":"DOMAIN","name":"admin"},"winlog":{"channel":"Microsoft-Windows-Sysmon/Operational","computer_name":"WIN-XNYUH86C.domain.local","event_id":1,"provider_name":"Microsoft-Windows-Sysmon","record_id":5049410,"task":"Process creation (rule: ProcessCreate)"}}
{"@timestamp":"2023-03-22T17:20:13.759Z","CommandLine":"C:\\Program Files\\Google\\Chrome\\Application\\chrome.exe --new-tab https://example.com","EventID":1,"Image":"C:\\Program Files\\Google\\Chrome\\Application\\chrome.exe","ParentImage":"C:\\Windows\\System32\\mshta.exe","ParentProcessId":969,"ProcessId":24603,"User":"admin","agent":{"hostname":"WIN-137ERXQU","type":"winlogbeat","version":"8.5.0"},"ecs":{"version":"8.5.0"},"event":{"action":"Process creation","category":["process"],"code":1,"kind":"event","provider":"Microsoft-Windows-Sysmon","type":["start"]},"host":{"name":"WIN-QG69ILY2","os":{"family":"windows","name":"Windows Server 2019","version":"10.0.17763"}},"process":{"args":["C:\\Program","Files\\Google\\Chrome\\Application\\chrome.exe","--new-tab","https://example.com"],"command_line":"C:\\Program Files\\Google\\Chrome\\Application\\chrome.exe --new-tab https://example.com","executable":"C:\\Program Files\\Google\\Chrome\\Application\\chrome.exe","name":"chrome.exe","parent":{"executable":"C:\\Windows\\System32\\mshta.exe","name":"mshta.exe","pid":747},"pid":54434},"user":{"domain":"DOMAIN","name":"admin"},"winlog":{"channel":"Microsoft-Windows-Sysmon/Operational","computer_name":"WIN-5TGLMW2R.domain.local","event_id":1,"provider_name":"Microsoft-Windows-Sysmon","record_id":7275743,"task":"Process creation (rule: ProcessCreate)"}}
{"@timestamp":"2023-01-20T03:52:15.873Z","CommandLine":"C:\\Program Files\\Google\\Chrome\\Application\\chrome.exe --new-tab https://example.com","EventID":1,"Image":"C:\\Program Files\\Google\\Chrome\\Application\\chrome.exe","ParentImage":"C:\\Windows\\System32\\taskmgr.exe","ParentProcessId":629,"ProcessId":7753,"User":"Administrator","agent":{"hostname":"WIN-AW0XX56X","type":"winlogbeat","version":"8.5.0"},"ecs":{"version":"8.5.0"},"event":{"action":"Process creation","category":["process"],"code":1,"kind":"event","provider":"Microsoft-Windows-Sysmon","type":["start"]},"host":{"name":"WIN-KF7OOZMT","os":{"family":"windows","name":"Windows Server 2019","version":"10.0.17763"}},"process":{"args":["C:\\Program","Files\\Google\\Chrome\\Application\\chrome.exe","--new-tab","https://example.com"],"command_line":"C:\\Program Files\\Google\\Chrome\\Application\\chrome.exe --new-tab https://example.com","executable":"C:\\Program Files\\Google\\Chrome\\Application\\chrome.exe","name":"chrome.exe","parent":{"executable":"C:\\Windows\\System32\\taskmgr.exe","name":"taskmgr.exe","pid":541},"pid":6094},"user":{"domain":"DOMAIN","name":"Administrator"},"winlog":{"channel":"Microsoft-Windows-Sysmon/Operational","computer_name":"WIN-7YU69Z6X.domain.local","event_id":1,"provider_name":"Microsoft-Windows-Sysmon","record_id":5634551,"task":"Process creation (rule: ProcessCreate)"}}
{"@timestamp":"2023-06-23T19:33:19.708Z","DestinationIp":"update-server.microsoft.com","DestinationPort":443,"EventID":3,"Image":"C:\\Windows\\System32\\regsvr32.exe","Protocol":"tcp","SourceIp":"192.168.1.100","SourcePort":57851,"agent":{"hostname":"WIN-XRMX0WUH","type":"winlogbeat","version":"8.5.0"},"destination":{"ip":"update-server.microsoft.com","port":443},"ecs":{"version":"8.5.0"},"event":{"action":"Process creation","category":["process"],"code":3,"kind":"event","provider":"Microsoft-Windows-Sysmon","type":["start"]},"host":{"name":"WIN-ST5YXR7I","os":{"family":"windows","name":"Windows Server 2019","version":"10.0.17763"}},"network":{"direction":"outbound","protocol":"tcp"},"source":{"ip":"192.168.1.100","port":57851},"winlog":{"channel":"Microsoft-Windows-Sysmon/Operational","computer_name":"WIN-ZLIIQB1X.domain.local","event_id":3,"provider_name":"Microsoft-Windows-Sysmon","record_id":9003274,"task":"Process creation (rule: ProcessCreate)"}}
{"@timestamp":"2023-10-06T03:41:20.278Z","Details":"C:\\temp\\7DI6T538.exe","EventID":13,"Image":"C:\\Windows\\System32\\calc.exe","TargetObject":"HKCU\\SOFTWARE\\Microsoft\\Windows\\CurrentVersion\\Run\\K40PF8AVFI","agent":{"hostname":"WIN-ZZPR6WDD","type":"winlogbeat","version":"8.5.0"},"ecs":{"version":"8.5.0"},"event":{"action":"Process creation","category":["process"],"code":13,"kind":"event","provider":"Microsoft-Windows-Sysmon","type":["start"]},"host":{"name":"WIN-BD9BVSVF","os":{"family":"windows","name":"Windows Server 2019","version":"10.0.17763"}},"registry":{"data":{"strings":["C:\\temp\\2MH99ZQS.exe"]},"key":"HKCU\\SOFTWARE\\Microsoft\\Windows\\CurrentVersion\\Run","value":"0TWEOPJZGC"},"winlog":{"channel":"Microsoft-Windows-Sysmon/Operational","computer_name":"WIN-AK1YKT5Q.domain.local","event_id":13,"provider_name":"Microsoft-Windows-Sysmon","record_id":7245343,"task":"Process creation (rule: ProcessCreate)"}}
{"@timestamp":"2023-05-13T02:12:28.782Z","Details":"C:\\temp\\ZXXOOMTP.exe","EventID":13,"Image":"C:\\Windows\\System32\\calc.exe","TargetObject":"HKLM\\SOFTWARE\\Classes\\exefile\\shell\\open\\command\\I4064D8OO2","agent":{"hostname":"WIN-9WO8B70H","type":"winlogbeat","version":"8.5.0"},"ecs":{"version":"8.5.0"},"event":{"action":"Process creation","category":["process"],"code":13,"kind":"event","provider":"Microsoft-Windows-Sysmon","type":["start"]},"host":{"name":"WIN-VWNB00WN","os":{"family":"windows","name":"Windows Server 2019","version":"10.0.17763"}},"registry":{"data":{"strings":["C:\\temp\\CHY4KSI5.exe"]},"key":"HKLM\\SOFTWARE\\Classes\\exefile\\shell\\open\\command","value":"ENM63O1C79"},"winlog":{"channel":"Microsoft-Windows-Sysmon/Operational","computer_name":"WIN-L66WKDH0.domain.local","event_id":13,"provider_name":"Microsoft-Windows-Sysmon","record_id":6027150,"task":"Process creation (rule: ProcessCreate)"}}
{"@timestamp":"2023-11-25T06:00:07.587Z","CommandLine":"C:\\Windows\\System32\\calc.exe 0FHI39CF6T","EventID":1,"Image":"C:\\Windows\\System32\\calc.exe","ParentImage":"C:\\Windows\\System32\\regsvr32.exe","ParentProcessId":672,"ProcessId":32841,"User":"user","agent":{"hostname":"WIN-HRT12TU3","type":"winlogbeat","version":"8.5.0"},"ecs":{"version":"8.5.0"},"event":{"action":"Process creation","category":["process"],"code":1,"kind":"event","provider":"Microsoft-Windows-Sysmon","type":["start"]},"host":{"name":"WIN-23KIJBAU","os":{"family":"windows","name":"Windows Server 2019","version":"10.0.17763"}},"process":{"args":["C:\\Windows\\System32\\calc.exe","0FHI39CF6T"],"command_line":"C:\\Windows\\System32\\calc.exe 0FHI39CF6T","executable":"C:\\Windows\\System32\\calc.exe","name":"calc.exe","parent":{"executable":"C:\\Windows\\System32\\regsvr32.exe","name":"regsvr32.exe","pid":198},"pid":13689},"user":{"domain":"DOMAIN","name":"user"},"winlog":{"channel":"Microsoft-Windows-Sysmon/Operational","computer_name":"WIN-X5NJ3F4O.domain.local","event_id":1,"provider_name":"Microsoft-Windows-Sysmon","record_id":7688997,"task":"Process creation (rule: ProcessCreate)"}}
{"@timestamp":"2023-02-10T11:30:30.906Z","EventID":17,"Image":"C:\\Windows\\System32\\calc.exe","PipeName":"\\pipe\\samr","agent":{"hostname":"WIN-LRNBF64X","type":"winlogbeat","version":"8.5.0"},"ecs":{"version":"8.5.0"},"event":{"action":"Process creation","category":["process"],"code":17,"kind":"event","provider":"Microsoft-Windows-Sysmon","type":["start"]},"host":{"name":"WIN-U2WXWEDB","os":{"family":"windows","name":"Windows Server 2019","version":"10.0.17763"}},"winlog":{"channel":"Microsoft-Windows-Sysmon/Operational","computer_name":"WIN-ON1GPN42.domain.local","event_id":17,"provider_name":"Microsoft-Windows-Sysmon","record_id":7915598,"task":"Process creation (rule: ProcessCreate)"}}
{"@timestamp":"2023-12-07T14:10:13.699Z","Details":"C:\\temp\\E456PACP.exe","EventID":13,"Image":"C:\\Windows\\System32\\regsvr32.exe","TargetObject":"HKLM\\SOFTWARE\\Microsoft\\Windows\\CurrentVersion\\Run\\LN0BU74YS9","agent":{"hostname":"WIN-IRSI664X","type":"winlogbeat","version":"8.5.0"},"ecs":{"version":"8.5.0"},"event":{"action":"Process creation","category":["process"],"code":13,"kind":"event","provider":"Microsoft-Windows-Sysmon","type":["start"]},"host":{"name":"WIN-WUOFO1WG","os":{"family":"windows","name":"Windows Server 2019","version":"10.0.17763"}},"registry":{"data":{"strings":["C:\\temp\\YIVERK6H.exe"]},"key":"HKLM\\SOFTWARE\\Microsoft\\Windows\\CurrentVersion\\Run","value":"9S35M1KR27"},"winlog":{"channel":"Microsoft-Windows-Sysmon/Operational","computer_name":"WIN-JXXSXZVD.domain.local","event_id":13,"provider_name":"Microsoft-Windows-Sysmon","record_id":3975821,"task":"Process creation (rule: ProcessCreate)"}}
{"@timestamp":"2023-06-05T16:03:52.175Z","CommandLine":"C:\\Windows\\System32\\lsass.exe NCV852APST","EventID":1,"Image":"C:\\Windows\\System32\\lsass.exe","ParentImage":"C:\\Windows\\System32\\powershell.exe","ParentProcessId":940,"ProcessId":43761,"User":"DefaultAccount","agent":{"hostname":"WIN-G4QVWW70","type":"winlogbeat","version":"8.5.0"},"ecs":{"version":"8.5.0"},"event":{"action":"Process creation","category":["process"],"code":1,"kind":"event","provider":"Microsoft-Windows-Sysmon","type":["start"]},"host":{"name":"WIN-K23JFQB3","os":{"family":"windows","name":"Windows Server 2019","version":"10.0.17763"}},"process":{"args":["C:\\Windows\\System32\\lsass.exe","NCV852APST"],"command_line":"C:\\Windows\\System32\\lsass.exe NCV852APST","executable":"C:\\Windows\\System32\\lsass.exe","name":"lsass.exe","parent":{"executable":"C:\\Windows\\System32\\powershell.exe","name":"powershell.exe","pid":354},"pid":60332},"user":{"domain":"DOMAIN","name":"DefaultAccount"},"winlog":{"channel":"Microsoft-Windows-Sysmon/Operational","computer_name":"WIN-N82XRFI1.domain.local","event_id":1,"provider_name":"Microsoft-Windows-Sysmon","record_id":5353210,"task":"Process creation (rule: ProcessCreate)"}}
{"@timestamp":"2023-06-25T15:30:21.939Z","CommandLine":"C:\\Windows\\System32\\rundll32.exe QHPLN0YJ3F","EventID":1,"Image":"C:\\Windows\\System32\\rundll32.exe","ParentImage":"C:\\Windows\\System32\\WindowsPowerShell\\v1.0\\powershell.exe","ParentProcessId":816,"ProcessId":23221,"User":"Guest","agent":{"hostname":"WIN-X28U1TDG","type":"winlogbeat","version":"8.5.0"},"ecs":{"version":"8.5.0"},"event":{"action":"Process creation","category":["process"],"code":1,"kind":"event","provider":"Microsoft-Windows-Sysmon","type":["start"]},"host":{"name":"WIN-UVKU9RC6","os":{"family":"windows","name":"Windows Server 2019","version":"10.0.17763"}},"process":{"args":["C:\\Windows\\System32\\rundll32.exe","QHPLN0YJ3F"],"command_line":"C:\\Windows\\System32\\rundll32.exe QHPLN0YJ3F","executable":"C:\\Windows\\System32\\rundll32.exe","name":"rundll32.exe","parent":{"executable":"C:\\Windows\\System32\\WindowsPowerShell\\v1.0\\powershell.exe","name":"powershell.exe","pid":834},"pid":30168},"user":{"domain":"DOMAIN","name":"Guest"},"winlog":{"channel":"Microsoft-Windows-Sysmon/Operational","computer_name":"WIN-89DZCQ1C.domain.local","event_id":1,"provider_name":"Microsoft-Windows-Sysmon","record_id":9770524,"task":"Process creation (rule: ProcessCreate)"}}
{"@timestamp":"2023-12-18T15:03:09.559Z","CommandLine":"C:\\Windows\\System32\\lsass.exe 62JA2U297Y","EventID":1,"Image":"C:\\Windows\\System32\\lsass.exe","ParentImage":"C:\\Windows\\System32\\cmd.exe","ParentProcessId":641,"ProcessId":19050,"User":"user","agent":{"hostname":"WIN-NQ881YO1","type":"winlogbeat","version":"8.5.0"},"ecs":{"version":"8.5.0"},"event":{"action":"Process creation","category":["process"],"code":1,"kind":"event","provider":"Microsoft-Windows-Sysmon","type":["start"]},"host":{"name":"WIN-CSE8GY7K","os":{"family":"windows","name":"Windows Server 2019","version":"10.0.17763"}},"process":{"args":["C:\\Windows\\System32\\lsass.exe","62JA2U297Y"],"command_line":"C:\\Windows\\System32\\lsass.exe 62JA2U297Y","executable":"C:\\Windows\\System32\\lsass.exe","name":"lsass.exe","parent":{"executable":"C:\\Windows\\System32\\cmd.exe","name":"cmd.exe","pid":863},"pid":1577},"user":{"domain":"DOMAIN","name":"user"},"winlog":{"channel":"Microsoft-Windows-Sysmon/Operational","computer_name":"WIN-MGP67618.domain.local","event_id":1,"provider_name":"Microsoft-Windows-Sysmon","record_id":4125066,"task":"Process creation (rule: ProcessCreate)"}}
{"@timestamp":"2023-12-17T13:43:42.509Z","EventID":17,"Image":"C:\\Windows\\System32\\regsvr32.exe","PipeName":"\\pipe\\lsarpc","agent":{"hostname":"WIN-PWG53LPG","type":"winlogbeat","version":"8.5.0"},"ecs":{"version":"8.5.0"},"event":{"action":"Process creation","category":["process"],"code":17,"kind":"event","provider":"Microsoft-Windows-Sysmon","type":["start"]},"host":{"name":"WIN-3ESXQ8VJ","os":{"family":"windows","name":"Windows Server 2019","version":"10.0.17763"}},"winlog":{"channel":"Microsoft-Windows-Sysmon/Operational","computer_name":"WIN-RPZTAY13.domain.local","event_id":17,"provider_name":"Microsoft-Windows-Sysmon","record_id":4790409,"task":"Process creation (rule: ProcessCreate)"}}
{"@timestamp":"2023-11-19T08:06:37.994Z","DestinationIp":"1.1.1.1","DestinationPort":443,"EventID":3,"Image":"C:\\Program Files (x86)\\Microsoft\\Edge\\Application\\msedge.exe","Protocol":"tcp","SourceIp":"192.168.1.100","SourcePort":56456,"agent":{"hostname":"WIN-1IHFW3R0","type":"winlogbeat","version":"8.5.0"},"destination":{"ip":"1.1.1.1","port":443},"ecs":{"version":"8.5.0"},"event":{"action":"Process creation","category":["process"],"code":3,"kind":"event","provider":"Microsoft-Windows-Sysmon","type":["start"]},"host":{"name":"WIN-W7KUMLOJ","os":{"family":"windows","name":"Windows Server 2019","version":"10.0.17763"}},"network":{"direction":"outbound","protocol":"tcp"},"source":{"ip":"192.168.1.100","port":56456},"winlog":{"channel":"Microsoft-Windows-Sysmon/Operational","computer_name":"WIN-647J5YGS.domain.local","event_id":3,"provider_name":"Microsoft-Windows-Sysmon","record_id":8406041,"task":"Process creation (rule: ProcessCreate)"}}
{"@timestamp":"2023-08-20T11:38:49.159Z","DestinationIp":"172.16.0.10","DestinationPort":80,"EventID":3,"Image":"C:\\Windows\\System32\\calc.exe","Protocol":"tcp","SourceIp":"192.168.1.100","SourcePort":53484,"agent":{"hostname":"WIN-7QSEO2CZ","type":"winlogbeat","version":"8.5.0"},"destination":{"ip":"172.16.0.10","port":80},"ecs":{"version":"8.5.0"},"event":{"action":"Process creation","category":["process"],"code":3,"kind":"event","provider":"Microsoft-Windows-Sysmon","type":["start"]},"host":{"name":"WIN-LS547O28","os":{"family":"windows","name":"Windows Server 2019","version":"10.0.17763"}},"network":{"direction":"outbound","protocol":"tcp"},"source":{"ip":"192.168.1.100","port":53484},"winlog":{"channel":"Microsoft-Windows-Sysmon/Operational","computer_name":"WIN-YZQ17EOJ.domain.local","event_id":3,"provider_name":"Microsoft-Windows-Sysmon","record_id":6718000,"task":"Process creation (rule: ProcessCreate)"}}
{"@timestamp":"2023-03-18T19:19:33.917Z","CommandLine":"C:\\Program Files\\Mozilla Firefox\\firefox.exe RD14HB8TP2","EventID":1,"Image":"C:\\Program Files\\Mozilla Firefox\\firefox.exe","ParentImage":"C:\\Windows\\System32\\spoolsv.exe","ParentProcessId":732,"ProcessId":60165,"User":"user","agent":{"hostname":"WIN-EKR3WPMM","type":"winlogbeat","version":"8.5.0"},"ecs":{"version":"8.5.0"},"event":{"action":"Process creation","category":["process"],"code":1,"kind":"event","provider":"Microsoft-Windows-Sysmon","type":["start"]},"host":{"name":"WIN-TKXR7JHC","os":{"family":"windows","name":"Windows Server 2019","version":"10.0.17763"}},"process":{"args":["C:\\Program","Files\\Mozilla","Firefox\\firefox.exe","RD14HB8TP2"],"command_line":"C:\\Program Files\\Mozilla Firefox\\firefox.exe RD14HB8TP2","executable":"C:\\Program Files\\Mozilla Firefox\\firefox.exe","name":"firefox.exe","parent":{"executable":"C:\\Windows\\System32\\spoolsv.exe","name":"spoolsv.exe","pid":109},"pid":34250},"user":{"domain":"DOMAIN","name":"user"},"winlog":{"channel":"Microsoft-Windows-Sysmon/Operational","computer_name":"WIN-NUQ7F4RI.domain.local","event_id":1,"provider_name":"Microsoft-Windows-Sysmon","record_id":8802621,"task":"Process creation (rule: ProcessCreate)"}}
{"@timestamp":"2023-06-07T10:16:46.969Z","Details":"C:\\temp\\I53H2K7Z.exe","EventID":13,"Image":"C:\\Windows\\System32\\mshta.exe","TargetObject":"HKLM\\SYSTEM\\CurrentControlSet\\Services\\OGA8C99WDU","agent":{"hostname":"WIN-A1Y0V06O","type":"winlogbeat","version":"8.5.0"},"ecs":{"version":"8.5.0"},"event":{"action":"Process creation","category":["process"],"code":13,"kind":"event","provider":"Microsoft-Windows-Sysmon","type":["start"]},"host":{"name":"WIN-F6JMS5Z2","os":{"family":"windows","name":"Windows Server 2019","version":"10.0.17763"}},"registry":{"data":{"strings":["C:\\temp\\XXCKG8NM.exe"]},"key":"HKLM\\SYSTEM\\CurrentControlSet\\Services","value":"V6YFDTQM8U"},"winlog":{"channel":"Microsoft-Windows-Sysmon/Operational","computer_name":"WIN-8Q2IX287.domain.local","event_id":13,"provider_name":"Microsoft-Windows-Sysmon","record_id":4655355,"task":"Process creation (rule: ProcessCreate)"}}
{"@timestamp":"2023-04-14T22:35:59.783Z","CommandLine":"C:\\Windows\\System32\\lsass.exe FXEEKUZJH2","EventID":1,"Image":"C:\\Windows\\System32\\lsass.exe","ParentImage":"C:\\Windows\\System32\\rundll32.exe","ParentProcessId":881,"ProcessId":54101,"User":"Administrator","agent":{"hostname":"WIN-6TX7HS3I","type":"winlogbeat","version":"8.5.0"},"ecs":{"version":"8.5.0"},"event":{"action":"Process creation","category":["process"],"code":1,"kind":"event","provider":"Microsoft-Windows-Sysmon","type":["start"]},"host":{"name":"WIN-PEA29Q1O","os":{"family":"windows","name":"Windows Server 2019","version":"10.0.17763"}},"process":{"args":["C:\\Windows\\System32\\lsass.exe","FXEEKUZJH2"],"command_line":"C:\\Windows\\System32\\lsass.exe FXEEKUZJH2","executable":"C:\\Windows\\System32\\lsass.exe","name":"lsass.exe","parent":{"executable":"C:\\Windows\\System32\\rundll32.exe","name":"rundll32.exe","pid":734},"pid":4046},"user":{"domain":"DOMAIN","name":"Administrator"},"winlog":{"channel":"Microsoft-Windows-Sysmon/Operational","computer_name":"WIN-L36JMHL8.domain.local","event_id":1,"provider_name":"Microsoft-Windows-Sysmon","record_id":1674153,"task":"Process creation (rule: ProcessCreate)"}}
{"@timestamp":"2023-01-09T18:01:05.244Z","EventID":17,"Image":"C:\\Windows\\System32\\spoolsv.exe","PipeName":"\\pipe\\lsarpc","agent":{"hostname":"WIN-4526687L","type":"winlogbeat","version":"8.5.0"},"ecs":{"version":"8.5.0"},"event":{"action":"Process creation","category":["process"],"code":17,"kind":"event","provider":"Microsoft-Windows-Sysmon","type":["start"]},"host":{"name":"WIN-I39AWKYZ","os":{"family":"windows","name":"Windows Server 2019","version":"10.0.17763"}},"winlog":{"channel":"Microsoft-Windows-Sysmon/Operational","computer_name":"WIN-81NK8X1T.domain.local","event_id":17,"provider_name":"Microsoft-Windows-Sysmon","record_id":4322503,"task":"Process creation (rule: ProcessCreate)"}}
{"@timestamp":"2023-03-20T12:18:36.884Z","CommandLine":"C:\\Windows\\System32\\WindowsPowerShell\\v1.0\\powershell.exe R3ZG3NQGOG","EventID":1,"Image":"C:\\Windows\\System32\\WindowsPowerShell\\v1.0\\powershell.exe","ParentImage":"C:\\Windows\\System32\\WindowsPowerShell\\v1.0\\powershell.exe","ParentProcessId":963,"ProcessId":40455,"User":"NT AUTHORITY\\NETWORK SERVICE","agent":{"hostname":"WIN-X7KHWD2X","type":"winlogbeat","version":"8.5.0"},"ecs":{"version":"8.5.0"},"event":{"action":"Process creation","category":["process"],"code":1,"kind":"event","provider":"Microsoft-Windows-Sysmon","type":["start"]},"host":{"name":"WIN-JDLHBOLW","os":{"family":"windows","name":"Windows Server 2019","version":"10.0.17763"}},"process":{"args":["C:\\Windows\\System32\\WindowsPowerShell\\v1.0\\powershell.exe","R3ZG3NQGOG"],"command_line":"C:\\Windows\\System32\\WindowsPowerShell\\v1.0\\powershell.exe R3ZG3NQGOG","executable":"C:\\Windows\\System32\\WindowsPowerShell\\v1.0\\powershell.exe","name":"powershell.exe","parent":{"executable":"C:\\Windows\\System32\\WindowsPowerShell\\v1.0\\powershell.exe","name":"powershell.exe","pid":898},"pid":30157},"user":{"domain":"NT AUTHORITY","name":"NT AUTHORITY\\NETWORK SERVICE"},"winlog":{"channel":"Microsoft-Windows-Sysmon/Operational","computer_name":"WIN-0EAFYMI3.domain.local","event_id":1,"provider_name":"Microsoft-Windows-Sysmon","record_id":5904897,"task":"Process creation (rule: ProcessCreate)"}}
