{"@timestamp":"2023-12-14T18:05:26.312Z","DestinationIp":"8.8.8.8","DestinationPort":8443,"EventID":3,"Image":"C:\\Windows\\System32\\powershell.exe","Protocol":"tcp","SourceIp":"192.168.1.100","SourcePort":51217,"agent":{"hostname":"WIN-ABRMFVTD","type":"winlogbeat","version":"8.5.0"},"destination":{"ip":"8.8.8.8","port":8443},"ecs":{"version":"8.5.0"},"event":{"action":"Process creation","category":["process"],"code":3,"kind":"event","provider":"Microsoft-Windows-Sysmon","type":["start"]},"host":{"name":"WIN-HRYHAEFF","os":{"family":"windows","name":"Windows Server 2019","version":"10.0.17763"}},"network":{"direction":"outbound","protocol":"tcp"},"source":{"ip":"192.168.1.100","port":51217},"winlog":{"channel":"Microsoft-Windows-Sysmon/Operational","computer_name":"WIN-58LFREMH.domain.local","event_id":3,"provider_name":"Microsoft-Windows-Sysmon","record_id":7449220,"task":"Process creation (rule: ProcessCreate)"}}
{"@timestamp":"2023-09-01T19:46:51.493Z","CommandLine":"C:\\Windows\\System32\\mshta.exe M9EH2TZ454","EventID":1,"Image":"C:\\Windows\\System32\\mshta.exe","ParentImage":"C:\\Windows\\System32\\WindowsPowerShell\\v1.0\\powershell.exe","ParentProcessId":229,"ProcessId":5139,"User":"NT AUTHORITY\\NETWORK SERVICE","agent":{"hostname":"WIN-PMYBP0JS","type":"winlogbeat","version":"8.5.0"},"ecs":{"version":"8.5.0"},"event":{"action":"Process creation","category":["process"],"code":1,"kind":"event","provider":"Microsoft-Windows-Sysmon","type":["start"]},"host":{"name":"WIN-RQXIGQ64","os":{"family":"windows","name":"Windows Server 2019","version":"10.0.17763"}},"process":{"args":["C:\\Windows\\System32\\mshta.exe","M9EH2TZ454"],"command_line":"C:\\Windows\\System32\\mshta.exe M9EH2TZ454","executable":"C:\\Windows\\System32\\mshta.exe","name":"mshta.exe","parent":{"executable":"C:\\Windows\\System32\\WindowsPowerShell\\v1.0\\powershell.exe","name":"powershell.exe","pid":928},"pid":37037},"user":{"domain":"NT AUTHORITY","name":"NT AUTHORITY\\NETWORK SERVICE"},"winlog":{"channel":"Microsoft-Windows-Sysmon/Operational","computer_name":"WIN-JFJGHGE0.domain.local","event_id":1,"provider_name":"Microsoft-Windows-Sysmon","record_id":7819363,"task":"Process creation (rule: ProcessCreate)"}}
{"@timestamp":"2023-06-19T11:40:56.795Z","CommandLine":"C:\\Program Files\\Mozilla Firefox\\firefox.exe X89S489ZL9","EventID":1,"Image":"C:\\Program Files\\Mozilla Firefox\\firefox.exe","ParentImage":"C:\\Windows\\System32\\regsvr32.exe","ParentProcessId":340,"ProcessId":4464,"User":"NT AUTHORITY\\NETWORK SERVICE","agent":{"hostname":"WIN-LR3YRYAZ","type":"winlogbeat","version":"8.5.0"},"ecs":{"version":"8.5.0"},"event":{"action":"Process creation","category":["process"],"code":1,"kind":"event","provider":"Microsoft-Windows-Sysmon","type":["start"]},"host":{"name":"WIN-135HWX3J","os":{"family":"windows","name":"Windows Server 2019","version":"10.0.17763"}},"process":{"args":["C:\\Program","Files\\Mozilla","Firefox\\firefox.exe","X89S489ZL9"],"command_line":"C:\\Program Files\\Mozilla Firefox\\firefox.exe X89S489ZL9","executable":"C:\\Program Files\\Mozilla Firefox\\firefox.exe","name":"firefox.exe","parent":{"executable":"C:\\Windows\\System32\\regsvr32.exe","name":"regsvr32.exe","pid":430},"pid":40188},"user":{"domain":"NT AUTHORITY","name":"NT AUTHORITY\\NETWORK SERVICE"},"winlog":{"channel":"Microsoft-Windows-Sysmon/Operational","computer_name":"WIN-8H5SYDR4.domain.local","event_id":1,"provider_name":"Microsoft-Windows-Sysmon","record_id":7608447,"task":"Process creation (rule: ProcessCreate)"}}
{"@timestamp":"2023-12-13T01:10:22.633Z","CommandLine":"C:\\Windows\\System32\\taskmgr.exe 5VENUE323U","EventID":1,"Image":"C:\\Windows\\System32\\taskmgr.exe","ParentImage":"C:\\Program Files (x86)\\Microsoft\\Edge\\Application\\msedge.exe","ParentProcessId":308,"ProcessId":17701,"User":"Guest","agent":{"hostname":"WIN-WP69S7V7","type":"winlogbeat","version":"8.5.0"},"ecs":{"version":"8.5.0"},"event":{"action":"Process creation","category":["process"],"code":1,"kind":"event","provider":"Microsoft-Windows-Sysmon","type":["start"]},"host":{"name":"WIN-YQWUSQSJ","os":{"family":"windows","name":"Windows Server 2019","version":"10.0.17763"}},"process":{"args":["C:\\Windows\\System32\\taskmgr.exe","5VENUE323U"],"command_line":"C:\\Windows\\System32\\taskmgr.exe 5VENUE323U","executable":"C:\\Windows\\System32\\taskmgr.exe","name":"taskmgr.exe","parent":{"executable":"C:\\Program Files (x86)\\Microsoft\\Edge\\Application\\msedge.exe","name":"msedge.exe","pid":460},"pid":16929},"user":{"domain":"DOMAIN","name":"Guest"},"winlog":{"channel":"Microsoft-Windows-Sysmon/Operational","computer_name":"WIN-LPT1WY1G.domain.local","event_id":1,"provider_name":"Microsoft-Windows-Sysmon","record_id":8144906,"task":"Process creation (rule: ProcessCreate)"}}
{"@timestamp":"2023-02-23T02:12:26.178Z","EventID":17,"Image":"C:\\Windows\\System32\\rundll32.exe","PipeName":"\\pipe\\netlogon","agent":{"hostname":"WIN-PHAIGAME","type":"winlogbeat","version":"8.5.0"},"ecs":{"version":"8.5.0"},"event":{"action":"Process creation","category":["process"],"code":17,"kind":"event","provider":"Microsoft-Windows-Sysmon","type":["start"]},"host":{"name":"WIN-JPI51CSZ","os":{"family":"windows","name":"Windows Server 2019","version":"10.0.17763"}},"winlog":{"channel":"Microsoft-Windows-Sysmon/Operational","computer_name":"WIN-V6YLQQO3.domain.local","event_id":17,"provider_name":"Microsoft-Windows-Sysmon","record_id":9986822,"task":"Process creation (rule: ProcessCreate)"}}
{"@timestamp":"2023-03-09T22:30:33.595Z","Details":"C:\\temp\\A0XDDL3Q.exe","EventID":13,"Image":"C:\\Windows\\System32\\explorer.exe","TargetObject":"HKCU\\SOFTWARE\\Microsoft\\Windows\\CurrentVersion\\Run\\P6KOQSR4UV","agent":{"hostname":"WIN-IRBHTTBI","type":"winlogbeat","version":"8.5.0"},"ecs":{"version":"8.5.0"},"event":{"action":"Process creation","category":["process"],"code":13,"kind":"event","provider":"Microsoft-Windows-Sysmon","type":["start"]},"host":{"name":"WIN-LOFFE35D","os":{"family":"windows","name":"Windows Server 2019","version":"10.0.17763"}},"registry":{"data":{"strings":["C:\\temp\\Z5TLOO0V.exe"]},"key":"HKCU\\SOFTWARE\\Microsoft\\Windows\\CurrentVersion\\Run","value":"7RETYNE7BE"},"winlog":{"channel":"Microsoft-Windows-Sysmon/Operational","computer_name":"WIN-CZ00U0MO.domain.local","event_id":13,"provider_name":"Microsoft-Windows-Sysmon","record_id":6292433,"task":"Process creation (rule: ProcessCreate)"}}
{"@timestamp":"2023-10-14T09:51:01.859Z","CommandLine":"C:\\Windows\\System32\\regsvr32.exe 630LLXVIJX","EventID":1,"Image":"C:\\Windows\\System32\\regsvr32.exe","ParentImage":"C:\\Windows\\System32\\calc.exe","ParentProcessId":414,"ProcessId":40402,"User":"Administrator","agent":{"hostname":"WIN-C5XRJKQK","type":"winlogbeat","version":"8.5.0"},"ecs":{"version":"8.5.0"},"event":{"action":"Process creation","category":["process"],"code":1,"kind":"event","provider":"Microsoft-Windows-Sysmon","type":["start"]},"host":{"name":"WIN-0V8HME30","os":{"family":"windows","name":"Windows Server 2019","version":"10.0.17763"}},"process":{"args":["C:\\Windows\\System32\\regsvr32.exe","630LLXVIJX"],"command_line":"C:\\Windows\\System32\\regsvr32.exe 630LLXVIJX","executable":"C:\\Windows\\System32\\regsvr32.exe","name":"regsvr32.exe","parent":{"executable":"C:\\Windows\\System32\\calc.exe","name":"calc.exe","pid":515},"pid":5287},"user":{"domain":"DOMAIN","name":"Administrator"},"winlog":{"channel":"Microsoft-Windows-Sysmon/Operational","computer_name":"WIN-VLDWB41J.domain.local","event_id":1,"provider_name":"Microsoft-Windows-Sysmon","record_id":5687942,"task":"Process creation (rule: ProcessCreate)"}}
{"@timestamp":"2023-04-10T06:31:07.281Z","DestinationIp":"192.168.1.100","DestinationPort":445,"EventID":3,"Image":"C:\\Windows\\System32\\calc.exe","Protocol":"tcp","SourceIp":"192.168.1.100","SourcePort":57062,"agent":{"hostname":"WIN-M1WXFOHW","type":"winlogbeat","version":"8.5.0"},"destination":{"ip":"192.168.1.100","port":445},"ecs":{"version":"8.5.0"},"event":{"action":"Process creation","category":["process"],"code":3,"kind":"event","provider":"Microsoft-Windows-Sysmon","type":["start"]},"host":{"name":"WIN-CO9WUUVG","os":{"family":"windows","name":"Windows Server 2019","version":"10.0.17763"}},"network":{"direction":"outbound","protocol":"tcp"},"source":{"ip":"192.168.1.100","port":57062},"winlog":{"channel":"Microsoft-Windows-Sysmon/Operational","computer_name":"WIN-T3XID549.domain.local","event_id":3,"provider_name":"Microsoft-Windows-Sysmon","record_id":7064463,"task":"Process creation (rule: ProcessCreate)"}}
{"@timestamp":"2023-01-21T09:14:50.159Z","CommandLine":"C:\\Windows\\System32\\svchost.exe 9DIQVZVWDS","EventID":1,"Image":"C:\\Windows\\System32\\svchost.exe","ParentImage":"C:\\Windows\\System32\\winlogon.exe","ParentProcessId":377,"ProcessId":37650,"User":"NT AUTHORITY\\SYSTEM","agent":{"hostname":"WIN-LO4CAWKA","type":"winlogbeat","version":"8.5.0"},"ecs":{"version":"8.5.0"},"event":{"action":"Process creation","category":["process"],"code":1,"kind":"event","provider":"Microsoft-Windows-Sysmon","type":["start"]},"host":{"name":"WIN-8MKEMYRD","os":{"family":"windows","name":"Windows Server 2019","version":"10.0.17763"}},"process":{"args":["C:\\Windows\\System32\\svchost.exe","9DIQVZVWDS"],"command_line":"C:\\Windows\\System32\\svchost.exe 9DIQVZVWDS","executable":"C:\\Windows\\System32\\svchost.exe","name":"svchost.exe","parent":{"executable":"C:\\Windows\\System32\\winlogon.exe","name":"winlogon.exe","pid":715},"pid":51494},"user":{"domain":"NT AUTHORITY","name":"NT AUTHORITY\\SYSTEM"},"winlog":{"channel":"Microsoft-Windows-Sysmon/Operational","computer_name":"WIN-AV7K1DQN.domain.local","event_id":1,"provider_name":"Microsoft-Windows-Sysmon","record_id":2748582,"task":"Process creation (rule: ProcessCreate)"}}
{"@timestamp":"2023-09-09T21:11:43.936Z","CommandLine":"C:\\Windows\\System32\\taskmgr.exe KPI2AX9891","EventID":1,"Image":"C:\\Windows\\System32\\taskmgr.exe","ParentImage":"C:\\Program Files (x86)\\Microsoft\\Edge\\Application\\msedge.exe","ParentProcessId":943,"ProcessId":27615,"User":"john.doe","agent":{"hostname":"WIN-FG3GFMGR","type":"winlogbeat","version":"8.5.0"},"ecs":{"version":"8.5.0"},"event":{"action":"Process creation","category":["process"],"code":1,"kind":"event","provider":"Microsoft-Windows-Sysmon","type":["start"]},"host":{"name":"WIN-B3W05RGI","os":{"family":"windows","name":"Windows Server 2019","version":"10.0.17763"}},"process":{"args":["C:\\Windows\\System32\\taskmgr.exe","KPI2AX9891"],"command_line":"C:\\Windows\\System32\\taskmgr.exe KPI2AX9891","executable":"C:\\Windows\\System32\\taskmgr.exe","name":"taskmgr.exe","parent":{"executable":"C:\\Program Files (x86)\\Microsoft\\Edge\\Application\\msedge.exe","name":"msedge.exe","pid":587},"pid":11650},"user":{"domain":"DOMAIN","name":"john.doe"},"winlog":{"channel":"Microsoft-Windows-Sysmon/Operational","computer_name":"WIN-IUOTZ7JG.domain.local","event_id":1,"provider_name":"Microsoft-Windows-Sysmon","record_id":1077183,"task":"Process creation (rule: ProcessCreate)"}}
{"@timestamp":"2023-07-24T20:34:09.622Z","CommandLine":"C:\\Windows\\System32\\rundll32.exe 5L8UPX75JPZLLQCB6TJN","EventID":1,"Image":"C:\\Windows\\System32\\rundll32.exe","ParentImage":"C:\\Program Files\\Google\\Chrome\\Application\\chrome.exe","ParentProcessId":634,"ProcessId":35833,"User":"NT AUTHORITY\\SYSTEM","agent":{"hostname":"WIN-M14TMNRY","type":"winlogbeat","version":"8.5.0"},"ecs":{"version":"8.5.0"},"event":{"action":"Process creation","category":["process"],"code":1,"kind":"event","provider":"Microsoft-Windows-Sysmon","type":["start"]},"host":{"name":"WIN-72S57EI0","os":{"family":"windows","name":"Windows Server 2019","version":"10.0.17763"}},"process":{"args":["C:\\Windows\\System32\\rundll32.exe","5L8UPX75JPZLLQCB6TJN"],"command_line":"C:\\Windows\\System32\\rundll32.exe 5L8UPX75JPZLLQCB6TJN","executable":"C:\\Windows\\System32\\rundll32.exe","name":"rundll32.exe","parent":{"executable":"C:\\Program Files\\Google\\Chrome\\Application\\chrome.exe","name":"chrome.exe","pid":654},"pid":33149},"user":{"domain":"NT AUTHORITY","name":"NT AUTHORITY\\SYSTEM"},"winlog":{"channel":"Microsoft-Windows-Sysmon/Operational","computer_name":"WIN-P25WO1UD.domain.local","event_id":1,"provider_name":"Microsoft-Windows-Sysmon","record_id":3058999,"task":"Process creation (rule: ProcessCreate)"}}
{"@timestamp":"2023-05-18T01:50:56.386Z","CommandLine":"C:\\Windows\\System32\\powershell.exe YNUOPRJUJI","EventID":1,"Image":"C:\\Windows\\System32\\powershell.exe","ParentImage":"C:\\Windows\\System32\\powershell.exe","ParentProcessId":519,"ProcessId":21817,"User":"DefaultAccount","agent":{"hostname":"WIN-EO4ZE9WA","type":"winlogbeat","version":"8.5.0"},"ecs":{"version":"8.5.0"},"event":{"action":"Process creation","category":["process"],"code":1,"kind":"event","provider":"Microsoft-Windows-Sysmon","type":["start"]},"host":{"name":"WIN-OCKO2BW7","os":{"family":"windows","name":"Windows Server 2019","version":"10.0.17763"}},"process":{"args":["C:\\Windows\\System32\\powershell.exe","YNUOPRJUJI"],"command_line":"C:\\Windows\\System32\\powershell.exe YNUOPRJUJI","executable":"C:\\Windows\\System32\\powershell.exe","name":"powershell.exe","parent":{"executable":"C:\\Windows\\System32\\powershell.exe","name":"powershell.exe","pid":139},"pid":38496},"user":{"domain":"DOMAIN","name":"DefaultAccount"},"winlog":{"channel":"Microsoft-Windows-Sysmon/Operational","computer_name":"WIN-HV0VECTI.domain.local","event_id":1,"provider_name":"Microsoft-Windows-Sysmon","record_id":5258476,"task":"Process creation (rule: ProcessCreate)"}}
{"@timestamp":"2023-06-13T08:01:08.780Z","CommandLine":"C:\\Windows\\System32\\cscript.exe J223R3HHY9","EventID":1,"Image":"C:\\Windows\\System32\\cscript.exe","ParentImage":"C:\\Program Files (x86)\\Microsoft\\Edge\\Application\\msedge.exe","ParentProcessId":225,"ProcessId":36146,"User":"service_account","agent":{"hostname":"WIN-JGENQ35H","type":"winlogbeat","version":"8.5.0"},"ecs":{"version":"8.5.0"},"event":{"action":"Process creation","category":["process"],"code":1,"kind":"event","provider":"Microsoft-Windows-Sysmon","type":["start"]},"host":{"name":"WIN-35GNAPIL","os":{"family":"windows","name":"Windows Server 2019","version":"10.0.17763"}},"process":{"args":["C:\\Windows\\System32\\cscript.exe","J223R3HHY9"],"command_line":"C:\\Windows\\System32\\cscript.exe J223R3HHY9","executable":"C:\\Windows\\System32\\cscript.exe","name":"cscript.exe","parent":{"executable":"C:\\Program Files (x86)\\Microsoft\\Edge\\Application\\msedge.exe","name":"msedge.exe","pid":427},"pid":45692},"user":{"domain":"DOMAIN","name":"service_account"},"winlog":{"channel":"Microsoft-Windows-Sysmon/Operational","computer_name":"WIN-6IEI959Y.domain.local","event_id":1,"provider_name":"Microsoft-Windows-Sysmon","record_id":1836686,"task":"Process creation (rule: ProcessCreate)"}}
{"@timestamp":"2023-12-14T15:10:23.482Z","CommandLine":"C:\\Windows\\System32\\calc.exe EZOFNZKZ2D","EventID":1,"Image":"C:\\Windows\\System32\\calc.exe","ParentImage":"C:\\Windows\\System32\\WindowsPowerShell\\v1.0\\powershell.exe","ParentProcessId":305,"ProcessId":26220,"User":"NT AUTHORITY\\LOCAL SERVICE","agent":{"hostname":"WIN-QRLB6LQ1","type":"winlogbeat","version":"8.5.0"},"ecs":{"version":"8.5.0"},"event":{"action":"Process creation","category":["process"],"code":1,"kind":"event","provider":"Microsoft-Windows-Sysmon","type":["start"]},"host":{"name":"WIN-2V2T4U0R","os":{"family":"windows","name":"Windows Server 2019","version":"10.0.17763"}},"process":{"args":["C:\\Windows\\System32\\calc.exe","EZOFNZKZ2D"],"command_line":"C:\\Windows\\System32\\calc.exe EZOFNZKZ2D","executable":"C:\\Windows\\System32\\calc.exe","name":"calc.exe","parent":{"executable":"C:\\Windows\\System32\\WindowsPowerShell\\v1.0\\powershell.exe","name":"powershell.exe","pid":950},"pid":45966},"user":{"domain":"NT AUTHORITY","name":"NT AUTHORITY\\LOCAL SERVICE"},"winlog":{"channel":"Microsoft-Windows-Sysmon/Operational","computer_name":"WIN-9EJ6TSTO.domain.local","event_id":1,"provider_name":"Microsoft-Windows-Sysmon","record_id":6739486,"task":"Process creation (rule: ProcessCreate)"}}
{"@timestamp":"2023-04-07T03:21:36.141Z","EventID":17,"Image":"C:\\Windows\\System32\\taskmgr.exe","PipeName":"\\pipe\\samr","agent":{"hostname":"WIN-9JSIVL1K","type":"winlogbeat","version":"8.5.0"},"ecs":{"version":"8.5.0"},"event":{"action":"Process creation","category":["process"],"code":17,"kind":"event","provider":"Microsoft-Windows-Sysmon","type":["start"]},"host":{"name":"WIN-5GOWGJYD","os":{"family":"windows","name":"Windows Server 2019","version":"10.0.17763"}},"winlog":{"channel":"Microsoft-Windows-Sysmon/Operational","computer_name":"WIN-F3OTTNBG.domain.local","event_id":17,"provider_name":"Microsoft-Windows-Sysmon","record_id":6759529,"task":"Process creation (rule: ProcessCreate)"}}
{"@timestamp":"2023-01-10T22:23:59.418Z","CommandLine":"C:\\Windows\\System32\\calc.exe EJ1IR2VB4E","EventID":1,"Image":"C:\\Windows\\System32\\calc.exe","ParentImage":"C:\\Program Files\\Mozilla Firefox\\firefox.exe","ParentProcessId":506,"ProcessId":45219,"User":"jane.smith","agent":{"hostname":"WIN-A4ZODKSH","type":"winlogbeat","version":"8.5.0"},"ecs":{"version":"8.5.0"},"event":{"action":"Process creation","category":["process"],"code":1,"kind":"event","provider":"Microsoft-Windows-Sysmon","type":["start"]},"host":{"name":"WIN-ROOU6QL0","os":{"family":"windows","name":"Windows Server 2019","version":"10.0.17763"}},"process":{"args":["C:\\Windows\\System32\\calc.exe","EJ1IR2VB4E"],"command_line":"C:\\Windows\\System32\\calc.exe EJ1IR2VB4E","executable":"C:\\Windows\\System32\\calc.exe","name":"calc.exe","parent":{"executable":"C:\\Program Files\\Mozilla Firefox\\firefox.exe","name":"firefox.exe","pid":156},"pid":3487},"user":{"domain":"DOMAIN","name":"jane.smith"},"winlog":{"channel":"Microsoft-Windows-Sysmon/Operational","computer_name":"WIN-K07K1OYE.domain.local","event_id":1,"provider_name":"Microsoft-Windows-Sysmon","record_id":1006987,"task":"Process creation (rule: ProcessCreate)"}}
{"@timestamp":"2023-06-23T04:13:21.302Z","CommandLine":"C:\\Windows\\System32\\svchost.exe WQPKXRKB4W","EventID":1,"Image":"C:\\Windows\\System32\\svchost.exe","ParentImage":"C:\\Program Files (x86)\\Microsoft\\Edge\\Application\\msedge.exe","ParentProcessId":329,"ProcessId":32442,"User":"service_account","agent":{"hostname":"WIN-NE17MEI0","type":"winlogbeat","version":"8.5.0"},"ecs":{"version":"8.5.0"},"event":{"action":"Process creation","category":["process"],"code":1,"kind":"event","provider":"Microsoft-Windows-Sysmon","type":["start"]},"host":{"name":"WIN-AKPQHZJZ","os":{"family":"windows","name":"Windows Server 2019","version":"10.0.17763"}},"process":{"args":["C:\\Windows\\System32\\svchost.exe","WQPKXRKB4W"],"command_line":"C:\\Windows\\System32\\svchost.exe WQPKXRKB4W","executable":"C:\\Windows\\System32\\svchost.exe","name":"svchost.exe","parent":{"executable":"C:\\Program Files (x86)\\Microsoft\\Edge\\Application\\msedge.exe","name":"msedge.exe","pid":634},"pid":38574},"user":{"domain":"DOMAIN","name":"service_account"},"winlog":{"channel":"Microsoft-Windows-Sysmon/Operational","computer_name":"WIN-UMN6XQ6S.domain.local","event_id":1,"provider_name":"Microsoft-Windows-Sysmon","record_id":2043019,"task":"Process creation (rule: ProcessCreate)"}}
{"@timestamp":"2023-12-23T17:18:08.155Z","CommandLine":"C:\\Windows\\System32\\regsvr32.exe 92I63HFGE6","EventID":1,"Image":"C:\\Windows\\System32\\regsvr32.exe","ParentImage":"C:\\Windows\\System32\\wscript.exe","ParentProcessId":829,"ProcessId":11858,"User":"user","agent":{"hostname":"WIN-NX3R8GBJ","type":"winlogbeat","version":"8.5.0"},"ecs":{"version":"8.5.0"},"event":{"action":"Process creation","category":["process"],"code":1,"kind":"event","provider":"Microsoft-Windows-Sysmon","type":["start"]},"host":{"name":"WIN-Y0ZE14E6","os":{"family":"windows","name":"Windows Server 2019","version":"10.0.17763"}},"process":{"args":["C:\\Windows\\System32\\regsvr32.exe","92I63HFGE6"],"command_line":"C:\\Windows\\System32\\regsvr32.exe 92I63HFGE6","executable":"C:\\Windows\\System32\\regsvr32.exe","name":"regsvr32.exe","parent":{"executable":"C:\\Windows\\System32\\wscript.exe","name":"wscript.exe","pid":431},"pid":30589},"user":{"domain":"DOMAIN","name":"user"},"winlog":{"channel":"Microsoft-Windows-Sysmon/Operational","computer_name":"WIN-GG2J42SB.domain.local","event_id":1,"provider_name":"Microsoft-Windows-Sysmon","record_id":1193573,"task":"Process creation (rule: ProcessCreate)"}}
{"@timestamp":"2023-04-12T14:35:45.755Z","Details":"C:\\temp\\6ZF1662L.exe","EventID":13,"Image":"C:\\Program Files\\Mozilla Firefox\\firefox.exe","TargetObject":"HKLM\\SOFTWARE\\Microsoft\\Windows\\CurrentVersion\\Run\\1CVGE4VLBU","agent":{"hostname":"WIN-2B2KYHDM","type":"winlogbeat","version":"8.5.0"},"ecs":{"version":"8.5.0"},"event":{"action":"Process creation","category":["process"],"code":13,"kind":"event","provider":"Microsoft-Windows-Sysmon","type":["start"]},"host":{"name":"WIN-5DDGMKC2","os":{"family":"windows","name":"Windows Server 2019","version":"10.0.17763"}},"registry":{"data":{"strings":["C:\\temp\\E54P6C1L.exe"]},"key":"HKLM\\SOFTWARE\\Microsoft\\Windows\\CurrentVersion\\Run","value":"NVV5HC8IOJ"},"winlog":{"channel":"Microsoft-Windows-Sysmon/Operational","computer_name":"WIN-8LW3CGP1.domain.local","event_id":13,"provider_name":"Microsoft-Windows-Sysmon","record_id":4341808,"task":"Process creation (rule: ProcessCreate)"}}
{"@timestamp":"2023-10-12T15:41:21.733Z","DestinationIp":"172.16.0.10","DestinationPort":139,"EventID":3,"Image":"C:\\Windows\\System32\\notepad.exe","Protocol":"tcp","SourceIp":"192.168.1.100","SourcePort":62055,"agent":{"hostname":"WIN-CI84IO2V","type":"winlogbeat","version":"8.5.0"},"destination":{"ip":"172.16.0.10","port":139},"ecs":{"version":"8.5.0"},"event":{"action":"Process creation","category":["process"],"code":3,"kind":"event","provider":"Microsoft-Windows-Sysmon","type":["start"]},"host":{"name":"WIN-6JALZ39V","os":{"family":"windows","name":"Windows Server 2019","version":"10.0.17763"}},"network":{"direction":"outbound","protocol":"tcp"},"source":{"ip":"192.168.1.100","port":62055},"winlog":{"channel":"Microsoft-Windows-Sysmon/Operational","computer_name":"WIN-RPL6HRRL.domain.local","event_id":3,"provider_name":"Microsoft-Windows-Sysmon","record_id":2115124,"task":"Process creation (rule: ProcessCreate)"}}
{"@timestamp":"2023-01-28T22:27:04.104Z","CommandLine":"C:\\Windows\\System32\\rundll32.exe P4MK7P0GV7","EventID":1,"Image":"C:\\Windows\\System32\\rundll32.exe","ParentImage":"C:\\Windows\\System32\\taskmgr.exe","ParentProcessId":581,"ProcessId":46463,"User":"jane.smith","agent":{"hostname":"WIN-HOA7C7JT","type":"winlogbeat","version":"8.5.0"},"ecs":{"version":"8.5.0"},"event":{"action":"Process creation","category":["process"],"code":1,"kind":"event","provider":"Microsoft-Windows-Sysmon","type":["start"]},"host":{"name":"WIN-8L4NYXTE","os":{"family":"windows","name":"Windows Server 2019","version":"10.0.17763"}},"process":{"args":["C:\\Windows\\System32\\rundll32.exe","P4MK7P0GV7"],"command_line":"C:\\Windows\\System32\\rundll32.exe P4MK7P0GV7","executable":"C:\\Windows\\System32\\rundll32.exe","name":"rundll32.exe","parent":{"executable":"C:\\Windows\\System32\\taskmgr.exe","name":"taskmgr.exe","pid":478},"pid":21496},"user":{"domain":"DOMAIN","name":"jane.smith"},"winlog":{"channel":"Microsoft-Windows-Sysmon/Operational","computer_name":"WIN-WC02Q40K.domain.local","event_id":1,"provider_name":"Microsoft-Windows-Sysmon","record_id":6446850,"task":"Process creation (rule: ProcessCreate)"}}
{"@timestamp":"2023-07-07T19:30:59.536Z","DestinationIp":"208.67.222.222","DestinationPort":8080,"EventID":3,"Image":"C:\\Program Files\\Google\\Chrome\\Application\\chrome.exe","Protocol":"tcp","SourceIp":"192.168.1.100","SourcePort":64752,"agent":{"hostname":"WIN-NAA048ZK","type":"winlogbeat","version":"8.5.0"},"destination":{"ip":"208.67.222.222","port":8080},"ecs":{"version":"8.5.0"},"event":{"action":"Process creation","category":["process"],"code":3,"kind":"event","provider":"Microsoft-Windows-Sysmon","type":["start"]},"host":{"name":"WIN-8F1EQEQB","os":{"family":"windows","name":"Windows Server 2019","version":"10.0.17763"}},"network":{"direction":"outbound","protocol":"tcp"},"source":{"ip":"192.168.1.100","port":64752},"winlog":{"channel":"Microsoft-Windows-Sysmon/Operational","computer_name":"WIN-VBTVR6E3.domain.local","event_id":3,"provider_name":"Microsoft-Windows-Sysmon","record_id":1153406,"task":"Process creation (rule: ProcessCreate)"}}
{"@timestamp":"2023-11-15T13:07:26.535Z","CommandLine":"C:\\Windows\\System32\\wscript.exe 8GTW24HDHK","EventID":1,"Image":"C:\\Windows\\System32\\wscript.exe","ParentImage":"C:\\Windows\\System32\\taskmgr.exe","ParentProcessId":249,"ProcessId":16163,"User":"Administrator","agent":{"hostname":"WIN-MS7EQOFG","type":"winlogbeat","version":"8.5.0"},"ecs":{"version":"8.5.0"},"event":{"action":"Process creation","category":["process"],"code":1,"kind":"event","provider":"Microsoft-Windows-Sysmon","type":["start"]},"host":{"name":"WIN-5EWGDFX9","os":{"family":"windows","name":"Windows Server 2019","version":"10.0.17763"}},"process":{"args":["C:\\Windows\\System32\\wscript.exe","8GTW24HDHK"],"command_line":"C:\\Windows\\System32\\wscript.exe 8GTW24HDHK","executable":"C:\\Windows\\System32\\wscript.exe","name":"wscript.exe","parent":{"executable":"C:\\Windows\\System32\\taskmgr.exe","name":"taskmgr.exe","pid":654},"pid":17415},"user":{"domain":"DOMAIN","name":"Administrator"},"winlog":{"channel":"Microsoft-Windows-Sysmon/Operational","computer_name":"WIN-1ES62HHM.domain.local","event_id":1,"provider_name":"Microsoft-Windows-Sysmon","record_id":3782231,"task":"Process creation (rule: ProcessCreate)"}}
{"@timestamp":"2023-12-23T11:19:25.561Z","Details":"C:\\temp\\M2A13WEB.exe","EventID":13,"Image":"C:\\Windows\\System32\\spoolsv.exe","TargetObject":"HKLM\\SOFTWARE\\Classes\\exefile\\shell\\open\\command\\OVNNV159GU","agent":{"hostname":"WIN-VX9Y9WN0","type":"winlogbeat","version":"8.5.0"},"ecs":{"version":"8.5.0"},"event":{"action":"Process creation","category":["process"],"code":13,"kind":"event","provider":"Microsoft-Windows-Sysmon","type":["start"]},"host":{"name":"WIN-0PM5XKDL","os":{"family":"windows","name":"Windows Server 2019","version":"10.0.17763"}},"registry":{"data":{"strings":["C:\\temp\\DYOCIDYL.exe"]},"key":"HKLM\\SOFTWARE\\Classes\\exefile\\shell\\open\\command","value":"POU3IMXQSC"},"winlog":{"channel":"Microsoft-Windows-Sysmon/Operational","computer_name":"WIN-XD5ZPGSW.domain.local","event_id":13,"provider_name":"Microsoft-Windows-Sysmon","record_id":8790787,"task":"Process creation (rule: ProcessCreate)"}}
{"@timestamp":"2023-07-19T07:19:31.442Z","Details":"C:\\temp\\H0UAHPFB.exe","EventID":13,"Image":"C:\\Program Files (x86)\\Microsoft\\Edge\\Application\\msedge.exe","TargetObject":"HKLM\\SYSTEM\\CurrentControlSet\\Services\\W45RG6LNRS","agent":{"hostname":"WIN-0BSTI87M","type":"winlogbeat","version":"8.5.0"},"ecs":{"version":"8.5.0"},"event":{"action":"Process creation","category":["process"],"code":13,"kind":"event","provider":"Microsoft-Windows-Sysmon","type":["start"]},"host":{"name":"WIN-Y1VWNKN3","os":{"family":"windows","name":"Windows Server 2019","version":"10.0.17763"}},"registry":{"data":{"strings":["C:\\temp\\IN8JVZ2F.exe"]},"key":"HKLM\\SYSTEM\\CurrentControlSet\\Services","value":"BU1NQ8XKOM"},"winlog":{"channel":"Microsoft-Windows-Sysmon/Operational","computer_name":"WIN-DSXZ6YHQ.domain.local","event_id":13,"provider_name":"Microsoft-Windows-Sysmon","record_id":4290657,"task":"Process creation (rule: ProcessCreate)"}}
{"@timestamp":"2023-12-24T02:58:52.252Z","CommandLine":"C:\\Windows\\System32\\rundll32.exe E73VAFRX45","EventID":1,"Image":"C:\\Windows\\System32\\rundll32.exe","ParentImage":"C:\\Program Files\\Mozilla Firefox\\firefox.exe","ParentProcessId":444,"ProcessId":43020,"User":"Guest","agent":{"hostname":"WIN-TG4CJX74","type":"winlogbeat","version":"8.5.0"},"ecs":{"version":"8.5.0"},"event":{"action":"Process creation","category":["process"],"code":1,"kind":"event","provider":"Microsoft-Windows-Sysmon","type":["start"]},"host":{"name":"WIN-F7YX78FC","os":{"family":"windows","name":"Windows Server 2019","version":"10.0.17763"}},"process":{"args":["C:\\Windows\\System32\\rundll32.exe","E73VAFRX45"],"command_line":"C:\\Windows\\System32\\rundll32.exe E73VAFRX45","executable":"C:\\Windows\\System32\\rundll32.exe","name":"rundll32.exe","parent":{"executable":"C:\\Program Files\\Mozilla Firefox\\firefox.exe","name":"firefox.exe","pid":656},"pid":57424},"user":{"domain":"DOMAIN","name":"Guest"},"winlog":{"channel":"Microsoft-Windows-Sysmon/Operational","computer_name":"WIN-YTBMJW46.domain.local","event_id":1,"provider_name":"Microsoft-Windows-Sysmon","record_id":1749244,"task":"Process creation (rule: ProcessCreate)"}}
{"@timestamp":"2023-09-18T03:14:27.389Z","Details":"C:\\temp\\RS7HZ3FQ.exe","EventID":13,"Image":"C:\\Program Files (x86)\\Microsoft\\Edge\\Application\\msedge.exe","TargetObject":"HKCU\\SOFTWARE\\Microsoft\\Windows\\CurrentVersion\\Run\\498JKRPQDY","agent":{"hostname":"WIN-81YTDURA","type":"winlogbeat","version":"8.5.0"},"ecs":{"version":"8.5.0"},"event":{"action":"Process creation","category":["process"],"code":13,"kind":"event","provider":"Microsoft-Windows-Sysmon","type":["start"]},"host":{"name":"WIN-XU0IEMUZ","os":{"family":"windows","name":"Windows Server 2019","version":"10.0.17763"}},"registry":{"data":{"strings":["C:\\temp\\YA0HKK4I.exe"]},"key":"HKCU\\SOFTWARE\\Microsoft\\Windows\\CurrentVersion\\Run","value":"U0M2THS0N7"},"winlog":{"channel":"Microsoft-Windows-Sysmon/Operational","computer_name":"WIN-ZJZT2RRL.domain.local","event_id":13,"provider_name":"Microsoft-Windows-Sysmon","record_id":7364790,"task":"Process creation (rule: ProcessCreate)"}}
{"@timestamp":"2023-07-22T22:12:15.348Z","Details":"C:\\temp\\RDXSUK26.exe","EventID":13,"Image":"C:\\Windows\\System32\\notepad.exe","TargetObject":"HKCU\\SOFTWARE\\Microsoft\\Windows\\CurrentVersion\\Run\\EC76VQND4E","agent":{"hostname":"WIN-X2D4HMBO","type":"winlogbeat","version":"8.5.0"},"ecs":{"version":"8.5.0"},"event":{"action":"Process creation","category":["process"],"code":13,"kind":"event","provider":"Microsoft-Windows-Sysmon","type":["start"]},"host":{"name":"WIN-QPM4TMOW","os":{"family":"windows","name":"Windows Server 2019","version":"10.0.17763"}},"registry":{"data":{"strings":["C:\\temp\\VQANGHEY.exe"]},"key":"HKCU\\SOFTWARE\\Microsoft\\Windows\\CurrentVersion\\Run","value":"2Y7HU2X5FW"},"winlog":{"channel":"Microsoft-Windows-Sysmon/Operational","computer_name":"WIN-QPNI9NGX.domain.local","event_id":13,"provider_name":"Microsoft-Windows-Sysmon","record_id":6042177,"task":"Process creation (rule: ProcessCreate)"}}
{"@timestamp":"2023-12-08T13:59:48.574Z","EventID":17,"Image":"C:\\Windows\\System32\\taskmgr.exe","PipeName":"\\pipe\\lsarpc","agent":{"hostname":"WIN-99VUGCEN","type":"winlogbeat","version":"8.5.0"},"ecs":{"version":"8.5.0"},"event":{"action":"Process creation","category":["process"],"code":17,"kind":"event","provider":"Microsoft-Windows-Sysmon","type":["start"]},"host":{"name":"WIN-4CU22UCK","os":{"family":"windows","name":"Windows Server 2019","version":"10.0.17763"}},"winlog":{"channel":"Microsoft-Windows-Sysmon/Operational","computer_name":"WIN-WEKKZ00O.domain.local","event_id":17,"provider_name":"Microsoft-Windows-Sysmon","record_id":5919126,"task":"Process creation (rule: ProcessCreate)"}}
{"@timestamp":"2023-03-24T07:48:08.779Z","CommandLine":"C:\\Windows\\System32\\notepad.exe document.txt","EventID":1,"Image":"C:\\Windows\\System32\\notepad.exe","ParentImage":"C:\\Windows\\System32\\cmd.exe","ParentProcessId":742,"ProcessId":17880,"User":"Guest","agent":{"hostname":"WIN-Q4ZB393Z","type":"winlogbeat","version":"8.5.0"},"ecs":{"version":"8.5.0"},"event":{"action":"Process creation","category":["process"],"code":1,"kind":"event","provider":"Microsoft-Windows-Sysmon","type":["start"]},"host":{"name":"WIN-5LTD4QZR","os":{"family":"windows","name":"Windows Server 2019","version":"10.0.17763"}},"process":{"args":["C:\\Windows\\System32\\notepad.exe","document.txt"],"command_line":"C:\\Windows\\System32\\notepad.exe document.txt","executable":"C:\\Windows\\System32\\notepad.exe","name":"notepad.exe","parent":{"executable":"C:\\Windows\\System32\\cmd.exe","name":"cmd.exe","pid":738},"pid":46766},"user":{"domain":"DOMAIN","name":"Guest"},"winlog":{"channel":"Microsoft-Windows-Sysmon/Operational","computer_name":"WIN-SMC8718A.domain.local","event_id":1,"provider_name":"Microsoft-Windows-Sysmon","record_id":1665045,"task":"Process creation (rule: ProcessCreate)"}}
{"@timestamp":"2023-08-10T19:58:38.426Z","CommandLine":"C:\\Windows\\System32\\WindowsPowerShell\\v1.0\\powershell.exe 3NXO9ALLQY","EventID":1,"Image":"C:\\Windows\\System32\\WindowsPowerShell\\v1.0\\powershell.exe","ParentImage":"C:\\Windows\\System32\\rundll32.exe","ParentProcessId":369,"ProcessId":11161,"User":"jane.smith","agent":{"hostname":"WIN-438WCNG5","type":"winlogbeat","version":"8.5.0"},"ecs":{"version":"8.5.0"},"event":{"action":"Process creation","category":["process"],"code":1,"kind":"event","provider":"Microsoft-Windows-Sysmon","type":["start"]},"host":{"name":"WIN-8DAE64MG","os":{"family":"windows","name":"Windows Server 2019","version":"10.0.17763"}},"process":{"args":["C:\\Windows\\System32\\WindowsPowerShell\\v1.0\\powershell.exe","3NXO9ALLQY"],"command_line":"C:\\Windows\\System32\\WindowsPowerShell\\v1.0\\powershell.exe 3NXO9ALLQY","executable":"C:\\Windows\\System32\\WindowsPowerShell\\v1.0\\powershell.exe","name":"powershell.exe","parent":{"executable":"C:\\Windows\\System32\\rundll32.exe","name":"rundll32.exe","pid":672},"pid":12748},"user":{"domain":"DOMAIN","name":"jane.smith"},"winlog":{"channel":"Microsoft-Windows-Sysmon/Operational","computer_name":"WIN-OVCKDSV7.domain.local","event_id":1,"provider_name":"Microsoft-Windows-Sysmon","record_id":2477311,"task":"Process creation (rule: ProcessCreate)"}}
{"@timestamp":"2023-06-28T03:45:17.132Z","CommandLine":"C:\\Windows\\System32\\spoolsv.exe VVIFOKP3T5","EventID":1,"Image":"C:\\Windows\\System32\\spoolsv.exe","ParentImage":"C:\\Windows\\System32\\rundll32.exe","ParentProcessId":177,"ProcessId":37630,"User":"admin","agent":{"hostname":"WIN-8TR7KRU4","type":"winlogbeat","version":"8.5.0"},"ecs":{"version":"8.5.0"},"event":{"action":"Process creation","category":["process"],"code":1,"kind":"event","provider":"Microsoft-Windows-Sysmon","type":["start"]},"host":{"name":"WIN-6GGTXDKW","os":{"family":"windows","name":"Windows Server 2019","version":"10.0.17763"}},"process":{"args":["C:\\Windows\\System32\\spoolsv.exe","VVIFOKP3T5"],"command_line":"C:\\Windows\\System32\\spoolsv.exe VVIFOKP3T5","executable":"C:\\Windows\\System32\\spoolsv.exe","name":"spoolsv.exe","parent":{"executable":"C:\\Windows\\System32\\rundll32.exe","name":"rundll32.exe","pid":971},"pid":44031},"user":{"domain":"DOMAIN","name":"admin"},"winlog":{"channel":"Microsoft-Windows-Sysmon/Operational","computer_name":"WIN-SP83SHUF.domain.local","event_id":1,"provider_name":"Microsoft-Windows-Sysmon","record_id":5934883,"task":"Process creation (rule: ProcessCreate)"}}
{"@timestamp":"2023-04-26T05:24:43.602Z","CommandLine":"C:\\Windows\\System32\\regsvr32.exe 8WUIFBS7H8","EventID":1,"Image":"C:\\Windows\\System32\\regsvr32.exe","ParentImage":"C:\\Windows\\System32\\mshta.exe","ParentProcessId":136,"ProcessId":64950,"User":"admin","agent":{"hostname":"WIN-TJFT15FJ","type":"winlogbeat","version":"8.5.0"},"ecs":{"version":"8.5.0"},"event":{"action":"Process creation","category":["process"],"code":1,"kind":"event","provider":"Microsoft-Windows-Sysmon","type":["start"]},"host":{"name":"WIN-IW5ZC8PI","os":{"family":"windows","name":"Windows Server 2019","version":"10.0.17763"}},"process":{"args":["C:\\Windows\\System32\\regsvr32.exe","8WUIFBS7H8"],"command_line":"C:\\Windows\\System32\\regsvr32.exe 8WUIFBS7H8","executable":"C:\\Windows\\System32\\regsvr32.exe","name":"regsvr32.exe","parent":{"executable":"C:\\Windows\\System32\\mshta.exe","name":"mshta.exe","pid":128},"pid":19405},"user":{"domain":"DOMAIN","name":"admin"},"winlog":{"channel":"Microsoft-Windows-Sysmon/Operational","computer_name":"WIN-S1P623D0.domain.local","event_id":1,"provider_name":"Microsoft-Windows-Sysmon","record_id":7606770,"task":"Process creation (rule: ProcessCreate)"}}
{"@timestamp":"2023-01-03T02:30:19.143Z","CommandLine":"C:\\Windows\\System32\\regsvr32.exe MSVIRUOE3C","EventID":1,"Image":"C:\\Windows\\System32\\regsvr32.exe","ParentImage":"C:\\Windows\\System32\\regsvr32.exe","ParentProcessId":475,"ProcessId":16934,"User":"jane.smith","agent":{"hostname":"WIN-H3VG511I","type":"winlogbeat","version":"8.5.0"},"ecs":{"version":"8.5.0"},"event":{"action":"Process creation","category":["process"],"code":1,"kind":"event","provider":"Microsoft-Windows-Sysmon","type":["start"]},"host":{"name":"WIN-RQBEMTAL","os":{"family":"windows","name":"Windows Server 2019","version":"10.0.17763"}},"process":{"args":["C:\\Windows\\System32\\regsvr32.exe","MSVIRUOE3C"],"command_line":"C:\\Windows\\System32\\regsvr32.exe MSVIRUOE3C","executable":"C:\\Windows\\System32\\regsvr32.exe","name":"regsvr32.exe","parent":{"executable":"C:\\Windows\\System32\\regsvr32.exe","name":"regsvr32.exe","pid":739},"pid":30068},"user":{"domain":"DOMAIN","name":"jane.smith"},"winlog":{"channel":"Microsoft-Windows-Sysmon/Operational","computer_name":"WIN-CYMLM52F.domain.local","event_id":1,"provider_name":"Microsoft-Windows-Sysmon","record_id":7383261,"task":"Process creation (rule: ProcessCreate)"}}
{"@timestamp":"2023-12-25T17:39:48.378Z","CommandLine":"C:\\Windows\\System32\\mshta.exe W0L6EJ2R9S","EventID":1,"Image":"C:\\Windows\\System32\\mshta.exe","ParentImage":"C:\\Program Files\\Mozilla Firefox\\firefox.exe","ParentProcessId":364,"ProcessId":37796,"User":"Guest","agent":{"hostname":"WIN-7XDYXB1G","type":"winlogbeat","version":"8.5.0"},"ecs":{"version":"8.5.0"},"event":{"action":"Process creation","category":["process"],"code":1,"kind":"event","provider":"Microsoft-Windows-Sysmon","type":["start"]},"host":{"name":"WIN-S2O3YD3P","os":{"family":"windows","name":"Windows Server 2019","version":"10.0.17763"}},"process":{"args":["C:\\Windows\\System32\\mshta.exe","W0L6EJ2R9S"],"command_line":"C:\\Windows\\System32\\mshta.exe W0L6EJ2R9S","executable":"C:\\Windows\\System32\\mshta.exe","name":"mshta.exe","parent":{"executable":"C:\\Program Files\\Mozilla Firefox\\firefox.exe","name":"firefox.exe","pid":133},"pid":37394},"user":{"domain":"DOMAIN","name":"Guest"},"winlog":{"channel":"Microsoft-Windows-Sysmon/Operational","computer_name":"WIN-4JFL3AS6.domain.local","event_id":1,"provider_name":"Microsoft-Windows-Sysmon","record_id":8142944,"task":"Process creation (rule: ProcessCreate)"}}
{"@timestamp":"2023-12-16T11:17:59.345Z","Details":"C:\\temp\\0TRGN36T.exe","EventID":13,"Image":"C:\\Windows\\System32\\taskmgr.exe","TargetObject":"HKLM\\SOFTWARE\\Microsoft\\Windows\\CurrentVersion\\Run\\S94YFWPQOK","agent":{"hostname":"WIN-G5YBFRIP","type":"winlogbeat","version":"8.5.0"},"ecs":{"version":"8.5.0"},"event":{"action":"Process creation","category":["process"],"code":13,"kind":"event","provider":"Microsoft-Windows-Sysmon","type":["start"]},"host":{"name":"WIN-ODPXF4H0","os":{"family":"windows","name":"Windows Server 2019","version":"10.0.17763"}},"registry":{"data":{"strings":["C:\\temp\\O7NH6H1L.exe"]},"key":"HKLM\\SOFTWARE\\Microsoft\\Windows\\CurrentVersion\\Run","value":"WXI0744CCU"},"winlog":{"channel":"Microsoft-Windows-Sysmon/Operational","computer_name":"WIN-0WNUHX6T.domain.local","event_id":13,"provider_name":"Microsoft-Windows-Sysmon","record_id":6290631,"task":"Process creation (rule: ProcessCreate)"}}
{"@timestamp":"2023-09-26T04:37:29.565Z","CommandLine":"C:\\Windows\\System32\\lsass.exe 0XQDET70VI","EventID":1,"Image":"C:\\Windows\\System32\\lsass.exe","ParentImage":"C:\\Windows\\System32\\cmd.exe","ParentProcessId":414,"ProcessId":26050,"User":"NT AUTHORITY\\NETWORK SERVICE","agent":{"hostname":"WIN-T78TN0F5","type":"winlogbeat","version":"8.5.0"},"ecs":{"version":"8.5.0"},"event":{"action":"Process creation","category":["process"],"code":1,"kind":"event","provider":"Microsoft-Windows-Sysmon","type":["start"]},"host":{"name":"WIN-LTJW5WVR","os":{"family":"windows","name":"Windows Server 2019","version":"10.0.17763"}},"process":{"args":["C:\\Windows\\System32\\lsass.exe","0XQDET70VI"],"command_line":"C:\\Windows\\System32\\lsass.exe 0XQDET70VI","executable":"C:\\Windows\\System32\\lsass.exe","name":"lsass.exe","parent":{"executable":"C:\\Windows\\System32\\cmd.exe","name":"cmd.exe","pid":221},"pid":32503},"user":{"domain":"NT AUTHORITY","name":"NT AUTHORITY\\NETWORK SERVICE"},"winlog":{"channel":"Microsoft-Windows-Sysmon/Operational","computer_name":"WIN-XJLQ2VV6.domain.local","event_id":1,"provider_name":"Microsoft-Windows-Sysmon","record_id":1176946,"task":"Process creation (rule: ProcessCreate)"}}
{"@timestamp":"2023-09-26T21:37:29.972Z","CommandLine":"C:\\Windows\\System32\\calc.exe RB20RV40QL","EventID":1,"Image":"C:\\Windows\\System32\\calc.exe","ParentImage":"C:\\Windows\\System32\\lsass.exe","ParentProcessId":724,"ProcessId":37200,"User":"DefaultAccount","agent":{"hostname":"WIN-X9QPT55V","type":"winlogbeat","version":"8.5.0"},"ecs":{"version":"8.5.0"},"event":{"action":"Process creation","category":["process"],"code":1,"kind":"event","provider":"Microsoft-Windows-Sysmon","type":["start"]},"host":{"name":"WIN-SIGNTNAW","os":{"family":"windows","name":"Windows Server 2019","version":"10.0.17763"}},"process":{"args":["C:\\Windows\\System32\\calc.exe","RB20RV40QL"],"command_line":"C:\\Windows\\System32\\calc.exe RB20RV40QL","executable":"C:\\Windows\\System32\\calc.exe","name":"calc.exe","parent":{"executable":"C:\\Windows\\System32\\lsass.exe","name":"lsass.exe","pid":436},"pid":21984},"user":{"domain":"DOMAIN","name":"DefaultAccount"},"winlog":{"channel":"Microsoft-Windows-Sysmon/Operational","computer_name":"WIN-HS9W7TJX.domain.local","event_id":1,"provider_name":"Microsoft-Windows-Sysmon","record_id":4635690,"task":"Process creation (rule: ProcessCreate)"}}
{"@timestamp":"2023-02-02T14:59:18.159Z","CommandLine":"C:\\Windows\\System32\\calc.exe 9GYW1QVNBY","EventID":1,"Image":"C:\\Windows\\System32\\calc.exe","ParentImage":"C:\\Windows\\System32\\WindowsPowerShell\\v1.0\\powershell.exe","ParentProcessId":529,"ProcessId":38258,"User":"NT AUTHORITY\\NETWORK SERVICE","agent":{"hostname":"WIN-BRGTQHY7","type":"winlogbeat","version":"8.5.0"},"ecs":{"version":"8.5.0"},"event":{"action":"Process creation","category":["process"],"code":1,"kind":"event","provider":"Microsoft-Windows-Sysmon","type":["start"]},"host":{"name":"WIN-MQ3WG7OI","os":{"family":"windows","name":"Windows Server 2019","version":"10.0.17763"}},"process":{"args":["C:\\Windows\\System32\\calc.exe","9GYW1QVNBY"],"command_line":"C:\\Windows\\System32\\calc.exe 9GYW1QVNBY","executable":"C:\\Windows\\System32\\calc.exe","name":"calc.exe","parent":{"executable":"C:\\Windows\\System32\\WindowsPowerShell\\v1.0\\powershell.exe","name":"powershell.exe","pid":657},"pid":63098},"user":{"domain":"NT AUTHORITY","name":"NT AUTHORITY\\NETWORK SERVICE"},"winlog":{"channel":"Microsoft-Windows-Sysmon/Operational","computer_name":"WIN-6330E6EK.domain.local","event_id":1,"provider_name":"Microsoft-Windows-Sysmon","record_id":2572691,"task":"Process creation (rule: ProcessCreate)"}}
{"@timestamp":"2023-09-27T19:06:17.623Z","CommandLine":"C:\\Windows\\System32\\cscript.exe QB4IXVA93Z","EventID":1,"Image":"C:\\Windows\\System32\\cscript.exe","ParentImage":"C:\\Windows\\System32\\services.exe","ParentProcessId":657,"ProcessId":49183,"User":"Administrator","agent":{"hostname":"WIN-30YK8K41","type":"winlogbeat","version":"8.5.0"},"ecs":{"version":"8.5.0"},"event":{"action":"Process creation","category":["process"],"code":1,"kind":"event","provider":"Microsoft-Windows-Sysmon","type":["start"]},"host":{"name":"WIN-SFW3M2AC","os":{"family":"windows","name":"Windows Server 2019","version":"10.0.17763"}},"process":{"args":["C:\\Windows\\System32\\cscript.exe","QB4IXVA93Z"],"command_line":"C:\\Windows\\System32\\cscript.exe QB4IXVA93Z","executable":"C:\\Windows\\System32\\cscript.exe","name":"cscript.exe","parent":{"executable":"C:\\Windows\\System32\\services.exe","name":"services.exe","pid":556},"pid":41119},"user":{"domain":"DOMAIN","name":"Administrator"},"winlog":{"channel":"Microsoft-Windows-Sysmon/Operational","computer_name":"WIN-KK5V6YDY.domain.local","event_id":1,"provider_name":"Microsoft-Windows-Sysmon","record_id":2383081,"task":"Process creation (rule: ProcessCreate)"}}
{"@timestamp":"2023-10-14T17:27:31.840Z","CommandLine":"C:\\Windows\\System32\\cscript.exe NNP6HKX36J","EventID":1,"Image":"C:\\Windows\\System32\\cscript.exe","ParentImage":"C:\\Windows\\System32\\notepad.exe","ParentProcessId":286,"ProcessId":22384,"User":"Guest","agent":{"hostname":"WIN-P19VC1O5","type":"winlogbeat","version":"8.5.0"},"ecs":{"version":"8.5.0"},"event":{"action":"Process creation","category":["process"],"code":1,"kind":"event","provider":"Microsoft-Windows-Sysmon","type":["start"]},"host":{"name":"WIN-QVWICPJH","os":{"family":"windows","name":"Windows Server 2019","version":"10.0.17763"}},"process":{"args":["C:\\Windows\\System32\\cscript.exe","NNP6HKX36J"],"command_line":"C:\\Windows\\System32\\cscript.exe NNP6HKX36J","executable":"C:\\Windows\\System32\\cscript.exe","name":"cscript.exe","parent":{"executable":"C:\\Windows\\System32\\notepad.exe","name":"notepad.exe","pid":691},"pid":57244},"user":{"domain":"DOMAIN","name":"Guest"},"winlog":{"channel":"Microsoft-Windows-Sysmon/Operational","computer_name":"WIN-N4K3K7R4.domain.local","event_id":1,"provider_name":"Microsoft-Windows-Sysmon","record_id":7886133,"task":"Process creation (rule: ProcessCreate)"}}
{"@timestamp":"2023-04-21T03:50:50.775Z","CommandLine":"C:\\Windows\\System32\\wscript.exe Y4LZGGH2QC","EventID":1,"Image":"C:\\Windows\\System32\\wscript.exe","ParentImage":"C:\\Windows\\System32\\WindowsPowerShell\\v1.0\\powershell.exe","ParentProcessId":907,"ProcessId":64073,"User":"admin","agent":{"hostname":"WIN-XMGJ3RW1","type":"winlogbeat","version":"8.5.0"},"ecs":{"version":"8.5.0"},"event":{"action":"Process creation","category":["process"],"code":1,"kind":"event","provider":"Microsoft-Windows-Sysmon","type":["start"]},"host":{"name":"WIN-T39032VE","os":{"family":"windows","name":"Windows Server 2019","version":"10.0.17763"}},"process":{"args":["C:\\Windows\\System32\\wscript.exe","Y4LZGGH2QC"],"command_line":"C:\\Windows\\System32\\wscript.exe Y4LZGGH2QC","executable":"C:\\Windows\\System32\\wscript.exe","name":"wscript.exe","parent":{"executable":"C:\\Windows\\System32\\WindowsPowerShell\\v1.0\\powershell.exe","name":"powershell.exe","pid":160},"pid":29130},"user":{"domain":"DOMAIN","name":"admin"},"winlog":{"channel":"Microsoft-Windows-Sysmon/Operational","computer_name":"WIN-YI50USO5.domain.local","event_id":1,"provider_name":"Microsoft-Windows-Sysmon","record_id":2195088,"task":"Process creation (rule: ProcessCreate)"}}
{"@timestamp":"2023-10-19T18:48:16.100Z","CommandLine":"C:\\Windows\\System32\\lsass.exe DU39D1K35C","EventID":1,"Image":"C:\\Windows\\System32\\lsass.exe","ParentImage":"C:\\Windows\\System32\\wscript.exe","ParentProcessId":369,"ProcessId":25139,"User":"NT AUTHORITY\\SYSTEM","agent":{"hostname":"WIN-JWRH6T7X","type":"winlogbeat","version":"8.5.0"},"ecs":{"version":"8.5.0"},"event":{"action":"Process creation","category":["process"],"code":1,"kind":"event","provider":"Microsoft-Windows-Sysmon","type":["start"]},"host":{"name":"WIN-IXCMTZQG","os":{"family":"windows","name":"Windows Server 2019","version":"10.0.17763"}},"process":{"args":["C:\\Windows\\System32\\lsass.exe","DU39D1K35C"],"command_line":"C:\\Windows\\System32\\lsass.exe DU39D1K35C","executable":"C:\\Windows\\System32\\lsass.exe","name":"lsass.exe","parent":{"executable":"C:\\Windows\\System32\\wscript.exe","name":"wscript.exe","pid":461},"pid":44029},"user":{"domain":"NT AUTHORITY","name":"NT AUTHORITY\\SYSTEM"},"winlog":{"channel":"Microsoft-Windows-Sysmon/Operational","computer_name":"WIN-WSFE723M.domain.local","event_id":1,"provider_name":"Microsoft-Windows-Sysmon","record_id":6472396,"task":"Process creation (rule: ProcessCreate)"}}
{"@timestamp":"2023-07-04T22:51:53.565Z","CommandLine":"C:\\Windows\\System32\\taskmgr.exe 52II38II9A","EventID":1,"Image":"C:\\Windows\\System32\\taskmgr.exe","ParentImage":"C:\\Windows\\System32\\explorer.exe","ParentProcessId":537,"ProcessId":61215,"User":"user","agent":{"hostname":"WIN-QY0NOJTK","type":"winlogbeat","version":"8.5.0"},"ecs":{"version":"8.5.0"},"event":{"action":"Process creation","category":["process"],"code":1,"kind":"event","provider":"Microsoft-Windows-Sysmon","type":["start"]},"host":{"name":"WIN-D039KG04","os":{"family":"windows","name":"Windows Server 2019","version":"10.0.17763"}},"process":{"args":["C:\\Windows\\System32\\taskmgr.exe","52II38II9A"],"command_line":"C:\\Windows\\System32\\taskmgr.exe 52II38II9A","executable":"C:\\Windows\\System32\\taskmgr.exe","name":"taskmgr.exe","parent":{"executable":"C:\\Windows\\System32\\explorer.exe","name":"explorer.exe","pid":424},"pid":18789},"user":{"domain":"DOMAIN","name":"user"},"winlog":{"channel":"Microsoft-Windows-Sysmon/Operational","computer_name":"WIN-VMZFU7KG.domain.local","event_id":1,"provider_name":"Microsoft-Windows-Sysmon","record_id":1225328,"task":"Process creation (rule: ProcessCreate)"}}
