{"@timestamp":"2023-06-02T17:12:26.910Z","Details":"C:\\temp\\7DMEQJ6T.exe","EventID":13,"Image":"C:\\Windows\\System32\\svchost.exe","TargetObject":"HKLM\\SOFTWARE\\Classes\\exefile\\shell\\open\\command\\BZWKQV9SWU","agent":{"hostname":"WIN-3P49ZVVR","type":"winlogbeat","version":"8.5.0"},"ecs":{"version":"8.5.0"},"event":{"action":"Process creation","category":["process"],"code":13,"kind":"event","provider":"Microsoft-Windows-Sysmon","type":["start"]},"host":{"name":"WIN-Z1H66A8C","os":{"family":"windows","name":"Windows Server 2019","version":"10.0.17763"}},"registry":{"data":{"strings":["C:\\temp\\MLW7CV3N.exe"]},"key":"HKLM\\SOFTWARE\\Classes\\exefile\\shell\\open\\command","value":"ETS779IFTW"},"winlog":{"channel":"Microsoft-Windows-Sysmon/Operational","computer_name":"WIN-L4HBN6SC.domain.local","event_id":13,"provider_name":"Microsoft-Windows-Sysmon","record_id":4205866,"task":"Process creation (rule: ProcessCreate)"}}
{"@timestamp":"2023-10-20T18:03:22.205Z","CommandLine":"C:\\Windows\\System32\\regsvr32.exe 6PLWTAPQN6","EventID":1,"Image":"C:\\Windows\\System32\\regsvr32.exe","ParentImage":"C:\\Program Files\\Mozilla Firefox\\firefox.exe","ParentProcessId":869,"ProcessId":27257,"User":"DefaultAccount","agent":{"hostname":"WIN-HKJ2YDT3","type":"winlogbeat","version":"8.5.0"},"ecs":{"version":"8.5.0"},"event":{"action":"Process creation","category":["process"],"code":1,"kind":"event","provider":"Microsoft-Windows-Sysmon","type":["start"]},"host":{"name":"WIN-NE10SQFM","os":{"family":"windows","name":"Windows Server 2019","version":"10.0.17763"}},"process":{"args":["C:\\Windows\\System32\\regsvr32.exe","6PLWTAPQN6"],"command_line":"C:\\Windows\\System32\\regsvr32.exe 6PLWTAPQN6","executable":"C:\\Windows\\System32\\regsvr32.exe","name":"regsvr32.exe","parent":{"executable":"C:\\Program Files\\Mozilla Firefox\\firefox.exe","name":"firefox.exe","pid":317},"pid":15511},"user":{"domain":"DOMAIN","name":"DefaultAccount"},"winlog":{"channel":"Microsoft-Windows-Sysmon/Operational","computer_name":"WIN-0CW3R2GN.domain.local","event_id":1,"provider_name":"Microsoft-Windows-Sysmon","record_id":4484512,"task":"Process creation (rule: ProcessCreate)"}}
{"@timestamp":"2023-02-18T05:58:29.658Z","CommandLine":"C:\\Windows\\System32\\services.exe 7WU225H215","EventID":1,"Image":"C:\\Windows\\System32\\services.exe","ParentImage":"C:\\Program Files\\Google\\Chrome\\Application\\chrome.exe","ParentProcessId":971,"ProcessId":11684,"User":"SYSTEM","agent":{"hostname":"WIN-XY0ATD9Z","type":"winlogbeat","version":"8.5.0"},"ecs":{"version":"8.5.0"},"event":{"action":"Process creation","category":["process"],"code":1,"kind":"event","provider":"Microsoft-Windows-Sysmon","type":["start"]},"host":{"name":"WIN-MX9RZ57Z","os":{"family":"windows","name":"Windows Server 2019","version":"10.0.17763"}},"process":{"args":["C:\\Windows\\System32\\services.exe","7WU225H215"],"command_line":"C:\\Windows\\System32\\services.exe 7WU225H215","executable":"C:\\Windows\\System32\\services.exe","name":"services.exe","parent":{"executable":"C:\\Program Files\\Google\\Chrome\\Application\\chrome.exe","name":"chrome.exe","pid":686},"pid":30750},"user":{"domain":"DOMAIN","name":"SYSTEM"},"winlog":{"channel":"Microsoft-Windows-Sysmon/Operational","computer_name":"WIN-5S25PGZL.domain.local","event_id":1,"provider_name":"Microsoft-Windows-Sysmon","record_id":5539954,"task":"Process creation (rule: ProcessCreate)"}}
{"@timestamp":"2023-08-18T01:11:02.943Z","CommandLine":"C:\\Windows\\System32\\wscript.exe AZWERDA4I5","EventID":1,"Image":"C:\\Windows\\System32\\wscript.exe","ParentImage":"C:\\Windows\\System32\\wscript.exe","ParentProcessId":357,"ProcessId":21862,"User":"NT AUTHORITY\\NETWORK SERVICE","agent":{"hostname":"WIN-SI4WCTOV","type":"winlogbeat","version":"8.5.0"},"ecs":{"version":"8.5.0"},"event":{"action":"Process creation","category":["process"],"code":1,"kind":"event","provider":"Microsoft-Windows-Sysmon","type":["start"]},"host":{"name":"WIN-PPZ91NMT","os":{"family":"windows","name":"Windows Server 2019","version":"10.0.17763"}},"process":{"args":["C:\\Windows\\System32\\wscript.exe","AZWERDA4I5"],"command_line":"C:\\Windows\\System32\\wscript.exe AZWERDA4I5","executable":"C:\\Windows\\System32\\wscript.exe","name":"wscript.exe","parent":{"executable":"C:\\Windows\\System32\\wscript.exe","name":"wscript.exe","pid":588},"pid":37493},"user":{"domain":"NT AUTHORITY","name":"NT AUTHORITY\\NETWORK SERVICE"},"winlog":{"channel":"Microsoft-Windows-Sysmon/Operational","computer_name":"WIN-R0FEO38C.domain.local","event_id":1,"provider_name":"Microsoft-Windows-Sysmon","record_id":5615065,"task":"Process creation (rule: ProcessCreate)"}}
{"@timestamp":"2023-02-16T10:53:29.703Z","CommandLine":"C:\\Windows\\System32\\explorer.exe","EventID":1,"Image":"C:\\Windows\\System32\\explorer.exe","ParentImage":"C:\\Windows\\System32\\notepad.exe","ParentProcessId":647,"ProcessId":31454,"User":"NT AUTHORITY\\LOCAL SERVICE","agent":{"hostname":"WIN-5AAOSY03","type":"winlogbeat","version":"8.5.0"},"ecs":{"version":"8.5.0"},"event":{"action":"Process creation","category":["process"],"code":1,"kind":"event","provider":"Microsoft-Windows-Sysmon","type":["start"]},"host":{"name":"WIN-PIZVZZSI","os":{"family":"windows","name":"Windows Server 2019","version":"10.0.17763"}},"process":{"args":["C:\\Windows\\System32\\explorer.exe"],"command_line":"C:\\Windows\\System32\\explorer.exe","executable":"C:\\Windows\\System32\\explorer.exe","name":"explorer.exe","parent":{"executable":"C:\\Windows\\System32\\notepad.exe","name":"notepad.exe","pid":960},"pid":27603},"user":{"domain":"NT AUTHORITY","name":"NT AUTHORITY\\LOCAL SERVICE"},"winlog":{"channel":"Microsoft-Windows-Sysmon/Operational","computer_name":"WIN-9DYTAXJW.domain.local","event_id":1,"provider_name":"Microsoft-Windows-Sysmon","record_id":7961510,"task":"Process creation (rule: ProcessCreate)"}}
{"@timestamp":"2023-01-15T18:11:17.274Z","CommandLine":"C:\\Windows\\System32\\spoolsv.exe FCNQPILLF0","EventID":1,"Image":"C:\\Windows\\System32\\spoolsv.exe","ParentImage":"C:\\Windows\\System32\\lsass.exe","ParentProcessId":473,"ProcessId":30298,"User":"Administrator","agent":{"hostname":"WIN-QBV4JLMM","type":"winlogbeat","version":"8.5.0"},"ecs":{"version":"8.5.0"},"event":{"action":"Process creation","category":["process"],"code":1,"kind":"event","provider":"Microsoft-Windows-Sysmon","type":["start"]},"host":{"name":"WIN-A3UA7RQ4","os":{"family":"windows","name":"Windows Server 2019","version":"10.0.17763"}},"process":{"args":["C:\\Windows\\System32\\spoolsv.exe","FCNQPILLF0"],"command_line":"C:\\Windows\\System32\\spoolsv.exe FCNQPILLF0","executable":"C:\\Windows\\System32\\spoolsv.exe","name":"spoolsv.exe","parent":{"executable":"C:\\Windows\\System32\\lsass.exe","name":"lsass.exe","pid":312},"pid":41764},"user":{"domain":"DOMAIN","name":"Administrator"},"winlog":{"channel":"Microsoft-Windows-Sysmon/Operational","computer_name":"WIN-1WXX8RB1.domain.local","event_id":1,"provider_name":"Microsoft-Windows-Sysmon","record_id":1148222,"task":"Process creation (rule: ProcessCreate)"}}
{"@timestamp":"2023-04-24T09:09:10.455Z","Details":"C:\\temp\\DTH4MF0W.exe","EventID":13,"Image":"C:\\Windows\\System32\\calc.exe","TargetObject":"HKLM\\SYSTEM\\CurrentControlSet\\Services\\VFDHH7JVH0","agent":{"hostname":"WIN-RIXJCPVQ","type":"winlogbeat","version":"8.5.0"},"ecs":{"version":"8.5.0"},"event":{"action":"Process creation","category":["process"],"code":13,"kind":"event","provider":"Microsoft-Windows-Sysmon","type":["start"]},"host":{"name":"WIN-GR27HBSN","os":{"family":"windows","name":"Windows Server 2019","version":"10.0.17763"}},"registry":{"data":{"strings":["C:\\temp\\OSGCWRYB.exe"]},"key":"HKLM\\SYSTEM\\CurrentControlSet\\Services","value":"SDYB1G3OLQ"},"winlog":{"channel":"Microsoft-Windows-Sysmon/Operational","computer_name":"WIN-7CROPALQ.domain.local","event_id":13,"provider_name":"Microsoft-Windows-Sysmon","record_id":8007959,"task":"Process creation (rule: ProcessCreate)"}}
{"@timestamp":"2023-05-09T11:29:23.294Z","Details":"C:\\temp\\1JQBQBUV.exe","EventID":13,"Image":"C:\\Windows\\System32\\lsass.exe","TargetObject":"HKLM\\SOFTWARE\\Classes\\exefile\\shell\\open\\command\\VG8JMEE5D7","agent":{"hostname":"WIN-3EBMS8TK","type":"winlogbeat","version":"8.5.0"},"ecs":{"version":"8.5.0"},"event":{"action":"Process creation","category":["process"],"code":13,"kind":"event","provider":"Microsoft-Windows-Sysmon","type":["start"]},"host":{"name":"WIN-YSVV98NM","os":{"family":"windows","name":"Windows Server 2019","version":"10.0.17763"}},"registry":{"data":{"strings":["C:\\temp\\FJOPZRZ6.exe"]},"key":"HKLM\\SOFTWARE\\Classes\\exefile\\shell\\open\\command","value":"IERXX9DYW2"},"winlog":{"channel":"Microsoft-Windows-Sysmon/Operational","computer_name":"WIN-65U4J3AL.domain.local","event_id":13,"provider_name":"Microsoft-Windows-Sysmon","record_id":8215781,"task":"Process creation (rule: ProcessCreate)"}}
{"@timestamp":"2023-12-05T00:40:28.476Z","EventID":17,"Image":"C:\\Windows\\System32\\cscript.exe","PipeName":"\\pipe\\MSCTF.Server.C0B7DWDMKXDMQ6PQ85WVPXOOBI9WIA2CZH0Z","agent":{"hostname":"WIN-TUV8CIRA","type":"winlogbeat","version":"8.5.0"},"ecs":{"version":"8.5.0"},"event":{"action":"Process creation","category":["process"],"code":17,"kind":"event","provider":"Microsoft-Windows-Sysmon","type":["start"]},"host":{"name":"WIN-1NL6XHN0","os":{"family":"windows","name":"Windows Server 2019","version":"10.0.17763"}},"winlog":{"channel":"Microsoft-Windows-Sysmon/Operational","computer_name":"WIN-WYTH4W2E.domain.local","event_id":17,"provider_name":"Microsoft-Windows-Sysmon","record_id":9902789,"task":"Process creation (rule: ProcessCreate)"}}
{"@timestamp":"2023-02-06T06:22:38.835Z","CommandLine":"C:\\Windows\\System32\\cscript.exe LFQGHZGCTA","EventID":1,"Image":"C:\\Windows\\System32\\cscript.exe","ParentImage":"C:\\Program Files\\Mozilla Firefox\\firefox.exe","ParentProcessId":354,"ProcessId":51663,"User":"john.doe","agent":{"hostname":"WIN-NXB4XT6C","type":"winlogbeat","version":"8.5.0"},"ecs":{"version":"8.5.0"},"event":{"action":"Process creation","category":["process"],"code":1,"kind":"event","provider":"Microsoft-Windows-Sysmon","type":["start"]},"host":{"name":"WIN-IBGVJH5S","os":{"family":"windows","name":"Windows Server 2019","version":"10.0.17763"}},"process":{"args":["C:\\Windows\\System32\\cscript.exe","LFQGHZGCTA"],"command_line":"C:\\Windows\\System32\\cscript.exe LFQGHZGCTA","executable":"C:\\Windows\\System32\\cscript.exe","name":"cscript.exe","parent":{"executable":"C:\\Program Files\\Mozilla Firefox\\firefox.exe","name":"firefox.exe","pid":387},"pid":9184},"user":{"domain":"DOMAIN","name":"john.doe"},"winlog":{"channel":"Microsoft-Windows-Sysmon/Operational","computer_name":"WIN-KIHT83SC.domain.local","event_id":1,"provider_name":"Microsoft-Windows-Sysmon","record_id":1076652,"task":"Process creation (rule: ProcessCreate)"}}
{"@timestamp":"2023-12-13T18:12:09.467Z","CommandLine":"C:\\Windows\\System32\\wininit.exe XUV7X56A7C","EventID":1,"Image":"C:\\Windows\\System32\\wininit.exe","ParentImage":"C:\\Windows\\System32\\wininit.exe","ParentProcessId":861,"ProcessId":58069,"User":"user","agent":{"hostname":"WIN-5IYDSSPI","type":"winlogbeat","version":"8.5.0"},"ecs":{"version":"8.5.0"},"event":{"action":"Process creation","category":["process"],"code":1,"kind":"event","provider":"Microsoft-Windows-Sysmon","type":["start"]},"host":{"name":"WIN-M4LG22R5","os":{"family":"windows","name":"Windows Server 2019","version":"10.0.17763"}},"process":{"args":["C:\\Windows\\System32\\wininit.exe","XUV7X56A7C"],"command_line":"C:\\Windows\\System32\\wininit.exe XUV7X56A7C","executable":"C:\\Windows\\System32\\wininit.exe","name":"wininit.exe","parent":{"executable":"C:\\Windows\\System32\\wininit.exe","name":"wininit.exe","pid":554},"pid":52176},"user":{"domain":"DOMAIN","name":"user"},"winlog":{"channel":"Microsoft-Windows-Sysmon/Operational","computer_name":"WIN-ITYFID4Q.domain.local","event_id":1,"provider_name":"Microsoft-Windows-Sysmon","record_id":7980891,"task":"Process creation (rule: ProcessCreate)"}}
{"@timestamp":"2023-02-21T10:50:21.356Z","CommandLine":"C:\\Windows\\System32\\services.exe 5YXNKGX699","EventID":1,"Image":"C:\\Windows\\System32\\services.exe","ParentImage":"C:\\Windows\\System32\\notepad.exe","ParentProcessId":714,"ProcessId":47219,"User":"SYSTEM","agent":{"hostname":"WIN-8T9JN63R","type":"winlogbeat","version":"8.5.0"},"ecs":{"version":"8.5.0"},"event":{"action":"Process creation","category":["process"],"code":1,"kind":"event","provider":"Microsoft-Windows-Sysmon","type":["start"]},"host":{"name":"WIN-0OUGA8Z7","os":{"family":"windows","name":"Windows Server 2019","version":"10.0.17763"}},"process":{"args":["C:\\Windows\\System32\\services.exe","5YXNKGX699"],"command_line":"C:\\Windows\\System32\\services.exe 5YXNKGX699","executable":"C:\\Windows\\System32\\services.exe","name":"services.exe","parent":{"executable":"C:\\Windows\\System32\\notepad.exe","name":"notepad.exe","pid":514},"pid":59634},"user":{"domain":"DOMAIN","name":"SYSTEM"},"winlog":{"channel":"Microsoft-Windows-Sysmon/Operational","computer_name":"WIN-LQPICKEQ.domain.local","event_id":1,"provider_name":"Microsoft-Windows-Sysmon","record_id":4480728,"task":"Process creation (rule: ProcessCreate)"}}
{"@timestamp":"2023-01-21T19:48:02.633Z","EventID":17,"Image":"C:\\Windows\\System32\\taskmgr.exe","PipeName":"\\pipe\\lsarpc","agent":{"hostname":"WIN-42O14JLP","type":"winlogbeat","version":"8.5.0"},"ecs":{"version":"8.5.0"},"event":{"action":"Process creation","category":["process"],"code":17,"kind":"event","provider":"Microsoft-Windows-Sysmon","type":["start"]},"host":{"name":"WIN-Q61S7UIY","os":{"family":"windows","name":"Windows Server 2019","version":"10.0.17763"}},"winlog":{"channel":"Microsoft-Windows-Sysmon/Operational","computer_name":"WIN-HXNONX7Y.domain.local","event_id":17,"provider_name":"Microsoft-Windows-Sysmon","record_id":2541267,"task":"Process creation (rule: ProcessCreate)"}}
{"@timestamp":"2023-06-08T01:28:22.681Z","CommandLine":"C:\\Windows\\System32\\WindowsPowerShell\\v1.0\\powershell.exe 39SDGDRY7P","EventID":1,"Image":"C:\\Windows\\System32\\WindowsPowerShell\\v1.0\\powershell.exe","ParentImage":"C:\\Windows\\System32\\notepad.exe","ParentProcessId":672,"ProcessId":4692,"User":"Administrator","agent":{"hostname":"WIN-PY2VW1E3","type":"winlogbeat","version":"8.5.0"},"ecs":{"version":"8.5.0"},"event":{"action":"Process creation","category":["process"],"code":1,"kind":"event","provider":"Microsoft-Windows-Sysmon","type":["start"]},"host":{"name":"WIN-KVKHSNLI","os":{"family":"windows","name":"Windows Server 2019","version":"10.0.17763"}},"process":{"args":["C:\\Windows\\System32\\WindowsPowerShell\\v1.0\\powershell.exe","39SDGDRY7P"],"command_line":"C:\\Windows\\System32\\WindowsPowerShell\\v1.0\\powershell.exe 39SDGDRY7P","executable":"C:\\Windows\\System32\\WindowsPowerShell\\v1.0\\powershell.exe","name":"powershell.exe","parent":{"executable":"C:\\Windows\\System32\\notepad.exe","name":"notepad.exe","pid":209},"pid":47491},"user":{"domain":"DOMAIN","name":"Administrator"},"winlog":{"channel":"Microsoft-Windows-Sysmon/Operational","computer_name":"WIN-JMHNF6T6.domain.local","event_id":1,"provider_name":"Microsoft-Windows-Sysmon","record_id":4690190,"task":"Process creation (rule: ProcessCreate)"}}
{"@timestamp":"2023-01-16T16:41:26.959Z","EventID":17,"Image":"C:\\Windows\\System32\\svchost.exe","PipeName":"\\pipe\\MSCTF.Server.PXW9LBB3XD6LQMTCLF7MMEUR7APLLRJABM02","agent":{"hostname":"WIN-50WP84KQ","type":"winlogbeat","version":"8.5.0"},"ecs":{"version":"8.5.0"},"event":{"action":"Process creation","category":["process"],"code":17,"kind":"event","provider":"Microsoft-Windows-Sysmon","type":["start"]},"host":{"name":"WIN-RE4FW6YZ","os":{"family":"windows","name":"Windows Server 2019","version":"10.0.17763"}},"winlog":{"channel":"Microsoft-Windows-Sysmon/Operational","computer_name":"WIN-6RMGKDQZ.domain.local","event_id":17,"provider_name":"Microsoft-Windows-Sysmon","record_id":4097438,"task":"Process creation (rule: ProcessCreate)"}}
{"@timestamp":"2023-03-15T13:48:38.745Z","CommandLine":"C:\\Windows\\System32\\cmd.exe P1PIR5E58Y","EventID":1,"Image":"C:\\Windows\\System32\\cmd.exe","ParentImage":"C:\\Windows\\System32\\winlogon.exe","ParentProcessId":953,"ProcessId":53678,"User":"user","agent":{"hostname":"WIN-ACOZXOYG","type":"winlogbeat","version":"8.5.0"},"ecs":{"version":"8.5.0"},"event":{"action":"Process creation","category":["process"],"code":1,"kind":"event","provider":"Microsoft-Windows-Sysmon","type":["start"]},"host":{"name":"WIN-J3RF15DK","os":{"family":"windows","name":"Windows Server 2019","version":"10.0.17763"}},"process":{"args":["C:\\Windows\\System32\\cmd.exe","P1PIR5E58Y"],"command_line":"C:\\Windows\\System32\\cmd.exe P1PIR5E58Y","executable":"C:\\Windows\\System32\\cmd.exe","name":"cmd.exe","parent":{"executable":"C:\\Windows\\System32\\winlogon.exe","name":"winlogon.exe","pid":915},"pid":10408},"user":{"domain":"DOMAIN","name":"user"},"winlog":{"channel":"Microsoft-Windows-Sysmon/Operational","computer_name":"WIN-Y1VWIS2P.domain.local","event_id":1,"provider_name":"Microsoft-Windows-Sysmon","record_id":9650931,"task":"Process creation (rule: ProcessCreate)"}}
{"@timestamp":"2023-03-26T22:22:08.852Z","CommandLine":"C:\\Windows\\System32\\powershell.exe 18OTGZ7FEY","EventID":1,"Image":"C:\\Windows\\System32\\powershell.exe","ParentImage":"C:\\Windows\\System32\\mshta.exe","ParentProcessId":539,"ProcessId":4163,"User":"SYSTEM","agent":{"hostname":"WIN-5PDNQUE6","type":"winlogbeat","version":"8.5.0"},"ecs":{"version":"8.5.0"},"event":{"action":"Process creation","category":["process"],"code":1,"kind":"event","provider":"Microsoft-Windows-Sysmon","type":["start"]},"host":{"name":"WIN-T8JMGE5X","os":{"family":"windows","name":"Windows Server 2019","version":"10.0.17763"}},"process":{"args":["C:\\Windows\\System32\\powershell.exe","18OTGZ7FEY"],"command_line":"C:\\Windows\\System32\\powershell.exe 18OTGZ7FEY","executable":"C:\\Windows\\System32\\powershell.exe","name":"powershell.exe","parent":{"executable":"C:\\Windows\\System32\\mshta.exe","name":"mshta.exe","pid":931},"pid":56905},"user":{"domain":"DOMAIN","name":"SYSTEM"},"winlog":{"channel":"Microsoft-Windows-Sysmon/Operational","computer_name":"WIN-9DYN3D0E.domain.local","event_id":1,"provider_name":"Microsoft-Windows-Sysmon","record_id":3110324,"task":"Process creation (rule: ProcessCreate)"}}
{"@timestamp":"2023-06-01T03:24:13.943Z","Details":"C:\\temp\\DHWP7RG2.exe","EventID":13,"Image":"C:\\Windows\\System32\\svchost.exe","TargetObject":"HKLM\\SYSTEM\\CurrentControlSet\\Services\\TEJLN8SE0N","agent":{"hostname":"WIN-398GKK5I","type":"winlogbeat","version":"8.5.0"},"ecs":{"version":"8.5.0"},"event":{"action":"Process creation","category":["process"],"code":13,"kind":"event","provider":"Microsoft-Windows-Sysmon","type":["start"]},"host":{"name":"WIN-7OTX8HES","os":{"family":"windows","name":"Windows Server 2019","version":"10.0.17763"}},"registry":{"data":{"strings":["C:\\temp\\6265TQIG.exe"]},"key":"HKLM\\SYSTEM\\CurrentControlSet\\Services","value":"09FYSIIOA9"},"winlog":{"channel":"Microsoft-Windows-Sysmon/Operational","computer_name":"WIN-TGTDRQ0M.domain.local","event_id":13,"provider_name":"Microsoft-Windows-Sysmon","record_id":9878425,"task":"Process creation (rule: ProcessCreate)"}}
{"@timestamp":"2023-03-22T20:16:14.675Z","CommandLine":"C:\\Program Files\\Mozilla Firefox\\firefox.exe 3D49U6NHQ1","EventID":1,"Image":"C:\\Program Files\\Mozilla Firefox\\firefox.exe","ParentImage":"C:\\Windows\\System32\\powershell.exe","ParentProcessId":797,"ProcessId":48145,"User":"Administrator","agent":{"hostname":"WIN-3LS84AI0","type":"winlogbeat","version":"8.5.0"},"ecs":{"version":"8.5.0"},"event":{"action":"Process creation","category":["process"],"code":1,"kind":"event","provider":"Microsoft-Windows-Sysmon","type":["start"]},"host":{"name":"WIN-G60PH6VN","os":{"family":"windows","name":"Windows Server 2019","version":"10.0.17763"}},"process":{"args":["C:\\Program","Files\\Mozilla","Firefox\\firefox.exe","3D49U6NHQ1"],"command_line":"C:\\Program Files\\Mozilla Firefox\\firefox.exe 3D49U6NHQ1","executable":"C:\\Program Files\\Mozilla Firefox\\firefox.exe","name":"firefox.exe","parent":{"executable":"C:\\Windows\\System32\\powershell.exe","name":"powershell.exe","pid":308},"pid":39484},"user":{"domain":"DOMAIN","name":"Administrator"},"winlog":{"channel":"Microsoft-Windows-Sysmon/Operational","computer_name":"WIN-54JOVSI7.domain.local","event_id":1,"provider_name":"Microsoft-Windows-Sysmon","record_id":8460584,"task":"Process creation (rule: ProcessCreate)"}}
{"@timestamp":"2023-09-08T22:58:37.149Z","DestinationIp":"legitimate-service.com","DestinationPort":445,"EventID":3,"Image":"C:\\Program Files (x86)\\Microsoft\\Edge\\Application\\msedge.exe","Protocol":"tcp","SourceIp":"192.168.1.100","SourcePort":62976,"agent":{"hostname":"WIN-V585W5SC","type":"winlogbeat","version":"8.5.0"},"destination":{"ip":"legitimate-service.com","port":445},"ecs":{"version":"8.5.0"},"event":{"action":"Process creation","category":["process"],"code":3,"kind":"event","provider":"Microsoft-Windows-Sysmon","type":["start"]},"host":{"name":"WIN-ZOD02HCL","os":{"family":"windows","name":"Windows Server 2019","version":"10.0.17763"}},"network":{"direction":"outbound","protocol":"tcp"},"source":{"ip":"192.168.1.100","port":62976},"winlog":{"channel":"Microsoft-Windows-Sysmon/Operational","computer_name":"WIN-XNKO1Z6Q.domain.local","event_id":3,"provider_name":"Microsoft-Windows-Sysmon","record_id":5229152,"task":"Process creation (rule: ProcessCreate)"}}
{"@timestamp":"2023-09-27T08:21:14.116Z","CommandLine":"C:\\Windows\\System32\\calc.exe 546TNTMSPI","EventID":1,"Image":"C:\\Windows\\System32\\calc.exe","ParentImage":"C:\\Windows\\System32\\rundll32.exe","ParentProcessId":850,"ProcessId":1305,"User":"NT AUTHORITY\\NETWORK SERVICE","agent":{"hostname":"WIN-SS7GWULU","type":"winlogbeat","version":"8.5.0"},"ecs":{"version":"8.5.0"},"event":{"action":"Process creation","category":["process"],"code":1,"kind":"event","provider":"Microsoft-Windows-Sysmon","type":["start"]},"host":{"name":"WIN-LIDISEA2","os":{"family":"windows","name":"Windows Server 2019","version":"10.0.17763"}},"process":{"args":["C:\\Windows\\System32\\calc.exe","546TNTMSPI"],"command_line":"C:\\Windows\\System32\\calc.exe 546TNTMSPI","executable":"C:\\Windows\\System32\\calc.exe","name":"calc.exe","parent":{"executable":"C:\\Windows\\System32\\rundll32.exe","name":"rundll32.exe","pid":335},"pid":9415},"user":{"domain":"NT AUTHORITY","name":"NT AUTHORITY\\NETWORK SERVICE"},"winlog":{"channel":"Microsoft-Windows-Sysmon/Operational","computer_name":"WIN-83ALU8TM.domain.local","event_id":1,"provider_name":"Microsoft-Windows-Sysmon","record_id":3645463,"task":"Process creation (rule: ProcessCreate)"}}
{"@timestamp":"2023-06-28T06:44:34.652Z","Details":"C:\\temp\\5WGQQP2E.exe","EventID":13,"Image":"C:\\Program Files\\Google\\Chrome\\Application\\chrome.exe","TargetObject":"HKLM\\SOFTWARE\\Microsoft\\Windows\\CurrentVersion\\Run\\CNYR4RUEW7","agent":{"hostname":"WIN-DXQDM1PK","type":"winlogbeat","version":"8.5.0"},"ecs":{"version":"8.5.0"},"event":{"action":"Process creation","category":["process"],"code":13,"kind":"event","provider":"Microsoft-Windows-Sysmon","type":["start"]},"host":{"name":"WIN-YL3F9M28","os":{"family":"windows","name":"Windows Server 2019","version":"10.0.17763"}},"registry":{"data":{"strings":["C:\\temp\\83N5UVWE.exe"]},"key":"HKLM\\SOFTWARE\\Microsoft\\Windows\\CurrentVersion\\Run","value":"Q9VM9VKKIQ"},"winlog":{"channel":"Microsoft-Windows-Sysmon/Operational","computer_name":"WIN-9DJVIK4L.domain.local","event_id":13,"provider_name":"Microsoft-Windows-Sysmon","record_id":8393821,"task":"Process creation (rule: ProcessCreate)"}}
{"@timestamp":"2023-12-27T16:38:05.993Z","Details":"C:\\temp\\GYAB0QTG.exe","EventID":13,"Image":"C:\\Windows\\System32\\svchost.exe","TargetObject":"HKCU\\SOFTWARE\\Microsoft\\Windows\\CurrentVersion\\Run\\L5Z7YXCQ4S","agent":{"hostname":"WIN-0D2R6I1R","type":"winlogbeat","version":"8.5.0"},"ecs":{"version":"8.5.0"},"event":{"action":"Process creation","category":["process"],"code":13,"kind":"event","provider":"Microsoft-Windows-Sysmon","type":["start"]},"host":{"name":"WIN-3W3CMAA9","os":{"family":"windows","name":"Windows Server 2019","version":"10.0.17763"}},"registry":{"data":{"strings":["C:\\temp\\CEUFQHJW.exe"]},"key":"HKCU\\SOFTWARE\\Microsoft\\Windows\\CurrentVersion\\Run","value":"M7JOHFJ0OZ"},"winlog":{"channel":"Microsoft-Windows-Sysmon/Operational","computer_name":"WIN-RU12UINQ.domain.local","event_id":13,"provider_name":"Microsoft-Windows-Sysmon","record_id":7698883,"task":"Process creation (rule: ProcessCreate)"}}
{"@timestamp":"2023-03-19T23:16:53.584Z","Details":"C:\\temp\\C99669E1.exe","EventID":13,"Image":"C:\\Windows\\System32\\lsass.exe","TargetObject":"HKCU\\SOFTWARE\\Microsoft\\Windows\\CurrentVersion\\Run\\646J3SV9QS","agent":{"hostname":"WIN-KKUCWX8I","type":"winlogbeat","version":"8.5.0"},"ecs":{"version":"8.5.0"},"event":{"action":"Process creation","category":["process"],"code":13,"kind":"event","provider":"Microsoft-Windows-Sysmon","type":["start"]},"host":{"name":"WIN-AM3RPSG8","os":{"family":"windows","name":"Windows Server 2019","version":"10.0.17763"}},"registry":{"data":{"strings":["C:\\temp\\F7BKO7KU.exe"]},"key":"HKCU\\SOFTWARE\\Microsoft\\Windows\\CurrentVersion\\Run","value":"4V3OCJHH8U"},"winlog":{"channel":"Microsoft-Windows-Sysmon/Operational","computer_name":"WIN-7JSOM11J.domain.local","event_id":13,"provider_name":"Microsoft-Windows-Sysmon","record_id":4722499,"task":"Process creation (rule: ProcessCreate)"}}
{"@timestamp":"2023-11-19T16:44:21.395Z","EventID":17,"Image":"C:\\Windows\\System32\\spoolsv.exe","PipeName":"\\pipe\\samr","agent":{"hostname":"WIN-QBEQPLT6","type":"winlogbeat","version":"8.5.0"},"ecs":{"version":"8.5.0"},"event":{"action":"Process creation","category":["process"],"code":17,"kind":"event","provider":"Microsoft-Windows-Sysmon","type":["start"]},"host":{"name":"WIN-MS0UD1XA","os":{"family":"windows","name":"Windows Server 2019","version":"10.0.17763"}},"winlog":{"channel":"Microsoft-Windows-Sysmon/Operational","computer_name":"WIN-HP68YWK6.domain.local","event_id":17,"provider_name":"Microsoft-Windows-Sysmon","record_id":3758335,"task":"Process creation (rule: ProcessCreate)"}}
{"@timestamp":"2023-06-20T16:26:46.220Z","Details":"C:\\temp\\NMNFZQS2.exe","EventID":13,"Image":"C:\\Windows\\System32\\regsvr32.exe","TargetObject":"HKCU\\SOFTWARE\\Microsoft\\Windows\\CurrentVersion\\Run\\IHPW6F5XJJ","agent":{"hostname":"WIN-GVDDWKFA","type":"winlogbeat","version":"8.5.0"},"ecs":{"version":"8.5.0"},"event":{"action":"Process creation","category":["process"],"code":13,"kind":"event","provider":"Microsoft-Windows-Sysmon","type":["start"]},"host":{"name":"WIN-7XIQYY59","os":{"family":"windows","name":"Windows Server 2019","version":"10.0.17763"}},"registry":{"data":{"strings":["C:\\temp\\2CA5UTOP.exe"]},"key":"HKCU\\SOFTWARE\\Microsoft\\Windows\\CurrentVersion\\Run","value":"KLYFAQAPQ8"},"winlog":{"channel":"Microsoft-Windows-Sysmon/Operational","computer_name":"WIN-AJR7QEAW.domain.local","event_id":13,"provider_name":"Microsoft-Windows-Sysmon","record_id":1808412,"task":"Process creation (rule: ProcessCreate)"}}
{"@timestamp":"2023-03-22T18:03:35.222Z","CommandLine":"C:\\Windows\\System32\\taskmgr.exe QVJGG8AS0X","EventID":1,"Image":"C:\\Windows\\System32\\taskmgr.exe","ParentImage":"C:\\Windows\\System32\\svchost.exe","ParentProcessId":886,"ProcessId":11905,"User":"user","agent":{"hostname":"WIN-4BQBU0V6","type":"winlogbeat","version":"8.5.0"},"ecs":{"version":"8.5.0"},"event":{"action":"Process creation","category":["process"],"code":1,"kind":"event","provider":"Microsoft-Windows-Sysmon","type":["start"]},"host":{"name":"WIN-P7NKW1P1","os":{"family":"windows","name":"Windows Server 2019","version":"10.0.17763"}},"process":{"args":["C:\\Windows\\System32\\taskmgr.exe","QVJGG8AS0X"],"command_line":"C:\\Windows\\System32\\taskmgr.exe QVJGG8AS0X","executable":"C:\\Windows\\System32\\taskmgr.exe","name":"taskmgr.exe","parent":{"executable":"C:\\Windows\\System32\\svchost.exe","name":"svchost.exe","pid":443},"pid":7576},"user":{"domain":"DOMAIN","name":"user"},"winlog":{"channel":"Microsoft-Windows-Sysmon/Operational","computer_name":"WIN-AU77JKRN.domain.local","event_id":1,"provider_name":"Microsoft-Windows-Sysmon","record_id":6240818,"task":"Process creation (rule: ProcessCreate)"}}
{"@timestamp":"2023-09-16T16:29:24.957Z","Details":"C:\\temp\\X2VFBVA2.exe","EventID":13,"Image":"C:\\Windows\\System32\\services.exe","TargetObject":"HKLM\\SOFTWARE\\Classes\\exefile\\shell\\open\\command\\SUDIM62T38","agent":{"hostname":"WIN-DMZPPBVJ","type":"winlogbeat","version":"8.5.0"},"ecs":{"version":"8.5.0"},"event":{"action":"Process creation","category":["process"],"code":13,"kind":"event","provider":"Microsoft-Windows-Sysmon","type":["start"]},"host":{"name":"WIN-VCJC3FW3","os":{"family":"windows","name":"Windows Server 2019","version":"10.0.17763"}},"registry":{"data":{"strings":["C:\\temp\\IQF5R5BN.exe"]},"key":"HKLM\\SOFTWARE\\Classes\\exefile\\shell\\open\\command","value":"L13LCV5A5X"},"winlog":{"channel":"Microsoft-Windows-Sysmon/Operational","computer_name":"WIN-A30V3J59.domain.local","event_id":13,"provider_name":"Microsoft-Windows-Sysmon","record_id":2660904,"task":"Process creation (rule: ProcessCreate)"}}
{"@timestamp":"2023-08-02T10:17:15.351Z","CommandLine":"C:\\Program Files (x86)\\Microsoft\\Edge\\Application\\msedge.exe 623MV68M15","EventID":1,"Image":"C:\\Program Files (x86)\\Microsoft\\Edge\\Application\\msedge.exe","ParentImage":"C:\\Windows\\System32\\wininit.exe","ParentProcessId":524,"ProcessId":26171,"User":"service_account","agent":{"hostname":"WIN-71RTWCWK","type":"winlogbeat","version":"8.5.0"},"ecs":{"version":"8.5.0"},"event":{"action":"Process creation","category":["process"],"code":1,"kind":"event","provider":"Microsoft-Windows-Sysmon","type":["start"]},"host":{"name":"WIN-H0CX87ZI","os":{"family":"windows","name":"Windows Server 2019","version":"10.0.17763"}},"process":{"args":["C:\\Program","Files","(x86)\\Microsoft\\Edge\\Application\\msedge.exe","623MV68M15"],"command_line":"C:\\Program Files (x86)\\Microsoft\\Edge\\Application\\msedge.exe 623MV68M15","executable":"C:\\Program Files (x86)\\Microsoft\\Edge\\Application\\msedge.exe","name":"msedge.exe","parent":{"executable":"C:\\Windows\\System32\\wininit.exe","name":"wininit.exe","pid":160},"pid":33550},"user":{"domain":"DOMAIN","name":"service_account"},"winlog":{"channel":"Microsoft-Windows-Sysmon/Operational","computer_name":"WIN-3D838CKZ.domain.local","event_id":1,"provider_name":"Microsoft-Windows-Sysmon","record_id":4817009,"task":"Process creation (rule: ProcessCreate)"}}
{"@timestamp":"2023-05-24T22:34:03.653Z","CommandLine":"C:\\Windows\\System32\\services.exe 46ORY54QEB","EventID":1,"Image":"C:\\Windows\\System32\\services.exe","ParentImage":"C:\\Windows\\System32\\WindowsPowerShell\\v1.0\\powershell.exe","ParentProcessId":620,"ProcessId":60692,"User":"NT AUTHORITY\\SYSTEM","agent":{"hostname":"WIN-H4IDAB8D","type":"winlogbeat","version":"8.5.0"},"ecs":{"version":"8.5.0"},"event":{"action":"Process creation","category":["process"],"code":1,"kind":"event","provider":"Microsoft-Windows-Sysmon","type":["start"]},"host":{"name":"WIN-OR3X7OF3","os":{"family":"windows","name":"Windows Server 2019","version":"10.0.17763"}},"process":{"args":["C:\\Windows\\System32\\services.exe","46ORY54QEB"],"command_line":"C:\\Windows\\System32\\services.exe 46ORY54QEB","executable":"C:\\Windows\\System32\\services.exe","name":"services.exe","parent":{"executable":"C:\\Windows\\System32\\WindowsPowerShell\\v1.0\\powershell.exe","name":"powershell.exe","pid":340},"pid":22132},"user":{"domain":"NT AUTHORITY","name":"NT AUTHORITY\\SYSTEM"},"winlog":{"channel":"Microsoft-Windows-Sysmon/Operational","computer_name":"WIN-P3NMUNEZ.domain.local","event_id":1,"provider_name":"Microsoft-Windows-Sysmon","record_id":4301756,"task":"Process creation (rule: ProcessCreate)"}}
{"@timestamp":"2023-06-22T06:04:17.144Z","CommandLine":"C:\\Windows\\System32\\lsass.exe 4VI2J64FLL","EventID":1,"Image":"C:\\Windows\\System32\\lsass.exe","ParentImage":"C:\\Windows\\System32\\winlogon.exe","ParentProcessId":590,"ProcessId":32778,"User":"Guest","agent":{"hostname":"WIN-0DM9ZIKI","type":"winlogbeat","version":"8.5.0"},"ecs":{"version":"8.5.0"},"event":{"action":"Process creation","category":["process"],"code":1,"kind":"event","provider":"Microsoft-Windows-Sysmon","type":["start"]},"host":{"name":"WIN-0HXAB9YG","os":{"family":"windows","name":"Windows Server 2019","version":"10.0.17763"}},"process":{"args":["C:\\Windows\\System32\\lsass.exe","4VI2J64FLL"],"command_line":"C:\\Windows\\System32\\lsass.exe 4VI2J64FLL","executable":"C:\\Windows\\System32\\lsass.exe","name":"lsass.exe","parent":{"executable":"C:\\Windows\\System32\\winlogon.exe","name":"winlogon.exe","pid":476},"pid":1927},"user":{"domain":"DOMAIN","name":"Guest"},"winlog":{"channel":"Microsoft-Windows-Sysmon/Operational","computer_name":"WIN-QCC6YKR6.domain.local","event_id":1,"provider_name":"Microsoft-Windows-Sysmon","record_id":2354841,"task":"Process creation (rule: ProcessCreate)"}}
{"@timestamp":"2023-09-26T04:17:45.936Z","CommandLine":"C:\\Windows\\System32\\cmd.exe 8OT4TC3W5E","EventID":1,"Image":"C:\\Windows\\System32\\cmd.exe","ParentImage":"C:\\Program Files\\Google\\Chrome\\Application\\chrome.exe","ParentProcessId":354,"ProcessId":41412,"User":"user","agent":{"hostname":"WIN-68PJX9R9","type":"winlogbeat","version":"8.5.0"},"ecs":{"version":"8.5.0"},"event":{"action":"Process creation","category":["process"],"code":1,"kind":"event","provider":"Microsoft-Windows-Sysmon","type":["start"]},"host":{"name":"WIN-MCNK24EA","os":{"family":"windows","name":"Windows Server 2019","version":"10.0.17763"}},"process":{"args":["C:\\Windows\\System32\\cmd.exe","8OT4TC3W5E"],"command_line":"C:\\Windows\\System32\\cmd.exe 8OT4TC3W5E","executable":"C:\\Windows\\System32\\cmd.exe","name":"cmd.exe","parent":{"executable":"C:\\Program Files\\Google\\Chrome\\Application\\chrome.exe","name":"chrome.exe","pid":348},"pid":35788},"user":{"domain":"DOMAIN","name":"user"},"winlog":{"channel":"Microsoft-Windows-Sysmon/Operational","computer_name":"WIN-SX8OBFT6.domain.local","event_id":1,"provider_name":"Microsoft-Windows-Sysmon","record_id":5252699,"task":"Process creation (rule: ProcessCreate)"}}
{"@timestamp":"2023-08-03T23:23:55.771Z","Details":"C:\\temp\\N5YZH0M9.exe","EventID":13,"Image":"C:\\Windows\\System32\\regsvr32.exe","TargetObject":"HKLM\\SOFTWARE\\Classes\\exefile\\shell\\open\\command\\MFSM4MGGR8","agent":{"hostname":"WIN-373FLVCY","type":"winlogbeat","version":"8.5.0"},"ecs":{"version":"8.5.0"},"event":{"action":"Process creation","category":["process"],"code":13,"kind":"event","provider":"Microsoft-Windows-Sysmon","type":["start"]},"host":{"name":"WIN-VC0E6NYN","os":{"family":"windows","name":"Windows Server 2019","version":"10.0.17763"}},"registry":{"data":{"strings":["C:\\temp\\U2JWUD9O.exe"]},"key":"HKLM\\SOFTWARE\\Classes\\exefile\\shell\\open\\command","value":"8VADF2XCO0"},"winlog":{"channel":"Microsoft-Windows-Sysmon/Operational","computer_name":"WIN-GQS1FI92.domain.local","event_id":13,"provider_name":"Microsoft-Windows-Sysmon","record_id":4491500,"task":"Process creation (rule: ProcessCreate)"}}
{"@timestamp":"2023-12-03T09:37:44.302Z","CommandLine":"C:\\Windows\\System32\\rundll32.exe Q3WP8WMV0V","EventID":1,"Image":"C:\\Windows\\System32\\rundll32.exe","ParentImage":"C:\\Windows\\System32\\regsvr32.exe","ParentProcessId":144,"ProcessId":50160,"User":"SYSTEM","agent":{"hostname":"WIN-CL4FTW1M","type":"winlogbeat","version":"8.5.0"},"ecs":{"version":"8.5.0"},"event":{"action":"Process creation","category":["process"],"code":1,"kind":"event","provider":"Microsoft-Windows-Sysmon","type":["start"]},"host":{"name":"WIN-QHHKMQXZ","os":{"family":"windows","name":"Windows Server 2019","version":"10.0.17763"}},"process":{"args":["C:\\Windows\\System32\\rundll32.exe","Q3WP8WMV0V"],"command_line":"C:\\Windows\\System32\\rundll32.exe Q3WP8WMV0V","executable":"C:\\Windows\\System32\\rundll32.exe","name":"rundll32.exe","parent":{"executable":"C:\\Windows\\System32\\regsvr32.exe","name":"regsvr32.exe","pid":509},"pid":21274},"user":{"domain":"DOMAIN","name":"SYSTEM"},"winlog":{"channel":"Microsoft-Windows-Sysmon/Operational","computer_name":"WIN-2Q46TYRI.domain.local","event_id":1,"provider_name":"Microsoft-Windows-Sysmon","record_id":7235004,"task":"Process creation (rule: ProcessCreate)"}}
{"@timestamp":"2023-03-06T10:47:53.237Z","EventID":17,"Image":"C:\\Windows\\System32\\svchost.exe","PipeName":"\\pipe\\lsarpc","agent":{"hostname":"WIN-DGJHQCTJ","type":"winlogbeat","version":"8.5.0"},"ecs":{"version":"8.5.0"},"event":{"action":"Process creation","category":["process"],"code":17,"kind":"event","provider":"Microsoft-Windows-Sysmon","type":["start"]},"host":{"name":"WIN-X723IVES","os":{"family":"windows","name":"Windows Server 2019","version":"10.0.17763"}},"winlog":{"channel":"Microsoft-Windows-Sysmon/Operational","computer_name":"WIN-T0HWWNGG.domain.local","event_id":17,"provider_name":"Microsoft-Windows-Sysmon","record_id":1971390,"task":"Process creation (rule: ProcessCreate)"}}
{"@timestamp":"2023-07-15T12:11:39.507Z","CommandLine":"C:\\Windows\\System32\\rundll32.exe MFJ7NB4FKQ","EventID":1,"Image":"C:\\Windows\\System32\\rundll32.exe","ParentImage":"C:\\Program Files\\Google\\Chrome\\Application\\chrome.exe","ParentProcessId":458,"ProcessId":45134,"User":"NT AUTHORITY\\SYSTEM","agent":{"hostname":"WIN-CXI92RR8","type":"winlogbeat","version":"8.5.0"},"ecs":{"version":"8.5.0"},"event":{"action":"Process creation","category":["process"],"code":1,"kind":"event","provider":"Microsoft-Windows-Sysmon","type":["start"]},"host":{"name":"WIN-0VVC1A59","os":{"family":"windows","name":"Windows Server 2019","version":"10.0.17763"}},"process":{"args":["C:\\Windows\\System32\\rundll32.exe","MFJ7NB4FKQ"],"command_line":"C:\\Windows\\System32\\rundll32.exe MFJ7NB4FKQ","executable":"C:\\Windows\\System32\\rundll32.exe","name":"rundll32.exe","parent":{"executable":"C:\\Program Files\\Google\\Chrome\\Application\\chrome.exe","name":"chrome.exe","pid":959},"pid":45266},"user":{"domain":"NT AUTHORITY","name":"NT AUTHORITY\\SYSTEM"},"winlog":{"channel":"Microsoft-Windows-Sysmon/Operational","computer_name":"WIN-NC4NT8ZS.domain.local","event_id":1,"provider_name":"Microsoft-Windows-Sysmon","record_id":9626619,"task":"Process creation (rule: ProcessCreate)"}}
{"@timestamp":"2023-07-21T21:57:41.453Z","Details":"C:\\temp\\WNYA222M.exe","EventID":13,"Image":"C:\\Windows\\System32\\wininit.exe","TargetObject":"HKCU\\SOFTWARE\\Microsoft\\Windows\\CurrentVersion\\Run\\JCNQ4XPRD4","agent":{"hostname":"WIN-6N1F0B30","type":"winlogbeat","version":"8.5.0"},"ecs":{"version":"8.5.0"},"event":{"action":"Process creation","category":["process"],"code":13,"kind":"event","provider":"Microsoft-Windows-Sysmon","type":["start"]},"host":{"name":"WIN-2GLEN9PC","os":{"family":"windows","name":"Windows Server 2019","version":"10.0.17763"}},"registry":{"data":{"strings":["C:\\temp\\Q11A52FW.exe"]},"key":"HKCU\\SOFTWARE\\Microsoft\\Windows\\CurrentVersion\\Run","value":"FX2RL8TL0Y"},"winlog":{"channel":"Microsoft-Windows-Sysmon/Operational","computer_name":"WIN-FTASFYPY.domain.local","event_id":13,"provider_name":"Microsoft-Windows-Sysmon","record_id":8046112,"task":"Process creation (rule: ProcessCreate)"}}
{"@timestamp":"2023-07-02T09:28:04.410Z","Details":"C:\\temp\\WPWUL735.exe","EventID":13,"Image":"C:\\Windows\\System32\\taskmgr.exe","TargetObject":"HKCU\\SOFTWARE\\Microsoft\\Windows\\CurrentVersion\\Run\\7N3277ZE7D","agent":{"hostname":"WIN-MRT3TAAN","type":"winlogbeat","version":"8.5.0"},"ecs":{"version":"8.5.0"},"event":{"action":"Process creation","category":["process"],"code":13,"kind":"event","provider":"Microsoft-Windows-Sysmon","type":["start"]},"host":{"name":"WIN-X7XUB9MD","os":{"family":"windows","name":"Windows Server 2019","version":"10.0.17763"}},"registry":{"data":{"strings":["C:\\temp\\ME6BJKMS.exe"]},"key":"HKCU\\SOFTWARE\\Microsoft\\Windows\\CurrentVersion\\Run","value":"2SN5V02F8J"},"winlog":{"channel":"Microsoft-Windows-Sysmon/Operational","computer_name":"WIN-W43PQL3I.domain.local","event_id":13,"provider_name":"Microsoft-Windows-Sysmon","record_id":3458002,"task":"Process creation (rule: ProcessCreate)"}}
{"@timestamp":"2023-09-01T10:09:09.557Z","CommandLine":"C:\\Windows\\System32\\WindowsPowerShell\\v1.0\\powershell.exe L004LG6X5O","EventID":1,"Image":"C:\\Windows\\System32\\WindowsPowerShell\\v1.0\\powershell.exe","ParentImage":"C:\\Windows\\System32\\cscript.exe","ParentProcessId":826,"ProcessId":39908,"User":"DefaultAccount","agent":{"hostname":"WIN-IDPW0DFE","type":"winlogbeat","version":"8.5.0"},"ecs":{"version":"8.5.0"},"event":{"action":"Process creation","category":["process"],"code":1,"kind":"event","provider":"Microsoft-Windows-Sysmon","type":["start"]},"host":{"name":"WIN-MB7S2XIB","os":{"family":"windows","name":"Windows Server 2019","version":"10.0.17763"}},"process":{"args":["C:\\Windows\\System32\\WindowsPowerShell\\v1.0\\powershell.exe","L004LG6X5O"],"command_line":"C:\\Windows\\System32\\WindowsPowerShell\\v1.0\\powershell.exe L004LG6X5O","executable":"C:\\Windows\\System32\\WindowsPowerShell\\v1.0\\powershell.exe","name":"powershell.exe","parent":{"executable":"C:\\Windows\\System32\\cscript.exe","name":"cscript.exe","pid":842},"pid":1034},"user":{"domain":"DOMAIN","name":"DefaultAccount"},"winlog":{"channel":"Microsoft-Windows-Sysmon/Operational","computer_name":"WIN-NXKHUDXS.domain.local","event_id":1,"provider_name":"Microsoft-Windows-Sysmon","record_id":1477415,"task":"Process creation (rule: ProcessCreate)"}}
{"@timestamp":"2023-12-08T17:49:05.912Z","CommandLine":"C:\\Program Files\\Mozilla Firefox\\firefox.exe CDTYDLPVSL","EventID":1,"Image":"C:\\Program Files\\Mozilla Firefox\\firefox.exe","ParentImage":"C:\\Windows\\System32\\calc.exe","ParentProcessId":209,"ProcessId":3254,"User":"Administrator","agent":{"hostname":"WIN-35OY18J5","type":"winlogbeat","version":"8.5.0"},"ecs":{"version":"8.5.0"},"event":{"action":"Process creation","category":["process"],"code":1,"kind":"event","provider":"Microsoft-Windows-Sysmon","type":["start"]},"host":{"name":"WIN-YJT5A5PO","os":{"family":"windows","name":"Windows Server 2019","version":"10.0.17763"}},"process":{"args":["C:\\Program","Files\\Mozilla","Firefox\\firefox.exe","CDTYDLPVSL"],"command_line":"C:\\Program Files\\Mozilla Firefox\\firefox.exe CDTYDLPVSL","executable":"C:\\Program Files\\Mozilla Firefox\\firefox.exe","name":"firefox.exe","parent":{"executable":"C:\\Windows\\System32\\calc.exe","name":"calc.exe","pid":453},"pid":13350},"user":{"domain":"DOMAIN","name":"Administrator"},"winlog":{"channel":"Microsoft-Windows-Sysmon/Operational","computer_name":"WIN-PH5AL1T0.domain.local","event_id":1,"provider_name":"Microsoft-Windows-Sysmon","record_id":4673817,"task":"Process creation (rule: ProcessCreate)"}}
{"@timestamp":"2023-05-18T01:56:51.217Z","DestinationIp":"172.16.0.10","DestinationPort":53,"EventID":3,"Image":"C:\\Windows\\System32\\wscript.exe","Protocol":"tcp","SourceIp":"192.168.1.100","SourcePort":58909,"agent":{"hostname":"WIN-ZPO6ZND7","type":"winlogbeat","version":"8.5.0"},"destination":{"ip":"172.16.0.10","port":53},"ecs":{"version":"8.5.0"},"event":{"action":"Process creation","category":["process"],"code":3,"kind":"event","provider":"Microsoft-Windows-Sysmon","type":["start"]},"host":{"name":"WIN-3G4Y4PDM","os":{"family":"windows","name":"Windows Server 2019","version":"10.0.17763"}},"network":{"direction":"outbound","protocol":"tcp"},"source":{"ip":"192.168.1.100","port":58909},"winlog":{"channel":"Microsoft-Windows-Sysmon/Operational","computer_name":"WIN-2SUKSWNE.domain.local","event_id":3,"provider_name":"Microsoft-Windows-Sysmon","record_id":1727696,"task":"Process creation (rule: ProcessCreate)"}}
{"@timestamp":"2023-01-16T04:40:05.753Z","CommandLine":"C:\\Windows\\System32\\spoolsv.exe JJJ33BI8Q2","EventID":1,"Image":"C:\\Windows\\System32\\spoolsv.exe","ParentImage":"C:\\Windows\\System32\\svchost.exe","ParentProcessId":998,"ProcessId":29648,"User":"Guest","agent":{"hostname":"WIN-7339MSG9","type":"winlogbeat","version":"8.5.0"},"ecs":{"version":"8.5.0"},"event":{"action":"Process creation","category":["process"],"code":1,"kind":"event","provider":"Microsoft-Windows-Sysmon","type":["start"]},"host":{"name":"WIN-0BOQ5E5Z","os":{"family":"windows","name":"Windows Server 2019","version":"10.0.17763"}},"process":{"args":["C:\\Windows\\System32\\spoolsv.exe","JJJ33BI8Q2"],"command_line":"C:\\Windows\\System32\\spoolsv.exe JJJ33BI8Q2","executable":"C:\\Windows\\System32\\spoolsv.exe","name":"spoolsv.exe","parent":{"executable":"C:\\Windows\\System32\\svchost.exe","name":"svchost.exe","pid":784},"pid":30786},"user":{"domain":"DOMAIN","name":"Guest"},"winlog":{"channel":"Microsoft-Windows-Sysmon/Operational","computer_name":"WIN-IB8AOQEY.domain.local","event_id":1,"provider_name":"Microsoft-Windows-Sysmon","record_id":2255978,"task":"Process creation (rule: ProcessCreate)"}}
{"@timestamp":"2023-03-08T05:58:06.386Z","CommandLine":"C:\\Windows\\System32\\powershell.exe GWOLHV2HMM","EventID":1,"Image":"C:\\Windows\\System32\\powershell.exe","ParentImage":"C:\\Windows\\System32\\WindowsPowerShell\\v1.0\\powershell.exe","ParentProcessId":403,"ProcessId":51861,"User":"admin","agent":{"hostname":"WIN-JD1XWOUJ","type":"winlogbeat","version":"8.5.0"},"ecs":{"version":"8.5.0"},"event":{"action":"Process creation","category":["process"],"code":1,"kind":"event","provider":"Microsoft-Windows-Sysmon","type":["start"]},"host":{"name":"WIN-DXWV4ERM","os":{"family":"windows","name":"Windows Server 2019","version":"10.0.17763"}},"process":{"args":["C:\\Windows\\System32\\powershell.exe","GWOLHV2HMM"],"command_line":"C:\\Windows\\System32\\powershell.exe GWOLHV2HMM","executable":"C:\\Windows\\System32\\powershell.exe","name":"powershell.exe","parent":{"executable":"C:\\Windows\\System32\\WindowsPowerShell\\v1.0\\powershell.exe","name":"powershell.exe","pid":655},"pid":52344},"user":{"domain":"DOMAIN","name":"admin"},"winlog":{"channel":"Microsoft-Windows-Sysmon/Operational","computer_name":"WIN-WOJ20F3W.domain.local","event_id":1,"provider_name":"Microsoft-Windows-Sysmon","record_id":3169227,"task":"Process creation (rule: ProcessCreate)"}}
{"@timestamp":"2023-03-24T14:42:29.117Z","CommandLine":"C:\\Program Files\\Google\\Chrome\\Application\\chrome.exe --new-tab https://example.com","EventID":1,"Image":"C:\\Program Files\\Google\\Chrome\\Application\\chrome.exe","ParentImage":"C:\\Windows\\System32\\calc.exe","ParentProcessId":614,"ProcessId":61599,"User":"user","agent":{"hostname":"WIN-YQ281H3Y","type":"winlogbeat","version":"8.5.0"},"ecs":{"version":"8.5.0"},"event":{"action":"Process creation","category":["process"],"code":1,"kind":"event","provider":"Microsoft-Windows-Sysmon","type":["start"]},"host":{"name":"WIN-WT0HVNJ0","os":{"family":"windows","name":"Windows Server 2019","version":"10.0.17763"}},"process":{"args":["C:\\Program","Files\\Google\\Chrome\\Application\\chrome.exe","--new-tab","https://example.com"],"command_line":"C:\\Program Files\\Google\\Chrome\\Application\\chrome.exe --new-tab https://example.com","executable":"C:\\Program Files\\Google\\Chrome\\Application\\chrome.exe","name":"chrome.exe","parent":{"executable":"C:\\Windows\\System32\\calc.exe","name":"calc.exe","pid":790},"pid":45845},"user":{"domain":"DOMAIN","name":"user"},"winlog":{"channel":"Microsoft-Windows-Sysmon/Operational","computer_name":"WIN-4G74ZIMF.domain.local","event_id":1,"provider_name":"Microsoft-Windows-Sysmon","record_id":7693281,"task":"Process creation (rule: ProcessCreate)"}}
{"@timestamp":"2023-07-03T11:31:53.222Z","EventID":17,"Image":"C:\\Program Files\\Mozilla Firefox\\firefox.exe","PipeName":"\\pipe\\mojo.8699.R8AVY6TU","agent":{"hostname":"WIN-T0J0B459","type":"winlogbeat","version":"8.5.0"},"ecs":{"version":"8.5.0"},"event":{"action":"Process creation","category":["process"],"code":17,"kind":"event","provider":"Microsoft-Windows-Sysmon","type":["start"]},"host":{"name":"WIN-R7SKIFN4","os":{"family":"windows","name":"Windows Server 2019","version":"10.0.17763"}},"winlog":{"channel":"Microsoft-Windows-Sysmon/Operational","computer_name":"WIN-CKDS7UGW.domain.local","event_id":17,"provider_name":"Microsoft-Windows-Sysmon","record_id":6022704,"task":"Process creation (rule: ProcessCreate)"}}
