{"@timestamp":"2023-06-21T14:29:31.366Z","CommandLine":"C:\\Windows\\System32\\explorer.exe","EventID":1,"Image":"C:\\Windows\\System32\\explorer.exe","ParentImage":"C:\\Windows\\System32\\cmd.exe","ParentProcessId":836,"ProcessId":37715,"User":"Administrator","agent":{"hostname":"WIN-1MZS3AUD","type":"winlogbeat","version":"8.5.0"},"ecs":{"version":"8.5.0"},"event":{"action":"Process creation","category":["process"],"code":1,"kind":"event","provider":"Microsoft-Windows-Sysmon","type":["start"]},"host":{"name":"WIN-HGMWNTJ1","os":{"family":"windows","name":"Windows Server 2019","version":"10.0.17763"}},"process":{"args":["C:\\Windows\\System32\\explorer.exe"],"command_line":"C:\\Windows\\System32\\explorer.exe","executable":"C:\\Windows\\System32\\explorer.exe","name":"explorer.exe","parent":{"executable":"C:\\Windows\\System32\\cmd.exe","name":"cmd.exe","pid":897},"pid":38533},"user":{"domain":"DOMAIN","name":"Administrator"},"winlog":{"channel":"Microsoft-Windows-Sysmon/Operational","computer_name":"WIN-7ADZEC7Q.domain.local","event_id":1,"provider_name":"Microsoft-Windows-Sysmon","record_id":7256269,"task":"Process creation (rule: ProcessCreate)"}}
{"@timestamp":"2023-04-02T18:47:41.197Z","Details":"C:\\temp\\K1UWYED4.exe","EventID":13,"Image":"C:\\Windows\\System32\\winlogon.exe","TargetObject":"HKLM\\SOFTWARE\\Classes\\exefile\\shell\\open\\command\\WYC7864G0I","agent":{"hostname":"WIN-6LCRJUTJ","type":"winlogbeat","version":"8.5.0"},"ecs":{"version":"8.5.0"},"event":{"action":"Process creation","category":["process"],"code":13,"kind":"event","provider":"Microsoft-Windows-Sysmon","type":["start"]},"host":{"name":"WIN-HX9QNAYV","os":{"family":"windows","name":"Windows Server 2019","version":"10.0.17763"}},"registry":{"data":{"strings":["C:\\temp\\CHJBA2ZC.exe"]},"key":"HKLM\\SOFTWARE\\Classes\\exefile\\shell\\open\\command","value":"N7H16LOT28"},"winlog":{"channel":"Microsoft-Windows-Sysmon/Operational","computer_name":"WIN-7M5U2RZ5.domain.local","event_id":13,"provider_name":"Microsoft-Windows-Sysmon","record_id":3862143,"task":"Process creation (rule: ProcessCreate)"}}
{"@timestamp":"2023-05-20T09:07:46.867Z","EventID":17,"Image":"C:\\Windows\\System32\\calc.exe","PipeName":"\\pipe\\srvsvc","agent":{"hostname":"WIN-TP81LBK4","type":"winlogbeat","version":"8.5.0"},"ecs":{"version":"8.5.0"},"event":{"action":"Process creation","category":["process"],"code":17,"kind":"event","provider":"Microsoft-Windows-Sysmon","type":["start"]},"host":{"name":"WIN-VX5ZC6H5","os":{"family":"windows","name":"Windows Server 2019","version":"10.0.17763"}},"winlog":{"channel":"Microsoft-Windows-Sysmon/Operational","computer_name":"WIN-MKRQY85Z.domain.local","event_id":17,"provider_name":"Microsoft-Windows-Sysmon","record_id":4714611,"task":"Process creation (rule: ProcessCreate)"}}
{"@timestamp":"2023-07-15T11:27:16.135Z","CommandLine":"C:\\Windows\\System32\\taskmgr.exe TFWPJGVGFA","EventID":1,"Image":"C:\\Windows\\System32\\taskmgr.exe","ParentImage":"C:\\Windows\\System32\\rundll32.exe","ParentProcessId":861,"ProcessId":22641,"User":"NT AUTHORITY\\LOCAL SERVICE","agent":{"hostname":"WIN-8811O2ZM","type":"winlogbeat","version":"8.5.0"},"ecs":{"version":"8.5.0"},"event":{"action":"Process creation","category":["process"],"code":1,"kind":"event","provider":"Microsoft-Windows-Sysmon","type":["start"]},"host":{"name":"WIN-1OWCDIFD","os":{"family":"windows","name":"Windows Server 2019","version":"10.0.17763"}},"process":{"args":["C:\\Windows\\System32\\taskmgr.exe","TFWPJGVGFA"],"command_line":"C:\\Windows\\System32\\taskmgr.exe TFWPJGVGFA","executable":"C:\\Windows\\System32\\taskmgr.exe","name":"taskmgr.exe","parent":{"executable":"C:\\Windows\\System32\\rundll32.exe","name":"rundll32.exe","pid":623},"pid":35827},"user":{"domain":"NT AUTHORITY","name":"NT AUTHORITY\\LOCAL SERVICE"},"winlog":{"channel":"Microsoft-Windows-Sysmon/Operational","computer_name":"WIN-R8CF7AJT.domain.local","event_id":1,"provider_name":"Microsoft-Windows-Sysmon","record_id":1565539,"task":"Process creation (rule: ProcessCreate)"}}
{"@timestamp":"2023-02-11T01:51:41.458Z","DestinationIp":"malicious-domain.com","DestinationPort":445,"EventID":3,"Image":"C:\\Program Files (x86)\\Microsoft\\Edge\\Application\\msedge.exe","Protocol":"tcp","SourceIp":"192.168.1.100","SourcePort":51508,"agent":{"hostname":"WIN-VI0TNJ56","type":"winlogbeat","version":"8.5.0"},"destination":{"ip":"malicious-domain.com","port":445},"ecs":{"version":"8.5.0"},"event":{"action":"Process creation","category":["process"],"code":3,"kind":"event","provider":"Microsoft-Windows-Sysmon","type":["start"]},"host":{"name":"WIN-YH00QKGI","os":{"family":"windows","name":"Windows Server 2019","version":"10.0.17763"}},"network":{"direction":"outbound","protocol":"tcp"},"source":{"ip":"192.168.1.100","port":51508},"winlog":{"channel":"Microsoft-Windows-Sysmon/Operational","computer_name":"WIN-8Y7NQFQG.domain.local","event_id":3,"provider_name":"Microsoft-Windows-Sysmon","record_id":1976658,"task":"Process creation (rule: ProcessCreate)"}}
{"@timestamp":"2023-08-06T06:15:45.705Z","CommandLine":"C:\\Program Files\\Google\\Chrome\\Application\\chrome.exe --new-tab https://example.com","EventID":1,"Image":"C:\\Program Files\\Google\\Chrome\\Application\\chrome.exe","ParentImage":"C:\\Windows\\System32\\taskmgr.exe","ParentProcessId":600,"ProcessId":2271,"User":"service_account","agent":{"hostname":"WIN-8646D453","type":"winlogbeat","version":"8.5.0"},"ecs":{"version":"8.5.0"},"event":{"action":"Process creation","category":["process"],"code":1,"kind":"event","provider":"Microsoft-Windows-Sysmon","type":["start"]},"host":{"name":"WIN-G66JZIVO","os":{"family":"windows","name":"Windows Server 2019","version":"10.0.17763"}},"process":{"args":["C:\\Program","Files\\Google\\Chrome\\Application\\chrome.exe","--new-tab","https://example.com"],"command_line":"C:\\Program Files\\Google\\Chrome\\Application\\chrome.exe --new-tab https://example.com","executable":"C:\\Program Files\\Google\\Chrome\\Application\\chrome.exe","name":"chrome.exe","parent":{"executable":"C:\\Windows\\System32\\taskmgr.exe","name":"taskmgr.exe","pid":970},"pid":39743},"user":{"domain":"DOMAIN","name":"service_account"},"winlog":{"channel":"Microsoft-Windows-Sysmon/Operational","computer_name":"WIN-C4K6QU4S.domain.local","event_id":1,"provider_name":"Microsoft-Windows-Sysmon","record_id":6350849,"task":"Process creation (rule: ProcessCreate)"}}
{"@timestamp":"2023-12-21T02:01:01.638Z","CommandLine":"C:\\Windows\\System32\\svchost.exe 2TN0UC1NI7","EventID":1,"Image":"C:\\Windows\\System32\\svchost.exe","ParentImage":"C:\\Windows\\System32\\wininit.exe","ParentProcessId":930,"ProcessId":50800,"User":"jane.smith","agent":{"hostname":"WIN-OSOUXIXC","type":"winlogbeat","version":"8.5.0"},"ecs":{"version":"8.5.0"},"event":{"action":"Process creation","category":["process"],"code":1,"kind":"event","provider":"Microsoft-Windows-Sysmon","type":["start"]},"host":{"name":"WIN-A9BBTGJT","os":{"family":"windows","name":"Windows Server 2019","version":"10.0.17763"}},"process":{"args":["C:\\Windows\\System32\\svchost.exe","2TN0UC1NI7"],"command_line":"C:\\Windows\\System32\\svchost.exe 2TN0UC1NI7","executable":"C:\\Windows\\System32\\svchost.exe","name":"svchost.exe","parent":{"executable":"C:\\Windows\\System32\\wininit.exe","name":"wininit.exe","pid":592},"pid":16237},"user":{"domain":"DOMAIN","name":"jane.smith"},"winlog":{"channel":"Microsoft-Windows-Sysmon/Operational","computer_name":"WIN-A26S2BL7.domain.local","event_id":1,"provider_name":"Microsoft-Windows-Sysmon","record_id":7736228,"task":"Process creation (rule: ProcessCreate)"}}
{"@timestamp":"2023-06-01T22:17:11.250Z","CommandLine":"C:\\Windows\\System32\\explorer.exe","EventID":1,"Image":"C:\\Windows\\System32\\explorer.exe","ParentImage":"C:\\Windows\\System32\\cscript.exe","ParentProcessId":227,"ProcessId":55410,"User":"john.doe","agent":{"hostname":"WIN-3BLUK026","type":"winlogbeat","version":"8.5.0"},"ecs":{"version":"8.5.0"},"event":{"action":"Process creation","category":["process"],"code":1,"kind":"event","provider":"Microsoft-Windows-Sysmon","type":["start"]},"host":{"name":"WIN-5SE4E679","os":{"family":"windows","name":"Windows Server 2019","version":"10.0.17763"}},"process":{"args":["C:\\Windows\\System32\\explorer.exe"],"command_line":"C:\\Windows\\System32\\explorer.exe","executable":"C:\\Windows\\System32\\explorer.exe","name":"explorer.exe","parent":{"executable":"C:\\Windows\\System32\\cscript.exe","name":"cscript.exe","pid":615},"pid":30388},"user":{"domain":"DOMAIN","name":"john.doe"},"winlog":{"channel":"Microsoft-Windows-Sysmon/Operational","computer_name":"WIN-N9WCKDKN.domain.local","event_id":1,"provider_name":"Microsoft-Windows-Sysmon","record_id":8298015,"task":"Process creation (rule: ProcessCreate)"}}
{"@timestamp":"2023-10-06T01:20:56.661Z","DestinationIp":"172.16.0.10","DestinationPort":8443,"EventID":3,"Image":"C:\\Windows\\System32\\calc.exe","Protocol":"tcp","SourceIp":"192.168.1.100","SourcePort":60763,"agent":{"hostname":"WIN-OWH394MC","type":"winlogbeat","version":"8.5.0"},"destination":{"ip":"172.16.0.10","port":8443},"ecs":{"version":"8.5.0"},"event":{"action":"Process creation","category":["process"],"code":3,"kind":"event","provider":"Microsoft-Windows-Sysmon","type":["start"]},"host":{"name":"WIN-QL87Y05P","os":{"family":"windows","name":"Windows Server 2019","version":"10.0.17763"}},"network":{"direction":"outbound","protocol":"tcp"},"source":{"ip":"192.168.1.100","port":60763},"winlog":{"channel":"Microsoft-Windows-Sysmon/Operational","computer_name":"WIN-ZNNSGST3.domain.local","event_id":3,"provider_name":"Microsoft-Windows-Sysmon","record_id":7909405,"task":"Process creation (rule: ProcessCreate)"}}
{"@timestamp":"2023-06-26T10:03:54.491Z","Details":"C:\\temp\\LR90CLC8.exe","EventID":13,"Image":"C:\\Windows\\System32\\powershell.exe","TargetObject":"HKLM\\SOFTWARE\\Classes\\exefile\\shell\\open\\command\\N2VZHE6Q9R","agent":{"hostname":"WIN-RUGHCNBT","type":"winlogbeat","version":"8.5.0"},"ecs":{"version":"8.5.0"},"event":{"action":"Process creation","category":["process"],"code":13,"kind":"event","provider":"Microsoft-Windows-Sysmon","type":["start"]},"host":{"name":"WIN-B9S2TDQV","os":{"family":"windows","name":"Windows Server 2019","version":"10.0.17763"}},"registry":{"data":{"strings":["C:\\temp\\ARHF4NDP.exe"]},"key":"HKLM\\SOFTWARE\\Classes\\exefile\\shell\\open\\command","value":"2A0N7134XW"},"winlog":{"channel":"Microsoft-Windows-Sysmon/Operational","computer_name":"WIN-XLCH1SCL.domain.local","event_id":13,"provider_name":"Microsoft-Windows-Sysmon","record_id":5782633,"task":"Process creation (rule: ProcessCreate)"}}
{"@timestamp":"2023-02-12T04:44:53.163Z","CommandLine":"C:\\Program Files (x86)\\Microsoft\\Edge\\Application\\msedge.exe 38HIH6IBAT","EventID":1,"Image":"C:\\Program Files (x86)\\Microsoft\\Edge\\Application\\msedge.exe","ParentImage":"C:\\Windows\\System32\\lsass.exe","ParentProcessId":305,"ProcessId":32369,"User":"NT AUTHORITY\\LOCAL SERVICE","agent":{"hostname":"WIN-9P4FEP0E","type":"winlogbeat","version":"8.5.0"},"ecs":{"version":"8.5.0"},"event":{"action":"Process creation","category":["process"],"code":1,"kind":"event","provider":"Microsoft-Windows-Sysmon","type":["start"]},"host":{"name":"WIN-7LSMSLBB","os":{"family":"windows","name":"Windows Server 2019","version":"10.0.17763"}},"process":{"args":["C:\\Program","Files","(x86)\\Microsoft\\Edge\\Application\\msedge.exe","38HIH6IBAT"],"command_line":"C:\\Program Files (x86)\\Microsoft\\Edge\\Application\\msedge.exe 38HIH6IBAT","executable":"C:\\Program Files (x86)\\Microsoft\\Edge\\Application\\msedge.exe","name":"msedge.exe","parent":{"executable":"C:\\Windows\\System32\\lsass.exe","name":"lsass.exe","pid":159},"pid":18200},"user":{"domain":"NT AUTHORITY","name":"NT AUTHORITY\\LOCAL SERVICE"},"winlog":{"channel":"Microsoft-Windows-Sysmon/Operational","computer_name":"WIN-H4RY5RD8.domain.local","event_id":1,"provider_name":"Microsoft-Windows-Sysmon","record_id":7449469,"task":"Process creation (rule: ProcessCreate)"}}
{"@timestamp":"2023-10-14T12:14:53.617Z","CommandLine":"C:\\Windows\\System32\\winlogon.exe EFAVPOU3CS","EventID":1,"Image":"C:\\Windows\\System32\\winlogon.exe","ParentImage":"C:\\Windows\\System32\\mshta.exe","ParentProcessId":630,"ProcessId":22245,"User":"Administrator","agent":{"hostname":"WIN-U8S7ZHW6","type":"winlogbeat","version":"8.5.0"},"ecs":{"version":"8.5.0"},"event":{"action":"Process creation","category":["process"],"code":1,"kind":"event","provider":"Microsoft-Windows-Sysmon","type":["start"]},"host":{"name":"WIN-AQLASJTD","os":{"family":"windows","name":"Windows Server 2019","version":"10.0.17763"}},"process":{"args":["C:\\Windows\\System32\\winlogon.exe","EFAVPOU3CS"],"command_line":"C:\\Windows\\System32\\winlogon.exe EFAVPOU3CS","executable":"C:\\Windows\\System32\\winlogon.exe","name":"winlogon.exe","parent":{"executable":"C:\\Windows\\System32\\mshta.exe","name":"mshta.exe","pid":892},"pid":47782},"user":{"domain":"DOMAIN","name":"Administrator"},"winlog":{"channel":"Microsoft-Windows-Sysmon/Operational","computer_name":"WIN-UHO0J1TE.domain.local","event_id":1,"provider_name":"Microsoft-Windows-Sysmon","record_id":9474950,"task":"Process creation (rule: ProcessCreate)"}}
{"@timestamp":"2023-02-15T07:09:37.784Z","CommandLine":"C:\\Windows\\System32\\services.exe 6FPBBDLUXR","EventID":1,"Image":"C:\\Windows\\System32\\services.exe","ParentImage":"C:\\Windows\\System32\\svchost.exe","ParentProcessId":250,"ProcessId":55024,"User":"SYSTEM","agent":{"hostname":"WIN-NZUUAT0L","type":"winlogbeat","version":"8.5.0"},"ecs":{"version":"8.5.0"},"event":{"action":"Process creation","category":["process"],"code":1,"kind":"event","provider":"Microsoft-Windows-Sysmon","type":["start"]},"host":{"name":"WIN-6HAE5I2A","os":{"family":"windows","name":"Windows Server 2019","version":"10.0.17763"}},"process":{"args":["C:\\Windows\\System32\\services.exe","6FPBBDLUXR"],"command_line":"C:\\Windows\\System32\\services.exe 6FPBBDLUXR","executable":"C:\\Windows\\System32\\services.exe","name":"services.exe","parent":{"executable":"C:\\Windows\\System32\\svchost.exe","name":"svchost.exe","pid":943},"pid":12638},"user":{"domain":"DOMAIN","name":"SYSTEM"},"winlog":{"channel":"Microsoft-Windows-Sysmon/Operational","computer_name":"WIN-QV77EO5Y.domain.local","event_id":1,"provider_name":"Microsoft-Windows-Sysmon","record_id":2918069,"task":"Process creation (rule: ProcessCreate)"}}
{"@timestamp":"2023-12-10T22:33:40.577Z","Details":"C:\\temp\\P2KUO9RS.exe","EventID":13,"Image":"C:\\Windows\\System32\\regsvr32.exe","TargetObject":"HKCU\\SOFTWARE\\Microsoft\\Windows\\CurrentVersion\\Run\\WWTPQZKBRQ","agent":{"hostname":"WIN-8RB907SA","type":"winlogbeat","version":"8.5.0"},"ecs":{"version":"8.5.0"},"event":{"action":"Process creation","category":["process"],"code":13,"kind":"event","provider":"Microsoft-Windows-Sysmon","type":["start"]},"host":{"name":"WIN-SOJ7P0I3","os":{"family":"windows","name":"Windows Server 2019","version":"10.0.17763"}},"registry":{"data":{"strings":["C:\\temp\\UO1440XK.exe"]},"key":"HKCU\\SOFTWARE\\Microsoft\\Windows\\CurrentVersion\\Run","value":"J0JV2N5CEU"},"winlog":{"channel":"Microsoft-Windows-Sysmon/Operational","computer_name":"WIN-1OTZWV7J.domain.local","event_id":13,"provider_name":"Microsoft-Windows-Sysmon","record_id":5521687,"task":"Process creation (rule: ProcessCreate)"}}
{"@timestamp":"2023-01-18T00:53:51.959Z","DestinationIp":"172.16.0.10","DestinationPort":8443,"EventID":3,"Image":"C:\\Windows\\System32\\mshta.exe","Protocol":"tcp","SourceIp":"192.168.1.100","SourcePort":51906,"agent":{"hostname":"WIN-O2KB10UO","type":"winlogbeat","version":"8.5.0"},"destination":{"ip":"172.16.0.10","port":8443},"ecs":{"version":"8.5.0"},"event":{"action":"Process creation","category":["process"],"code":3,"kind":"event","provider":"Microsoft-Windows-Sysmon","type":["start"]},"host":{"name":"WIN-JBPB3F57","os":{"family":"windows","name":"Windows Server 2019","version":"10.0.17763"}},"network":{"direction":"outbound","protocol":"tcp"},"source":{"ip":"192.168.1.100","port":51906},"winlog":{"channel":"Microsoft-Windows-Sysmon/Operational","computer_name":"WIN-IFCTB0O1.domain.local","event_id":3,"provider_name":"Microsoft-Windows-Sysmon","record_id":7651443,"task":"Process creation (rule: ProcessCreate)"}}
{"@timestamp":"2023-07-20T21:00:58.754Z","CommandLine":"C:\\Windows\\System32\\WindowsPowerShell\\v1.0\\powershell.exe 62DA0IALED","EventID":1,"Image":"C:\\Windows\\System32\\WindowsPowerShell\\v1.0\\powershell.exe","ParentImage":"C:\\Windows\\System32\\explorer.exe","ParentProcessId":766,"ProcessId":44198,"User":"john.doe","agent":{"hostname":"WIN-NTNQRR27","type":"winlogbeat","version":"8.5.0"},"ecs":{"version":"8.5.0"},"event":{"action":"Process creation","category":["process"],"code":1,"kind":"event","provider":"Microsoft-Windows-Sysmon","type":["start"]},"host":{"name":"WIN-74YZB41U","os":{"family":"windows","name":"Windows Server 2019","version":"10.0.17763"}},"process":{"args":["C:\\Windows\\System32\\WindowsPowerShell\\v1.0\\powershell.exe","62DA0IALED"],"command_line":"C:\\Windows\\System32\\WindowsPowerShell\\v1.0\\powershell.exe 62DA0IALED","executable":"C:\\Windows\\System32\\WindowsPowerShell\\v1.0\\powershell.exe","name":"powershell.exe","parent":{"executable":"C:\\Windows\\System32\\explorer.exe","name":"explorer.exe","pid":865},"pid":32464},"user":{"domain":"DOMAIN","name":"john.doe"},"winlog":{"channel":"Microsoft-Windows-Sysmon/Operational","computer_name":"WIN-8O4WHYHO.domain.local","event_id":1,"provider_name":"Microsoft-Windows-Sysmon","record_id":3527466,"task":"Process creation (rule: ProcessCreate)"}}
{"@timestamp":"2023-11-19T22:50:20.804Z","DestinationIp":"8.8.8.8","DestinationPort":139,"EventID":3,"Image":"C:\\Windows\\System32\\wscript.exe","Protocol":"tcp","SourceIp":"192.168.1.100","SourcePort":60036,"agent":{"hostname":"WIN-XK34Z2QB","type":"winlogbeat","version":"8.5.0"},"destination":{"ip":"8.8.8.8","port":139},"ecs":{"version":"8.5.0"},"event":{"action":"Process creation","category":["process"],"code":3,"kind":"event","provider":"Microsoft-Windows-Sysmon","type":["start"]},"host":{"name":"WIN-310FBKJ6","os":{"family":"windows","name":"Windows Server 2019","version":"10.0.17763"}},"network":{"direction":"outbound","protocol":"tcp"},"source":{"ip":"192.168.1.100","port":60036},"winlog":{"channel":"Microsoft-Windows-Sysmon/Operational","computer_name":"WIN-5EMBF135.domain.local","event_id":3,"provider_name":"Microsoft-Windows-Sysmon","record_id":3827069,"task":"Process creation (rule: ProcessCreate)"}}
{"@timestamp":"2023-01-07T03:02:12.571Z","CommandLine":"C:\\Windows\\System32\\cmd.exe I79SST3M8O","EventID":1,"Image":"C:\\Windows\\System32\\cmd.exe","ParentImage":"C:\\Program Files (x86)\\Microsoft\\Edge\\Application\\msedge.exe","ParentProcessId":718,"ProcessId":48141,"User":"SYSTEM","agent":{"hostname":"WIN-5GE0LFM9","type":"winlogbeat","version":"8.5.0"},"ecs":{"version":"8.5.0"},"event":{"action":"Process creation","category":["process"],"code":1,"kind":"event","provider":"Microsoft-Windows-Sysmon","type":["start"]},"host":{"name":"WIN-H1X1QAJL","os":{"family":"windows","name":"Windows Server 2019","version":"10.0.17763"}},"process":{"args":["C:\\Windows\\System32\\cmd.exe","I79SST3M8O"],"command_line":"C:\\Windows\\System32\\cmd.exe I79SST3M8O","executable":"C:\\Windows\\System32\\cmd.exe","name":"cmd.exe","parent":{"executable":"C:\\Program Files (x86)\\Microsoft\\Edge\\Application\\msedge.exe","name":"msedge.exe","pid":317},"pid":22775},"user":{"domain":"DOMAIN","name":"SYSTEM"},"winlog":{"channel":"Microsoft-Windows-Sysmon/Operational","computer_name":"WIN-VN2B1N0A.domain.local","event_id":1,"provider_name":"Microsoft-Windows-Sysmon","record_id":3794892,"task":"Process creation (rule: ProcessCreate)"}}
{"@timestamp":"2023-05-23T02:37:12.250Z","DestinationIp":"192.168.1.100","DestinationPort":443,"EventID":3,"Image":"C:\\Windows\\System32\\services.exe","Protocol":"tcp","SourceIp":"192.168.1.100","SourcePort":65368,"agent":{"hostname":"WIN-ATUGELBL","type":"winlogbeat","version":"8.5.0"},"destination":{"ip":"192.168.1.100","port":443},"ecs":{"version":"8.5.0"},"event":{"action":"Process creation","category":["process"],"code":3,"kind":"event","provider":"Microsoft-Windows-Sysmon","type":["start"]},"host":{"name":"WIN-2OVIP83A","os":{"family":"windows","name":"Windows Server 2019","version":"10.0.17763"}},"network":{"direction":"outbound","protocol":"tcp"},"source":{"ip":"192.168.1.100","port":65368},"winlog":{"channel":"Microsoft-Windows-Sysmon/Operational","computer_name":"WIN-1MFC1040.domain.local","event_id":3,"provider_name":"Microsoft-Windows-Sysmon","record_id":2755364,"task":"Process creation (rule: ProcessCreate)"}}
{"@timestamp":"2023-05-23T13:19:30.635Z","CommandLine":"C:\\Windows\\System32\\taskmgr.exe F1W3HR45TT","EventID":1,"Image":"C:\\Windows\\System32\\taskmgr.exe","ParentImage":"C:\\Windows\\System32\\cscript.exe","ParentProcessId":772,"ProcessId":40030,"User":"Administrator","agent":{"hostname":"WIN-XSWJMPDF","type":"winlogbeat","version":"8.5.0"},"ecs":{"version":"8.5.0"},"event":{"action":"Process creation","category":["process"],"code":1,"kind":"event","provider":"Microsoft-Windows-Sysmon","type":["start"]},"host":{"name":"WIN-5DOBVO66","os":{"family":"windows","name":"Windows Server 2019","version":"10.0.17763"}},"process":{"args":["C:\\Windows\\System32\\taskmgr.exe","F1W3HR45TT"],"command_line":"C:\\Windows\\System32\\taskmgr.exe F1W3HR45TT","executable":"C:\\Windows\\System32\\taskmgr.exe","name":"taskmgr.exe","parent":{"executable":"C:\\Windows\\System32\\cscript.exe","name":"cscript.exe","pid":645},"pid":6982},"user":{"domain":"DOMAIN","name":"Administrator"},"winlog":{"channel":"Microsoft-Windows-Sysmon/Operational","computer_name":"WIN-88BM64ZO.domain.local","event_id":1,"provider_name":"Microsoft-Windows-Sysmon","record_id":6797288,"task":"Process creation (rule: ProcessCreate)"}}
{"@timestamp":"2023-04-04T04:22:24.279Z","CommandLine":"C:\\Windows\\System32\\mshta.exe SVH671TGHUTAP12PEAEX","EventID":1,"Image":"C:\\Windows\\System32\\mshta.exe","ParentImage":"C:\\Windows\\System32\\rundll32.exe","ParentProcessId":355,"ProcessId":22978,"User":"SYSTEM","agent":{"hostname":"WIN-NF25904X","type":"winlogbeat","version":"8.5.0"},"ecs":{"version":"8.5.0"},"event":{"action":"Process creation","category":["process"],"code":1,"kind":"event","provider":"Microsoft-Windows-Sysmon","type":["start"]},"host":{"name":"WIN-J4R2Q7A1","os":{"family":"windows","name":"Windows Server 2019","version":"10.0.17763"}},"process":{"args":["C:\\Windows\\System32\\mshta.exe","SVH671TGHUTAP12PEAEX"],"command_line":"C:\\Windows\\System32\\mshta.exe SVH671TGHUTAP12PEAEX","executable":"C:\\Windows\\System32\\mshta.exe","name":"mshta.exe","parent":{"executable":"C:\\Windows\\System32\\rundll32.exe","name":"rundll32.exe","pid":737},"pid":31848},"user":{"domain":"DOMAIN","name":"SYSTEM"},"winlog":{"channel":"Microsoft-Windows-Sysmon/Operational","computer_name":"WIN-G6SBALKB.domain.local","event_id":1,"provider_name":"Microsoft-Windows-Sysmon","record_id":7464178,"task":"Process creation (rule: ProcessCreate)"}}
{"@timestamp":"2023-08-10T07:23:25.630Z","DestinationIp":"172.16.0.10","DestinationPort":139,"EventID":3,"Image":"C:\\Windows\\System32\\explorer.exe","Protocol":"tcp","SourceIp":"192.168.1.100","SourcePort":54318,"agent":{"hostname":"WIN-A4POTAEY","type":"winlogbeat","version":"8.5.0"},"destination":{"ip":"172.16.0.10","port":139},"ecs":{"version":"8.5.0"},"event":{"action":"Process creation","category":["process"],"code":3,"kind":"event","provider":"Microsoft-Windows-Sysmon","type":["start"]},"host":{"name":"WIN-RY95FS65","os":{"family":"windows","name":"Windows Server 2019","version":"10.0.17763"}},"network":{"direction":"outbound","protocol":"tcp"},"source":{"ip":"192.168.1.100","port":54318},"winlog":{"channel":"Microsoft-Windows-Sysmon/Operational","computer_name":"WIN-HHTS2B5W.domain.local","event_id":3,"provider_name":"Microsoft-Windows-Sysmon","record_id":2144755,"task":"Process creation (rule: ProcessCreate)"}}
{"@timestamp":"2023-06-08T18:48:01.436Z","EventID":17,"Image":"C:\\Windows\\System32\\wscript.exe","PipeName":"\\pipe\\mojo.5990.5QZXQW93","agent":{"hostname":"WIN-LNC02VAI","type":"winlogbeat","version":"8.5.0"},"ecs":{"version":"8.5.0"},"event":{"action":"Process creation","category":["process"],"code":17,"kind":"event","provider":"Microsoft-Windows-Sysmon","type":["start"]},"host":{"name":"WIN-IJN1C5U6","os":{"family":"windows","name":"Windows Server 2019","version":"10.0.17763"}},"winlog":{"channel":"Microsoft-Windows-Sysmon/Operational","computer_name":"WIN-39YKNDM1.domain.local","event_id":17,"provider_name":"Microsoft-Windows-Sysmon","record_id":7001558,"task":"Process creation (rule: ProcessCreate)"}}
{"@timestamp":"2023-01-20T00:34:20.987Z","EventID":17,"Image":"C:\\Windows\\System32\\notepad.exe","PipeName":"\\pipe\\wkssvc","agent":{"hostname":"WIN-W73MQREF","type":"winlogbeat","version":"8.5.0"},"ecs":{"version":"8.5.0"},"event":{"action":"Process creation","category":["process"],"code":17,"kind":"event","provider":"Microsoft-Windows-Sysmon","type":["start"]},"host":{"name":"WIN-OYZLIY8P","os":{"family":"windows","name":"Windows Server 2019","version":"10.0.17763"}},"winlog":{"channel":"Microsoft-Windows-Sysmon/Operational","computer_name":"WIN-AKIELUTJ.domain.local","event_id":17,"provider_name":"Microsoft-Windows-Sysmon","record_id":7764045,"task":"Process creation (rule: ProcessCreate)"}}
{"@timestamp":"2023-09-16T12:48:40.363Z","EventID":17,"Image":"C:\\Windows\\System32\\explorer.exe","PipeName":"\\pipe\\samr","agent":{"hostname":"WIN-OUSPASH8","type":"winlogbeat","version":"8.5.0"},"ecs":{"version":"8.5.0"},"event":{"action":"Process creation","category":["process"],"code":17,"kind":"event","provider":"Microsoft-Windows-Sysmon","type":["start"]},"host":{"name":"WIN-6IJTX2G9","os":{"family":"windows","name":"Windows Server 2019","version":"10.0.17763"}},"winlog":{"channel":"Microsoft-Windows-Sysmon/Operational","computer_name":"WIN-H2LB48PP.domain.local","event_id":17,"provider_name":"Microsoft-Windows-Sysmon","record_id":8037585,"task":"Process creation (rule: ProcessCreate)"}}
{"@timestamp":"2023-04-17T05:35:09.230Z","CommandLine":"C:\\Windows\\System32\\wininit.exe 43K267NZXK","EventID":1,"Image":"C:\\Windows\\System32\\wininit.exe","ParentImage":"C:\\Program Files (x86)\\Microsoft\\Edge\\Application\\msedge.exe","ParentProcessId":176,"ProcessId":23126,"User":"service_account","agent":{"hostname":"WIN-EDA0ZLU1","type":"winlogbeat","version":"8.5.0"},"ecs":{"version":"8.5.0"},"event":{"action":"Process creation","category":["process"],"code":1,"kind":"event","provider":"Microsoft-Windows-Sysmon","type":["start"]},"host":{"name":"WIN-1UJ41GZB","os":{"family":"windows","name":"Windows Server 2019","version":"10.0.17763"}},"process":{"args":["C:\\Windows\\System32\\wininit.exe","43K267NZXK"],"command_line":"C:\\Windows\\System32\\wininit.exe 43K267NZXK","executable":"C:\\Windows\\System32\\wininit.exe","name":"wininit.exe","parent":{"executable":"C:\\Program Files (x86)\\Microsoft\\Edge\\Application\\msedge.exe","name":"msedge.exe","pid":575},"pid":52532},"user":{"domain":"DOMAIN","name":"service_account"},"winlog":{"channel":"Microsoft-Windows-Sysmon/Operational","computer_name":"WIN-BEOVZE7U.domain.local","event_id":1,"provider_name":"Microsoft-Windows-Sysmon","record_id":9122875,"task":"Process creation (rule: ProcessCreate)"}}
{"@timestamp":"2023-12-15T16:31:59.576Z","CommandLine":"C:\\Windows\\System32\\lsass.exe 2MWGXLJXGC","EventID":1,"Image":"C:\\Windows\\System32\\lsass.exe","ParentImage":"C:\\Windows\\System32\\svchost.exe","ParentProcessId":904,"ProcessId":36582,"User":"jane.smith","agent":{"hostname":"WIN-P8RQF3YW","type":"winlogbeat","version":"8.5.0"},"ecs":{"version":"8.5.0"},"event":{"action":"Process creation","category":["process"],"code":1,"kind":"event","provider":"Microsoft-Windows-Sysmon","type":["start"]},"host":{"name":"WIN-FTB3MLK6","os":{"family":"windows","name":"Windows Server 2019","version":"10.0.17763"}},"process":{"args":["C:\\Windows\\System32\\lsass.exe","2MWGXLJXGC"],"command_line":"C:\\Windows\\System32\\lsass.exe 2MWGXLJXGC","executable":"C:\\Windows\\System32\\lsass.exe","name":"lsass.exe","parent":{"executable":"C:\\Windows\\System32\\svchost.exe","name":"svchost.exe","pid":385},"pid":48221},"user":{"domain":"DOMAIN","name":"jane.smith"},"winlog":{"channel":"Microsoft-Windows-Sysmon/Operational","computer_name":"WIN-ANSQ817F.domain.local","event_id":1,"provider_name":"Microsoft-Windows-Sysmon","record_id":3874698,"task":"Process creation (rule: ProcessCreate)"}}
{"@timestamp":"2023-09-06T16:25:37.469Z","CommandLine":"C:\\Windows\\System32\\WindowsPowerShell\\v1.0\\powershell.exe I1NHPX6M3J","EventID":1,"Image":"C:\\Windows\\System32\\WindowsPowerShell\\v1.0\\powershell.exe","ParentImage":"C:\\Windows\\System32\\services.exe","ParentProcessId":297,"ProcessId":44265,"User":"service_account","agent":{"hostname":"WIN-AOX2G14P","type":"winlogbeat","version":"8.5.0"},"ecs":{"version":"8.5.0"},"event":{"action":"Process creation","category":["process"],"code":1,"kind":"event","provider":"Microsoft-Windows-Sysmon","type":["start"]},"host":{"name":"WIN-TMO1VL0K","os":{"family":"windows","name":"Windows Server 2019","version":"10.0.17763"}},"process":{"args":["C:\\Windows\\System32\\WindowsPowerShell\\v1.0\\powershell.exe","I1NHPX6M3J"],"command_line":"C:\\Windows\\System32\\WindowsPowerShell\\v1.0\\powershell.exe I1NHPX6M3J","executable":"C:\\Windows\\System32\\WindowsPowerShell\\v1.0\\powershell.exe","name":"powershell.exe","parent":{"executable":"C:\\Windows\\System32\\services.exe","name":"services.exe","pid":272},"pid":47300},"user":{"domain":"DOMAIN","name":"service_account"},"winlog":{"channel":"Microsoft-Windows-Sysmon/Operational","computer_name":"WIN-GNUIY6DH.domain.local","event_id":1,"provider_name":"Microsoft-Windows-Sysmon","record_id":4557726,"task":"Process creation (rule: ProcessCreate)"}}
{"@timestamp":"2023-12-08T00:18:40.270Z","CommandLine":"C:\\Windows\\System32\\lsass.exe OL4347HQI4","EventID":1,"Image":"C:\\Windows\\System32\\lsass.exe","ParentImage":"C:\\Windows\\System32\\WindowsPowerShell\\v1.0\\powershell.exe","ParentProcessId":747,"ProcessId":9049,"User":"Administrator","agent":{"hostname":"WIN-KBZ95E1U","type":"winlogbeat","version":"8.5.0"},"ecs":{"version":"8.5.0"},"event":{"action":"Process creation","category":["process"],"code":1,"kind":"event","provider":"Microsoft-Windows-Sysmon","type":["start"]},"host":{"name":"WIN-3Y0R0I1S","os":{"family":"windows","name":"Windows Server 2019","version":"10.0.17763"}},"process":{"args":["C:\\Windows\\System32\\lsass.exe","OL4347HQI4"],"command_line":"C:\\Windows\\System32\\lsass.exe OL4347HQI4","executable":"C:\\Windows\\System32\\lsass.exe","name":"lsass.exe","parent":{"executable":"C:\\Windows\\System32\\WindowsPowerShell\\v1.0\\powershell.exe","name":"powershell.exe","pid":455},"pid":65043},"user":{"domain":"DOMAIN","name":"Administrator"},"winlog":{"channel":"Microsoft-Windows-Sysmon/Operational","computer_name":"WIN-D7VBDI5S.domain.local","event_id":1,"provider_name":"Microsoft-Windows-Sysmon","record_id":6343449,"task":"Process creation (rule: ProcessCreate)"}}
{"@timestamp":"2023-05-11T16:21:32.922Z","Details":"C:\\temp\\51XGXAII.exe","EventID":13,"Image":"C:\\Windows\\System32\\cscript.exe","TargetObject":"HKLM\\SOFTWARE\\Classes\\exefile\\shell\\open\\command\\K4G44JITX3","agent":{"hostname":"WIN-56TM9P9F","type":"winlogbeat","version":"8.5.0"},"ecs":{"version":"8.5.0"},"event":{"action":"Process creation","category":["process"],"code":13,"kind":"event","provider":"Microsoft-Windows-Sysmon","type":["start"]},"host":{"name":"WIN-SIWL5081","os":{"family":"windows","name":"Windows Server 2019","version":"10.0.17763"}},"registry":{"data":{"strings":["C:\\temp\\QCDFZFC7.exe"]},"key":"HKLM\\SOFTWARE\\Classes\\exefile\\shell\\open\\command","value":"XFP26VVMKP"},"winlog":{"channel":"Microsoft-Windows-Sysmon/Operational","computer_name":"WIN-6HNP5VJ5.domain.local","event_id":13,"provider_name":"Microsoft-Windows-Sysmon","record_id":3167610,"task":"Process creation (rule: ProcessCreate)"}}
{"@timestamp":"2023-04-16T03:37:05.312Z","EventID":17,"Image":"C:\\Windows\\System32\\cmd.exe","PipeName":"\\pipe\\MSCTF.Server.LGXCXUHS6GHB1GM8XWCHNX0CER2JQT8ZJIP4","agent":{"hostname":"WIN-BZX9FFL5","type":"winlogbeat","version":"8.5.0"},"ecs":{"version":"8.5.0"},"event":{"action":"Process creation","category":["process"],"code":17,"kind":"event","provider":"Microsoft-Windows-Sysmon","type":["start"]},"host":{"name":"WIN-GTXABL7X","os":{"family":"windows","name":"Windows Server 2019","version":"10.0.17763"}},"winlog":{"channel":"Microsoft-Windows-Sysmon/Operational","computer_name":"WIN-K2FY4HOJ.domain.local","event_id":17,"provider_name":"Microsoft-Windows-Sysmon","record_id":6515444,"task":"Process creation (rule: ProcessCreate)"}}
{"@timestamp":"2023-12-10T02:39:17.102Z","CommandLine":"C:\\Windows\\System32\\cmd.exe 4UPGJ9PD2S","EventID":1,"Image":"C:\\Windows\\System32\\cmd.exe","ParentImage":"C:\\Windows\\System32\\cscript.exe","ParentProcessId":117,"ProcessId":8080,"User":"user","agent":{"hostname":"WIN-CV6NWZMH","type":"winlogbeat","version":"8.5.0"},"ecs":{"version":"8.5.0"},"event":{"action":"Process creation","category":["process"],"code":1,"kind":"event","provider":"Microsoft-Windows-Sysmon","type":["start"]},"host":{"name":"WIN-2SZFPWNV","os":{"family":"windows","name":"Windows Server 2019","version":"10.0.17763"}},"process":{"args":["C:\\Windows\\System32\\cmd.exe","4UPGJ9PD2S"],"command_line":"C:\\Windows\\System32\\cmd.exe 4UPGJ9PD2S","executable":"C:\\Windows\\System32\\cmd.exe","name":"cmd.exe","parent":{"executable":"C:\\Windows\\System32\\cscript.exe","name":"cscript.exe","pid":938},"pid":25117},"user":{"domain":"DOMAIN","name":"user"},"winlog":{"channel":"Microsoft-Windows-Sysmon/Operational","computer_name":"WIN-O434JKZL.domain.local","event_id":1,"provider_name":"Microsoft-Windows-Sysmon","record_id":7318349,"task":"Process creation (rule: ProcessCreate)"}}
{"@timestamp":"2023-10-09T14:42:38.255Z","Details":"C:\\temp\\FO1U0GCE.exe","EventID":13,"Image":"C:\\Windows\\System32\\cscript.exe","TargetObject":"HKLM\\SOFTWARE\\Microsoft\\Windows\\CurrentVersion\\Run\\1GOT2VNPCU","agent":{"hostname":"WIN-4K5JUKUR","type":"winlogbeat","version":"8.5.0"},"ecs":{"version":"8.5.0"},"event":{"action":"Process creation","category":["process"],"code":13,"kind":"event","provider":"Microsoft-Windows-Sysmon","type":["start"]},"host":{"name":"WIN-92IG30AS","os":{"family":"windows","name":"Windows Server 2019","version":"10.0.17763"}},"registry":{"data":{"strings":["C:\\temp\\IKMMBVBW.exe"]},"key":"HKLM\\SOFTWARE\\Microsoft\\Windows\\CurrentVersion\\Run","value":"3NZNA6XRL3"},"winlog":{"channel":"Microsoft-Windows-Sysmon/Operational","computer_name":"WIN-Y1YCA659.domain.local","event_id":13,"provider_name":"Microsoft-Windows-Sysmon","record_id":1710295,"task":"Process creation (rule: ProcessCreate)"}}
{"@timestamp":"2023-09-03T20:52:16.741Z","CommandLine":"C:\\Windows\\System32\\cscript.exe ZH6JFNRXDM","EventID":1,"Image":"C:\\Windows\\System32\\cscript.exe","ParentImage":"C:\\Windows\\System32\\regsvr32.exe","ParentProcessId":298,"ProcessId":49425,"User":"NT AUTHORITY\\NETWORK SERVICE","agent":{"hostname":"WIN-8I31G583","type":"winlogbeat","version":"8.5.0"},"ecs":{"version":"8.5.0"},"event":{"action":"Process creation","category":["process"],"code":1,"kind":"event","provider":"Microsoft-Windows-Sysmon","type":["start"]},"host":{"name":"WIN-ITJEU5E9","os":{"family":"windows","name":"Windows Server 2019","version":"10.0.17763"}},"process":{"args":["C:\\Windows\\System32\\cscript.exe","ZH6JFNRXDM"],"command_line":"C:\\Windows\\System32\\cscript.exe ZH6JFNRXDM","executable":"C:\\Windows\\System32\\cscript.exe","name":"cscript.exe","parent":{"executable":"C:\\Windows\\System32\\regsvr32.exe","name":"regsvr32.exe","pid":551},"pid":3846},"user":{"domain":"NT AUTHORITY","name":"NT AUTHORITY\\NETWORK SERVICE"},"winlog":{"channel":"Microsoft-Windows-Sysmon/Operational","computer_name":"WIN-V4PZQ65Q.domain.local","event_id":1,"provider_name":"Microsoft-Windows-Sysmon","record_id":2059300,"task":"Process creation (rule: ProcessCreate)"}}
{"@timestamp":"2023-03-10T03:09:15.260Z","CommandLine":"C:\\Windows\\System32\\taskmgr.exe INWYV9D0DF","EventID":1,"Image":"C:\\Windows\\System32\\taskmgr.exe","ParentImage":"C:\\Windows\\System32\\notepad.exe","ParentProcessId":139,"ProcessId":1011,"User":"user","agent":{"hostname":"WIN-01973HR2","type":"winlogbeat","version":"8.5.0"},"ecs":{"version":"8.5.0"},"event":{"action":"Process creation","category":["process"],"code":1,"kind":"event","provider":"Microsoft-Windows-Sysmon","type":["start"]},"host":{"name":"WIN-89ORWJB5","os":{"family":"windows","name":"Windows Server 2019","version":"10.0.17763"}},"process":{"args":["C:\\Windows\\System32\\taskmgr.exe","INWYV9D0DF"],"command_line":"C:\\Windows\\System32\\taskmgr.exe INWYV9D0DF","executable":"C:\\Windows\\System32\\taskmgr.exe","name":"taskmgr.exe","parent":{"executable":"C:\\Windows\\System32\\notepad.exe","name":"notepad.exe","pid":545},"pid":50572},"user":{"domain":"DOMAIN","name":"user"},"winlog":{"channel":"Microsoft-Windows-Sysmon/Operational","computer_name":"WIN-MN05NCI7.domain.local","event_id":1,"provider_name":"Microsoft-Windows-Sysmon","record_id":9300193,"task":"Process creation (rule: ProcessCreate)"}}
{"@timestamp":"2023-05-07T12:22:22.661Z","CommandLine":"C:\\Windows\\System32\\rundll32.exe SBL8GG1GXI","EventID":1,"Image":"C:\\Windows\\System32\\rundll32.exe","ParentImage":"C:\\Program Files\\Mozilla Firefox\\firefox.exe","ParentProcessId":905,"ProcessId":48642,"User":"NT AUTHORITY\\LOCAL SERVICE","agent":{"hostname":"WIN-NKTGIMMT","type":"winlogbeat","version":"8.5.0"},"ecs":{"version":"8.5.0"},"event":{"action":"Process creation","category":["process"],"code":1,"kind":"event","provider":"Microsoft-Windows-Sysmon","type":["start"]},"host":{"name":"WIN-FQBPN5FP","os":{"family":"windows","name":"Windows Server 2019","version":"10.0.17763"}},"process":{"args":["C:\\Windows\\System32\\rundll32.exe","SBL8GG1GXI"],"command_line":"C:\\Windows\\System32\\rundll32.exe SBL8GG1GXI","executable":"C:\\Windows\\System32\\rundll32.exe","name":"rundll32.exe","parent":{"executable":"C:\\Program Files\\Mozilla Firefox\\firefox.exe","name":"firefox.exe","pid":568},"pid":3623},"user":{"domain":"NT AUTHORITY","name":"NT AUTHORITY\\LOCAL SERVICE"},"winlog":{"channel":"Microsoft-Windows-Sysmon/Operational","computer_name":"WIN-JNL83YJA.domain.local","event_id":1,"provider_name":"Microsoft-Windows-Sysmon","record_id":2810421,"task":"Process creation (rule: ProcessCreate)"}}
{"@timestamp":"2023-05-09T15:06:04.521Z","CommandLine":"C:\\Program Files\\Mozilla Firefox\\firefox.exe QHSBM6ZEUD","EventID":1,"Image":"C:\\Program Files\\Mozilla Firefox\\firefox.exe","ParentImage":"C:\\Program Files (x86)\\Microsoft\\Edge\\Application\\msedge.exe","ParentProcessId":168,"ProcessId":50049,"User":"DefaultAccount","agent":{"hostname":"WIN-JGH27GZ3","type":"winlogbeat","version":"8.5.0"},"ecs":{"version":"8.5.0"},"event":{"action":"Process creation","category":["process"],"code":1,"kind":"event","provider":"Microsoft-Windows-Sysmon","type":["start"]},"host":{"name":"WIN-2A8C356P","os":{"family":"windows","name":"Windows Server 2019","version":"10.0.17763"}},"process":{"args":["C:\\Program","Files\\Mozilla","Firefox\\firefox.exe","QHSBM6ZEUD"],"command_line":"C:\\Program Files\\Mozilla Firefox\\firefox.exe QHSBM6ZEUD","executable":"C:\\Program Files\\Mozilla Firefox\\firefox.exe","name":"firefox.exe","parent":{"executable":"C:\\Program Files (x86)\\Microsoft\\Edge\\Application\\msedge.exe","name":"msedge.exe","pid":398},"pid":60255},"user":{"domain":"DOMAIN","name":"DefaultAccount"},"winlog":{"channel":"Microsoft-Windows-Sysmon/Operational","computer_name":"WIN-WF3V8SD5.domain.local","event_id":1,"provider_name":"Microsoft-Windows-Sysmon","record_id":1304912,"task":"Process creation (rule: ProcessCreate)"}}
{"@timestamp":"2023-05-18T17:04:54.543Z","CommandLine":"C:\\Windows\\System32\\cscript.exe NU29NV83AB","EventID":1,"Image":"C:\\Windows\\System32\\cscript.exe","ParentImage":"C:\\Windows\\System32\\WindowsPowerShell\\v1.0\\powershell.exe","ParentProcessId":556,"ProcessId":19152,"User":"john.doe","agent":{"hostname":"WIN-61K3YUX0","type":"winlogbeat","version":"8.5.0"},"ecs":{"version":"8.5.0"},"event":{"action":"Process creation","category":["process"],"code":1,"kind":"event","provider":"Microsoft-Windows-Sysmon","type":["start"]},"host":{"name":"WIN-AO6YYNAY","os":{"family":"windows","name":"Windows Server 2019","version":"10.0.17763"}},"process":{"args":["C:\\Windows\\System32\\cscript.exe","NU29NV83AB"],"command_line":"C:\\Windows\\System32\\cscript.exe NU29NV83AB","executable":"C:\\Windows\\System32\\cscript.exe","name":"cscript.exe","parent":{"executable":"C:\\Windows\\System32\\WindowsPowerShell\\v1.0\\powershell.exe","name":"powershell.exe","pid":127},"pid":32602},"user":{"domain":"DOMAIN","name":"john.doe"},"winlog":{"channel":"Microsoft-Windows-Sysmon/Operational","computer_name":"WIN-NXJM60G2.domain.local","event_id":1,"provider_name":"Microsoft-Windows-Sysmon","record_id":6556417,"task":"Process creation (rule: ProcessCreate)"}}
{"@timestamp":"2023-09-18T14:29:31.344Z","CommandLine":"C:\\Windows\\System32\\winlogon.exe 6G19FXE55E","EventID":1,"Image":"C:\\Windows\\System32\\winlogon.exe","ParentImage":"C:\\Windows\\System32\\services.exe","ParentProcessId":492,"ProcessId":52015,"User":"admin","agent":{"hostname":"WIN-3BBEW38D","type":"winlogbeat","version":"8.5.0"},"ecs":{"version":"8.5.0"},"event":{"action":"Process creation","category":["process"],"code":1,"kind":"event","provider":"Microsoft-Windows-Sysmon","type":["start"]},"host":{"name":"WIN-GRSE1JTN","os":{"family":"windows","name":"Windows Server 2019","version":"10.0.17763"}},"process":{"args":["C:\\Windows\\System32\\winlogon.exe","6G19FXE55E"],"command_line":"C:\\Windows\\System32\\winlogon.exe 6G19FXE55E","executable":"C:\\Windows\\System32\\winlogon.exe","name":"winlogon.exe","parent":{"executable":"C:\\Windows\\System32\\services.exe","name":"services.exe","pid":819},"pid":49570},"user":{"domain":"DOMAIN","name":"admin"},"winlog":{"channel":"Microsoft-Windows-Sysmon/Operational","computer_name":"WIN-Y9SWHX09.domain.local","event_id":1,"provider_name":"Microsoft-Windows-Sysmon","record_id":2588300,"task":"Process creation (rule: ProcessCreate)"}}
{"@timestamp":"2023-01-15T06:41:29.659Z","EventID":17,"Image":"C:\\Windows\\System32\\rundll32.exe","PipeName":"\\pipe\\wkssvc","agent":{"hostname":"WIN-S548UXVF","type":"winlogbeat","version":"8.5.0"},"ecs":{"version":"8.5.0"},"event":{"action":"Process creation","category":["process"],"code":17,"kind":"event","provider":"Microsoft-Windows-Sysmon","type":["start"]},"host":{"name":"WIN-BVBO3MXM","os":{"family":"windows","name":"Windows Server 2019","version":"10.0.17763"}},"winlog":{"channel":"Microsoft-Windows-Sysmon/Operational","computer_name":"WIN-ERFFCQHI.domain.local","event_id":17,"provider_name":"Microsoft-Windows-Sysmon","record_id":5684726,"task":"Process creation (rule: ProcessCreate)"}}
{"@timestamp":"2023-01-24T03:53:14.911Z","CommandLine":"C:\\Windows\\System32\\spoolsv.exe EY0DXW01S8","EventID":1,"Image":"C:\\Windows\\System32\\spoolsv.exe","ParentImage":"C:\\Windows\\System32\\services.exe","ParentProcessId":865,"ProcessId":52022,"User":"SYSTEM","agent":{"hostname":"WIN-LW7C1J6O","type":"winlogbeat","version":"8.5.0"},"ecs":{"version":"8.5.0"},"event":{"action":"Process creation","category":["process"],"code":1,"kind":"event","provider":"Microsoft-Windows-Sysmon","type":["start"]},"host":{"name":"WIN-C36YNDNU","os":{"family":"windows","name":"Windows Server 2019","version":"10.0.17763"}},"process":{"args":["C:\\Windows\\System32\\spoolsv.exe","EY0DXW01S8"],"command_line":"C:\\Windows\\System32\\spoolsv.exe EY0DXW01S8","executable":"C:\\Windows\\System32\\spoolsv.exe","name":"spoolsv.exe","parent":{"executable":"C:\\Windows\\System32\\services.exe","name":"services.exe","pid":738},"pid":43692},"user":{"domain":"DOMAIN","name":"SYSTEM"},"winlog":{"channel":"Microsoft-Windows-Sysmon/Operational","computer_name":"WIN-G2OSP6MQ.domain.local","event_id":1,"provider_name":"Microsoft-Windows-Sysmon","record_id":5228368,"task":"Process creation (rule: ProcessCreate)"}}
{"@timestamp":"2023-07-18T23:07:05.110Z","CommandLine":"C:\\Windows\\System32\\taskmgr.exe QJZH8QIY07","EventID":1,"Image":"C:\\Windows\\System32\\taskmgr.exe","ParentImage":"C:\\Windows\\System32\\calc.exe","ParentProcessId":302,"ProcessId":43204,"User":"NT AUTHORITY\\NETWORK SERVICE","agent":{"hostname":"WIN-748P990H","type":"winlogbeat","version":"8.5.0"},"ecs":{"version":"8.5.0"},"event":{"action":"Process creation","category":["process"],"code":1,"kind":"event","provider":"Microsoft-Windows-Sysmon","type":["start"]},"host":{"name":"WIN-OQTD92UZ","os":{"family":"windows","name":"Windows Server 2019","version":"10.0.17763"}},"process":{"args":["C:\\Windows\\System32\\taskmgr.exe","QJZH8QIY07"],"command_line":"C:\\Windows\\System32\\taskmgr.exe QJZH8QIY07","executable":"C:\\Windows\\System32\\taskmgr.exe","name":"taskmgr.exe","parent":{"executable":"C:\\Windows\\System32\\calc.exe","name":"calc.exe","pid":857},"pid":61208},"user":{"domain":"NT AUTHORITY","name":"NT AUTHORITY\\NETWORK SERVICE"},"winlog":{"channel":"Microsoft-Windows-Sysmon/Operational","computer_name":"WIN-03U4IF4M.domain.local","event_id":1,"provider_name":"Microsoft-Windows-Sysmon","record_id":2443387,"task":"Process creation (rule: ProcessCreate)"}}
{"@timestamp":"2023-03-17T10:40:38.694Z","CommandLine":"C:\\Program Files (x86)\\Microsoft\\Edge\\Application\\msedge.exe ISEKCN7XYG","EventID":1,"Image":"C:\\Program Files (x86)\\Microsoft\\Edge\\Application\\msedge.exe","ParentImage":"C:\\Windows\\System32\\WindowsPowerShell\\v1.0\\powershell.exe","ParentProcessId":322,"ProcessId":1808,"User":"Guest","agent":{"hostname":"WIN-CRTTBR24","type":"winlogbeat","version":"8.5.0"},"ecs":{"version":"8.5.0"},"event":{"action":"Process creation","category":["process"],"code":1,"kind":"event","provider":"Microsoft-Windows-Sysmon","type":["start"]},"host":{"name":"WIN-51JAS2EU","os":{"family":"windows","name":"Windows Server 2019","version":"10.0.17763"}},"process":{"args":["C:\\Program","Files","(x86)\\Microsoft\\Edge\\Application\\msedge.exe","ISEKCN7XYG"],"command_line":"C:\\Program Files (x86)\\Microsoft\\Edge\\Application\\msedge.exe ISEKCN7XYG","executable":"C:\\Program Files (x86)\\Microsoft\\Edge\\Application\\msedge.exe","name":"msedge.exe","parent":{"executable":"C:\\Windows\\System32\\WindowsPowerShell\\v1.0\\powershell.exe","name":"powershell.exe","pid":889},"pid":45417},"user":{"domain":"DOMAIN","name":"Guest"},"winlog":{"channel":"Microsoft-Windows-Sysmon/Operational","computer_name":"WIN-NQ6BREHM.domain.local","event_id":1,"provider_name":"Microsoft-Windows-Sysmon","record_id":2242994,"task":"Process creation (rule: ProcessCreate)"}}
{"@timestamp":"2023-10-28T07:25:30.122Z","CommandLine":"C:\\Program Files\\Google\\Chrome\\Application\\chrome.exe --new-tab https://example.com","EventID":1,"Image":"C:\\Program Files\\Google\\Chrome\\Application\\chrome.exe","ParentImage":"C:\\Windows\\System32\\taskmgr.exe","ParentProcessId":137,"ProcessId":33090,"User":"NT AUTHORITY\\SYSTEM","agent":{"hostname":"WIN-P87CSU9A","type":"winlogbeat","version":"8.5.0"},"ecs":{"version":"8.5.0"},"event":{"action":"Process creation","category":["process"],"code":1,"kind":"event","provider":"Microsoft-Windows-Sysmon","type":["start"]},"host":{"name":"WIN-KGUE7UOY","os":{"family":"windows","name":"Windows Server 2019","version":"10.0.17763"}},"process":{"args":["C:\\Program","Files\\Google\\Chrome\\Application\\chrome.exe","--new-tab","https://example.com"],"command_line":"C:\\Program Files\\Google\\Chrome\\Application\\chrome.exe --new-tab https://example.com","executable":"C:\\Program Files\\Google\\Chrome\\Application\\chrome.exe","name":"chrome.exe","parent":{"executable":"C:\\Windows\\System32\\taskmgr.exe","name":"taskmgr.exe","pid":482},"pid":51943},"user":{"domain":"NT AUTHORITY","name":"NT AUTHORITY\\SYSTEM"},"winlog":{"channel":"Microsoft-Windows-Sysmon/Operational","computer_name":"WIN-WN7OMB0Q.domain.local","event_id":1,"provider_name":"Microsoft-Windows-Sysmon","record_id":4077887,"task":"Process creation (rule: ProcessCreate)"}}
{"@timestamp":"2023-10-24T00:37:37.649Z","EventID":17,"Image":"C:\\Windows\\System32\\winlogon.exe","PipeName":"\\pipe\\spoolss","agent":{"hostname":"WIN-OMNQCNSO","type":"winlogbeat","version":"8.5.0"},"ecs":{"version":"8.5.0"},"event":{"action":"Process creation","category":["process"],"code":17,"kind":"event","provider":"Microsoft-Windows-Sysmon","type":["start"]},"host":{"name":"WIN-VEOMEULH","os":{"family":"windows","name":"Windows Server 2019","version":"10.0.17763"}},"winlog":{"channel":"Microsoft-Windows-Sysmon/Operational","computer_name":"WIN-9R6APAOW.domain.local","event_id":17,"provider_name":"Microsoft-Windows-Sysmon","record_id":3764547,"task":"Process creation (rule: ProcessCreate)"}}
