{"@timestamp":"2023-03-16T02:27:53.820Z","CommandLine":"C:\\Windows\\System32\\calc.exe ZEH6N5HB6R","EventID":1,"Image":"C:\\Windows\\System32\\calc.exe","ParentImage":"C:\\Windows\\System32\\notepad.exe","ParentProcessId":757,"ProcessId":18779,"User":"NT AUTHORITY\\NETWORK SERVICE","agent":{"hostname":"WIN-Z5FVLNTY","type":"winlogbeat","version":"8.5.0"},"ecs":{"version":"8.5.0"},"event":{"action":"Process creation","category":["process"],"code":1,"kind":"event","provider":"Microsoft-Windows-Sysmon","type":["start"]},"host":{"name":"WIN-0W4HZM49","os":{"family":"windows","name":"Windows Server 2019","version":"10.0.17763"}},"process":{"args":["C:\\Windows\\System32\\calc.exe","ZEH6N5HB6R"],"command_line":"C:\\Windows\\System32\\calc.exe ZEH6N5HB6R","executable":"C:\\Windows\\System32\\calc.exe","name":"calc.exe","parent":{"executable":"C:\\Windows\\System32\\notepad.exe","name":"notepad.exe","pid":514},"pid":35119},"user":{"domain":"NT AUTHORITY","name":"NT AUTHORITY\\NETWORK SERVICE"},"winlog":{"channel":"Microsoft-Windows-Sysmon/Operational","computer_name":"WIN-XNBWUA2H.domain.local","event_id":1,"provider_name":"Microsoft-Windows-Sysmon","record_id":4826893,"task":"Process creation (rule: ProcessCreate)"}}
{"@timestamp":"2023-06-10T14:51:01.799Z","CommandLine":"C:\\Windows\\System32\\lsass.exe B77OD53CL5","EventID":1,"Image":"C:\\Windows\\System32\\lsass.exe","ParentImage":"C:\\Windows\\System32\\wininit.exe","ParentProcessId":149,"ProcessId":13732,"User":"NT AUTHORITY\\LOCAL SERVICE","agent":{"hostname":"WIN-L9WNQZWH","type":"winlogbeat","version":"8.5.0"},"ecs":{"version":"8.5.0"},"event":{"action":"Process creation","category":["process"],"code":1,"kind":"event","provider":"Microsoft-Windows-Sysmon","type":["start"]},"host":{"name":"WIN-FBZII5VL","os":{"family":"windows","name":"Windows Server 2019","version":"10.0.17763"}},"process":{"args":["C:\\Windows\\System32\\lsass.exe","B77OD53CL5"],"command_line":"C:\\Windows\\System32\\lsass.exe B77OD53CL5","executable":"C:\\Windows\\System32\\lsass.exe","name":"lsass.exe","parent":{"executable":"C:\\Windows\\System32\\wininit.exe","name":"wininit.exe","pid":742},"pid":45605},"user":{"domain":"NT AUTHORITY","name":"NT AUTHORITY\\LOCAL SERVICE"},"winlog":{"channel":"Microsoft-Windows-Sysmon/Operational","computer_name":"WIN-O0DBWSKT.domain.local","event_id":1,"provider_name":"Microsoft-Windows-Sysmon","record_id":4756440,"task":"Process creation (rule: ProcessCreate)"}}
{"@timestamp":"2023-02-17T01:19:16.448Z","CommandLine":"C:\\Program Files\\Mozilla Firefox\\firefox.exe V5AMP0G6YK","EventID":1,"Image":"C:\\Program Files\\Mozilla Firefox\\firefox.exe","ParentImage":"C:\\Windows\\System32\\wscript.exe","ParentProcessId":535,"ProcessId":54594,"User":"NT AUTHORITY\\NETWORK SERVICE","agent":{"hostname":"WIN-8STLIS7Z","type":"winlogbeat","version":"8.5.0"},"ecs":{"version":"8.5.0"},"event":{"action":"Process creation","category":["process"],"code":1,"kind":"event","provider":"Microsoft-Windows-Sysmon","type":["start"]},"host":{"name":"WIN-WTQTOLHG","os":{"family":"windows","name":"Windows Server 2019","version":"10.0.17763"}},"process":{"args":["C:\\Program","Files\\Mozilla","Firefox\\firefox.exe","V5AMP0G6YK"],"command_line":"C:\\Program Files\\Mozilla Firefox\\firefox.exe V5AMP0G6YK","executable":"C:\\Program Files\\Mozilla Firefox\\firefox.exe","name":"firefox.exe","parent":{"executable":"C:\\Windows\\System32\\wscript.exe","name":"wscript.exe","pid":844},"pid":60935},"user":{"domain":"NT AUTHORITY","name":"NT AUTHORITY\\NETWORK SERVICE"},"winlog":{"channel":"Microsoft-Windows-Sysmon/Operational","computer_name":"WIN-F32UAZKV.domain.local","event_id":1,"provider_name":"Microsoft-Windows-Sysmon","record_id":3454806,"task":"Process creation (rule: ProcessCreate)"}}
{"@timestamp":"2023-08-28T18:09:16.196Z","DestinationIp":"suspicious-site.net","DestinationPort":53,"EventID":3,"Image":"C:\\Windows\\System32\\lsass.exe","Protocol":"tcp","SourceIp":"192.168.1.100","SourcePort":49881,"agent":{"hostname":"WIN-NNTU8EH4","type":"winlogbeat","version":"8.5.0"},"destination":{"ip":"suspicious-site.net","port":53},"ecs":{"version":"8.5.0"},"event":{"action":"Process creation","category":["process"],"code":3,"kind":"event","provider":"Microsoft-Windows-Sysmon","type":["start"]},"host":{"name":"WIN-3CWWZ4MR","os":{"family":"windows","name":"Windows Server 2019","version":"10.0.17763"}},"network":{"direction":"outbound","protocol":"tcp"},"source":{"ip":"192.168.1.100","port":49881},"winlog":{"channel":"Microsoft-Windows-Sysmon/Operational","computer_name":"WIN-07GXSX5Q.domain.local","event_id":3,"provider_name":"Microsoft-Windows-Sysmon","record_id":9238839,"task":"Process creation (rule: ProcessCreate)"}}
{"@timestamp":"2023-03-19T16:07:16.623Z","CommandLine":"C:\\Windows\\System32\\services.exe FAD65U16MI","EventID":1,"Image":"C:\\Windows\\System32\\services.exe","ParentImage":"C:\\Windows\\System32\\notepad.exe","ParentProcessId":670,"ProcessId":9963,"User":"user","agent":{"hostname":"WIN-W4T2VC1M","type":"winlogbeat","version":"8.5.0"},"ecs":{"version":"8.5.0"},"event":{"action":"Process creation","category":["process"],"code":1,"kind":"event","provider":"Microsoft-Windows-Sysmon","type":["start"]},"host":{"name":"WIN-DEH7ZV33","os":{"family":"windows","name":"Windows Server 2019","version":"10.0.17763"}},"process":{"args":["C:\\Windows\\System32\\services.exe","FAD65U16MI"],"command_line":"C:\\Windows\\System32\\services.exe FAD65U16MI","executable":"C:\\Windows\\System32\\services.exe","name":"services.exe","parent":{"executable":"C:\\Windows\\System32\\notepad.exe","name":"notepad.exe","pid":852},"pid":32504},"user":{"domain":"DOMAIN","name":"user"},"winlog":{"channel":"Microsoft-Windows-Sysmon/Operational","computer_name":"WIN-LN75XHM5.domain.local","event_id":1,"provider_name":"Microsoft-Windows-Sysmon","record_id":4377560,"task":"Process creation (rule: ProcessCreate)"}}
{"@timestamp":"2023-02-23T21:28:19.635Z","DestinationIp":"legitimate-service.com","DestinationPort":139,"EventID":3,"Image":"C:\\Windows\\System32\\mshta.exe","Protocol":"tcp","SourceIp":"192.168.1.100","SourcePort":50180,"agent":{"hostname":"WIN-YRTQNNJ8","type":"winlogbeat","version":"8.5.0"},"destination":{"ip":"legitimate-service.com","port":139},"ecs":{"version":"8.5.0"},"event":{"action":"Process creation","category":["process"],"code":3,"kind":"event","provider":"Microsoft-Windows-Sysmon","type":["start"]},"host":{"name":"WIN-TLQA6MKL","os":{"family":"windows","name":"Windows Server 2019","version":"10.0.17763"}},"network":{"direction":"outbound","protocol":"tcp"},"source":{"ip":"192.168.1.100","port":50180},"winlog":{"channel":"Microsoft-Windows-Sysmon/Operational","computer_name":"WIN-D7S8JWL4.domain.local","event_id":3,"provider_name":"Microsoft-Windows-Sysmon","record_id":9039066,"task":"Process creation (rule: ProcessCreate)"}}
{"@timestamp":"2023-09-17T14:05:33.186Z","DestinationIp":"legitimate-service.com","DestinationPort":8080,"EventID":3,"Image":"C:\\Program Files\\Google\\Chrome\\Application\\chrome.exe","Protocol":"tcp","SourceIp":"192.168.1.100","SourcePort":61460,"agent":{"hostname":"WIN-T7QOH4GM","type":"winlogbeat","version":"8.5.0"},"destination":{"ip":"legitimate-service.com","port":8080},"ecs":{"version":"8.5.0"},"event":{"action":"Process creation","category":["process"],"code":3,"kind":"event","provider":"Microsoft-Windows-Sysmon","type":["start"]},"host":{"name":"WIN-LGY22UZQ","os":{"family":"windows","name":"Windows Server 2019","version":"10.0.17763"}},"network":{"direction":"outbound","protocol":"tcp"},"source":{"ip":"192.168.1.100","port":61460},"winlog":{"channel":"Microsoft-Windows-Sysmon/Operational","computer_name":"WIN-0HMA5VHR.domain.local","event_id":3,"provider_name":"Microsoft-Windows-Sysmon","record_id":1698481,"task":"Process creation (rule: ProcessCreate)"}}
{"@timestamp":"2023-12-25T10:46:38.932Z","DestinationIp":"208.67.222.222","DestinationPort":8080,"EventID":3,"Image":"C:\\Windows\\System32\\calc.exe","Protocol":"tcp","SourceIp":"192.168.1.100","SourcePort":64568,"agent":{"hostname":"WIN-5TS9DVXK","type":"winlogbeat","version":"8.5.0"},"destination":{"ip":"208.67.222.222","port":8080},"ecs":{"version":"8.5.0"},"event":{"action":"Process creation","category":["process"],"code":3,"kind":"event","provider":"Microsoft-Windows-Sysmon","type":["start"]},"host":{"name":"WIN-PKL6EQA0","os":{"family":"windows","name":"Windows Server 2019","version":"10.0.17763"}},"network":{"direction":"outbound","protocol":"tcp"},"source":{"ip":"192.168.1.100","port":64568},"winlog":{"channel":"Microsoft-Windows-Sysmon/Operational","computer_name":"WIN-UCP1JLW9.domain.local","event_id":3,"provider_name":"Microsoft-Windows-Sysmon","record_id":4291070,"task":"Process creation (rule: ProcessCreate)"}}
{"@timestamp":"2023-06-02T11:29:40.229Z","CommandLine":"C:\\Windows\\System32\\powershell.exe YVBJZJEG7B","EventID":1,"Image":"C:\\Windows\\System32\\powershell.exe","ParentImage":"C:\\Windows\\System32\\svchost.exe","ParentProcessId":377,"ProcessId":7932,"User":"NT AUTHORITY\\NETWORK SERVICE","agent":{"hostname":"WIN-RRD5OHTA","type":"winlogbeat","version":"8.5.0"},"ecs":{"version":"8.5.0"},"event":{"action":"Process creation","category":["process"],"code":1,"kind":"event","provider":"Microsoft-Windows-Sysmon","type":["start"]},"host":{"name":"WIN-TACOUF7B","os":{"family":"windows","name":"Windows Server 2019","version":"10.0.17763"}},"process":{"args":["C:\\Windows\\System32\\powershell.exe","YVBJZJEG7B"],"command_line":"C:\\Windows\\System32\\powershell.exe YVBJZJEG7B","executable":"C:\\Windows\\System32\\powershell.exe","name":"powershell.exe","parent":{"executable":"C:\\Windows\\System32\\svchost.exe","name":"svchost.exe","pid":412},"pid":61927},"user":{"domain":"NT AUTHORITY","name":"NT AUTHORITY\\NETWORK SERVICE"},"winlog":{"channel":"Microsoft-Windows-Sysmon/Operational","computer_name":"WIN-ST5G33C5.domain.local","event_id":1,"provider_name":"Microsoft-Windows-Sysmon","record_id":7323993,"task":"Process creation (rule: ProcessCreate)"}}
{"@timestamp":"2023-03-17T19:47:48.882Z","Details":"C:\\temp\\ALPN1BTK.exe","EventID":13,"Image":"C:\\Windows\\System32\\mshta.exe","TargetObject":"HKCU\\SOFTWARE\\Microsoft\\Windows\\CurrentVersion\\Run\\NL1L7I7ZHP","agent":{"hostname":"WIN-0FMC4W9K","type":"winlogbeat","version":"8.5.0"},"ecs":{"version":"8.5.0"},"event":{"action":"Process creation","category":["process"],"code":13,"kind":"event","provider":"Microsoft-Windows-Sysmon","type":["start"]},"host":{"name":"WIN-9RKG5GAJ","os":{"family":"windows","name":"Windows Server 2019","version":"10.0.17763"}},"registry":{"data":{"strings":["C:\\temp\\3LUO77EC.exe"]},"key":"HKCU\\SOFTWARE\\Microsoft\\Windows\\CurrentVersion\\Run","value":"DUKS6Z1OG5"},"winlog":{"channel":"Microsoft-Windows-Sysmon/Operational","computer_name":"WIN-TDW4BBQN.domain.local","event_id":13,"provider_name":"Microsoft-Windows-Sysmon","record_id":3243043,"task":"Process creation (rule: ProcessCreate)"}}
{"@timestamp":"2023-09-11T13:37:22.778Z","CommandLine":"C:\\Windows\\System32\\cmd.exe Z61YVFW87K","EventID":1,"Image":"C:\\Windows\\System32\\cmd.exe","ParentImage":"C:\\Windows\\System32\\cmd.exe","ParentProcessId":825,"ProcessId":63606,"User":"admin","agent":{"hostname":"WIN-EU4V6K5E","type":"winlogbeat","version":"8.5.0"},"ecs":{"version":"8.5.0"},"event":{"action":"Process creation","category":["process"],"code":1,"kind":"event","provider":"Microsoft-Windows-Sysmon","type":["start"]},"host":{"name":"WIN-WD9C7F8C","os":{"family":"windows","name":"Windows Server 2019","version":"10.0.17763"}},"process":{"args":["C:\\Windows\\System32\\cmd.exe","Z61YVFW87K"],"command_line":"C:\\Windows\\System32\\cmd.exe Z61YVFW87K","executable":"C:\\Windows\\System32\\cmd.exe","name":"cmd.exe","parent":{"executable":"C:\\Windows\\System32\\cmd.exe","name":"cmd.exe","pid":224},"pid":5507},"user":{"domain":"DOMAIN","name":"admin"},"winlog":{"channel":"Microsoft-Windows-Sysmon/Operational","computer_name":"WIN-IB0GQ2Z1.domain.local","event_id":1,"provider_name":"Microsoft-Windows-Sysmon","record_id":3014832,"task":"Process creation (rule: ProcessCreate)"}}
{"@timestamp":"2023-12-04T00:42:09.106Z","DestinationIp":"172.16.0.10","DestinationPort":139,"EventID":3,"Image":"C:\\Windows\\System32\\WindowsPowerShell\\v1.0\\powershell.exe","Protocol":"tcp","SourceIp":"192.168.1.100","SourcePort":59332,"agent":{"hostname":"WIN-VY3WN3JA","type":"winlogbeat","version":"8.5.0"},"destination":{"ip":"172.16.0.10","port":139},"ecs":{"version":"8.5.0"},"event":{"action":"Process creation","category":["process"],"code":3,"kind":"event","provider":"Microsoft-Windows-Sysmon","type":["start"]},"host":{"name":"WIN-SDOUPXSB","os":{"family":"windows","name":"Windows Server 2019","version":"10.0.17763"}},"network":{"direction":"outbound","protocol":"tcp"},"source":{"ip":"192.168.1.100","port":59332},"winlog":{"channel":"Microsoft-Windows-Sysmon/Operational","computer_name":"WIN-WTMG9CHW.domain.local","event_id":3,"provider_name":"Microsoft-Windows-Sysmon","record_id":9378778,"task":"Process creation (rule: ProcessCreate)"}}
{"@timestamp":"2023-05-28T20:45:19.935Z","Details":"C:\\temp\\4YEFFZL6.exe","EventID":13,"Image":"C:\\Windows\\System32\\spoolsv.exe","TargetObject":"HKLM\\SOFTWARE\\Classes\\exefile\\shell\\open\\command\\5ODY325DS8","agent":{"hostname":"WIN-SLVI1LWY","type":"winlogbeat","version":"8.5.0"},"ecs":{"version":"8.5.0"},"event":{"action":"Process creation","category":["process"],"code":13,"kind":"event","provider":"Microsoft-Windows-Sysmon","type":["start"]},"host":{"name":"WIN-0TJNQ300","os":{"family":"windows","name":"Windows Server 2019","version":"10.0.17763"}},"registry":{"data":{"strings":["C:\\temp\\F7I5STQF.exe"]},"key":"HKLM\\SOFTWARE\\Classes\\exefile\\shell\\open\\command","value":"JRY54NJ06D"},"winlog":{"channel":"Microsoft-Windows-Sysmon/Operational","computer_name":"WIN-BSMFGB3J.domain.local","event_id":13,"provider_name":"Microsoft-Windows-Sysmon","record_id":3840461,"task":"Process creation (rule: ProcessCreate)"}}
{"@timestamp":"2023-08-15T12:14:45.313Z","CommandLine":"C:\\Program Files\\Mozilla Firefox\\firefox.exe 0ITKXKTB2T","EventID":1,"Image":"C:\\Program Files\\Mozilla Firefox\\firefox.exe","ParentImage":"C:\\Windows\\System32\\rundll32.exe","ParentProcessId":374,"ProcessId":24858,"User":"admin","agent":{"hostname":"WIN-ENL8WJV0","type":"winlogbeat","version":"8.5.0"},"ecs":{"version":"8.5.0"},"event":{"action":"Process creation","category":["process"],"code":1,"kind":"event","provider":"Microsoft-Windows-Sysmon","type":["start"]},"host":{"name":"WIN-7JQFBWVW","os":{"family":"windows","name":"Windows Server 2019","version":"10.0.17763"}},"process":{"args":["C:\\Program","Files\\Mozilla","Firefox\\firefox.exe","0ITKXKTB2T"],"command_line":"C:\\Program Files\\Mozilla Firefox\\firefox.exe 0ITKXKTB2T","executable":"C:\\Program Files\\Mozilla Firefox\\firefox.exe","name":"firefox.exe","parent":{"executable":"C:\\Windows\\System32\\rundll32.exe","name":"rundll32.exe","pid":454},"pid":64037},"user":{"domain":"DOMAIN","name":"admin"},"winlog":{"channel":"Microsoft-Windows-Sysmon/Operational","computer_name":"WIN-8PSOFYXQ.domain.local","event_id":1,"provider_name":"Microsoft-Windows-Sysmon","record_id":7164540,"task":"Process creation (rule: ProcessCreate)"}}
{"@timestamp":"2023-03-15T17:00:54.785Z","EventID":17,"Image":"C:\\Windows\\System32\\notepad.exe","PipeName":"\\pipe\\lsarpc","agent":{"hostname":"WIN-WP1TQCP9","type":"winlogbeat","version":"8.5.0"},"ecs":{"version":"8.5.0"},"event":{"action":"Process creation","category":["process"],"code":17,"kind":"event","provider":"Microsoft-Windows-Sysmon","type":["start"]},"host":{"name":"WIN-FVPRVZ9J","os":{"family":"windows","name":"Windows Server 2019","version":"10.0.17763"}},"winlog":{"channel":"Microsoft-Windows-Sysmon/Operational","computer_name":"WIN-ZU9RW7H9.domain.local","event_id":17,"provider_name":"Microsoft-Windows-Sysmon","record_id":9014948,"task":"Process creation (rule: ProcessCreate)"}}
{"@timestamp":"2023-05-24T17:05:40.844Z","Details":"C:\\temp\\YWYKYLMI.exe","EventID":13,"Image":"C:\\Windows\\System32\\calc.exe","TargetObject":"HKLM\\SOFTWARE\\Microsoft\\Windows\\CurrentVersion\\Run\\4RPSNP3ZML","agent":{"hostname":"WIN-ZGP9LR2O","type":"winlogbeat","version":"8.5.0"},"ecs":{"version":"8.5.0"},"event":{"action":"Process creation","category":["process"],"code":13,"kind":"event","provider":"Microsoft-Windows-Sysmon","type":["start"]},"host":{"name":"WIN-RYXYJOAD","os":{"family":"windows","name":"Windows Server 2019","version":"10.0.17763"}},"registry":{"data":{"strings":["C:\\temp\\2K3HS9YV.exe"]},"key":"HKLM\\SOFTWARE\\Microsoft\\Windows\\CurrentVersion\\Run","value":"ECFHZBZ5WA"},"winlog":{"channel":"Microsoft-Windows-Sysmon/Operational","computer_name":"WIN-WRMT6W8X.domain.local","event_id":13,"provider_name":"Microsoft-Windows-Sysmon","record_id":3280845,"task":"Process creation (rule: ProcessCreate)"}}
{"@timestamp":"2023-05-15T18:35:46.177Z","DestinationIp":"172.16.0.10","DestinationPort":8443,"EventID":3,"Image":"C:\\Program Files\\Mozilla Firefox\\firefox.exe","Protocol":"tcp","SourceIp":"192.168.1.100","SourcePort":61496,"agent":{"hostname":"WIN-59QRPG6T","type":"winlogbeat","version":"8.5.0"},"destination":{"ip":"172.16.0.10","port":8443},"ecs":{"version":"8.5.0"},"event":{"action":"Process creation","category":["process"],"code":3,"kind":"event","provider":"Microsoft-Windows-Sysmon","type":["start"]},"host":{"name":"WIN-DTRUUZX3","os":{"family":"windows","name":"Windows Server 2019","version":"10.0.17763"}},"network":{"direction":"outbound","protocol":"tcp"},"source":{"ip":"192.168.1.100","port":61496},"winlog":{"channel":"Microsoft-Windows-Sysmon/Operational","computer_name":"WIN-351QVBNG.domain.local","event_id":3,"provider_name":"Microsoft-Windows-Sysmon","record_id":4339764,"task":"Process creation (rule: ProcessCreate)"}}
{"@timestamp":"2023-11-04T07:46:04.774Z","CommandLine":"C:\\Windows\\System32\\wininit.exe DKLZ4J0DU8","EventID":1,"Image":"C:\\Windows\\System32\\wininit.exe","ParentImage":"C:\\Windows\\System32\\lsass.exe","ParentProcessId":128,"ProcessId":53839,"User":"jane.smith","agent":{"hostname":"WIN-PIS48YIO","type":"winlogbeat","version":"8.5.0"},"ecs":{"version":"8.5.0"},"event":{"action":"Process creation","category":["process"],"code":1,"kind":"event","provider":"Microsoft-Windows-Sysmon","type":["start"]},"host":{"name":"WIN-86JMJ29C","os":{"family":"windows","name":"Windows Server 2019","version":"10.0.17763"}},"process":{"args":["C:\\Windows\\System32\\wininit.exe","DKLZ4J0DU8"],"command_line":"C:\\Windows\\System32\\wininit.exe DKLZ4J0DU8","executable":"C:\\Windows\\System32\\wininit.exe","name":"wininit.exe","parent":{"executable":"C:\\Windows\\System32\\lsass.exe","name":"lsass.exe","pid":320},"pid":16127},"user":{"domain":"DOMAIN","name":"jane.smith"},"winlog":{"channel":"Microsoft-Windows-Sysmon/Operational","computer_name":"WIN-YHC933V1.domain.local","event_id":1,"provider_name":"Microsoft-Windows-Sysmon","record_id":8476743,"task":"Process creation (rule: ProcessCreate)"}}
{"@timestamp":"2023-08-27T14:05:36.623Z","Details":"C:\\temp\\S6J4N0LI.exe","EventID":13,"Image":"C:\\Program Files\\Mozilla Firefox\\firefox.exe","TargetObject":"HKLM\\SYSTEM\\CurrentControlSet\\Services\\6GVOWCQBNB","agent":{"hostname":"WIN-S12E3SCF","type":"winlogbeat","version":"8.5.0"},"ecs":{"version":"8.5.0"},"event":{"action":"Process creation","category":["process"],"code":13,"kind":"event","provider":"Microsoft-Windows-Sysmon","type":["start"]},"host":{"name":"WIN-YUVVVR16","os":{"family":"windows","name":"Windows Server 2019","version":"10.0.17763"}},"registry":{"data":{"strings":["C:\\temp\\O79AQFH2.exe"]},"key":"HKLM\\SYSTEM\\CurrentControlSet\\Services","value":"83R4W8YATB"},"winlog":{"channel":"Microsoft-Windows-Sysmon/Operational","computer_name":"WIN-BEET5KSG.domain.local","event_id":13,"provider_name":"Microsoft-Windows-Sysmon","record_id":1457793,"task":"Process creation (rule: ProcessCreate)"}}
{"@timestamp":"2023-07-11T04:56:52.609Z","CommandLine":"C:\\Windows\\System32\\regsvr32.exe 9T48C10OKI","EventID":1,"Image":"C:\\Windows\\System32\\regsvr32.exe","ParentImage":"C:\\Windows\\System32\\cscript.exe","ParentProcessId":170,"ProcessId":1014,"User":"jane.smith","agent":{"hostname":"WIN-WA6SV9UH","type":"winlogbeat","version":"8.5.0"},"ecs":{"version":"8.5.0"},"event":{"action":"Process creation","category":["process"],"code":1,"kind":"event","provider":"Microsoft-Windows-Sysmon","type":["start"]},"host":{"name":"WIN-398CKMX4","os":{"family":"windows","name":"Windows Server 2019","version":"10.0.17763"}},"process":{"args":["C:\\Windows\\System32\\regsvr32.exe","9T48C10OKI"],"command_line":"C:\\Windows\\System32\\regsvr32.exe 9T48C10OKI","executable":"C:\\Windows\\System32\\regsvr32.exe","name":"regsvr32.exe","parent":{"executable":"C:\\Windows\\System32\\cscript.exe","name":"cscript.exe","pid":250},"pid":21640},"user":{"domain":"DOMAIN","name":"jane.smith"},"winlog":{"channel":"Microsoft-Windows-Sysmon/Operational","computer_name":"WIN-0SSTAD18.domain.local","event_id":1,"provider_name":"Microsoft-Windows-Sysmon","record_id":9879849,"task":"Process creation (rule: ProcessCreate)"}}
{"@timestamp":"2023-09-25T05:45:52.564Z","CommandLine":"C:\\Program Files (x86)\\Microsoft\\Edge\\Application\\msedge.exe IKWLRYQNAD","EventID":1,"Image":"C:\\Program Files (x86)\\Microsoft\\Edge\\Application\\msedge.exe","ParentImage":"C:\\Program Files\\Mozilla Firefox\\firefox.exe","ParentProcessId":413,"ProcessId":36320,"User":"Administrator","agent":{"hostname":"WIN-NF9M791Y","type":"winlogbeat","version":"8.5.0"},"ecs":{"version":"8.5.0"},"event":{"action":"Process creation","category":["process"],"code":1,"kind":"event","provider":"Microsoft-Windows-Sysmon","type":["start"]},"host":{"name":"WIN-HK0ICA70","os":{"family":"windows","name":"Windows Server 2019","version":"10.0.17763"}},"process":{"args":["C:\\Program","Files","(x86)\\Microsoft\\Edge\\Application\\msedge.exe","IKWLRYQNAD"],"command_line":"C:\\Program Files (x86)\\Microsoft\\Edge\\Application\\msedge.exe IKWLRYQNAD","executable":"C:\\Program Files (x86)\\Microsoft\\Edge\\Application\\msedge.exe","name":"msedge.exe","parent":{"executable":"C:\\Program Files\\Mozilla Firefox\\firefox.exe","name":"firefox.exe","pid":105},"pid":19152},"user":{"domain":"DOMAIN","name":"Administrator"},"winlog":{"channel":"Microsoft-Windows-Sysmon/Operational","computer_name":"WIN-CPFIEBCM.domain.local","event_id":1,"provider_name":"Microsoft-Windows-Sysmon","record_id":9448329,"task":"Process creation (rule: ProcessCreate)"}}
{"@timestamp":"2023-11-14T11:24:03.707Z","DestinationIp":"update-server.microsoft.com","DestinationPort":3389,"EventID":3,"Image":"C:\\Program Files\\Mozilla Firefox\\firefox.exe","Protocol":"tcp","SourceIp":"192.168.1.100","SourcePort":63992,"agent":{"hostname":"WIN-OXTVP8HY","type":"winlogbeat","version":"8.5.0"},"destination":{"ip":"update-server.microsoft.com","port":3389},"ecs":{"version":"8.5.0"},"event":{"action":"Process creation","category":["process"],"code":3,"kind":"event","provider":"Microsoft-Windows-Sysmon","type":["start"]},"host":{"name":"WIN-35JIAHGX","os":{"family":"windows","name":"Windows Server 2019","version":"10.0.17763"}},"network":{"direction":"outbound","protocol":"tcp"},"source":{"ip":"192.168.1.100","port":63992},"winlog":{"channel":"Microsoft-Windows-Sysmon/Operational","computer_name":"WIN-Y0RJ950D.domain.local","event_id":3,"provider_name":"Microsoft-Windows-Sysmon","record_id":4205364,"task":"Process creation (rule: ProcessCreate)"}}
{"@timestamp":"2023-03-08T08:30:04.894Z","CommandLine":"C:\\Program Files\\Mozilla Firefox\\firefox.exe HBQVZ5S6Y4","EventID":1,"Image":"C:\\Program Files\\Mozilla Firefox\\firefox.exe","ParentImage":"C:\\Windows\\System32\\wininit.exe","ParentProcessId":288,"ProcessId":9757,"User":"Administrator","agent":{"hostname":"WIN-NXZY9CVG","type":"winlogbeat","version":"8.5.0"},"ecs":{"version":"8.5.0"},"event":{"action":"Process creation","category":["process"],"code":1,"kind":"event","provider":"Microsoft-Windows-Sysmon","type":["start"]},"host":{"name":"WIN-E97TNKG4","os":{"family":"windows","name":"Windows Server 2019","version":"10.0.17763"}},"process":{"args":["C:\\Program","Files\\Mozilla","Firefox\\firefox.exe","HBQVZ5S6Y4"],"command_line":"C:\\Program Files\\Mozilla Firefox\\firefox.exe HBQVZ5S6Y4","executable":"C:\\Program Files\\Mozilla Firefox\\firefox.exe","name":"firefox.exe","parent":{"executable":"C:\\Windows\\System32\\wininit.exe","name":"wininit.exe","pid":682},"pid":19204},"user":{"domain":"DOMAIN","name":"Administrator"},"winlog":{"channel":"Microsoft-Windows-Sysmon/Operational","computer_name":"WIN-DM3UESPY.domain.local","event_id":1,"provider_name":"Microsoft-Windows-Sysmon","record_id":2674718,"task":"Process creation (rule: ProcessCreate)"}}
{"@timestamp":"2023-01-16T12:42:03.383Z","CommandLine":"C:\\Program Files\\Google\\Chrome\\Application\\chrome.exe --new-tab https://example.com","EventID":1,"Image":"C:\\Program Files\\Google\\Chrome\\Application\\chrome.exe","ParentImage":"C:\\Windows\\System32\\svchost.exe","ParentProcessId":136,"ProcessId":3356,"User":"user","agent":{"hostname":"WIN-32YPYHQO","type":"winlogbeat","version":"8.5.0"},"ecs":{"version":"8.5.0"},"event":{"action":"Process creation","category":["process"],"code":1,"kind":"event","provider":"Microsoft-Windows-Sysmon","type":["start"]},"host":{"name":"WIN-XNLJ9JCO","os":{"family":"windows","name":"Windows Server 2019","version":"10.0.17763"}},"process":{"args":["C:\\Program","Files\\Google\\Chrome\\Application\\chrome.exe","--new-tab","https://example.com"],"command_line":"C:\\Program Files\\Google\\Chrome\\Application\\chrome.exe --new-tab https://example.com","executable":"C:\\Program Files\\Google\\Chrome\\Application\\chrome.exe","name":"chrome.exe","parent":{"executable":"C:\\Windows\\System32\\svchost.exe","name":"svchost.exe","pid":105},"pid":13705},"user":{"domain":"DOMAIN","name":"user"},"winlog":{"channel":"Microsoft-Windows-Sysmon/Operational","computer_name":"WIN-GTR0WRC0.domain.local","event_id":1,"provider_name":"Microsoft-Windows-Sysmon","record_id":6968010,"task":"Process creation (rule: ProcessCreate)"}}
{"@timestamp":"2023-03-17T19:11:46.170Z","CommandLine":"C:\\Windows\\System32\\cmd.exe MWONLXMQB1","EventID":1,"Image":"C:\\Windows\\System32\\cmd.exe","ParentImage":"C:\\Windows\\System32\\spoolsv.exe","ParentProcessId":669,"ProcessId":31361,"User":"jane.smith","agent":{"hostname":"WIN-PSAX7ZZS","type":"winlogbeat","version":"8.5.0"},"ecs":{"version":"8.5.0"},"event":{"action":"Process creation","category":["process"],"code":1,"kind":"event","provider":"Microsoft-Windows-Sysmon","type":["start"]},"host":{"name":"WIN-R8QBE9HE","os":{"family":"windows","name":"Windows Server 2019","version":"10.0.17763"}},"process":{"args":["C:\\Windows\\System32\\cmd.exe","MWONLXMQB1"],"command_line":"C:\\Windows\\System32\\cmd.exe MWONLXMQB1","executable":"C:\\Windows\\System32\\cmd.exe","name":"cmd.exe","parent":{"executable":"C:\\Windows\\System32\\spoolsv.exe","name":"spoolsv.exe","pid":701},"pid":31807},"user":{"domain":"DOMAIN","name":"jane.smith"},"winlog":{"channel":"Microsoft-Windows-Sysmon/Operational","computer_name":"WIN-H6C2OIT3.domain.local","event_id":1,"provider_name":"Microsoft-Windows-Sysmon","record_id":7332672,"task":"Process creation (rule: ProcessCreate)"}}
{"@timestamp":"2023-12-25T00:17:41.492Z","CommandLine":"C:\\Program Files\\Mozilla Firefox\\firefox.exe 7DAB4YWG9V","EventID":1,"Image":"C:\\Program Files\\Mozilla Firefox\\firefox.exe","ParentImage":"C:\\Windows\\System32\\WindowsPowerShell\\v1.0\\powershell.exe","ParentProcessId":420,"ProcessId":56297,"User":"service_account","agent":{"hostname":"WIN-9EGYAU12","type":"winlogbeat","version":"8.5.0"},"ecs":{"version":"8.5.0"},"event":{"action":"Process creation","category":["process"],"code":1,"kind":"event","provider":"Microsoft-Windows-Sysmon","type":["start"]},"host":{"name":"WIN-SBE0367L","os":{"family":"windows","name":"Windows Server 2019","version":"10.0.17763"}},"process":{"args":["C:\\Program","Files\\Mozilla","Firefox\\firefox.exe","7DAB4YWG9V"],"command_line":"C:\\Program Files\\Mozilla Firefox\\firefox.exe 7DAB4YWG9V","executable":"C:\\Program Files\\Mozilla Firefox\\firefox.exe","name":"firefox.exe","parent":{"executable":"C:\\Windows\\System32\\WindowsPowerShell\\v1.0\\powershell.exe","name":"powershell.exe","pid":192},"pid":61923},"user":{"domain":"DOMAIN","name":"service_account"},"winlog":{"channel":"Microsoft-Windows-Sysmon/Operational","computer_name":"WIN-V0AOTECV.domain.local","event_id":1,"provider_name":"Microsoft-Windows-Sysmon","record_id":5125794,"task":"Process creation (rule: ProcessCreate)"}}
{"@timestamp":"2023-04-25T07:24:46.628Z","CommandLine":"C:\\Windows\\System32\\rundll32.exe J1LY6HP58K","EventID":1,"Image":"C:\\Windows\\System32\\rundll32.exe","ParentImage":"C:\\Windows\\System32\\svchost.exe","ParentProcessId":483,"ProcessId":21401,"User":"service_account","agent":{"hostname":"WIN-DS7M1UX1","type":"winlogbeat","version":"8.5.0"},"ecs":{"version":"8.5.0"},"event":{"action":"Process creation","category":["process"],"code":1,"kind":"event","provider":"Microsoft-Windows-Sysmon","type":["start"]},"host":{"name":"WIN-9U1V0X1B","os":{"family":"windows","name":"Windows Server 2019","version":"10.0.17763"}},"process":{"args":["C:\\Windows\\System32\\rundll32.exe","J1LY6HP58K"],"command_line":"C:\\Windows\\System32\\rundll32.exe J1LY6HP58K","executable":"C:\\Windows\\System32\\rundll32.exe","name":"rundll32.exe","parent":{"executable":"C:\\Windows\\System32\\svchost.exe","name":"svchost.exe","pid":997},"pid":20443},"user":{"domain":"DOMAIN","name":"service_account"},"winlog":{"channel":"Microsoft-Windows-Sysmon/Operational","computer_name":"WIN-3MLNXZTD.domain.local","event_id":1,"provider_name":"Microsoft-Windows-Sysmon","record_id":4587364,"task":"Process creation (rule: ProcessCreate)"}}
{"@timestamp":"2023-08-26T02:47:36.510Z","DestinationIp":"208.67.222.222","DestinationPort":80,"EventID":3,"Image":"C:\\Windows\\System32\\taskmgr.exe","Protocol":"tcp","SourceIp":"192.168.1.100","SourcePort":65178,"agent":{"hostname":"WIN-WUVPMYL4","type":"winlogbeat","version":"8.5.0"},"destination":{"ip":"208.67.222.222","port":80},"ecs":{"version":"8.5.0"},"event":{"action":"Process creation","category":["process"],"code":3,"kind":"event","provider":"Microsoft-Windows-Sysmon","type":["start"]},"host":{"name":"WIN-IQFYQS2L","os":{"family":"windows","name":"Windows Server 2019","version":"10.0.17763"}},"network":{"direction":"outbound","protocol":"tcp"},"source":{"ip":"192.168.1.100","port":65178},"winlog":{"channel":"Microsoft-Windows-Sysmon/Operational","computer_name":"WIN-A9RDZB6M.domain.local","event_id":3,"provider_name":"Microsoft-Windows-Sysmon","record_id":1922229,"task":"Process creation (rule: ProcessCreate)"}}
{"@timestamp":"2023-04-24T21:08:07.125Z","DestinationIp":"8.8.8.8","DestinationPort":443,"EventID":3,"Image":"C:\\Windows\\System32\\cmd.exe","Protocol":"tcp","SourceIp":"192.168.1.100","SourcePort":63388,"agent":{"hostname":"WIN-MHRMRTS8","type":"winlogbeat","version":"8.5.0"},"destination":{"ip":"8.8.8.8","port":443},"ecs":{"version":"8.5.0"},"event":{"action":"Process creation","category":["process"],"code":3,"kind":"event","provider":"Microsoft-Windows-Sysmon","type":["start"]},"host":{"name":"WIN-QNY88TTO","os":{"family":"windows","name":"Windows Server 2019","version":"10.0.17763"}},"network":{"direction":"outbound","protocol":"tcp"},"source":{"ip":"192.168.1.100","port":63388},"winlog":{"channel":"Microsoft-Windows-Sysmon/Operational","computer_name":"WIN-G5SIOKH4.domain.local","event_id":3,"provider_name":"Microsoft-Windows-Sysmon","record_id":9376847,"task":"Process creation (rule: ProcessCreate)"}}
{"@timestamp":"2023-02-08T21:28:37.245Z","DestinationIp":"192.168.1.100","DestinationPort":3389,"EventID":3,"Image":"C:\\Windows\\System32\\regsvr32.exe","Protocol":"tcp","SourceIp":"192.168.1.100","SourcePort":53830,"agent":{"hostname":"WIN-O2EGJNKE","type":"winlogbeat","version":"8.5.0"},"destination":{"ip":"192.168.1.100","port":3389},"ecs":{"version":"8.5.0"},"event":{"action":"Process creation","category":["process"],"code":3,"kind":"event","provider":"Microsoft-Windows-Sysmon","type":["start"]},"host":{"name":"WIN-DUAVPLJO","os":{"family":"windows","name":"Windows Server 2019","version":"10.0.17763"}},"network":{"direction":"outbound","protocol":"tcp"},"source":{"ip":"192.168.1.100","port":53830},"winlog":{"channel":"Microsoft-Windows-Sysmon/Operational","computer_name":"WIN-QSLNOCK4.domain.local","event_id":3,"provider_name":"Microsoft-Windows-Sysmon","record_id":5231899,"task":"Process creation (rule: ProcessCreate)"}}
{"@timestamp":"2023-06-19T16:46:41.937Z","CommandLine":"C:\\Program Files\\Mozilla Firefox\\firefox.exe 95BNPMCDBS","EventID":1,"Image":"C:\\Program Files\\Mozilla Firefox\\firefox.exe","ParentImage":"C:\\Windows\\System32\\services.exe","ParentProcessId":750,"ProcessId":37390,"User":"service_account","agent":{"hostname":"WIN-VSX8S7G8","type":"winlogbeat","version":"8.5.0"},"ecs":{"version":"8.5.0"},"event":{"action":"Process creation","category":["process"],"code":1,"kind":"event","provider":"Microsoft-Windows-Sysmon","type":["start"]},"host":{"name":"WIN-IIQI3O3Q","os":{"family":"windows","name":"Windows Server 2019","version":"10.0.17763"}},"process":{"args":["C:\\Program","Files\\Mozilla","Firefox\\firefox.exe","95BNPMCDBS"],"command_line":"C:\\Program Files\\Mozilla Firefox\\firefox.exe 95BNPMCDBS","executable":"C:\\Program Files\\Mozilla Firefox\\firefox.exe","name":"firefox.exe","parent":{"executable":"C:\\Windows\\System32\\services.exe","name":"services.exe","pid":919},"pid":52249},"user":{"domain":"DOMAIN","name":"service_account"},"winlog":{"channel":"Microsoft-Windows-Sysmon/Operational","computer_name":"WIN-NBAB64I7.domain.local","event_id":1,"provider_name":"Microsoft-Windows-Sysmon","record_id":9334333,"task":"Process creation (rule: ProcessCreate)"}}
{"@timestamp":"2023-01-27T06:39:29.764Z","CommandLine":"C:\\Program Files (x86)\\Microsoft\\Edge\\Application\\msedge.exe 7BGU9PG1Q5","EventID":1,"Image":"C:\\Program Files (x86)\\Microsoft\\Edge\\Application\\msedge.exe","ParentImage":"C:\\Windows\\System32\\regsvr32.exe","ParentProcessId":171,"ProcessId":34419,"User":"NT AUTHORITY\\LOCAL SERVICE","agent":{"hostname":"WIN-OX1T4AUX","type":"winlogbeat","version":"8.5.0"},"ecs":{"version":"8.5.0"},"event":{"action":"Process creation","category":["process"],"code":1,"kind":"event","provider":"Microsoft-Windows-Sysmon","type":["start"]},"host":{"name":"WIN-OXBDY9YV","os":{"family":"windows","name":"Windows Server 2019","version":"10.0.17763"}},"process":{"args":["C:\\Program","Files","(x86)\\Microsoft\\Edge\\Application\\msedge.exe","7BGU9PG1Q5"],"command_line":"C:\\Program Files (x86)\\Microsoft\\Edge\\Application\\msedge.exe 7BGU9PG1Q5","executable":"C:\\Program Files (x86)\\Microsoft\\Edge\\Application\\msedge.exe","name":"msedge.exe","parent":{"executable":"C:\\Windows\\System32\\regsvr32.exe","name":"regsvr32.exe","pid":835},"pid":18825},"user":{"domain":"NT AUTHORITY","name":"NT AUTHORITY\\LOCAL SERVICE"},"winlog":{"channel":"Microsoft-Windows-Sysmon/Operational","computer_name":"WIN-7JTE89PA.domain.local","event_id":1,"provider_name":"Microsoft-Windows-Sysmon","record_id":5725124,"task":"Process creation (rule: ProcessCreate)"}}
{"@timestamp":"2023-12-22T17:48:55.367Z","CommandLine":"C:\\Windows\\System32\\rundll32.exe OF14IFG7AN","EventID":1,"Image":"C:\\Windows\\System32\\rundll32.exe","ParentImage":"C:\\Windows\\System32\\notepad.exe","ParentProcessId":586,"ProcessId":14144,"User":"user","agent":{"hostname":"WIN-V8JLMYEX","type":"winlogbeat","version":"8.5.0"},"ecs":{"version":"8.5.0"},"event":{"action":"Process creation","category":["process"],"code":1,"kind":"event","provider":"Microsoft-Windows-Sysmon","type":["start"]},"host":{"name":"WIN-HVGAH5V0","os":{"family":"windows","name":"Windows Server 2019","version":"10.0.17763"}},"process":{"args":["C:\\Windows\\System32\\rundll32.exe","OF14IFG7AN"],"command_line":"C:\\Windows\\System32\\rundll32.exe OF14IFG7AN","executable":"C:\\Windows\\System32\\rundll32.exe","name":"rundll32.exe","parent":{"executable":"C:\\Windows\\System32\\notepad.exe","name":"notepad.exe","pid":669},"pid":41418},"user":{"domain":"DOMAIN","name":"user"},"winlog":{"channel":"Microsoft-Windows-Sysmon/Operational","computer_name":"WIN-SVOARHOT.domain.local","event_id":1,"provider_name":"Microsoft-Windows-Sysmon","record_id":9040761,"task":"Process creation (rule: ProcessCreate)"}}
{"@timestamp":"2023-07-19T11:12:18.364Z","CommandLine":"C:\\Windows\\System32\\taskmgr.exe OBVMYWXX6B","EventID":1,"Image":"C:\\Windows\\System32\\taskmgr.exe","ParentImage":"C:\\Windows\\System32\\calc.exe","ParentProcessId":532,"ProcessId":3247,"User":"john.doe","agent":{"hostname":"WIN-AZ9ER0MI","type":"winlogbeat","version":"8.5.0"},"ecs":{"version":"8.5.0"},"event":{"action":"Process creation","category":["process"],"code":1,"kind":"event","provider":"Microsoft-Windows-Sysmon","type":["start"]},"host":{"name":"WIN-I5CBZU39","os":{"family":"windows","name":"Windows Server 2019","version":"10.0.17763"}},"process":{"args":["C:\\Windows\\System32\\taskmgr.exe","OBVMYWXX6B"],"command_line":"C:\\Windows\\System32\\taskmgr.exe OBVMYWXX6B","executable":"C:\\Windows\\System32\\taskmgr.exe","name":"taskmgr.exe","parent":{"executable":"C:\\Windows\\System32\\calc.exe","name":"calc.exe","pid":357},"pid":55813},"user":{"domain":"DOMAIN","name":"john.doe"},"winlog":{"channel":"Microsoft-Windows-Sysmon/Operational","computer_name":"WIN-HO3UNULP.domain.local","event_id":1,"provider_name":"Microsoft-Windows-Sysmon","record_id":7005254,"task":"Process creation (rule: ProcessCreate)"}}
{"@timestamp":"2023-12-01T13:14:03.774Z","CommandLine":"C:\\Windows\\System32\\svchost.exe 37M4W8DOMR","EventID":1,"Image":"C:\\Windows\\System32\\svchost.exe","ParentImage":"C:\\Windows\\System32\\regsvr32.exe","ParentProcessId":746,"ProcessId":43811,"User":"jane.smith","agent":{"hostname":"WIN-U56BP3R0","type":"winlogbeat","version":"8.5.0"},"ecs":{"version":"8.5.0"},"event":{"action":"Process creation","category":["process"],"code":1,"kind":"event","provider":"Microsoft-Windows-Sysmon","type":["start"]},"host":{"name":"WIN-55TM8QAN","os":{"family":"windows","name":"Windows Server 2019","version":"10.0.17763"}},"process":{"args":["C:\\Windows\\System32\\svchost.exe","37M4W8DOMR"],"command_line":"C:\\Windows\\System32\\svchost.exe 37M4W8DOMR","executable":"C:\\Windows\\System32\\svchost.exe","name":"svchost.exe","parent":{"executable":"C:\\Windows\\System32\\regsvr32.exe","name":"regsvr32.exe","pid":253},"pid":1502},"user":{"domain":"DOMAIN","name":"jane.smith"},"winlog":{"channel":"Microsoft-Windows-Sysmon/Operational","computer_name":"WIN-MCRLMYT3.domain.local","event_id":1,"provider_name":"Microsoft-Windows-Sysmon","record_id":1530635,"task":"Process creation (rule: ProcessCreate)"}}
{"@timestamp":"2023-11-04T12:56:08.359Z","CommandLine":"C:\\Windows\\System32\\winlogon.exe PKC7Y6FRUW","EventID":1,"Image":"C:\\Windows\\System32\\winlogon.exe","ParentImage":"C:\\Windows\\System32\\wscript.exe","ParentProcessId":346,"ProcessId":58162,"User":"SYSTEM","agent":{"hostname":"WIN-IW76KFG1","type":"winlogbeat","version":"8.5.0"},"ecs":{"version":"8.5.0"},"event":{"action":"Process creation","category":["process"],"code":1,"kind":"event","provider":"Microsoft-Windows-Sysmon","type":["start"]},"host":{"name":"WIN-Y0QOY3GU","os":{"family":"windows","name":"Windows Server 2019","version":"10.0.17763"}},"process":{"args":["C:\\Windows\\System32\\winlogon.exe","PKC7Y6FRUW"],"command_line":"C:\\Windows\\System32\\winlogon.exe PKC7Y6FRUW","executable":"C:\\Windows\\System32\\winlogon.exe","name":"winlogon.exe","parent":{"executable":"C:\\Windows\\System32\\wscript.exe","name":"wscript.exe","pid":502},"pid":59269},"user":{"domain":"DOMAIN","name":"SYSTEM"},"winlog":{"channel":"Microsoft-Windows-Sysmon/Operational","computer_name":"WIN-AEC6VRG3.domain.local","event_id":1,"provider_name":"Microsoft-Windows-Sysmon","record_id":2699544,"task":"Process creation (rule: ProcessCreate)"}}
{"@timestamp":"2023-05-11T15:05:20.765Z","DestinationIp":"10.0.0.50","DestinationPort":443,"EventID":3,"Image":"C:\\Windows\\System32\\spoolsv.exe","Protocol":"tcp","SourceIp":"192.168.1.100","SourcePort":52039,"agent":{"hostname":"WIN-Y431Z3KS","type":"winlogbeat","version":"8.5.0"},"destination":{"ip":"10.0.0.50","port":443},"ecs":{"version":"8.5.0"},"event":{"action":"Process creation","category":["process"],"code":3,"kind":"event","provider":"Microsoft-Windows-Sysmon","type":["start"]},"host":{"name":"WIN-W8WSXO82","os":{"family":"windows","name":"Windows Server 2019","version":"10.0.17763"}},"network":{"direction":"outbound","protocol":"tcp"},"source":{"ip":"192.168.1.100","port":52039},"winlog":{"channel":"Microsoft-Windows-Sysmon/Operational","computer_name":"WIN-LM3SBBVS.domain.local","event_id":3,"provider_name":"Microsoft-Windows-Sysmon","record_id":3313215,"task":"Process creation (rule: ProcessCreate)"}}
{"@timestamp":"2023-01-22T00:42:54.874Z","CommandLine":"C:\\Windows\\System32\\wininit.exe EGERAH006M","EventID":1,"Image":"C:\\Windows\\System32\\wininit.exe","ParentImage":"C:\\Windows\\System32\\taskmgr.exe","ParentProcessId":147,"ProcessId":5331,"User":"NT AUTHORITY\\SYSTEM","agent":{"hostname":"WIN-AQPBSZW4","type":"winlogbeat","version":"8.5.0"},"ecs":{"version":"8.5.0"},"event":{"action":"Process creation","category":["process"],"code":1,"kind":"event","provider":"Microsoft-Windows-Sysmon","type":["start"]},"host":{"name":"WIN-EE974C6W","os":{"family":"windows","name":"Windows Server 2019","version":"10.0.17763"}},"process":{"args":["C:\\Windows\\System32\\wininit.exe","EGERAH006M"],"command_line":"C:\\Windows\\System32\\wininit.exe EGERAH006M","executable":"C:\\Windows\\System32\\wininit.exe","name":"wininit.exe","parent":{"executable":"C:\\Windows\\System32\\taskmgr.exe","name":"taskmgr.exe","pid":344},"pid":23292},"user":{"domain":"NT AUTHORITY","name":"NT AUTHORITY\\SYSTEM"},"winlog":{"channel":"Microsoft-Windows-Sysmon/Operational","computer_name":"WIN-305SBPCJ.domain.local","event_id":1,"provider_name":"Microsoft-Windows-Sysmon","record_id":8820734,"task":"Process creation (rule: ProcessCreate)"}}
{"@timestamp":"2023-03-20T22:55:08.735Z","CommandLine":"C:\\Windows\\System32\\cmd.exe 1PNT6M6RZF","EventID":1,"Image":"C:\\Windows\\System32\\cmd.exe","ParentImage":"C:\\Windows\\System32\\winlogon.exe","ParentProcessId":547,"ProcessId":49031,"User":"NT AUTHORITY\\NETWORK SERVICE","agent":{"hostname":"WIN-RHT3KZXU","type":"winlogbeat","version":"8.5.0"},"ecs":{"version":"8.5.0"},"event":{"action":"Process creation","category":["process"],"code":1,"kind":"event","provider":"Microsoft-Windows-Sysmon","type":["start"]},"host":{"name":"WIN-U96TEVQT","os":{"family":"windows","name":"Windows Server 2019","version":"10.0.17763"}},"process":{"args":["C:\\Windows\\System32\\cmd.exe","1PNT6M6RZF"],"command_line":"C:\\Windows\\System32\\cmd.exe 1PNT6M6RZF","executable":"C:\\Windows\\System32\\cmd.exe","name":"cmd.exe","parent":{"executable":"C:\\Windows\\System32\\winlogon.exe","name":"winlogon.exe","pid":987},"pid":7548},"user":{"domain":"NT AUTHORITY","name":"NT AUTHORITY\\NETWORK SERVICE"},"winlog":{"channel":"Microsoft-Windows-Sysmon/Operational","computer_name":"WIN-CL8O4ZG3.domain.local","event_id":1,"provider_name":"Microsoft-Windows-Sysmon","record_id":1489314,"task":"Process creation (rule: ProcessCreate)"}}
{"@timestamp":"2023-11-18T05:31:44.562Z","CommandLine":"C:\\Windows\\System32\\WindowsPowerShell\\v1.0\\powershell.exe LYUAO5JBP8","EventID":1,"Image":"C:\\Windows\\System32\\WindowsPowerShell\\v1.0\\powershell.exe","ParentImage":"C:\\Windows\\System32\\cmd.exe","ParentProcessId":848,"ProcessId":61004,"User":"jane.smith","agent":{"hostname":"WIN-WZ23E36F","type":"winlogbeat","version":"8.5.0"},"ecs":{"version":"8.5.0"},"event":{"action":"Process creation","category":["process"],"code":1,"kind":"event","provider":"Microsoft-Windows-Sysmon","type":["start"]},"host":{"name":"WIN-OLR3354N","os":{"family":"windows","name":"Windows Server 2019","version":"10.0.17763"}},"process":{"args":["C:\\Windows\\System32\\WindowsPowerShell\\v1.0\\powershell.exe","LYUAO5JBP8"],"command_line":"C:\\Windows\\System32\\WindowsPowerShell\\v1.0\\powershell.exe LYUAO5JBP8","executable":"C:\\Windows\\System32\\WindowsPowerShell\\v1.0\\powershell.exe","name":"powershell.exe","parent":{"executable":"C:\\Windows\\System32\\cmd.exe","name":"cmd.exe","pid":330},"pid":61111},"user":{"domain":"DOMAIN","name":"jane.smith"},"winlog":{"channel":"Microsoft-Windows-Sysmon/Operational","computer_name":"WIN-UGMJ3C7D.domain.local","event_id":1,"provider_name":"Microsoft-Windows-Sysmon","record_id":7183000,"task":"Process creation (rule: ProcessCreate)"}}
{"@timestamp":"2023-04-04T21:43:22.483Z","CommandLine":"C:\\Windows\\System32\\explorer.exe","EventID":1,"Image":"C:\\Windows\\System32\\explorer.exe","ParentImage":"C:\\Windows\\System32\\spoolsv.exe","ParentProcessId":717,"ProcessId":61415,"User":"service_account","agent":{"hostname":"WIN-I2NOD97K","type":"winlogbeat","version":"8.5.0"},"ecs":{"version":"8.5.0"},"event":{"action":"Process creation","category":["process"],"code":1,"kind":"event","provider":"Microsoft-Windows-Sysmon","type":["start"]},"host":{"name":"WIN-I6ED98PR","os":{"family":"windows","name":"Windows Server 2019","version":"10.0.17763"}},"process":{"args":["C:\\Windows\\System32\\explorer.exe"],"command_line":"C:\\Windows\\System32\\explorer.exe","executable":"C:\\Windows\\System32\\explorer.exe","name":"explorer.exe","parent":{"executable":"C:\\Windows\\System32\\spoolsv.exe","name":"spoolsv.exe","pid":418},"pid":10972},"user":{"domain":"DOMAIN","name":"service_account"},"winlog":{"channel":"Microsoft-Windows-Sysmon/Operational","computer_name":"WIN-4546MW2N.domain.local","event_id":1,"provider_name":"Microsoft-Windows-Sysmon","record_id":8695034,"task":"Process creation (rule: ProcessCreate)"}}
{"@timestamp":"2023-07-18T15:22:06.255Z","EventID":17,"Image":"C:\\Program Files (x86)\\Microsoft\\Edge\\Application\\msedge.exe","PipeName":"\\pipe\\wkssvc","agent":{"hostname":"WIN-38CGPJ7N","type":"winlogbeat","version":"8.5.0"},"ecs":{"version":"8.5.0"},"event":{"action":"Process creation","category":["process"],"code":17,"kind":"event","provider":"Microsoft-Windows-Sysmon","type":["start"]},"host":{"name":"WIN-MB5416M0","os":{"family":"windows","name":"Windows Server 2019","version":"10.0.17763"}},"winlog":{"channel":"Microsoft-Windows-Sysmon/Operational","computer_name":"WIN-GRH5XBQ0.domain.local","event_id":17,"provider_name":"Microsoft-Windows-Sysmon","record_id":4601977,"task":"Process creation (rule: ProcessCreate)"}}
{"@timestamp":"2023-03-13T20:16:18.923Z","Details":"C:\\temp\\TGF9DALC.exe","EventID":13,"Image":"C:\\Windows\\System32\\wininit.exe","TargetObject":"HKCU\\SOFTWARE\\Microsoft\\Windows\\CurrentVersion\\Run\\NACP5193A2","agent":{"hostname":"WIN-O32H43BG","type":"winlogbeat","version":"8.5.0"},"ecs":{"version":"8.5.0"},"event":{"action":"Process creation","category":["process"],"code":13,"kind":"event","provider":"Microsoft-Windows-Sysmon","type":["start"]},"host":{"name":"WIN-M7YLAK2G","os":{"family":"windows","name":"Windows Server 2019","version":"10.0.17763"}},"registry":{"data":{"strings":["C:\\temp\\T6QMMALN.exe"]},"key":"HKCU\\SOFTWARE\\Microsoft\\Windows\\CurrentVersion\\Run","value":"PH201ASZX4"},"winlog":{"channel":"Microsoft-Windows-Sysmon/Operational","computer_name":"WIN-L52G176Z.domain.local","event_id":13,"provider_name":"Microsoft-Windows-Sysmon","record_id":4584436,"task":"Process creation (rule: ProcessCreate)"}}
{"@timestamp":"2023-03-12T01:07:33.193Z","DestinationIp":"192.168.1.100","DestinationPort":443,"EventID":3,"Image":"C:\\Windows\\System32\\mshta.exe","Protocol":"tcp","SourceIp":"192.168.1.100","SourcePort":53649,"agent":{"hostname":"WIN-TWKL3AU2","type":"winlogbeat","version":"8.5.0"},"destination":{"ip":"192.168.1.100","port":443},"ecs":{"version":"8.5.0"},"event":{"action":"Process creation","category":["process"],"code":3,"kind":"event","provider":"Microsoft-Windows-Sysmon","type":["start"]},"host":{"name":"WIN-OJGII7LQ","os":{"family":"windows","name":"Windows Server 2019","version":"10.0.17763"}},"network":{"direction":"outbound","protocol":"tcp"},"source":{"ip":"192.168.1.100","port":53649},"winlog":{"channel":"Microsoft-Windows-Sysmon/Operational","computer_name":"WIN-2O5FT1D7.domain.local","event_id":3,"provider_name":"Microsoft-Windows-Sysmon","record_id":4738326,"task":"Process creation (rule: ProcessCreate)"}}
{"@timestamp":"2023-07-09T19:27:37.750Z","EventID":17,"Image":"C:\\Windows\\System32\\wscript.exe","PipeName":"\\pipe\\spoolss","agent":{"hostname":"WIN-T28UBS8X","type":"winlogbeat","version":"8.5.0"},"ecs":{"version":"8.5.0"},"event":{"action":"Process creation","category":["process"],"code":17,"kind":"event","provider":"Microsoft-Windows-Sysmon","type":["start"]},"host":{"name":"WIN-0GBYSJCB","os":{"family":"windows","name":"Windows Server 2019","version":"10.0.17763"}},"winlog":{"channel":"Microsoft-Windows-Sysmon/Operational","computer_name":"WIN-99E3PIOE.domain.local","event_id":17,"provider_name":"Microsoft-Windows-Sysmon","record_id":8494272,"task":"Process creation (rule: ProcessCreate)"}}
