{"@timestamp":"2023-07-27T11:58:14.512Z","CommandLine":"C:\\Windows\\System32\\lsass.exe 2SG19UX1LE","EventID":1,"Image":"C:\\Windows\\System32\\lsass.exe","ParentImage":"C:\\Program Files\\Google\\Chrome\\Application\\chrome.exe","ParentProcessId":868,"ProcessId":9779,"User":"user","agent":{"hostname":"WIN-9JG6IMQE","type":"winlogbeat","version":"8.5.0"},"ecs":{"version":"8.5.0"},"event":{"action":"Process creation","category":["process"],"code":1,"kind":"event","provider":"Microsoft-Windows-Sysmon","type":["start"]},"host":{"name":"WIN-9DN4I2LT","os":{"family":"windows","name":"Windows Server 2019","version":"10.0.17763"}},"process":{"args":["C:\\Windows\\System32\\lsass.exe","2SG19UX1LE"],"command_line":"C:\\Windows\\System32\\lsass.exe 2SG19UX1LE","executable":"C:\\Windows\\System32\\lsass.exe","name":"lsass.exe","parent":{"executable":"C:\\Program Files\\Google\\Chrome\\Application\\chrome.exe","name":"chrome.exe","pid":732},"pid":24782},"user":{"domain":"DOMAIN","name":"user"},"winlog":{"channel":"Microsoft-Windows-Sysmon/Operational","computer_name":"WIN-P0K9NSZX.domain.local","event_id":1,"provider_name":"Microsoft-Windows-Sysmon","record_id":3271976,"task":"Process creation (rule: ProcessCreate)"}}
{"@timestamp":"2023-03-07T18:47:35.240Z","CommandLine":"C:\\Windows\\System32\\svchost.exe 1JTK46O6OE","EventID":1,"Image":"C:\\Windows\\System32\\svchost.exe","ParentImage":"C:\\Windows\\System32\\notepad.exe","ParentProcessId":706,"ProcessId":26151,"User":"Guest","agent":{"hostname":"WIN-TRQJLL3L","type":"winlogbeat","version":"8.5.0"},"ecs":{"version":"8.5.0"},"event":{"action":"Process creation","category":["process"],"code":1,"kind":"event","provider":"Microsoft-Windows-Sysmon","type":["start"]},"host":{"name":"WIN-PPB7WKF7","os":{"family":"windows","name":"Windows Server 2019","version":"10.0.17763"}},"process":{"args":["C:\\Windows\\System32\\svchost.exe","1JTK46O6OE"],"command_line":"C:\\Windows\\System32\\svchost.exe 1JTK46O6OE","executable":"C:\\Windows\\System32\\svchost.exe","name":"svchost.exe","parent":{"executable":"C:\\Windows\\System32\\notepad.exe","name":"notepad.exe","pid":123},"pid":26067},"user":{"domain":"DOMAIN","name":"Guest"},"winlog":{"channel":"Microsoft-Windows-Sysmon/Operational","computer_name":"WIN-CWIM7HZ6.domain.local","event_id":1,"provider_name":"Microsoft-Windows-Sysmon","record_id":2877576,"task":"Process creation (rule: ProcessCreate)"}}
{"@timestamp":"2023-11-03T08:13:44.762Z","CommandLine":"C:\\Windows\\System32\\cmd.exe 1ORH6TXFIU","EventID":1,"Image":"C:\\Windows\\System32\\cmd.exe","ParentImage":"C:\\Windows\\System32\\rundll32.exe","ParentProcessId":873,"ProcessId":39072,"User":"admin","agent":{"hostname":"WIN-1I7XZ9XR","type":"winlogbeat","version":"8.5.0"},"ecs":{"version":"8.5.0"},"event":{"action":"Process creation","category":["process"],"code":1,"kind":"event","provider":"Microsoft-Windows-Sysmon","type":["start"]},"host":{"name":"WIN-LSZNLAJC","os":{"family":"windows","name":"Windows Server 2019","version":"10.0.17763"}},"process":{"args":["C:\\Windows\\System32\\cmd.exe","1ORH6TXFIU"],"command_line":"C:\\Windows\\System32\\cmd.exe 1ORH6TXFIU","executable":"C:\\Windows\\System32\\cmd.exe","name":"cmd.exe","parent":{"executable":"C:\\Windows\\System32\\rundll32.exe","name":"rundll32.exe","pid":632},"pid":61347},"user":{"domain":"DOMAIN","name":"admin"},"winlog":{"channel":"Microsoft-Windows-Sysmon/Operational","computer_name":"WIN-LRLMAJDD.domain.local","event_id":1,"provider_name":"Microsoft-Windows-Sysmon","record_id":6028463,"task":"Process creation (rule: ProcessCreate)"}}
{"@timestamp":"2023-07-18T21:58:43.296Z","DestinationIp":"10.0.0.50","DestinationPort":80,"EventID":3,"Image":"C:\\Windows\\System32\\WindowsPowerShell\\v1.0\\powershell.exe","Protocol":"tcp","SourceIp":"192.168.1.100","SourcePort":62976,"agent":{"hostname":"WIN-TXCZ1CZW","type":"winlogbeat","version":"8.5.0"},"destination":{"ip":"10.0.0.50","port":80},"ecs":{"version":"8.5.0"},"event":{"action":"Process creation","category":["process"],"code":3,"kind":"event","provider":"Microsoft-Windows-Sysmon","type":["start"]},"host":{"name":"WIN-QZ22GAU7","os":{"family":"windows","name":"Windows Server 2019","version":"10.0.17763"}},"network":{"direction":"outbound","protocol":"tcp"},"source":{"ip":"192.168.1.100","port":62976},"winlog":{"channel":"Microsoft-Windows-Sysmon/Operational","computer_name":"WIN-OUIA0FYU.domain.local","event_id":3,"provider_name":"Microsoft-Windows-Sysmon","record_id":9271370,"task":"Process creation (rule: ProcessCreate)"}}
{"@timestamp":"2023-07-20T23:01:05.875Z","DestinationIp":"1.1.1.1","DestinationPort":445,"EventID":3,"Image":"C:\\Program Files (x86)\\Microsoft\\Edge\\Application\\msedge.exe","Protocol":"tcp","SourceIp":"192.168.1.100","SourcePort":58465,"agent":{"hostname":"WIN-ZVD4PA6J","type":"winlogbeat","version":"8.5.0"},"destination":{"ip":"1.1.1.1","port":445},"ecs":{"version":"8.5.0"},"event":{"action":"Process creation","category":["process"],"code":3,"kind":"event","provider":"Microsoft-Windows-Sysmon","type":["start"]},"host":{"name":"WIN-G456P6S7","os":{"family":"windows","name":"Windows Server 2019","version":"10.0.17763"}},"network":{"direction":"outbound","protocol":"tcp"},"source":{"ip":"192.168.1.100","port":58465},"winlog":{"channel":"Microsoft-Windows-Sysmon/Operational","computer_name":"WIN-B1H1LRWY.domain.local","event_id":3,"provider_name":"Microsoft-Windows-Sysmon","record_id":3957459,"task":"Process creation (rule: ProcessCreate)"}}
{"@timestamp":"2023-05-27T06:43:14.423Z","DestinationIp":"208.67.222.222","DestinationPort":8443,"EventID":3,"Image":"C:\\Windows\\System32\\winlogon.exe","Protocol":"tcp","SourceIp":"192.168.1.100","SourcePort":53186,"agent":{"hostname":"WIN-MEAOGF8V","type":"winlogbeat","version":"8.5.0"},"destination":{"ip":"208.67.222.222","port":8443},"ecs":{"version":"8.5.0"},"event":{"action":"Process creation","category":["process"],"code":3,"kind":"event","provider":"Microsoft-Windows-Sysmon","type":["start"]},"host":{"name":"WIN-T4TP5MCS","os":{"family":"windows","name":"Windows Server 2019","version":"10.0.17763"}},"network":{"direction":"outbound","protocol":"tcp"},"source":{"ip":"192.168.1.100","port":53186},"winlog":{"channel":"Microsoft-Windows-Sysmon/Operational","computer_name":"WIN-AKGKGJIA.domain.local","event_id":3,"provider_name":"Microsoft-Windows-Sysmon","record_id":7023461,"task":"Process creation (rule: ProcessCreate)"}}
{"@timestamp":"2023-11-07T10:26:02.180Z","CommandLine":"C:\\Windows\\System32\\taskmgr.exe 7FURSUTZV5","EventID":1,"Image":"C:\\Windows\\System32\\taskmgr.exe","ParentImage":"C:\\Windows\\System32\\services.exe","ParentProcessId":550,"ProcessId":28251,"User":"john.doe","agent":{"hostname":"WIN-TK9239QE","type":"winlogbeat","version":"8.5.0"},"ecs":{"version":"8.5.0"},"event":{"action":"Process creation","category":["process"],"code":1,"kind":"event","provider":"Microsoft-Windows-Sysmon","type":["start"]},"host":{"name":"WIN-UHRI9SYZ","os":{"family":"windows","name":"Windows Server 2019","version":"10.0.17763"}},"process":{"args":["C:\\Windows\\System32\\taskmgr.exe","7FURSUTZV5"],"command_line":"C:\\Windows\\System32\\taskmgr.exe 7FURSUTZV5","executable":"C:\\Windows\\System32\\taskmgr.exe","name":"taskmgr.exe","parent":{"executable":"C:\\Windows\\System32\\services.exe","name":"services.exe","pid":920},"pid":17990},"user":{"domain":"DOMAIN","name":"john.doe"},"winlog":{"channel":"Microsoft-Windows-Sysmon/Operational","computer_name":"WIN-V6P0HKVU.domain.local","event_id":1,"provider_name":"Microsoft-Windows-Sysmon","record_id":9932722,"task":"Process creation (rule: ProcessCreate)"}}
{"@timestamp":"2023-08-15T10:45:20.601Z","CommandLine":"C:\\Program Files\\Mozilla Firefox\\firefox.exe U5G2GZECD8","EventID":1,"Image":"C:\\Program Files\\Mozilla Firefox\\firefox.exe","ParentImage":"C:\\Windows\\System32\\powershell.exe","ParentProcessId":889,"ProcessId":37046,"User":"NT AUTHORITY\\LOCAL SERVICE","agent":{"hostname":"WIN-OXHFRB4R","type":"winlogbeat","version":"8.5.0"},"ecs":{"version":"8.5.0"},"event":{"action":"Process creation","category":["process"],"code":1,"kind":"event","provider":"Microsoft-Windows-Sysmon","type":["start"]},"host":{"name":"WIN-SASXNZUJ","os":{"family":"windows","name":"Windows Server 2019","version":"10.0.17763"}},"process":{"args":["C:\\Program","Files\\Mozilla","Firefox\\firefox.exe","U5G2GZECD8"],"command_line":"C:\\Program Files\\Mozilla Firefox\\firefox.exe U5G2GZECD8","executable":"C:\\Program Files\\Mozilla Firefox\\firefox.exe","name":"firefox.exe","parent":{"executable":"C:\\Windows\\System32\\powershell.exe","name":"powershell.exe","pid":330},"pid":10846},"user":{"domain":"NT AUTHORITY","name":"NT AUTHORITY\\LOCAL SERVICE"},"winlog":{"channel":"Microsoft-Windows-Sysmon/Operational","computer_name":"WIN-FKZ76NQT.domain.local","event_id":1,"provider_name":"Microsoft-Windows-Sysmon","record_id":7312358,"task":"Process creation (rule: ProcessCreate)"}}
{"@timestamp":"2023-10-23T07:56:40.724Z","CommandLine":"C:\\Program Files (x86)\\Microsoft\\Edge\\Application\\msedge.exe BGAZHOAICF","EventID":1,"Image":"C:\\Program Files (x86)\\Microsoft\\Edge\\Application\\msedge.exe","ParentImage":"C:\\Windows\\System32\\explorer.exe","ParentProcessId":947,"ProcessId":62322,"User":"NT AUTHORITY\\NETWORK SERVICE","agent":{"hostname":"WIN-HR42KOT3","type":"winlogbeat","version":"8.5.0"},"ecs":{"version":"8.5.0"},"event":{"action":"Process creation","category":["process"],"code":1,"kind":"event","provider":"Microsoft-Windows-Sysmon","type":["start"]},"host":{"name":"WIN-NGKTK9ZO","os":{"family":"windows","name":"Windows Server 2019","version":"10.0.17763"}},"process":{"args":["C:\\Program","Files","(x86)\\Microsoft\\Edge\\Application\\msedge.exe","BGAZHOAICF"],"command_line":"C:\\Program Files (x86)\\Microsoft\\Edge\\Application\\msedge.exe BGAZHOAICF","executable":"C:\\Program Files (x86)\\Microsoft\\Edge\\Application\\msedge.exe","name":"msedge.exe","parent":{"executable":"C:\\Windows\\System32\\explorer.exe","name":"explorer.exe","pid":262},"pid":43175},"user":{"domain":"NT AUTHORITY","name":"NT AUTHORITY\\NETWORK SERVICE"},"winlog":{"channel":"Microsoft-Windows-Sysmon/Operational","computer_name":"WIN-FLHX1Z0U.domain.local","event_id":1,"provider_name":"Microsoft-Windows-Sysmon","record_id":6230096,"task":"Process creation (rule: ProcessCreate)"}}
{"@timestamp":"2023-06-15T21:49:54.683Z","CommandLine":"C:\\Windows\\System32\\svchost.exe F3UUG8CCSV","EventID":1,"Image":"C:\\Windows\\System32\\svchost.exe","ParentImage":"C:\\Windows\\System32\\wininit.exe","ParentProcessId":256,"ProcessId":46156,"User":"user","agent":{"hostname":"WIN-HTX03NGC","type":"winlogbeat","version":"8.5.0"},"ecs":{"version":"8.5.0"},"event":{"action":"Process creation","category":["process"],"code":1,"kind":"event","provider":"Microsoft-Windows-Sysmon","type":["start"]},"host":{"name":"WIN-71VSPLX0","os":{"family":"windows","name":"Windows Server 2019","version":"10.0.17763"}},"process":{"args":["C:\\Windows\\System32\\svchost.exe","F3UUG8CCSV"],"command_line":"C:\\Windows\\System32\\svchost.exe F3UUG8CCSV","executable":"C:\\Windows\\System32\\svchost.exe","name":"svchost.exe","parent":{"executable":"C:\\Windows\\System32\\wininit.exe","name":"wininit.exe","pid":526},"pid":56326},"user":{"domain":"DOMAIN","name":"user"},"winlog":{"channel":"Microsoft-Windows-Sysmon/Operational","computer_name":"WIN-LL86MJS2.domain.local","event_id":1,"provider_name":"Microsoft-Windows-Sysmon","record_id":7213993,"task":"Process creation (rule: ProcessCreate)"}}
{"@timestamp":"2023-12-08T05:17:56.684Z","CommandLine":"C:\\Windows\\System32\\mshta.exe 0ZBZK7E2TJ","EventID":1,"Image":"C:\\Windows\\System32\\mshta.exe","ParentImage":"C:\\Windows\\System32\\taskmgr.exe","ParentProcessId":885,"ProcessId":49517,"User":"john.doe","agent":{"hostname":"WIN-R6BRJV71","type":"winlogbeat","version":"8.5.0"},"ecs":{"version":"8.5.0"},"event":{"action":"Process creation","category":["process"],"code":1,"kind":"event","provider":"Microsoft-Windows-Sysmon","type":["start"]},"host":{"name":"WIN-QXLJ0QS7","os":{"family":"windows","name":"Windows Server 2019","version":"10.0.17763"}},"process":{"args":["C:\\Windows\\System32\\mshta.exe","0ZBZK7E2TJ"],"command_line":"C:\\Windows\\System32\\mshta.exe 0ZBZK7E2TJ","executable":"C:\\Windows\\System32\\mshta.exe","name":"mshta.exe","parent":{"executable":"C:\\Windows\\System32\\taskmgr.exe","name":"taskmgr.exe","pid":798},"pid":39403},"user":{"domain":"DOMAIN","name":"john.doe"},"winlog":{"channel":"Microsoft-Windows-Sysmon/Operational","computer_name":"WIN-DYSGYL3L.domain.local","event_id":1,"provider_name":"Microsoft-Windows-Sysmon","record_id":8313973,"task":"Process creation (rule: ProcessCreate)"}}
{"@timestamp":"2023-03-01T16:22:24.769Z","CommandLine":"C:\\Windows\\System32\\regsvr32.exe 706ULONODZ","EventID":1,"Image":"C:\\Windows\\System32\\regsvr32.exe","ParentImage":"C:\\Windows\\System32\\winlogon.exe","ParentProcessId":493,"ProcessId":26216,"User":"Administrator","agent":{"hostname":"WIN-6S9832UA","type":"winlogbeat","version":"8.5.0"},"ecs":{"version":"8.5.0"},"event":{"action":"Process creation","category":["process"],"code":1,"kind":"event","provider":"Microsoft-Windows-Sysmon","type":["start"]},"host":{"name":"WIN-EZY5XDPG","os":{"family":"windows","name":"Windows Server 2019","version":"10.0.17763"}},"process":{"args":["C:\\Windows\\System32\\regsvr32.exe","706ULONODZ"],"command_line":"C:\\Windows\\System32\\regsvr32.exe 706ULONODZ","executable":"C:\\Windows\\System32\\regsvr32.exe","name":"regsvr32.exe","parent":{"executable":"C:\\Windows\\System32\\winlogon.exe","name":"winlogon.exe","pid":407},"pid":56118},"user":{"domain":"DOMAIN","name":"Administrator"},"winlog":{"channel":"Microsoft-Windows-Sysmon/Operational","computer_name":"WIN-U35AMJHL.domain.local","event_id":1,"provider_name":"Microsoft-Windows-Sysmon","record_id":7293291,"task":"Process creation (rule: ProcessCreate)"}}
{"@timestamp":"2023-10-18T23:46:38.989Z","CommandLine":"C:\\Program Files\\Google\\Chrome\\Application\\chrome.exe --new-tab https://example.com","EventID":1,"Image":"C:\\Program Files\\Google\\Chrome\\Application\\chrome.exe","ParentImage":"C:\\Program Files\\Google\\Chrome\\Application\\chrome.exe","ParentProcessId":707,"ProcessId":15671,"User":"Administrator","agent":{"hostname":"WIN-CLY2M2PW","type":"winlogbeat","version":"8.5.0"},"ecs":{"version":"8.5.0"},"event":{"action":"Process creation","category":["process"],"code":1,"kind":"event","provider":"Microsoft-Windows-Sysmon","type":["start"]},"host":{"name":"WIN-CF5JY2KS","os":{"family":"windows","name":"Windows Server 2019","version":"10.0.17763"}},"process":{"args":["C:\\Program","Files\\Google\\Chrome\\Application\\chrome.exe","--new-tab","https://example.com"],"command_line":"C:\\Program Files\\Google\\Chrome\\Application\\chrome.exe --new-tab https://example.com","executable":"C:\\Program Files\\Google\\Chrome\\Application\\chrome.exe","name":"chrome.exe","parent":{"executable":"C:\\Program Files\\Google\\Chrome\\Application\\chrome.exe","name":"chrome.exe","pid":571},"pid":11219},"user":{"domain":"DOMAIN","name":"Administrator"},"winlog":{"channel":"Microsoft-Windows-Sysmon/Operational","computer_name":"WIN-3OWFBUTD.domain.local","event_id":1,"provider_name":"Microsoft-Windows-Sysmon","record_id":3542239,"task":"Process creation (rule: ProcessCreate)"}}
{"@timestamp":"2023-07-07T20:05:22.434Z","DestinationIp":"208.67.222.222","DestinationPort":53,"EventID":3,"Image":"C:\\Windows\\System32\\taskmgr.exe","Protocol":"tcp","SourceIp":"192.168.1.100","SourcePort":52264,"agent":{"hostname":"WIN-LVU6GFSR","type":"winlogbeat","version":"8.5.0"},"destination":{"ip":"208.67.222.222","port":53},"ecs":{"version":"8.5.0"},"event":{"action":"Process creation","category":["process"],"code":3,"kind":"event","provider":"Microsoft-Windows-Sysmon","type":["start"]},"host":{"name":"WIN-UJMRWBGR","os":{"family":"windows","name":"Windows Server 2019","version":"10.0.17763"}},"network":{"direction":"outbound","protocol":"tcp"},"source":{"ip":"192.168.1.100","port":52264},"winlog":{"channel":"Microsoft-Windows-Sysmon/Operational","computer_name":"WIN-I66114RO.domain.local","event_id":3,"provider_name":"Microsoft-Windows-Sysmon","record_id":3461458,"task":"Process creation (rule: ProcessCreate)"}}
{"@timestamp":"2023-07-08T05:12:26.675Z","CommandLine":"C:\\Windows\\System32\\powershell.exe GDR3O0IW5S","EventID":1,"Image":"C:\\Windows\\System32\\powershell.exe","ParentImage":"C:\\Windows\\System32\\WindowsPowerShell\\v1.0\\powershell.exe","ParentProcessId":564,"ProcessId":50728,"User":"DefaultAccount","agent":{"hostname":"WIN-7JSQBDAD","type":"winlogbeat","version":"8.5.0"},"ecs":{"version":"8.5.0"},"event":{"action":"Process creation","category":["process"],"code":1,"kind":"event","provider":"Microsoft-Windows-Sysmon","type":["start"]},"host":{"name":"WIN-DN6IOYZ3","os":{"family":"windows","name":"Windows Server 2019","version":"10.0.17763"}},"process":{"args":["C:\\Windows\\System32\\powershell.exe","GDR3O0IW5S"],"command_line":"C:\\Windows\\System32\\powershell.exe GDR3O0IW5S","executable":"C:\\Windows\\System32\\powershell.exe","name":"powershell.exe","parent":{"executable":"C:\\Windows\\System32\\WindowsPowerShell\\v1.0\\powershell.exe","name":"powershell.exe","pid":848},"pid":43912},"user":{"domain":"DOMAIN","name":"DefaultAccount"},"winlog":{"channel":"Microsoft-Windows-Sysmon/Operational","computer_name":"WIN-511O41EW.domain.local","event_id":1,"provider_name":"Microsoft-Windows-Sysmon","record_id":6292945,"task":"Process creation (rule: ProcessCreate)"}}
{"@timestamp":"2023-03-11T19:14:34.845Z","CommandLine":"C:\\Windows\\System32\\lsass.exe YIH7EEAI5Q","EventID":1,"Image":"C:\\Windows\\System32\\lsass.exe","ParentImage":"C:\\Windows\\System32\\wscript.exe","ParentProcessId":902,"ProcessId":63217,"User":"Guest","agent":{"hostname":"WIN-VQDRPYD8","type":"winlogbeat","version":"8.5.0"},"ecs":{"version":"8.5.0"},"event":{"action":"Process creation","category":["process"],"code":1,"kind":"event","provider":"Microsoft-Windows-Sysmon","type":["start"]},"host":{"name":"WIN-0YYUACRR","os":{"family":"windows","name":"Windows Server 2019","version":"10.0.17763"}},"process":{"args":["C:\\Windows\\System32\\lsass.exe","YIH7EEAI5Q"],"command_line":"C:\\Windows\\System32\\lsass.exe YIH7EEAI5Q","executable":"C:\\Windows\\System32\\lsass.exe","name":"lsass.exe","parent":{"executable":"C:\\Windows\\System32\\wscript.exe","name":"wscript.exe","pid":267},"pid":46302},"user":{"domain":"DOMAIN","name":"Guest"},"winlog":{"channel":"Microsoft-Windows-Sysmon/Operational","computer_name":"WIN-YM20SC6O.domain.local","event_id":1,"provider_name":"Microsoft-Windows-Sysmon","record_id":7107957,"task":"Process creation (rule: ProcessCreate)"}}
{"@timestamp":"2023-01-21T05:51:12.597Z","CommandLine":"C:\\Windows\\System32\\wininit.exe C15BILR7RF","EventID":1,"Image":"C:\\Windows\\System32\\wininit.exe","ParentImage":"C:\\Windows\\System32\\rundll32.exe","ParentProcessId":255,"ProcessId":34101,"User":"Administrator","agent":{"hostname":"WIN-BUMOZ450","type":"winlogbeat","version":"8.5.0"},"ecs":{"version":"8.5.0"},"event":{"action":"Process creation","category":["process"],"code":1,"kind":"event","provider":"Microsoft-Windows-Sysmon","type":["start"]},"host":{"name":"WIN-4SGNUJHH","os":{"family":"windows","name":"Windows Server 2019","version":"10.0.17763"}},"process":{"args":["C:\\Windows\\System32\\wininit.exe","C15BILR7RF"],"command_line":"C:\\Windows\\System32\\wininit.exe C15BILR7RF","executable":"C:\\Windows\\System32\\wininit.exe","name":"wininit.exe","parent":{"executable":"C:\\Windows\\System32\\rundll32.exe","name":"rundll32.exe","pid":441},"pid":12825},"user":{"domain":"DOMAIN","name":"Administrator"},"winlog":{"channel":"Microsoft-Windows-Sysmon/Operational","computer_name":"WIN-53YKUTZ1.domain.local","event_id":1,"provider_name":"Microsoft-Windows-Sysmon","record_id":9538187,"task":"Process creation (rule: ProcessCreate)"}}
{"@timestamp":"2023-10-04T17:21:36.134Z","DestinationIp":"192.168.1.100","DestinationPort":8080,"EventID":3,"Image":"C:\\Windows\\System32\\taskmgr.exe","Protocol":"tcp","SourceIp":"192.168.1.100","SourcePort":56809,"agent":{"hostname":"WIN-HHNW7UMH","type":"winlogbeat","version":"8.5.0"},"destination":{"ip":"192.168.1.100","port":8080},"ecs":{"version":"8.5.0"},"event":{"action":"Process creation","category":["process"],"code":3,"kind":"event","provider":"Microsoft-Windows-Sysmon","type":["start"]},"host":{"name":"WIN-YX9NKRZH","os":{"family":"windows","name":"Windows Server 2019","version":"10.0.17763"}},"network":{"direction":"outbound","protocol":"tcp"},"source":{"ip":"192.168.1.100","port":56809},"winlog":{"channel":"Microsoft-Windows-Sysmon/Operational","computer_name":"WIN-WA7J65YV.domain.local","event_id":3,"provider_name":"Microsoft-Windows-Sysmon","record_id":3785990,"task":"Process creation (rule: ProcessCreate)"}}
{"@timestamp":"2023-01-09T19:06:52.464Z","CommandLine":"C:\\Program Files\\Mozilla Firefox\\firefox.exe WNYCREBMAS","EventID":1,"Image":"C:\\Program Files\\Mozilla Firefox\\firefox.exe","ParentImage":"C:\\Windows\\System32\\services.exe","ParentProcessId":563,"ProcessId":26725,"User":"Guest","agent":{"hostname":"WIN-CZMY7T6B","type":"winlogbeat","version":"8.5.0"},"ecs":{"version":"8.5.0"},"event":{"action":"Process creation","category":["process"],"code":1,"kind":"event","provider":"Microsoft-Windows-Sysmon","type":["start"]},"host":{"name":"WIN-K6ZHP1AM","os":{"family":"windows","name":"Windows Server 2019","version":"10.0.17763"}},"process":{"args":["C:\\Program","Files\\Mozilla","Firefox\\firefox.exe","WNYCREBMAS"],"command_line":"C:\\Program Files\\Mozilla Firefox\\firefox.exe WNYCREBMAS","executable":"C:\\Program Files\\Mozilla Firefox\\firefox.exe","name":"firefox.exe","parent":{"executable":"C:\\Windows\\System32\\services.exe","name":"services.exe","pid":985},"pid":34435},"user":{"domain":"DOMAIN","name":"Guest"},"winlog":{"channel":"Microsoft-Windows-Sysmon/Operational","computer_name":"WIN-FUQWXDJN.domain.local","event_id":1,"provider_name":"Microsoft-Windows-Sysmon","record_id":8566740,"task":"Process creation (rule: ProcessCreate)"}}
{"@timestamp":"2023-08-18T11:54:19.423Z","CommandLine":"C:\\Windows\\System32\\explorer.exe","EventID":1,"Image":"C:\\Windows\\System32\\explorer.exe","ParentImage":"C:\\Windows\\System32\\services.exe","ParentProcessId":896,"ProcessId":60970,"User":"service_account","agent":{"hostname":"WIN-VU25VVO4","type":"winlogbeat","version":"8.5.0"},"ecs":{"version":"8.5.0"},"event":{"action":"Process creation","category":["process"],"code":1,"kind":"event","provider":"Microsoft-Windows-Sysmon","type":["start"]},"host":{"name":"WIN-F7ECYWSC","os":{"family":"windows","name":"Windows Server 2019","version":"10.0.17763"}},"process":{"args":["C:\\Windows\\System32\\explorer.exe"],"command_line":"C:\\Windows\\System32\\explorer.exe","executable":"C:\\Windows\\System32\\explorer.exe","name":"explorer.exe","parent":{"executable":"C:\\Windows\\System32\\services.exe","name":"services.exe","pid":638},"pid":21603},"user":{"domain":"DOMAIN","name":"service_account"},"winlog":{"channel":"Microsoft-Windows-Sysmon/Operational","computer_name":"WIN-C5Z9EVE0.domain.local","event_id":1,"provider_name":"Microsoft-Windows-Sysmon","record_id":1136705,"task":"Process creation (rule: ProcessCreate)"}}
{"@timestamp":"2023-09-08T13:24:47.447Z","CommandLine":"C:\\Windows\\System32\\wininit.exe MWKYX124G2","EventID":1,"Image":"C:\\Windows\\System32\\wininit.exe","ParentImage":"C:\\Windows\\System32\\svchost.exe","ParentProcessId":171,"ProcessId":22719,"User":"Guest","agent":{"hostname":"WIN-49BXQOGG","type":"winlogbeat","version":"8.5.0"},"ecs":{"version":"8.5.0"},"event":{"action":"Process creation","category":["process"],"code":1,"kind":"event","provider":"Microsoft-Windows-Sysmon","type":["start"]},"host":{"name":"WIN-9PVSUEHI","os":{"family":"windows","name":"Windows Server 2019","version":"10.0.17763"}},"process":{"args":["C:\\Windows\\System32\\wininit.exe","MWKYX124G2"],"command_line":"C:\\Windows\\System32\\wininit.exe MWKYX124G2","executable":"C:\\Windows\\System32\\wininit.exe","name":"wininit.exe","parent":{"executable":"C:\\Windows\\System32\\svchost.exe","name":"svchost.exe","pid":346},"pid":26765},"user":{"domain":"DOMAIN","name":"Guest"},"winlog":{"channel":"Microsoft-Windows-Sysmon/Operational","computer_name":"WIN-7Q31WZOR.domain.local","event_id":1,"provider_name":"Microsoft-Windows-Sysmon","record_id":2541336,"task":"Process creation (rule: ProcessCreate)"}}
{"@timestamp":"2023-04-14T20:46:31.967Z","Details":"C:\\temp\\PVEZVK5L.exe","EventID":13,"Image":"C:\\Program Files\\Mozilla Firefox\\firefox.exe","TargetObject":"HKLM\\SOFTWARE\\Classes\\exefile\\shell\\open\\command\\UKCBGN7A0M","agent":{"hostname":"WIN-8TB49U6V","type":"winlogbeat","version":"8.5.0"},"ecs":{"version":"8.5.0"},"event":{"action":"Process creation","category":["process"],"code":13,"kind":"event","provider":"Microsoft-Windows-Sysmon","type":["start"]},"host":{"name":"WIN-URCR71I9","os":{"family":"windows","name":"Windows Server 2019","version":"10.0.17763"}},"registry":{"data":{"strings":["C:\\temp\\UFE4T2BK.exe"]},"key":"HKLM\\SOFTWARE\\Classes\\exefile\\shell\\open\\command","value":"IM6NOQ7PQH"},"winlog":{"channel":"Microsoft-Windows-Sysmon/Operational","computer_name":"WIN-GNQR8UA9.domain.local","event_id":13,"provider_name":"Microsoft-Windows-Sysmon","record_id":1171546,"task":"Process creation (rule: ProcessCreate)"}}
{"@timestamp":"2023-01-12T11:34:11.819Z","CommandLine":"C:\\Program Files\\Google\\Chrome\\Application\\chrome.exe --new-tab https://example.com","EventID":1,"Image":"C:\\Program Files\\Google\\Chrome\\Application\\chrome.exe","ParentImage":"C:\\Windows\\System32\\explorer.exe","ParentProcessId":728,"ProcessId":53898,"User":"DefaultAccount","agent":{"hostname":"WIN-VHL0MQRT","type":"winlogbeat","version":"8.5.0"},"ecs":{"version":"8.5.0"},"event":{"action":"Process creation","category":["process"],"code":1,"kind":"event","provider":"Microsoft-Windows-Sysmon","type":["start"]},"host":{"name":"WIN-L0PIXEBK","os":{"family":"windows","name":"Windows Server 2019","version":"10.0.17763"}},"process":{"args":["C:\\Program","Files\\Google\\Chrome\\Application\\chrome.exe","--new-tab","https://example.com"],"command_line":"C:\\Program Files\\Google\\Chrome\\Application\\chrome.exe --new-tab https://example.com","executable":"C:\\Program Files\\Google\\Chrome\\Application\\chrome.exe","name":"chrome.exe","parent":{"executable":"C:\\Windows\\System32\\explorer.exe","name":"explorer.exe","pid":471},"pid":62556},"user":{"domain":"DOMAIN","name":"DefaultAccount"},"winlog":{"channel":"Microsoft-Windows-Sysmon/Operational","computer_name":"WIN-960GU4TN.domain.local","event_id":1,"provider_name":"Microsoft-Windows-Sysmon","record_id":4449354,"task":"Process creation (rule: ProcessCreate)"}}
{"@timestamp":"2023-01-13T21:50:11.390Z","Details":"C:\\temp\\VYDVTKHP.exe","EventID":13,"Image":"C:\\Program Files (x86)\\Microsoft\\Edge\\Application\\msedge.exe","TargetObject":"HKLM\\SOFTWARE\\Classes\\exefile\\shell\\open\\command\\C6VEVTCT8P","agent":{"hostname":"WIN-0EME0T3L","type":"winlogbeat","version":"8.5.0"},"ecs":{"version":"8.5.0"},"event":{"action":"Process creation","category":["process"],"code":13,"kind":"event","provider":"Microsoft-Windows-Sysmon","type":["start"]},"host":{"name":"WIN-3KVPU7W3","os":{"family":"windows","name":"Windows Server 2019","version":"10.0.17763"}},"registry":{"data":{"strings":["C:\\temp\\EFCUH4I8.exe"]},"key":"HKLM\\SOFTWARE\\Classes\\exefile\\shell\\open\\command","value":"9M9GZ9PVVY"},"winlog":{"channel":"Microsoft-Windows-Sysmon/Operational","computer_name":"WIN-0NU5LZLR.domain.local","event_id":13,"provider_name":"Microsoft-Windows-Sysmon","record_id":9552667,"task":"Process creation (rule: ProcessCreate)"}}
{"@timestamp":"2023-11-20T02:02:40.265Z","CommandLine":"C:\\Windows\\System32\\spoolsv.exe IA7CVPE2H6","EventID":1,"Image":"C:\\Windows\\System32\\spoolsv.exe","ParentImage":"C:\\Windows\\System32\\regsvr32.exe","ParentProcessId":513,"ProcessId":13990,"User":"SYSTEM","agent":{"hostname":"WIN-WOX07ON8","type":"winlogbeat","version":"8.5.0"},"ecs":{"version":"8.5.0"},"event":{"action":"Process creation","category":["process"],"code":1,"kind":"event","provider":"Microsoft-Windows-Sysmon","type":["start"]},"host":{"name":"WIN-GJ76ULDZ","os":{"family":"windows","name":"Windows Server 2019","version":"10.0.17763"}},"process":{"args":["C:\\Windows\\System32\\spoolsv.exe","IA7CVPE2H6"],"command_line":"C:\\Windows\\System32\\spoolsv.exe IA7CVPE2H6","executable":"C:\\Windows\\System32\\spoolsv.exe","name":"spoolsv.exe","parent":{"executable":"C:\\Windows\\System32\\regsvr32.exe","name":"regsvr32.exe","pid":304},"pid":3052},"user":{"domain":"DOMAIN","name":"SYSTEM"},"winlog":{"channel":"Microsoft-Windows-Sysmon/Operational","computer_name":"WIN-103GEK63.domain.local","event_id":1,"provider_name":"Microsoft-Windows-Sysmon","record_id":9084080,"task":"Process creation (rule: ProcessCreate)"}}
{"@timestamp":"2023-08-23T14:11:14.678Z","CommandLine":"C:\\Windows\\System32\\wininit.exe OL0H6FAP67","EventID":1,"Image":"C:\\Windows\\System32\\wininit.exe","ParentImage":"C:\\Program Files (x86)\\Microsoft\\Edge\\Application\\msedge.exe","ParentProcessId":511,"ProcessId":15359,"User":"DefaultAccount","agent":{"hostname":"WIN-WEHZM7IU","type":"winlogbeat","version":"8.5.0"},"ecs":{"version":"8.5.0"},"event":{"action":"Process creation","category":["process"],"code":1,"kind":"event","provider":"Microsoft-Windows-Sysmon","type":["start"]},"host":{"name":"WIN-D91T3JKY","os":{"family":"windows","name":"Windows Server 2019","version":"10.0.17763"}},"process":{"args":["C:\\Windows\\System32\\wininit.exe","OL0H6FAP67"],"command_line":"C:\\Windows\\System32\\wininit.exe OL0H6FAP67","executable":"C:\\Windows\\System32\\wininit.exe","name":"wininit.exe","parent":{"executable":"C:\\Program Files (x86)\\Microsoft\\Edge\\Application\\msedge.exe","name":"msedge.exe","pid":302},"pid":34210},"user":{"domain":"DOMAIN","name":"DefaultAccount"},"winlog":{"channel":"Microsoft-Windows-Sysmon/Operational","computer_name":"WIN-FHN4T2E8.domain.local","event_id":1,"provider_name":"Microsoft-Windows-Sysmon","record_id":8397223,"task":"Process creation (rule: ProcessCreate)"}}
{"@timestamp":"2023-02-02T13:02:09.995Z","CommandLine":"C:\\Windows\\System32\\calc.exe 4MQT7CNV9V","EventID":1,"Image":"C:\\Windows\\System32\\calc.exe","ParentImage":"C:\\Windows\\System32\\services.exe","ParentProcessId":287,"ProcessId":42729,"User":"user","agent":{"hostname":"WIN-K7KKCTTQ","type":"winlogbeat","version":"8.5.0"},"ecs":{"version":"8.5.0"},"event":{"action":"Process creation","category":["process"],"code":1,"kind":"event","provider":"Microsoft-Windows-Sysmon","type":["start"]},"host":{"name":"WIN-7248UVX3","os":{"family":"windows","name":"Windows Server 2019","version":"10.0.17763"}},"process":{"args":["C:\\Windows\\System32\\calc.exe","4MQT7CNV9V"],"command_line":"C:\\Windows\\System32\\calc.exe 4MQT7CNV9V","executable":"C:\\Windows\\System32\\calc.exe","name":"calc.exe","parent":{"executable":"C:\\Windows\\System32\\services.exe","name":"services.exe","pid":752},"pid":53342},"user":{"domain":"DOMAIN","name":"user"},"winlog":{"channel":"Microsoft-Windows-Sysmon/Operational","computer_name":"WIN-1OE23FP3.domain.local","event_id":1,"provider_name":"Microsoft-Windows-Sysmon","record_id":9587203,"task":"Process creation (rule: ProcessCreate)"}}
{"@timestamp":"2023-09-17T13:37:06.722Z","CommandLine":"C:\\Windows\\System32\\explorer.exe","EventID":1,"Image":"C:\\Windows\\System32\\explorer.exe","ParentImage":"C:\\Windows\\System32\\wscript.exe","ParentProcessId":700,"ProcessId":57361,"User":"NT AUTHORITY\\LOCAL SERVICE","agent":{"hostname":"WIN-4NJ9HH3H","type":"winlogbeat","version":"8.5.0"},"ecs":{"version":"8.5.0"},"event":{"action":"Process creation","category":["process"],"code":1,"kind":"event","provider":"Microsoft-Windows-Sysmon","type":["start"]},"host":{"name":"WIN-7IRS3PKA","os":{"family":"windows","name":"Windows Server 2019","version":"10.0.17763"}},"process":{"args":["C:\\Windows\\System32\\explorer.exe"],"command_line":"C:\\Windows\\System32\\explorer.exe","executable":"C:\\Windows\\System32\\explorer.exe","name":"explorer.exe","parent":{"executable":"C:\\Windows\\System32\\wscript.exe","name":"wscript.exe","pid":443},"pid":22709},"user":{"domain":"NT AUTHORITY","name":"NT AUTHORITY\\LOCAL SERVICE"},"winlog":{"channel":"Microsoft-Windows-Sysmon/Operational","computer_name":"WIN-EZ5VB3C0.domain.local","event_id":1,"provider_name":"Microsoft-Windows-Sysmon","record_id":7154193,"task":"Process creation (rule: ProcessCreate)"}}
{"@timestamp":"2023-11-09T09:00:37.551Z","CommandLine":"C:\\Windows\\System32\\services.exe 99I74IVIAA","EventID":1,"Image":"C:\\Windows\\System32\\services.exe","ParentImage":"C:\\Windows\\System32\\svchost.exe","ParentProcessId":811,"ProcessId":29149,"User":"NT AUTHORITY\\NETWORK SERVICE","agent":{"hostname":"WIN-4M7DYWFD","type":"winlogbeat","version":"8.5.0"},"ecs":{"version":"8.5.0"},"event":{"action":"Process creation","category":["process"],"code":1,"kind":"event","provider":"Microsoft-Windows-Sysmon","type":["start"]},"host":{"name":"WIN-7PTP66YX","os":{"family":"windows","name":"Windows Server 2019","version":"10.0.17763"}},"process":{"args":["C:\\Windows\\System32\\services.exe","99I74IVIAA"],"command_line":"C:\\Windows\\System32\\services.exe 99I74IVIAA","executable":"C:\\Windows\\System32\\services.exe","name":"services.exe","parent":{"executable":"C:\\Windows\\System32\\svchost.exe","name":"svchost.exe","pid":259},"pid":56736},"user":{"domain":"NT AUTHORITY","name":"NT AUTHORITY\\NETWORK SERVICE"},"winlog":{"channel":"Microsoft-Windows-Sysmon/Operational","computer_name":"WIN-T4OW6QWW.domain.local","event_id":1,"provider_name":"Microsoft-Windows-Sysmon","record_id":9154928,"task":"Process creation (rule: ProcessCreate)"}}
{"@timestamp":"2023-08-20T18:28:48.794Z","EventID":17,"Image":"C:\\Windows\\System32\\svchost.exe","PipeName":"\\pipe\\samr","agent":{"hostname":"WIN-0TJE5U7C","type":"winlogbeat","version":"8.5.0"},"ecs":{"version":"8.5.0"},"event":{"action":"Process creation","category":["process"],"code":17,"kind":"event","provider":"Microsoft-Windows-Sysmon","type":["start"]},"host":{"name":"WIN-HY3OH0Z7","os":{"family":"windows","name":"Windows Server 2019","version":"10.0.17763"}},"winlog":{"channel":"Microsoft-Windows-Sysmon/Operational","computer_name":"WIN-MJWFIBHF.domain.local","event_id":17,"provider_name":"Microsoft-Windows-Sysmon","record_id":5648250,"task":"Process creation (rule: ProcessCreate)"}}
{"@timestamp":"2023-11-23T02:45:31.946Z","CommandLine":"C:\\Windows\\System32\\calc.exe QJNZJOFMXY","EventID":1,"Image":"C:\\Windows\\System32\\calc.exe","ParentImage":"C:\\Windows\\System32\\winlogon.exe","ParentProcessId":298,"ProcessId":30224,"User":"admin","agent":{"hostname":"WIN-C1KCY4J1","type":"winlogbeat","version":"8.5.0"},"ecs":{"version":"8.5.0"},"event":{"action":"Process creation","category":["process"],"code":1,"kind":"event","provider":"Microsoft-Windows-Sysmon","type":["start"]},"host":{"name":"WIN-47GUN0E5","os":{"family":"windows","name":"Windows Server 2019","version":"10.0.17763"}},"process":{"args":["C:\\Windows\\System32\\calc.exe","QJNZJOFMXY"],"command_line":"C:\\Windows\\System32\\calc.exe QJNZJOFMXY","executable":"C:\\Windows\\System32\\calc.exe","name":"calc.exe","parent":{"executable":"C:\\Windows\\System32\\winlogon.exe","name":"winlogon.exe","pid":223},"pid":61554},"user":{"domain":"DOMAIN","name":"admin"},"winlog":{"channel":"Microsoft-Windows-Sysmon/Operational","computer_name":"WIN-VHJZBSOO.domain.local","event_id":1,"provider_name":"Microsoft-Windows-Sysmon","record_id":4496941,"task":"Process creation (rule: ProcessCreate)"}}
{"@timestamp":"2023-04-06T20:03:17.916Z","CommandLine":"C:\\Windows\\System32\\wscript.exe G83M9AY91M","EventID":1,"Image":"C:\\Windows\\System32\\wscript.exe","ParentImage":"C:\\Windows\\System32\\notepad.exe","ParentProcessId":160,"ProcessId":56913,"User":"service_account","agent":{"hostname":"WIN-RZSQPO57","type":"winlogbeat","version":"8.5.0"},"ecs":{"version":"8.5.0"},"event":{"action":"Process creation","category":["process"],"code":1,"kind":"event","provider":"Microsoft-Windows-Sysmon","type":["start"]},"host":{"name":"WIN-WU7OV9QX","os":{"family":"windows","name":"Windows Server 2019","version":"10.0.17763"}},"process":{"args":["C:\\Windows\\System32\\wscript.exe","G83M9AY91M"],"command_line":"C:\\Windows\\System32\\wscript.exe G83M9AY91M","executable":"C:\\Windows\\System32\\wscript.exe","name":"wscript.exe","parent":{"executable":"C:\\Windows\\System32\\notepad.exe","name":"notepad.exe","pid":142},"pid":42329},"user":{"domain":"DOMAIN","name":"service_account"},"winlog":{"channel":"Microsoft-Windows-Sysmon/Operational","computer_name":"WIN-PM5MSWSI.domain.local","event_id":1,"provider_name":"Microsoft-Windows-Sysmon","record_id":5284429,"task":"Process creation (rule: ProcessCreate)"}}
{"@timestamp":"2023-09-16T10:18:11.427Z","CommandLine":"C:\\Program Files (x86)\\Microsoft\\Edge\\Application\\msedge.exe IVO7PLNRU5","EventID":1,"Image":"C:\\Program Files (x86)\\Microsoft\\Edge\\Application\\msedge.exe","ParentImage":"C:\\Windows\\System32\\winlogon.exe","ParentProcessId":732,"ProcessId":34981,"User":"jane.smith","agent":{"hostname":"WIN-7QJ3QDU7","type":"winlogbeat","version":"8.5.0"},"ecs":{"version":"8.5.0"},"event":{"action":"Process creation","category":["process"],"code":1,"kind":"event","provider":"Microsoft-Windows-Sysmon","type":["start"]},"host":{"name":"WIN-J0JZPKQ8","os":{"family":"windows","name":"Windows Server 2019","version":"10.0.17763"}},"process":{"args":["C:\\Program","Files","(x86)\\Microsoft\\Edge\\Application\\msedge.exe","IVO7PLNRU5"],"command_line":"C:\\Program Files (x86)\\Microsoft\\Edge\\Application\\msedge.exe IVO7PLNRU5","executable":"C:\\Program Files (x86)\\Microsoft\\Edge\\Application\\msedge.exe","name":"msedge.exe","parent":{"executable":"C:\\Windows\\System32\\winlogon.exe","name":"winlogon.exe","pid":567},"pid":27564},"user":{"domain":"DOMAIN","name":"jane.smith"},"winlog":{"channel":"Microsoft-Windows-Sysmon/Operational","computer_name":"WIN-807QVE05.domain.local","event_id":1,"provider_name":"Microsoft-Windows-Sysmon","record_id":7199484,"task":"Process creation (rule: ProcessCreate)"}}
{"@timestamp":"2023-04-12T00:40:43.372Z","CommandLine":"C:\\Windows\\System32\\notepad.exe document.txt","EventID":1,"Image":"C:\\Windows\\System32\\notepad.exe","ParentImage":"C:\\Windows\\System32\\wininit.exe","ParentProcessId":556,"ProcessId":44700,"User":"jane.smith","agent":{"hostname":"WIN-EEUCG1BD","type":"winlogbeat","version":"8.5.0"},"ecs":{"version":"8.5.0"},"event":{"action":"Process creation","category":["process"],"code":1,"kind":"event","provider":"Microsoft-Windows-Sysmon","type":["start"]},"host":{"name":"WIN-1OD422GY","os":{"family":"windows","name":"Windows Server 2019","version":"10.0.17763"}},"process":{"args":["C:\\Windows\\System32\\notepad.exe","document.txt"],"command_line":"C:\\Windows\\System32\\notepad.exe document.txt","executable":"C:\\Windows\\System32\\notepad.exe","name":"notepad.exe","parent":{"executable":"C:\\Windows\\System32\\wininit.exe","name":"wininit.exe","pid":597},"pid":12590},"user":{"domain":"DOMAIN","name":"jane.smith"},"winlog":{"channel":"Microsoft-Windows-Sysmon/Operational","computer_name":"WIN-2O6B7IHE.domain.local","event_id":1,"provider_name":"Microsoft-Windows-Sysmon","record_id":8355156,"task":"Process creation (rule: ProcessCreate)"}}
{"@timestamp":"2023-01-24T12:45:20.614Z","CommandLine":"C:\\Program Files\\Google\\Chrome\\Application\\chrome.exe --new-tab https://example.com","EventID":1,"Image":"C:\\Program Files\\Google\\Chrome\\Application\\chrome.exe","ParentImage":"C:\\Program Files\\Mozilla Firefox\\firefox.exe","ParentProcessId":508,"ProcessId":61037,"User":"SYSTEM","agent":{"hostname":"WIN-J536JQSZ","type":"winlogbeat","version":"8.5.0"},"ecs":{"version":"8.5.0"},"event":{"action":"Process creation","category":["process"],"code":1,"kind":"event","provider":"Microsoft-Windows-Sysmon","type":["start"]},"host":{"name":"WIN-2FFBMXZ9","os":{"family":"windows","name":"Windows Server 2019","version":"10.0.17763"}},"process":{"args":["C:\\Program","Files\\Google\\Chrome\\Application\\chrome.exe","--new-tab","https://example.com"],"command_line":"C:\\Program Files\\Google\\Chrome\\Application\\chrome.exe --new-tab https://example.com","executable":"C:\\Program Files\\Google\\Chrome\\Application\\chrome.exe","name":"chrome.exe","parent":{"executable":"C:\\Program Files\\Mozilla Firefox\\firefox.exe","name":"firefox.exe","pid":655},"pid":39756},"user":{"domain":"DOMAIN","name":"SYSTEM"},"winlog":{"channel":"Microsoft-Windows-Sysmon/Operational","computer_name":"WIN-A5WKBG91.domain.local","event_id":1,"provider_name":"Microsoft-Windows-Sysmon","record_id":9209065,"task":"Process creation (rule: ProcessCreate)"}}
{"@timestamp":"2023-12-16T16:32:07.926Z","CommandLine":"C:\\Windows\\System32\\cmd.exe W4NIHZLP46","EventID":1,"Image":"C:\\Windows\\System32\\cmd.exe","ParentImage":"C:\\Windows\\System32\\mshta.exe","ParentProcessId":403,"ProcessId":52166,"User":"service_account","agent":{"hostname":"WIN-8TUSUBI4","type":"winlogbeat","version":"8.5.0"},"ecs":{"version":"8.5.0"},"event":{"action":"Process creation","category":["process"],"code":1,"kind":"event","provider":"Microsoft-Windows-Sysmon","type":["start"]},"host":{"name":"WIN-MW4SFP0R","os":{"family":"windows","name":"Windows Server 2019","version":"10.0.17763"}},"process":{"args":["C:\\Windows\\System32\\cmd.exe","W4NIHZLP46"],"command_line":"C:\\Windows\\System32\\cmd.exe W4NIHZLP46","executable":"C:\\Windows\\System32\\cmd.exe","name":"cmd.exe","parent":{"executable":"C:\\Windows\\System32\\mshta.exe","name":"mshta.exe","pid":886},"pid":52228},"user":{"domain":"DOMAIN","name":"service_account"},"winlog":{"channel":"Microsoft-Windows-Sysmon/Operational","computer_name":"WIN-IS6F2IK3.domain.local","event_id":1,"provider_name":"Microsoft-Windows-Sysmon","record_id":7141566,"task":"Process creation (rule: ProcessCreate)"}}
{"@timestamp":"2023-10-08T04:40:40.268Z","CommandLine":"C:\\Program Files (x86)\\Microsoft\\Edge\\Application\\msedge.exe 40JV26K5WS","EventID":1,"Image":"C:\\Program Files (x86)\\Microsoft\\Edge\\Application\\msedge.exe","ParentImage":"C:\\Windows\\System32\\services.exe","ParentProcessId":801,"ProcessId":53328,"User":"DefaultAccount","agent":{"hostname":"WIN-W28K12I7","type":"winlogbeat","version":"8.5.0"},"ecs":{"version":"8.5.0"},"event":{"action":"Process creation","category":["process"],"code":1,"kind":"event","provider":"Microsoft-Windows-Sysmon","type":["start"]},"host":{"name":"WIN-DX62TCMA","os":{"family":"windows","name":"Windows Server 2019","version":"10.0.17763"}},"process":{"args":["C:\\Program","Files","(x86)\\Microsoft\\Edge\\Application\\msedge.exe","40JV26K5WS"],"command_line":"C:\\Program Files (x86)\\Microsoft\\Edge\\Application\\msedge.exe 40JV26K5WS","executable":"C:\\Program Files (x86)\\Microsoft\\Edge\\Application\\msedge.exe","name":"msedge.exe","parent":{"executable":"C:\\Windows\\System32\\services.exe","name":"services.exe","pid":355},"pid":23884},"user":{"domain":"DOMAIN","name":"DefaultAccount"},"winlog":{"channel":"Microsoft-Windows-Sysmon/Operational","computer_name":"WIN-36RRQYDR.domain.local","event_id":1,"provider_name":"Microsoft-Windows-Sysmon","record_id":5186492,"task":"Process creation (rule: ProcessCreate)"}}
{"@timestamp":"2023-10-26T20:18:32.793Z","DestinationIp":"10.0.0.50","DestinationPort":80,"EventID":3,"Image":"C:\\Program Files (x86)\\Microsoft\\Edge\\Application\\msedge.exe","Protocol":"tcp","SourceIp":"192.168.1.100","SourcePort":54154,"agent":{"hostname":"WIN-R88UA8OJ","type":"winlogbeat","version":"8.5.0"},"destination":{"ip":"10.0.0.50","port":80},"ecs":{"version":"8.5.0"},"event":{"action":"Process creation","category":["process"],"code":3,"kind":"event","provider":"Microsoft-Windows-Sysmon","type":["start"]},"host":{"name":"WIN-R2NZAX4L","os":{"family":"windows","name":"Windows Server 2019","version":"10.0.17763"}},"network":{"direction":"outbound","protocol":"tcp"},"source":{"ip":"192.168.1.100","port":54154},"winlog":{"channel":"Microsoft-Windows-Sysmon/Operational","computer_name":"WIN-JLWNEQZ6.domain.local","event_id":3,"provider_name":"Microsoft-Windows-Sysmon","record_id":9404656,"task":"Process creation (rule: ProcessCreate)"}}
{"@timestamp":"2023-11-21T07:23:20.817Z","CommandLine":"C:\\Windows\\System32\\calc.exe W6ADGYYCYZ","EventID":1,"Image":"C:\\Windows\\System32\\calc.exe","ParentImage":"C:\\Windows\\System32\\powershell.exe","ParentProcessId":530,"ProcessId":39693,"User":"NT AUTHORITY\\LOCAL SERVICE","agent":{"hostname":"WIN-R90V2O07","type":"winlogbeat","version":"8.5.0"},"ecs":{"version":"8.5.0"},"event":{"action":"Process creation","category":["process"],"code":1,"kind":"event","provider":"Microsoft-Windows-Sysmon","type":["start"]},"host":{"name":"WIN-G98HFSRU","os":{"family":"windows","name":"Windows Server 2019","version":"10.0.17763"}},"process":{"args":["C:\\Windows\\System32\\calc.exe","W6ADGYYCYZ"],"command_line":"C:\\Windows\\System32\\calc.exe W6ADGYYCYZ","executable":"C:\\Windows\\System32\\calc.exe","name":"calc.exe","parent":{"executable":"C:\\Windows\\System32\\powershell.exe","name":"powershell.exe","pid":444},"pid":5063},"user":{"domain":"NT AUTHORITY","name":"NT AUTHORITY\\LOCAL SERVICE"},"winlog":{"channel":"Microsoft-Windows-Sysmon/Operational","computer_name":"WIN-90MDFJ6R.domain.local","event_id":1,"provider_name":"Microsoft-Windows-Sysmon","record_id":7532317,"task":"Process creation (rule: ProcessCreate)"}}
{"@timestamp":"2023-02-07T22:27:05.102Z","DestinationIp":"legitimate-service.com","DestinationPort":80,"EventID":3,"Image":"C:\\Program Files\\Mozilla Firefox\\firefox.exe","Protocol":"tcp","SourceIp":"192.168.1.100","SourcePort":56835,"agent":{"hostname":"WIN-NZQTCIWN","type":"winlogbeat","version":"8.5.0"},"destination":{"ip":"legitimate-service.com","port":80},"ecs":{"version":"8.5.0"},"event":{"action":"Process creation","category":["process"],"code":3,"kind":"event","provider":"Microsoft-Windows-Sysmon","type":["start"]},"host":{"name":"WIN-YIW19SLN","os":{"family":"windows","name":"Windows Server 2019","version":"10.0.17763"}},"network":{"direction":"outbound","protocol":"tcp"},"source":{"ip":"192.168.1.100","port":56835},"winlog":{"channel":"Microsoft-Windows-Sysmon/Operational","computer_name":"WIN-TXHJYDA4.domain.local","event_id":3,"provider_name":"Microsoft-Windows-Sysmon","record_id":5221890,"task":"Process creation (rule: ProcessCreate)"}}
{"@timestamp":"2023-12-24T13:16:00.689Z","CommandLine":"C:\\Windows\\System32\\lsass.exe SUKEZJOCI0","EventID":1,"Image":"C:\\Windows\\System32\\lsass.exe","ParentImage":"C:\\Windows\\System32\\mshta.exe","ParentProcessId":973,"ProcessId":54655,"User":"SYSTEM","agent":{"hostname":"WIN-3JA00K2B","type":"winlogbeat","version":"8.5.0"},"ecs":{"version":"8.5.0"},"event":{"action":"Process creation","category":["process"],"code":1,"kind":"event","provider":"Microsoft-Windows-Sysmon","type":["start"]},"host":{"name":"WIN-2Q7Y0JAN","os":{"family":"windows","name":"Windows Server 2019","version":"10.0.17763"}},"process":{"args":["C:\\Windows\\System32\\lsass.exe","SUKEZJOCI0"],"command_line":"C:\\Windows\\System32\\lsass.exe SUKEZJOCI0","executable":"C:\\Windows\\System32\\lsass.exe","name":"lsass.exe","parent":{"executable":"C:\\Windows\\System32\\mshta.exe","name":"mshta.exe","pid":710},"pid":40408},"user":{"domain":"DOMAIN","name":"SYSTEM"},"winlog":{"channel":"Microsoft-Windows-Sysmon/Operational","computer_name":"WIN-6RT60VDI.domain.local","event_id":1,"provider_name":"Microsoft-Windows-Sysmon","record_id":4634905,"task":"Process creation (rule: ProcessCreate)"}}
{"@timestamp":"2023-11-22T20:54:07.430Z","Details":"C:\\temp\\7OP7IA0K.exe","EventID":13,"Image":"C:\\Windows\\System32\\svchost.exe","TargetObject":"HKLM\\SOFTWARE\\Classes\\exefile\\shell\\open\\command\\OMLVGQJJ34","agent":{"hostname":"WIN-IRURK0IS","type":"winlogbeat","version":"8.5.0"},"ecs":{"version":"8.5.0"},"event":{"action":"Process creation","category":["process"],"code":13,"kind":"event","provider":"Microsoft-Windows-Sysmon","type":["start"]},"host":{"name":"WIN-H4LNZYVJ","os":{"family":"windows","name":"Windows Server 2019","version":"10.0.17763"}},"registry":{"data":{"strings":["C:\\temp\\KCF7Y0BA.exe"]},"key":"HKLM\\SOFTWARE\\Classes\\exefile\\shell\\open\\command","value":"AZAH8TZFY4"},"winlog":{"channel":"Microsoft-Windows-Sysmon/Operational","computer_name":"WIN-YXODQHBF.domain.local","event_id":13,"provider_name":"Microsoft-Windows-Sysmon","record_id":2919886,"task":"Process creation (rule: ProcessCreate)"}}
