{"@timestamp":"2023-07-01T13:36:30.445Z","DestinationIp":"update-server.microsoft.com","DestinationPort":80,"EventID":3,"Image":"C:\\Windows\\System32\\rundll32.exe","Protocol":"tcp","SourceIp":"192.168.1.100","SourcePort":62107,"agent":{"hostname":"WIN-RX20DFU2","type":"winlogbeat","version":"8.5.0"},"destination":{"ip":"update-server.microsoft.com","port":80},"ecs":{"version":"8.5.0"},"event":{"action":"Process creation","category":["process"],"code":3,"kind":"event","provider":"Microsoft-Windows-Sysmon","type":["start"]},"host":{"name":"WIN-AUJ6EATS","os":{"family":"windows","name":"Windows Server 2019","version":"10.0.17763"}},"network":{"direction":"outbound","protocol":"tcp"},"source":{"ip":"192.168.1.100","port":62107},"winlog":{"channel":"Microsoft-Windows-Sysmon/Operational","computer_name":"WIN-4SLQYBPI.domain.local","event_id":3,"provider_name":"Microsoft-Windows-Sysmon","record_id":4684521,"task":"Process creation (rule: ProcessCreate)"}}
{"@timestamp":"2023-11-15T21:47:46.120Z","CommandLine":"C:\\Windows\\System32\\mshta.exe SG0JO8T0N6","EventID":1,"Image":"C:\\Windows\\System32\\mshta.exe","ParentImage":"C:\\Windows\\System32\\rundll32.exe","ParentProcessId":358,"ProcessId":56411,"User":"NT AUTHORITY\\NETWORK SERVICE","agent":{"hostname":"WIN-63QSCO2C","type":"winlogbeat","version":"8.5.0"},"ecs":{"version":"8.5.0"},"event":{"action":"Process creation","category":["process"],"code":1,"kind":"event","provider":"Microsoft-Windows-Sysmon","type":["start"]},"host":{"name":"WIN-BC4JS3DJ","os":{"family":"windows","name":"Windows Server 2019","version":"10.0.17763"}},"process":{"args":["C:\\Windows\\System32\\mshta.exe","SG0JO8T0N6"],"command_line":"C:\\Windows\\System32\\mshta.exe SG0JO8T0N6","executable":"C:\\Windows\\System32\\mshta.exe","name":"mshta.exe","parent":{"executable":"C:\\Windows\\System32\\rundll32.exe","name":"rundll32.exe","pid":474},"pid":6085},"user":{"domain":"NT AUTHORITY","name":"NT AUTHORITY\\NETWORK SERVICE"},"winlog":{"channel":"Microsoft-Windows-Sysmon/Operational","computer_name":"WIN-5L6P4XQH.domain.local","event_id":1,"provider_name":"Microsoft-Windows-Sysmon","record_id":3906907,"task":"Process creation (rule: ProcessCreate)"}}
{"@timestamp":"2023-12-17T11:57:34.448Z","Details":"C:\\temp\\YS1DW2R0.exe","EventID":13,"Image":"C:\\Windows\\System32\\cscript.exe","TargetObject":"HKCU\\SOFTWARE\\Microsoft\\Windows\\CurrentVersion\\Run\\UF2R48KGBT","agent":{"hostname":"WIN-82NZU8RW","type":"winlogbeat","version":"8.5.0"},"ecs":{"version":"8.5.0"},"event":{"action":"Process creation","category":["process"],"code":13,"kind":"event","provider":"Microsoft-Windows-Sysmon","type":["start"]},"host":{"name":"WIN-SOIJVI53","os":{"family":"windows","name":"Windows Server 2019","version":"10.0.17763"}},"registry":{"data":{"strings":["C:\\temp\\8X3JJ3ZY.exe"]},"key":"HKCU\\SOFTWARE\\Microsoft\\Windows\\CurrentVersion\\Run","value":"LPH9V57HV5"},"winlog":{"channel":"Microsoft-Windows-Sysmon/Operational","computer_name":"WIN-90DT0MAT.domain.local","event_id":13,"provider_name":"Microsoft-Windows-Sysmon","record_id":4864813,"task":"Process creation (rule: ProcessCreate)"}}
{"@timestamp":"2023-05-04T10:54:33.833Z","CommandLine":"C:\\Windows\\System32\\regsvr32.exe WI1UR6R99R","EventID":1,"Image":"C:\\Windows\\System32\\regsvr32.exe","ParentImage":"C:\\Windows\\System32\\WindowsPowerShell\\v1.0\\powershell.exe","ParentProcessId":344,"ProcessId":57803,"User":"admin","agent":{"hostname":"WIN-D4TVRPF3","type":"winlogbeat","version":"8.5.0"},"ecs":{"version":"8.5.0"},"event":{"action":"Process creation","category":["process"],"code":1,"kind":"event","provider":"Microsoft-Windows-Sysmon","type":["start"]},"host":{"name":"WIN-OQFVPEPZ","os":{"family":"windows","name":"Windows Server 2019","version":"10.0.17763"}},"process":{"args":["C:\\Windows\\System32\\regsvr32.exe","WI1UR6R99R"],"command_line":"C:\\Windows\\System32\\regsvr32.exe WI1UR6R99R","executable":"C:\\Windows\\System32\\regsvr32.exe","name":"regsvr32.exe","parent":{"executable":"C:\\Windows\\System32\\WindowsPowerShell\\v1.0\\powershell.exe","name":"powershell.exe","pid":399},"pid":37027},"user":{"domain":"DOMAIN","name":"admin"},"winlog":{"channel":"Microsoft-Windows-Sysmon/Operational","computer_name":"WIN-RQ6RQ268.domain.local","event_id":1,"provider_name":"Microsoft-Windows-Sysmon","record_id":9551548,"task":"Process creation (rule: ProcessCreate)"}}
{"@timestamp":"2023-01-02T06:35:48.470Z","CommandLine":"C:\\Windows\\System32\\rundll32.exe K7BPEW1C5M","EventID":1,"Image":"C:\\Windows\\System32\\rundll32.exe","ParentImage":"C:\\Program Files\\Google\\Chrome\\Application\\chrome.exe","ParentProcessId":813,"ProcessId":1788,"User":"john.doe","agent":{"hostname":"WIN-4YHPFO1Q","type":"winlogbeat","version":"8.5.0"},"ecs":{"version":"8.5.0"},"event":{"action":"Process creation","category":["process"],"code":1,"kind":"event","provider":"Microsoft-Windows-Sysmon","type":["start"]},"host":{"name":"WIN-PLJI0PCL","os":{"family":"windows","name":"Windows Server 2019","version":"10.0.17763"}},"process":{"args":["C:\\Windows\\System32\\rundll32.exe","K7BPEW1C5M"],"command_line":"C:\\Windows\\System32\\rundll32.exe K7BPEW1C5M","executable":"C:\\Windows\\System32\\rundll32.exe","name":"rundll32.exe","parent":{"executable":"C:\\Program Files\\Google\\Chrome\\Application\\chrome.exe","name":"chrome.exe","pid":490},"pid":55761},"user":{"domain":"DOMAIN","name":"john.doe"},"winlog":{"channel":"Microsoft-Windows-Sysmon/Operational","computer_name":"WIN-CQAHVLHC.domain.local","event_id":1,"provider_name":"Microsoft-Windows-Sysmon","record_id":4154644,"task":"Process creation (rule: ProcessCreate)"}}
{"@timestamp":"2023-08-24T04:19:10.459Z","CommandLine":"C:\\Program Files\\Mozilla Firefox\\firefox.exe 892DAE2PW4","EventID":1,"Image":"C:\\Program Files\\Mozilla Firefox\\firefox.exe","ParentImage":"C:\\Windows\\System32\\explorer.exe","ParentProcessId":535,"ProcessId":1554,"User":"NT AUTHORITY\\NETWORK SERVICE","agent":{"hostname":"WIN-78MOL40B","type":"winlogbeat","version":"8.5.0"},"ecs":{"version":"8.5.0"},"event":{"action":"Process creation","category":["process"],"code":1,"kind":"event","provider":"Microsoft-Windows-Sysmon","type":["start"]},"host":{"name":"WIN-TOQ4O70Z","os":{"family":"windows","name":"Windows Server 2019","version":"10.0.17763"}},"process":{"args":["C:\\Program","Files\\Mozilla","Firefox\\firefox.exe","892DAE2PW4"],"command_line":"C:\\Program Files\\Mozilla Firefox\\firefox.exe 892DAE2PW4","executable":"C:\\Program Files\\Mozilla Firefox\\firefox.exe","name":"firefox.exe","parent":{"executable":"C:\\Windows\\System32\\explorer.exe","name":"explorer.exe","pid":229},"pid":7742},"user":{"domain":"NT AUTHORITY","name":"NT AUTHORITY\\NETWORK SERVICE"},"winlog":{"channel":"Microsoft-Windows-Sysmon/Operational","computer_name":"WIN-UX9P64PS.domain.local","event_id":1,"provider_name":"Microsoft-Windows-Sysmon","record_id":3565527,"task":"Process creation (rule: ProcessCreate)"}}
{"@timestamp":"2023-08-05T20:36:16.129Z","Details":"C:\\temp\\BXED86R6.exe","EventID":13,"Image":"C:\\Windows\\System32\\winlogon.exe","TargetObject":"HKCU\\SOFTWARE\\Microsoft\\Windows\\CurrentVersion\\Run\\J94E89OL6Y","agent":{"hostname":"WIN-7TYVYM7B","type":"winlogbeat","version":"8.5.0"},"ecs":{"version":"8.5.0"},"event":{"action":"Process creation","category":["process"],"code":13,"kind":"event","provider":"Microsoft-Windows-Sysmon","type":["start"]},"host":{"name":"WIN-IOHM5WCG","os":{"family":"windows","name":"Windows Server 2019","version":"10.0.17763"}},"registry":{"data":{"strings":["C:\\temp\\GRIJ3SXD.exe"]},"key":"HKCU\\SOFTWARE\\Microsoft\\Windows\\CurrentVersion\\Run","value":"02BJCU9KZH"},"winlog":{"channel":"Microsoft-Windows-Sysmon/Operational","computer_name":"WIN-27LUL4K4.domain.local","event_id":13,"provider_name":"Microsoft-Windows-Sysmon","record_id":5342421,"task":"Process creation (rule: ProcessCreate)"}}
{"@timestamp":"2023-01-18T21:28:13.231Z","DestinationIp":"legitimate-service.com","DestinationPort":8443,"EventID":3,"Image":"C:\\Windows\\System32\\cmd.exe","Protocol":"tcp","SourceIp":"192.168.1.100","SourcePort":51040,"agent":{"hostname":"WIN-4QGY2M1S","type":"winlogbeat","version":"8.5.0"},"destination":{"ip":"legitimate-service.com","port":8443},"ecs":{"version":"8.5.0"},"event":{"action":"Process creation","category":["process"],"code":3,"kind":"event","provider":"Microsoft-Windows-Sysmon","type":["start"]},"host":{"name":"WIN-DVBFO91E","os":{"family":"windows","name":"Windows Server 2019","version":"10.0.17763"}},"network":{"direction":"outbound","protocol":"tcp"},"source":{"ip":"192.168.1.100","port":51040},"winlog":{"channel":"Microsoft-Windows-Sysmon/Operational","computer_name":"WIN-DOKVL3AO.domain.local","event_id":3,"provider_name":"Microsoft-Windows-Sysmon","record_id":1136933,"task":"Process creation (rule: ProcessCreate)"}}
{"@timestamp":"2023-12-05T17:21:31.142Z","CommandLine":"C:\\Windows\\System32\\calc.exe OB1BQVT1I3","EventID":1,"Image":"C:\\Windows\\System32\\calc.exe","ParentImage":"C:\\Program Files\\Google\\Chrome\\Application\\chrome.exe","ParentProcessId":390,"ProcessId":53439,"User":"NT AUTHORITY\\LOCAL SERVICE","agent":{"hostname":"WIN-P98Q3ORT","type":"winlogbeat","version":"8.5.0"},"ecs":{"version":"8.5.0"},"event":{"action":"Process creation","category":["process"],"code":1,"kind":"event","provider":"Microsoft-Windows-Sysmon","type":["start"]},"host":{"name":"WIN-TWFR0D9Q","os":{"family":"windows","name":"Windows Server 2019","version":"10.0.17763"}},"process":{"args":["C:\\Windows\\System32\\calc.exe","OB1BQVT1I3"],"command_line":"C:\\Windows\\System32\\calc.exe OB1BQVT1I3","executable":"C:\\Windows\\System32\\calc.exe","name":"calc.exe","parent":{"executable":"C:\\Program Files\\Google\\Chrome\\Application\\chrome.exe","name":"chrome.exe","pid":928},"pid":41943},"user":{"domain":"NT AUTHORITY","name":"NT AUTHORITY\\LOCAL SERVICE"},"winlog":{"channel":"Microsoft-Windows-Sysmon/Operational","computer_name":"WIN-TUZ1CA14.domain.local","event_id":1,"provider_name":"Microsoft-Windows-Sysmon","record_id":3965082,"task":"Process creation (rule: ProcessCreate)"}}
{"@timestamp":"2023-04-08T04:56:25.436Z","CommandLine":"C:\\Windows\\System32\\WindowsPowerShell\\v1.0\\powershell.exe 27608UP94I","EventID":1,"Image":"C:\\Windows\\System32\\WindowsPowerShell\\v1.0\\powershell.exe","ParentImage":"C:\\Windows\\System32\\svchost.exe","ParentProcessId":227,"ProcessId":33649,"User":"NT AUTHORITY\\SYSTEM","agent":{"hostname":"WIN-PQRNCTZS","type":"winlogbeat","version":"8.5.0"},"ecs":{"version":"8.5.0"},"event":{"action":"Process creation","category":["process"],"code":1,"kind":"event","provider":"Microsoft-Windows-Sysmon","type":["start"]},"host":{"name":"WIN-JVG4F905","os":{"family":"windows","name":"Windows Server 2019","version":"10.0.17763"}},"process":{"args":["C:\\Windows\\System32\\WindowsPowerShell\\v1.0\\powershell.exe","27608UP94I"],"command_line":"C:\\Windows\\System32\\WindowsPowerShell\\v1.0\\powershell.exe 27608UP94I","executable":"C:\\Windows\\System32\\WindowsPowerShell\\v1.0\\powershell.exe","name":"powershell.exe","parent":{"executable":"C:\\Windows\\System32\\svchost.exe","name":"svchost.exe","pid":303},"pid":64585},"user":{"domain":"NT AUTHORITY","name":"NT AUTHORITY\\SYSTEM"},"winlog":{"channel":"Microsoft-Windows-Sysmon/Operational","computer_name":"WIN-UQNNGAZZ.domain.local","event_id":1,"provider_name":"Microsoft-Windows-Sysmon","record_id":4737083,"task":"Process creation (rule: ProcessCreate)"}}
{"@timestamp":"2023-11-12T07:13:54.983Z","CommandLine":"C:\\Windows\\System32\\rundll32.exe TSK8KEO7C8","EventID":1,"Image":"C:\\Windows\\System32\\rundll32.exe","ParentImage":"C:\\Windows\\System32\\lsass.exe","ParentProcessId":563,"ProcessId":50075,"User":"user","agent":{"hostname":"WIN-3G6VTPFB","type":"winlogbeat","version":"8.5.0"},"ecs":{"version":"8.5.0"},"event":{"action":"Process creation","category":["process"],"code":1,"kind":"event","provider":"Microsoft-Windows-Sysmon","type":["start"]},"host":{"name":"WIN-QSVLIJK1","os":{"family":"windows","name":"Windows Server 2019","version":"10.0.17763"}},"process":{"args":["C:\\Windows\\System32\\rundll32.exe","TSK8KEO7C8"],"command_line":"C:\\Windows\\System32\\rundll32.exe TSK8KEO7C8","executable":"C:\\Windows\\System32\\rundll32.exe","name":"rundll32.exe","parent":{"executable":"C:\\Windows\\System32\\lsass.exe","name":"lsass.exe","pid":583},"pid":9923},"user":{"domain":"DOMAIN","name":"user"},"winlog":{"channel":"Microsoft-Windows-Sysmon/Operational","computer_name":"WIN-RHA3GG46.domain.local","event_id":1,"provider_name":"Microsoft-Windows-Sysmon","record_id":7357464,"task":"Process creation (rule: ProcessCreate)"}}
{"@timestamp":"2023-01-07T03:27:22.642Z","CommandLine":"C:\\Windows\\System32\\powershell.exe -EncodedCommand VkZXNEhNUTVHNFBTRjVBVEROU0cyM0IwNkFORThFMlIwRlE0STIxTTRYMlZZNzhKT0c=","EventID":1,"Image":"C:\\Windows\\System32\\powershell.exe","ParentImage":"C:\\Windows\\System32\\powershell.exe","ParentProcessId":566,"ProcessId":47877,"User":"service_account","agent":{"hostname":"WIN-37P4PKPA","type":"winlogbeat","version":"8.5.0"},"ecs":{"version":"8.5.0"},"event":{"action":"Process creation","category":["process"],"code":1,"kind":"event","provider":"Microsoft-Windows-Sysmon","type":["start"]},"host":{"name":"WIN-KSARDFYG","os":{"family":"windows","name":"Windows Server 2019","version":"10.0.17763"}},"process":{"args":["C:\\Windows\\System32\\powershell.exe","-EncodedCommand","VkZXNEhNUTVHNFBTRjVBVEROU0cyM0IwNkFORThFMlIwRlE0STIxTTRYMlZZNzhKT0c="],"command_line":"C:\\Windows\\System32\\powershell.exe -EncodedCommand VkZXNEhNUTVHNFBTRjVBVEROU0cyM0IwNkFORThFMlIwRlE0STIxTTRYMlZZNzhKT0c=","executable":"C:\\Windows\\System32\\powershell.exe","name":"powershell.exe","parent":{"executable":"C:\\Windows\\System32\\powershell.exe","name":"powershell.exe","pid":206},"pid":28299},"user":{"domain":"DOMAIN","name":"service_account"},"winlog":{"channel":"Microsoft-Windows-Sysmon/Operational","computer_name":"WIN-SZTLMHOF.domain.local","event_id":1,"provider_name":"Microsoft-Windows-Sysmon","record_id":7226188,"task":"Process creation (rule: ProcessCreate)"}}
{"@timestamp":"2023-03-08T06:26:46.356Z","CommandLine":"C:\\Program Files\\Mozilla Firefox\\firefox.exe XT6X10C4FY","EventID":1,"Image":"C:\\Program Files\\Mozilla Firefox\\firefox.exe","ParentImage":"C:\\Windows\\System32\\WindowsPowerShell\\v1.0\\powershell.exe","ParentProcessId":943,"ProcessId":58629,"User":"NT AUTHORITY\\SYSTEM","agent":{"hostname":"WIN-RGQZJWOA","type":"winlogbeat","version":"8.5.0"},"ecs":{"version":"8.5.0"},"event":{"action":"Process creation","category":["process"],"code":1,"kind":"event","provider":"Microsoft-Windows-Sysmon","type":["start"]},"host":{"name":"WIN-33RFR0ID","os":{"family":"windows","name":"Windows Server 2019","version":"10.0.17763"}},"process":{"args":["C:\\Program","Files\\Mozilla","Firefox\\firefox.exe","XT6X10C4FY"],"command_line":"C:\\Program Files\\Mozilla Firefox\\firefox.exe XT6X10C4FY","executable":"C:\\Program Files\\Mozilla Firefox\\firefox.exe","name":"firefox.exe","parent":{"executable":"C:\\Windows\\System32\\WindowsPowerShell\\v1.0\\powershell.exe","name":"powershell.exe","pid":969},"pid":19817},"user":{"domain":"NT AUTHORITY","name":"NT AUTHORITY\\SYSTEM"},"winlog":{"channel":"Microsoft-Windows-Sysmon/Operational","computer_name":"WIN-7RK7BV5R.domain.local","event_id":1,"provider_name":"Microsoft-Windows-Sysmon","record_id":6249049,"task":"Process creation (rule: ProcessCreate)"}}
{"@timestamp":"2023-10-22T04:57:43.234Z","CommandLine":"C:\\Windows\\System32\\cscript.exe LZUPB31AC8","EventID":1,"Image":"C:\\Windows\\System32\\cscript.exe","ParentImage":"C:\\Windows\\System32\\regsvr32.exe","ParentProcessId":718,"ProcessId":30317,"User":"user","agent":{"hostname":"WIN-G225M1TW","type":"winlogbeat","version":"8.5.0"},"ecs":{"version":"8.5.0"},"event":{"action":"Process creation","category":["process"],"code":1,"kind":"event","provider":"Microsoft-Windows-Sysmon","type":["start"]},"host":{"name":"WIN-SGJO0KG0","os":{"family":"windows","name":"Windows Server 2019","version":"10.0.17763"}},"process":{"args":["C:\\Windows\\System32\\cscript.exe","LZUPB31AC8"],"command_line":"C:\\Windows\\System32\\cscript.exe LZUPB31AC8","executable":"C:\\Windows\\System32\\cscript.exe","name":"cscript.exe","parent":{"executable":"C:\\Windows\\System32\\regsvr32.exe","name":"regsvr32.exe","pid":128},"pid":22768},"user":{"domain":"DOMAIN","name":"user"},"winlog":{"channel":"Microsoft-Windows-Sysmon/Operational","computer_name":"WIN-6MHLCD8H.domain.local","event_id":1,"provider_name":"Microsoft-Windows-Sysmon","record_id":3679088,"task":"Process creation (rule: ProcessCreate)"}}
{"@timestamp":"2023-07-09T09:03:35.994Z","CommandLine":"C:\\Windows\\System32\\services.exe LRRRK553PL","EventID":1,"Image":"C:\\Windows\\System32\\services.exe","ParentImage":"C:\\Windows\\System32\\svchost.exe","ParentProcessId":262,"ProcessId":45742,"User":"jane.smith","agent":{"hostname":"WIN-C9XEP5SG","type":"winlogbeat","version":"8.5.0"},"ecs":{"version":"8.5.0"},"event":{"action":"Process creation","category":["process"],"code":1,"kind":"event","provider":"Microsoft-Windows-Sysmon","type":["start"]},"host":{"name":"WIN-95QRFBNY","os":{"family":"windows","name":"Windows Server 2019","version":"10.0.17763"}},"process":{"args":["C:\\Windows\\System32\\services.exe","LRRRK553PL"],"command_line":"C:\\Windows\\System32\\services.exe LRRRK553PL","executable":"C:\\Windows\\System32\\services.exe","name":"services.exe","parent":{"executable":"C:\\Windows\\System32\\svchost.exe","name":"svchost.exe","pid":760},"pid":30239},"user":{"domain":"DOMAIN","name":"jane.smith"},"winlog":{"channel":"Microsoft-Windows-Sysmon/Operational","computer_name":"WIN-RPU3XM9Y.domain.local","event_id":1,"provider_name":"Microsoft-Windows-Sysmon","record_id":4647685,"task":"Process creation (rule: ProcessCreate)"}}
{"@timestamp":"2023-09-07T14:41:38.821Z","CommandLine":"C:\\Windows\\System32\\spoolsv.exe HHOCAXC8RW","EventID":1,"Image":"C:\\Windows\\System32\\spoolsv.exe","ParentImage":"C:\\Windows\\System32\\taskmgr.exe","ParentProcessId":410,"ProcessId":56878,"User":"SYSTEM","agent":{"hostname":"WIN-80H3NX1W","type":"winlogbeat","version":"8.5.0"},"ecs":{"version":"8.5.0"},"event":{"action":"Process creation","category":["process"],"code":1,"kind":"event","provider":"Microsoft-Windows-Sysmon","type":["start"]},"host":{"name":"WIN-GYIH6HKZ","os":{"family":"windows","name":"Windows Server 2019","version":"10.0.17763"}},"process":{"args":["C:\\Windows\\System32\\spoolsv.exe","HHOCAXC8RW"],"command_line":"C:\\Windows\\System32\\spoolsv.exe HHOCAXC8RW","executable":"C:\\Windows\\System32\\spoolsv.exe","name":"spoolsv.exe","parent":{"executable":"C:\\Windows\\System32\\taskmgr.exe","name":"taskmgr.exe","pid":159},"pid":40780},"user":{"domain":"DOMAIN","name":"SYSTEM"},"winlog":{"channel":"Microsoft-Windows-Sysmon/Operational","computer_name":"WIN-EIBL1LW6.domain.local","event_id":1,"provider_name":"Microsoft-Windows-Sysmon","record_id":2265875,"task":"Process creation (rule: ProcessCreate)"}}
{"@timestamp":"2023-11-04T03:36:04.652Z","CommandLine":"C:\\Windows\\System32\\mshta.exe 7BVJ1CQK5D","EventID":1,"Image":"C:\\Windows\\System32\\mshta.exe","ParentImage":"C:\\Windows\\System32\\mshta.exe","ParentProcessId":384,"ProcessId":25877,"User":"john.doe","agent":{"hostname":"WIN-3ZXYXA7H","type":"winlogbeat","version":"8.5.0"},"ecs":{"version":"8.5.0"},"event":{"action":"Process creation","category":["process"],"code":1,"kind":"event","provider":"Microsoft-Windows-Sysmon","type":["start"]},"host":{"name":"WIN-U9XZD6XW","os":{"family":"windows","name":"Windows Server 2019","version":"10.0.17763"}},"process":{"args":["C:\\Windows\\System32\\mshta.exe","7BVJ1CQK5D"],"command_line":"C:\\Windows\\System32\\mshta.exe 7BVJ1CQK5D","executable":"C:\\Windows\\System32\\mshta.exe","name":"mshta.exe","parent":{"executable":"C:\\Windows\\System32\\mshta.exe","name":"mshta.exe","pid":176},"pid":39355},"user":{"domain":"DOMAIN","name":"john.doe"},"winlog":{"channel":"Microsoft-Windows-Sysmon/Operational","computer_name":"WIN-P7RF9S7Z.domain.local","event_id":1,"provider_name":"Microsoft-Windows-Sysmon","record_id":4987659,"task":"Process creation (rule: ProcessCreate)"}}
{"@timestamp":"2023-07-27T21:49:21.980Z","DestinationIp":"legitimate-service.com","DestinationPort":80,"EventID":3,"Image":"C:\\Program Files\\Mozilla Firefox\\firefox.exe","Protocol":"tcp","SourceIp":"192.168.1.100","SourcePort":54042,"agent":{"hostname":"WIN-OIG8J4KH","type":"winlogbeat","version":"8.5.0"},"destination":{"ip":"legitimate-service.com","port":80},"ecs":{"version":"8.5.0"},"event":{"action":"Process creation","category":["process"],"code":3,"kind":"event","provider":"Microsoft-Windows-Sysmon","type":["start"]},"host":{"name":"WIN-0SWXYTRF","os":{"family":"windows","name":"Windows Server 2019","version":"10.0.17763"}},"network":{"direction":"outbound","protocol":"tcp"},"source":{"ip":"192.168.1.100","port":54042},"winlog":{"channel":"Microsoft-Windows-Sysmon/Operational","computer_name":"WIN-CCJW3GY3.domain.local","event_id":3,"provider_name":"Microsoft-Windows-Sysmon","record_id":5008482,"task":"Process creation (rule: ProcessCreate)"}}
{"@timestamp":"2023-05-26T19:39:15.714Z","CommandLine":"C:\\Windows\\System32\\cscript.exe MT5YNPTUB1","EventID":1,"Image":"C:\\Windows\\System32\\cscript.exe","ParentImage":"C:\\Program Files\\Google\\Chrome\\Application\\chrome.exe","ParentProcessId":268,"ProcessId":61342,"User":"NT AUTHORITY\\SYSTEM","agent":{"hostname":"WIN-218EKLJZ","type":"winlogbeat","version":"8.5.0"},"ecs":{"version":"8.5.0"},"event":{"action":"Process creation","category":["process"],"code":1,"kind":"event","provider":"Microsoft-Windows-Sysmon","type":["start"]},"host":{"name":"WIN-JLO0LSDG","os":{"family":"windows","name":"Windows Server 2019","version":"10.0.17763"}},"process":{"args":["C:\\Windows\\System32\\cscript.exe","MT5YNPTUB1"],"command_line":"C:\\Windows\\System32\\cscript.exe MT5YNPTUB1","executable":"C:\\Windows\\System32\\cscript.exe","name":"cscript.exe","parent":{"executable":"C:\\Program Files\\Google\\Chrome\\Application\\chrome.exe","name":"chrome.exe","pid":749},"pid":23363},"user":{"domain":"NT AUTHORITY","name":"NT AUTHORITY\\SYSTEM"},"winlog":{"channel":"Microsoft-Windows-Sysmon/Operational","computer_name":"WIN-LDTHUL07.domain.local","event_id":1,"provider_name":"Microsoft-Windows-Sysmon","record_id":7799783,"task":"Process creation (rule: ProcessCreate)"}}
{"@timestamp":"2023-03-28T05:15:25.829Z","CommandLine":"C:\\Windows\\System32\\cmd.exe RCVH6H4HMP","EventID":1,"Image":"C:\\Windows\\System32\\cmd.exe","ParentImage":"C:\\Windows\\System32\\taskmgr.exe","ParentProcessId":931,"ProcessId":40703,"User":"john.doe","agent":{"hostname":"WIN-U2FU5QDB","type":"winlogbeat","version":"8.5.0"},"ecs":{"version":"8.5.0"},"event":{"action":"Process creation","category":["process"],"code":1,"kind":"event","provider":"Microsoft-Windows-Sysmon","type":["start"]},"host":{"name":"WIN-MLQN0Q3R","os":{"family":"windows","name":"Windows Server 2019","version":"10.0.17763"}},"process":{"args":["C:\\Windows\\System32\\cmd.exe","RCVH6H4HMP"],"command_line":"C:\\Windows\\System32\\cmd.exe RCVH6H4HMP","executable":"C:\\Windows\\System32\\cmd.exe","name":"cmd.exe","parent":{"executable":"C:\\Windows\\System32\\taskmgr.exe","name":"taskmgr.exe","pid":421},"pid":50606},"user":{"domain":"DOMAIN","name":"john.doe"},"winlog":{"channel":"Microsoft-Windows-Sysmon/Operational","computer_name":"WIN-TEBDOYSH.domain.local","event_id":1,"provider_name":"Microsoft-Windows-Sysmon","record_id":3434460,"task":"Process creation (rule: ProcessCreate)"}}
{"@timestamp":"2023-08-24T08:20:44.295Z","CommandLine":"C:\\Windows\\System32\\cmd.exe MD3TUU4PX7","EventID":1,"Image":"C:\\Windows\\System32\\cmd.exe","ParentImage":"C:\\Windows\\System32\\powershell.exe","ParentProcessId":689,"ProcessId":58268,"User":"john.doe","agent":{"hostname":"WIN-WOG7ME5N","type":"winlogbeat","version":"8.5.0"},"ecs":{"version":"8.5.0"},"event":{"action":"Process creation","category":["process"],"code":1,"kind":"event","provider":"Microsoft-Windows-Sysmon","type":["start"]},"host":{"name":"WIN-GXRAV2BS","os":{"family":"windows","name":"Windows Server 2019","version":"10.0.17763"}},"process":{"args":["C:\\Windows\\System32\\cmd.exe","MD3TUU4PX7"],"command_line":"C:\\Windows\\System32\\cmd.exe MD3TUU4PX7","executable":"C:\\Windows\\System32\\cmd.exe","name":"cmd.exe","parent":{"executable":"C:\\Windows\\System32\\powershell.exe","name":"powershell.exe","pid":510},"pid":39103},"user":{"domain":"DOMAIN","name":"john.doe"},"winlog":{"channel":"Microsoft-Windows-Sysmon/Operational","computer_name":"WIN-8KPRJN6V.domain.local","event_id":1,"provider_name":"Microsoft-Windows-Sysmon","record_id":2977058,"task":"Process creation (rule: ProcessCreate)"}}
{"@timestamp":"2023-11-17T14:34:48.279Z","CommandLine":"C:\\Windows\\System32\\winlogon.exe M34VFFUVLQ","EventID":1,"Image":"C:\\Windows\\System32\\winlogon.exe","ParentImage":"C:\\Windows\\System32\\svchost.exe","ParentProcessId":315,"ProcessId":59263,"User":"admin","agent":{"hostname":"WIN-XJFBMSK7","type":"winlogbeat","version":"8.5.0"},"ecs":{"version":"8.5.0"},"event":{"action":"Process creation","category":["process"],"code":1,"kind":"event","provider":"Microsoft-Windows-Sysmon","type":["start"]},"host":{"name":"WIN-KODQFOON","os":{"family":"windows","name":"Windows Server 2019","version":"10.0.17763"}},"process":{"args":["C:\\Windows\\System32\\winlogon.exe","M34VFFUVLQ"],"command_line":"C:\\Windows\\System32\\winlogon.exe M34VFFUVLQ","executable":"C:\\Windows\\System32\\winlogon.exe","name":"winlogon.exe","parent":{"executable":"C:\\Windows\\System32\\svchost.exe","name":"svchost.exe","pid":775},"pid":32245},"user":{"domain":"DOMAIN","name":"admin"},"winlog":{"channel":"Microsoft-Windows-Sysmon/Operational","computer_name":"WIN-JR1YRDTH.domain.local","event_id":1,"provider_name":"Microsoft-Windows-Sysmon","record_id":3507844,"task":"Process creation (rule: ProcessCreate)"}}
{"@timestamp":"2023-10-01T07:04:48.801Z","CommandLine":"C:\\Windows\\System32\\cmd.exe 4N2FL0ITYC","EventID":1,"Image":"C:\\Windows\\System32\\cmd.exe","ParentImage":"C:\\Windows\\System32\\notepad.exe","ParentProcessId":560,"ProcessId":30471,"User":"DefaultAccount","agent":{"hostname":"WIN-GPWLC6YK","type":"winlogbeat","version":"8.5.0"},"ecs":{"version":"8.5.0"},"event":{"action":"Process creation","category":["process"],"code":1,"kind":"event","provider":"Microsoft-Windows-Sysmon","type":["start"]},"host":{"name":"WIN-P47FFU23","os":{"family":"windows","name":"Windows Server 2019","version":"10.0.17763"}},"process":{"args":["C:\\Windows\\System32\\cmd.exe","4N2FL0ITYC"],"command_line":"C:\\Windows\\System32\\cmd.exe 4N2FL0ITYC","executable":"C:\\Windows\\System32\\cmd.exe","name":"cmd.exe","parent":{"executable":"C:\\Windows\\System32\\notepad.exe","name":"notepad.exe","pid":390},"pid":10396},"user":{"domain":"DOMAIN","name":"DefaultAccount"},"winlog":{"channel":"Microsoft-Windows-Sysmon/Operational","computer_name":"WIN-Z05Y84S5.domain.local","event_id":1,"provider_name":"Microsoft-Windows-Sysmon","record_id":6437615,"task":"Process creation (rule: ProcessCreate)"}}
{"@timestamp":"2023-04-15T06:02:00.440Z","CommandLine":"C:\\Windows\\System32\\powershell.exe DRKML71HMH","EventID":1,"Image":"C:\\Windows\\System32\\powershell.exe","ParentImage":"C:\\Windows\\System32\\powershell.exe","ParentProcessId":796,"ProcessId":61218,"User":"user","agent":{"hostname":"WIN-RUE9SYBG","type":"winlogbeat","version":"8.5.0"},"ecs":{"version":"8.5.0"},"event":{"action":"Process creation","category":["process"],"code":1,"kind":"event","provider":"Microsoft-Windows-Sysmon","type":["start"]},"host":{"name":"WIN-N0HHT603","os":{"family":"windows","name":"Windows Server 2019","version":"10.0.17763"}},"process":{"args":["C:\\Windows\\System32\\powershell.exe","DRKML71HMH"],"command_line":"C:\\Windows\\System32\\powershell.exe DRKML71HMH","executable":"C:\\Windows\\System32\\powershell.exe","name":"powershell.exe","parent":{"executable":"C:\\Windows\\System32\\powershell.exe","name":"powershell.exe","pid":530},"pid":59897},"user":{"domain":"DOMAIN","name":"user"},"winlog":{"channel":"Microsoft-Windows-Sysmon/Operational","computer_name":"WIN-ZW9P6P7P.domain.local","event_id":1,"provider_name":"Microsoft-Windows-Sysmon","record_id":1904897,"task":"Process creation (rule: ProcessCreate)"}}
{"@timestamp":"2023-12-02T15:06:42.457Z","CommandLine":"C:\\Windows\\System32\\WindowsPowerShell\\v1.0\\powershell.exe AOCEMMVIEV","EventID":1,"Image":"C:\\Windows\\System32\\WindowsPowerShell\\v1.0\\powershell.exe","ParentImage":"C:\\Windows\\System32\\spoolsv.exe","ParentProcessId":746,"ProcessId":61728,"User":"SYSTEM","agent":{"hostname":"WIN-DOGI0770","type":"winlogbeat","version":"8.5.0"},"ecs":{"version":"8.5.0"},"event":{"action":"Process creation","category":["process"],"code":1,"kind":"event","provider":"Microsoft-Windows-Sysmon","type":["start"]},"host":{"name":"WIN-L3F3UXP5","os":{"family":"windows","name":"Windows Server 2019","version":"10.0.17763"}},"process":{"args":["C:\\Windows\\System32\\WindowsPowerShell\\v1.0\\powershell.exe","AOCEMMVIEV"],"command_line":"C:\\Windows\\System32\\WindowsPowerShell\\v1.0\\powershell.exe AOCEMMVIEV","executable":"C:\\Windows\\System32\\WindowsPowerShell\\v1.0\\powershell.exe","name":"powershell.exe","parent":{"executable":"C:\\Windows\\System32\\spoolsv.exe","name":"spoolsv.exe","pid":537},"pid":37803},"user":{"domain":"DOMAIN","name":"SYSTEM"},"winlog":{"channel":"Microsoft-Windows-Sysmon/Operational","computer_name":"WIN-PPMBEA3B.domain.local","event_id":1,"provider_name":"Microsoft-Windows-Sysmon","record_id":8025923,"task":"Process creation (rule: ProcessCreate)"}}
{"@timestamp":"2023-11-26T17:40:36.974Z","CommandLine":"C:\\Windows\\System32\\rundll32.exe ULQZBOXDFV","EventID":1,"Image":"C:\\Windows\\System32\\rundll32.exe","ParentImage":"C:\\Windows\\System32\\svchost.exe","ParentProcessId":939,"ProcessId":8843,"User":"Guest","agent":{"hostname":"WIN-3DHY5M9G","type":"winlogbeat","version":"8.5.0"},"ecs":{"version":"8.5.0"},"event":{"action":"Process creation","category":["process"],"code":1,"kind":"event","provider":"Microsoft-Windows-Sysmon","type":["start"]},"host":{"name":"WIN-Z0L08UOY","os":{"family":"windows","name":"Windows Server 2019","version":"10.0.17763"}},"process":{"args":["C:\\Windows\\System32\\rundll32.exe","ULQZBOXDFV"],"command_line":"C:\\Windows\\System32\\rundll32.exe ULQZBOXDFV","executable":"C:\\Windows\\System32\\rundll32.exe","name":"rundll32.exe","parent":{"executable":"C:\\Windows\\System32\\svchost.exe","name":"svchost.exe","pid":553},"pid":61399},"user":{"domain":"DOMAIN","name":"Guest"},"winlog":{"channel":"Microsoft-Windows-Sysmon/Operational","computer_name":"WIN-SRRM6MBH.domain.local","event_id":1,"provider_name":"Microsoft-Windows-Sysmon","record_id":8630243,"task":"Process creation (rule: ProcessCreate)"}}
{"@timestamp":"2023-03-13T17:30:53.806Z","CommandLine":"C:\\Windows\\System32\\explorer.exe","EventID":1,"Image":"C:\\Windows\\System32\\explorer.exe","ParentImage":"C:\\Windows\\System32\\rundll32.exe","ParentProcessId":869,"ProcessId":39591,"User":"NT AUTHORITY\\NETWORK SERVICE","agent":{"hostname":"WIN-QNDU723Q","type":"winlogbeat","version":"8.5.0"},"ecs":{"version":"8.5.0"},"event":{"action":"Process creation","category":["process"],"code":1,"kind":"event","provider":"Microsoft-Windows-Sysmon","type":["start"]},"host":{"name":"WIN-8SKLVRVA","os":{"family":"windows","name":"Windows Server 2019","version":"10.0.17763"}},"process":{"args":["C:\\Windows\\System32\\explorer.exe"],"command_line":"C:\\Windows\\System32\\explorer.exe","executable":"C:\\Windows\\System32\\explorer.exe","name":"explorer.exe","parent":{"executable":"C:\\Windows\\System32\\rundll32.exe","name":"rundll32.exe","pid":178},"pid":49678},"user":{"domain":"NT AUTHORITY","name":"NT AUTHORITY\\NETWORK SERVICE"},"winlog":{"channel":"Microsoft-Windows-Sysmon/Operational","computer_name":"WIN-OS9U8R2P.domain.local","event_id":1,"provider_name":"Microsoft-Windows-Sysmon","record_id":1901339,"task":"Process creation (rule: ProcessCreate)"}}
{"@timestamp":"2023-08-18T07:48:01.200Z","EventID":17,"Image":"C:\\Windows\\System32\\notepad.exe","PipeName":"\\pipe\\lsarpc","agent":{"hostname":"WIN-127N10MM","type":"winlogbeat","version":"8.5.0"},"ecs":{"version":"8.5.0"},"event":{"action":"Process creation","category":["process"],"code":17,"kind":"event","provider":"Microsoft-Windows-Sysmon","type":["start"]},"host":{"name":"WIN-44TGCREE","os":{"family":"windows","name":"Windows Server 2019","version":"10.0.17763"}},"winlog":{"channel":"Microsoft-Windows-Sysmon/Operational","computer_name":"WIN-WRSDQEUA.domain.local","event_id":17,"provider_name":"Microsoft-Windows-Sysmon","record_id":5131937,"task":"Process creation (rule: ProcessCreate)"}}
{"@timestamp":"2023-09-25T00:44:21.542Z","CommandLine":"C:\\Windows\\System32\\regsvr32.exe U7POJW0DD2","EventID":1,"Image":"C:\\Windows\\System32\\regsvr32.exe","ParentImage":"C:\\Windows\\System32\\rundll32.exe","ParentProcessId":241,"ProcessId":4393,"User":"NT AUTHORITY\\LOCAL SERVICE","agent":{"hostname":"WIN-JD76Z8N1","type":"winlogbeat","version":"8.5.0"},"ecs":{"version":"8.5.0"},"event":{"action":"Process creation","category":["process"],"code":1,"kind":"event","provider":"Microsoft-Windows-Sysmon","type":["start"]},"host":{"name":"WIN-M4U2HYNF","os":{"family":"windows","name":"Windows Server 2019","version":"10.0.17763"}},"process":{"args":["C:\\Windows\\System32\\regsvr32.exe","U7POJW0DD2"],"command_line":"C:\\Windows\\System32\\regsvr32.exe U7POJW0DD2","executable":"C:\\Windows\\System32\\regsvr32.exe","name":"regsvr32.exe","parent":{"executable":"C:\\Windows\\System32\\rundll32.exe","name":"rundll32.exe","pid":596},"pid":30262},"user":{"domain":"NT AUTHORITY","name":"NT AUTHORITY\\LOCAL SERVICE"},"winlog":{"channel":"Microsoft-Windows-Sysmon/Operational","computer_name":"WIN-SB9PGZI8.domain.local","event_id":1,"provider_name":"Microsoft-Windows-Sysmon","record_id":4768695,"task":"Process creation (rule: ProcessCreate)"}}
{"@timestamp":"2023-04-02T08:28:59.195Z","Details":"C:\\temp\\OQO4FEN8.exe","EventID":13,"Image":"C:\\Windows\\System32\\WindowsPowerShell\\v1.0\\powershell.exe","TargetObject":"HKLM\\SOFTWARE\\Classes\\exefile\\shell\\open\\command\\1I7V2T2WN6","agent":{"hostname":"WIN-YNBGXLYQ","type":"winlogbeat","version":"8.5.0"},"ecs":{"version":"8.5.0"},"event":{"action":"Process creation","category":["process"],"code":13,"kind":"event","provider":"Microsoft-Windows-Sysmon","type":["start"]},"host":{"name":"WIN-V1C2YBWK","os":{"family":"windows","name":"Windows Server 2019","version":"10.0.17763"}},"registry":{"data":{"strings":["C:\\temp\\NIYDZP13.exe"]},"key":"HKLM\\SOFTWARE\\Classes\\exefile\\shell\\open\\command","value":"XYVZUMJQS8"},"winlog":{"channel":"Microsoft-Windows-Sysmon/Operational","computer_name":"WIN-46UNA0UA.domain.local","event_id":13,"provider_name":"Microsoft-Windows-Sysmon","record_id":2263824,"task":"Process creation (rule: ProcessCreate)"}}
{"@timestamp":"2023-04-27T21:47:41.960Z","DestinationIp":"8.8.8.8","DestinationPort":80,"EventID":3,"Image":"C:\\Windows\\System32\\lsass.exe","Protocol":"tcp","SourceIp":"192.168.1.100","SourcePort":54906,"agent":{"hostname":"WIN-61UYI9CE","type":"winlogbeat","version":"8.5.0"},"destination":{"ip":"8.8.8.8","port":80},"ecs":{"version":"8.5.0"},"event":{"action":"Process creation","category":["process"],"code":3,"kind":"event","provider":"Microsoft-Windows-Sysmon","type":["start"]},"host":{"name":"WIN-JO2L78LG","os":{"family":"windows","name":"Windows Server 2019","version":"10.0.17763"}},"network":{"direction":"outbound","protocol":"tcp"},"source":{"ip":"192.168.1.100","port":54906},"winlog":{"channel":"Microsoft-Windows-Sysmon/Operational","computer_name":"WIN-JU5CU0IZ.domain.local","event_id":3,"provider_name":"Microsoft-Windows-Sysmon","record_id":9865723,"task":"Process creation (rule: ProcessCreate)"}}
{"@timestamp":"2023-09-02T05:33:16.954Z","CommandLine":"C:\\Windows\\System32\\WindowsPowerShell\\v1.0\\powershell.exe FJBUX09LXE","EventID":1,"Image":"C:\\Windows\\System32\\WindowsPowerShell\\v1.0\\powershell.exe","ParentImage":"C:\\Windows\\System32\\powershell.exe","ParentProcessId":356,"ProcessId":4280,"User":"NT AUTHORITY\\NETWORK SERVICE","agent":{"hostname":"WIN-6T9R1SBD","type":"winlogbeat","version":"8.5.0"},"ecs":{"version":"8.5.0"},"event":{"action":"Process creation","category":["process"],"code":1,"kind":"event","provider":"Microsoft-Windows-Sysmon","type":["start"]},"host":{"name":"WIN-HY871XFN","os":{"family":"windows","name":"Windows Server 2019","version":"10.0.17763"}},"process":{"args":["C:\\Windows\\System32\\WindowsPowerShell\\v1.0\\powershell.exe","FJBUX09LXE"],"command_line":"C:\\Windows\\System32\\WindowsPowerShell\\v1.0\\powershell.exe FJBUX09LXE","executable":"C:\\Windows\\System32\\WindowsPowerShell\\v1.0\\powershell.exe","name":"powershell.exe","parent":{"executable":"C:\\Windows\\System32\\powershell.exe","name":"powershell.exe","pid":418},"pid":15037},"user":{"domain":"NT AUTHORITY","name":"NT AUTHORITY\\NETWORK SERVICE"},"winlog":{"channel":"Microsoft-Windows-Sysmon/Operational","computer_name":"WIN-59DEM7OB.domain.local","event_id":1,"provider_name":"Microsoft-Windows-Sysmon","record_id":4522399,"task":"Process creation (rule: ProcessCreate)"}}
{"@timestamp":"2023-10-13T06:32:20.881Z","DestinationIp":"192.168.1.100","DestinationPort":443,"EventID":3,"Image":"C:\\Windows\\System32\\rundll32.exe","Protocol":"tcp","SourceIp":"192.168.1.100","SourcePort":57218,"agent":{"hostname":"WIN-R5C9Y0RU","type":"winlogbeat","version":"8.5.0"},"destination":{"ip":"192.168.1.100","port":443},"ecs":{"version":"8.5.0"},"event":{"action":"Process creation","category":["process"],"code":3,"kind":"event","provider":"Microsoft-Windows-Sysmon","type":["start"]},"host":{"name":"WIN-6GPSNTHC","os":{"family":"windows","name":"Windows Server 2019","version":"10.0.17763"}},"network":{"direction":"outbound","protocol":"tcp"},"source":{"ip":"192.168.1.100","port":57218},"winlog":{"channel":"Microsoft-Windows-Sysmon/Operational","computer_name":"WIN-OX7WQYZ6.domain.local","event_id":3,"provider_name":"Microsoft-Windows-Sysmon","record_id":4087376,"task":"Process creation (rule: ProcessCreate)"}}
{"@timestamp":"2023-12-14T19:18:05.659Z","CommandLine":"C:\\Windows\\System32\\cscript.exe 2YAGD5GNJ2","EventID":1,"Image":"C:\\Windows\\System32\\cscript.exe","ParentImage":"C:\\Windows\\System32\\WindowsPowerShell\\v1.0\\powershell.exe","ParentProcessId":238,"ProcessId":24321,"User":"john.doe","agent":{"hostname":"WIN-LSMDUX5J","type":"winlogbeat","version":"8.5.0"},"ecs":{"version":"8.5.0"},"event":{"action":"Process creation","category":["process"],"code":1,"kind":"event","provider":"Microsoft-Windows-Sysmon","type":["start"]},"host":{"name":"WIN-UXOXOMIQ","os":{"family":"windows","name":"Windows Server 2019","version":"10.0.17763"}},"process":{"args":["C:\\Windows\\System32\\cscript.exe","2YAGD5GNJ2"],"command_line":"C:\\Windows\\System32\\cscript.exe 2YAGD5GNJ2","executable":"C:\\Windows\\System32\\cscript.exe","name":"cscript.exe","parent":{"executable":"C:\\Windows\\System32\\WindowsPowerShell\\v1.0\\powershell.exe","name":"powershell.exe","pid":401},"pid":24905},"user":{"domain":"DOMAIN","name":"john.doe"},"winlog":{"channel":"Microsoft-Windows-Sysmon/Operational","computer_name":"WIN-MDKN3OLB.domain.local","event_id":1,"provider_name":"Microsoft-Windows-Sysmon","record_id":5478409,"task":"Process creation (rule: ProcessCreate)"}}
{"@timestamp":"2023-11-01T04:57:25.667Z","CommandLine":"C:\\Windows\\System32\\spoolsv.exe QW8WQ0GB12","EventID":1,"Image":"C:\\Windows\\System32\\spoolsv.exe","ParentImage":"C:\\Windows\\System32\\winlogon.exe","ParentProcessId":240,"ProcessId":3611,"User":"NT AUTHORITY\\NETWORK SERVICE","agent":{"hostname":"WIN-8WC0Y9LJ","type":"winlogbeat","version":"8.5.0"},"ecs":{"version":"8.5.0"},"event":{"action":"Process creation","category":["process"],"code":1,"kind":"event","provider":"Microsoft-Windows-Sysmon","type":["start"]},"host":{"name":"WIN-6GRI5X6Y","os":{"family":"windows","name":"Windows Server 2019","version":"10.0.17763"}},"process":{"args":["C:\\Windows\\System32\\spoolsv.exe","QW8WQ0GB12"],"command_line":"C:\\Windows\\System32\\spoolsv.exe QW8WQ0GB12","executable":"C:\\Windows\\System32\\spoolsv.exe","name":"spoolsv.exe","parent":{"executable":"C:\\Windows\\System32\\winlogon.exe","name":"winlogon.exe","pid":837},"pid":58017},"user":{"domain":"NT AUTHORITY","name":"NT AUTHORITY\\NETWORK SERVICE"},"winlog":{"channel":"Microsoft-Windows-Sysmon/Operational","computer_name":"WIN-L1VDM8BX.domain.local","event_id":1,"provider_name":"Microsoft-Windows-Sysmon","record_id":2647057,"task":"Process creation (rule: ProcessCreate)"}}
{"@timestamp":"2023-11-13T16:13:24.965Z","DestinationIp":"8.8.8.8","DestinationPort":3389,"EventID":3,"Image":"C:\\Windows\\System32\\WindowsPowerShell\\v1.0\\powershell.exe","Protocol":"tcp","SourceIp":"192.168.1.100","SourcePort":57859,"agent":{"hostname":"WIN-AGHNEHZ4","type":"winlogbeat","version":"8.5.0"},"destination":{"ip":"8.8.8.8","port":3389},"ecs":{"version":"8.5.0"},"event":{"action":"Process creation","category":["process"],"code":3,"kind":"event","provider":"Microsoft-Windows-Sysmon","type":["start"]},"host":{"name":"WIN-VWE9UWHK","os":{"family":"windows","name":"Windows Server 2019","version":"10.0.17763"}},"network":{"direction":"outbound","protocol":"tcp"},"source":{"ip":"192.168.1.100","port":57859},"winlog":{"channel":"Microsoft-Windows-Sysmon/Operational","computer_name":"WIN-0H7IKMPX.domain.local","event_id":3,"provider_name":"Microsoft-Windows-Sysmon","record_id":5138427,"task":"Process creation (rule: ProcessCreate)"}}
{"@timestamp":"2023-08-02T04:52:46.106Z","CommandLine":"C:\\Windows\\System32\\powershell.exe VPRZ8TXAYZ","EventID":1,"Image":"C:\\Windows\\System32\\powershell.exe","ParentImage":"C:\\Windows\\System32\\notepad.exe","ParentProcessId":673,"ProcessId":26186,"User":"Administrator","agent":{"hostname":"WIN-TC19LBUV","type":"winlogbeat","version":"8.5.0"},"ecs":{"version":"8.5.0"},"event":{"action":"Process creation","category":["process"],"code":1,"kind":"event","provider":"Microsoft-Windows-Sysmon","type":["start"]},"host":{"name":"WIN-XQ6KKCNZ","os":{"family":"windows","name":"Windows Server 2019","version":"10.0.17763"}},"process":{"args":["C:\\Windows\\System32\\powershell.exe","VPRZ8TXAYZ"],"command_line":"C:\\Windows\\System32\\powershell.exe VPRZ8TXAYZ","executable":"C:\\Windows\\System32\\powershell.exe","name":"powershell.exe","parent":{"executable":"C:\\Windows\\System32\\notepad.exe","name":"notepad.exe","pid":354},"pid":54032},"user":{"domain":"DOMAIN","name":"Administrator"},"winlog":{"channel":"Microsoft-Windows-Sysmon/Operational","computer_name":"WIN-VAHMBX61.domain.local","event_id":1,"provider_name":"Microsoft-Windows-Sysmon","record_id":7103404,"task":"Process creation (rule: ProcessCreate)"}}
{"@timestamp":"2023-08-11T21:48:13.954Z","CommandLine":"C:\\Windows\\System32\\cscript.exe 87KWNLBP7F","EventID":1,"Image":"C:\\Windows\\System32\\cscript.exe","ParentImage":"C:\\Windows\\System32\\WindowsPowerShell\\v1.0\\powershell.exe","ParentProcessId":692,"ProcessId":51526,"User":"service_account","agent":{"hostname":"WIN-LBQILY4G","type":"winlogbeat","version":"8.5.0"},"ecs":{"version":"8.5.0"},"event":{"action":"Process creation","category":["process"],"code":1,"kind":"event","provider":"Microsoft-Windows-Sysmon","type":["start"]},"host":{"name":"WIN-4C9DIWVK","os":{"family":"windows","name":"Windows Server 2019","version":"10.0.17763"}},"process":{"args":["C:\\Windows\\System32\\cscript.exe","87KWNLBP7F"],"command_line":"C:\\Windows\\System32\\cscript.exe 87KWNLBP7F","executable":"C:\\Windows\\System32\\cscript.exe","name":"cscript.exe","parent":{"executable":"C:\\Windows\\System32\\WindowsPowerShell\\v1.0\\powershell.exe","name":"powershell.exe","pid":392},"pid":14298},"user":{"domain":"DOMAIN","name":"service_account"},"winlog":{"channel":"Microsoft-Windows-Sysmon/Operational","computer_name":"WIN-9DJEX08D.domain.local","event_id":1,"provider_name":"Microsoft-Windows-Sysmon","record_id":7697089,"task":"Process creation (rule: ProcessCreate)"}}
{"@timestamp":"2023-12-26T02:30:53.559Z","CommandLine":"C:\\Windows\\System32\\explorer.exe","EventID":1,"Image":"C:\\Windows\\System32\\explorer.exe","ParentImage":"C:\\Windows\\System32\\WindowsPowerShell\\v1.0\\powershell.exe","ParentProcessId":222,"ProcessId":30216,"User":"NT AUTHORITY\\SYSTEM","agent":{"hostname":"WIN-Y8JEH7QH","type":"winlogbeat","version":"8.5.0"},"ecs":{"version":"8.5.0"},"event":{"action":"Process creation","category":["process"],"code":1,"kind":"event","provider":"Microsoft-Windows-Sysmon","type":["start"]},"host":{"name":"WIN-NHLODS97","os":{"family":"windows","name":"Windows Server 2019","version":"10.0.17763"}},"process":{"args":["C:\\Windows\\System32\\explorer.exe"],"command_line":"C:\\Windows\\System32\\explorer.exe","executable":"C:\\Windows\\System32\\explorer.exe","name":"explorer.exe","parent":{"executable":"C:\\Windows\\System32\\WindowsPowerShell\\v1.0\\powershell.exe","name":"powershell.exe","pid":522},"pid":59282},"user":{"domain":"NT AUTHORITY","name":"NT AUTHORITY\\SYSTEM"},"winlog":{"channel":"Microsoft-Windows-Sysmon/Operational","computer_name":"WIN-81V2C7TS.domain.local","event_id":1,"provider_name":"Microsoft-Windows-Sysmon","record_id":9651197,"task":"Process creation (rule: ProcessCreate)"}}
{"@timestamp":"2023-06-09T16:12:20.330Z","CommandLine":"C:\\Windows\\System32\\WindowsPowerShell\\v1.0\\powershell.exe E39G3YNUVC","EventID":1,"Image":"C:\\Windows\\System32\\WindowsPowerShell\\v1.0\\powershell.exe","ParentImage":"C:\\Windows\\System32\\winlogon.exe","ParentProcessId":996,"ProcessId":21396,"User":"jane.smith","agent":{"hostname":"WIN-BI5CVGYW","type":"winlogbeat","version":"8.5.0"},"ecs":{"version":"8.5.0"},"event":{"action":"Process creation","category":["process"],"code":1,"kind":"event","provider":"Microsoft-Windows-Sysmon","type":["start"]},"host":{"name":"WIN-Y94YBLH5","os":{"family":"windows","name":"Windows Server 2019","version":"10.0.17763"}},"process":{"args":["C:\\Windows\\System32\\WindowsPowerShell\\v1.0\\powershell.exe","E39G3YNUVC"],"command_line":"C:\\Windows\\System32\\WindowsPowerShell\\v1.0\\powershell.exe E39G3YNUVC","executable":"C:\\Windows\\System32\\WindowsPowerShell\\v1.0\\powershell.exe","name":"powershell.exe","parent":{"executable":"C:\\Windows\\System32\\winlogon.exe","name":"winlogon.exe","pid":988},"pid":49167},"user":{"domain":"DOMAIN","name":"jane.smith"},"winlog":{"channel":"Microsoft-Windows-Sysmon/Operational","computer_name":"WIN-R8AP10YE.domain.local","event_id":1,"provider_name":"Microsoft-Windows-Sysmon","record_id":8246728,"task":"Process creation (rule: ProcessCreate)"}}
{"@timestamp":"2023-04-19T15:20:18.970Z","CommandLine":"C:\\Program Files\\Google\\Chrome\\Application\\chrome.exe --new-tab https://example.com","EventID":1,"Image":"C:\\Program Files\\Google\\Chrome\\Application\\chrome.exe","ParentImage":"C:\\Windows\\System32\\WindowsPowerShell\\v1.0\\powershell.exe","ParentProcessId":423,"ProcessId":11056,"User":"admin","agent":{"hostname":"WIN-JDKUWU7Q","type":"winlogbeat","version":"8.5.0"},"ecs":{"version":"8.5.0"},"event":{"action":"Process creation","category":["process"],"code":1,"kind":"event","provider":"Microsoft-Windows-Sysmon","type":["start"]},"host":{"name":"WIN-YCEJ6KUA","os":{"family":"windows","name":"Windows Server 2019","version":"10.0.17763"}},"process":{"args":["C:\\Program","Files\\Google\\Chrome\\Application\\chrome.exe","--new-tab","https://example.com"],"command_line":"C:\\Program Files\\Google\\Chrome\\Application\\chrome.exe --new-tab https://example.com","executable":"C:\\Program Files\\Google\\Chrome\\Application\\chrome.exe","name":"chrome.exe","parent":{"executable":"C:\\Windows\\System32\\WindowsPowerShell\\v1.0\\powershell.exe","name":"powershell.exe","pid":523},"pid":21890},"user":{"domain":"DOMAIN","name":"admin"},"winlog":{"channel":"Microsoft-Windows-Sysmon/Operational","computer_name":"WIN-H820SROW.domain.local","event_id":1,"provider_name":"Microsoft-Windows-Sysmon","record_id":6334140,"task":"Process creation (rule: ProcessCreate)"}}
{"@timestamp":"2023-01-04T22:24:46.732Z","DestinationIp":"208.67.222.222","DestinationPort":8443,"EventID":3,"Image":"C:\\Windows\\System32\\notepad.exe","Protocol":"tcp","SourceIp":"192.168.1.100","SourcePort":56521,"agent":{"hostname":"WIN-ISLJV0H6","type":"winlogbeat","version":"8.5.0"},"destination":{"ip":"208.67.222.222","port":8443},"ecs":{"version":"8.5.0"},"event":{"action":"Process creation","category":["process"],"code":3,"kind":"event","provider":"Microsoft-Windows-Sysmon","type":["start"]},"host":{"name":"WIN-FDIAY1TS","os":{"family":"windows","name":"Windows Server 2019","version":"10.0.17763"}},"network":{"direction":"outbound","protocol":"tcp"},"source":{"ip":"192.168.1.100","port":56521},"winlog":{"channel":"Microsoft-Windows-Sysmon/Operational","computer_name":"WIN-JCRAZII6.domain.local","event_id":3,"provider_name":"Microsoft-Windows-Sysmon","record_id":2766436,"task":"Process creation (rule: ProcessCreate)"}}
