{"@timestamp":"2023-05-13T14:16:13.529Z","CommandLine":"C:\\Windows\\System32\\spoolsv.exe P4AT8ZGI2X","EventID":1,"Image":"C:\\Windows\\System32\\spoolsv.exe","ParentImage":"C:\\Windows\\System32\\wscript.exe","ParentProcessId":473,"ProcessId":58854,"User":"Administrator","agent":{"hostname":"WIN-IZ940MFQ","type":"winlogbeat","version":"8.5.0"},"ecs":{"version":"8.5.0"},"event":{"action":"Process creation","category":["process"],"code":1,"kind":"event","provider":"Microsoft-Windows-Sysmon","type":["start"]},"host":{"name":"WIN-SBW4W5GB","os":{"family":"windows","name":"Windows Server 2019","version":"10.0.17763"}},"process":{"args":["C:\\Windows\\System32\\spoolsv.exe","P4AT8ZGI2X"],"command_line":"C:\\Windows\\System32\\spoolsv.exe P4AT8ZGI2X","executable":"C:\\Windows\\System32\\spoolsv.exe","name":"spoolsv.exe","parent":{"executable":"C:\\Windows\\System32\\wscript.exe","name":"wscript.exe","pid":455},"pid":35333},"user":{"domain":"DOMAIN","name":"Administrator"},"winlog":{"channel":"Microsoft-Windows-Sysmon/Operational","computer_name":"WIN-0HUQP4RS.domain.local","event_id":1,"provider_name":"Microsoft-Windows-Sysmon","record_id":3345819,"task":"Process creation (rule: ProcessCreate)"}}
{"@timestamp":"2023-04-16T09:11:07.257Z","DestinationIp":"8.8.8.8","DestinationPort":8443,"EventID":3,"Image":"C:\\Program Files\\Mozilla Firefox\\firefox.exe","Protocol":"tcp","SourceIp":"192.168.1.100","SourcePort":63791,"agent":{"hostname":"WIN-5GTZ0BJI","type":"winlogbeat","version":"8.5.0"},"destination":{"ip":"8.8.8.8","port":8443},"ecs":{"version":"8.5.0"},"event":{"action":"Process creation","category":["process"],"code":3,"kind":"event","provider":"Microsoft-Windows-Sysmon","type":["start"]},"host":{"name":"WIN-4F862T08","os":{"family":"windows","name":"Windows Server 2019","version":"10.0.17763"}},"network":{"direction":"outbound","protocol":"tcp"},"source":{"ip":"192.168.1.100","port":63791},"winlog":{"channel":"Microsoft-Windows-Sysmon/Operational","computer_name":"WIN-SZJJ9WM6.domain.local","event_id":3,"provider_name":"Microsoft-Windows-Sysmon","record_id":2798203,"task":"Process creation (rule: ProcessCreate)"}}
{"@timestamp":"2023-08-02T06:35:51.814Z","CommandLine":"C:\\Program Files (x86)\\Microsoft\\Edge\\Application\\msedge.exe SFNQIEHBPV","EventID":1,"Image":"C:\\Program Files (x86)\\Microsoft\\Edge\\Application\\msedge.exe","ParentImage":"C:\\Windows\\System32\\powershell.exe","ParentProcessId":196,"ProcessId":35943,"User":"service_account","agent":{"hostname":"WIN-4S18PMQM","type":"winlogbeat","version":"8.5.0"},"ecs":{"version":"8.5.0"},"event":{"action":"Process creation","category":["process"],"code":1,"kind":"event","provider":"Microsoft-Windows-Sysmon","type":["start"]},"host":{"name":"WIN-LBTOOZ1O","os":{"family":"windows","name":"Windows Server 2019","version":"10.0.17763"}},"process":{"args":["C:\\Program","Files","(x86)\\Microsoft\\Edge\\Application\\msedge.exe","SFNQIEHBPV"],"command_line":"C:\\Program Files (x86)\\Microsoft\\Edge\\Application\\msedge.exe SFNQIEHBPV","executable":"C:\\Program Files (x86)\\Microsoft\\Edge\\Application\\msedge.exe","name":"msedge.exe","parent":{"executable":"C:\\Windows\\System32\\powershell.exe","name":"powershell.exe","pid":217},"pid":46288},"user":{"domain":"DOMAIN","name":"service_account"},"winlog":{"channel":"Microsoft-Windows-Sysmon/Operational","computer_name":"WIN-MTQZ1YKH.domain.local","event_id":1,"provider_name":"Microsoft-Windows-Sysmon","record_id":4492717,"task":"Process creation (rule: ProcessCreate)"}}
{"@timestamp":"2023-10-21T20:15:09.197Z","CommandLine":"C:\\Windows\\System32\\regsvr32.exe GYIFGMT9JL","EventID":1,"Image":"C:\\Windows\\System32\\regsvr32.exe","ParentImage":"C:\\Windows\\System32\\cmd.exe","ParentProcessId":563,"ProcessId":23396,"User":"service_account","agent":{"hostname":"WIN-OYCW1Y8P","type":"winlogbeat","version":"8.5.0"},"ecs":{"version":"8.5.0"},"event":{"action":"Process creation","category":["process"],"code":1,"kind":"event","provider":"Microsoft-Windows-Sysmon","type":["start"]},"host":{"name":"WIN-RBW14NJZ","os":{"family":"windows","name":"Windows Server 2019","version":"10.0.17763"}},"process":{"args":["C:\\Windows\\System32\\regsvr32.exe","GYIFGMT9JL"],"command_line":"C:\\Windows\\System32\\regsvr32.exe GYIFGMT9JL","executable":"C:\\Windows\\System32\\regsvr32.exe","name":"regsvr32.exe","parent":{"executable":"C:\\Windows\\System32\\cmd.exe","name":"cmd.exe","pid":828},"pid":17684},"user":{"domain":"DOMAIN","name":"service_account"},"winlog":{"channel":"Microsoft-Windows-Sysmon/Operational","computer_name":"WIN-S844NLXY.domain.local","event_id":1,"provider_name":"Microsoft-Windows-Sysmon","record_id":7112586,"task":"Process creation (rule: ProcessCreate)"}}
{"@timestamp":"2023-02-19T21:22:46.924Z","DestinationIp":"suspicious-site.net","DestinationPort":8080,"EventID":3,"Image":"C:\\Windows\\System32\\wscript.exe","Protocol":"tcp","SourceIp":"192.168.1.100","SourcePort":53822,"agent":{"hostname":"WIN-P94K7YEB","type":"winlogbeat","version":"8.5.0"},"destination":{"ip":"suspicious-site.net","port":8080},"ecs":{"version":"8.5.0"},"event":{"action":"Process creation","category":["process"],"code":3,"kind":"event","provider":"Microsoft-Windows-Sysmon","type":["start"]},"host":{"name":"WIN-PY1UC4AH","os":{"family":"windows","name":"Windows Server 2019","version":"10.0.17763"}},"network":{"direction":"outbound","protocol":"tcp"},"source":{"ip":"192.168.1.100","port":53822},"winlog":{"channel":"Microsoft-Windows-Sysmon/Operational","computer_name":"WIN-UWNV6ZQW.domain.local","event_id":3,"provider_name":"Microsoft-Windows-Sysmon","record_id":8061237,"task":"Process creation (rule: ProcessCreate)"}}
{"@timestamp":"2023-09-20T10:16:17.302Z","CommandLine":"C:\\Windows\\System32\\notepad.exe document.txt","EventID":1,"Image":"C:\\Windows\\System32\\notepad.exe","ParentImage":"C:\\Windows\\System32\\services.exe","ParentProcessId":305,"ProcessId":65483,"User":"SYSTEM","agent":{"hostname":"WIN-N4JJMNDU","type":"winlogbeat","version":"8.5.0"},"ecs":{"version":"8.5.0"},"event":{"action":"Process creation","category":["process"],"code":1,"kind":"event","provider":"Microsoft-Windows-Sysmon","type":["start"]},"host":{"name":"WIN-WSFI2LNF","os":{"family":"windows","name":"Windows Server 2019","version":"10.0.17763"}},"process":{"args":["C:\\Windows\\System32\\notepad.exe","document.txt"],"command_line":"C:\\Windows\\System32\\notepad.exe document.txt","executable":"C:\\Windows\\System32\\notepad.exe","name":"notepad.exe","parent":{"executable":"C:\\Windows\\System32\\services.exe","name":"services.exe","pid":934},"pid":11623},"user":{"domain":"DOMAIN","name":"SYSTEM"},"winlog":{"channel":"Microsoft-Windows-Sysmon/Operational","computer_name":"WIN-R7RTVYIV.domain.local","event_id":1,"provider_name":"Microsoft-Windows-Sysmon","record_id":5298220,"task":"Process creation (rule: ProcessCreate)"}}
{"@timestamp":"2023-03-11T05:19:27.463Z","Details":"C:\\temp\\D2JA1WZ1.exe","EventID":13,"Image":"C:\\Windows\\System32\\mshta.exe","TargetObject":"HKCU\\SOFTWARE\\Microsoft\\Windows\\CurrentVersion\\Run\\L32K429O13","agent":{"hostname":"WIN-T7H4GCGQ","type":"winlogbeat","version":"8.5.0"},"ecs":{"version":"8.5.0"},"event":{"action":"Process creation","category":["process"],"code":13,"kind":"event","provider":"Microsoft-Windows-Sysmon","type":["start"]},"host":{"name":"WIN-XS7CSFJT","os":{"family":"windows","name":"Windows Server 2019","version":"10.0.17763"}},"registry":{"data":{"strings":["C:\\temp\\7TCYT0JA.exe"]},"key":"HKCU\\SOFTWARE\\Microsoft\\Windows\\CurrentVersion\\Run","value":"5TU2EQT3QP"},"winlog":{"channel":"Microsoft-Windows-Sysmon/Operational","computer_name":"WIN-WKCX79E0.domain.local","event_id":13,"provider_name":"Microsoft-Windows-Sysmon","record_id":6568670,"task":"Process creation (rule: ProcessCreate)"}}
{"@timestamp":"2023-08-22T14:14:10.504Z","Details":"C:\\temp\\1S5BR6G6.exe","EventID":13,"Image":"C:\\Windows\\System32\\wininit.exe","TargetObject":"HKLM\\SOFTWARE\\Classes\\exefile\\shell\\open\\command\\0ZIWXWWI4Y","agent":{"hostname":"WIN-DE352IKX","type":"winlogbeat","version":"8.5.0"},"ecs":{"version":"8.5.0"},"event":{"action":"Process creation","category":["process"],"code":13,"kind":"event","provider":"Microsoft-Windows-Sysmon","type":["start"]},"host":{"name":"WIN-SWKMT2H4","os":{"family":"windows","name":"Windows Server 2019","version":"10.0.17763"}},"registry":{"data":{"strings":["C:\\temp\\EMPQ4WS5.exe"]},"key":"HKLM\\SOFTWARE\\Classes\\exefile\\shell\\open\\command","value":"IO8VLYQY5T"},"winlog":{"channel":"Microsoft-Windows-Sysmon/Operational","computer_name":"WIN-V1H89H0E.domain.local","event_id":13,"provider_name":"Microsoft-Windows-Sysmon","record_id":8303610,"task":"Process creation (rule: ProcessCreate)"}}
{"@timestamp":"2023-03-16T08:52:18.926Z","CommandLine":"C:\\Windows\\System32\\explorer.exe","EventID":1,"Image":"C:\\Windows\\System32\\explorer.exe","ParentImage":"C:\\Windows\\System32\\spoolsv.exe","ParentProcessId":234,"ProcessId":11033,"User":"Guest","agent":{"hostname":"WIN-PYG0X7KR","type":"winlogbeat","version":"8.5.0"},"ecs":{"version":"8.5.0"},"event":{"action":"Process creation","category":["process"],"code":1,"kind":"event","provider":"Microsoft-Windows-Sysmon","type":["start"]},"host":{"name":"WIN-1PO75JD0","os":{"family":"windows","name":"Windows Server 2019","version":"10.0.17763"}},"process":{"args":["C:\\Windows\\System32\\explorer.exe"],"command_line":"C:\\Windows\\System32\\explorer.exe","executable":"C:\\Windows\\System32\\explorer.exe","name":"explorer.exe","parent":{"executable":"C:\\Windows\\System32\\spoolsv.exe","name":"spoolsv.exe","pid":152},"pid":15183},"user":{"domain":"DOMAIN","name":"Guest"},"winlog":{"channel":"Microsoft-Windows-Sysmon/Operational","computer_name":"WIN-FFOHHGRX.domain.local","event_id":1,"provider_name":"Microsoft-Windows-Sysmon","record_id":8654873,"task":"Process creation (rule: ProcessCreate)"}}
{"@timestamp":"2023-02-02T23:01:27.644Z","CommandLine":"C:\\Program Files\\Mozilla Firefox\\firefox.exe 345BI54ME2","EventID":1,"Image":"C:\\Program Files\\Mozilla Firefox\\firefox.exe","ParentImage":"C:\\Windows\\System32\\rundll32.exe","ParentProcessId":455,"ProcessId":51494,"User":"NT AUTHORITY\\LOCAL SERVICE","agent":{"hostname":"WIN-CQTIC15S","type":"winlogbeat","version":"8.5.0"},"ecs":{"version":"8.5.0"},"event":{"action":"Process creation","category":["process"],"code":1,"kind":"event","provider":"Microsoft-Windows-Sysmon","type":["start"]},"host":{"name":"WIN-L5H96CLG","os":{"family":"windows","name":"Windows Server 2019","version":"10.0.17763"}},"process":{"args":["C:\\Program","Files\\Mozilla","Firefox\\firefox.exe","345BI54ME2"],"command_line":"C:\\Program Files\\Mozilla Firefox\\firefox.exe 345BI54ME2","executable":"C:\\Program Files\\Mozilla Firefox\\firefox.exe","name":"firefox.exe","parent":{"executable":"C:\\Windows\\System32\\rundll32.exe","name":"rundll32.exe","pid":312},"pid":29008},"user":{"domain":"NT AUTHORITY","name":"NT AUTHORITY\\LOCAL SERVICE"},"winlog":{"channel":"Microsoft-Windows-Sysmon/Operational","computer_name":"WIN-0DRHPJA3.domain.local","event_id":1,"provider_name":"Microsoft-Windows-Sysmon","record_id":8956107,"task":"Process creation (rule: ProcessCreate)"}}
{"@timestamp":"2023-07-14T12:24:54.417Z","DestinationIp":"malicious-domain.com","DestinationPort":80,"EventID":3,"Image":"C:\\Windows\\System32\\cmd.exe","Protocol":"tcp","SourceIp":"192.168.1.100","SourcePort":61706,"agent":{"hostname":"WIN-FX5F9BV5","type":"winlogbeat","version":"8.5.0"},"destination":{"ip":"malicious-domain.com","port":80},"ecs":{"version":"8.5.0"},"event":{"action":"Process creation","category":["process"],"code":3,"kind":"event","provider":"Microsoft-Windows-Sysmon","type":["start"]},"host":{"name":"WIN-VC13T7A5","os":{"family":"windows","name":"Windows Server 2019","version":"10.0.17763"}},"network":{"direction":"outbound","protocol":"tcp"},"source":{"ip":"192.168.1.100","port":61706},"winlog":{"channel":"Microsoft-Windows-Sysmon/Operational","computer_name":"WIN-UHA90P2H.domain.local","event_id":3,"provider_name":"Microsoft-Windows-Sysmon","record_id":1902066,"task":"Process creation (rule: ProcessCreate)"}}
{"@timestamp":"2023-05-26T09:45:58.908Z","CommandLine":"C:\\Windows\\System32\\cmd.exe 8E8ELFFTMN","EventID":1,"Image":"C:\\Windows\\System32\\cmd.exe","ParentImage":"C:\\Windows\\System32\\cscript.exe","ParentProcessId":747,"ProcessId":32405,"User":"NT AUTHORITY\\NETWORK SERVICE","agent":{"hostname":"WIN-RRGPO9NA","type":"winlogbeat","version":"8.5.0"},"ecs":{"version":"8.5.0"},"event":{"action":"Process creation","category":["process"],"code":1,"kind":"event","provider":"Microsoft-Windows-Sysmon","type":["start"]},"host":{"name":"WIN-Q1PDDYZ9","os":{"family":"windows","name":"Windows Server 2019","version":"10.0.17763"}},"process":{"args":["C:\\Windows\\System32\\cmd.exe","8E8ELFFTMN"],"command_line":"C:\\Windows\\System32\\cmd.exe 8E8ELFFTMN","executable":"C:\\Windows\\System32\\cmd.exe","name":"cmd.exe","parent":{"executable":"C:\\Windows\\System32\\cscript.exe","name":"cscript.exe","pid":386},"pid":8614},"user":{"domain":"NT AUTHORITY","name":"NT AUTHORITY\\NETWORK SERVICE"},"winlog":{"channel":"Microsoft-Windows-Sysmon/Operational","computer_name":"WIN-EB5XUN3U.domain.local","event_id":1,"provider_name":"Microsoft-Windows-Sysmon","record_id":7322047,"task":"Process creation (rule: ProcessCreate)"}}
{"@timestamp":"2023-07-28T22:10:47.601Z","Details":"C:\\temp\\TJUMZQPL.exe","EventID":13,"Image":"C:\\Windows\\System32\\regsvr32.exe","TargetObject":"HKLM\\SOFTWARE\\Classes\\exefile\\shell\\open\\command\\IUAUNFK3IW","agent":{"hostname":"WIN-4JL632HJ","type":"winlogbeat","version":"8.5.0"},"ecs":{"version":"8.5.0"},"event":{"action":"Process creation","category":["process"],"code":13,"kind":"event","provider":"Microsoft-Windows-Sysmon","type":["start"]},"host":{"name":"WIN-2OJPFNLF","os":{"family":"windows","name":"Windows Server 2019","version":"10.0.17763"}},"registry":{"data":{"strings":["C:\\temp\\COXKIX59.exe"]},"key":"HKLM\\SOFTWARE\\Classes\\exefile\\shell\\open\\command","value":"ITOWS7E9E6"},"winlog":{"channel":"Microsoft-Windows-Sysmon/Operational","computer_name":"WIN-2H9I8Z7H.domain.local","event_id":13,"provider_name":"Microsoft-Windows-Sysmon","record_id":4560224,"task":"Process creation (rule: ProcessCreate)"}}
{"@timestamp":"2023-07-19T19:18:02.575Z","CommandLine":"C:\\Windows\\System32\\cscript.exe EVIJDJ8OSP","EventID":1,"Image":"C:\\Windows\\System32\\cscript.exe","ParentImage":"C:\\Program Files (x86)\\Microsoft\\Edge\\Application\\msedge.exe","ParentProcessId":340,"ProcessId":50523,"User":"DefaultAccount","agent":{"hostname":"WIN-CJPZ3K21","type":"winlogbeat","version":"8.5.0"},"ecs":{"version":"8.5.0"},"event":{"action":"Process creation","category":["process"],"code":1,"kind":"event","provider":"Microsoft-Windows-Sysmon","type":["start"]},"host":{"name":"WIN-J8BVKHAJ","os":{"family":"windows","name":"Windows Server 2019","version":"10.0.17763"}},"process":{"args":["C:\\Windows\\System32\\cscript.exe","EVIJDJ8OSP"],"command_line":"C:\\Windows\\System32\\cscript.exe EVIJDJ8OSP","executable":"C:\\Windows\\System32\\cscript.exe","name":"cscript.exe","parent":{"executable":"C:\\Program Files (x86)\\Microsoft\\Edge\\Application\\msedge.exe","name":"msedge.exe","pid":637},"pid":47427},"user":{"domain":"DOMAIN","name":"DefaultAccount"},"winlog":{"channel":"Microsoft-Windows-Sysmon/Operational","computer_name":"WIN-Q1BWS1LL.domain.local","event_id":1,"provider_name":"Microsoft-Windows-Sysmon","record_id":1269917,"task":"Process creation (rule: ProcessCreate)"}}
{"@timestamp":"2023-08-03T18:14:17.411Z","CommandLine":"C:\\Windows\\System32\\services.exe GSN25DUBIL","EventID":1,"Image":"C:\\Windows\\System32\\services.exe","ParentImage":"C:\\Windows\\System32\\notepad.exe","ParentProcessId":431,"ProcessId":12961,"User":"john.doe","agent":{"hostname":"WIN-O8XZUE2P","type":"winlogbeat","version":"8.5.0"},"ecs":{"version":"8.5.0"},"event":{"action":"Process creation","category":["process"],"code":1,"kind":"event","provider":"Microsoft-Windows-Sysmon","type":["start"]},"host":{"name":"WIN-42TWC8NZ","os":{"family":"windows","name":"Windows Server 2019","version":"10.0.17763"}},"process":{"args":["C:\\Windows\\System32\\services.exe","GSN25DUBIL"],"command_line":"C:\\Windows\\System32\\services.exe GSN25DUBIL","executable":"C:\\Windows\\System32\\services.exe","name":"services.exe","parent":{"executable":"C:\\Windows\\System32\\notepad.exe","name":"notepad.exe","pid":488},"pid":29418},"user":{"domain":"DOMAIN","name":"john.doe"},"winlog":{"channel":"Microsoft-Windows-Sysmon/Operational","computer_name":"WIN-0D8OYIAX.domain.local","event_id":1,"provider_name":"Microsoft-Windows-Sysmon","record_id":1834116,"task":"Process creation (rule: ProcessCreate)"}}
{"@timestamp":"2023-11-17T06:44:33.168Z","CommandLine":"C:\\Windows\\System32\\notepad.exe document.txt","EventID":1,"Image":"C:\\Windows\\System32\\notepad.exe","ParentImage":"C:\\Windows\\System32\\explorer.exe","ParentProcessId":624,"ProcessId":10005,"User":"jane.smith","agent":{"hostname":"WIN-4XX4USRW","type":"winlogbeat","version":"8.5.0"},"ecs":{"version":"8.5.0"},"event":{"action":"Process creation","category":["process"],"code":1,"kind":"event","provider":"Microsoft-Windows-Sysmon","type":["start"]},"host":{"name":"WIN-JA7EEB1O","os":{"family":"windows","name":"Windows Server 2019","version":"10.0.17763"}},"process":{"args":["C:\\Windows\\System32\\notepad.exe","document.txt"],"command_line":"C:\\Windows\\System32\\notepad.exe document.txt","executable":"C:\\Windows\\System32\\notepad.exe","name":"notepad.exe","parent":{"executable":"C:\\Windows\\System32\\explorer.exe","name":"explorer.exe","pid":610},"pid":23957},"user":{"domain":"DOMAIN","name":"jane.smith"},"winlog":{"channel":"Microsoft-Windows-Sysmon/Operational","computer_name":"WIN-VPC06HNF.domain.local","event_id":1,"provider_name":"Microsoft-Windows-Sysmon","record_id":3148692,"task":"Process creation (rule: ProcessCreate)"}}
{"@timestamp":"2023-10-08T20:20:03.942Z","CommandLine":"C:\\Windows\\System32\\WindowsPowerShell\\v1.0\\powershell.exe E40AV9YBVP","EventID":1,"Image":"C:\\Windows\\System32\\WindowsPowerShell\\v1.0\\powershell.exe","ParentImage":"C:\\Windows\\System32\\explorer.exe","ParentProcessId":506,"ProcessId":11240,"User":"DefaultAccount","agent":{"hostname":"WIN-D2MMEMOC","type":"winlogbeat","version":"8.5.0"},"ecs":{"version":"8.5.0"},"event":{"action":"Process creation","category":["process"],"code":1,"kind":"event","provider":"Microsoft-Windows-Sysmon","type":["start"]},"host":{"name":"WIN-EBDSS2YL","os":{"family":"windows","name":"Windows Server 2019","version":"10.0.17763"}},"process":{"args":["C:\\Windows\\System32\\WindowsPowerShell\\v1.0\\powershell.exe","E40AV9YBVP"],"command_line":"C:\\Windows\\System32\\WindowsPowerShell\\v1.0\\powershell.exe E40AV9YBVP","executable":"C:\\Windows\\System32\\WindowsPowerShell\\v1.0\\powershell.exe","name":"powershell.exe","parent":{"executable":"C:\\Windows\\System32\\explorer.exe","name":"explorer.exe","pid":233},"pid":26115},"user":{"domain":"DOMAIN","name":"DefaultAccount"},"winlog":{"channel":"Microsoft-Windows-Sysmon/Operational","computer_name":"WIN-WUN9V7FY.domain.local","event_id":1,"provider_name":"Microsoft-Windows-Sysmon","record_id":8541340,"task":"Process creation (rule: ProcessCreate)"}}
{"@timestamp":"2023-07-19T20:21:07.403Z","DestinationIp":"1.1.1.1","DestinationPort":53,"EventID":3,"Image":"C:\\Windows\\System32\\cscript.exe","Protocol":"tcp","SourceIp":"192.168.1.100","SourcePort":65050,"agent":{"hostname":"WIN-EA3SKXCE","type":"winlogbeat","version":"8.5.0"},"destination":{"ip":"1.1.1.1","port":53},"ecs":{"version":"8.5.0"},"event":{"action":"Process creation","category":["process"],"code":3,"kind":"event","provider":"Microsoft-Windows-Sysmon","type":["start"]},"host":{"name":"WIN-2JTH2ZH7","os":{"family":"windows","name":"Windows Server 2019","version":"10.0.17763"}},"network":{"direction":"outbound","protocol":"tcp"},"source":{"ip":"192.168.1.100","port":65050},"winlog":{"channel":"Microsoft-Windows-Sysmon/Operational","computer_name":"WIN-IZJNHUVX.domain.local","event_id":3,"provider_name":"Microsoft-Windows-Sysmon","record_id":6678837,"task":"Process creation (rule: ProcessCreate)"}}
{"@timestamp":"2023-05-18T07:55:04.162Z","DestinationIp":"update-server.microsoft.com","DestinationPort":80,"EventID":3,"Image":"C:\\Windows\\System32\\cscript.exe","Protocol":"tcp","SourceIp":"192.168.1.100","SourcePort":58459,"agent":{"hostname":"WIN-UYAGPWOC","type":"winlogbeat","version":"8.5.0"},"destination":{"ip":"update-server.microsoft.com","port":80},"ecs":{"version":"8.5.0"},"event":{"action":"Process creation","category":["process"],"code":3,"kind":"event","provider":"Microsoft-Windows-Sysmon","type":["start"]},"host":{"name":"WIN-0QGEH9WO","os":{"family":"windows","name":"Windows Server 2019","version":"10.0.17763"}},"network":{"direction":"outbound","protocol":"tcp"},"source":{"ip":"192.168.1.100","port":58459},"winlog":{"channel":"Microsoft-Windows-Sysmon/Operational","computer_name":"WIN-XXIB7LAI.domain.local","event_id":3,"provider_name":"Microsoft-Windows-Sysmon","record_id":5482463,"task":"Process creation (rule: ProcessCreate)"}}
{"@timestamp":"2023-02-20T21:22:24.222Z","DestinationIp":"update-server.microsoft.com","DestinationPort":445,"EventID":3,"Image":"C:\\Windows\\System32\\cscript.exe","Protocol":"tcp","SourceIp":"192.168.1.100","SourcePort":59030,"agent":{"hostname":"WIN-GNTTE2ZB","type":"winlogbeat","version":"8.5.0"},"destination":{"ip":"update-server.microsoft.com","port":445},"ecs":{"version":"8.5.0"},"event":{"action":"Process creation","category":["process"],"code":3,"kind":"event","provider":"Microsoft-Windows-Sysmon","type":["start"]},"host":{"name":"WIN-DUMFWNDT","os":{"family":"windows","name":"Windows Server 2019","version":"10.0.17763"}},"network":{"direction":"outbound","protocol":"tcp"},"source":{"ip":"192.168.1.100","port":59030},"winlog":{"channel":"Microsoft-Windows-Sysmon/Operational","computer_name":"WIN-5N1WHHCY.domain.local","event_id":3,"provider_name":"Microsoft-Windows-Sysmon","record_id":3816869,"task":"Process creation (rule: ProcessCreate)"}}
{"@timestamp":"2023-03-05T14:34:38.547Z","CommandLine":"C:\\Windows\\System32\\winlogon.exe 9UMTS865L5","EventID":1,"Image":"C:\\Windows\\System32\\winlogon.exe","ParentImage":"C:\\Windows\\System32\\WindowsPowerShell\\v1.0\\powershell.exe","ParentProcessId":850,"ProcessId":46787,"User":"user","agent":{"hostname":"WIN-LOVFR93O","type":"winlogbeat","version":"8.5.0"},"ecs":{"version":"8.5.0"},"event":{"action":"Process creation","category":["process"],"code":1,"kind":"event","provider":"Microsoft-Windows-Sysmon","type":["start"]},"host":{"name":"WIN-SRIYXNMA","os":{"family":"windows","name":"Windows Server 2019","version":"10.0.17763"}},"process":{"args":["C:\\Windows\\System32\\winlogon.exe","9UMTS865L5"],"command_line":"C:\\Windows\\System32\\winlogon.exe 9UMTS865L5","executable":"C:\\Windows\\System32\\winlogon.exe","name":"winlogon.exe","parent":{"executable":"C:\\Windows\\System32\\WindowsPowerShell\\v1.0\\powershell.exe","name":"powershell.exe","pid":934},"pid":19133},"user":{"domain":"DOMAIN","name":"user"},"winlog":{"channel":"Microsoft-Windows-Sysmon/Operational","computer_name":"WIN-GWXJS9PB.domain.local","event_id":1,"provider_name":"Microsoft-Windows-Sysmon","record_id":2570802,"task":"Process creation (rule: ProcessCreate)"}}
{"@timestamp":"2023-11-23T00:25:39.905Z","CommandLine":"C:\\Windows\\System32\\WindowsPowerShell\\v1.0\\powershell.exe U1RZQXQID2","EventID":1,"Image":"C:\\Windows\\System32\\WindowsPowerShell\\v1.0\\powershell.exe","ParentImage":"C:\\Windows\\System32\\wscript.exe","ParentProcessId":674,"ProcessId":11402,"User":"NT AUTHORITY\\SYSTEM","agent":{"hostname":"WIN-CRSYEHI8","type":"winlogbeat","version":"8.5.0"},"ecs":{"version":"8.5.0"},"event":{"action":"Process creation","category":["process"],"code":1,"kind":"event","provider":"Microsoft-Windows-Sysmon","type":["start"]},"host":{"name":"WIN-JU7JU8IN","os":{"family":"windows","name":"Windows Server 2019","version":"10.0.17763"}},"process":{"args":["C:\\Windows\\System32\\WindowsPowerShell\\v1.0\\powershell.exe","U1RZQXQID2"],"command_line":"C:\\Windows\\System32\\WindowsPowerShell\\v1.0\\powershell.exe U1RZQXQID2","executable":"C:\\Windows\\System32\\WindowsPowerShell\\v1.0\\powershell.exe","name":"powershell.exe","parent":{"executable":"C:\\Windows\\System32\\wscript.exe","name":"wscript.exe","pid":973},"pid":6599},"user":{"domain":"NT AUTHORITY","name":"NT AUTHORITY\\SYSTEM"},"winlog":{"channel":"Microsoft-Windows-Sysmon/Operational","computer_name":"WIN-175Y68LT.domain.local","event_id":1,"provider_name":"Microsoft-Windows-Sysmon","record_id":9397941,"task":"Process creation (rule: ProcessCreate)"}}
{"@timestamp":"2023-04-21T14:30:18.664Z","CommandLine":"C:\\Program Files\\Google\\Chrome\\Application\\chrome.exe --new-tab https://example.com","EventID":1,"Image":"C:\\Program Files\\Google\\Chrome\\Application\\chrome.exe","ParentImage":"C:\\Windows\\System32\\spoolsv.exe","ParentProcessId":633,"ProcessId":57636,"User":"NT AUTHORITY\\NETWORK SERVICE","agent":{"hostname":"WIN-B1O9AB6J","type":"winlogbeat","version":"8.5.0"},"ecs":{"version":"8.5.0"},"event":{"action":"Process creation","category":["process"],"code":1,"kind":"event","provider":"Microsoft-Windows-Sysmon","type":["start"]},"host":{"name":"WIN-EDB32FGA","os":{"family":"windows","name":"Windows Server 2019","version":"10.0.17763"}},"process":{"args":["C:\\Program","Files\\Google\\Chrome\\Application\\chrome.exe","--new-tab","https://example.com"],"command_line":"C:\\Program Files\\Google\\Chrome\\Application\\chrome.exe --new-tab https://example.com","executable":"C:\\Program Files\\Google\\Chrome\\Application\\chrome.exe","name":"chrome.exe","parent":{"executable":"C:\\Windows\\System32\\spoolsv.exe","name":"spoolsv.exe","pid":287},"pid":56344},"user":{"domain":"NT AUTHORITY","name":"NT AUTHORITY\\NETWORK SERVICE"},"winlog":{"channel":"Microsoft-Windows-Sysmon/Operational","computer_name":"WIN-ZRORFW3J.domain.local","event_id":1,"provider_name":"Microsoft-Windows-Sysmon","record_id":2292895,"task":"Process creation (rule: ProcessCreate)"}}
{"@timestamp":"2023-10-02T17:03:18.220Z","DestinationIp":"8.8.8.8","DestinationPort":8443,"EventID":3,"Image":"C:\\Windows\\System32\\spoolsv.exe","Protocol":"tcp","SourceIp":"192.168.1.100","SourcePort":61481,"agent":{"hostname":"WIN-HPRLLRH4","type":"winlogbeat","version":"8.5.0"},"destination":{"ip":"8.8.8.8","port":8443},"ecs":{"version":"8.5.0"},"event":{"action":"Process creation","category":["process"],"code":3,"kind":"event","provider":"Microsoft-Windows-Sysmon","type":["start"]},"host":{"name":"WIN-8G06ZL7A","os":{"family":"windows","name":"Windows Server 2019","version":"10.0.17763"}},"network":{"direction":"outbound","protocol":"tcp"},"source":{"ip":"192.168.1.100","port":61481},"winlog":{"channel":"Microsoft-Windows-Sysmon/Operational","computer_name":"WIN-H5YBZDUP.domain.local","event_id":3,"provider_name":"Microsoft-Windows-Sysmon","record_id":9798307,"task":"Process creation (rule: ProcessCreate)"}}
{"@timestamp":"2023-10-04T19:07:59.175Z","CommandLine":"C:\\Program Files\\Google\\Chrome\\Application\\chrome.exe --new-tab https://example.com","EventID":1,"Image":"C:\\Program Files\\Google\\Chrome\\Application\\chrome.exe","ParentImage":"C:\\Windows\\System32\\calc.exe","ParentProcessId":497,"ProcessId":45928,"User":"user","agent":{"hostname":"WIN-6CE41OTQ","type":"winlogbeat","version":"8.5.0"},"ecs":{"version":"8.5.0"},"event":{"action":"Process creation","category":["process"],"code":1,"kind":"event","provider":"Microsoft-Windows-Sysmon","type":["start"]},"host":{"name":"WIN-RYQTENDC","os":{"family":"windows","name":"Windows Server 2019","version":"10.0.17763"}},"process":{"args":["C:\\Program","Files\\Google\\Chrome\\Application\\chrome.exe","--new-tab","https://example.com"],"command_line":"C:\\Program Files\\Google\\Chrome\\Application\\chrome.exe --new-tab https://example.com","executable":"C:\\Program Files\\Google\\Chrome\\Application\\chrome.exe","name":"chrome.exe","parent":{"executable":"C:\\Windows\\System32\\calc.exe","name":"calc.exe","pid":101},"pid":27452},"user":{"domain":"DOMAIN","name":"user"},"winlog":{"channel":"Microsoft-Windows-Sysmon/Operational","computer_name":"WIN-776SC93O.domain.local","event_id":1,"provider_name":"Microsoft-Windows-Sysmon","record_id":3876577,"task":"Process creation (rule: ProcessCreate)"}}
{"@timestamp":"2023-02-17T15:31:52.974Z","Details":"C:\\temp\\OOH3AKVG.exe","EventID":13,"Image":"C:\\Windows\\System32\\wininit.exe","TargetObject":"HKLM\\SOFTWARE\\Classes\\exefile\\shell\\open\\command\\JXCMRQHP0H","agent":{"hostname":"WIN-COLWPGHX","type":"winlogbeat","version":"8.5.0"},"ecs":{"version":"8.5.0"},"event":{"action":"Process creation","category":["process"],"code":13,"kind":"event","provider":"Microsoft-Windows-Sysmon","type":["start"]},"host":{"name":"WIN-G4T6GY3B","os":{"family":"windows","name":"Windows Server 2019","version":"10.0.17763"}},"registry":{"data":{"strings":["C:\\temp\\K96JUDHA.exe"]},"key":"HKLM\\SOFTWARE\\Classes\\exefile\\shell\\open\\command","value":"W73R2M369G"},"winlog":{"channel":"Microsoft-Windows-Sysmon/Operational","computer_name":"WIN-Q5O4T1GG.domain.local","event_id":13,"provider_name":"Microsoft-Windows-Sysmon","record_id":4750688,"task":"Process creation (rule: ProcessCreate)"}}
{"@timestamp":"2023-03-28T23:52:01.849Z","Details":"C:\\temp\\DQZFEM47.exe","EventID":13,"Image":"C:\\Program Files (x86)\\Microsoft\\Edge\\Application\\msedge.exe","TargetObject":"HKLM\\SOFTWARE\\Microsoft\\Windows\\CurrentVersion\\Run\\91XQ115D2Q","agent":{"hostname":"WIN-F8PDQNGO","type":"winlogbeat","version":"8.5.0"},"ecs":{"version":"8.5.0"},"event":{"action":"Process creation","category":["process"],"code":13,"kind":"event","provider":"Microsoft-Windows-Sysmon","type":["start"]},"host":{"name":"WIN-EYEJ0RET","os":{"family":"windows","name":"Windows Server 2019","version":"10.0.17763"}},"registry":{"data":{"strings":["C:\\temp\\0ZVCWOEC.exe"]},"key":"HKLM\\SOFTWARE\\Microsoft\\Windows\\CurrentVersion\\Run","value":"N0FW093RQ9"},"winlog":{"channel":"Microsoft-Windows-Sysmon/Operational","computer_name":"WIN-FQL6SE5L.domain.local","event_id":13,"provider_name":"Microsoft-Windows-Sysmon","record_id":6873264,"task":"Process creation (rule: ProcessCreate)"}}
{"@timestamp":"2023-07-22T05:43:33.835Z","CommandLine":"C:\\Program Files (x86)\\Microsoft\\Edge\\Application\\msedge.exe ARY1823KUC","EventID":1,"Image":"C:\\Program Files (x86)\\Microsoft\\Edge\\Application\\msedge.exe","ParentImage":"C:\\Windows\\System32\\taskmgr.exe","ParentProcessId":838,"ProcessId":39673,"User":"Guest","agent":{"hostname":"WIN-YG2A6AFY","type":"winlogbeat","version":"8.5.0"},"ecs":{"version":"8.5.0"},"event":{"action":"Process creation","category":["process"],"code":1,"kind":"event","provider":"Microsoft-Windows-Sysmon","type":["start"]},"host":{"name":"WIN-PXKI14GF","os":{"family":"windows","name":"Windows Server 2019","version":"10.0.17763"}},"process":{"args":["C:\\Program","Files","(x86)\\Microsoft\\Edge\\Application\\msedge.exe","ARY1823KUC"],"command_line":"C:\\Program Files (x86)\\Microsoft\\Edge\\Application\\msedge.exe ARY1823KUC","executable":"C:\\Program Files (x86)\\Microsoft\\Edge\\Application\\msedge.exe","name":"msedge.exe","parent":{"executable":"C:\\Windows\\System32\\taskmgr.exe","name":"taskmgr.exe","pid":371},"pid":19094},"user":{"domain":"DOMAIN","name":"Guest"},"winlog":{"channel":"Microsoft-Windows-Sysmon/Operational","computer_name":"WIN-QN9IK8FB.domain.local","event_id":1,"provider_name":"Microsoft-Windows-Sysmon","record_id":6975076,"task":"Process creation (rule: ProcessCreate)"}}
{"@timestamp":"2023-09-21T07:34:39.623Z","CommandLine":"C:\\Windows\\System32\\regsvr32.exe DBJCL92M7Y","EventID":1,"Image":"C:\\Windows\\System32\\regsvr32.exe","ParentImage":"C:\\Windows\\System32\\wscript.exe","ParentProcessId":155,"ProcessId":58108,"User":"john.doe","agent":{"hostname":"WIN-MM7MA96K","type":"winlogbeat","version":"8.5.0"},"ecs":{"version":"8.5.0"},"event":{"action":"Process creation","category":["process"],"code":1,"kind":"event","provider":"Microsoft-Windows-Sysmon","type":["start"]},"host":{"name":"WIN-3P69C1M2","os":{"family":"windows","name":"Windows Server 2019","version":"10.0.17763"}},"process":{"args":["C:\\Windows\\System32\\regsvr32.exe","DBJCL92M7Y"],"command_line":"C:\\Windows\\System32\\regsvr32.exe DBJCL92M7Y","executable":"C:\\Windows\\System32\\regsvr32.exe","name":"regsvr32.exe","parent":{"executable":"C:\\Windows\\System32\\wscript.exe","name":"wscript.exe","pid":343},"pid":56330},"user":{"domain":"DOMAIN","name":"john.doe"},"winlog":{"channel":"Microsoft-Windows-Sysmon/Operational","computer_name":"WIN-21FO2UTD.domain.local","event_id":1,"provider_name":"Microsoft-Windows-Sysmon","record_id":4424042,"task":"Process creation (rule: ProcessCreate)"}}
{"@timestamp":"2023-09-05T18:29:03.579Z","CommandLine":"C:\\Windows\\System32\\spoolsv.exe 3315LK4NYV","EventID":1,"Image":"C:\\Windows\\System32\\spoolsv.exe","ParentImage":"C:\\Windows\\System32\\svchost.exe","ParentProcessId":259,"ProcessId":20965,"User":"jane.smith","agent":{"hostname":"WIN-1A66CT6H","type":"winlogbeat","version":"8.5.0"},"ecs":{"version":"8.5.0"},"event":{"action":"Process creation","category":["process"],"code":1,"kind":"event","provider":"Microsoft-Windows-Sysmon","type":["start"]},"host":{"name":"WIN-GEMBL795","os":{"family":"windows","name":"Windows Server 2019","version":"10.0.17763"}},"process":{"args":["C:\\Windows\\System32\\spoolsv.exe","3315LK4NYV"],"command_line":"C:\\Windows\\System32\\spoolsv.exe 3315LK4NYV","executable":"C:\\Windows\\System32\\spoolsv.exe","name":"spoolsv.exe","parent":{"executable":"C:\\Windows\\System32\\svchost.exe","name":"svchost.exe","pid":600},"pid":12119},"user":{"domain":"DOMAIN","name":"jane.smith"},"winlog":{"channel":"Microsoft-Windows-Sysmon/Operational","computer_name":"WIN-L66J3BTU.domain.local","event_id":1,"provider_name":"Microsoft-Windows-Sysmon","record_id":1805059,"task":"Process creation (rule: ProcessCreate)"}}
{"@timestamp":"2023-05-25T13:11:50.911Z","CommandLine":"C:\\Windows\\System32\\regsvr32.exe FSFA9JU22K","EventID":1,"Image":"C:\\Windows\\System32\\regsvr32.exe","ParentImage":"C:\\Windows\\System32\\svchost.exe","ParentProcessId":409,"ProcessId":9930,"User":"NT AUTHORITY\\LOCAL SERVICE","agent":{"hostname":"WIN-T097AOIR","type":"winlogbeat","version":"8.5.0"},"ecs":{"version":"8.5.0"},"event":{"action":"Process creation","category":["process"],"code":1,"kind":"event","provider":"Microsoft-Windows-Sysmon","type":["start"]},"host":{"name":"WIN-AD558PA1","os":{"family":"windows","name":"Windows Server 2019","version":"10.0.17763"}},"process":{"args":["C:\\Windows\\System32\\regsvr32.exe","FSFA9JU22K"],"command_line":"C:\\Windows\\System32\\regsvr32.exe FSFA9JU22K","executable":"C:\\Windows\\System32\\regsvr32.exe","name":"regsvr32.exe","parent":{"executable":"C:\\Windows\\System32\\svchost.exe","name":"svchost.exe","pid":563},"pid":40481},"user":{"domain":"NT AUTHORITY","name":"NT AUTHORITY\\LOCAL SERVICE"},"winlog":{"channel":"Microsoft-Windows-Sysmon/Operational","computer_name":"WIN-1ZMEQR5W.domain.local","event_id":1,"provider_name":"Microsoft-Windows-Sysmon","record_id":5935059,"task":"Process creation (rule: ProcessCreate)"}}
{"@timestamp":"2023-02-01T12:33:16.290Z","Details":"C:\\temp\\AN90P8XB.exe","EventID":13,"Image":"C:\\Windows\\System32\\svchost.exe","TargetObject":"HKCU\\SOFTWARE\\Microsoft\\Windows\\CurrentVersion\\Run\\TXHWNLBB1V","agent":{"hostname":"WIN-K6CSCNYK","type":"winlogbeat","version":"8.5.0"},"ecs":{"version":"8.5.0"},"event":{"action":"Process creation","category":["process"],"code":13,"kind":"event","provider":"Microsoft-Windows-Sysmon","type":["start"]},"host":{"name":"WIN-KUEYAC4D","os":{"family":"windows","name":"Windows Server 2019","version":"10.0.17763"}},"registry":{"data":{"strings":["C:\\temp\\WMGZRX6I.exe"]},"key":"HKCU\\SOFTWARE\\Microsoft\\Windows\\CurrentVersion\\Run","value":"M24DK4K9UY"},"winlog":{"channel":"Microsoft-Windows-Sysmon/Operational","computer_name":"WIN-00I731Z3.domain.local","event_id":13,"provider_name":"Microsoft-Windows-Sysmon","record_id":8855480,"task":"Process creation (rule: ProcessCreate)"}}
{"@timestamp":"2023-07-27T22:20:42.204Z","Details":"C:\\temp\\894CLCKQ.exe","EventID":13,"Image":"C:\\Windows\\System32\\svchost.exe","TargetObject":"HKLM\\SOFTWARE\\Classes\\exefile\\shell\\open\\command\\GYYV01KI1P","agent":{"hostname":"WIN-D1LSMUEY","type":"winlogbeat","version":"8.5.0"},"ecs":{"version":"8.5.0"},"event":{"action":"Process creation","category":["process"],"code":13,"kind":"event","provider":"Microsoft-Windows-Sysmon","type":["start"]},"host":{"name":"WIN-JXODM1NI","os":{"family":"windows","name":"Windows Server 2019","version":"10.0.17763"}},"registry":{"data":{"strings":["C:\\temp\\UN9NPYBD.exe"]},"key":"HKLM\\SOFTWARE\\Classes\\exefile\\shell\\open\\command","value":"UJJHYXKOHD"},"winlog":{"channel":"Microsoft-Windows-Sysmon/Operational","computer_name":"WIN-9XO8A3JB.domain.local","event_id":13,"provider_name":"Microsoft-Windows-Sysmon","record_id":6340871,"task":"Process creation (rule: ProcessCreate)"}}
{"@timestamp":"2023-04-19T21:15:25.480Z","CommandLine":"C:\\Windows\\System32\\mshta.exe PAF6OGA0EZ","EventID":1,"Image":"C:\\Windows\\System32\\mshta.exe","ParentImage":"C:\\Windows\\System32\\wininit.exe","ParentProcessId":723,"ProcessId":41937,"User":"NT AUTHORITY\\LOCAL SERVICE","agent":{"hostname":"WIN-VSQ3IO4Q","type":"winlogbeat","version":"8.5.0"},"ecs":{"version":"8.5.0"},"event":{"action":"Process creation","category":["process"],"code":1,"kind":"event","provider":"Microsoft-Windows-Sysmon","type":["start"]},"host":{"name":"WIN-U88KXIW4","os":{"family":"windows","name":"Windows Server 2019","version":"10.0.17763"}},"process":{"args":["C:\\Windows\\System32\\mshta.exe","PAF6OGA0EZ"],"command_line":"C:\\Windows\\System32\\mshta.exe PAF6OGA0EZ","executable":"C:\\Windows\\System32\\mshta.exe","name":"mshta.exe","parent":{"executable":"C:\\Windows\\System32\\wininit.exe","name":"wininit.exe","pid":226},"pid":41053},"user":{"domain":"NT AUTHORITY","name":"NT AUTHORITY\\LOCAL SERVICE"},"winlog":{"channel":"Microsoft-Windows-Sysmon/Operational","computer_name":"WIN-YFFZOW1S.domain.local","event_id":1,"provider_name":"Microsoft-Windows-Sysmon","record_id":7670125,"task":"Process creation (rule: ProcessCreate)"}}
{"@timestamp":"2023-05-06T19:09:49.259Z","Details":"C:\\temp\\OFT78ZK4.exe","EventID":13,"Image":"C:\\Windows\\System32\\WindowsPowerShell\\v1.0\\powershell.exe","TargetObject":"HKLM\\SYSTEM\\CurrentControlSet\\Services\\42VRSLD2LN","agent":{"hostname":"WIN-OXSI5979","type":"winlogbeat","version":"8.5.0"},"ecs":{"version":"8.5.0"},"event":{"action":"Process creation","category":["process"],"code":13,"kind":"event","provider":"Microsoft-Windows-Sysmon","type":["start"]},"host":{"name":"WIN-ISJQN8RI","os":{"family":"windows","name":"Windows Server 2019","version":"10.0.17763"}},"registry":{"data":{"strings":["C:\\temp\\QUKH2DU5.exe"]},"key":"HKLM\\SYSTEM\\CurrentControlSet\\Services","value":"0D52MJ0DB8"},"winlog":{"channel":"Microsoft-Windows-Sysmon/Operational","computer_name":"WIN-9PVVY0O6.domain.local","event_id":13,"provider_name":"Microsoft-Windows-Sysmon","record_id":7838488,"task":"Process creation (rule: ProcessCreate)"}}
{"@timestamp":"2023-07-18T23:32:48.343Z","CommandLine":"C:\\Windows\\System32\\lsass.exe 9D50CXGO6W","EventID":1,"Image":"C:\\Windows\\System32\\lsass.exe","ParentImage":"C:\\Program Files\\Google\\Chrome\\Application\\chrome.exe","ParentProcessId":129,"ProcessId":55917,"User":"NT AUTHORITY\\SYSTEM","agent":{"hostname":"WIN-60M8V7OH","type":"winlogbeat","version":"8.5.0"},"ecs":{"version":"8.5.0"},"event":{"action":"Process creation","category":["process"],"code":1,"kind":"event","provider":"Microsoft-Windows-Sysmon","type":["start"]},"host":{"name":"WIN-D0ES4VKG","os":{"family":"windows","name":"Windows Server 2019","version":"10.0.17763"}},"process":{"args":["C:\\Windows\\System32\\lsass.exe","9D50CXGO6W"],"command_line":"C:\\Windows\\System32\\lsass.exe 9D50CXGO6W","executable":"C:\\Windows\\System32\\lsass.exe","name":"lsass.exe","parent":{"executable":"C:\\Program Files\\Google\\Chrome\\Application\\chrome.exe","name":"chrome.exe","pid":629},"pid":47169},"user":{"domain":"NT AUTHORITY","name":"NT AUTHORITY\\SYSTEM"},"winlog":{"channel":"Microsoft-Windows-Sysmon/Operational","computer_name":"WIN-D10VA7TU.domain.local","event_id":1,"provider_name":"Microsoft-Windows-Sysmon","record_id":7952684,"task":"Process creation (rule: ProcessCreate)"}}
{"@timestamp":"2023-10-08T03:32:16.736Z","EventID":17,"Image":"C:\\Windows\\System32\\cmd.exe","PipeName":"\\pipe\\lsarpc","agent":{"hostname":"WIN-AAGHX43O","type":"winlogbeat","version":"8.5.0"},"ecs":{"version":"8.5.0"},"event":{"action":"Process creation","category":["process"],"code":17,"kind":"event","provider":"Microsoft-Windows-Sysmon","type":["start"]},"host":{"name":"WIN-WLX90M0M","os":{"family":"windows","name":"Windows Server 2019","version":"10.0.17763"}},"winlog":{"channel":"Microsoft-Windows-Sysmon/Operational","computer_name":"WIN-TUTIOF3F.domain.local","event_id":17,"provider_name":"Microsoft-Windows-Sysmon","record_id":3794784,"task":"Process creation (rule: ProcessCreate)"}}
{"@timestamp":"2023-09-20T06:27:06.865Z","CommandLine":"C:\\Windows\\System32\\lsass.exe YBDK2LTJBS","EventID":1,"Image":"C:\\Windows\\System32\\lsass.exe","ParentImage":"C:\\Windows\\System32\\calc.exe","ParentProcessId":402,"ProcessId":25745,"User":"john.doe","agent":{"hostname":"WIN-11Q22NSJ","type":"winlogbeat","version":"8.5.0"},"ecs":{"version":"8.5.0"},"event":{"action":"Process creation","category":["process"],"code":1,"kind":"event","provider":"Microsoft-Windows-Sysmon","type":["start"]},"host":{"name":"WIN-G8FI6G6R","os":{"family":"windows","name":"Windows Server 2019","version":"10.0.17763"}},"process":{"args":["C:\\Windows\\System32\\lsass.exe","YBDK2LTJBS"],"command_line":"C:\\Windows\\System32\\lsass.exe YBDK2LTJBS","executable":"C:\\Windows\\System32\\lsass.exe","name":"lsass.exe","parent":{"executable":"C:\\Windows\\System32\\calc.exe","name":"calc.exe","pid":842},"pid":43390},"user":{"domain":"DOMAIN","name":"john.doe"},"winlog":{"channel":"Microsoft-Windows-Sysmon/Operational","computer_name":"WIN-X3Y3VT2P.domain.local","event_id":1,"provider_name":"Microsoft-Windows-Sysmon","record_id":8147669,"task":"Process creation (rule: ProcessCreate)"}}
{"@timestamp":"2023-12-08T01:10:09.602Z","CommandLine":"C:\\Program Files\\Mozilla Firefox\\firefox.exe RE3P7318W1","EventID":1,"Image":"C:\\Program Files\\Mozilla Firefox\\firefox.exe","ParentImage":"C:\\Windows\\System32\\wscript.exe","ParentProcessId":113,"ProcessId":10374,"User":"SYSTEM","agent":{"hostname":"WIN-PWYKESFO","type":"winlogbeat","version":"8.5.0"},"ecs":{"version":"8.5.0"},"event":{"action":"Process creation","category":["process"],"code":1,"kind":"event","provider":"Microsoft-Windows-Sysmon","type":["start"]},"host":{"name":"WIN-TQCRCJ3B","os":{"family":"windows","name":"Windows Server 2019","version":"10.0.17763"}},"process":{"args":["C:\\Program","Files\\Mozilla","Firefox\\firefox.exe","RE3P7318W1"],"command_line":"C:\\Program Files\\Mozilla Firefox\\firefox.exe RE3P7318W1","executable":"C:\\Program Files\\Mozilla Firefox\\firefox.exe","name":"firefox.exe","parent":{"executable":"C:\\Windows\\System32\\wscript.exe","name":"wscript.exe","pid":506},"pid":25475},"user":{"domain":"DOMAIN","name":"SYSTEM"},"winlog":{"channel":"Microsoft-Windows-Sysmon/Operational","computer_name":"WIN-MFRGUBKG.domain.local","event_id":1,"provider_name":"Microsoft-Windows-Sysmon","record_id":2740316,"task":"Process creation (rule: ProcessCreate)"}}
{"@timestamp":"2023-05-03T20:17:06.761Z","DestinationIp":"malicious-domain.com","DestinationPort":8080,"EventID":3,"Image":"C:\\Windows\\System32\\calc.exe","Protocol":"tcp","SourceIp":"192.168.1.100","SourcePort":53296,"agent":{"hostname":"WIN-3PPTDKO0","type":"winlogbeat","version":"8.5.0"},"destination":{"ip":"malicious-domain.com","port":8080},"ecs":{"version":"8.5.0"},"event":{"action":"Process creation","category":["process"],"code":3,"kind":"event","provider":"Microsoft-Windows-Sysmon","type":["start"]},"host":{"name":"WIN-C6JFW8PV","os":{"family":"windows","name":"Windows Server 2019","version":"10.0.17763"}},"network":{"direction":"outbound","protocol":"tcp"},"source":{"ip":"192.168.1.100","port":53296},"winlog":{"channel":"Microsoft-Windows-Sysmon/Operational","computer_name":"WIN-OFNCDFIR.domain.local","event_id":3,"provider_name":"Microsoft-Windows-Sysmon","record_id":1658659,"task":"Process creation (rule: ProcessCreate)"}}
{"@timestamp":"2023-11-08T19:01:51.273Z","Details":"C:\\temp\\5J0P26EF.exe","EventID":13,"Image":"C:\\Windows\\System32\\rundll32.exe","TargetObject":"HKLM\\SOFTWARE\\Classes\\exefile\\shell\\open\\command\\41YOUQZN15","agent":{"hostname":"WIN-M6PVV7BL","type":"winlogbeat","version":"8.5.0"},"ecs":{"version":"8.5.0"},"event":{"action":"Process creation","category":["process"],"code":13,"kind":"event","provider":"Microsoft-Windows-Sysmon","type":["start"]},"host":{"name":"WIN-HWZKG9JP","os":{"family":"windows","name":"Windows Server 2019","version":"10.0.17763"}},"registry":{"data":{"strings":["C:\\temp\\797O453G.exe"]},"key":"HKLM\\SOFTWARE\\Classes\\exefile\\shell\\open\\command","value":"MMYHO3LZ22"},"winlog":{"channel":"Microsoft-Windows-Sysmon/Operational","computer_name":"WIN-HL6041N1.domain.local","event_id":13,"provider_name":"Microsoft-Windows-Sysmon","record_id":9644023,"task":"Process creation (rule: ProcessCreate)"}}
{"@timestamp":"2023-04-13T18:54:16.131Z","CommandLine":"C:\\Windows\\System32\\lsass.exe 2JFCQHCN8V","EventID":1,"Image":"C:\\Windows\\System32\\lsass.exe","ParentImage":"C:\\Windows\\System32\\wscript.exe","ParentProcessId":635,"ProcessId":34421,"User":"user","agent":{"hostname":"WIN-83B9TJX7","type":"winlogbeat","version":"8.5.0"},"ecs":{"version":"8.5.0"},"event":{"action":"Process creation","category":["process"],"code":1,"kind":"event","provider":"Microsoft-Windows-Sysmon","type":["start"]},"host":{"name":"WIN-H9TM3Q2J","os":{"family":"windows","name":"Windows Server 2019","version":"10.0.17763"}},"process":{"args":["C:\\Windows\\System32\\lsass.exe","2JFCQHCN8V"],"command_line":"C:\\Windows\\System32\\lsass.exe 2JFCQHCN8V","executable":"C:\\Windows\\System32\\lsass.exe","name":"lsass.exe","parent":{"executable":"C:\\Windows\\System32\\wscript.exe","name":"wscript.exe","pid":216},"pid":34584},"user":{"domain":"DOMAIN","name":"user"},"winlog":{"channel":"Microsoft-Windows-Sysmon/Operational","computer_name":"WIN-KDEE7JMQ.domain.local","event_id":1,"provider_name":"Microsoft-Windows-Sysmon","record_id":5743746,"task":"Process creation (rule: ProcessCreate)"}}
{"@timestamp":"2023-07-12T01:48:54.811Z","Details":"C:\\temp\\4POF3YXP.exe","EventID":13,"Image":"C:\\Windows\\System32\\notepad.exe","TargetObject":"HKLM\\SOFTWARE\\Classes\\exefile\\shell\\open\\command\\HRK2BG4ZB2","agent":{"hostname":"WIN-31L893VA","type":"winlogbeat","version":"8.5.0"},"ecs":{"version":"8.5.0"},"event":{"action":"Process creation","category":["process"],"code":13,"kind":"event","provider":"Microsoft-Windows-Sysmon","type":["start"]},"host":{"name":"WIN-BW867SSW","os":{"family":"windows","name":"Windows Server 2019","version":"10.0.17763"}},"registry":{"data":{"strings":["C:\\temp\\K5MHYGH1.exe"]},"key":"HKLM\\SOFTWARE\\Classes\\exefile\\shell\\open\\command","value":"VI5YNLB3HO"},"winlog":{"channel":"Microsoft-Windows-Sysmon/Operational","computer_name":"WIN-ECXMJ76I.domain.local","event_id":13,"provider_name":"Microsoft-Windows-Sysmon","record_id":5806772,"task":"Process creation (rule: ProcessCreate)"}}
{"@timestamp":"2023-01-01T14:21:03.285Z","CommandLine":"C:\\Windows\\System32\\explorer.exe","EventID":1,"Image":"C:\\Windows\\System32\\explorer.exe","ParentImage":"C:\\Windows\\System32\\calc.exe","ParentProcessId":983,"ProcessId":30293,"User":"DefaultAccount","agent":{"hostname":"WIN-ZF0BCEOZ","type":"winlogbeat","version":"8.5.0"},"ecs":{"version":"8.5.0"},"event":{"action":"Process creation","category":["process"],"code":1,"kind":"event","provider":"Microsoft-Windows-Sysmon","type":["start"]},"host":{"name":"WIN-TNBIP2KV","os":{"family":"windows","name":"Windows Server 2019","version":"10.0.17763"}},"process":{"args":["C:\\Windows\\System32\\explorer.exe"],"command_line":"C:\\Windows\\System32\\explorer.exe","executable":"C:\\Windows\\System32\\explorer.exe","name":"explorer.exe","parent":{"executable":"C:\\Windows\\System32\\calc.exe","name":"calc.exe","pid":437},"pid":15218},"user":{"domain":"DOMAIN","name":"DefaultAccount"},"winlog":{"channel":"Microsoft-Windows-Sysmon/Operational","computer_name":"WIN-PXPWQJGZ.domain.local","event_id":1,"provider_name":"Microsoft-Windows-Sysmon","record_id":4370569,"task":"Process creation (rule: ProcessCreate)"}}
