{"@timestamp":"2023-10-25T11:14:09.839Z","EventID":17,"Image":"C:\\Windows\\System32\\mshta.exe","PipeName":"\\pipe\\spoolss","agent":{"hostname":"WIN-PM6FEHFX","type":"winlogbeat","version":"8.5.0"},"ecs":{"version":"8.5.0"},"event":{"action":"Process creation","category":["process"],"code":17,"kind":"event","provider":"Microsoft-Windows-Sysmon","type":["start"]},"host":{"name":"WIN-SM7CB6M2","os":{"family":"windows","name":"Windows Server 2019","version":"10.0.17763"}},"winlog":{"channel":"Microsoft-Windows-Sysmon/Operational","computer_name":"WIN-7D5BHIRR.domain.local","event_id":17,"provider_name":"Microsoft-Windows-Sysmon","record_id":9256674,"task":"Process creation (rule: ProcessCreate)"}}
{"@timestamp":"2023-07-04T22:01:50.898Z","CommandLine":"C:\\Windows\\System32\\cscript.exe F8AMMOJGMT","EventID":1,"Image":"C:\\Windows\\System32\\cscript.exe","ParentImage":"C:\\Windows\\System32\\lsass.exe","ParentProcessId":445,"ProcessId":44568,"User":"SYSTEM","agent":{"hostname":"WIN-BKX9SFJM","type":"winlogbeat","version":"8.5.0"},"ecs":{"version":"8.5.0"},"event":{"action":"Process creation","category":["process"],"code":1,"kind":"event","provider":"Microsoft-Windows-Sysmon","type":["start"]},"host":{"name":"WIN-P6KYU84W","os":{"family":"windows","name":"Windows Server 2019","version":"10.0.17763"}},"process":{"args":["C:\\Windows\\System32\\cscript.exe","F8AMMOJGMT"],"command_line":"C:\\Windows\\System32\\cscript.exe F8AMMOJGMT","executable":"C:\\Windows\\System32\\cscript.exe","name":"cscript.exe","parent":{"executable":"C:\\Windows\\System32\\lsass.exe","name":"lsass.exe","pid":803},"pid":60625},"user":{"domain":"DOMAIN","name":"SYSTEM"},"winlog":{"channel":"Microsoft-Windows-Sysmon/Operational","computer_name":"WIN-I5DSIH57.domain.local","event_id":1,"provider_name":"Microsoft-Windows-Sysmon","record_id":9395579,"task":"Process creation (rule: ProcessCreate)"}}
{"@timestamp":"2023-12-22T16:56:32.367Z","Details":"C:\\temp\\QRN04MGZ.exe","EventID":13,"Image":"C:\\Windows\\System32\\wscript.exe","TargetObject":"HKLM\\SOFTWARE\\Microsoft\\Windows\\CurrentVersion\\Run\\SXAY7WA145","agent":{"hostname":"WIN-YHORRNW5","type":"winlogbeat","version":"8.5.0"},"ecs":{"version":"8.5.0"},"event":{"action":"Process creation","category":["process"],"code":13,"kind":"event","provider":"Microsoft-Windows-Sysmon","type":["start"]},"host":{"name":"WIN-B5KGY38W","os":{"family":"windows","name":"Windows Server 2019","version":"10.0.17763"}},"registry":{"data":{"strings":["C:\\temp\\IW6Y0LEL.exe"]},"key":"HKLM\\SOFTWARE\\Microsoft\\Windows\\CurrentVersion\\Run","value":"GE7WPHUTTL"},"winlog":{"channel":"Microsoft-Windows-Sysmon/Operational","computer_name":"WIN-SJMS425G.domain.local","event_id":13,"provider_name":"Microsoft-Windows-Sysmon","record_id":6845551,"task":"Process creation (rule: ProcessCreate)"}}
{"@timestamp":"2023-02-09T17:42:40.427Z","CommandLine":"C:\\Windows\\System32\\cmd.exe 35ND7KQVR9","EventID":1,"Image":"C:\\Windows\\System32\\cmd.exe","ParentImage":"C:\\Windows\\System32\\WindowsPowerShell\\v1.0\\powershell.exe","ParentProcessId":312,"ProcessId":42185,"User":"jane.smith","agent":{"hostname":"WIN-H8A54NUM","type":"winlogbeat","version":"8.5.0"},"ecs":{"version":"8.5.0"},"event":{"action":"Process creation","category":["process"],"code":1,"kind":"event","provider":"Microsoft-Windows-Sysmon","type":["start"]},"host":{"name":"WIN-7MSUWQ03","os":{"family":"windows","name":"Windows Server 2019","version":"10.0.17763"}},"process":{"args":["C:\\Windows\\System32\\cmd.exe","35ND7KQVR9"],"command_line":"C:\\Windows\\System32\\cmd.exe 35ND7KQVR9","executable":"C:\\Windows\\System32\\cmd.exe","name":"cmd.exe","parent":{"executable":"C:\\Windows\\System32\\WindowsPowerShell\\v1.0\\powershell.exe","name":"powershell.exe","pid":130},"pid":41555},"user":{"domain":"DOMAIN","name":"jane.smith"},"winlog":{"channel":"Microsoft-Windows-Sysmon/Operational","computer_name":"WIN-2E4EHNB9.domain.local","event_id":1,"provider_name":"Microsoft-Windows-Sysmon","record_id":7606158,"task":"Process creation (rule: ProcessCreate)"}}
{"@timestamp":"2023-04-23T19:03:57.909Z","DestinationIp":"208.67.222.222","DestinationPort":8080,"EventID":3,"Image":"C:\\Windows\\System32\\services.exe","Protocol":"tcp","SourceIp":"192.168.1.100","SourcePort":59134,"agent":{"hostname":"WIN-WWMC8VT6","type":"winlogbeat","version":"8.5.0"},"destination":{"ip":"208.67.222.222","port":8080},"ecs":{"version":"8.5.0"},"event":{"action":"Process creation","category":["process"],"code":3,"kind":"event","provider":"Microsoft-Windows-Sysmon","type":["start"]},"host":{"name":"WIN-GYZY1D92","os":{"family":"windows","name":"Windows Server 2019","version":"10.0.17763"}},"network":{"direction":"outbound","protocol":"tcp"},"source":{"ip":"192.168.1.100","port":59134},"winlog":{"channel":"Microsoft-Windows-Sysmon/Operational","computer_name":"WIN-3GAPO2IB.domain.local","event_id":3,"provider_name":"Microsoft-Windows-Sysmon","record_id":4857965,"task":"Process creation (rule: ProcessCreate)"}}
{"@timestamp":"2023-03-26T04:49:02.214Z","CommandLine":"C:\\Windows\\System32\\cscript.exe Z1OR3QD33J","EventID":1,"Image":"C:\\Windows\\System32\\cscript.exe","ParentImage":"C:\\Windows\\System32\\cscript.exe","ParentProcessId":869,"ProcessId":4190,"User":"NT AUTHORITY\\LOCAL SERVICE","agent":{"hostname":"WIN-LN1PXK81","type":"winlogbeat","version":"8.5.0"},"ecs":{"version":"8.5.0"},"event":{"action":"Process creation","category":["process"],"code":1,"kind":"event","provider":"Microsoft-Windows-Sysmon","type":["start"]},"host":{"name":"WIN-JCG4JXYK","os":{"family":"windows","name":"Windows Server 2019","version":"10.0.17763"}},"process":{"args":["C:\\Windows\\System32\\cscript.exe","Z1OR3QD33J"],"command_line":"C:\\Windows\\System32\\cscript.exe Z1OR3QD33J","executable":"C:\\Windows\\System32\\cscript.exe","name":"cscript.exe","parent":{"executable":"C:\\Windows\\System32\\cscript.exe","name":"cscript.exe","pid":407},"pid":58300},"user":{"domain":"NT AUTHORITY","name":"NT AUTHORITY\\LOCAL SERVICE"},"winlog":{"channel":"Microsoft-Windows-Sysmon/Operational","computer_name":"WIN-ZTTP35G3.domain.local","event_id":1,"provider_name":"Microsoft-Windows-Sysmon","record_id":9937585,"task":"Process creation (rule: ProcessCreate)"}}
{"@timestamp":"2023-08-10T19:34:48.372Z","CommandLine":"C:\\Program Files\\Mozilla Firefox\\firefox.exe XC6ENA2AOX","EventID":1,"Image":"C:\\Program Files\\Mozilla Firefox\\firefox.exe","ParentImage":"C:\\Windows\\System32\\WindowsPowerShell\\v1.0\\powershell.exe","ParentProcessId":449,"ProcessId":4234,"User":"Guest","agent":{"hostname":"WIN-JL8APFDL","type":"winlogbeat","version":"8.5.0"},"ecs":{"version":"8.5.0"},"event":{"action":"Process creation","category":["process"],"code":1,"kind":"event","provider":"Microsoft-Windows-Sysmon","type":["start"]},"host":{"name":"WIN-3OEAAZ1K","os":{"family":"windows","name":"Windows Server 2019","version":"10.0.17763"}},"process":{"args":["C:\\Program","Files\\Mozilla","Firefox\\firefox.exe","XC6ENA2AOX"],"command_line":"C:\\Program Files\\Mozilla Firefox\\firefox.exe XC6ENA2AOX","executable":"C:\\Program Files\\Mozilla Firefox\\firefox.exe","name":"firefox.exe","parent":{"executable":"C:\\Windows\\System32\\WindowsPowerShell\\v1.0\\powershell.exe","name":"powershell.exe","pid":437},"pid":3142},"user":{"domain":"DOMAIN","name":"Guest"},"winlog":{"channel":"Microsoft-Windows-Sysmon/Operational","computer_name":"WIN-947W4J89.domain.local","event_id":1,"provider_name":"Microsoft-Windows-Sysmon","record_id":2507756,"task":"Process creation (rule: ProcessCreate)"}}
{"@timestamp":"2023-09-01T03:43:25.205Z","CommandLine":"C:\\Windows\\System32\\certutil.exe OQQ6DMFGHLWQIND514EE","EventID":1,"Image":"C:\\Windows\\System32\\certutil.exe","ParentImage":"C:\\Windows\\System32\\wscript.exe","ParentProcessId":361,"ProcessId":44494,"User":"NT AUTHORITY\\SYSTEM","agent":{"hostname":"WIN-FZ6ISB3T","type":"winlogbeat","version":"8.5.0"},"ecs":{"version":"8.5.0"},"event":{"action":"Process creation","category":["process"],"code":1,"kind":"event","provider":"Microsoft-Windows-Sysmon","type":["start"]},"host":{"name":"WIN-Q47TT202","os":{"family":"windows","name":"Windows Server 2019","version":"10.0.17763"}},"process":{"args":["C:\\Windows\\System32\\certutil.exe","OQQ6DMFGHLWQIND514EE"],"command_line":"C:\\Windows\\System32\\certutil.exe OQQ6DMFGHLWQIND514EE","executable":"C:\\Windows\\System32\\certutil.exe","name":"certutil.exe","parent":{"executable":"C:\\Windows\\System32\\wscript.exe","name":"wscript.exe","pid":964},"pid":27553},"user":{"domain":"NT AUTHORITY","name":"NT AUTHORITY\\SYSTEM"},"winlog":{"channel":"Microsoft-Windows-Sysmon/Operational","computer_name":"WIN-FPB7476L.domain.local","event_id":1,"provider_name":"Microsoft-Windows-Sysmon","record_id":6256640,"task":"Process creation (rule: ProcessCreate)"}}
{"@timestamp":"2023-06-16T01:15:44.930Z","DestinationIp":"malicious-domain.com","DestinationPort":8443,"EventID":3,"Image":"C:\\Program Files (x86)\\Microsoft\\Edge\\Application\\msedge.exe","Protocol":"tcp","SourceIp":"192.168.1.100","SourcePort":61468,"agent":{"hostname":"WIN-B7QLW8Q3","type":"winlogbeat","version":"8.5.0"},"destination":{"ip":"malicious-domain.com","port":8443},"ecs":{"version":"8.5.0"},"event":{"action":"Process creation","category":["process"],"code":3,"kind":"event","provider":"Microsoft-Windows-Sysmon","type":["start"]},"host":{"name":"WIN-K6MND00V","os":{"family":"windows","name":"Windows Server 2019","version":"10.0.17763"}},"network":{"direction":"outbound","protocol":"tcp"},"source":{"ip":"192.168.1.100","port":61468},"winlog":{"channel":"Microsoft-Windows-Sysmon/Operational","computer_name":"WIN-POGS5J9U.domain.local","event_id":3,"provider_name":"Microsoft-Windows-Sysmon","record_id":1021408,"task":"Process creation (rule: ProcessCreate)"}}
{"@timestamp":"2023-07-09T00:09:01.695Z","DestinationIp":"8.8.8.8","DestinationPort":8443,"EventID":3,"Image":"C:\\Windows\\System32\\spoolsv.exe","Protocol":"tcp","SourceIp":"192.168.1.100","SourcePort":63001,"agent":{"hostname":"WIN-6GM06MAD","type":"winlogbeat","version":"8.5.0"},"destination":{"ip":"8.8.8.8","port":8443},"ecs":{"version":"8.5.0"},"event":{"action":"Process creation","category":["process"],"code":3,"kind":"event","provider":"Microsoft-Windows-Sysmon","type":["start"]},"host":{"name":"WIN-TFYR2T3Y","os":{"family":"windows","name":"Windows Server 2019","version":"10.0.17763"}},"network":{"direction":"outbound","protocol":"tcp"},"source":{"ip":"192.168.1.100","port":63001},"winlog":{"channel":"Microsoft-Windows-Sysmon/Operational","computer_name":"WIN-2XV92JS0.domain.local","event_id":3,"provider_name":"Microsoft-Windows-Sysmon","record_id":4935732,"task":"Process creation (rule: ProcessCreate)"}}
{"@timestamp":"2023-03-10T12:43:35.733Z","CommandLine":"C:\\Windows\\System32\\cscript.exe CGJ52B5ODT","EventID":1,"Image":"C:\\Windows\\System32\\cscript.exe","ParentImage":"C:\\Windows\\System32\\calc.exe","ParentProcessId":559,"ProcessId":43044,"User":"NT AUTHORITY\\SYSTEM","agent":{"hostname":"WIN-WVPF5219","type":"winlogbeat","version":"8.5.0"},"ecs":{"version":"8.5.0"},"event":{"action":"Process creation","category":["process"],"code":1,"kind":"event","provider":"Microsoft-Windows-Sysmon","type":["start"]},"host":{"name":"WIN-H2R49HPJ","os":{"family":"windows","name":"Windows Server 2019","version":"10.0.17763"}},"process":{"args":["C:\\Windows\\System32\\cscript.exe","CGJ52B5ODT"],"command_line":"C:\\Windows\\System32\\cscript.exe CGJ52B5ODT","executable":"C:\\Windows\\System32\\cscript.exe","name":"cscript.exe","parent":{"executable":"C:\\Windows\\System32\\calc.exe","name":"calc.exe","pid":581},"pid":59444},"user":{"domain":"NT AUTHORITY","name":"NT AUTHORITY\\SYSTEM"},"winlog":{"channel":"Microsoft-Windows-Sysmon/Operational","computer_name":"WIN-P53BE000.domain.local","event_id":1,"provider_name":"Microsoft-Windows-Sysmon","record_id":5864331,"task":"Process creation (rule: ProcessCreate)"}}
{"@timestamp":"2023-07-08T02:32:16.299Z","CommandLine":"C:\\Windows\\System32\\lsass.exe WYPAQ7ESWY","EventID":1,"Image":"C:\\Windows\\System32\\lsass.exe","ParentImage":"C:\\Windows\\System32\\lsass.exe","ParentProcessId":662,"ProcessId":39616,"User":"SYSTEM","agent":{"hostname":"WIN-4ZOGF67J","type":"winlogbeat","version":"8.5.0"},"ecs":{"version":"8.5.0"},"event":{"action":"Process creation","category":["process"],"code":1,"kind":"event","provider":"Microsoft-Windows-Sysmon","type":["start"]},"host":{"name":"WIN-BKS2O1DT","os":{"family":"windows","name":"Windows Server 2019","version":"10.0.17763"}},"process":{"args":["C:\\Windows\\System32\\lsass.exe","WYPAQ7ESWY"],"command_line":"C:\\Windows\\System32\\lsass.exe WYPAQ7ESWY","executable":"C:\\Windows\\System32\\lsass.exe","name":"lsass.exe","parent":{"executable":"C:\\Windows\\System32\\lsass.exe","name":"lsass.exe","pid":335},"pid":38674},"user":{"domain":"DOMAIN","name":"SYSTEM"},"winlog":{"channel":"Microsoft-Windows-Sysmon/Operational","computer_name":"WIN-OWPZ5HTS.domain.local","event_id":1,"provider_name":"Microsoft-Windows-Sysmon","record_id":4488660,"task":"Process creation (rule: ProcessCreate)"}}
{"@timestamp":"2023-12-28T16:09:09.150Z","DestinationIp":"192.168.1.100","DestinationPort":8443,"EventID":3,"Image":"C:\\Windows\\System32\\calc.exe","Protocol":"tcp","SourceIp":"192.168.1.100","SourcePort":54157,"agent":{"hostname":"WIN-PDU9F6DM","type":"winlogbeat","version":"8.5.0"},"destination":{"ip":"192.168.1.100","port":8443},"ecs":{"version":"8.5.0"},"event":{"action":"Process creation","category":["process"],"code":3,"kind":"event","provider":"Microsoft-Windows-Sysmon","type":["start"]},"host":{"name":"WIN-NPYG4RGF","os":{"family":"windows","name":"Windows Server 2019","version":"10.0.17763"}},"network":{"direction":"outbound","protocol":"tcp"},"source":{"ip":"192.168.1.100","port":54157},"winlog":{"channel":"Microsoft-Windows-Sysmon/Operational","computer_name":"WIN-V2P5T4ZM.domain.local","event_id":3,"provider_name":"Microsoft-Windows-Sysmon","record_id":6436771,"task":"Process creation (rule: ProcessCreate)"}}
{"@timestamp":"2023-10-19T13:50:31.765Z","DestinationIp":"update-server.microsoft.com","DestinationPort":80,"EventID":3,"Image":"C:\\Program Files\\Google\\Chrome\\Application\\chrome.exe","Protocol":"tcp","SourceIp":"192.168.1.100","SourcePort":53455,"agent":{"hostname":"WIN-0NE4OTHR","type":"winlogbeat","version":"8.5.0"},"destination":{"ip":"update-server.microsoft.com","port":80},"ecs":{"version":"8.5.0"},"event":{"action":"Process creation","category":["process"],"code":3,"kind":"event","provider":"Microsoft-Windows-Sysmon","type":["start"]},"host":{"name":"WIN-DQ0448EA","os":{"family":"windows","name":"Windows Server 2019","version":"10.0.17763"}},"network":{"direction":"outbound","protocol":"tcp"},"source":{"ip":"192.168.1.100","port":53455},"winlog":{"channel":"Microsoft-Windows-Sysmon/Operational","computer_name":"WIN-KZOK106A.domain.local","event_id":3,"provider_name":"Microsoft-Windows-Sysmon","record_id":1083291,"task":"Process creation (rule: ProcessCreate)"}}
{"@timestamp":"2023-01-14T02:11:08.362Z","CommandLine":"C:\\Program Files\\Google\\Chrome\\Application\\chrome.exe --new-tab https://example.com","EventID":1,"Image":"C:\\Program Files\\Google\\Chrome\\Application\\chrome.exe","ParentImage":"C:\\Windows\\System32\\regsvr32.exe","ParentProcessId":641,"ProcessId":40906,"User":"NT AUTHORITY\\NETWORK SERVICE","agent":{"hostname":"WIN-WEVXRBWC","type":"winlogbeat","version":"8.5.0"},"ecs":{"version":"8.5.0"},"event":{"action":"Process creation","category":["process"],"code":1,"kind":"event","provider":"Microsoft-Windows-Sysmon","type":["start"]},"host":{"name":"WIN-BTD84V2M","os":{"family":"windows","name":"Windows Server 2019","version":"10.0.17763"}},"process":{"args":["C:\\Program","Files\\Google\\Chrome\\Application\\chrome.exe","--new-tab","https://example.com"],"command_line":"C:\\Program Files\\Google\\Chrome\\Application\\chrome.exe --new-tab https://example.com","executable":"C:\\Program Files\\Google\\Chrome\\Application\\chrome.exe","name":"chrome.exe","parent":{"executable":"C:\\Windows\\System32\\regsvr32.exe","name":"regsvr32.exe","pid":563},"pid":10673},"user":{"domain":"NT AUTHORITY","name":"NT AUTHORITY\\NETWORK SERVICE"},"winlog":{"channel":"Microsoft-Windows-Sysmon/Operational","computer_name":"WIN-OGHQJW69.domain.local","event_id":1,"provider_name":"Microsoft-Windows-Sysmon","record_id":9913746,"task":"Process creation (rule: ProcessCreate)"}}
{"@timestamp":"2023-07-22T05:06:16.576Z","CommandLine":"C:\\Program Files\\Mozilla Firefox\\firefox.exe CNOC27PBON","EventID":1,"Image":"C:\\Program Files\\Mozilla Firefox\\firefox.exe","ParentImage":"C:\\Windows\\System32\\WindowsPowerShell\\v1.0\\powershell.exe","ParentProcessId":457,"ProcessId":52864,"User":"Guest","agent":{"hostname":"WIN-0TY9GEVS","type":"winlogbeat","version":"8.5.0"},"ecs":{"version":"8.5.0"},"event":{"action":"Process creation","category":["process"],"code":1,"kind":"event","provider":"Microsoft-Windows-Sysmon","type":["start"]},"host":{"name":"WIN-AJHW36GH","os":{"family":"windows","name":"Windows Server 2019","version":"10.0.17763"}},"process":{"args":["C:\\Program","Files\\Mozilla","Firefox\\firefox.exe","CNOC27PBON"],"command_line":"C:\\Program Files\\Mozilla Firefox\\firefox.exe CNOC27PBON","executable":"C:\\Program Files\\Mozilla Firefox\\firefox.exe","name":"firefox.exe","parent":{"executable":"C:\\Windows\\System32\\WindowsPowerShell\\v1.0\\powershell.exe","name":"powershell.exe","pid":850},"pid":55590},"user":{"domain":"DOMAIN","name":"Guest"},"winlog":{"channel":"Microsoft-Windows-Sysmon/Operational","computer_name":"WIN-3XS11P8H.domain.local","event_id":1,"provider_name":"Microsoft-Windows-Sysmon","record_id":7574201,"task":"Process creation (rule: ProcessCreate)"}}
{"@timestamp":"2023-07-25T12:38:13.664Z","CommandLine":"C:\\Windows\\System32\\cscript.exe 4GNN1VQFOI","EventID":1,"Image":"C:\\Windows\\System32\\cscript.exe","ParentImage":"C:\\Windows\\System32\\WindowsPowerShell\\v1.0\\powershell.exe","ParentProcessId":708,"ProcessId":22415,"User":"user","agent":{"hostname":"WIN-ODBILC4S","type":"winlogbeat","version":"8.5.0"},"ecs":{"version":"8.5.0"},"event":{"action":"Process creation","category":["process"],"code":1,"kind":"event","provider":"Microsoft-Windows-Sysmon","type":["start"]},"host":{"name":"WIN-3AMBD0CB","os":{"family":"windows","name":"Windows Server 2019","version":"10.0.17763"}},"process":{"args":["C:\\Windows\\System32\\cscript.exe","4GNN1VQFOI"],"command_line":"C:\\Windows\\System32\\cscript.exe 4GNN1VQFOI","executable":"C:\\Windows\\System32\\cscript.exe","name":"cscript.exe","parent":{"executable":"C:\\Windows\\System32\\WindowsPowerShell\\v1.0\\powershell.exe","name":"powershell.exe","pid":768},"pid":42780},"user":{"domain":"DOMAIN","name":"user"},"winlog":{"channel":"Microsoft-Windows-Sysmon/Operational","computer_name":"WIN-ZUA3UDA3.domain.local","event_id":1,"provider_name":"Microsoft-Windows-Sysmon","record_id":6918934,"task":"Process creation (rule: ProcessCreate)"}}
{"@timestamp":"2023-10-24T17:32:22.646Z","CommandLine":"C:\\Windows\\System32\\spoolsv.exe V5AVAA6RQX","EventID":1,"Image":"C:\\Windows\\System32\\spoolsv.exe","ParentImage":"C:\\Program Files\\Mozilla Firefox\\firefox.exe","ParentProcessId":590,"ProcessId":37583,"User":"Guest","agent":{"hostname":"WIN-J73GXL7T","type":"winlogbeat","version":"8.5.0"},"ecs":{"version":"8.5.0"},"event":{"action":"Process creation","category":["process"],"code":1,"kind":"event","provider":"Microsoft-Windows-Sysmon","type":["start"]},"host":{"name":"WIN-JL08EBNO","os":{"family":"windows","name":"Windows Server 2019","version":"10.0.17763"}},"process":{"args":["C:\\Windows\\System32\\spoolsv.exe","V5AVAA6RQX"],"command_line":"C:\\Windows\\System32\\spoolsv.exe V5AVAA6RQX","executable":"C:\\Windows\\System32\\spoolsv.exe","name":"spoolsv.exe","parent":{"executable":"C:\\Program Files\\Mozilla Firefox\\firefox.exe","name":"firefox.exe","pid":177},"pid":48037},"user":{"domain":"DOMAIN","name":"Guest"},"winlog":{"channel":"Microsoft-Windows-Sysmon/Operational","computer_name":"WIN-4MSKRQ26.domain.local","event_id":1,"provider_name":"Microsoft-Windows-Sysmon","record_id":2777398,"task":"Process creation (rule: ProcessCreate)"}}
{"@timestamp":"2023-02-07T14:39:54.156Z","CommandLine":"C:\\Program Files\\Google\\Chrome\\Application\\chrome.exe --new-tab https://example.com","EventID":1,"Image":"C:\\Program Files\\Google\\Chrome\\Application\\chrome.exe","ParentImage":"C:\\Windows\\System32\\spoolsv.exe","ParentProcessId":478,"ProcessId":42588,"User":"DefaultAccount","agent":{"hostname":"WIN-PCPDD7E3","type":"winlogbeat","version":"8.5.0"},"ecs":{"version":"8.5.0"},"event":{"action":"Process creation","category":["process"],"code":1,"kind":"event","provider":"Microsoft-Windows-Sysmon","type":["start"]},"host":{"name":"WIN-ZGLR99AU","os":{"family":"windows","name":"Windows Server 2019","version":"10.0.17763"}},"process":{"args":["C:\\Program","Files\\Google\\Chrome\\Application\\chrome.exe","--new-tab","https://example.com"],"command_line":"C:\\Program Files\\Google\\Chrome\\Application\\chrome.exe --new-tab https://example.com","executable":"C:\\Program Files\\Google\\Chrome\\Application\\chrome.exe","name":"chrome.exe","parent":{"executable":"C:\\Windows\\System32\\spoolsv.exe","name":"spoolsv.exe","pid":652},"pid":33509},"user":{"domain":"DOMAIN","name":"DefaultAccount"},"winlog":{"channel":"Microsoft-Windows-Sysmon/Operational","computer_name":"WIN-NPBLSCLY.domain.local","event_id":1,"provider_name":"Microsoft-Windows-Sysmon","record_id":1167663,"task":"Process creation (rule: ProcessCreate)"}}
{"@timestamp":"2023-04-09T06:35:12.611Z","CommandLine":"C:\\Windows\\System32\\WindowsPowerShell\\v1.0\\powershell.exe LP7717U6GJ","EventID":1,"Image":"C:\\Windows\\System32\\WindowsPowerShell\\v1.0\\powershell.exe","ParentImage":"C:\\Program Files\\Mozilla Firefox\\firefox.exe","ParentProcessId":526,"ProcessId":38960,"User":"Administrator","agent":{"hostname":"WIN-3BTWN8W0","type":"winlogbeat","version":"8.5.0"},"ecs":{"version":"8.5.0"},"event":{"action":"Process creation","category":["process"],"code":1,"kind":"event","provider":"Microsoft-Windows-Sysmon","type":["start"]},"host":{"name":"WIN-I1H0BLLE","os":{"family":"windows","name":"Windows Server 2019","version":"10.0.17763"}},"process":{"args":["C:\\Windows\\System32\\WindowsPowerShell\\v1.0\\powershell.exe","LP7717U6GJ"],"command_line":"C:\\Windows\\System32\\WindowsPowerShell\\v1.0\\powershell.exe LP7717U6GJ","executable":"C:\\Windows\\System32\\WindowsPowerShell\\v1.0\\powershell.exe","name":"powershell.exe","parent":{"executable":"C:\\Program Files\\Mozilla Firefox\\firefox.exe","name":"firefox.exe","pid":159},"pid":64190},"user":{"domain":"DOMAIN","name":"Administrator"},"winlog":{"channel":"Microsoft-Windows-Sysmon/Operational","computer_name":"WIN-6SVOBY0D.domain.local","event_id":1,"provider_name":"Microsoft-Windows-Sysmon","record_id":9553112,"task":"Process creation (rule: ProcessCreate)"}}
{"@timestamp":"2023-02-20T03:10:10.644Z","Details":"C:\\temp\\682KHINQ.exe","EventID":13,"Image":"C:\\Windows\\System32\\cmd.exe","TargetObject":"HKLM\\SYSTEM\\CurrentControlSet\\Services\\EJGW5A4KJN","agent":{"hostname":"WIN-QZP75YIV","type":"winlogbeat","version":"8.5.0"},"ecs":{"version":"8.5.0"},"event":{"action":"Process creation","category":["process"],"code":13,"kind":"event","provider":"Microsoft-Windows-Sysmon","type":["start"]},"host":{"name":"WIN-VWO8K770","os":{"family":"windows","name":"Windows Server 2019","version":"10.0.17763"}},"registry":{"data":{"strings":["C:\\temp\\ALQ1MA32.exe"]},"key":"HKLM\\SYSTEM\\CurrentControlSet\\Services","value":"HLS6S52N6J"},"winlog":{"channel":"Microsoft-Windows-Sysmon/Operational","computer_name":"WIN-SZHO6SYS.domain.local","event_id":13,"provider_name":"Microsoft-Windows-Sysmon","record_id":9879225,"task":"Process creation (rule: ProcessCreate)"}}
{"@timestamp":"2023-07-15T10:09:25.723Z","DestinationIp":"malicious-domain.com","DestinationPort":443,"EventID":3,"Image":"C:\\Program Files\\Google\\Chrome\\Application\\chrome.exe","Protocol":"tcp","SourceIp":"192.168.1.100","SourcePort":51353,"agent":{"hostname":"WIN-APYQ141S","type":"winlogbeat","version":"8.5.0"},"destination":{"ip":"malicious-domain.com","port":443},"ecs":{"version":"8.5.0"},"event":{"action":"Process creation","category":["process"],"code":3,"kind":"event","provider":"Microsoft-Windows-Sysmon","type":["start"]},"host":{"name":"WIN-ZX144HNF","os":{"family":"windows","name":"Windows Server 2019","version":"10.0.17763"}},"network":{"direction":"outbound","protocol":"tcp"},"source":{"ip":"192.168.1.100","port":51353},"winlog":{"channel":"Microsoft-Windows-Sysmon/Operational","computer_name":"WIN-8UE9IMXO.domain.local","event_id":3,"provider_name":"Microsoft-Windows-Sysmon","record_id":4760082,"task":"Process creation (rule: ProcessCreate)"}}
{"@timestamp":"2023-07-18T19:05:05.595Z","CommandLine":"C:\\Windows\\System32\\spoolsv.exe V3PUKAZ9QL","EventID":1,"Image":"C:\\Windows\\System32\\spoolsv.exe","ParentImage":"C:\\Windows\\System32\\cscript.exe","ParentProcessId":546,"ProcessId":52216,"User":"service_account","agent":{"hostname":"WIN-IW15KETN","type":"winlogbeat","version":"8.5.0"},"ecs":{"version":"8.5.0"},"event":{"action":"Process creation","category":["process"],"code":1,"kind":"event","provider":"Microsoft-Windows-Sysmon","type":["start"]},"host":{"name":"WIN-XZBKBTK8","os":{"family":"windows","name":"Windows Server 2019","version":"10.0.17763"}},"process":{"args":["C:\\Windows\\System32\\spoolsv.exe","V3PUKAZ9QL"],"command_line":"C:\\Windows\\System32\\spoolsv.exe V3PUKAZ9QL","executable":"C:\\Windows\\System32\\spoolsv.exe","name":"spoolsv.exe","parent":{"executable":"C:\\Windows\\System32\\cscript.exe","name":"cscript.exe","pid":835},"pid":36718},"user":{"domain":"DOMAIN","name":"service_account"},"winlog":{"channel":"Microsoft-Windows-Sysmon/Operational","computer_name":"WIN-19TBBHQC.domain.local","event_id":1,"provider_name":"Microsoft-Windows-Sysmon","record_id":9917374,"task":"Process creation (rule: ProcessCreate)"}}
{"@timestamp":"2023-05-14T23:38:16.884Z","CommandLine":"C:\\Program Files\\Mozilla Firefox\\firefox.exe CJKZ71FW55","EventID":1,"Image":"C:\\Program Files\\Mozilla Firefox\\firefox.exe","ParentImage":"C:\\Windows\\System32\\powershell.exe","ParentProcessId":207,"ProcessId":23009,"User":"DefaultAccount","agent":{"hostname":"WIN-FLWFG2QD","type":"winlogbeat","version":"8.5.0"},"ecs":{"version":"8.5.0"},"event":{"action":"Process creation","category":["process"],"code":1,"kind":"event","provider":"Microsoft-Windows-Sysmon","type":["start"]},"host":{"name":"WIN-NKKPX5BP","os":{"family":"windows","name":"Windows Server 2019","version":"10.0.17763"}},"process":{"args":["C:\\Program","Files\\Mozilla","Firefox\\firefox.exe","CJKZ71FW55"],"command_line":"C:\\Program Files\\Mozilla Firefox\\firefox.exe CJKZ71FW55","executable":"C:\\Program Files\\Mozilla Firefox\\firefox.exe","name":"firefox.exe","parent":{"executable":"C:\\Windows\\System32\\powershell.exe","name":"powershell.exe","pid":495},"pid":7051},"user":{"domain":"DOMAIN","name":"DefaultAccount"},"winlog":{"channel":"Microsoft-Windows-Sysmon/Operational","computer_name":"WIN-M6TV6OHV.domain.local","event_id":1,"provider_name":"Microsoft-Windows-Sysmon","record_id":6286399,"task":"Process creation (rule: ProcessCreate)"}}
{"@timestamp":"2023-02-20T15:39:36.721Z","CommandLine":"C:\\Program Files\\Google\\Chrome\\Application\\chrome.exe --new-tab https://example.com","EventID":1,"Image":"C:\\Program Files\\Google\\Chrome\\Application\\chrome.exe","ParentImage":"C:\\Windows\\System32\\rundll32.exe","ParentProcessId":626,"ProcessId":39318,"User":"john.doe","agent":{"hostname":"WIN-A71N526E","type":"winlogbeat","version":"8.5.0"},"ecs":{"version":"8.5.0"},"event":{"action":"Process creation","category":["process"],"code":1,"kind":"event","provider":"Microsoft-Windows-Sysmon","type":["start"]},"host":{"name":"WIN-EAA25GML","os":{"family":"windows","name":"Windows Server 2019","version":"10.0.17763"}},"process":{"args":["C:\\Program","Files\\Google\\Chrome\\Application\\chrome.exe","--new-tab","https://example.com"],"command_line":"C:\\Program Files\\Google\\Chrome\\Application\\chrome.exe --new-tab https://example.com","executable":"C:\\Program Files\\Google\\Chrome\\Application\\chrome.exe","name":"chrome.exe","parent":{"executable":"C:\\Windows\\System32\\rundll32.exe","name":"rundll32.exe","pid":436},"pid":4902},"user":{"domain":"DOMAIN","name":"john.doe"},"winlog":{"channel":"Microsoft-Windows-Sysmon/Operational","computer_name":"WIN-00I8ORTA.domain.local","event_id":1,"provider_name":"Microsoft-Windows-Sysmon","record_id":1050938,"task":"Process creation (rule: ProcessCreate)"}}
{"@timestamp":"2023-09-13T02:06:31.247Z","Details":"C:\\temp\\TCU8BEJK.exe","EventID":13,"Image":"C:\\Windows\\System32\\cscript.exe","TargetObject":"HKLM\\SYSTEM\\CurrentControlSet\\Services\\FRTS8FZFWP","agent":{"hostname":"WIN-49MLRVWN","type":"winlogbeat","version":"8.5.0"},"ecs":{"version":"8.5.0"},"event":{"action":"Process creation","category":["process"],"code":13,"kind":"event","provider":"Microsoft-Windows-Sysmon","type":["start"]},"host":{"name":"WIN-VKA57O8A","os":{"family":"windows","name":"Windows Server 2019","version":"10.0.17763"}},"registry":{"data":{"strings":["C:\\temp\\BHPCMCNO.exe"]},"key":"HKLM\\SYSTEM\\CurrentControlSet\\Services","value":"C3LGCCRBPT"},"winlog":{"channel":"Microsoft-Windows-Sysmon/Operational","computer_name":"WIN-FOHG7FMR.domain.local","event_id":13,"provider_name":"Microsoft-Windows-Sysmon","record_id":9590355,"task":"Process creation (rule: ProcessCreate)"}}
{"@timestamp":"2023-12-17T09:39:54.915Z","CommandLine":"C:\\Windows\\System32\\lsass.exe YYT7F349GM","EventID":1,"Image":"C:\\Windows\\System32\\lsass.exe","ParentImage":"C:\\Windows\\System32\\services.exe","ParentProcessId":724,"ProcessId":34793,"User":"Guest","agent":{"hostname":"WIN-4GU6YWMI","type":"winlogbeat","version":"8.5.0"},"ecs":{"version":"8.5.0"},"event":{"action":"Process creation","category":["process"],"code":1,"kind":"event","provider":"Microsoft-Windows-Sysmon","type":["start"]},"host":{"name":"WIN-HY2YABAV","os":{"family":"windows","name":"Windows Server 2019","version":"10.0.17763"}},"process":{"args":["C:\\Windows\\System32\\lsass.exe","YYT7F349GM"],"command_line":"C:\\Windows\\System32\\lsass.exe YYT7F349GM","executable":"C:\\Windows\\System32\\lsass.exe","name":"lsass.exe","parent":{"executable":"C:\\Windows\\System32\\services.exe","name":"services.exe","pid":715},"pid":43977},"user":{"domain":"DOMAIN","name":"Guest"},"winlog":{"channel":"Microsoft-Windows-Sysmon/Operational","computer_name":"WIN-AXGCLQ1G.domain.local","event_id":1,"provider_name":"Microsoft-Windows-Sysmon","record_id":1911214,"task":"Process creation (rule: ProcessCreate)"}}
{"@timestamp":"2023-12-22T21:21:16.522Z","DestinationIp":"legitimate-service.com","DestinationPort":80,"EventID":3,"Image":"C:\\Windows\\System32\\wininit.exe","Protocol":"tcp","SourceIp":"192.168.1.100","SourcePort":61671,"agent":{"hostname":"WIN-J4DRMTAT","type":"winlogbeat","version":"8.5.0"},"destination":{"ip":"legitimate-service.com","port":80},"ecs":{"version":"8.5.0"},"event":{"action":"Process creation","category":["process"],"code":3,"kind":"event","provider":"Microsoft-Windows-Sysmon","type":["start"]},"host":{"name":"WIN-5CS3YRW9","os":{"family":"windows","name":"Windows Server 2019","version":"10.0.17763"}},"network":{"direction":"outbound","protocol":"tcp"},"source":{"ip":"192.168.1.100","port":61671},"winlog":{"channel":"Microsoft-Windows-Sysmon/Operational","computer_name":"WIN-YFAHR83E.domain.local","event_id":3,"provider_name":"Microsoft-Windows-Sysmon","record_id":1633762,"task":"Process creation (rule: ProcessCreate)"}}
{"@timestamp":"2023-01-24T02:40:25.433Z","CommandLine":"C:\\Program Files\\Google\\Chrome\\Application\\chrome.exe --new-tab https://example.com","EventID":1,"Image":"C:\\Program Files\\Google\\Chrome\\Application\\chrome.exe","ParentImage":"C:\\Windows\\System32\\calc.exe","ParentProcessId":158,"ProcessId":36376,"User":"NT AUTHORITY\\LOCAL SERVICE","agent":{"hostname":"WIN-4LOVW52X","type":"winlogbeat","version":"8.5.0"},"ecs":{"version":"8.5.0"},"event":{"action":"Process creation","category":["process"],"code":1,"kind":"event","provider":"Microsoft-Windows-Sysmon","type":["start"]},"host":{"name":"WIN-W5CEIJF1","os":{"family":"windows","name":"Windows Server 2019","version":"10.0.17763"}},"process":{"args":["C:\\Program","Files\\Google\\Chrome\\Application\\chrome.exe","--new-tab","https://example.com"],"command_line":"C:\\Program Files\\Google\\Chrome\\Application\\chrome.exe --new-tab https://example.com","executable":"C:\\Program Files\\Google\\Chrome\\Application\\chrome.exe","name":"chrome.exe","parent":{"executable":"C:\\Windows\\System32\\calc.exe","name":"calc.exe","pid":736},"pid":43966},"user":{"domain":"NT AUTHORITY","name":"NT AUTHORITY\\LOCAL SERVICE"},"winlog":{"channel":"Microsoft-Windows-Sysmon/Operational","computer_name":"WIN-AM4X8IWN.domain.local","event_id":1,"provider_name":"Microsoft-Windows-Sysmon","record_id":2825095,"task":"Process creation (rule: ProcessCreate)"}}
{"@timestamp":"2023-02-28T16:00:15.576Z","DestinationIp":"192.168.1.100","DestinationPort":445,"EventID":3,"Image":"C:\\Windows\\System32\\explorer.exe","Protocol":"tcp","SourceIp":"192.168.1.100","SourcePort":57105,"agent":{"hostname":"WIN-XMD8NT2M","type":"winlogbeat","version":"8.5.0"},"destination":{"ip":"192.168.1.100","port":445},"ecs":{"version":"8.5.0"},"event":{"action":"Process creation","category":["process"],"code":3,"kind":"event","provider":"Microsoft-Windows-Sysmon","type":["start"]},"host":{"name":"WIN-VMDG8QCV","os":{"family":"windows","name":"Windows Server 2019","version":"10.0.17763"}},"network":{"direction":"outbound","protocol":"tcp"},"source":{"ip":"192.168.1.100","port":57105},"winlog":{"channel":"Microsoft-Windows-Sysmon/Operational","computer_name":"WIN-9SGWY5XC.domain.local","event_id":3,"provider_name":"Microsoft-Windows-Sysmon","record_id":3226686,"task":"Process creation (rule: ProcessCreate)"}}
{"@timestamp":"2023-08-12T19:38:01.382Z","CommandLine":"C:\\Windows\\System32\\spoolsv.exe 7YZ9FA0F9Q","EventID":1,"Image":"C:\\Windows\\System32\\spoolsv.exe","ParentImage":"C:\\Windows\\System32\\explorer.exe","ParentProcessId":287,"ProcessId":59036,"User":"NT AUTHORITY\\LOCAL SERVICE","agent":{"hostname":"WIN-ZQDU8XE6","type":"winlogbeat","version":"8.5.0"},"ecs":{"version":"8.5.0"},"event":{"action":"Process creation","category":["process"],"code":1,"kind":"event","provider":"Microsoft-Windows-Sysmon","type":["start"]},"host":{"name":"WIN-29YSJXIJ","os":{"family":"windows","name":"Windows Server 2019","version":"10.0.17763"}},"process":{"args":["C:\\Windows\\System32\\spoolsv.exe","7YZ9FA0F9Q"],"command_line":"C:\\Windows\\System32\\spoolsv.exe 7YZ9FA0F9Q","executable":"C:\\Windows\\System32\\spoolsv.exe","name":"spoolsv.exe","parent":{"executable":"C:\\Windows\\System32\\explorer.exe","name":"explorer.exe","pid":670},"pid":17785},"user":{"domain":"NT AUTHORITY","name":"NT AUTHORITY\\LOCAL SERVICE"},"winlog":{"channel":"Microsoft-Windows-Sysmon/Operational","computer_name":"WIN-INXA5WYG.domain.local","event_id":1,"provider_name":"Microsoft-Windows-Sysmon","record_id":4907419,"task":"Process creation (rule: ProcessCreate)"}}
{"@timestamp":"2023-08-01T03:58:43.405Z","DestinationIp":"10.0.0.50","DestinationPort":8080,"EventID":3,"Image":"C:\\Windows\\System32\\services.exe","Protocol":"tcp","SourceIp":"192.168.1.100","SourcePort":57724,"agent":{"hostname":"WIN-7YRH2W8B","type":"winlogbeat","version":"8.5.0"},"destination":{"ip":"10.0.0.50","port":8080},"ecs":{"version":"8.5.0"},"event":{"action":"Process creation","category":["process"],"code":3,"kind":"event","provider":"Microsoft-Windows-Sysmon","type":["start"]},"host":{"name":"WIN-IGD2L08G","os":{"family":"windows","name":"Windows Server 2019","version":"10.0.17763"}},"network":{"direction":"outbound","protocol":"tcp"},"source":{"ip":"192.168.1.100","port":57724},"winlog":{"channel":"Microsoft-Windows-Sysmon/Operational","computer_name":"WIN-HH87BLX2.domain.local","event_id":3,"provider_name":"Microsoft-Windows-Sysmon","record_id":9980091,"task":"Process creation (rule: ProcessCreate)"}}
{"@timestamp":"2023-08-17T18:57:31.130Z","DestinationIp":"208.67.222.222","DestinationPort":139,"EventID":3,"Image":"C:\\Windows\\System32\\lsass.exe","Protocol":"tcp","SourceIp":"192.168.1.100","SourcePort":49183,"agent":{"hostname":"WIN-HFZQNELN","type":"winlogbeat","version":"8.5.0"},"destination":{"ip":"208.67.222.222","port":139},"ecs":{"version":"8.5.0"},"event":{"action":"Process creation","category":["process"],"code":3,"kind":"event","provider":"Microsoft-Windows-Sysmon","type":["start"]},"host":{"name":"WIN-NMTMFDO3","os":{"family":"windows","name":"Windows Server 2019","version":"10.0.17763"}},"network":{"direction":"outbound","protocol":"tcp"},"source":{"ip":"192.168.1.100","port":49183},"winlog":{"channel":"Microsoft-Windows-Sysmon/Operational","computer_name":"WIN-2JBKKLAI.domain.local","event_id":3,"provider_name":"Microsoft-Windows-Sysmon","record_id":2221039,"task":"Process creation (rule: ProcessCreate)"}}
{"@timestamp":"2023-02-17T19:56:02.371Z","CommandLine":"C:\\Windows\\System32\\services.exe KXGNZE2W7J","EventID":1,"Image":"C:\\Windows\\System32\\services.exe","ParentImage":"C:\\Program Files (x86)\\Microsoft\\Edge\\Application\\msedge.exe","ParentProcessId":295,"ProcessId":14531,"User":"NT AUTHORITY\\NETWORK SERVICE","agent":{"hostname":"WIN-I4QRTOV8","type":"winlogbeat","version":"8.5.0"},"ecs":{"version":"8.5.0"},"event":{"action":"Process creation","category":["process"],"code":1,"kind":"event","provider":"Microsoft-Windows-Sysmon","type":["start"]},"host":{"name":"WIN-WCDVNRN2","os":{"family":"windows","name":"Windows Server 2019","version":"10.0.17763"}},"process":{"args":["C:\\Windows\\System32\\services.exe","KXGNZE2W7J"],"command_line":"C:\\Windows\\System32\\services.exe KXGNZE2W7J","executable":"C:\\Windows\\System32\\services.exe","name":"services.exe","parent":{"executable":"C:\\Program Files (x86)\\Microsoft\\Edge\\Application\\msedge.exe","name":"msedge.exe","pid":229},"pid":53510},"user":{"domain":"NT AUTHORITY","name":"NT AUTHORITY\\NETWORK SERVICE"},"winlog":{"channel":"Microsoft-Windows-Sysmon/Operational","computer_name":"WIN-TGUL61MR.domain.local","event_id":1,"provider_name":"Microsoft-Windows-Sysmon","record_id":5732826,"task":"Process creation (rule: ProcessCreate)"}}
{"@timestamp":"2023-06-24T06:29:56.294Z","DestinationIp":"8.8.8.8","DestinationPort":53,"EventID":3,"Image":"C:\\Windows\\System32\\wscript.exe","Protocol":"tcp","SourceIp":"192.168.1.100","SourcePort":54309,"agent":{"hostname":"WIN-L96C0AII","type":"winlogbeat","version":"8.5.0"},"destination":{"ip":"8.8.8.8","port":53},"ecs":{"version":"8.5.0"},"event":{"action":"Process creation","category":["process"],"code":3,"kind":"event","provider":"Microsoft-Windows-Sysmon","type":["start"]},"host":{"name":"WIN-3GSSSF0A","os":{"family":"windows","name":"Windows Server 2019","version":"10.0.17763"}},"network":{"direction":"outbound","protocol":"tcp"},"source":{"ip":"192.168.1.100","port":54309},"winlog":{"channel":"Microsoft-Windows-Sysmon/Operational","computer_name":"WIN-66UFO0DL.domain.local","event_id":3,"provider_name":"Microsoft-Windows-Sysmon","record_id":9973693,"task":"Process creation (rule: ProcessCreate)"}}
{"@timestamp":"2023-04-27T16:18:15.245Z","EventID":17,"Image":"C:\\Windows\\System32\\winlogon.exe","PipeName":"\\pipe\\spoolss","agent":{"hostname":"WIN-BH7JV7IJ","type":"winlogbeat","version":"8.5.0"},"ecs":{"version":"8.5.0"},"event":{"action":"Process creation","category":["process"],"code":17,"kind":"event","provider":"Microsoft-Windows-Sysmon","type":["start"]},"host":{"name":"WIN-KRN7VH7K","os":{"family":"windows","name":"Windows Server 2019","version":"10.0.17763"}},"winlog":{"channel":"Microsoft-Windows-Sysmon/Operational","computer_name":"WIN-9ZN9RWH8.domain.local","event_id":17,"provider_name":"Microsoft-Windows-Sysmon","record_id":4711916,"task":"Process creation (rule: ProcessCreate)"}}
{"@timestamp":"2023-11-19T00:45:03.899Z","CommandLine":"C:\\Windows\\System32\\calc.exe RH3AX7R5NQ","EventID":1,"Image":"C:\\Windows\\System32\\calc.exe","ParentImage":"C:\\Windows\\System32\\svchost.exe","ParentProcessId":376,"ProcessId":8543,"User":"Administrator","agent":{"hostname":"WIN-TSK3E860","type":"winlogbeat","version":"8.5.0"},"ecs":{"version":"8.5.0"},"event":{"action":"Process creation","category":["process"],"code":1,"kind":"event","provider":"Microsoft-Windows-Sysmon","type":["start"]},"host":{"name":"WIN-QCWR9R0H","os":{"family":"windows","name":"Windows Server 2019","version":"10.0.17763"}},"process":{"args":["C:\\Windows\\System32\\calc.exe","RH3AX7R5NQ"],"command_line":"C:\\Windows\\System32\\calc.exe RH3AX7R5NQ","executable":"C:\\Windows\\System32\\calc.exe","name":"calc.exe","parent":{"executable":"C:\\Windows\\System32\\svchost.exe","name":"svchost.exe","pid":738},"pid":25978},"user":{"domain":"DOMAIN","name":"Administrator"},"winlog":{"channel":"Microsoft-Windows-Sysmon/Operational","computer_name":"WIN-J5H7DATY.domain.local","event_id":1,"provider_name":"Microsoft-Windows-Sysmon","record_id":3607841,"task":"Process creation (rule: ProcessCreate)"}}
{"@timestamp":"2023-09-19T07:20:17.169Z","CommandLine":"C:\\Windows\\System32\\mshta.exe EJSYOGO7F8","EventID":1,"Image":"C:\\Windows\\System32\\mshta.exe","ParentImage":"C:\\Windows\\System32\\cscript.exe","ParentProcessId":500,"ProcessId":6251,"User":"user","agent":{"hostname":"WIN-UDE6YR0F","type":"winlogbeat","version":"8.5.0"},"ecs":{"version":"8.5.0"},"event":{"action":"Process creation","category":["process"],"code":1,"kind":"event","provider":"Microsoft-Windows-Sysmon","type":["start"]},"host":{"name":"WIN-86UI4YUZ","os":{"family":"windows","name":"Windows Server 2019","version":"10.0.17763"}},"process":{"args":["C:\\Windows\\System32\\mshta.exe","EJSYOGO7F8"],"command_line":"C:\\Windows\\System32\\mshta.exe EJSYOGO7F8","executable":"C:\\Windows\\System32\\mshta.exe","name":"mshta.exe","parent":{"executable":"C:\\Windows\\System32\\cscript.exe","name":"cscript.exe","pid":532},"pid":37226},"user":{"domain":"DOMAIN","name":"user"},"winlog":{"channel":"Microsoft-Windows-Sysmon/Operational","computer_name":"WIN-89L5SV0Y.domain.local","event_id":1,"provider_name":"Microsoft-Windows-Sysmon","record_id":8459752,"task":"Process creation (rule: ProcessCreate)"}}
{"@timestamp":"2023-08-25T06:16:57.134Z","CommandLine":"C:\\Windows\\System32\\lsass.exe D8JWNQ46HD","EventID":1,"Image":"C:\\Windows\\System32\\lsass.exe","ParentImage":"C:\\Windows\\System32\\notepad.exe","ParentProcessId":855,"ProcessId":34782,"User":"service_account","agent":{"hostname":"WIN-LVU9VICV","type":"winlogbeat","version":"8.5.0"},"ecs":{"version":"8.5.0"},"event":{"action":"Process creation","category":["process"],"code":1,"kind":"event","provider":"Microsoft-Windows-Sysmon","type":["start"]},"host":{"name":"WIN-DA002L6S","os":{"family":"windows","name":"Windows Server 2019","version":"10.0.17763"}},"process":{"args":["C:\\Windows\\System32\\lsass.exe","D8JWNQ46HD"],"command_line":"C:\\Windows\\System32\\lsass.exe D8JWNQ46HD","executable":"C:\\Windows\\System32\\lsass.exe","name":"lsass.exe","parent":{"executable":"C:\\Windows\\System32\\notepad.exe","name":"notepad.exe","pid":880},"pid":5656},"user":{"domain":"DOMAIN","name":"service_account"},"winlog":{"channel":"Microsoft-Windows-Sysmon/Operational","computer_name":"WIN-G3U7SSW1.domain.local","event_id":1,"provider_name":"Microsoft-Windows-Sysmon","record_id":6559034,"task":"Process creation (rule: ProcessCreate)"}}
{"@timestamp":"2023-06-08T15:30:46.423Z","EventID":17,"Image":"C:\\Windows\\System32\\explorer.exe","PipeName":"\\pipe\\MSCTF.Server.54FTF6OOLUHBFMQ9KD4ZUUP7XWWPVHZKF2L6","agent":{"hostname":"WIN-QON11DDK","type":"winlogbeat","version":"8.5.0"},"ecs":{"version":"8.5.0"},"event":{"action":"Process creation","category":["process"],"code":17,"kind":"event","provider":"Microsoft-Windows-Sysmon","type":["start"]},"host":{"name":"WIN-WT0YB273","os":{"family":"windows","name":"Windows Server 2019","version":"10.0.17763"}},"winlog":{"channel":"Microsoft-Windows-Sysmon/Operational","computer_name":"WIN-GIP2P6RU.domain.local","event_id":17,"provider_name":"Microsoft-Windows-Sysmon","record_id":2901444,"task":"Process creation (rule: ProcessCreate)"}}
{"@timestamp":"2023-10-26T16:32:04.740Z","EventID":17,"Image":"C:\\Program Files (x86)\\Microsoft\\Edge\\Application\\msedge.exe","PipeName":"\\pipe\\samr","agent":{"hostname":"WIN-MRRK6134","type":"winlogbeat","version":"8.5.0"},"ecs":{"version":"8.5.0"},"event":{"action":"Process creation","category":["process"],"code":17,"kind":"event","provider":"Microsoft-Windows-Sysmon","type":["start"]},"host":{"name":"WIN-8IAZUZWC","os":{"family":"windows","name":"Windows Server 2019","version":"10.0.17763"}},"winlog":{"channel":"Microsoft-Windows-Sysmon/Operational","computer_name":"WIN-XRMNVL6F.domain.local","event_id":17,"provider_name":"Microsoft-Windows-Sysmon","record_id":7125692,"task":"Process creation (rule: ProcessCreate)"}}
{"@timestamp":"2023-06-02T11:15:36.438Z","DestinationIp":"1.1.1.1","DestinationPort":8080,"EventID":3,"Image":"C:\\Windows\\System32\\powershell.exe","Protocol":"tcp","SourceIp":"192.168.1.100","SourcePort":57727,"agent":{"hostname":"WIN-TZHC47JG","type":"winlogbeat","version":"8.5.0"},"destination":{"ip":"1.1.1.1","port":8080},"ecs":{"version":"8.5.0"},"event":{"action":"Process creation","category":["process"],"code":3,"kind":"event","provider":"Microsoft-Windows-Sysmon","type":["start"]},"host":{"name":"WIN-TT1PB5JT","os":{"family":"windows","name":"Windows Server 2019","version":"10.0.17763"}},"network":{"direction":"outbound","protocol":"tcp"},"source":{"ip":"192.168.1.100","port":57727},"winlog":{"channel":"Microsoft-Windows-Sysmon/Operational","computer_name":"WIN-0GGJ8XK6.domain.local","event_id":3,"provider_name":"Microsoft-Windows-Sysmon","record_id":9634042,"task":"Process creation (rule: ProcessCreate)"}}
{"@timestamp":"2023-04-28T00:50:17.854Z","EventID":17,"Image":"C:\\Windows\\System32\\services.exe","PipeName":"\\pipe\\wkssvc","agent":{"hostname":"WIN-MQ8HPSXG","type":"winlogbeat","version":"8.5.0"},"ecs":{"version":"8.5.0"},"event":{"action":"Process creation","category":["process"],"code":17,"kind":"event","provider":"Microsoft-Windows-Sysmon","type":["start"]},"host":{"name":"WIN-YXY5WLU5","os":{"family":"windows","name":"Windows Server 2019","version":"10.0.17763"}},"winlog":{"channel":"Microsoft-Windows-Sysmon/Operational","computer_name":"WIN-SU3THPTQ.domain.local","event_id":17,"provider_name":"Microsoft-Windows-Sysmon","record_id":5541590,"task":"Process creation (rule: ProcessCreate)"}}
{"@timestamp":"2023-11-14T23:03:00.819Z","CommandLine":"C:\\Windows\\System32\\notepad.exe document.txt","EventID":1,"Image":"C:\\Windows\\System32\\notepad.exe","ParentImage":"C:\\Windows\\System32\\spoolsv.exe","ParentProcessId":346,"ProcessId":54145,"User":"jane.smith","agent":{"hostname":"WIN-1LPD0MN6","type":"winlogbeat","version":"8.5.0"},"ecs":{"version":"8.5.0"},"event":{"action":"Process creation","category":["process"],"code":1,"kind":"event","provider":"Microsoft-Windows-Sysmon","type":["start"]},"host":{"name":"WIN-G5GYQG3B","os":{"family":"windows","name":"Windows Server 2019","version":"10.0.17763"}},"process":{"args":["C:\\Windows\\System32\\notepad.exe","document.txt"],"command_line":"C:\\Windows\\System32\\notepad.exe document.txt","executable":"C:\\Windows\\System32\\notepad.exe","name":"notepad.exe","parent":{"executable":"C:\\Windows\\System32\\spoolsv.exe","name":"spoolsv.exe","pid":333},"pid":16140},"user":{"domain":"DOMAIN","name":"jane.smith"},"winlog":{"channel":"Microsoft-Windows-Sysmon/Operational","computer_name":"WIN-02C7TIAS.domain.local","event_id":1,"provider_name":"Microsoft-Windows-Sysmon","record_id":8965442,"task":"Process creation (rule: ProcessCreate)"}}
{"@timestamp":"2023-02-07T10:01:27.399Z","CommandLine":"C:\\Windows\\System32\\WindowsPowerShell\\v1.0\\powershell.exe JTXZZK28H4","EventID":1,"Image":"C:\\Windows\\System32\\WindowsPowerShell\\v1.0\\powershell.exe","ParentImage":"C:\\Windows\\System32\\explorer.exe","ParentProcessId":248,"ProcessId":53650,"User":"service_account","agent":{"hostname":"WIN-T689XMSL","type":"winlogbeat","version":"8.5.0"},"ecs":{"version":"8.5.0"},"event":{"action":"Process creation","category":["process"],"code":1,"kind":"event","provider":"Microsoft-Windows-Sysmon","type":["start"]},"host":{"name":"WIN-AJQXSFI8","os":{"family":"windows","name":"Windows Server 2019","version":"10.0.17763"}},"process":{"args":["C:\\Windows\\System32\\WindowsPowerShell\\v1.0\\powershell.exe","JTXZZK28H4"],"command_line":"C:\\Windows\\System32\\WindowsPowerShell\\v1.0\\powershell.exe JTXZZK28H4","executable":"C:\\Windows\\System32\\WindowsPowerShell\\v1.0\\powershell.exe","name":"powershell.exe","parent":{"executable":"C:\\Windows\\System32\\explorer.exe","name":"explorer.exe","pid":723},"pid":34469},"user":{"domain":"DOMAIN","name":"service_account"},"winlog":{"channel":"Microsoft-Windows-Sysmon/Operational","computer_name":"WIN-U22M8AN0.domain.local","event_id":1,"provider_name":"Microsoft-Windows-Sysmon","record_id":3998022,"task":"Process creation (rule: ProcessCreate)"}}
