{"@timestamp":"2023-10-03T22:35:12.454Z","CommandLine":"C:\\Windows\\System32\\winlogon.exe PH3CQ36GNU","EventID":1,"Image":"C:\\Windows\\System32\\winlogon.exe","ParentImage":"C:\\Windows\\System32\\svchost.exe","ParentProcessId":310,"ProcessId":20940,"User":"SYSTEM","agent":{"hostname":"WIN-82KBSWBQ","type":"winlogbeat","version":"8.5.0"},"ecs":{"version":"8.5.0"},"event":{"action":"Process creation","category":["process"],"code":1,"kind":"event","provider":"Microsoft-Windows-Sysmon","type":["start"]},"host":{"name":"WIN-UB3S1M2G","os":{"family":"windows","name":"Windows Server 2019","version":"10.0.17763"}},"process":{"args":["C:\\Windows\\System32\\winlogon.exe","PH3CQ36GNU"],"command_line":"C:\\Windows\\System32\\winlogon.exe PH3CQ36GNU","executable":"C:\\Windows\\System32\\winlogon.exe","name":"winlogon.exe","parent":{"executable":"C:\\Windows\\System32\\svchost.exe","name":"svchost.exe","pid":184},"pid":49791},"user":{"domain":"DOMAIN","name":"SYSTEM"},"winlog":{"channel":"Microsoft-Windows-Sysmon/Operational","computer_name":"WIN-USTOK1IG.domain.local","event_id":1,"provider_name":"Microsoft-Windows-Sysmon","record_id":7064245,"task":"Process creation (rule: ProcessCreate)"}}
{"@timestamp":"2023-10-23T12:01:47.309Z","EventID":17,"Image":"C:\\Windows\\System32\\notepad.exe","PipeName":"\\pipe\\srvsvc","agent":{"hostname":"WIN-7EAX3WZA","type":"winlogbeat","version":"8.5.0"},"ecs":{"version":"8.5.0"},"event":{"action":"Process creation","category":["process"],"code":17,"kind":"event","provider":"Microsoft-Windows-Sysmon","type":["start"]},"host":{"name":"WIN-XB22MKG4","os":{"family":"windows","name":"Windows Server 2019","version":"10.0.17763"}},"winlog":{"channel":"Microsoft-Windows-Sysmon/Operational","computer_name":"WIN-ZD2GRQ71.domain.local","event_id":17,"provider_name":"Microsoft-Windows-Sysmon","record_id":8997977,"task":"Process creation (rule: ProcessCreate)"}}
{"@timestamp":"2023-06-09T20:22:48.932Z","CommandLine":"C:\\Windows\\System32\\svchost.exe IFB3VZ0VFO","EventID":1,"Image":"C:\\Windows\\System32\\svchost.exe","ParentImage":"C:\\Windows\\System32\\winlogon.exe","ParentProcessId":510,"ProcessId":57499,"User":"SYSTEM","agent":{"hostname":"WIN-NDWH9L4G","type":"winlogbeat","version":"8.5.0"},"ecs":{"version":"8.5.0"},"event":{"action":"Process creation","category":["process"],"code":1,"kind":"event","provider":"Microsoft-Windows-Sysmon","type":["start"]},"host":{"name":"WIN-LJDXRZ9G","os":{"family":"windows","name":"Windows Server 2019","version":"10.0.17763"}},"process":{"args":["C:\\Windows\\System32\\svchost.exe","IFB3VZ0VFO"],"command_line":"C:\\Windows\\System32\\svchost.exe IFB3VZ0VFO","executable":"C:\\Windows\\System32\\svchost.exe","name":"svchost.exe","parent":{"executable":"C:\\Windows\\System32\\winlogon.exe","name":"winlogon.exe","pid":574},"pid":64352},"user":{"domain":"DOMAIN","name":"SYSTEM"},"winlog":{"channel":"Microsoft-Windows-Sysmon/Operational","computer_name":"WIN-A4C7ZPES.domain.local","event_id":1,"provider_name":"Microsoft-Windows-Sysmon","record_id":5597585,"task":"Process creation (rule: ProcessCreate)"}}
{"@timestamp":"2023-09-25T20:24:38.650Z","CommandLine":"C:\\Windows\\System32\\rundll32.exe YX0YM34GAQ","EventID":1,"Image":"C:\\Windows\\System32\\rundll32.exe","ParentImage":"C:\\Windows\\System32\\regsvr32.exe","ParentProcessId":725,"ProcessId":23481,"User":"SYSTEM","agent":{"hostname":"WIN-JHH71EPY","type":"winlogbeat","version":"8.5.0"},"ecs":{"version":"8.5.0"},"event":{"action":"Process creation","category":["process"],"code":1,"kind":"event","provider":"Microsoft-Windows-Sysmon","type":["start"]},"host":{"name":"WIN-1CU4Z0N6","os":{"family":"windows","name":"Windows Server 2019","version":"10.0.17763"}},"process":{"args":["C:\\Windows\\System32\\rundll32.exe","YX0YM34GAQ"],"command_line":"C:\\Windows\\System32\\rundll32.exe YX0YM34GAQ","executable":"C:\\Windows\\System32\\rundll32.exe","name":"rundll32.exe","parent":{"executable":"C:\\Windows\\System32\\regsvr32.exe","name":"regsvr32.exe","pid":353},"pid":34432},"user":{"domain":"DOMAIN","name":"SYSTEM"},"winlog":{"channel":"Microsoft-Windows-Sysmon/Operational","computer_name":"WIN-S36DF1XD.domain.local","event_id":1,"provider_name":"Microsoft-Windows-Sysmon","record_id":5000601,"task":"Process creation (rule: ProcessCreate)"}}
{"@timestamp":"2023-02-11T08:35:21.791Z","CommandLine":"C:\\Windows\\System32\\cscript.exe GRYB4D3LL4","EventID":1,"Image":"C:\\Windows\\System32\\cscript.exe","ParentImage":"C:\\Windows\\System32\\services.exe","ParentProcessId":782,"ProcessId":52973,"User":"DefaultAccount","agent":{"hostname":"WIN-KAIYDC66","type":"winlogbeat","version":"8.5.0"},"ecs":{"version":"8.5.0"},"event":{"action":"Process creation","category":["process"],"code":1,"kind":"event","provider":"Microsoft-Windows-Sysmon","type":["start"]},"host":{"name":"WIN-UQQNLRMX","os":{"family":"windows","name":"Windows Server 2019","version":"10.0.17763"}},"process":{"args":["C:\\Windows\\System32\\cscript.exe","GRYB4D3LL4"],"command_line":"C:\\Windows\\System32\\cscript.exe GRYB4D3LL4","executable":"C:\\Windows\\System32\\cscript.exe","name":"cscript.exe","parent":{"executable":"C:\\Windows\\System32\\services.exe","name":"services.exe","pid":322},"pid":14930},"user":{"domain":"DOMAIN","name":"DefaultAccount"},"winlog":{"channel":"Microsoft-Windows-Sysmon/Operational","computer_name":"WIN-AIV1I78C.domain.local","event_id":1,"provider_name":"Microsoft-Windows-Sysmon","record_id":7596365,"task":"Process creation (rule: ProcessCreate)"}}
{"@timestamp":"2023-02-27T04:55:42.890Z","CommandLine":"C:\\Windows\\System32\\wscript.exe LGTTJB4OXI","EventID":1,"Image":"C:\\Windows\\System32\\wscript.exe","ParentImage":"C:\\Windows\\System32\\wininit.exe","ParentProcessId":318,"ProcessId":8010,"User":"jane.smith","agent":{"hostname":"WIN-HXF4GHQL","type":"winlogbeat","version":"8.5.0"},"ecs":{"version":"8.5.0"},"event":{"action":"Process creation","category":["process"],"code":1,"kind":"event","provider":"Microsoft-Windows-Sysmon","type":["start"]},"host":{"name":"WIN-AUXCPNFU","os":{"family":"windows","name":"Windows Server 2019","version":"10.0.17763"}},"process":{"args":["C:\\Windows\\System32\\wscript.exe","LGTTJB4OXI"],"command_line":"C:\\Windows\\System32\\wscript.exe LGTTJB4OXI","executable":"C:\\Windows\\System32\\wscript.exe","name":"wscript.exe","parent":{"executable":"C:\\Windows\\System32\\wininit.exe","name":"wininit.exe","pid":273},"pid":44879},"user":{"domain":"DOMAIN","name":"jane.smith"},"winlog":{"channel":"Microsoft-Windows-Sysmon/Operational","computer_name":"WIN-WN6XKK8D.domain.local","event_id":1,"provider_name":"Microsoft-Windows-Sysmon","record_id":8917892,"task":"Process creation (rule: ProcessCreate)"}}
{"@timestamp":"2023-04-05T07:08:07.494Z","CommandLine":"C:\\Windows\\System32\\spoolsv.exe SH8TPPK6RT","EventID":1,"Image":"C:\\Windows\\System32\\spoolsv.exe","ParentImage":"C:\\Windows\\System32\\taskmgr.exe","ParentProcessId":481,"ProcessId":39981,"User":"SYSTEM","agent":{"hostname":"WIN-WY79ATBY","type":"winlogbeat","version":"8.5.0"},"ecs":{"version":"8.5.0"},"event":{"action":"Process creation","category":["process"],"code":1,"kind":"event","provider":"Microsoft-Windows-Sysmon","type":["start"]},"host":{"name":"WIN-C1J2Q6D7","os":{"family":"windows","name":"Windows Server 2019","version":"10.0.17763"}},"process":{"args":["C:\\Windows\\System32\\spoolsv.exe","SH8TPPK6RT"],"command_line":"C:\\Windows\\System32\\spoolsv.exe SH8TPPK6RT","executable":"C:\\Windows\\System32\\spoolsv.exe","name":"spoolsv.exe","parent":{"executable":"C:\\Windows\\System32\\taskmgr.exe","name":"taskmgr.exe","pid":911},"pid":18653},"user":{"domain":"DOMAIN","name":"SYSTEM"},"winlog":{"channel":"Microsoft-Windows-Sysmon/Operational","computer_name":"WIN-NHC0UZY0.domain.local","event_id":1,"provider_name":"Microsoft-Windows-Sysmon","record_id":2464726,"task":"Process creation (rule: ProcessCreate)"}}
{"@timestamp":"2023-05-28T00:52:57.227Z","DestinationIp":"update-server.microsoft.com","DestinationPort":3389,"EventID":3,"Image":"C:\\Windows\\System32\\lsass.exe","Protocol":"tcp","SourceIp":"192.168.1.100","SourcePort":54703,"agent":{"hostname":"WIN-EWZZG2H2","type":"winlogbeat","version":"8.5.0"},"destination":{"ip":"update-server.microsoft.com","port":3389},"ecs":{"version":"8.5.0"},"event":{"action":"Process creation","category":["process"],"code":3,"kind":"event","provider":"Microsoft-Windows-Sysmon","type":["start"]},"host":{"name":"WIN-LR7DME81","os":{"family":"windows","name":"Windows Server 2019","version":"10.0.17763"}},"network":{"direction":"outbound","protocol":"tcp"},"source":{"ip":"192.168.1.100","port":54703},"winlog":{"channel":"Microsoft-Windows-Sysmon/Operational","computer_name":"WIN-LQ6HC2V1.domain.local","event_id":3,"provider_name":"Microsoft-Windows-Sysmon","record_id":4145688,"task":"Process creation (rule: ProcessCreate)"}}
{"@timestamp":"2023-07-23T13:12:04.474Z","CommandLine":"C:\\Windows\\System32\\taskmgr.exe 4ROOQOW1R5","EventID":1,"Image":"C:\\Windows\\System32\\taskmgr.exe","ParentImage":"C:\\Windows\\System32\\lsass.exe","ParentProcessId":872,"ProcessId":58498,"User":"admin","agent":{"hostname":"WIN-WCAEXYX3","type":"winlogbeat","version":"8.5.0"},"ecs":{"version":"8.5.0"},"event":{"action":"Process creation","category":["process"],"code":1,"kind":"event","provider":"Microsoft-Windows-Sysmon","type":["start"]},"host":{"name":"WIN-UTG20U79","os":{"family":"windows","name":"Windows Server 2019","version":"10.0.17763"}},"process":{"args":["C:\\Windows\\System32\\taskmgr.exe","4ROOQOW1R5"],"command_line":"C:\\Windows\\System32\\taskmgr.exe 4ROOQOW1R5","executable":"C:\\Windows\\System32\\taskmgr.exe","name":"taskmgr.exe","parent":{"executable":"C:\\Windows\\System32\\lsass.exe","name":"lsass.exe","pid":551},"pid":63488},"user":{"domain":"DOMAIN","name":"admin"},"winlog":{"channel":"Microsoft-Windows-Sysmon/Operational","computer_name":"WIN-OTQPQ8J8.domain.local","event_id":1,"provider_name":"Microsoft-Windows-Sysmon","record_id":7634695,"task":"Process creation (rule: ProcessCreate)"}}
{"@timestamp":"2023-05-19T03:55:06.603Z","Details":"C:\\temp\\7W505FZC.exe","EventID":13,"Image":"C:\\Windows\\System32\\cscript.exe","TargetObject":"HKLM\\SOFTWARE\\Classes\\exefile\\shell\\open\\command\\MFSPG4A9AS","agent":{"hostname":"WIN-Y1B4E5C7","type":"winlogbeat","version":"8.5.0"},"ecs":{"version":"8.5.0"},"event":{"action":"Process creation","category":["process"],"code":13,"kind":"event","provider":"Microsoft-Windows-Sysmon","type":["start"]},"host":{"name":"WIN-XKQ1I745","os":{"family":"windows","name":"Windows Server 2019","version":"10.0.17763"}},"registry":{"data":{"strings":["C:\\temp\\YUU34B4R.exe"]},"key":"HKLM\\SOFTWARE\\Classes\\exefile\\shell\\open\\command","value":"SAU3G52BES"},"winlog":{"channel":"Microsoft-Windows-Sysmon/Operational","computer_name":"WIN-W7BHHA5A.domain.local","event_id":13,"provider_name":"Microsoft-Windows-Sysmon","record_id":6709519,"task":"Process creation (rule: ProcessCreate)"}}
{"@timestamp":"2023-08-03T05:06:34.656Z","CommandLine":"C:\\Windows\\System32\\svchost.exe 9IFIRP3N9F","EventID":1,"Image":"C:\\Windows\\System32\\svchost.exe","ParentImage":"C:\\Windows\\System32\\spoolsv.exe","ParentProcessId":716,"ProcessId":18863,"User":"SYSTEM","agent":{"hostname":"WIN-VXAFMNOE","type":"winlogbeat","version":"8.5.0"},"ecs":{"version":"8.5.0"},"event":{"action":"Process creation","category":["process"],"code":1,"kind":"event","provider":"Microsoft-Windows-Sysmon","type":["start"]},"host":{"name":"WIN-SKIXFBYC","os":{"family":"windows","name":"Windows Server 2019","version":"10.0.17763"}},"process":{"args":["C:\\Windows\\System32\\svchost.exe","9IFIRP3N9F"],"command_line":"C:\\Windows\\System32\\svchost.exe 9IFIRP3N9F","executable":"C:\\Windows\\System32\\svchost.exe","name":"svchost.exe","parent":{"executable":"C:\\Windows\\System32\\spoolsv.exe","name":"spoolsv.exe","pid":619},"pid":42806},"user":{"domain":"DOMAIN","name":"SYSTEM"},"winlog":{"channel":"Microsoft-Windows-Sysmon/Operational","computer_name":"WIN-LKF41QBU.domain.local","event_id":1,"provider_name":"Microsoft-Windows-Sysmon","record_id":7002920,"task":"Process creation (rule: ProcessCreate)"}}
{"@timestamp":"2023-02-28T23:36:03.738Z","CommandLine":"C:\\Windows\\System32\\rundll32.exe 3A8BW0ZNCF","EventID":1,"Image":"C:\\Windows\\System32\\rundll32.exe","ParentImage":"C:\\Windows\\System32\\powershell.exe","ParentProcessId":474,"ProcessId":43070,"User":"NT AUTHORITY\\LOCAL SERVICE","agent":{"hostname":"WIN-JF5AKC81","type":"winlogbeat","version":"8.5.0"},"ecs":{"version":"8.5.0"},"event":{"action":"Process creation","category":["process"],"code":1,"kind":"event","provider":"Microsoft-Windows-Sysmon","type":["start"]},"host":{"name":"WIN-95QGTROM","os":{"family":"windows","name":"Windows Server 2019","version":"10.0.17763"}},"process":{"args":["C:\\Windows\\System32\\rundll32.exe","3A8BW0ZNCF"],"command_line":"C:\\Windows\\System32\\rundll32.exe 3A8BW0ZNCF","executable":"C:\\Windows\\System32\\rundll32.exe","name":"rundll32.exe","parent":{"executable":"C:\\Windows\\System32\\powershell.exe","name":"powershell.exe","pid":909},"pid":44066},"user":{"domain":"NT AUTHORITY","name":"NT AUTHORITY\\LOCAL SERVICE"},"winlog":{"channel":"Microsoft-Windows-Sysmon/Operational","computer_name":"WIN-UCMH67XU.domain.local","event_id":1,"provider_name":"Microsoft-Windows-Sysmon","record_id":6795715,"task":"Process creation (rule: ProcessCreate)"}}
{"@timestamp":"2023-05-28T13:35:09.164Z","DestinationIp":"legitimate-service.com","DestinationPort":8443,"EventID":3,"Image":"C:\\Windows\\System32\\wininit.exe","Protocol":"tcp","SourceIp":"192.168.1.100","SourcePort":61974,"agent":{"hostname":"WIN-WWLF1VW5","type":"winlogbeat","version":"8.5.0"},"destination":{"ip":"legitimate-service.com","port":8443},"ecs":{"version":"8.5.0"},"event":{"action":"Process creation","category":["process"],"code":3,"kind":"event","provider":"Microsoft-Windows-Sysmon","type":["start"]},"host":{"name":"WIN-NCL17WH0","os":{"family":"windows","name":"Windows Server 2019","version":"10.0.17763"}},"network":{"direction":"outbound","protocol":"tcp"},"source":{"ip":"192.168.1.100","port":61974},"winlog":{"channel":"Microsoft-Windows-Sysmon/Operational","computer_name":"WIN-TWX3YAZR.domain.local","event_id":3,"provider_name":"Microsoft-Windows-Sysmon","record_id":9386345,"task":"Process creation (rule: ProcessCreate)"}}
{"@timestamp":"2023-05-13T18:17:39.973Z","CommandLine":"C:\\Windows\\System32\\taskmgr.exe ZM28BTFJT4","EventID":1,"Image":"C:\\Windows\\System32\\taskmgr.exe","ParentImage":"C:\\Windows\\System32\\powershell.exe","ParentProcessId":679,"ProcessId":41602,"User":"DefaultAccount","agent":{"hostname":"WIN-SULCW0BQ","type":"winlogbeat","version":"8.5.0"},"ecs":{"version":"8.5.0"},"event":{"action":"Process creation","category":["process"],"code":1,"kind":"event","provider":"Microsoft-Windows-Sysmon","type":["start"]},"host":{"name":"WIN-O3JRWFTB","os":{"family":"windows","name":"Windows Server 2019","version":"10.0.17763"}},"process":{"args":["C:\\Windows\\System32\\taskmgr.exe","ZM28BTFJT4"],"command_line":"C:\\Windows\\System32\\taskmgr.exe ZM28BTFJT4","executable":"C:\\Windows\\System32\\taskmgr.exe","name":"taskmgr.exe","parent":{"executable":"C:\\Windows\\System32\\powershell.exe","name":"powershell.exe","pid":472},"pid":38931},"user":{"domain":"DOMAIN","name":"DefaultAccount"},"winlog":{"channel":"Microsoft-Windows-Sysmon/Operational","computer_name":"WIN-IMMYRZYZ.domain.local","event_id":1,"provider_name":"Microsoft-Windows-Sysmon","record_id":3673515,"task":"Process creation (rule: ProcessCreate)"}}
{"@timestamp":"2023-12-15T11:03:45.205Z","DestinationIp":"192.168.1.100","DestinationPort":80,"EventID":3,"Image":"C:\\Windows\\System32\\powershell.exe","Protocol":"tcp","SourceIp":"192.168.1.100","SourcePort":53618,"agent":{"hostname":"WIN-2CL7HTUC","type":"winlogbeat","version":"8.5.0"},"destination":{"ip":"192.168.1.100","port":80},"ecs":{"version":"8.5.0"},"event":{"action":"Process creation","category":["process"],"code":3,"kind":"event","provider":"Microsoft-Windows-Sysmon","type":["start"]},"host":{"name":"WIN-EMH46LGO","os":{"family":"windows","name":"Windows Server 2019","version":"10.0.17763"}},"network":{"direction":"outbound","protocol":"tcp"},"source":{"ip":"192.168.1.100","port":53618},"winlog":{"channel":"Microsoft-Windows-Sysmon/Operational","computer_name":"WIN-GUNF3WF8.domain.local","event_id":3,"provider_name":"Microsoft-Windows-Sysmon","record_id":8228585,"task":"Process creation (rule: ProcessCreate)"}}
{"@timestamp":"2023-12-21T00:35:11.897Z","CommandLine":"C:\\Windows\\System32\\regsvr32.exe 2S8PYXQ7VP","EventID":1,"Image":"C:\\Windows\\System32\\regsvr32.exe","ParentImage":"C:\\Windows\\System32\\lsass.exe","ParentProcessId":692,"ProcessId":39314,"User":"NT AUTHORITY\\LOCAL SERVICE","agent":{"hostname":"WIN-N8VQVNLA","type":"winlogbeat","version":"8.5.0"},"ecs":{"version":"8.5.0"},"event":{"action":"Process creation","category":["process"],"code":1,"kind":"event","provider":"Microsoft-Windows-Sysmon","type":["start"]},"host":{"name":"WIN-FNPONMDE","os":{"family":"windows","name":"Windows Server 2019","version":"10.0.17763"}},"process":{"args":["C:\\Windows\\System32\\regsvr32.exe","2S8PYXQ7VP"],"command_line":"C:\\Windows\\System32\\regsvr32.exe 2S8PYXQ7VP","executable":"C:\\Windows\\System32\\regsvr32.exe","name":"regsvr32.exe","parent":{"executable":"C:\\Windows\\System32\\lsass.exe","name":"lsass.exe","pid":785},"pid":46125},"user":{"domain":"NT AUTHORITY","name":"NT AUTHORITY\\LOCAL SERVICE"},"winlog":{"channel":"Microsoft-Windows-Sysmon/Operational","computer_name":"WIN-TNQK0X36.domain.local","event_id":1,"provider_name":"Microsoft-Windows-Sysmon","record_id":2351405,"task":"Process creation (rule: ProcessCreate)"}}
{"@timestamp":"2023-02-23T02:02:09.206Z","DestinationIp":"suspicious-site.net","DestinationPort":445,"EventID":3,"Image":"C:\\Windows\\System32\\calc.exe","Protocol":"tcp","SourceIp":"192.168.1.100","SourcePort":55814,"agent":{"hostname":"WIN-PXLA6NXK","type":"winlogbeat","version":"8.5.0"},"destination":{"ip":"suspicious-site.net","port":445},"ecs":{"version":"8.5.0"},"event":{"action":"Process creation","category":["process"],"code":3,"kind":"event","provider":"Microsoft-Windows-Sysmon","type":["start"]},"host":{"name":"WIN-1IIRM0GP","os":{"family":"windows","name":"Windows Server 2019","version":"10.0.17763"}},"network":{"direction":"outbound","protocol":"tcp"},"source":{"ip":"192.168.1.100","port":55814},"winlog":{"channel":"Microsoft-Windows-Sysmon/Operational","computer_name":"WIN-K0RQCE0F.domain.local","event_id":3,"provider_name":"Microsoft-Windows-Sysmon","record_id":9199419,"task":"Process creation (rule: ProcessCreate)"}}
{"@timestamp":"2023-06-23T06:27:16.349Z","CommandLine":"C:\\Windows\\System32\\wininit.exe LBH56UWLAS","EventID":1,"Image":"C:\\Windows\\System32\\wininit.exe","ParentImage":"C:\\Windows\\System32\\regsvr32.exe","ParentProcessId":852,"ProcessId":29239,"User":"NT AUTHORITY\\LOCAL SERVICE","agent":{"hostname":"WIN-QWBW5BVJ","type":"winlogbeat","version":"8.5.0"},"ecs":{"version":"8.5.0"},"event":{"action":"Process creation","category":["process"],"code":1,"kind":"event","provider":"Microsoft-Windows-Sysmon","type":["start"]},"host":{"name":"WIN-36UU2AH8","os":{"family":"windows","name":"Windows Server 2019","version":"10.0.17763"}},"process":{"args":["C:\\Windows\\System32\\wininit.exe","LBH56UWLAS"],"command_line":"C:\\Windows\\System32\\wininit.exe LBH56UWLAS","executable":"C:\\Windows\\System32\\wininit.exe","name":"wininit.exe","parent":{"executable":"C:\\Windows\\System32\\regsvr32.exe","name":"regsvr32.exe","pid":889},"pid":30701},"user":{"domain":"NT AUTHORITY","name":"NT AUTHORITY\\LOCAL SERVICE"},"winlog":{"channel":"Microsoft-Windows-Sysmon/Operational","computer_name":"WIN-OEA1YDRH.domain.local","event_id":1,"provider_name":"Microsoft-Windows-Sysmon","record_id":3668477,"task":"Process creation (rule: ProcessCreate)"}}
{"@timestamp":"2023-05-13T14:20:13.966Z","CommandLine":"C:\\Windows\\System32\\winlogon.exe CR54Q5AEF3","EventID":1,"Image":"C:\\Windows\\System32\\winlogon.exe","ParentImage":"C:\\Windows\\System32\\mshta.exe","ParentProcessId":401,"ProcessId":7157,"User":"john.doe","agent":{"hostname":"WIN-GFYRNIUN","type":"winlogbeat","version":"8.5.0"},"ecs":{"version":"8.5.0"},"event":{"action":"Process creation","category":["process"],"code":1,"kind":"event","provider":"Microsoft-Windows-Sysmon","type":["start"]},"host":{"name":"WIN-8GCRVHJF","os":{"family":"windows","name":"Windows Server 2019","version":"10.0.17763"}},"process":{"args":["C:\\Windows\\System32\\winlogon.exe","CR54Q5AEF3"],"command_line":"C:\\Windows\\System32\\winlogon.exe CR54Q5AEF3","executable":"C:\\Windows\\System32\\winlogon.exe","name":"winlogon.exe","parent":{"executable":"C:\\Windows\\System32\\mshta.exe","name":"mshta.exe","pid":457},"pid":27202},"user":{"domain":"DOMAIN","name":"john.doe"},"winlog":{"channel":"Microsoft-Windows-Sysmon/Operational","computer_name":"WIN-QVY36DIY.domain.local","event_id":1,"provider_name":"Microsoft-Windows-Sysmon","record_id":5212538,"task":"Process creation (rule: ProcessCreate)"}}
{"@timestamp":"2023-01-15T16:26:54.119Z","CommandLine":"C:\\Windows\\System32\\rundll32.exe UOZG0ZYMA3","EventID":1,"Image":"C:\\Windows\\System32\\rundll32.exe","ParentImage":"C:\\Windows\\System32\\lsass.exe","ParentProcessId":777,"ProcessId":53869,"User":"NT AUTHORITY\\LOCAL SERVICE","agent":{"hostname":"WIN-22212G5G","type":"winlogbeat","version":"8.5.0"},"ecs":{"version":"8.5.0"},"event":{"action":"Process creation","category":["process"],"code":1,"kind":"event","provider":"Microsoft-Windows-Sysmon","type":["start"]},"host":{"name":"WIN-8BUD8Y1G","os":{"family":"windows","name":"Windows Server 2019","version":"10.0.17763"}},"process":{"args":["C:\\Windows\\System32\\rundll32.exe","UOZG0ZYMA3"],"command_line":"C:\\Windows\\System32\\rundll32.exe UOZG0ZYMA3","executable":"C:\\Windows\\System32\\rundll32.exe","name":"rundll32.exe","parent":{"executable":"C:\\Windows\\System32\\lsass.exe","name":"lsass.exe","pid":858},"pid":34431},"user":{"domain":"NT AUTHORITY","name":"NT AUTHORITY\\LOCAL SERVICE"},"winlog":{"channel":"Microsoft-Windows-Sysmon/Operational","computer_name":"WIN-ZWXZUT8E.domain.local","event_id":1,"provider_name":"Microsoft-Windows-Sysmon","record_id":2031131,"task":"Process creation (rule: ProcessCreate)"}}
{"@timestamp":"2023-12-08T19:05:05.894Z","CommandLine":"C:\\Windows\\System32\\powershell.exe MQIPRL6YPD","EventID":1,"Image":"C:\\Windows\\System32\\powershell.exe","ParentImage":"C:\\Windows\\System32\\explorer.exe","ParentProcessId":584,"ProcessId":55470,"User":"NT AUTHORITY\\NETWORK SERVICE","agent":{"hostname":"WIN-CUY67CUM","type":"winlogbeat","version":"8.5.0"},"ecs":{"version":"8.5.0"},"event":{"action":"Process creation","category":["process"],"code":1,"kind":"event","provider":"Microsoft-Windows-Sysmon","type":["start"]},"host":{"name":"WIN-2U8S2GZU","os":{"family":"windows","name":"Windows Server 2019","version":"10.0.17763"}},"process":{"args":["C:\\Windows\\System32\\powershell.exe","MQIPRL6YPD"],"command_line":"C:\\Windows\\System32\\powershell.exe MQIPRL6YPD","executable":"C:\\Windows\\System32\\powershell.exe","name":"powershell.exe","parent":{"executable":"C:\\Windows\\System32\\explorer.exe","name":"explorer.exe","pid":174},"pid":62429},"user":{"domain":"NT AUTHORITY","name":"NT AUTHORITY\\NETWORK SERVICE"},"winlog":{"channel":"Microsoft-Windows-Sysmon/Operational","computer_name":"WIN-1LTV89R4.domain.local","event_id":1,"provider_name":"Microsoft-Windows-Sysmon","record_id":9135864,"task":"Process creation (rule: ProcessCreate)"}}
{"@timestamp":"2023-05-14T14:53:53.477Z","CommandLine":"C:\\Windows\\System32\\wscript.exe 8KVVA5RYCX","EventID":1,"Image":"C:\\Windows\\System32\\wscript.exe","ParentImage":"C:\\Program Files\\Google\\Chrome\\Application\\chrome.exe","ParentProcessId":913,"ProcessId":3958,"User":"NT AUTHORITY\\LOCAL SERVICE","agent":{"hostname":"WIN-O5P5U32Y","type":"winlogbeat","version":"8.5.0"},"ecs":{"version":"8.5.0"},"event":{"action":"Process creation","category":["process"],"code":1,"kind":"event","provider":"Microsoft-Windows-Sysmon","type":["start"]},"host":{"name":"WIN-6MIEZ2WD","os":{"family":"windows","name":"Windows Server 2019","version":"10.0.17763"}},"process":{"args":["C:\\Windows\\System32\\wscript.exe","8KVVA5RYCX"],"command_line":"C:\\Windows\\System32\\wscript.exe 8KVVA5RYCX","executable":"C:\\Windows\\System32\\wscript.exe","name":"wscript.exe","parent":{"executable":"C:\\Program Files\\Google\\Chrome\\Application\\chrome.exe","name":"chrome.exe","pid":988},"pid":25351},"user":{"domain":"NT AUTHORITY","name":"NT AUTHORITY\\LOCAL SERVICE"},"winlog":{"channel":"Microsoft-Windows-Sysmon/Operational","computer_name":"WIN-ARSASI3U.domain.local","event_id":1,"provider_name":"Microsoft-Windows-Sysmon","record_id":3054659,"task":"Process creation (rule: ProcessCreate)"}}
{"@timestamp":"2023-09-28T13:16:39.470Z","CommandLine":"C:\\Program Files\\Mozilla Firefox\\firefox.exe Q63KDMSPQG","EventID":1,"Image":"C:\\Program Files\\Mozilla Firefox\\firefox.exe","ParentImage":"C:\\Windows\\System32\\winlogon.exe","ParentProcessId":408,"ProcessId":28306,"User":"NT AUTHORITY\\SYSTEM","agent":{"hostname":"WIN-MP7735PT","type":"winlogbeat","version":"8.5.0"},"ecs":{"version":"8.5.0"},"event":{"action":"Process creation","category":["process"],"code":1,"kind":"event","provider":"Microsoft-Windows-Sysmon","type":["start"]},"host":{"name":"WIN-0WQRYWGA","os":{"family":"windows","name":"Windows Server 2019","version":"10.0.17763"}},"process":{"args":["C:\\Program","Files\\Mozilla","Firefox\\firefox.exe","Q63KDMSPQG"],"command_line":"C:\\Program Files\\Mozilla Firefox\\firefox.exe Q63KDMSPQG","executable":"C:\\Program Files\\Mozilla Firefox\\firefox.exe","name":"firefox.exe","parent":{"executable":"C:\\Windows\\System32\\winlogon.exe","name":"winlogon.exe","pid":830},"pid":57616},"user":{"domain":"NT AUTHORITY","name":"NT AUTHORITY\\SYSTEM"},"winlog":{"channel":"Microsoft-Windows-Sysmon/Operational","computer_name":"WIN-XPNBP8K9.domain.local","event_id":1,"provider_name":"Microsoft-Windows-Sysmon","record_id":2434402,"task":"Process creation (rule: ProcessCreate)"}}
{"@timestamp":"2023-06-11T12:24:11.509Z","EventID":17,"Image":"C:\\Windows\\System32\\services.exe","PipeName":"\\pipe\\mojo.6837.Y1SZ4O7R","agent":{"hostname":"WIN-HP69PJEQ","type":"winlogbeat","version":"8.5.0"},"ecs":{"version":"8.5.0"},"event":{"action":"Process creation","category":["process"],"code":17,"kind":"event","provider":"Microsoft-Windows-Sysmon","type":["start"]},"host":{"name":"WIN-YMEBCLRS","os":{"family":"windows","name":"Windows Server 2019","version":"10.0.17763"}},"winlog":{"channel":"Microsoft-Windows-Sysmon/Operational","computer_name":"WIN-M15SG4N7.domain.local","event_id":17,"provider_name":"Microsoft-Windows-Sysmon","record_id":9689884,"task":"Process creation (rule: ProcessCreate)"}}
{"@timestamp":"2023-07-21T14:27:01.729Z","CommandLine":"C:\\Windows\\System32\\powershell.exe MI8KKXOXDQ","EventID":1,"Image":"C:\\Windows\\System32\\powershell.exe","ParentImage":"C:\\Windows\\System32\\svchost.exe","ParentProcessId":547,"ProcessId":8717,"User":"NT AUTHORITY\\LOCAL SERVICE","agent":{"hostname":"WIN-PPTIA6RM","type":"winlogbeat","version":"8.5.0"},"ecs":{"version":"8.5.0"},"event":{"action":"Process creation","category":["process"],"code":1,"kind":"event","provider":"Microsoft-Windows-Sysmon","type":["start"]},"host":{"name":"WIN-XXE7HVSB","os":{"family":"windows","name":"Windows Server 2019","version":"10.0.17763"}},"process":{"args":["C:\\Windows\\System32\\powershell.exe","MI8KKXOXDQ"],"command_line":"C:\\Windows\\System32\\powershell.exe MI8KKXOXDQ","executable":"C:\\Windows\\System32\\powershell.exe","name":"powershell.exe","parent":{"executable":"C:\\Windows\\System32\\svchost.exe","name":"svchost.exe","pid":618},"pid":2105},"user":{"domain":"NT AUTHORITY","name":"NT AUTHORITY\\LOCAL SERVICE"},"winlog":{"channel":"Microsoft-Windows-Sysmon/Operational","computer_name":"WIN-RM1UGF0X.domain.local","event_id":1,"provider_name":"Microsoft-Windows-Sysmon","record_id":5018520,"task":"Process creation (rule: ProcessCreate)"}}
{"@timestamp":"2023-08-26T21:32:52.841Z","DestinationIp":"172.16.0.10","DestinationPort":445,"EventID":3,"Image":"C:\\Windows\\System32\\powershell.exe","Protocol":"tcp","SourceIp":"192.168.1.100","SourcePort":59718,"agent":{"hostname":"WIN-UCCEBN7G","type":"winlogbeat","version":"8.5.0"},"destination":{"ip":"172.16.0.10","port":445},"ecs":{"version":"8.5.0"},"event":{"action":"Process creation","category":["process"],"code":3,"kind":"event","provider":"Microsoft-Windows-Sysmon","type":["start"]},"host":{"name":"WIN-SIHJ5JMC","os":{"family":"windows","name":"Windows Server 2019","version":"10.0.17763"}},"network":{"direction":"outbound","protocol":"tcp"},"source":{"ip":"192.168.1.100","port":59718},"winlog":{"channel":"Microsoft-Windows-Sysmon/Operational","computer_name":"WIN-HC5IZ2VC.domain.local","event_id":3,"provider_name":"Microsoft-Windows-Sysmon","record_id":2395520,"task":"Process creation (rule: ProcessCreate)"}}
{"@timestamp":"2023-06-03T04:57:49.201Z","DestinationIp":"172.16.0.10","DestinationPort":8080,"EventID":3,"Image":"C:\\Windows\\System32\\mshta.exe","Protocol":"tcp","SourceIp":"192.168.1.100","SourcePort":64833,"agent":{"hostname":"WIN-ZSL30I2A","type":"winlogbeat","version":"8.5.0"},"destination":{"ip":"172.16.0.10","port":8080},"ecs":{"version":"8.5.0"},"event":{"action":"Process creation","category":["process"],"code":3,"kind":"event","provider":"Microsoft-Windows-Sysmon","type":["start"]},"host":{"name":"WIN-L75KOY01","os":{"family":"windows","name":"Windows Server 2019","version":"10.0.17763"}},"network":{"direction":"outbound","protocol":"tcp"},"source":{"ip":"192.168.1.100","port":64833},"winlog":{"channel":"Microsoft-Windows-Sysmon/Operational","computer_name":"WIN-3HSUXB69.domain.local","event_id":3,"provider_name":"Microsoft-Windows-Sysmon","record_id":9906189,"task":"Process creation (rule: ProcessCreate)"}}
{"@timestamp":"2023-02-15T14:51:11.202Z","CommandLine":"C:\\Windows\\System32\\cmd.exe AG4EGNKR7R","EventID":1,"Image":"C:\\Windows\\System32\\cmd.exe","ParentImage":"C:\\Windows\\System32\\lsass.exe","ParentProcessId":386,"ProcessId":61762,"User":"NT AUTHORITY\\SYSTEM","agent":{"hostname":"WIN-KFYVQHT4","type":"winlogbeat","version":"8.5.0"},"ecs":{"version":"8.5.0"},"event":{"action":"Process creation","category":["process"],"code":1,"kind":"event","provider":"Microsoft-Windows-Sysmon","type":["start"]},"host":{"name":"WIN-SV1V3O82","os":{"family":"windows","name":"Windows Server 2019","version":"10.0.17763"}},"process":{"args":["C:\\Windows\\System32\\cmd.exe","AG4EGNKR7R"],"command_line":"C:\\Windows\\System32\\cmd.exe AG4EGNKR7R","executable":"C:\\Windows\\System32\\cmd.exe","name":"cmd.exe","parent":{"executable":"C:\\Windows\\System32\\lsass.exe","name":"lsass.exe","pid":374},"pid":14918},"user":{"domain":"NT AUTHORITY","name":"NT AUTHORITY\\SYSTEM"},"winlog":{"channel":"Microsoft-Windows-Sysmon/Operational","computer_name":"WIN-8S3TV78M.domain.local","event_id":1,"provider_name":"Microsoft-Windows-Sysmon","record_id":4526874,"task":"Process creation (rule: ProcessCreate)"}}
{"@timestamp":"2023-10-27T21:32:53.291Z","EventID":17,"Image":"C:\\Windows\\System32\\explorer.exe","PipeName":"\\pipe\\lsarpc","agent":{"hostname":"WIN-VG3E5QMF","type":"winlogbeat","version":"8.5.0"},"ecs":{"version":"8.5.0"},"event":{"action":"Process creation","category":["process"],"code":17,"kind":"event","provider":"Microsoft-Windows-Sysmon","type":["start"]},"host":{"name":"WIN-43LAMIJL","os":{"family":"windows","name":"Windows Server 2019","version":"10.0.17763"}},"winlog":{"channel":"Microsoft-Windows-Sysmon/Operational","computer_name":"WIN-B6EMGGSC.domain.local","event_id":17,"provider_name":"Microsoft-Windows-Sysmon","record_id":6586691,"task":"Process creation (rule: ProcessCreate)"}}
{"@timestamp":"2023-09-12T11:26:25.278Z","CommandLine":"C:\\Windows\\System32\\WindowsPowerShell\\v1.0\\powershell.exe IH66JFWVD9","EventID":1,"Image":"C:\\Windows\\System32\\WindowsPowerShell\\v1.0\\powershell.exe","ParentImage":"C:\\Windows\\System32\\spoolsv.exe","ParentProcessId":900,"ProcessId":10045,"User":"john.doe","agent":{"hostname":"WIN-G343S1HY","type":"winlogbeat","version":"8.5.0"},"ecs":{"version":"8.5.0"},"event":{"action":"Process creation","category":["process"],"code":1,"kind":"event","provider":"Microsoft-Windows-Sysmon","type":["start"]},"host":{"name":"WIN-ZICRX6XB","os":{"family":"windows","name":"Windows Server 2019","version":"10.0.17763"}},"process":{"args":["C:\\Windows\\System32\\WindowsPowerShell\\v1.0\\powershell.exe","IH66JFWVD9"],"command_line":"C:\\Windows\\System32\\WindowsPowerShell\\v1.0\\powershell.exe IH66JFWVD9","executable":"C:\\Windows\\System32\\WindowsPowerShell\\v1.0\\powershell.exe","name":"powershell.exe","parent":{"executable":"C:\\Windows\\System32\\spoolsv.exe","name":"spoolsv.exe","pid":992},"pid":29338},"user":{"domain":"DOMAIN","name":"john.doe"},"winlog":{"channel":"Microsoft-Windows-Sysmon/Operational","computer_name":"WIN-7MI1E644.domain.local","event_id":1,"provider_name":"Microsoft-Windows-Sysmon","record_id":2269675,"task":"Process creation (rule: ProcessCreate)"}}
{"@timestamp":"2023-02-18T19:55:45.222Z","Details":"C:\\temp\\1N7CMXGA.exe","EventID":13,"Image":"C:\\Windows\\System32\\cscript.exe","TargetObject":"HKLM\\SOFTWARE\\Microsoft\\Windows\\CurrentVersion\\Run\\NZVNGWNSLF","agent":{"hostname":"WIN-R3FM7IJX","type":"winlogbeat","version":"8.5.0"},"ecs":{"version":"8.5.0"},"event":{"action":"Process creation","category":["process"],"code":13,"kind":"event","provider":"Microsoft-Windows-Sysmon","type":["start"]},"host":{"name":"WIN-LA3GLO2S","os":{"family":"windows","name":"Windows Server 2019","version":"10.0.17763"}},"registry":{"data":{"strings":["C:\\temp\\F842EZ1E.exe"]},"key":"HKLM\\SOFTWARE\\Microsoft\\Windows\\CurrentVersion\\Run","value":"CKYEB1T77Q"},"winlog":{"channel":"Microsoft-Windows-Sysmon/Operational","computer_name":"WIN-0NFY9B2L.domain.local","event_id":13,"provider_name":"Microsoft-Windows-Sysmon","record_id":7286227,"task":"Process creation (rule: ProcessCreate)"}}
{"@timestamp":"2023-04-16T16:32:42.361Z","CommandLine":"C:\\Windows\\System32\\lsass.exe SNWYXXGN91","EventID":1,"Image":"C:\\Windows\\System32\\lsass.exe","ParentImage":"C:\\Windows\\System32\\services.exe","ParentProcessId":900,"ProcessId":19980,"User":"NT AUTHORITY\\SYSTEM","agent":{"hostname":"WIN-QUYSAX03","type":"winlogbeat","version":"8.5.0"},"ecs":{"version":"8.5.0"},"event":{"action":"Process creation","category":["process"],"code":1,"kind":"event","provider":"Microsoft-Windows-Sysmon","type":["start"]},"host":{"name":"WIN-18U6CXII","os":{"family":"windows","name":"Windows Server 2019","version":"10.0.17763"}},"process":{"args":["C:\\Windows\\System32\\lsass.exe","SNWYXXGN91"],"command_line":"C:\\Windows\\System32\\lsass.exe SNWYXXGN91","executable":"C:\\Windows\\System32\\lsass.exe","name":"lsass.exe","parent":{"executable":"C:\\Windows\\System32\\services.exe","name":"services.exe","pid":773},"pid":64320},"user":{"domain":"NT AUTHORITY","name":"NT AUTHORITY\\SYSTEM"},"winlog":{"channel":"Microsoft-Windows-Sysmon/Operational","computer_name":"WIN-OYDXNXTN.domain.local","event_id":1,"provider_name":"Microsoft-Windows-Sysmon","record_id":2879585,"task":"Process creation (rule: ProcessCreate)"}}
{"@timestamp":"2023-01-14T02:20:39.387Z","CommandLine":"C:\\Windows\\System32\\calc.exe 9M3L0BY709","EventID":1,"Image":"C:\\Windows\\System32\\calc.exe","ParentImage":"C:\\Windows\\System32\\explorer.exe","ParentProcessId":672,"ProcessId":56691,"User":"jane.smith","agent":{"hostname":"WIN-MO6PG4W2","type":"winlogbeat","version":"8.5.0"},"ecs":{"version":"8.5.0"},"event":{"action":"Process creation","category":["process"],"code":1,"kind":"event","provider":"Microsoft-Windows-Sysmon","type":["start"]},"host":{"name":"WIN-U1DU8KRP","os":{"family":"windows","name":"Windows Server 2019","version":"10.0.17763"}},"process":{"args":["C:\\Windows\\System32\\calc.exe","9M3L0BY709"],"command_line":"C:\\Windows\\System32\\calc.exe 9M3L0BY709","executable":"C:\\Windows\\System32\\calc.exe","name":"calc.exe","parent":{"executable":"C:\\Windows\\System32\\explorer.exe","name":"explorer.exe","pid":711},"pid":47901},"user":{"domain":"DOMAIN","name":"jane.smith"},"winlog":{"channel":"Microsoft-Windows-Sysmon/Operational","computer_name":"WIN-4DEFQS7V.domain.local","event_id":1,"provider_name":"Microsoft-Windows-Sysmon","record_id":6818113,"task":"Process creation (rule: ProcessCreate)"}}
{"@timestamp":"2023-09-23T21:06:41.304Z","CommandLine":"C:\\Windows\\System32\\notepad.exe document.txt","EventID":1,"Image":"C:\\Windows\\System32\\notepad.exe","ParentImage":"C:\\Program Files\\Mozilla Firefox\\firefox.exe","ParentProcessId":866,"ProcessId":20286,"User":"NT AUTHORITY\\NETWORK SERVICE","agent":{"hostname":"WIN-AH2UTFCQ","type":"winlogbeat","version":"8.5.0"},"ecs":{"version":"8.5.0"},"event":{"action":"Process creation","category":["process"],"code":1,"kind":"event","provider":"Microsoft-Windows-Sysmon","type":["start"]},"host":{"name":"WIN-UMWT9OAM","os":{"family":"windows","name":"Windows Server 2019","version":"10.0.17763"}},"process":{"args":["C:\\Windows\\System32\\notepad.exe","document.txt"],"command_line":"C:\\Windows\\System32\\notepad.exe document.txt","executable":"C:\\Windows\\System32\\notepad.exe","name":"notepad.exe","parent":{"executable":"C:\\Program Files\\Mozilla Firefox\\firefox.exe","name":"firefox.exe","pid":236},"pid":42877},"user":{"domain":"NT AUTHORITY","name":"NT AUTHORITY\\NETWORK SERVICE"},"winlog":{"channel":"Microsoft-Windows-Sysmon/Operational","computer_name":"WIN-6HXH93XT.domain.local","event_id":1,"provider_name":"Microsoft-Windows-Sysmon","record_id":9206073,"task":"Process creation (rule: ProcessCreate)"}}
{"@timestamp":"2023-06-22T07:40:37.404Z","DestinationIp":"8.8.8.8","DestinationPort":80,"EventID":3,"Image":"C:\\Windows\\System32\\WindowsPowerShell\\v1.0\\powershell.exe","Protocol":"tcp","SourceIp":"192.168.1.100","SourcePort":64551,"agent":{"hostname":"WIN-8N12QIBJ","type":"winlogbeat","version":"8.5.0"},"destination":{"ip":"8.8.8.8","port":80},"ecs":{"version":"8.5.0"},"event":{"action":"Process creation","category":["process"],"code":3,"kind":"event","provider":"Microsoft-Windows-Sysmon","type":["start"]},"host":{"name":"WIN-6H11P7WM","os":{"family":"windows","name":"Windows Server 2019","version":"10.0.17763"}},"network":{"direction":"outbound","protocol":"tcp"},"source":{"ip":"192.168.1.100","port":64551},"winlog":{"channel":"Microsoft-Windows-Sysmon/Operational","computer_name":"WIN-18PDCK3X.domain.local","event_id":3,"provider_name":"Microsoft-Windows-Sysmon","record_id":3707687,"task":"Process creation (rule: ProcessCreate)"}}
{"@timestamp":"2023-07-09T18:58:43.956Z","EventID":17,"Image":"C:\\Windows\\System32\\spoolsv.exe","PipeName":"\\pipe\\srvsvc","agent":{"hostname":"WIN-K9X1B1WZ","type":"winlogbeat","version":"8.5.0"},"ecs":{"version":"8.5.0"},"event":{"action":"Process creation","category":["process"],"code":17,"kind":"event","provider":"Microsoft-Windows-Sysmon","type":["start"]},"host":{"name":"WIN-MLLKF3YS","os":{"family":"windows","name":"Windows Server 2019","version":"10.0.17763"}},"winlog":{"channel":"Microsoft-Windows-Sysmon/Operational","computer_name":"WIN-CXPSHPDN.domain.local","event_id":17,"provider_name":"Microsoft-Windows-Sysmon","record_id":1087859,"task":"Process creation (rule: ProcessCreate)"}}
{"@timestamp":"2023-02-17T05:24:59.371Z","DestinationIp":"suspicious-site.net","DestinationPort":445,"EventID":3,"Image":"C:\\Windows\\System32\\powershell.exe","Protocol":"tcp","SourceIp":"192.168.1.100","SourcePort":62705,"agent":{"hostname":"WIN-2MRY1NZG","type":"winlogbeat","version":"8.5.0"},"destination":{"ip":"suspicious-site.net","port":445},"ecs":{"version":"8.5.0"},"event":{"action":"Process creation","category":["process"],"code":3,"kind":"event","provider":"Microsoft-Windows-Sysmon","type":["start"]},"host":{"name":"WIN-YFH203W7","os":{"family":"windows","name":"Windows Server 2019","version":"10.0.17763"}},"network":{"direction":"outbound","protocol":"tcp"},"source":{"ip":"192.168.1.100","port":62705},"winlog":{"channel":"Microsoft-Windows-Sysmon/Operational","computer_name":"WIN-HFUEGXXF.domain.local","event_id":3,"provider_name":"Microsoft-Windows-Sysmon","record_id":6343966,"task":"Process creation (rule: ProcessCreate)"}}
{"@timestamp":"2023-05-15T15:24:27.723Z","EventID":17,"Image":"C:\\Windows\\System32\\lsass.exe","PipeName":"\\pipe\\MSCTF.Server.JKDKZ5GJ7647R6Q2ZWNLIFPLY79EJL8AKIS3","agent":{"hostname":"WIN-O129TAJN","type":"winlogbeat","version":"8.5.0"},"ecs":{"version":"8.5.0"},"event":{"action":"Process creation","category":["process"],"code":17,"kind":"event","provider":"Microsoft-Windows-Sysmon","type":["start"]},"host":{"name":"WIN-EES4RM2S","os":{"family":"windows","name":"Windows Server 2019","version":"10.0.17763"}},"winlog":{"channel":"Microsoft-Windows-Sysmon/Operational","computer_name":"WIN-I4JCCH31.domain.local","event_id":17,"provider_name":"Microsoft-Windows-Sysmon","record_id":4466981,"task":"Process creation (rule: ProcessCreate)"}}
{"@timestamp":"2023-12-01T03:48:52.383Z","EventID":17,"Image":"C:\\Windows\\System32\\regsvr32.exe","PipeName":"\\pipe\\netlogon","agent":{"hostname":"WIN-OEXAS9T4","type":"winlogbeat","version":"8.5.0"},"ecs":{"version":"8.5.0"},"event":{"action":"Process creation","category":["process"],"code":17,"kind":"event","provider":"Microsoft-Windows-Sysmon","type":["start"]},"host":{"name":"WIN-DR6DVLKH","os":{"family":"windows","name":"Windows Server 2019","version":"10.0.17763"}},"winlog":{"channel":"Microsoft-Windows-Sysmon/Operational","computer_name":"WIN-G3Z1HW3C.domain.local","event_id":17,"provider_name":"Microsoft-Windows-Sysmon","record_id":5714802,"task":"Process creation (rule: ProcessCreate)"}}
{"@timestamp":"2023-03-18T11:58:50.797Z","Details":"C:\\temp\\A2LMIMO9.exe","EventID":13,"Image":"C:\\Windows\\System32\\wininit.exe","TargetObject":"HKLM\\SOFTWARE\\Microsoft\\Windows\\CurrentVersion\\Run\\L55L1YJNZ6","agent":{"hostname":"WIN-0V75H3WN","type":"winlogbeat","version":"8.5.0"},"ecs":{"version":"8.5.0"},"event":{"action":"Process creation","category":["process"],"code":13,"kind":"event","provider":"Microsoft-Windows-Sysmon","type":["start"]},"host":{"name":"WIN-CV7B3USY","os":{"family":"windows","name":"Windows Server 2019","version":"10.0.17763"}},"registry":{"data":{"strings":["C:\\temp\\O4ZVG877.exe"]},"key":"HKLM\\SOFTWARE\\Microsoft\\Windows\\CurrentVersion\\Run","value":"ZKEBNQ4LUU"},"winlog":{"channel":"Microsoft-Windows-Sysmon/Operational","computer_name":"WIN-M6QSPVEJ.domain.local","event_id":13,"provider_name":"Microsoft-Windows-Sysmon","record_id":9189433,"task":"Process creation (rule: ProcessCreate)"}}
{"@timestamp":"2023-07-02T17:43:56.436Z","Details":"C:\\temp\\IVJH229W.exe","EventID":13,"Image":"C:\\Windows\\System32\\services.exe","TargetObject":"HKCU\\SOFTWARE\\Microsoft\\Windows\\CurrentVersion\\Run\\Z4ATY3ZMN5","agent":{"hostname":"WIN-J6YAXJ4P","type":"winlogbeat","version":"8.5.0"},"ecs":{"version":"8.5.0"},"event":{"action":"Process creation","category":["process"],"code":13,"kind":"event","provider":"Microsoft-Windows-Sysmon","type":["start"]},"host":{"name":"WIN-NS78GWMG","os":{"family":"windows","name":"Windows Server 2019","version":"10.0.17763"}},"registry":{"data":{"strings":["C:\\temp\\PVO3MAJ8.exe"]},"key":"HKCU\\SOFTWARE\\Microsoft\\Windows\\CurrentVersion\\Run","value":"M8SZEQF6GT"},"winlog":{"channel":"Microsoft-Windows-Sysmon/Operational","computer_name":"WIN-AW9QQQPD.domain.local","event_id":13,"provider_name":"Microsoft-Windows-Sysmon","record_id":3910091,"task":"Process creation (rule: ProcessCreate)"}}
{"@timestamp":"2023-01-01T14:34:29.540Z","DestinationIp":"172.16.0.10","DestinationPort":8443,"EventID":3,"Image":"C:\\Windows\\System32\\rundll32.exe","Protocol":"tcp","SourceIp":"192.168.1.100","SourcePort":54129,"agent":{"hostname":"WIN-S6CCUJQR","type":"winlogbeat","version":"8.5.0"},"destination":{"ip":"172.16.0.10","port":8443},"ecs":{"version":"8.5.0"},"event":{"action":"Process creation","category":["process"],"code":3,"kind":"event","provider":"Microsoft-Windows-Sysmon","type":["start"]},"host":{"name":"WIN-LH6K1UPG","os":{"family":"windows","name":"Windows Server 2019","version":"10.0.17763"}},"network":{"direction":"outbound","protocol":"tcp"},"source":{"ip":"192.168.1.100","port":54129},"winlog":{"channel":"Microsoft-Windows-Sysmon/Operational","computer_name":"WIN-UDWUTCFL.domain.local","event_id":3,"provider_name":"Microsoft-Windows-Sysmon","record_id":1010889,"task":"Process creation (rule: ProcessCreate)"}}
{"@timestamp":"2023-08-17T12:44:56.188Z","CommandLine":"C:\\Windows\\System32\\svchost.exe FNJ5YEZLWH","EventID":1,"Image":"C:\\Windows\\System32\\svchost.exe","ParentImage":"C:\\Windows\\System32\\calc.exe","ParentProcessId":512,"ProcessId":20034,"User":"john.doe","agent":{"hostname":"WIN-7JXG3L5Q","type":"winlogbeat","version":"8.5.0"},"ecs":{"version":"8.5.0"},"event":{"action":"Process creation","category":["process"],"code":1,"kind":"event","provider":"Microsoft-Windows-Sysmon","type":["start"]},"host":{"name":"WIN-YPPU4QRW","os":{"family":"windows","name":"Windows Server 2019","version":"10.0.17763"}},"process":{"args":["C:\\Windows\\System32\\svchost.exe","FNJ5YEZLWH"],"command_line":"C:\\Windows\\System32\\svchost.exe FNJ5YEZLWH","executable":"C:\\Windows\\System32\\svchost.exe","name":"svchost.exe","parent":{"executable":"C:\\Windows\\System32\\calc.exe","name":"calc.exe","pid":191},"pid":38928},"user":{"domain":"DOMAIN","name":"john.doe"},"winlog":{"channel":"Microsoft-Windows-Sysmon/Operational","computer_name":"WIN-0YN13QSE.domain.local","event_id":1,"provider_name":"Microsoft-Windows-Sysmon","record_id":5714775,"task":"Process creation (rule: ProcessCreate)"}}
{"@timestamp":"2023-03-04T14:54:02.631Z","DestinationIp":"malicious-domain.com","DestinationPort":445,"EventID":3,"Image":"C:\\Windows\\System32\\taskmgr.exe","Protocol":"tcp","SourceIp":"192.168.1.100","SourcePort":54782,"agent":{"hostname":"WIN-2XH22BCS","type":"winlogbeat","version":"8.5.0"},"destination":{"ip":"malicious-domain.com","port":445},"ecs":{"version":"8.5.0"},"event":{"action":"Process creation","category":["process"],"code":3,"kind":"event","provider":"Microsoft-Windows-Sysmon","type":["start"]},"host":{"name":"WIN-K9W8FEWP","os":{"family":"windows","name":"Windows Server 2019","version":"10.0.17763"}},"network":{"direction":"outbound","protocol":"tcp"},"source":{"ip":"192.168.1.100","port":54782},"winlog":{"channel":"Microsoft-Windows-Sysmon/Operational","computer_name":"WIN-ERQOMRFG.domain.local","event_id":3,"provider_name":"Microsoft-Windows-Sysmon","record_id":6760683,"task":"Process creation (rule: ProcessCreate)"}}
{"@timestamp":"2023-10-04T06:31:12.747Z","CommandLine":"C:\\Windows\\System32\\cscript.exe IM50C4339R","EventID":1,"Image":"C:\\Windows\\System32\\cscript.exe","ParentImage":"C:\\Windows\\System32\\svchost.exe","ParentProcessId":332,"ProcessId":40486,"User":"Administrator","agent":{"hostname":"WIN-JFTITANZ","type":"winlogbeat","version":"8.5.0"},"ecs":{"version":"8.5.0"},"event":{"action":"Process creation","category":["process"],"code":1,"kind":"event","provider":"Microsoft-Windows-Sysmon","type":["start"]},"host":{"name":"WIN-XJKWB05S","os":{"family":"windows","name":"Windows Server 2019","version":"10.0.17763"}},"process":{"args":["C:\\Windows\\System32\\cscript.exe","IM50C4339R"],"command_line":"C:\\Windows\\System32\\cscript.exe IM50C4339R","executable":"C:\\Windows\\System32\\cscript.exe","name":"cscript.exe","parent":{"executable":"C:\\Windows\\System32\\svchost.exe","name":"svchost.exe","pid":882},"pid":45985},"user":{"domain":"DOMAIN","name":"Administrator"},"winlog":{"channel":"Microsoft-Windows-Sysmon/Operational","computer_name":"WIN-AJRM6PVX.domain.local","event_id":1,"provider_name":"Microsoft-Windows-Sysmon","record_id":1112917,"task":"Process creation (rule: ProcessCreate)"}}
{"@timestamp":"2023-12-22T12:37:12.329Z","CommandLine":"C:\\Windows\\System32\\calc.exe LBWDJCDPBF","EventID":1,"Image":"C:\\Windows\\System32\\calc.exe","ParentImage":"C:\\Windows\\System32\\services.exe","ParentProcessId":886,"ProcessId":9515,"User":"SYSTEM","agent":{"hostname":"WIN-8AJYHEHE","type":"winlogbeat","version":"8.5.0"},"ecs":{"version":"8.5.0"},"event":{"action":"Process creation","category":["process"],"code":1,"kind":"event","provider":"Microsoft-Windows-Sysmon","type":["start"]},"host":{"name":"WIN-MLBOBYI9","os":{"family":"windows","name":"Windows Server 2019","version":"10.0.17763"}},"process":{"args":["C:\\Windows\\System32\\calc.exe","LBWDJCDPBF"],"command_line":"C:\\Windows\\System32\\calc.exe LBWDJCDPBF","executable":"C:\\Windows\\System32\\calc.exe","name":"calc.exe","parent":{"executable":"C:\\Windows\\System32\\services.exe","name":"services.exe","pid":846},"pid":41638},"user":{"domain":"DOMAIN","name":"SYSTEM"},"winlog":{"channel":"Microsoft-Windows-Sysmon/Operational","computer_name":"WIN-C70RTQ0G.domain.local","event_id":1,"provider_name":"Microsoft-Windows-Sysmon","record_id":2874385,"task":"Process creation (rule: ProcessCreate)"}}
