{"@timestamp":"2023-05-02T10:26:01.249Z","CommandLine":"C:\\Windows\\System32\\cmd.exe X80BVSSC71","EventID":1,"Image":"C:\\Windows\\System32\\cmd.exe","ParentImage":"C:\\Windows\\System32\\powershell.exe","ParentProcessId":639,"ProcessId":50612,"User":"NT AUTHORITY\\NETWORK SERVICE","agent":{"hostname":"WIN-VQBI5V35","type":"winlogbeat","version":"8.5.0"},"ecs":{"version":"8.5.0"},"event":{"action":"Process creation","category":["process"],"code":1,"kind":"event","provider":"Microsoft-Windows-Sysmon","type":["start"]},"host":{"name":"WIN-9V4N9ZCM","os":{"family":"windows","name":"Windows Server 2019","version":"10.0.17763"}},"process":{"args":["C:\\Windows\\System32\\cmd.exe","X80BVSSC71"],"command_line":"C:\\Windows\\System32\\cmd.exe X80BVSSC71","executable":"C:\\Windows\\System32\\cmd.exe","name":"cmd.exe","parent":{"executable":"C:\\Windows\\System32\\powershell.exe","name":"powershell.exe","pid":650},"pid":58216},"user":{"domain":"NT AUTHORITY","name":"NT AUTHORITY\\NETWORK SERVICE"},"winlog":{"channel":"Microsoft-Windows-Sysmon/Operational","computer_name":"WIN-IC2XQWR3.domain.local","event_id":1,"provider_name":"Microsoft-Windows-Sysmon","record_id":9405512,"task":"Process creation (rule: ProcessCreate)"}}
{"@timestamp":"2023-09-09T23:08:07.720Z","DestinationIp":"1.1.1.1","DestinationPort":139,"EventID":3,"Image":"C:\\Windows\\System32\\WindowsPowerShell\\v1.0\\powershell.exe","Protocol":"tcp","SourceIp":"192.168.1.100","SourcePort":56620,"agent":{"hostname":"WIN-TQEKSNCT","type":"winlogbeat","version":"8.5.0"},"destination":{"ip":"1.1.1.1","port":139},"ecs":{"version":"8.5.0"},"event":{"action":"Process creation","category":["process"],"code":3,"kind":"event","provider":"Microsoft-Windows-Sysmon","type":["start"]},"host":{"name":"WIN-V6Y5Q2AC","os":{"family":"windows","name":"Windows Server 2019","version":"10.0.17763"}},"network":{"direction":"outbound","protocol":"tcp"},"source":{"ip":"192.168.1.100","port":56620},"winlog":{"channel":"Microsoft-Windows-Sysmon/Operational","computer_name":"WIN-FJV588CP.domain.local","event_id":3,"provider_name":"Microsoft-Windows-Sysmon","record_id":2620263,"task":"Process creation (rule: ProcessCreate)"}}
{"@timestamp":"2023-12-22T19:10:48.261Z","Details":"C:\\temp\\MRZWGUX2.exe","EventID":13,"Image":"C:\\Windows\\System32\\wscript.exe","TargetObject":"HKLM\\SYSTEM\\CurrentControlSet\\Services\\68GG3SIT3M","agent":{"hostname":"WIN-62Q9L00X","type":"winlogbeat","version":"8.5.0"},"ecs":{"version":"8.5.0"},"event":{"action":"Process creation","category":["process"],"code":13,"kind":"event","provider":"Microsoft-Windows-Sysmon","type":["start"]},"host":{"name":"WIN-65AMUCPF","os":{"family":"windows","name":"Windows Server 2019","version":"10.0.17763"}},"registry":{"data":{"strings":["C:\\temp\\ZBCVXG32.exe"]},"key":"HKLM\\SYSTEM\\CurrentControlSet\\Services","value":"ZE4C6G9QFN"},"winlog":{"channel":"Microsoft-Windows-Sysmon/Operational","computer_name":"WIN-OV1B3RZ4.domain.local","event_id":13,"provider_name":"Microsoft-Windows-Sysmon","record_id":4424773,"task":"Process creation (rule: ProcessCreate)"}}
{"@timestamp":"2023-04-20T02:39:41.485Z","CommandLine":"C:\\Windows\\System32\\notepad.exe document.txt","EventID":1,"Image":"C:\\Windows\\System32\\notepad.exe","ParentImage":"C:\\Windows\\System32\\svchost.exe","ParentProcessId":563,"ProcessId":45768,"User":"admin","agent":{"hostname":"WIN-B95JMVJ3","type":"winlogbeat","version":"8.5.0"},"ecs":{"version":"8.5.0"},"event":{"action":"Process creation","category":["process"],"code":1,"kind":"event","provider":"Microsoft-Windows-Sysmon","type":["start"]},"host":{"name":"WIN-S9JETAXF","os":{"family":"windows","name":"Windows Server 2019","version":"10.0.17763"}},"process":{"args":["C:\\Windows\\System32\\notepad.exe","document.txt"],"command_line":"C:\\Windows\\System32\\notepad.exe document.txt","executable":"C:\\Windows\\System32\\notepad.exe","name":"notepad.exe","parent":{"executable":"C:\\Windows\\System32\\svchost.exe","name":"svchost.exe","pid":469},"pid":36588},"user":{"domain":"DOMAIN","name":"admin"},"winlog":{"channel":"Microsoft-Windows-Sysmon/Operational","computer_name":"WIN-29R8V6IJ.domain.local","event_id":1,"provider_name":"Microsoft-Windows-Sysmon","record_id":8276780,"task":"Process creation (rule: ProcessCreate)"}}
{"@timestamp":"2023-07-05T10:48:00.564Z","EventID":17,"Image":"C:\\Windows\\System32\\spoolsv.exe","PipeName":"\\pipe\\srvsvc","agent":{"hostname":"WIN-68FXDAJY","type":"winlogbeat","version":"8.5.0"},"ecs":{"version":"8.5.0"},"event":{"action":"Process creation","category":["process"],"code":17,"kind":"event","provider":"Microsoft-Windows-Sysmon","type":["start"]},"host":{"name":"WIN-YNAU1NXS","os":{"family":"windows","name":"Windows Server 2019","version":"10.0.17763"}},"winlog":{"channel":"Microsoft-Windows-Sysmon/Operational","computer_name":"WIN-I7REPFSL.domain.local","event_id":17,"provider_name":"Microsoft-Windows-Sysmon","record_id":8679904,"task":"Process creation (rule: ProcessCreate)"}}
{"@timestamp":"2023-03-08T22:58:15.412Z","DestinationIp":"1.1.1.1","DestinationPort":3389,"EventID":3,"Image":"C:\\Windows\\System32\\rundll32.exe","Protocol":"tcp","SourceIp":"192.168.1.100","SourcePort":64742,"agent":{"hostname":"WIN-04YK4C0E","type":"winlogbeat","version":"8.5.0"},"destination":{"ip":"1.1.1.1","port":3389},"ecs":{"version":"8.5.0"},"event":{"action":"Process creation","category":["process"],"code":3,"kind":"event","provider":"Microsoft-Windows-Sysmon","type":["start"]},"host":{"name":"WIN-AZW1NAJ4","os":{"family":"windows","name":"Windows Server 2019","version":"10.0.17763"}},"network":{"direction":"outbound","protocol":"tcp"},"source":{"ip":"192.168.1.100","port":64742},"winlog":{"channel":"Microsoft-Windows-Sysmon/Operational","computer_name":"WIN-PVG33I4K.domain.local","event_id":3,"provider_name":"Microsoft-Windows-Sysmon","record_id":5206096,"task":"Process creation (rule: ProcessCreate)"}}
{"@timestamp":"2023-06-08T19:17:56.372Z","CommandLine":"C:\\Windows\\System32\\powershell.exe FXC6AG5N1C","EventID":1,"Image":"C:\\Windows\\System32\\powershell.exe","ParentImage":"C:\\Windows\\System32\\services.exe","ParentProcessId":300,"ProcessId":21614,"User":"jane.smith","agent":{"hostname":"WIN-XPPT45YO","type":"winlogbeat","version":"8.5.0"},"ecs":{"version":"8.5.0"},"event":{"action":"Process creation","category":["process"],"code":1,"kind":"event","provider":"Microsoft-Windows-Sysmon","type":["start"]},"host":{"name":"WIN-3ERQ24RX","os":{"family":"windows","name":"Windows Server 2019","version":"10.0.17763"}},"process":{"args":["C:\\Windows\\System32\\powershell.exe","FXC6AG5N1C"],"command_line":"C:\\Windows\\System32\\powershell.exe FXC6AG5N1C","executable":"C:\\Windows\\System32\\powershell.exe","name":"powershell.exe","parent":{"executable":"C:\\Windows\\System32\\services.exe","name":"services.exe","pid":130},"pid":42357},"user":{"domain":"DOMAIN","name":"jane.smith"},"winlog":{"channel":"Microsoft-Windows-Sysmon/Operational","computer_name":"WIN-DEV924L8.domain.local","event_id":1,"provider_name":"Microsoft-Windows-Sysmon","record_id":3665917,"task":"Process creation (rule: ProcessCreate)"}}
{"@timestamp":"2023-11-01T12:53:13.574Z","CommandLine":"C:\\Windows\\System32\\services.exe M40N6E33CN","EventID":1,"Image":"C:\\Windows\\System32\\services.exe","ParentImage":"C:\\Windows\\System32\\cmd.exe","ParentProcessId":576,"ProcessId":60364,"User":"jane.smith","agent":{"hostname":"WIN-SBLJM6JZ","type":"winlogbeat","version":"8.5.0"},"ecs":{"version":"8.5.0"},"event":{"action":"Process creation","category":["process"],"code":1,"kind":"event","provider":"Microsoft-Windows-Sysmon","type":["start"]},"host":{"name":"WIN-776QY7R4","os":{"family":"windows","name":"Windows Server 2019","version":"10.0.17763"}},"process":{"args":["C:\\Windows\\System32\\services.exe","M40N6E33CN"],"command_line":"C:\\Windows\\System32\\services.exe M40N6E33CN","executable":"C:\\Windows\\System32\\services.exe","name":"services.exe","parent":{"executable":"C:\\Windows\\System32\\cmd.exe","name":"cmd.exe","pid":657},"pid":7969},"user":{"domain":"DOMAIN","name":"jane.smith"},"winlog":{"channel":"Microsoft-Windows-Sysmon/Operational","computer_name":"WIN-0W89KS02.domain.local","event_id":1,"provider_name":"Microsoft-Windows-Sysmon","record_id":6912262,"task":"Process creation (rule: ProcessCreate)"}}
{"@timestamp":"2023-10-10T01:38:54.403Z","DestinationIp":"172.16.0.10","DestinationPort":8080,"EventID":3,"Image":"C:\\Windows\\System32\\cmd.exe","Protocol":"tcp","SourceIp":"192.168.1.100","SourcePort":59085,"agent":{"hostname":"WIN-WD21W5EK","type":"winlogbeat","version":"8.5.0"},"destination":{"ip":"172.16.0.10","port":8080},"ecs":{"version":"8.5.0"},"event":{"action":"Process creation","category":["process"],"code":3,"kind":"event","provider":"Microsoft-Windows-Sysmon","type":["start"]},"host":{"name":"WIN-LTOIDR8Z","os":{"family":"windows","name":"Windows Server 2019","version":"10.0.17763"}},"network":{"direction":"outbound","protocol":"tcp"},"source":{"ip":"192.168.1.100","port":59085},"winlog":{"channel":"Microsoft-Windows-Sysmon/Operational","computer_name":"WIN-MUHXEBPC.domain.local","event_id":3,"provider_name":"Microsoft-Windows-Sysmon","record_id":2522237,"task":"Process creation (rule: ProcessCreate)"}}
{"@timestamp":"2023-10-14T23:54:27.867Z","CommandLine":"C:\\Windows\\System32\\WindowsPowerShell\\v1.0\\powershell.exe TNYX3966LE","EventID":1,"Image":"C:\\Windows\\System32\\WindowsPowerShell\\v1.0\\powershell.exe","ParentImage":"C:\\Windows\\System32\\svchost.exe","ParentProcessId":788,"ProcessId":8912,"User":"DefaultAccount","agent":{"hostname":"WIN-DR9RWT5Q","type":"winlogbeat","version":"8.5.0"},"ecs":{"version":"8.5.0"},"event":{"action":"Process creation","category":["process"],"code":1,"kind":"event","provider":"Microsoft-Windows-Sysmon","type":["start"]},"host":{"name":"WIN-J9RYAYDT","os":{"family":"windows","name":"Windows Server 2019","version":"10.0.17763"}},"process":{"args":["C:\\Windows\\System32\\WindowsPowerShell\\v1.0\\powershell.exe","TNYX3966LE"],"command_line":"C:\\Windows\\System32\\WindowsPowerShell\\v1.0\\powershell.exe TNYX3966LE","executable":"C:\\Windows\\System32\\WindowsPowerShell\\v1.0\\powershell.exe","name":"powershell.exe","parent":{"executable":"C:\\Windows\\System32\\svchost.exe","name":"svchost.exe","pid":382},"pid":21929},"user":{"domain":"DOMAIN","name":"DefaultAccount"},"winlog":{"channel":"Microsoft-Windows-Sysmon/Operational","computer_name":"WIN-73GLP4XH.domain.local","event_id":1,"provider_name":"Microsoft-Windows-Sysmon","record_id":7970269,"task":"Process creation (rule: ProcessCreate)"}}
{"@timestamp":"2023-01-05T17:44:38.860Z","EventID":17,"Image":"C:\\Windows\\System32\\wscript.exe","PipeName":"\\pipe\\samr","agent":{"hostname":"WIN-GHIF7SYA","type":"winlogbeat","version":"8.5.0"},"ecs":{"version":"8.5.0"},"event":{"action":"Process creation","category":["process"],"code":17,"kind":"event","provider":"Microsoft-Windows-Sysmon","type":["start"]},"host":{"name":"WIN-XGH49ZXV","os":{"family":"windows","name":"Windows Server 2019","version":"10.0.17763"}},"winlog":{"channel":"Microsoft-Windows-Sysmon/Operational","computer_name":"WIN-1QXQJ4MI.domain.local","event_id":17,"provider_name":"Microsoft-Windows-Sysmon","record_id":8607164,"task":"Process creation (rule: ProcessCreate)"}}
{"@timestamp":"2023-02-04T04:46:44.729Z","CommandLine":"C:\\Windows\\System32\\rundll32.exe AGPU003ZJB","EventID":1,"Image":"C:\\Windows\\System32\\rundll32.exe","ParentImage":"C:\\Windows\\System32\\cscript.exe","ParentProcessId":232,"ProcessId":9997,"User":"john.doe","agent":{"hostname":"WIN-LQ4AVUKR","type":"winlogbeat","version":"8.5.0"},"ecs":{"version":"8.5.0"},"event":{"action":"Process creation","category":["process"],"code":1,"kind":"event","provider":"Microsoft-Windows-Sysmon","type":["start"]},"host":{"name":"WIN-G81V0LFX","os":{"family":"windows","name":"Windows Server 2019","version":"10.0.17763"}},"process":{"args":["C:\\Windows\\System32\\rundll32.exe","AGPU003ZJB"],"command_line":"C:\\Windows\\System32\\rundll32.exe AGPU003ZJB","executable":"C:\\Windows\\System32\\rundll32.exe","name":"rundll32.exe","parent":{"executable":"C:\\Windows\\System32\\cscript.exe","name":"cscript.exe","pid":498},"pid":54948},"user":{"domain":"DOMAIN","name":"john.doe"},"winlog":{"channel":"Microsoft-Windows-Sysmon/Operational","computer_name":"WIN-GBBTGO52.domain.local","event_id":1,"provider_name":"Microsoft-Windows-Sysmon","record_id":6819960,"task":"Process creation (rule: ProcessCreate)"}}
{"@timestamp":"2023-07-28T21:22:12.808Z","CommandLine":"C:\\Windows\\System32\\WindowsPowerShell\\v1.0\\powershell.exe EXSRU1JBQY","EventID":1,"Image":"C:\\Windows\\System32\\WindowsPowerShell\\v1.0\\powershell.exe","ParentImage":"C:\\Windows\\System32\\mshta.exe","ParentProcessId":423,"ProcessId":53402,"User":"NT AUTHORITY\\NETWORK SERVICE","agent":{"hostname":"WIN-VT8UL301","type":"winlogbeat","version":"8.5.0"},"ecs":{"version":"8.5.0"},"event":{"action":"Process creation","category":["process"],"code":1,"kind":"event","provider":"Microsoft-Windows-Sysmon","type":["start"]},"host":{"name":"WIN-OCKJ0TDZ","os":{"family":"windows","name":"Windows Server 2019","version":"10.0.17763"}},"process":{"args":["C:\\Windows\\System32\\WindowsPowerShell\\v1.0\\powershell.exe","EXSRU1JBQY"],"command_line":"C:\\Windows\\System32\\WindowsPowerShell\\v1.0\\powershell.exe EXSRU1JBQY","executable":"C:\\Windows\\System32\\WindowsPowerShell\\v1.0\\powershell.exe","name":"powershell.exe","parent":{"executable":"C:\\Windows\\System32\\mshta.exe","name":"mshta.exe","pid":254},"pid":36236},"user":{"domain":"NT AUTHORITY","name":"NT AUTHORITY\\NETWORK SERVICE"},"winlog":{"channel":"Microsoft-Windows-Sysmon/Operational","computer_name":"WIN-P6DW60IT.domain.local","event_id":1,"provider_name":"Microsoft-Windows-Sysmon","record_id":7988701,"task":"Process creation (rule: ProcessCreate)"}}
{"@timestamp":"2023-11-13T02:25:21.832Z","CommandLine":"C:\\Windows\\System32\\regsvr32.exe S1MK0T5JBE","EventID":1,"Image":"C:\\Windows\\System32\\regsvr32.exe","ParentImage":"C:\\Windows\\System32\\calc.exe","ParentProcessId":582,"ProcessId":50662,"User":"DefaultAccount","agent":{"hostname":"WIN-OKK3BRR4","type":"winlogbeat","version":"8.5.0"},"ecs":{"version":"8.5.0"},"event":{"action":"Process creation","category":["process"],"code":1,"kind":"event","provider":"Microsoft-Windows-Sysmon","type":["start"]},"host":{"name":"WIN-TQPXC29T","os":{"family":"windows","name":"Windows Server 2019","version":"10.0.17763"}},"process":{"args":["C:\\Windows\\System32\\regsvr32.exe","S1MK0T5JBE"],"command_line":"C:\\Windows\\System32\\regsvr32.exe S1MK0T5JBE","executable":"C:\\Windows\\System32\\regsvr32.exe","name":"regsvr32.exe","parent":{"executable":"C:\\Windows\\System32\\calc.exe","name":"calc.exe","pid":916},"pid":50344},"user":{"domain":"DOMAIN","name":"DefaultAccount"},"winlog":{"channel":"Microsoft-Windows-Sysmon/Operational","computer_name":"WIN-3L38FLQ8.domain.local","event_id":1,"provider_name":"Microsoft-Windows-Sysmon","record_id":9261365,"task":"Process creation (rule: ProcessCreate)"}}
{"@timestamp":"2023-11-03T03:39:14.299Z","DestinationIp":"suspicious-site.net","DestinationPort":443,"EventID":3,"Image":"C:\\Windows\\System32\\powershell.exe","Protocol":"tcp","SourceIp":"192.168.1.100","SourcePort":52656,"agent":{"hostname":"WIN-KMU5S1NM","type":"winlogbeat","version":"8.5.0"},"destination":{"ip":"suspicious-site.net","port":443},"ecs":{"version":"8.5.0"},"event":{"action":"Process creation","category":["process"],"code":3,"kind":"event","provider":"Microsoft-Windows-Sysmon","type":["start"]},"host":{"name":"WIN-5HVU31Y9","os":{"family":"windows","name":"Windows Server 2019","version":"10.0.17763"}},"network":{"direction":"outbound","protocol":"tcp"},"source":{"ip":"192.168.1.100","port":52656},"winlog":{"channel":"Microsoft-Windows-Sysmon/Operational","computer_name":"WIN-DVBLH7SU.domain.local","event_id":3,"provider_name":"Microsoft-Windows-Sysmon","record_id":2511788,"task":"Process creation (rule: ProcessCreate)"}}
{"@timestamp":"2023-01-21T15:17:53.659Z","CommandLine":"C:\\Windows\\System32\\services.exe N1UTUSN6B4","EventID":1,"Image":"C:\\Windows\\System32\\services.exe","ParentImage":"C:\\Windows\\System32\\rundll32.exe","ParentProcessId":815,"ProcessId":45273,"User":"john.doe","agent":{"hostname":"WIN-GDSB9KIC","type":"winlogbeat","version":"8.5.0"},"ecs":{"version":"8.5.0"},"event":{"action":"Process creation","category":["process"],"code":1,"kind":"event","provider":"Microsoft-Windows-Sysmon","type":["start"]},"host":{"name":"WIN-P351CHOO","os":{"family":"windows","name":"Windows Server 2019","version":"10.0.17763"}},"process":{"args":["C:\\Windows\\System32\\services.exe","N1UTUSN6B4"],"command_line":"C:\\Windows\\System32\\services.exe N1UTUSN6B4","executable":"C:\\Windows\\System32\\services.exe","name":"services.exe","parent":{"executable":"C:\\Windows\\System32\\rundll32.exe","name":"rundll32.exe","pid":114},"pid":20802},"user":{"domain":"DOMAIN","name":"john.doe"},"winlog":{"channel":"Microsoft-Windows-Sysmon/Operational","computer_name":"WIN-3T182420.domain.local","event_id":1,"provider_name":"Microsoft-Windows-Sysmon","record_id":7932645,"task":"Process creation (rule: ProcessCreate)"}}
{"@timestamp":"2023-05-24T22:40:46.405Z","Details":"C:\\temp\\RYUY9IQN.exe","EventID":13,"Image":"C:\\Program Files (x86)\\Microsoft\\Edge\\Application\\msedge.exe","TargetObject":"HKLM\\SOFTWARE\\Classes\\exefile\\shell\\open\\command\\QE0LV7XOXM","agent":{"hostname":"WIN-4933O7IH","type":"winlogbeat","version":"8.5.0"},"ecs":{"version":"8.5.0"},"event":{"action":"Process creation","category":["process"],"code":13,"kind":"event","provider":"Microsoft-Windows-Sysmon","type":["start"]},"host":{"name":"WIN-NNU0CB5U","os":{"family":"windows","name":"Windows Server 2019","version":"10.0.17763"}},"registry":{"data":{"strings":["C:\\temp\\X3R7T1BQ.exe"]},"key":"HKLM\\SOFTWARE\\Classes\\exefile\\shell\\open\\command","value":"5ZRY0BS9QG"},"winlog":{"channel":"Microsoft-Windows-Sysmon/Operational","computer_name":"WIN-QONFBB2V.domain.local","event_id":13,"provider_name":"Microsoft-Windows-Sysmon","record_id":6548997,"task":"Process creation (rule: ProcessCreate)"}}
{"@timestamp":"2023-12-01T04:57:58.516Z","DestinationIp":"172.16.0.10","DestinationPort":139,"EventID":3,"Image":"C:\\Windows\\System32\\wininit.exe","Protocol":"tcp","SourceIp":"192.168.1.100","SourcePort":52507,"agent":{"hostname":"WIN-7E78W8SI","type":"winlogbeat","version":"8.5.0"},"destination":{"ip":"172.16.0.10","port":139},"ecs":{"version":"8.5.0"},"event":{"action":"Process creation","category":["process"],"code":3,"kind":"event","provider":"Microsoft-Windows-Sysmon","type":["start"]},"host":{"name":"WIN-7I4NZLEV","os":{"family":"windows","name":"Windows Server 2019","version":"10.0.17763"}},"network":{"direction":"outbound","protocol":"tcp"},"source":{"ip":"192.168.1.100","port":52507},"winlog":{"channel":"Microsoft-Windows-Sysmon/Operational","computer_name":"WIN-GQBXQ4RX.domain.local","event_id":3,"provider_name":"Microsoft-Windows-Sysmon","record_id":9905777,"task":"Process creation (rule: ProcessCreate)"}}
{"@timestamp":"2023-04-14T16:42:54.610Z","CommandLine":"C:\\Windows\\System32\\certutil.exe 65JFEC7TL9AC32QOZUQM","EventID":1,"Image":"C:\\Windows\\System32\\certutil.exe","ParentImage":"C:\\Windows\\System32\\svchost.exe","ParentProcessId":127,"ProcessId":37419,"User":"NT AUTHORITY\\SYSTEM","agent":{"hostname":"WIN-7FU2OSKM","type":"winlogbeat","version":"8.5.0"},"ecs":{"version":"8.5.0"},"event":{"action":"Process creation","category":["process"],"code":1,"kind":"event","provider":"Microsoft-Windows-Sysmon","type":["start"]},"host":{"name":"WIN-YTIBSQW8","os":{"family":"windows","name":"Windows Server 2019","version":"10.0.17763"}},"process":{"args":["C:\\Windows\\System32\\certutil.exe","65JFEC7TL9AC32QOZUQM"],"command_line":"C:\\Windows\\System32\\certutil.exe 65JFEC7TL9AC32QOZUQM","executable":"C:\\Windows\\System32\\certutil.exe","name":"certutil.exe","parent":{"executable":"C:\\Windows\\System32\\svchost.exe","name":"svchost.exe","pid":559},"pid":34144},"user":{"domain":"NT AUTHORITY","name":"NT AUTHORITY\\SYSTEM"},"winlog":{"channel":"Microsoft-Windows-Sysmon/Operational","computer_name":"WIN-NUFBDL1W.domain.local","event_id":1,"provider_name":"Microsoft-Windows-Sysmon","record_id":2737289,"task":"Process creation (rule: ProcessCreate)"}}
{"@timestamp":"2023-08-06T01:22:24.178Z","CommandLine":"C:\\Windows\\System32\\services.exe VHQ4SDLG7Z","EventID":1,"Image":"C:\\Windows\\System32\\services.exe","ParentImage":"C:\\Windows\\System32\\wininit.exe","ParentProcessId":165,"ProcessId":54923,"User":"NT AUTHORITY\\LOCAL SERVICE","agent":{"hostname":"WIN-MX13VYMC","type":"winlogbeat","version":"8.5.0"},"ecs":{"version":"8.5.0"},"event":{"action":"Process creation","category":["process"],"code":1,"kind":"event","provider":"Microsoft-Windows-Sysmon","type":["start"]},"host":{"name":"WIN-K8HLXFHI","os":{"family":"windows","name":"Windows Server 2019","version":"10.0.17763"}},"process":{"args":["C:\\Windows\\System32\\services.exe","VHQ4SDLG7Z"],"command_line":"C:\\Windows\\System32\\services.exe VHQ4SDLG7Z","executable":"C:\\Windows\\System32\\services.exe","name":"services.exe","parent":{"executable":"C:\\Windows\\System32\\wininit.exe","name":"wininit.exe","pid":367},"pid":18704},"user":{"domain":"NT AUTHORITY","name":"NT AUTHORITY\\LOCAL SERVICE"},"winlog":{"channel":"Microsoft-Windows-Sysmon/Operational","computer_name":"WIN-YR4NIW54.domain.local","event_id":1,"provider_name":"Microsoft-Windows-Sysmon","record_id":6351967,"task":"Process creation (rule: ProcessCreate)"}}
{"@timestamp":"2023-05-13T06:47:13.951Z","CommandLine":"C:\\Program Files (x86)\\Microsoft\\Edge\\Application\\msedge.exe 1GY8OT20EB","EventID":1,"Image":"C:\\Program Files (x86)\\Microsoft\\Edge\\Application\\msedge.exe","ParentImage":"C:\\Windows\\System32\\svchost.exe","ParentProcessId":773,"ProcessId":48246,"User":"jane.smith","agent":{"hostname":"WIN-05UYNWZ0","type":"winlogbeat","version":"8.5.0"},"ecs":{"version":"8.5.0"},"event":{"action":"Process creation","category":["process"],"code":1,"kind":"event","provider":"Microsoft-Windows-Sysmon","type":["start"]},"host":{"name":"WIN-6LBH6Z30","os":{"family":"windows","name":"Windows Server 2019","version":"10.0.17763"}},"process":{"args":["C:\\Program","Files","(x86)\\Microsoft\\Edge\\Application\\msedge.exe","1GY8OT20EB"],"command_line":"C:\\Program Files (x86)\\Microsoft\\Edge\\Application\\msedge.exe 1GY8OT20EB","executable":"C:\\Program Files (x86)\\Microsoft\\Edge\\Application\\msedge.exe","name":"msedge.exe","parent":{"executable":"C:\\Windows\\System32\\svchost.exe","name":"svchost.exe","pid":212},"pid":64531},"user":{"domain":"DOMAIN","name":"jane.smith"},"winlog":{"channel":"Microsoft-Windows-Sysmon/Operational","computer_name":"WIN-Z8TESRT8.domain.local","event_id":1,"provider_name":"Microsoft-Windows-Sysmon","record_id":6005401,"task":"Process creation (rule: ProcessCreate)"}}
{"@timestamp":"2023-10-08T05:47:22.629Z","DestinationIp":"172.16.0.10","DestinationPort":139,"EventID":3,"Image":"C:\\Windows\\System32\\notepad.exe","Protocol":"tcp","SourceIp":"192.168.1.100","SourcePort":64604,"agent":{"hostname":"WIN-NEC89KJI","type":"winlogbeat","version":"8.5.0"},"destination":{"ip":"172.16.0.10","port":139},"ecs":{"version":"8.5.0"},"event":{"action":"Process creation","category":["process"],"code":3,"kind":"event","provider":"Microsoft-Windows-Sysmon","type":["start"]},"host":{"name":"WIN-ZKTL2GOM","os":{"family":"windows","name":"Windows Server 2019","version":"10.0.17763"}},"network":{"direction":"outbound","protocol":"tcp"},"source":{"ip":"192.168.1.100","port":64604},"winlog":{"channel":"Microsoft-Windows-Sysmon/Operational","computer_name":"WIN-5BQID72B.domain.local","event_id":3,"provider_name":"Microsoft-Windows-Sysmon","record_id":4212039,"task":"Process creation (rule: ProcessCreate)"}}
{"@timestamp":"2023-09-28T23:15:46.837Z","Details":"C:\\temp\\VYGLBQLO.exe","EventID":13,"Image":"C:\\Windows\\System32\\regsvr32.exe","TargetObject":"HKLM\\SOFTWARE\\Microsoft\\Windows\\CurrentVersion\\Run\\C6A8943VQV","agent":{"hostname":"WIN-H97PFIWH","type":"winlogbeat","version":"8.5.0"},"ecs":{"version":"8.5.0"},"event":{"action":"Process creation","category":["process"],"code":13,"kind":"event","provider":"Microsoft-Windows-Sysmon","type":["start"]},"host":{"name":"WIN-PECICPT9","os":{"family":"windows","name":"Windows Server 2019","version":"10.0.17763"}},"registry":{"data":{"strings":["C:\\temp\\K4TK3GZY.exe"]},"key":"HKLM\\SOFTWARE\\Microsoft\\Windows\\CurrentVersion\\Run","value":"60KEOLLH1C"},"winlog":{"channel":"Microsoft-Windows-Sysmon/Operational","computer_name":"WIN-KXE2QRR2.domain.local","event_id":13,"provider_name":"Microsoft-Windows-Sysmon","record_id":9953521,"task":"Process creation (rule: ProcessCreate)"}}
{"@timestamp":"2023-12-25T07:06:47.314Z","Details":"C:\\temp\\JUWIJBWD.exe","EventID":13,"Image":"C:\\Windows\\System32\\cmd.exe","TargetObject":"HKLM\\SOFTWARE\\Microsoft\\Windows\\CurrentVersion\\Run\\ZL42BCAFXM","agent":{"hostname":"WIN-LSYO133S","type":"winlogbeat","version":"8.5.0"},"ecs":{"version":"8.5.0"},"event":{"action":"Process creation","category":["process"],"code":13,"kind":"event","provider":"Microsoft-Windows-Sysmon","type":["start"]},"host":{"name":"WIN-V4J2TYO6","os":{"family":"windows","name":"Windows Server 2019","version":"10.0.17763"}},"registry":{"data":{"strings":["C:\\temp\\M6PMLGH1.exe"]},"key":"HKLM\\SOFTWARE\\Microsoft\\Windows\\CurrentVersion\\Run","value":"5WI1Y1XEIR"},"winlog":{"channel":"Microsoft-Windows-Sysmon/Operational","computer_name":"WIN-XACTG80K.domain.local","event_id":13,"provider_name":"Microsoft-Windows-Sysmon","record_id":4494262,"task":"Process creation (rule: ProcessCreate)"}}
{"@timestamp":"2023-10-25T00:08:44.704Z","CommandLine":"C:\\Windows\\System32\\explorer.exe","EventID":1,"Image":"C:\\Windows\\System32\\explorer.exe","ParentImage":"C:\\Windows\\System32\\notepad.exe","ParentProcessId":675,"ProcessId":30376,"User":"Guest","agent":{"hostname":"WIN-3E5KJ1BS","type":"winlogbeat","version":"8.5.0"},"ecs":{"version":"8.5.0"},"event":{"action":"Process creation","category":["process"],"code":1,"kind":"event","provider":"Microsoft-Windows-Sysmon","type":["start"]},"host":{"name":"WIN-0BN20U6C","os":{"family":"windows","name":"Windows Server 2019","version":"10.0.17763"}},"process":{"args":["C:\\Windows\\System32\\explorer.exe"],"command_line":"C:\\Windows\\System32\\explorer.exe","executable":"C:\\Windows\\System32\\explorer.exe","name":"explorer.exe","parent":{"executable":"C:\\Windows\\System32\\notepad.exe","name":"notepad.exe","pid":324},"pid":20637},"user":{"domain":"DOMAIN","name":"Guest"},"winlog":{"channel":"Microsoft-Windows-Sysmon/Operational","computer_name":"WIN-50RP86W2.domain.local","event_id":1,"provider_name":"Microsoft-Windows-Sysmon","record_id":6699819,"task":"Process creation (rule: ProcessCreate)"}}
{"@timestamp":"2023-09-07T17:55:28.611Z","CommandLine":"C:\\Program Files\\Google\\Chrome\\Application\\chrome.exe --new-tab https://example.com","EventID":1,"Image":"C:\\Program Files\\Google\\Chrome\\Application\\chrome.exe","ParentImage":"C:\\Windows\\System32\\spoolsv.exe","ParentProcessId":914,"ProcessId":27355,"User":"NT AUTHORITY\\LOCAL SERVICE","agent":{"hostname":"WIN-0RYI3NN4","type":"winlogbeat","version":"8.5.0"},"ecs":{"version":"8.5.0"},"event":{"action":"Process creation","category":["process"],"code":1,"kind":"event","provider":"Microsoft-Windows-Sysmon","type":["start"]},"host":{"name":"WIN-VTMIH3FO","os":{"family":"windows","name":"Windows Server 2019","version":"10.0.17763"}},"process":{"args":["C:\\Program","Files\\Google\\Chrome\\Application\\chrome.exe","--new-tab","https://example.com"],"command_line":"C:\\Program Files\\Google\\Chrome\\Application\\chrome.exe --new-tab https://example.com","executable":"C:\\Program Files\\Google\\Chrome\\Application\\chrome.exe","name":"chrome.exe","parent":{"executable":"C:\\Windows\\System32\\spoolsv.exe","name":"spoolsv.exe","pid":589},"pid":20780},"user":{"domain":"NT AUTHORITY","name":"NT AUTHORITY\\LOCAL SERVICE"},"winlog":{"channel":"Microsoft-Windows-Sysmon/Operational","computer_name":"WIN-K421KZEE.domain.local","event_id":1,"provider_name":"Microsoft-Windows-Sysmon","record_id":8128469,"task":"Process creation (rule: ProcessCreate)"}}
{"@timestamp":"2023-07-11T14:37:02.163Z","CommandLine":"C:\\Windows\\System32\\wininit.exe W215WJK93N","EventID":1,"Image":"C:\\Windows\\System32\\wininit.exe","ParentImage":"C:\\Windows\\System32\\winlogon.exe","ParentProcessId":190,"ProcessId":17783,"User":"SYSTEM","agent":{"hostname":"WIN-DCOH3KXC","type":"winlogbeat","version":"8.5.0"},"ecs":{"version":"8.5.0"},"event":{"action":"Process creation","category":["process"],"code":1,"kind":"event","provider":"Microsoft-Windows-Sysmon","type":["start"]},"host":{"name":"WIN-VIEEVTZA","os":{"family":"windows","name":"Windows Server 2019","version":"10.0.17763"}},"process":{"args":["C:\\Windows\\System32\\wininit.exe","W215WJK93N"],"command_line":"C:\\Windows\\System32\\wininit.exe W215WJK93N","executable":"C:\\Windows\\System32\\wininit.exe","name":"wininit.exe","parent":{"executable":"C:\\Windows\\System32\\winlogon.exe","name":"winlogon.exe","pid":817},"pid":11183},"user":{"domain":"DOMAIN","name":"SYSTEM"},"winlog":{"channel":"Microsoft-Windows-Sysmon/Operational","computer_name":"WIN-6KJ350EX.domain.local","event_id":1,"provider_name":"Microsoft-Windows-Sysmon","record_id":1269807,"task":"Process creation (rule: ProcessCreate)"}}
{"@timestamp":"2023-10-15T16:52:57.122Z","CommandLine":"C:\\Windows\\System32\\spoolsv.exe 9DGSZRR4A6","EventID":1,"Image":"C:\\Windows\\System32\\spoolsv.exe","ParentImage":"C:\\Windows\\System32\\explorer.exe","ParentProcessId":827,"ProcessId":50479,"User":"jane.smith","agent":{"hostname":"WIN-O98HK6YJ","type":"winlogbeat","version":"8.5.0"},"ecs":{"version":"8.5.0"},"event":{"action":"Process creation","category":["process"],"code":1,"kind":"event","provider":"Microsoft-Windows-Sysmon","type":["start"]},"host":{"name":"WIN-V8J9TYVP","os":{"family":"windows","name":"Windows Server 2019","version":"10.0.17763"}},"process":{"args":["C:\\Windows\\System32\\spoolsv.exe","9DGSZRR4A6"],"command_line":"C:\\Windows\\System32\\spoolsv.exe 9DGSZRR4A6","executable":"C:\\Windows\\System32\\spoolsv.exe","name":"spoolsv.exe","parent":{"executable":"C:\\Windows\\System32\\explorer.exe","name":"explorer.exe","pid":609},"pid":26949},"user":{"domain":"DOMAIN","name":"jane.smith"},"winlog":{"channel":"Microsoft-Windows-Sysmon/Operational","computer_name":"WIN-P2UVBQZ4.domain.local","event_id":1,"provider_name":"Microsoft-Windows-Sysmon","record_id":2914235,"task":"Process creation (rule: ProcessCreate)"}}
{"@timestamp":"2023-06-17T10:17:42.470Z","DestinationIp":"malicious-domain.com","DestinationPort":445,"EventID":3,"Image":"C:\\Windows\\System32\\lsass.exe","Protocol":"tcp","SourceIp":"192.168.1.100","SourcePort":56303,"agent":{"hostname":"WIN-KLJD47J9","type":"winlogbeat","version":"8.5.0"},"destination":{"ip":"malicious-domain.com","port":445},"ecs":{"version":"8.5.0"},"event":{"action":"Process creation","category":["process"],"code":3,"kind":"event","provider":"Microsoft-Windows-Sysmon","type":["start"]},"host":{"name":"WIN-8CP3JF51","os":{"family":"windows","name":"Windows Server 2019","version":"10.0.17763"}},"network":{"direction":"outbound","protocol":"tcp"},"source":{"ip":"192.168.1.100","port":56303},"winlog":{"channel":"Microsoft-Windows-Sysmon/Operational","computer_name":"WIN-FZKW30HG.domain.local","event_id":3,"provider_name":"Microsoft-Windows-Sysmon","record_id":4983067,"task":"Process creation (rule: ProcessCreate)"}}
{"@timestamp":"2023-07-24T09:20:47.370Z","Details":"C:\\temp\\ETSZ4N9H.exe","EventID":13,"Image":"C:\\Windows\\System32\\powershell.exe","TargetObject":"HKLM\\SYSTEM\\CurrentControlSet\\Services\\P55UVLA98L","agent":{"hostname":"WIN-8V0BEWMC","type":"winlogbeat","version":"8.5.0"},"ecs":{"version":"8.5.0"},"event":{"action":"Process creation","category":["process"],"code":13,"kind":"event","provider":"Microsoft-Windows-Sysmon","type":["start"]},"host":{"name":"WIN-HTC5XJJ0","os":{"family":"windows","name":"Windows Server 2019","version":"10.0.17763"}},"registry":{"data":{"strings":["C:\\temp\\KDZDTXG1.exe"]},"key":"HKLM\\SYSTEM\\CurrentControlSet\\Services","value":"BKSGFMEV8Z"},"winlog":{"channel":"Microsoft-Windows-Sysmon/Operational","computer_name":"WIN-QUFG9112.domain.local","event_id":13,"provider_name":"Microsoft-Windows-Sysmon","record_id":6459770,"task":"Process creation (rule: ProcessCreate)"}}
{"@timestamp":"2023-03-09T09:29:49.239Z","EventID":17,"Image":"C:\\Windows\\System32\\rundll32.exe","PipeName":"\\pipe\\MSCTF.Server.KX3JE5B0YA4YL1T9A3TR2X8SMF5Q37EGSM51","agent":{"hostname":"WIN-VB6LQQYR","type":"winlogbeat","version":"8.5.0"},"ecs":{"version":"8.5.0"},"event":{"action":"Process creation","category":["process"],"code":17,"kind":"event","provider":"Microsoft-Windows-Sysmon","type":["start"]},"host":{"name":"WIN-H2F8MFZW","os":{"family":"windows","name":"Windows Server 2019","version":"10.0.17763"}},"winlog":{"channel":"Microsoft-Windows-Sysmon/Operational","computer_name":"WIN-VK1VLK5R.domain.local","event_id":17,"provider_name":"Microsoft-Windows-Sysmon","record_id":3588011,"task":"Process creation (rule: ProcessCreate)"}}
{"@timestamp":"2023-10-15T16:22:09.451Z","CommandLine":"C:\\Windows\\System32\\wscript.exe 99D4342C8X","EventID":1,"Image":"C:\\Windows\\System32\\wscript.exe","ParentImage":"C:\\Windows\\System32\\rundll32.exe","ParentProcessId":286,"ProcessId":23753,"User":"NT AUTHORITY\\SYSTEM","agent":{"hostname":"WIN-MBE9FHI9","type":"winlogbeat","version":"8.5.0"},"ecs":{"version":"8.5.0"},"event":{"action":"Process creation","category":["process"],"code":1,"kind":"event","provider":"Microsoft-Windows-Sysmon","type":["start"]},"host":{"name":"WIN-PC2EVCC2","os":{"family":"windows","name":"Windows Server 2019","version":"10.0.17763"}},"process":{"args":["C:\\Windows\\System32\\wscript.exe","99D4342C8X"],"command_line":"C:\\Windows\\System32\\wscript.exe 99D4342C8X","executable":"C:\\Windows\\System32\\wscript.exe","name":"wscript.exe","parent":{"executable":"C:\\Windows\\System32\\rundll32.exe","name":"rundll32.exe","pid":335},"pid":33043},"user":{"domain":"NT AUTHORITY","name":"NT AUTHORITY\\SYSTEM"},"winlog":{"channel":"Microsoft-Windows-Sysmon/Operational","computer_name":"WIN-FM7791GH.domain.local","event_id":1,"provider_name":"Microsoft-Windows-Sysmon","record_id":1529016,"task":"Process creation (rule: ProcessCreate)"}}
{"@timestamp":"2023-11-22T03:31:15.953Z","DestinationIp":"8.8.8.8","DestinationPort":8443,"EventID":3,"Image":"C:\\Windows\\System32\\taskmgr.exe","Protocol":"tcp","SourceIp":"192.168.1.100","SourcePort":58931,"agent":{"hostname":"WIN-89RPBTSL","type":"winlogbeat","version":"8.5.0"},"destination":{"ip":"8.8.8.8","port":8443},"ecs":{"version":"8.5.0"},"event":{"action":"Process creation","category":["process"],"code":3,"kind":"event","provider":"Microsoft-Windows-Sysmon","type":["start"]},"host":{"name":"WIN-B7XSSTQD","os":{"family":"windows","name":"Windows Server 2019","version":"10.0.17763"}},"network":{"direction":"outbound","protocol":"tcp"},"source":{"ip":"192.168.1.100","port":58931},"winlog":{"channel":"Microsoft-Windows-Sysmon/Operational","computer_name":"WIN-OSQ2PE4O.domain.local","event_id":3,"provider_name":"Microsoft-Windows-Sysmon","record_id":8571024,"task":"Process creation (rule: ProcessCreate)"}}
{"@timestamp":"2023-02-06T14:15:54.591Z","DestinationIp":"legitimate-service.com","DestinationPort":8080,"EventID":3,"Image":"C:\\Windows\\System32\\taskmgr.exe","Protocol":"tcp","SourceIp":"192.168.1.100","SourcePort":62777,"agent":{"hostname":"WIN-V29E33IS","type":"winlogbeat","version":"8.5.0"},"destination":{"ip":"legitimate-service.com","port":8080},"ecs":{"version":"8.5.0"},"event":{"action":"Process creation","category":["process"],"code":3,"kind":"event","provider":"Microsoft-Windows-Sysmon","type":["start"]},"host":{"name":"WIN-1RZW65VV","os":{"family":"windows","name":"Windows Server 2019","version":"10.0.17763"}},"network":{"direction":"outbound","protocol":"tcp"},"source":{"ip":"192.168.1.100","port":62777},"winlog":{"channel":"Microsoft-Windows-Sysmon/Operational","computer_name":"WIN-J9I2W6HK.domain.local","event_id":3,"provider_name":"Microsoft-Windows-Sysmon","record_id":5306872,"task":"Process creation (rule: ProcessCreate)"}}
{"@timestamp":"2023-11-19T17:46:02.318Z","Details":"C:\\temp\\8FEG4MCI.exe","EventID":13,"Image":"C:\\Windows\\System32\\explorer.exe","TargetObject":"HKLM\\SYSTEM\\CurrentControlSet\\Services\\7XEPPW8JEJ","agent":{"hostname":"WIN-1L04W8L8","type":"winlogbeat","version":"8.5.0"},"ecs":{"version":"8.5.0"},"event":{"action":"Process creation","category":["process"],"code":13,"kind":"event","provider":"Microsoft-Windows-Sysmon","type":["start"]},"host":{"name":"WIN-YDVHU88D","os":{"family":"windows","name":"Windows Server 2019","version":"10.0.17763"}},"registry":{"data":{"strings":["C:\\temp\\03WV74LV.exe"]},"key":"HKLM\\SYSTEM\\CurrentControlSet\\Services","value":"BRSBPHEIB5"},"winlog":{"channel":"Microsoft-Windows-Sysmon/Operational","computer_name":"WIN-82ZYKVJ3.domain.local","event_id":13,"provider_name":"Microsoft-Windows-Sysmon","record_id":5611487,"task":"Process creation (rule: ProcessCreate)"}}
{"@timestamp":"2023-08-24T12:07:19.226Z","Details":"C:\\temp\\P4E7DQG1.exe","EventID":13,"Image":"C:\\Windows\\System32\\notepad.exe","TargetObject":"HKLM\\SOFTWARE\\Microsoft\\Windows\\CurrentVersion\\Run\\ZVV86WXMS1","agent":{"hostname":"WIN-M8XGK6TB","type":"winlogbeat","version":"8.5.0"},"ecs":{"version":"8.5.0"},"event":{"action":"Process creation","category":["process"],"code":13,"kind":"event","provider":"Microsoft-Windows-Sysmon","type":["start"]},"host":{"name":"WIN-LZTG1XIV","os":{"family":"windows","name":"Windows Server 2019","version":"10.0.17763"}},"registry":{"data":{"strings":["C:\\temp\\PLJ89CSC.exe"]},"key":"HKLM\\SOFTWARE\\Microsoft\\Windows\\CurrentVersion\\Run","value":"ZTOQRTQDU5"},"winlog":{"channel":"Microsoft-Windows-Sysmon/Operational","computer_name":"WIN-GJY1LJ5Z.domain.local","event_id":13,"provider_name":"Microsoft-Windows-Sysmon","record_id":8865814,"task":"Process creation (rule: ProcessCreate)"}}
{"@timestamp":"2023-05-14T11:31:17.717Z","DestinationIp":"legitimate-service.com","DestinationPort":139,"EventID":3,"Image":"C:\\Windows\\System32\\lsass.exe","Protocol":"tcp","SourceIp":"192.168.1.100","SourcePort":55231,"agent":{"hostname":"WIN-5SGWW1SH","type":"winlogbeat","version":"8.5.0"},"destination":{"ip":"legitimate-service.com","port":139},"ecs":{"version":"8.5.0"},"event":{"action":"Process creation","category":["process"],"code":3,"kind":"event","provider":"Microsoft-Windows-Sysmon","type":["start"]},"host":{"name":"WIN-PBI2X4SX","os":{"family":"windows","name":"Windows Server 2019","version":"10.0.17763"}},"network":{"direction":"outbound","protocol":"tcp"},"source":{"ip":"192.168.1.100","port":55231},"winlog":{"channel":"Microsoft-Windows-Sysmon/Operational","computer_name":"WIN-ZEPU3PLD.domain.local","event_id":3,"provider_name":"Microsoft-Windows-Sysmon","record_id":5103544,"task":"Process creation (rule: ProcessCreate)"}}
{"@timestamp":"2023-12-08T09:22:38.415Z","CommandLine":"C:\\Windows\\System32\\cscript.exe IGFU7MUU60","EventID":1,"Image":"C:\\Windows\\System32\\cscript.exe","ParentImage":"C:\\Windows\\System32\\svchost.exe","ParentProcessId":926,"ProcessId":48460,"User":"service_account","agent":{"hostname":"WIN-PGRTZ0R1","type":"winlogbeat","version":"8.5.0"},"ecs":{"version":"8.5.0"},"event":{"action":"Process creation","category":["process"],"code":1,"kind":"event","provider":"Microsoft-Windows-Sysmon","type":["start"]},"host":{"name":"WIN-86GB5DDL","os":{"family":"windows","name":"Windows Server 2019","version":"10.0.17763"}},"process":{"args":["C:\\Windows\\System32\\cscript.exe","IGFU7MUU60"],"command_line":"C:\\Windows\\System32\\cscript.exe IGFU7MUU60","executable":"C:\\Windows\\System32\\cscript.exe","name":"cscript.exe","parent":{"executable":"C:\\Windows\\System32\\svchost.exe","name":"svchost.exe","pid":358},"pid":2552},"user":{"domain":"DOMAIN","name":"service_account"},"winlog":{"channel":"Microsoft-Windows-Sysmon/Operational","computer_name":"WIN-L1IDYCKG.domain.local","event_id":1,"provider_name":"Microsoft-Windows-Sysmon","record_id":4123730,"task":"Process creation (rule: ProcessCreate)"}}
{"@timestamp":"2023-01-11T09:13:08.645Z","CommandLine":"C:\\Windows\\System32\\notepad.exe document.txt","EventID":1,"Image":"C:\\Windows\\System32\\notepad.exe","ParentImage":"C:\\Windows\\System32\\WindowsPowerShell\\v1.0\\powershell.exe","ParentProcessId":419,"ProcessId":48889,"User":"NT AUTHORITY\\NETWORK SERVICE","agent":{"hostname":"WIN-BYJ2KIS0","type":"winlogbeat","version":"8.5.0"},"ecs":{"version":"8.5.0"},"event":{"action":"Process creation","category":["process"],"code":1,"kind":"event","provider":"Microsoft-Windows-Sysmon","type":["start"]},"host":{"name":"WIN-SA384688","os":{"family":"windows","name":"Windows Server 2019","version":"10.0.17763"}},"process":{"args":["C:\\Windows\\System32\\notepad.exe","document.txt"],"command_line":"C:\\Windows\\System32\\notepad.exe document.txt","executable":"C:\\Windows\\System32\\notepad.exe","name":"notepad.exe","parent":{"executable":"C:\\Windows\\System32\\WindowsPowerShell\\v1.0\\powershell.exe","name":"powershell.exe","pid":442},"pid":8537},"user":{"domain":"NT AUTHORITY","name":"NT AUTHORITY\\NETWORK SERVICE"},"winlog":{"channel":"Microsoft-Windows-Sysmon/Operational","computer_name":"WIN-MZZJRCA3.domain.local","event_id":1,"provider_name":"Microsoft-Windows-Sysmon","record_id":3667190,"task":"Process creation (rule: ProcessCreate)"}}
{"@timestamp":"2023-01-12T05:35:00.908Z","DestinationIp":"legitimate-service.com","DestinationPort":139,"EventID":3,"Image":"C:\\Windows\\System32\\regsvr32.exe","Protocol":"tcp","SourceIp":"192.168.1.100","SourcePort":52369,"agent":{"hostname":"WIN-HI57621Z","type":"winlogbeat","version":"8.5.0"},"destination":{"ip":"legitimate-service.com","port":139},"ecs":{"version":"8.5.0"},"event":{"action":"Process creation","category":["process"],"code":3,"kind":"event","provider":"Microsoft-Windows-Sysmon","type":["start"]},"host":{"name":"WIN-KOWNB2M7","os":{"family":"windows","name":"Windows Server 2019","version":"10.0.17763"}},"network":{"direction":"outbound","protocol":"tcp"},"source":{"ip":"192.168.1.100","port":52369},"winlog":{"channel":"Microsoft-Windows-Sysmon/Operational","computer_name":"WIN-PIKKCBXW.domain.local","event_id":3,"provider_name":"Microsoft-Windows-Sysmon","record_id":5815241,"task":"Process creation (rule: ProcessCreate)"}}
{"@timestamp":"2023-02-25T12:46:41.656Z","CommandLine":"C:\\Windows\\System32\\taskmgr.exe RQ12OFFTZ6","EventID":1,"Image":"C:\\Windows\\System32\\taskmgr.exe","ParentImage":"C:\\Windows\\System32\\cmd.exe","ParentProcessId":252,"ProcessId":22263,"User":"NT AUTHORITY\\NETWORK SERVICE","agent":{"hostname":"WIN-D3ACXV28","type":"winlogbeat","version":"8.5.0"},"ecs":{"version":"8.5.0"},"event":{"action":"Process creation","category":["process"],"code":1,"kind":"event","provider":"Microsoft-Windows-Sysmon","type":["start"]},"host":{"name":"WIN-J0409KVG","os":{"family":"windows","name":"Windows Server 2019","version":"10.0.17763"}},"process":{"args":["C:\\Windows\\System32\\taskmgr.exe","RQ12OFFTZ6"],"command_line":"C:\\Windows\\System32\\taskmgr.exe RQ12OFFTZ6","executable":"C:\\Windows\\System32\\taskmgr.exe","name":"taskmgr.exe","parent":{"executable":"C:\\Windows\\System32\\cmd.exe","name":"cmd.exe","pid":164},"pid":1187},"user":{"domain":"NT AUTHORITY","name":"NT AUTHORITY\\NETWORK SERVICE"},"winlog":{"channel":"Microsoft-Windows-Sysmon/Operational","computer_name":"WIN-550ABSBQ.domain.local","event_id":1,"provider_name":"Microsoft-Windows-Sysmon","record_id":2817233,"task":"Process creation (rule: ProcessCreate)"}}
{"@timestamp":"2023-03-03T07:28:04.576Z","DestinationIp":"8.8.8.8","DestinationPort":8443,"EventID":3,"Image":"C:\\Windows\\System32\\cscript.exe","Protocol":"tcp","SourceIp":"192.168.1.100","SourcePort":53736,"agent":{"hostname":"WIN-KBESB7IN","type":"winlogbeat","version":"8.5.0"},"destination":{"ip":"8.8.8.8","port":8443},"ecs":{"version":"8.5.0"},"event":{"action":"Process creation","category":["process"],"code":3,"kind":"event","provider":"Microsoft-Windows-Sysmon","type":["start"]},"host":{"name":"WIN-5TNOEQ2U","os":{"family":"windows","name":"Windows Server 2019","version":"10.0.17763"}},"network":{"direction":"outbound","protocol":"tcp"},"source":{"ip":"192.168.1.100","port":53736},"winlog":{"channel":"Microsoft-Windows-Sysmon/Operational","computer_name":"WIN-Y0PIGML5.domain.local","event_id":3,"provider_name":"Microsoft-Windows-Sysmon","record_id":8044738,"task":"Process creation (rule: ProcessCreate)"}}
{"@timestamp":"2023-05-19T20:02:27.168Z","CommandLine":"C:\\Windows\\System32\\cscript.exe R57EE8ZJO0","EventID":1,"Image":"C:\\Windows\\System32\\cscript.exe","ParentImage":"C:\\Program Files\\Google\\Chrome\\Application\\chrome.exe","ParentProcessId":357,"ProcessId":17737,"User":"NT AUTHORITY\\LOCAL SERVICE","agent":{"hostname":"WIN-TJN0H117","type":"winlogbeat","version":"8.5.0"},"ecs":{"version":"8.5.0"},"event":{"action":"Process creation","category":["process"],"code":1,"kind":"event","provider":"Microsoft-Windows-Sysmon","type":["start"]},"host":{"name":"WIN-Q4YKZBKK","os":{"family":"windows","name":"Windows Server 2019","version":"10.0.17763"}},"process":{"args":["C:\\Windows\\System32\\cscript.exe","R57EE8ZJO0"],"command_line":"C:\\Windows\\System32\\cscript.exe R57EE8ZJO0","executable":"C:\\Windows\\System32\\cscript.exe","name":"cscript.exe","parent":{"executable":"C:\\Program Files\\Google\\Chrome\\Application\\chrome.exe","name":"chrome.exe","pid":879},"pid":14258},"user":{"domain":"NT AUTHORITY","name":"NT AUTHORITY\\LOCAL SERVICE"},"winlog":{"channel":"Microsoft-Windows-Sysmon/Operational","computer_name":"WIN-M9Q2VX98.domain.local","event_id":1,"provider_name":"Microsoft-Windows-Sysmon","record_id":1274196,"task":"Process creation (rule: ProcessCreate)"}}
{"@timestamp":"2023-01-10T16:02:05.765Z","DestinationIp":"update-server.microsoft.com","DestinationPort":3389,"EventID":3,"Image":"C:\\Windows\\System32\\regsvr32.exe","Protocol":"tcp","SourceIp":"192.168.1.100","SourcePort":57154,"agent":{"hostname":"WIN-T7LEPPW4","type":"winlogbeat","version":"8.5.0"},"destination":{"ip":"update-server.microsoft.com","port":3389},"ecs":{"version":"8.5.0"},"event":{"action":"Process creation","category":["process"],"code":3,"kind":"event","provider":"Microsoft-Windows-Sysmon","type":["start"]},"host":{"name":"WIN-P8B3BI6E","os":{"family":"windows","name":"Windows Server 2019","version":"10.0.17763"}},"network":{"direction":"outbound","protocol":"tcp"},"source":{"ip":"192.168.1.100","port":57154},"winlog":{"channel":"Microsoft-Windows-Sysmon/Operational","computer_name":"WIN-6AT3VHUF.domain.local","event_id":3,"provider_name":"Microsoft-Windows-Sysmon","record_id":3420847,"task":"Process creation (rule: ProcessCreate)"}}
{"@timestamp":"2023-02-25T23:24:59.743Z","Details":"C:\\temp\\KRXTGU3S.exe","EventID":13,"Image":"C:\\Windows\\System32\\wininit.exe","TargetObject":"HKCU\\SOFTWARE\\Microsoft\\Windows\\CurrentVersion\\Run\\PS0OD9WO50","agent":{"hostname":"WIN-SAZSHILB","type":"winlogbeat","version":"8.5.0"},"ecs":{"version":"8.5.0"},"event":{"action":"Process creation","category":["process"],"code":13,"kind":"event","provider":"Microsoft-Windows-Sysmon","type":["start"]},"host":{"name":"WIN-30QW8IEH","os":{"family":"windows","name":"Windows Server 2019","version":"10.0.17763"}},"registry":{"data":{"strings":["C:\\temp\\ICT414RM.exe"]},"key":"HKCU\\SOFTWARE\\Microsoft\\Windows\\CurrentVersion\\Run","value":"D9B9U4W5ID"},"winlog":{"channel":"Microsoft-Windows-Sysmon/Operational","computer_name":"WIN-ROT02G2L.domain.local","event_id":13,"provider_name":"Microsoft-Windows-Sysmon","record_id":6152538,"task":"Process creation (rule: ProcessCreate)"}}
{"@timestamp":"2023-03-07T08:32:12.626Z","EventID":17,"Image":"C:\\Windows\\System32\\cmd.exe","PipeName":"\\pipe\\MSCTF.Server.AZX1DJBAPIPQ9KH1QNA89Q9I2TJABRTAJF2W","agent":{"hostname":"WIN-N2NPNNYX","type":"winlogbeat","version":"8.5.0"},"ecs":{"version":"8.5.0"},"event":{"action":"Process creation","category":["process"],"code":17,"kind":"event","provider":"Microsoft-Windows-Sysmon","type":["start"]},"host":{"name":"WIN-0QYQO9VT","os":{"family":"windows","name":"Windows Server 2019","version":"10.0.17763"}},"winlog":{"channel":"Microsoft-Windows-Sysmon/Operational","computer_name":"WIN-ZTNQGR5N.domain.local","event_id":17,"provider_name":"Microsoft-Windows-Sysmon","record_id":4137497,"task":"Process creation (rule: ProcessCreate)"}}
