{"@timestamp":"2023-10-06T13:47:45.114Z","CommandLine":"C:\\Windows\\System32\\cmd.exe IYRACFLDE5","EventID":1,"Image":"C:\\Windows\\System32\\cmd.exe","ParentImage":"C:\\Windows\\System32\\WindowsPowerShell\\v1.0\\powershell.exe","ParentProcessId":947,"ProcessId":19864,"User":"service_account","agent":{"hostname":"WIN-CEY7J9RM","type":"winlogbeat","version":"8.5.0"},"ecs":{"version":"8.5.0"},"event":{"action":"Process creation","category":["process"],"code":1,"kind":"event","provider":"Microsoft-Windows-Sysmon","type":["start"]},"host":{"name":"WIN-K44YCPZP","os":{"family":"windows","name":"Windows Server 2019","version":"10.0.17763"}},"process":{"args":["C:\\Windows\\System32\\cmd.exe","IYRACFLDE5"],"command_line":"C:\\Windows\\System32\\cmd.exe IYRACFLDE5","executable":"C:\\Windows\\System32\\cmd.exe","name":"cmd.exe","parent":{"executable":"C:\\Windows\\System32\\WindowsPowerShell\\v1.0\\powershell.exe","name":"powershell.exe","pid":749},"pid":34367},"user":{"domain":"DOMAIN","name":"service_account"},"winlog":{"channel":"Microsoft-Windows-Sysmon/Operational","computer_name":"WIN-9DMB99SB.domain.local","event_id":1,"provider_name":"Microsoft-Windows-Sysmon","record_id":2995557,"task":"Process creation (rule: ProcessCreate)"}}
{"@timestamp":"2023-11-26T10:12:57.407Z","CommandLine":"C:\\Windows\\System32\\explorer.exe","EventID":1,"Image":"C:\\Windows\\System32\\explorer.exe","ParentImage":"C:\\Windows\\System32\\spoolsv.exe","ParentProcessId":344,"ProcessId":63612,"User":"NT AUTHORITY\\NETWORK SERVICE","agent":{"hostname":"WIN-03IV3V6C","type":"winlogbeat","version":"8.5.0"},"ecs":{"version":"8.5.0"},"event":{"action":"Process creation","category":["process"],"code":1,"kind":"event","provider":"Microsoft-Windows-Sysmon","type":["start"]},"host":{"name":"WIN-BQSN4AXE","os":{"family":"windows","name":"Windows Server 2019","version":"10.0.17763"}},"process":{"args":["C:\\Windows\\System32\\explorer.exe"],"command_line":"C:\\Windows\\System32\\explorer.exe","executable":"C:\\Windows\\System32\\explorer.exe","name":"explorer.exe","parent":{"executable":"C:\\Windows\\System32\\spoolsv.exe","name":"spoolsv.exe","pid":339},"pid":28309},"user":{"domain":"NT AUTHORITY","name":"NT AUTHORITY\\NETWORK SERVICE"},"winlog":{"channel":"Microsoft-Windows-Sysmon/Operational","computer_name":"WIN-4SNUT7OJ.domain.local","event_id":1,"provider_name":"Microsoft-Windows-Sysmon","record_id":6481065,"task":"Process creation (rule: ProcessCreate)"}}
{"@timestamp":"2023-08-11T18:54:31.269Z","CommandLine":"C:\\Windows\\System32\\rundll32.exe D8GX87ZXAR","EventID":1,"Image":"C:\\Windows\\System32\\rundll32.exe","ParentImage":"C:\\Windows\\System32\\wscript.exe","ParentProcessId":958,"ProcessId":32973,"User":"service_account","agent":{"hostname":"WIN-OKIMWUGA","type":"winlogbeat","version":"8.5.0"},"ecs":{"version":"8.5.0"},"event":{"action":"Process creation","category":["process"],"code":1,"kind":"event","provider":"Microsoft-Windows-Sysmon","type":["start"]},"host":{"name":"WIN-J4Y33VQF","os":{"family":"windows","name":"Windows Server 2019","version":"10.0.17763"}},"process":{"args":["C:\\Windows\\System32\\rundll32.exe","D8GX87ZXAR"],"command_line":"C:\\Windows\\System32\\rundll32.exe D8GX87ZXAR","executable":"C:\\Windows\\System32\\rundll32.exe","name":"rundll32.exe","parent":{"executable":"C:\\Windows\\System32\\wscript.exe","name":"wscript.exe","pid":329},"pid":39758},"user":{"domain":"DOMAIN","name":"service_account"},"winlog":{"channel":"Microsoft-Windows-Sysmon/Operational","computer_name":"WIN-W5CCW8T0.domain.local","event_id":1,"provider_name":"Microsoft-Windows-Sysmon","record_id":4200470,"task":"Process creation (rule: ProcessCreate)"}}
{"@timestamp":"2023-10-28T09:12:59.365Z","Details":"C:\\temp\\QMEQXW17.exe","EventID":13,"Image":"C:\\Windows\\System32\\calc.exe","TargetObject":"HKCU\\SOFTWARE\\Microsoft\\Windows\\CurrentVersion\\Run\\OUBNSXYAOA","agent":{"hostname":"WIN-N6GKD9B8","type":"winlogbeat","version":"8.5.0"},"ecs":{"version":"8.5.0"},"event":{"action":"Process creation","category":["process"],"code":13,"kind":"event","provider":"Microsoft-Windows-Sysmon","type":["start"]},"host":{"name":"WIN-ZVDT2GZH","os":{"family":"windows","name":"Windows Server 2019","version":"10.0.17763"}},"registry":{"data":{"strings":["C:\\temp\\OERU7Y0A.exe"]},"key":"HKCU\\SOFTWARE\\Microsoft\\Windows\\CurrentVersion\\Run","value":"09QFOW2Y8Y"},"winlog":{"channel":"Microsoft-Windows-Sysmon/Operational","computer_name":"WIN-1SR1M99N.domain.local","event_id":13,"provider_name":"Microsoft-Windows-Sysmon","record_id":8465566,"task":"Process creation (rule: ProcessCreate)"}}
{"@timestamp":"2023-10-03T01:37:02.643Z","EventID":17,"Image":"C:\\Windows\\System32\\powershell.exe","PipeName":"\\pipe\\wkssvc","agent":{"hostname":"WIN-969JHIV9","type":"winlogbeat","version":"8.5.0"},"ecs":{"version":"8.5.0"},"event":{"action":"Process creation","category":["process"],"code":17,"kind":"event","provider":"Microsoft-Windows-Sysmon","type":["start"]},"host":{"name":"WIN-FMVBULXU","os":{"family":"windows","name":"Windows Server 2019","version":"10.0.17763"}},"winlog":{"channel":"Microsoft-Windows-Sysmon/Operational","computer_name":"WIN-48NFF9PZ.domain.local","event_id":17,"provider_name":"Microsoft-Windows-Sysmon","record_id":2322954,"task":"Process creation (rule: ProcessCreate)"}}
{"@timestamp":"2023-08-27T05:57:21.330Z","DestinationIp":"legitimate-service.com","DestinationPort":8080,"EventID":3,"Image":"C:\\Windows\\System32\\svchost.exe","Protocol":"tcp","SourceIp":"192.168.1.100","SourcePort":59973,"agent":{"hostname":"WIN-9FO9QB55","type":"winlogbeat","version":"8.5.0"},"destination":{"ip":"legitimate-service.com","port":8080},"ecs":{"version":"8.5.0"},"event":{"action":"Process creation","category":["process"],"code":3,"kind":"event","provider":"Microsoft-Windows-Sysmon","type":["start"]},"host":{"name":"WIN-VEMW64AQ","os":{"family":"windows","name":"Windows Server 2019","version":"10.0.17763"}},"network":{"direction":"outbound","protocol":"tcp"},"source":{"ip":"192.168.1.100","port":59973},"winlog":{"channel":"Microsoft-Windows-Sysmon/Operational","computer_name":"WIN-HINEH6VP.domain.local","event_id":3,"provider_name":"Microsoft-Windows-Sysmon","record_id":9348761,"task":"Process creation (rule: ProcessCreate)"}}
{"@timestamp":"2023-04-27T09:41:15.553Z","DestinationIp":"192.168.1.100","DestinationPort":445,"EventID":3,"Image":"C:\\Windows\\System32\\powershell.exe","Protocol":"tcp","SourceIp":"192.168.1.100","SourcePort":56315,"agent":{"hostname":"WIN-XKJZPF5T","type":"winlogbeat","version":"8.5.0"},"destination":{"ip":"192.168.1.100","port":445},"ecs":{"version":"8.5.0"},"event":{"action":"Process creation","category":["process"],"code":3,"kind":"event","provider":"Microsoft-Windows-Sysmon","type":["start"]},"host":{"name":"WIN-X9EZW73F","os":{"family":"windows","name":"Windows Server 2019","version":"10.0.17763"}},"network":{"direction":"outbound","protocol":"tcp"},"source":{"ip":"192.168.1.100","port":56315},"winlog":{"channel":"Microsoft-Windows-Sysmon/Operational","computer_name":"WIN-4XZ1BPQU.domain.local","event_id":3,"provider_name":"Microsoft-Windows-Sysmon","record_id":4386281,"task":"Process creation (rule: ProcessCreate)"}}
{"@timestamp":"2023-02-19T06:28:14.480Z","CommandLine":"C:\\Windows\\System32\\rundll32.exe Y8AGYKW3XH","EventID":1,"Image":"C:\\Windows\\System32\\rundll32.exe","ParentImage":"C:\\Windows\\System32\\wininit.exe","ParentProcessId":427,"ProcessId":16793,"User":"service_account","agent":{"hostname":"WIN-VRDQDNWE","type":"winlogbeat","version":"8.5.0"},"ecs":{"version":"8.5.0"},"event":{"action":"Process creation","category":["process"],"code":1,"kind":"event","provider":"Microsoft-Windows-Sysmon","type":["start"]},"host":{"name":"WIN-VH2CXVH5","os":{"family":"windows","name":"Windows Server 2019","version":"10.0.17763"}},"process":{"args":["C:\\Windows\\System32\\rundll32.exe","Y8AGYKW3XH"],"command_line":"C:\\Windows\\System32\\rundll32.exe Y8AGYKW3XH","executable":"C:\\Windows\\System32\\rundll32.exe","name":"rundll32.exe","parent":{"executable":"C:\\Windows\\System32\\wininit.exe","name":"wininit.exe","pid":628},"pid":22107},"user":{"domain":"DOMAIN","name":"service_account"},"winlog":{"channel":"Microsoft-Windows-Sysmon/Operational","computer_name":"WIN-DED1KXIK.domain.local","event_id":1,"provider_name":"Microsoft-Windows-Sysmon","record_id":2440407,"task":"Process creation (rule: ProcessCreate)"}}
{"@timestamp":"2023-04-24T02:53:21.242Z","DestinationIp":"8.8.8.8","DestinationPort":53,"EventID":3,"Image":"C:\\Windows\\System32\\wscript.exe","Protocol":"tcp","SourceIp":"192.168.1.100","SourcePort":60289,"agent":{"hostname":"WIN-J7T04BDH","type":"winlogbeat","version":"8.5.0"},"destination":{"ip":"8.8.8.8","port":53},"ecs":{"version":"8.5.0"},"event":{"action":"Process creation","category":["process"],"code":3,"kind":"event","provider":"Microsoft-Windows-Sysmon","type":["start"]},"host":{"name":"WIN-4YIFWCPG","os":{"family":"windows","name":"Windows Server 2019","version":"10.0.17763"}},"network":{"direction":"outbound","protocol":"tcp"},"source":{"ip":"192.168.1.100","port":60289},"winlog":{"channel":"Microsoft-Windows-Sysmon/Operational","computer_name":"WIN-1I7LFCKQ.domain.local","event_id":3,"provider_name":"Microsoft-Windows-Sysmon","record_id":6967258,"task":"Process creation (rule: ProcessCreate)"}}
{"@timestamp":"2023-04-08T06:41:38.445Z","CommandLine":"C:\\Windows\\System32\\notepad.exe document.txt","EventID":1,"Image":"C:\\Windows\\System32\\notepad.exe","ParentImage":"C:\\Windows\\System32\\powershell.exe","ParentProcessId":146,"ProcessId":23349,"User":"service_account","agent":{"hostname":"WIN-2D863WBQ","type":"winlogbeat","version":"8.5.0"},"ecs":{"version":"8.5.0"},"event":{"action":"Process creation","category":["process"],"code":1,"kind":"event","provider":"Microsoft-Windows-Sysmon","type":["start"]},"host":{"name":"WIN-8H9K3MQC","os":{"family":"windows","name":"Windows Server 2019","version":"10.0.17763"}},"process":{"args":["C:\\Windows\\System32\\notepad.exe","document.txt"],"command_line":"C:\\Windows\\System32\\notepad.exe document.txt","executable":"C:\\Windows\\System32\\notepad.exe","name":"notepad.exe","parent":{"executable":"C:\\Windows\\System32\\powershell.exe","name":"powershell.exe","pid":128},"pid":16351},"user":{"domain":"DOMAIN","name":"service_account"},"winlog":{"channel":"Microsoft-Windows-Sysmon/Operational","computer_name":"WIN-K5S1IIBG.domain.local","event_id":1,"provider_name":"Microsoft-Windows-Sysmon","record_id":1101644,"task":"Process creation (rule: ProcessCreate)"}}
{"@timestamp":"2023-03-01T04:14:05.890Z","Details":"C:\\temp\\SPY88Y4E.exe","EventID":13,"Image":"C:\\Windows\\System32\\regsvr32.exe","TargetObject":"HKLM\\SYSTEM\\CurrentControlSet\\Services\\UIJ6ZMA15C","agent":{"hostname":"WIN-FGUI7GYA","type":"winlogbeat","version":"8.5.0"},"ecs":{"version":"8.5.0"},"event":{"action":"Process creation","category":["process"],"code":13,"kind":"event","provider":"Microsoft-Windows-Sysmon","type":["start"]},"host":{"name":"WIN-CLSNRESZ","os":{"family":"windows","name":"Windows Server 2019","version":"10.0.17763"}},"registry":{"data":{"strings":["C:\\temp\\SZURWC8V.exe"]},"key":"HKLM\\SYSTEM\\CurrentControlSet\\Services","value":"HUK7HRR28K"},"winlog":{"channel":"Microsoft-Windows-Sysmon/Operational","computer_name":"WIN-W5ZLEYFB.domain.local","event_id":13,"provider_name":"Microsoft-Windows-Sysmon","record_id":2552125,"task":"Process creation (rule: ProcessCreate)"}}
{"@timestamp":"2023-06-17T17:31:01.926Z","CommandLine":"C:\\Windows\\System32\\wscript.exe 5TMH0HRZWH","EventID":1,"Image":"C:\\Windows\\System32\\wscript.exe","ParentImage":"C:\\Windows\\System32\\cmd.exe","ParentProcessId":169,"ProcessId":30259,"User":"NT AUTHORITY\\NETWORK SERVICE","agent":{"hostname":"WIN-28OKRP11","type":"winlogbeat","version":"8.5.0"},"ecs":{"version":"8.5.0"},"event":{"action":"Process creation","category":["process"],"code":1,"kind":"event","provider":"Microsoft-Windows-Sysmon","type":["start"]},"host":{"name":"WIN-VX3D0B9F","os":{"family":"windows","name":"Windows Server 2019","version":"10.0.17763"}},"process":{"args":["C:\\Windows\\System32\\wscript.exe","5TMH0HRZWH"],"command_line":"C:\\Windows\\System32\\wscript.exe 5TMH0HRZWH","executable":"C:\\Windows\\System32\\wscript.exe","name":"wscript.exe","parent":{"executable":"C:\\Windows\\System32\\cmd.exe","name":"cmd.exe","pid":925},"pid":45806},"user":{"domain":"NT AUTHORITY","name":"NT AUTHORITY\\NETWORK SERVICE"},"winlog":{"channel":"Microsoft-Windows-Sysmon/Operational","computer_name":"WIN-HG678P69.domain.local","event_id":1,"provider_name":"Microsoft-Windows-Sysmon","record_id":3030438,"task":"Process creation (rule: ProcessCreate)"}}
{"@timestamp":"2023-06-10T18:22:21.727Z","CommandLine":"C:\\Windows\\System32\\wininit.exe RJDEIIM2BB","EventID":1,"Image":"C:\\Windows\\System32\\wininit.exe","ParentImage":"C:\\Windows\\System32\\cscript.exe","ParentProcessId":943,"ProcessId":64290,"User":"NT AUTHORITY\\LOCAL SERVICE","agent":{"hostname":"WIN-K6I0P7RF","type":"winlogbeat","version":"8.5.0"},"ecs":{"version":"8.5.0"},"event":{"action":"Process creation","category":["process"],"code":1,"kind":"event","provider":"Microsoft-Windows-Sysmon","type":["start"]},"host":{"name":"WIN-KUE9EC9S","os":{"family":"windows","name":"Windows Server 2019","version":"10.0.17763"}},"process":{"args":["C:\\Windows\\System32\\wininit.exe","RJDEIIM2BB"],"command_line":"C:\\Windows\\System32\\wininit.exe RJDEIIM2BB","executable":"C:\\Windows\\System32\\wininit.exe","name":"wininit.exe","parent":{"executable":"C:\\Windows\\System32\\cscript.exe","name":"cscript.exe","pid":415},"pid":23479},"user":{"domain":"NT AUTHORITY","name":"NT AUTHORITY\\LOCAL SERVICE"},"winlog":{"channel":"Microsoft-Windows-Sysmon/Operational","computer_name":"WIN-6FVX87ZO.domain.local","event_id":1,"provider_name":"Microsoft-Windows-Sysmon","record_id":3392517,"task":"Process creation (rule: ProcessCreate)"}}
{"@timestamp":"2023-12-18T10:03:24.911Z","CommandLine":"C:\\Windows\\System32\\mshta.exe Q1QQRPZPKE","EventID":1,"Image":"C:\\Windows\\System32\\mshta.exe","ParentImage":"C:\\Windows\\System32\\cscript.exe","ParentProcessId":918,"ProcessId":21931,"User":"user","agent":{"hostname":"WIN-R41CSAMC","type":"winlogbeat","version":"8.5.0"},"ecs":{"version":"8.5.0"},"event":{"action":"Process creation","category":["process"],"code":1,"kind":"event","provider":"Microsoft-Windows-Sysmon","type":["start"]},"host":{"name":"WIN-HFU9B1K9","os":{"family":"windows","name":"Windows Server 2019","version":"10.0.17763"}},"process":{"args":["C:\\Windows\\System32\\mshta.exe","Q1QQRPZPKE"],"command_line":"C:\\Windows\\System32\\mshta.exe Q1QQRPZPKE","executable":"C:\\Windows\\System32\\mshta.exe","name":"mshta.exe","parent":{"executable":"C:\\Windows\\System32\\cscript.exe","name":"cscript.exe","pid":711},"pid":17994},"user":{"domain":"DOMAIN","name":"user"},"winlog":{"channel":"Microsoft-Windows-Sysmon/Operational","computer_name":"WIN-NIRVDH5O.domain.local","event_id":1,"provider_name":"Microsoft-Windows-Sysmon","record_id":7449251,"task":"Process creation (rule: ProcessCreate)"}}
{"@timestamp":"2023-08-28T04:23:39.878Z","CommandLine":"C:\\Windows\\System32\\winlogon.exe XP6MJNBAKJ","EventID":1,"Image":"C:\\Windows\\System32\\winlogon.exe","ParentImage":"C:\\Windows\\System32\\wscript.exe","ParentProcessId":196,"ProcessId":27522,"User":"user","agent":{"hostname":"WIN-DSTPFROD","type":"winlogbeat","version":"8.5.0"},"ecs":{"version":"8.5.0"},"event":{"action":"Process creation","category":["process"],"code":1,"kind":"event","provider":"Microsoft-Windows-Sysmon","type":["start"]},"host":{"name":"WIN-OG1WNA5T","os":{"family":"windows","name":"Windows Server 2019","version":"10.0.17763"}},"process":{"args":["C:\\Windows\\System32\\winlogon.exe","XP6MJNBAKJ"],"command_line":"C:\\Windows\\System32\\winlogon.exe XP6MJNBAKJ","executable":"C:\\Windows\\System32\\winlogon.exe","name":"winlogon.exe","parent":{"executable":"C:\\Windows\\System32\\wscript.exe","name":"wscript.exe","pid":820},"pid":4611},"user":{"domain":"DOMAIN","name":"user"},"winlog":{"channel":"Microsoft-Windows-Sysmon/Operational","computer_name":"WIN-V2PZHV2X.domain.local","event_id":1,"provider_name":"Microsoft-Windows-Sysmon","record_id":4973854,"task":"Process creation (rule: ProcessCreate)"}}
{"@timestamp":"2023-06-23T12:53:44.876Z","Details":"C:\\temp\\F0TK7B0N.exe","EventID":13,"Image":"C:\\Windows\\System32\\mshta.exe","TargetObject":"HKLM\\SOFTWARE\\Classes\\exefile\\shell\\open\\command\\26NEEHQJ7E","agent":{"hostname":"WIN-0QUFK84H","type":"winlogbeat","version":"8.5.0"},"ecs":{"version":"8.5.0"},"event":{"action":"Process creation","category":["process"],"code":13,"kind":"event","provider":"Microsoft-Windows-Sysmon","type":["start"]},"host":{"name":"WIN-MKE7CUYK","os":{"family":"windows","name":"Windows Server 2019","version":"10.0.17763"}},"registry":{"data":{"strings":["C:\\temp\\FM5P57C0.exe"]},"key":"HKLM\\SOFTWARE\\Classes\\exefile\\shell\\open\\command","value":"EWP67ECJZX"},"winlog":{"channel":"Microsoft-Windows-Sysmon/Operational","computer_name":"WIN-M8JJ95VX.domain.local","event_id":13,"provider_name":"Microsoft-Windows-Sysmon","record_id":5847487,"task":"Process creation (rule: ProcessCreate)"}}
{"@timestamp":"2023-09-06T19:03:17.617Z","CommandLine":"C:\\Windows\\System32\\cmd.exe N4FG4WZWXU","EventID":1,"Image":"C:\\Windows\\System32\\cmd.exe","ParentImage":"C:\\Windows\\System32\\spoolsv.exe","ParentProcessId":955,"ProcessId":35394,"User":"user","agent":{"hostname":"WIN-Q94QQOM4","type":"winlogbeat","version":"8.5.0"},"ecs":{"version":"8.5.0"},"event":{"action":"Process creation","category":["process"],"code":1,"kind":"event","provider":"Microsoft-Windows-Sysmon","type":["start"]},"host":{"name":"WIN-4N9Y9JUE","os":{"family":"windows","name":"Windows Server 2019","version":"10.0.17763"}},"process":{"args":["C:\\Windows\\System32\\cmd.exe","N4FG4WZWXU"],"command_line":"C:\\Windows\\System32\\cmd.exe N4FG4WZWXU","executable":"C:\\Windows\\System32\\cmd.exe","name":"cmd.exe","parent":{"executable":"C:\\Windows\\System32\\spoolsv.exe","name":"spoolsv.exe","pid":702},"pid":15620},"user":{"domain":"DOMAIN","name":"user"},"winlog":{"channel":"Microsoft-Windows-Sysmon/Operational","computer_name":"WIN-00YM64PT.domain.local","event_id":1,"provider_name":"Microsoft-Windows-Sysmon","record_id":5114781,"task":"Process creation (rule: ProcessCreate)"}}
{"@timestamp":"2023-06-17T01:22:25.268Z","Details":"C:\\temp\\LSS4BM7N.exe","EventID":13,"Image":"C:\\Windows\\System32\\spoolsv.exe","TargetObject":"HKLM\\SOFTWARE\\Microsoft\\Windows\\CurrentVersion\\Run\\A4IDEA7RDB","agent":{"hostname":"WIN-OD2F0TFI","type":"winlogbeat","version":"8.5.0"},"ecs":{"version":"8.5.0"},"event":{"action":"Process creation","category":["process"],"code":13,"kind":"event","provider":"Microsoft-Windows-Sysmon","type":["start"]},"host":{"name":"WIN-JRJ5EPKB","os":{"family":"windows","name":"Windows Server 2019","version":"10.0.17763"}},"registry":{"data":{"strings":["C:\\temp\\OPM1LGEM.exe"]},"key":"HKLM\\SOFTWARE\\Microsoft\\Windows\\CurrentVersion\\Run","value":"MRRGX2JKHH"},"winlog":{"channel":"Microsoft-Windows-Sysmon/Operational","computer_name":"WIN-NCYZJJMK.domain.local","event_id":13,"provider_name":"Microsoft-Windows-Sysmon","record_id":2467502,"task":"Process creation (rule: ProcessCreate)"}}
{"@timestamp":"2023-06-24T18:11:31.272Z","CommandLine":"C:\\Program Files (x86)\\Microsoft\\Edge\\Application\\msedge.exe C3IA69V4RC","EventID":1,"Image":"C:\\Program Files (x86)\\Microsoft\\Edge\\Application\\msedge.exe","ParentImage":"C:\\Windows\\System32\\powershell.exe","ParentProcessId":137,"ProcessId":22358,"User":"NT AUTHORITY\\NETWORK SERVICE","agent":{"hostname":"WIN-KLDMUBKU","type":"winlogbeat","version":"8.5.0"},"ecs":{"version":"8.5.0"},"event":{"action":"Process creation","category":["process"],"code":1,"kind":"event","provider":"Microsoft-Windows-Sysmon","type":["start"]},"host":{"name":"WIN-00RMLEMV","os":{"family":"windows","name":"Windows Server 2019","version":"10.0.17763"}},"process":{"args":["C:\\Program","Files","(x86)\\Microsoft\\Edge\\Application\\msedge.exe","C3IA69V4RC"],"command_line":"C:\\Program Files (x86)\\Microsoft\\Edge\\Application\\msedge.exe C3IA69V4RC","executable":"C:\\Program Files (x86)\\Microsoft\\Edge\\Application\\msedge.exe","name":"msedge.exe","parent":{"executable":"C:\\Windows\\System32\\powershell.exe","name":"powershell.exe","pid":814},"pid":29456},"user":{"domain":"NT AUTHORITY","name":"NT AUTHORITY\\NETWORK SERVICE"},"winlog":{"channel":"Microsoft-Windows-Sysmon/Operational","computer_name":"WIN-G2RSVPPN.domain.local","event_id":1,"provider_name":"Microsoft-Windows-Sysmon","record_id":9084987,"task":"Process creation (rule: ProcessCreate)"}}
{"@timestamp":"2023-02-19T00:50:28.584Z","CommandLine":"C:\\Windows\\System32\\cmd.exe 1TV5YBMJC4","EventID":1,"Image":"C:\\Windows\\System32\\cmd.exe","ParentImage":"C:\\Program Files\\Mozilla Firefox\\firefox.exe","ParentProcessId":224,"ProcessId":40291,"User":"service_account","agent":{"hostname":"WIN-H1F5CWVZ","type":"winlogbeat","version":"8.5.0"},"ecs":{"version":"8.5.0"},"event":{"action":"Process creation","category":["process"],"code":1,"kind":"event","provider":"Microsoft-Windows-Sysmon","type":["start"]},"host":{"name":"WIN-G6FUJ2JX","os":{"family":"windows","name":"Windows Server 2019","version":"10.0.17763"}},"process":{"args":["C:\\Windows\\System32\\cmd.exe","1TV5YBMJC4"],"command_line":"C:\\Windows\\System32\\cmd.exe 1TV5YBMJC4","executable":"C:\\Windows\\System32\\cmd.exe","name":"cmd.exe","parent":{"executable":"C:\\Program Files\\Mozilla Firefox\\firefox.exe","name":"firefox.exe","pid":322},"pid":50628},"user":{"domain":"DOMAIN","name":"service_account"},"winlog":{"channel":"Microsoft-Windows-Sysmon/Operational","computer_name":"WIN-5N9OACMY.domain.local","event_id":1,"provider_name":"Microsoft-Windows-Sysmon","record_id":5376624,"task":"Process creation (rule: ProcessCreate)"}}
{"@timestamp":"2023-11-05T11:12:32.744Z","DestinationIp":"8.8.8.8","DestinationPort":53,"EventID":3,"Image":"C:\\Program Files\\Google\\Chrome\\Application\\chrome.exe","Protocol":"tcp","SourceIp":"192.168.1.100","SourcePort":63260,"agent":{"hostname":"WIN-89S4VOW6","type":"winlogbeat","version":"8.5.0"},"destination":{"ip":"8.8.8.8","port":53},"ecs":{"version":"8.5.0"},"event":{"action":"Process creation","category":["process"],"code":3,"kind":"event","provider":"Microsoft-Windows-Sysmon","type":["start"]},"host":{"name":"WIN-FW8QE98X","os":{"family":"windows","name":"Windows Server 2019","version":"10.0.17763"}},"network":{"direction":"outbound","protocol":"tcp"},"source":{"ip":"192.168.1.100","port":63260},"winlog":{"channel":"Microsoft-Windows-Sysmon/Operational","computer_name":"WIN-XRNK0MBT.domain.local","event_id":3,"provider_name":"Microsoft-Windows-Sysmon","record_id":4967916,"task":"Process creation (rule: ProcessCreate)"}}
{"@timestamp":"2023-10-25T00:07:46.132Z","CommandLine":"C:\\Windows\\System32\\WindowsPowerShell\\v1.0\\powershell.exe KC82LHIFNN","EventID":1,"Image":"C:\\Windows\\System32\\WindowsPowerShell\\v1.0\\powershell.exe","ParentImage":"C:\\Windows\\System32\\mshta.exe","ParentProcessId":919,"ProcessId":24166,"User":"john.doe","agent":{"hostname":"WIN-EMXNNOTJ","type":"winlogbeat","version":"8.5.0"},"ecs":{"version":"8.5.0"},"event":{"action":"Process creation","category":["process"],"code":1,"kind":"event","provider":"Microsoft-Windows-Sysmon","type":["start"]},"host":{"name":"WIN-QR0WT0LS","os":{"family":"windows","name":"Windows Server 2019","version":"10.0.17763"}},"process":{"args":["C:\\Windows\\System32\\WindowsPowerShell\\v1.0\\powershell.exe","KC82LHIFNN"],"command_line":"C:\\Windows\\System32\\WindowsPowerShell\\v1.0\\powershell.exe KC82LHIFNN","executable":"C:\\Windows\\System32\\WindowsPowerShell\\v1.0\\powershell.exe","name":"powershell.exe","parent":{"executable":"C:\\Windows\\System32\\mshta.exe","name":"mshta.exe","pid":481},"pid":64670},"user":{"domain":"DOMAIN","name":"john.doe"},"winlog":{"channel":"Microsoft-Windows-Sysmon/Operational","computer_name":"WIN-ELMZ3XKC.domain.local","event_id":1,"provider_name":"Microsoft-Windows-Sysmon","record_id":5117008,"task":"Process creation (rule: ProcessCreate)"}}
{"@timestamp":"2023-09-28T11:02:20.235Z","DestinationIp":"legitimate-service.com","DestinationPort":53,"EventID":3,"Image":"C:\\Windows\\System32\\cscript.exe","Protocol":"tcp","SourceIp":"192.168.1.100","SourcePort":55054,"agent":{"hostname":"WIN-IB21XNES","type":"winlogbeat","version":"8.5.0"},"destination":{"ip":"legitimate-service.com","port":53},"ecs":{"version":"8.5.0"},"event":{"action":"Process creation","category":["process"],"code":3,"kind":"event","provider":"Microsoft-Windows-Sysmon","type":["start"]},"host":{"name":"WIN-RNL4EF1S","os":{"family":"windows","name":"Windows Server 2019","version":"10.0.17763"}},"network":{"direction":"outbound","protocol":"tcp"},"source":{"ip":"192.168.1.100","port":55054},"winlog":{"channel":"Microsoft-Windows-Sysmon/Operational","computer_name":"WIN-O9FU5ZIB.domain.local","event_id":3,"provider_name":"Microsoft-Windows-Sysmon","record_id":8164476,"task":"Process creation (rule: ProcessCreate)"}}
{"@timestamp":"2023-04-16T12:49:03.518Z","CommandLine":"C:\\Windows\\System32\\regsvr32.exe XVUMH7XNIF","EventID":1,"Image":"C:\\Windows\\System32\\regsvr32.exe","ParentImage":"C:\\Windows\\System32\\notepad.exe","ParentProcessId":654,"ProcessId":60282,"User":"SYSTEM","agent":{"hostname":"WIN-FI9K9XXA","type":"winlogbeat","version":"8.5.0"},"ecs":{"version":"8.5.0"},"event":{"action":"Process creation","category":["process"],"code":1,"kind":"event","provider":"Microsoft-Windows-Sysmon","type":["start"]},"host":{"name":"WIN-0J1VLIDT","os":{"family":"windows","name":"Windows Server 2019","version":"10.0.17763"}},"process":{"args":["C:\\Windows\\System32\\regsvr32.exe","XVUMH7XNIF"],"command_line":"C:\\Windows\\System32\\regsvr32.exe XVUMH7XNIF","executable":"C:\\Windows\\System32\\regsvr32.exe","name":"regsvr32.exe","parent":{"executable":"C:\\Windows\\System32\\notepad.exe","name":"notepad.exe","pid":584},"pid":62036},"user":{"domain":"DOMAIN","name":"SYSTEM"},"winlog":{"channel":"Microsoft-Windows-Sysmon/Operational","computer_name":"WIN-2BOM261C.domain.local","event_id":1,"provider_name":"Microsoft-Windows-Sysmon","record_id":9318401,"task":"Process creation (rule: ProcessCreate)"}}
{"@timestamp":"2023-02-25T14:57:17.827Z","Details":"C:\\temp\\K72RO7CL.exe","EventID":13,"Image":"C:\\Windows\\System32\\taskmgr.exe","TargetObject":"HKCU\\SOFTWARE\\Microsoft\\Windows\\CurrentVersion\\Run\\ERI2CQ099R","agent":{"hostname":"WIN-UO3O3M5K","type":"winlogbeat","version":"8.5.0"},"ecs":{"version":"8.5.0"},"event":{"action":"Process creation","category":["process"],"code":13,"kind":"event","provider":"Microsoft-Windows-Sysmon","type":["start"]},"host":{"name":"WIN-UFOV6RRK","os":{"family":"windows","name":"Windows Server 2019","version":"10.0.17763"}},"registry":{"data":{"strings":["C:\\temp\\OBB2AFN8.exe"]},"key":"HKCU\\SOFTWARE\\Microsoft\\Windows\\CurrentVersion\\Run","value":"4Y8X6XGLWR"},"winlog":{"channel":"Microsoft-Windows-Sysmon/Operational","computer_name":"WIN-PS65B8RS.domain.local","event_id":13,"provider_name":"Microsoft-Windows-Sysmon","record_id":8171914,"task":"Process creation (rule: ProcessCreate)"}}
{"@timestamp":"2023-05-27T02:40:45.261Z","DestinationIp":"1.1.1.1","DestinationPort":53,"EventID":3,"Image":"C:\\Program Files (x86)\\Microsoft\\Edge\\Application\\msedge.exe","Protocol":"tcp","SourceIp":"192.168.1.100","SourcePort":63558,"agent":{"hostname":"WIN-8MEFQG65","type":"winlogbeat","version":"8.5.0"},"destination":{"ip":"1.1.1.1","port":53},"ecs":{"version":"8.5.0"},"event":{"action":"Process creation","category":["process"],"code":3,"kind":"event","provider":"Microsoft-Windows-Sysmon","type":["start"]},"host":{"name":"WIN-U9MKAY3T","os":{"family":"windows","name":"Windows Server 2019","version":"10.0.17763"}},"network":{"direction":"outbound","protocol":"tcp"},"source":{"ip":"192.168.1.100","port":63558},"winlog":{"channel":"Microsoft-Windows-Sysmon/Operational","computer_name":"WIN-F1DV9WN8.domain.local","event_id":3,"provider_name":"Microsoft-Windows-Sysmon","record_id":9416901,"task":"Process creation (rule: ProcessCreate)"}}
{"@timestamp":"2023-10-06T20:07:19.119Z","CommandLine":"C:\\Windows\\System32\\calc.exe Z7MK6M1VY8","EventID":1,"Image":"C:\\Windows\\System32\\calc.exe","ParentImage":"C:\\Windows\\System32\\taskmgr.exe","ParentProcessId":882,"ProcessId":33573,"User":"service_account","agent":{"hostname":"WIN-XMRR99UC","type":"winlogbeat","version":"8.5.0"},"ecs":{"version":"8.5.0"},"event":{"action":"Process creation","category":["process"],"code":1,"kind":"event","provider":"Microsoft-Windows-Sysmon","type":["start"]},"host":{"name":"WIN-02VI4C57","os":{"family":"windows","name":"Windows Server 2019","version":"10.0.17763"}},"process":{"args":["C:\\Windows\\System32\\calc.exe","Z7MK6M1VY8"],"command_line":"C:\\Windows\\System32\\calc.exe Z7MK6M1VY8","executable":"C:\\Windows\\System32\\calc.exe","name":"calc.exe","parent":{"executable":"C:\\Windows\\System32\\taskmgr.exe","name":"taskmgr.exe","pid":726},"pid":23580},"user":{"domain":"DOMAIN","name":"service_account"},"winlog":{"channel":"Microsoft-Windows-Sysmon/Operational","computer_name":"WIN-TUU0VIXF.domain.local","event_id":1,"provider_name":"Microsoft-Windows-Sysmon","record_id":6898986,"task":"Process creation (rule: ProcessCreate)"}}
{"@timestamp":"2023-11-06T13:36:29.400Z","CommandLine":"C:\\Windows\\System32\\lsass.exe 4CF8AQ5AOT","EventID":1,"Image":"C:\\Windows\\System32\\lsass.exe","ParentImage":"C:\\Windows\\System32\\spoolsv.exe","ParentProcessId":160,"ProcessId":9137,"User":"NT AUTHORITY\\SYSTEM","agent":{"hostname":"WIN-1ZPQ20MP","type":"winlogbeat","version":"8.5.0"},"ecs":{"version":"8.5.0"},"event":{"action":"Process creation","category":["process"],"code":1,"kind":"event","provider":"Microsoft-Windows-Sysmon","type":["start"]},"host":{"name":"WIN-O66Z7LEX","os":{"family":"windows","name":"Windows Server 2019","version":"10.0.17763"}},"process":{"args":["C:\\Windows\\System32\\lsass.exe","4CF8AQ5AOT"],"command_line":"C:\\Windows\\System32\\lsass.exe 4CF8AQ5AOT","executable":"C:\\Windows\\System32\\lsass.exe","name":"lsass.exe","parent":{"executable":"C:\\Windows\\System32\\spoolsv.exe","name":"spoolsv.exe","pid":481},"pid":54011},"user":{"domain":"NT AUTHORITY","name":"NT AUTHORITY\\SYSTEM"},"winlog":{"channel":"Microsoft-Windows-Sysmon/Operational","computer_name":"WIN-GF3GQ67G.domain.local","event_id":1,"provider_name":"Microsoft-Windows-Sysmon","record_id":1081661,"task":"Process creation (rule: ProcessCreate)"}}
{"@timestamp":"2023-01-09T23:00:26.238Z","CommandLine":"C:\\Windows\\System32\\calc.exe GDE42CDNI6","EventID":1,"Image":"C:\\Windows\\System32\\calc.exe","ParentImage":"C:\\Windows\\System32\\powershell.exe","ParentProcessId":448,"ProcessId":7933,"User":"DefaultAccount","agent":{"hostname":"WIN-EC0SFUL8","type":"winlogbeat","version":"8.5.0"},"ecs":{"version":"8.5.0"},"event":{"action":"Process creation","category":["process"],"code":1,"kind":"event","provider":"Microsoft-Windows-Sysmon","type":["start"]},"host":{"name":"WIN-81A3BRFY","os":{"family":"windows","name":"Windows Server 2019","version":"10.0.17763"}},"process":{"args":["C:\\Windows\\System32\\calc.exe","GDE42CDNI6"],"command_line":"C:\\Windows\\System32\\calc.exe GDE42CDNI6","executable":"C:\\Windows\\System32\\calc.exe","name":"calc.exe","parent":{"executable":"C:\\Windows\\System32\\powershell.exe","name":"powershell.exe","pid":518},"pid":50507},"user":{"domain":"DOMAIN","name":"DefaultAccount"},"winlog":{"channel":"Microsoft-Windows-Sysmon/Operational","computer_name":"WIN-XUMJ56HK.domain.local","event_id":1,"provider_name":"Microsoft-Windows-Sysmon","record_id":1266416,"task":"Process creation (rule: ProcessCreate)"}}
{"@timestamp":"2023-12-21T16:57:20.604Z","CommandLine":"C:\\Windows\\System32\\svchost.exe 4BUSXG0W5Y","EventID":1,"Image":"C:\\Windows\\System32\\svchost.exe","ParentImage":"C:\\Windows\\System32\\powershell.exe","ParentProcessId":511,"ProcessId":64457,"User":"SYSTEM","agent":{"hostname":"WIN-G1NC3A3H","type":"winlogbeat","version":"8.5.0"},"ecs":{"version":"8.5.0"},"event":{"action":"Process creation","category":["process"],"code":1,"kind":"event","provider":"Microsoft-Windows-Sysmon","type":["start"]},"host":{"name":"WIN-R792VQEQ","os":{"family":"windows","name":"Windows Server 2019","version":"10.0.17763"}},"process":{"args":["C:\\Windows\\System32\\svchost.exe","4BUSXG0W5Y"],"command_line":"C:\\Windows\\System32\\svchost.exe 4BUSXG0W5Y","executable":"C:\\Windows\\System32\\svchost.exe","name":"svchost.exe","parent":{"executable":"C:\\Windows\\System32\\powershell.exe","name":"powershell.exe","pid":416},"pid":2999},"user":{"domain":"DOMAIN","name":"SYSTEM"},"winlog":{"channel":"Microsoft-Windows-Sysmon/Operational","computer_name":"WIN-TF43WPYJ.domain.local","event_id":1,"provider_name":"Microsoft-Windows-Sysmon","record_id":8561940,"task":"Process creation (rule: ProcessCreate)"}}
{"@timestamp":"2023-12-15T13:56:32.775Z","DestinationIp":"1.1.1.1","DestinationPort":3389,"EventID":3,"Image":"C:\\Windows\\System32\\wininit.exe","Protocol":"tcp","SourceIp":"192.168.1.100","SourcePort":58703,"agent":{"hostname":"WIN-QY6LQKB5","type":"winlogbeat","version":"8.5.0"},"destination":{"ip":"1.1.1.1","port":3389},"ecs":{"version":"8.5.0"},"event":{"action":"Process creation","category":["process"],"code":3,"kind":"event","provider":"Microsoft-Windows-Sysmon","type":["start"]},"host":{"name":"WIN-7AHI32V4","os":{"family":"windows","name":"Windows Server 2019","version":"10.0.17763"}},"network":{"direction":"outbound","protocol":"tcp"},"source":{"ip":"192.168.1.100","port":58703},"winlog":{"channel":"Microsoft-Windows-Sysmon/Operational","computer_name":"WIN-W1XT9FJR.domain.local","event_id":3,"provider_name":"Microsoft-Windows-Sysmon","record_id":8256838,"task":"Process creation (rule: ProcessCreate)"}}
{"@timestamp":"2023-05-28T02:16:44.309Z","Details":"C:\\temp\\7903F7NP.exe","EventID":13,"Image":"C:\\Windows\\System32\\regsvr32.exe","TargetObject":"HKLM\\SOFTWARE\\Classes\\exefile\\shell\\open\\command\\RLTOW64KX3","agent":{"hostname":"WIN-QU0DBTUT","type":"winlogbeat","version":"8.5.0"},"ecs":{"version":"8.5.0"},"event":{"action":"Process creation","category":["process"],"code":13,"kind":"event","provider":"Microsoft-Windows-Sysmon","type":["start"]},"host":{"name":"WIN-4DSB8MT0","os":{"family":"windows","name":"Windows Server 2019","version":"10.0.17763"}},"registry":{"data":{"strings":["C:\\temp\\NWPDLI9J.exe"]},"key":"HKLM\\SOFTWARE\\Classes\\exefile\\shell\\open\\command","value":"N59V9694Y4"},"winlog":{"channel":"Microsoft-Windows-Sysmon/Operational","computer_name":"WIN-ZSMTKC8I.domain.local","event_id":13,"provider_name":"Microsoft-Windows-Sysmon","record_id":8867590,"task":"Process creation (rule: ProcessCreate)"}}
{"@timestamp":"2023-05-19T00:47:37.920Z","DestinationIp":"8.8.8.8","DestinationPort":3389,"EventID":3,"Image":"C:\\Windows\\System32\\cscript.exe","Protocol":"tcp","SourceIp":"192.168.1.100","SourcePort":49332,"agent":{"hostname":"WIN-XUZME9IA","type":"winlogbeat","version":"8.5.0"},"destination":{"ip":"8.8.8.8","port":3389},"ecs":{"version":"8.5.0"},"event":{"action":"Process creation","category":["process"],"code":3,"kind":"event","provider":"Microsoft-Windows-Sysmon","type":["start"]},"host":{"name":"WIN-YP5FP2TN","os":{"family":"windows","name":"Windows Server 2019","version":"10.0.17763"}},"network":{"direction":"outbound","protocol":"tcp"},"source":{"ip":"192.168.1.100","port":49332},"winlog":{"channel":"Microsoft-Windows-Sysmon/Operational","computer_name":"WIN-B6U72HXF.domain.local","event_id":3,"provider_name":"Microsoft-Windows-Sysmon","record_id":4833943,"task":"Process creation (rule: ProcessCreate)"}}
{"@timestamp":"2023-03-08T19:31:39.365Z","CommandLine":"C:\\Windows\\System32\\svchost.exe 8QM3KCIYFD","EventID":1,"Image":"C:\\Windows\\System32\\svchost.exe","ParentImage":"C:\\Windows\\System32\\calc.exe","ParentProcessId":340,"ProcessId":7176,"User":"SYSTEM","agent":{"hostname":"WIN-FIJNSZPU","type":"winlogbeat","version":"8.5.0"},"ecs":{"version":"8.5.0"},"event":{"action":"Process creation","category":["process"],"code":1,"kind":"event","provider":"Microsoft-Windows-Sysmon","type":["start"]},"host":{"name":"WIN-DPBJLHP0","os":{"family":"windows","name":"Windows Server 2019","version":"10.0.17763"}},"process":{"args":["C:\\Windows\\System32\\svchost.exe","8QM3KCIYFD"],"command_line":"C:\\Windows\\System32\\svchost.exe 8QM3KCIYFD","executable":"C:\\Windows\\System32\\svchost.exe","name":"svchost.exe","parent":{"executable":"C:\\Windows\\System32\\calc.exe","name":"calc.exe","pid":582},"pid":42896},"user":{"domain":"DOMAIN","name":"SYSTEM"},"winlog":{"channel":"Microsoft-Windows-Sysmon/Operational","computer_name":"WIN-HKWKYOUE.domain.local","event_id":1,"provider_name":"Microsoft-Windows-Sysmon","record_id":1845038,"task":"Process creation (rule: ProcessCreate)"}}
{"@timestamp":"2023-10-16T01:54:31.482Z","CommandLine":"C:\\Windows\\System32\\wininit.exe NJT8P6SLFL","EventID":1,"Image":"C:\\Windows\\System32\\wininit.exe","ParentImage":"C:\\Windows\\System32\\calc.exe","ParentProcessId":332,"ProcessId":54492,"User":"john.doe","agent":{"hostname":"WIN-OC25Y8Q1","type":"winlogbeat","version":"8.5.0"},"ecs":{"version":"8.5.0"},"event":{"action":"Process creation","category":["process"],"code":1,"kind":"event","provider":"Microsoft-Windows-Sysmon","type":["start"]},"host":{"name":"WIN-EHC69UMV","os":{"family":"windows","name":"Windows Server 2019","version":"10.0.17763"}},"process":{"args":["C:\\Windows\\System32\\wininit.exe","NJT8P6SLFL"],"command_line":"C:\\Windows\\System32\\wininit.exe NJT8P6SLFL","executable":"C:\\Windows\\System32\\wininit.exe","name":"wininit.exe","parent":{"executable":"C:\\Windows\\System32\\calc.exe","name":"calc.exe","pid":632},"pid":32328},"user":{"domain":"DOMAIN","name":"john.doe"},"winlog":{"channel":"Microsoft-Windows-Sysmon/Operational","computer_name":"WIN-HRTPB35I.domain.local","event_id":1,"provider_name":"Microsoft-Windows-Sysmon","record_id":7454159,"task":"Process creation (rule: ProcessCreate)"}}
{"@timestamp":"2023-05-04T04:20:52.662Z","DestinationIp":"update-server.microsoft.com","DestinationPort":443,"EventID":3,"Image":"C:\\Windows\\System32\\calc.exe","Protocol":"tcp","SourceIp":"192.168.1.100","SourcePort":64483,"agent":{"hostname":"WIN-57ODCPN2","type":"winlogbeat","version":"8.5.0"},"destination":{"ip":"update-server.microsoft.com","port":443},"ecs":{"version":"8.5.0"},"event":{"action":"Process creation","category":["process"],"code":3,"kind":"event","provider":"Microsoft-Windows-Sysmon","type":["start"]},"host":{"name":"WIN-MC337C30","os":{"family":"windows","name":"Windows Server 2019","version":"10.0.17763"}},"network":{"direction":"outbound","protocol":"tcp"},"source":{"ip":"192.168.1.100","port":64483},"winlog":{"channel":"Microsoft-Windows-Sysmon/Operational","computer_name":"WIN-0SBBAXNY.domain.local","event_id":3,"provider_name":"Microsoft-Windows-Sysmon","record_id":1063606,"task":"Process creation (rule: ProcessCreate)"}}
{"@timestamp":"2023-09-12T23:32:52.278Z","CommandLine":"C:\\Program Files\\Mozilla Firefox\\firefox.exe SQZDBCIOF2","EventID":1,"Image":"C:\\Program Files\\Mozilla Firefox\\firefox.exe","ParentImage":"C:\\Program Files\\Google\\Chrome\\Application\\chrome.exe","ParentProcessId":187,"ProcessId":63499,"User":"john.doe","agent":{"hostname":"WIN-CL7VE4I6","type":"winlogbeat","version":"8.5.0"},"ecs":{"version":"8.5.0"},"event":{"action":"Process creation","category":["process"],"code":1,"kind":"event","provider":"Microsoft-Windows-Sysmon","type":["start"]},"host":{"name":"WIN-UGJ7QJWG","os":{"family":"windows","name":"Windows Server 2019","version":"10.0.17763"}},"process":{"args":["C:\\Program","Files\\Mozilla","Firefox\\firefox.exe","SQZDBCIOF2"],"command_line":"C:\\Program Files\\Mozilla Firefox\\firefox.exe SQZDBCIOF2","executable":"C:\\Program Files\\Mozilla Firefox\\firefox.exe","name":"firefox.exe","parent":{"executable":"C:\\Program Files\\Google\\Chrome\\Application\\chrome.exe","name":"chrome.exe","pid":930},"pid":28929},"user":{"domain":"DOMAIN","name":"john.doe"},"winlog":{"channel":"Microsoft-Windows-Sysmon/Operational","computer_name":"WIN-FS6N9D1P.domain.local","event_id":1,"provider_name":"Microsoft-Windows-Sysmon","record_id":4742558,"task":"Process creation (rule: ProcessCreate)"}}
{"@timestamp":"2023-07-25T18:42:13.418Z","DestinationIp":"update-server.microsoft.com","DestinationPort":8443,"EventID":3,"Image":"C:\\Windows\\System32\\services.exe","Protocol":"tcp","SourceIp":"192.168.1.100","SourcePort":60797,"agent":{"hostname":"WIN-DNSA1UO2","type":"winlogbeat","version":"8.5.0"},"destination":{"ip":"update-server.microsoft.com","port":8443},"ecs":{"version":"8.5.0"},"event":{"action":"Process creation","category":["process"],"code":3,"kind":"event","provider":"Microsoft-Windows-Sysmon","type":["start"]},"host":{"name":"WIN-ZC3AJSVR","os":{"family":"windows","name":"Windows Server 2019","version":"10.0.17763"}},"network":{"direction":"outbound","protocol":"tcp"},"source":{"ip":"192.168.1.100","port":60797},"winlog":{"channel":"Microsoft-Windows-Sysmon/Operational","computer_name":"WIN-71YJHH9A.domain.local","event_id":3,"provider_name":"Microsoft-Windows-Sysmon","record_id":7424694,"task":"Process creation (rule: ProcessCreate)"}}
{"@timestamp":"2023-12-26T05:53:53.324Z","EventID":17,"Image":"C:\\Windows\\System32\\taskmgr.exe","PipeName":"\\pipe\\mojo.5537.PDW1Z70Z","agent":{"hostname":"WIN-LEBS53RH","type":"winlogbeat","version":"8.5.0"},"ecs":{"version":"8.5.0"},"event":{"action":"Process creation","category":["process"],"code":17,"kind":"event","provider":"Microsoft-Windows-Sysmon","type":["start"]},"host":{"name":"WIN-9UQ97P4S","os":{"family":"windows","name":"Windows Server 2019","version":"10.0.17763"}},"winlog":{"channel":"Microsoft-Windows-Sysmon/Operational","computer_name":"WIN-8EATXXO6.domain.local","event_id":17,"provider_name":"Microsoft-Windows-Sysmon","record_id":3188599,"task":"Process creation (rule: ProcessCreate)"}}
{"@timestamp":"2023-08-26T06:30:32.427Z","CommandLine":"C:\\Windows\\System32\\wscript.exe YZJSCP4TGH","EventID":1,"Image":"C:\\Windows\\System32\\wscript.exe","ParentImage":"C:\\Windows\\System32\\notepad.exe","ParentProcessId":660,"ProcessId":9334,"User":"jane.smith","agent":{"hostname":"WIN-5SVK5XIJ","type":"winlogbeat","version":"8.5.0"},"ecs":{"version":"8.5.0"},"event":{"action":"Process creation","category":["process"],"code":1,"kind":"event","provider":"Microsoft-Windows-Sysmon","type":["start"]},"host":{"name":"WIN-QJVOSF9C","os":{"family":"windows","name":"Windows Server 2019","version":"10.0.17763"}},"process":{"args":["C:\\Windows\\System32\\wscript.exe","YZJSCP4TGH"],"command_line":"C:\\Windows\\System32\\wscript.exe YZJSCP4TGH","executable":"C:\\Windows\\System32\\wscript.exe","name":"wscript.exe","parent":{"executable":"C:\\Windows\\System32\\notepad.exe","name":"notepad.exe","pid":421},"pid":23095},"user":{"domain":"DOMAIN","name":"jane.smith"},"winlog":{"channel":"Microsoft-Windows-Sysmon/Operational","computer_name":"WIN-CSAQJKV7.domain.local","event_id":1,"provider_name":"Microsoft-Windows-Sysmon","record_id":8839781,"task":"Process creation (rule: ProcessCreate)"}}
{"@timestamp":"2023-01-03T10:51:26.890Z","EventID":17,"Image":"C:\\Windows\\System32\\wscript.exe","PipeName":"\\pipe\\spoolss","agent":{"hostname":"WIN-VLE7VBFM","type":"winlogbeat","version":"8.5.0"},"ecs":{"version":"8.5.0"},"event":{"action":"Process creation","category":["process"],"code":17,"kind":"event","provider":"Microsoft-Windows-Sysmon","type":["start"]},"host":{"name":"WIN-0ZHKWD6N","os":{"family":"windows","name":"Windows Server 2019","version":"10.0.17763"}},"winlog":{"channel":"Microsoft-Windows-Sysmon/Operational","computer_name":"WIN-TQ0B85FT.domain.local","event_id":17,"provider_name":"Microsoft-Windows-Sysmon","record_id":6020801,"task":"Process creation (rule: ProcessCreate)"}}
{"@timestamp":"2023-09-19T00:29:44.955Z","CommandLine":"C:\\Windows\\System32\\regsvr32.exe F918D7VFLA","EventID":1,"Image":"C:\\Windows\\System32\\regsvr32.exe","ParentImage":"C:\\Windows\\System32\\cmd.exe","ParentProcessId":312,"ProcessId":29237,"User":"jane.smith","agent":{"hostname":"WIN-YKZ5BP93","type":"winlogbeat","version":"8.5.0"},"ecs":{"version":"8.5.0"},"event":{"action":"Process creation","category":["process"],"code":1,"kind":"event","provider":"Microsoft-Windows-Sysmon","type":["start"]},"host":{"name":"WIN-RKM7J1V5","os":{"family":"windows","name":"Windows Server 2019","version":"10.0.17763"}},"process":{"args":["C:\\Windows\\System32\\regsvr32.exe","F918D7VFLA"],"command_line":"C:\\Windows\\System32\\regsvr32.exe F918D7VFLA","executable":"C:\\Windows\\System32\\regsvr32.exe","name":"regsvr32.exe","parent":{"executable":"C:\\Windows\\System32\\cmd.exe","name":"cmd.exe","pid":405},"pid":60386},"user":{"domain":"DOMAIN","name":"jane.smith"},"winlog":{"channel":"Microsoft-Windows-Sysmon/Operational","computer_name":"WIN-VUN2WX6O.domain.local","event_id":1,"provider_name":"Microsoft-Windows-Sysmon","record_id":4788123,"task":"Process creation (rule: ProcessCreate)"}}
{"@timestamp":"2023-07-01T08:23:57.273Z","CommandLine":"C:\\Program Files\\Mozilla Firefox\\firefox.exe 6X6C527KG6","EventID":1,"Image":"C:\\Program Files\\Mozilla Firefox\\firefox.exe","ParentImage":"C:\\Windows\\System32\\powershell.exe","ParentProcessId":350,"ProcessId":20435,"User":"admin","agent":{"hostname":"WIN-5U8V0AXM","type":"winlogbeat","version":"8.5.0"},"ecs":{"version":"8.5.0"},"event":{"action":"Process creation","category":["process"],"code":1,"kind":"event","provider":"Microsoft-Windows-Sysmon","type":["start"]},"host":{"name":"WIN-F413P31D","os":{"family":"windows","name":"Windows Server 2019","version":"10.0.17763"}},"process":{"args":["C:\\Program","Files\\Mozilla","Firefox\\firefox.exe","6X6C527KG6"],"command_line":"C:\\Program Files\\Mozilla Firefox\\firefox.exe 6X6C527KG6","executable":"C:\\Program Files\\Mozilla Firefox\\firefox.exe","name":"firefox.exe","parent":{"executable":"C:\\Windows\\System32\\powershell.exe","name":"powershell.exe","pid":541},"pid":27917},"user":{"domain":"DOMAIN","name":"admin"},"winlog":{"channel":"Microsoft-Windows-Sysmon/Operational","computer_name":"WIN-OZJ54I7B.domain.local","event_id":1,"provider_name":"Microsoft-Windows-Sysmon","record_id":3745537,"task":"Process creation (rule: ProcessCreate)"}}
{"@timestamp":"2023-10-04T17:21:02.678Z","DestinationIp":"legitimate-service.com","DestinationPort":443,"EventID":3,"Image":"C:\\Windows\\System32\\WindowsPowerShell\\v1.0\\powershell.exe","Protocol":"tcp","SourceIp":"192.168.1.100","SourcePort":59492,"agent":{"hostname":"WIN-KZTC3IL5","type":"winlogbeat","version":"8.5.0"},"destination":{"ip":"legitimate-service.com","port":443},"ecs":{"version":"8.5.0"},"event":{"action":"Process creation","category":["process"],"code":3,"kind":"event","provider":"Microsoft-Windows-Sysmon","type":["start"]},"host":{"name":"WIN-R3G8ETNP","os":{"family":"windows","name":"Windows Server 2019","version":"10.0.17763"}},"network":{"direction":"outbound","protocol":"tcp"},"source":{"ip":"192.168.1.100","port":59492},"winlog":{"channel":"Microsoft-Windows-Sysmon/Operational","computer_name":"WIN-MP6AMJ9X.domain.local","event_id":3,"provider_name":"Microsoft-Windows-Sysmon","record_id":9433193,"task":"Process creation (rule: ProcessCreate)"}}
{"@timestamp":"2023-07-04T05:29:04.390Z","CommandLine":"C:\\Windows\\System32\\explorer.exe","EventID":1,"Image":"C:\\Windows\\System32\\explorer.exe","ParentImage":"C:\\Windows\\System32\\powershell.exe","ParentProcessId":280,"ProcessId":7658,"User":"user","agent":{"hostname":"WIN-6USRU3IN","type":"winlogbeat","version":"8.5.0"},"ecs":{"version":"8.5.0"},"event":{"action":"Process creation","category":["process"],"code":1,"kind":"event","provider":"Microsoft-Windows-Sysmon","type":["start"]},"host":{"name":"WIN-U8GZRKXL","os":{"family":"windows","name":"Windows Server 2019","version":"10.0.17763"}},"process":{"args":["C:\\Windows\\System32\\explorer.exe"],"command_line":"C:\\Windows\\System32\\explorer.exe","executable":"C:\\Windows\\System32\\explorer.exe","name":"explorer.exe","parent":{"executable":"C:\\Windows\\System32\\powershell.exe","name":"powershell.exe","pid":463},"pid":42738},"user":{"domain":"DOMAIN","name":"user"},"winlog":{"channel":"Microsoft-Windows-Sysmon/Operational","computer_name":"WIN-N55Q2VJ2.domain.local","event_id":1,"provider_name":"Microsoft-Windows-Sysmon","record_id":3864419,"task":"Process creation (rule: ProcessCreate)"}}
