{"@timestamp":"2023-10-02T00:03:12.654Z","CommandLine":"C:\\Program Files\\Mozilla Firefox\\firefox.exe 1ZIJJ5A978","EventID":1,"Image":"C:\\Program Files\\Mozilla Firefox\\firefox.exe","ParentImage":"C:\\Windows\\System32\\regsvr32.exe","ParentProcessId":262,"ProcessId":27425,"User":"NT AUTHORITY\\SYSTEM","agent":{"hostname":"WIN-GEAJDJ0Q","type":"winlogbeat","version":"8.5.0"},"ecs":{"version":"8.5.0"},"event":{"action":"Process creation","category":["process"],"code":1,"kind":"event","provider":"Microsoft-Windows-Sysmon","type":["start"]},"host":{"name":"WIN-HN955BG4","os":{"family":"windows","name":"Windows Server 2019","version":"10.0.17763"}},"process":{"args":["C:\\Program","Files\\Mozilla","Firefox\\firefox.exe","1ZIJJ5A978"],"command_line":"C:\\Program Files\\Mozilla Firefox\\firefox.exe 1ZIJJ5A978","executable":"C:\\Program Files\\Mozilla Firefox\\firefox.exe","name":"firefox.exe","parent":{"executable":"C:\\Windows\\System32\\regsvr32.exe","name":"regsvr32.exe","pid":782},"pid":12868},"user":{"domain":"NT AUTHORITY","name":"NT AUTHORITY\\SYSTEM"},"winlog":{"channel":"Microsoft-Windows-Sysmon/Operational","computer_name":"WIN-FG7ZA6J8.domain.local","event_id":1,"provider_name":"Microsoft-Windows-Sysmon","record_id":2742833,"task":"Process creation (rule: ProcessCreate)"}}
{"@timestamp":"2023-04-23T02:14:23.475Z","CommandLine":"C:\\Windows\\System32\\explorer.exe","EventID":1,"Image":"C:\\Windows\\System32\\explorer.exe","ParentImage":"C:\\Windows\\System32\\regsvr32.exe","ParentProcessId":420,"ProcessId":2270,"User":"NT AUTHORITY\\LOCAL SERVICE","agent":{"hostname":"WIN-ZYA2HZM6","type":"winlogbeat","version":"8.5.0"},"ecs":{"version":"8.5.0"},"event":{"action":"Process creation","category":["process"],"code":1,"kind":"event","provider":"Microsoft-Windows-Sysmon","type":["start"]},"host":{"name":"WIN-NAF8S4P5","os":{"family":"windows","name":"Windows Server 2019","version":"10.0.17763"}},"process":{"args":["C:\\Windows\\System32\\explorer.exe"],"command_line":"C:\\Windows\\System32\\explorer.exe","executable":"C:\\Windows\\System32\\explorer.exe","name":"explorer.exe","parent":{"executable":"C:\\Windows\\System32\\regsvr32.exe","name":"regsvr32.exe","pid":181},"pid":54003},"user":{"domain":"NT AUTHORITY","name":"NT AUTHORITY\\LOCAL SERVICE"},"winlog":{"channel":"Microsoft-Windows-Sysmon/Operational","computer_name":"WIN-IQBOSBAP.domain.local","event_id":1,"provider_name":"Microsoft-Windows-Sysmon","record_id":9159578,"task":"Process creation (rule: ProcessCreate)"}}
{"@timestamp":"2023-09-01T10:12:39.742Z","EventID":17,"Image":"C:\\Windows\\System32\\powershell.exe","PipeName":"\\pipe\\srvsvc","agent":{"hostname":"WIN-NS1PJTLW","type":"winlogbeat","version":"8.5.0"},"ecs":{"version":"8.5.0"},"event":{"action":"Process creation","category":["process"],"code":17,"kind":"event","provider":"Microsoft-Windows-Sysmon","type":["start"]},"host":{"name":"WIN-329AN8MY","os":{"family":"windows","name":"Windows Server 2019","version":"10.0.17763"}},"winlog":{"channel":"Microsoft-Windows-Sysmon/Operational","computer_name":"WIN-HBUKCH31.domain.local","event_id":17,"provider_name":"Microsoft-Windows-Sysmon","record_id":9431119,"task":"Process creation (rule: ProcessCreate)"}}
{"@timestamp":"2023-04-08T12:48:51.827Z","DestinationIp":"8.8.8.8","DestinationPort":443,"EventID":3,"Image":"C:\\Windows\\System32\\cmd.exe","Protocol":"tcp","SourceIp":"192.168.1.100","SourcePort":60768,"agent":{"hostname":"WIN-R5HI6OQM","type":"winlogbeat","version":"8.5.0"},"destination":{"ip":"8.8.8.8","port":443},"ecs":{"version":"8.5.0"},"event":{"action":"Process creation","category":["process"],"code":3,"kind":"event","provider":"Microsoft-Windows-Sysmon","type":["start"]},"host":{"name":"WIN-M3YHI4UU","os":{"family":"windows","name":"Windows Server 2019","version":"10.0.17763"}},"network":{"direction":"outbound","protocol":"tcp"},"source":{"ip":"192.168.1.100","port":60768},"winlog":{"channel":"Microsoft-Windows-Sysmon/Operational","computer_name":"WIN-7BWDJKHW.domain.local","event_id":3,"provider_name":"Microsoft-Windows-Sysmon","record_id":6014378,"task":"Process creation (rule: ProcessCreate)"}}
{"@timestamp":"2023-09-06T06:13:14.699Z","CommandLine":"C:\\Windows\\System32\\spoolsv.exe 90H5Y913I9","EventID":1,"Image":"C:\\Windows\\System32\\spoolsv.exe","ParentImage":"C:\\Windows\\System32\\explorer.exe","ParentProcessId":533,"ProcessId":11598,"User":"SYSTEM","agent":{"hostname":"WIN-BM09GGFX","type":"winlogbeat","version":"8.5.0"},"ecs":{"version":"8.5.0"},"event":{"action":"Process creation","category":["process"],"code":1,"kind":"event","provider":"Microsoft-Windows-Sysmon","type":["start"]},"host":{"name":"WIN-IDTSQKAF","os":{"family":"windows","name":"Windows Server 2019","version":"10.0.17763"}},"process":{"args":["C:\\Windows\\System32\\spoolsv.exe","90H5Y913I9"],"command_line":"C:\\Windows\\System32\\spoolsv.exe 90H5Y913I9","executable":"C:\\Windows\\System32\\spoolsv.exe","name":"spoolsv.exe","parent":{"executable":"C:\\Windows\\System32\\explorer.exe","name":"explorer.exe","pid":279},"pid":21787},"user":{"domain":"DOMAIN","name":"SYSTEM"},"winlog":{"channel":"Microsoft-Windows-Sysmon/Operational","computer_name":"WIN-F7V0V53Z.domain.local","event_id":1,"provider_name":"Microsoft-Windows-Sysmon","record_id":2809188,"task":"Process creation (rule: ProcessCreate)"}}
{"@timestamp":"2023-12-04T07:56:15.252Z","CommandLine":"C:\\Windows\\System32\\spoolsv.exe MIG3Y2RWD9","EventID":1,"Image":"C:\\Windows\\System32\\spoolsv.exe","ParentImage":"C:\\Windows\\System32\\notepad.exe","ParentProcessId":370,"ProcessId":22117,"User":"NT AUTHORITY\\LOCAL SERVICE","agent":{"hostname":"WIN-X16BRQX2","type":"winlogbeat","version":"8.5.0"},"ecs":{"version":"8.5.0"},"event":{"action":"Process creation","category":["process"],"code":1,"kind":"event","provider":"Microsoft-Windows-Sysmon","type":["start"]},"host":{"name":"WIN-0MEA6AUV","os":{"family":"windows","name":"Windows Server 2019","version":"10.0.17763"}},"process":{"args":["C:\\Windows\\System32\\spoolsv.exe","MIG3Y2RWD9"],"command_line":"C:\\Windows\\System32\\spoolsv.exe MIG3Y2RWD9","executable":"C:\\Windows\\System32\\spoolsv.exe","name":"spoolsv.exe","parent":{"executable":"C:\\Windows\\System32\\notepad.exe","name":"notepad.exe","pid":835},"pid":38605},"user":{"domain":"NT AUTHORITY","name":"NT AUTHORITY\\LOCAL SERVICE"},"winlog":{"channel":"Microsoft-Windows-Sysmon/Operational","computer_name":"WIN-QV3TYJ3V.domain.local","event_id":1,"provider_name":"Microsoft-Windows-Sysmon","record_id":1454282,"task":"Process creation (rule: ProcessCreate)"}}
{"@timestamp":"2023-12-14T19:03:22.553Z","DestinationIp":"192.168.1.100","DestinationPort":8443,"EventID":3,"Image":"C:\\Windows\\System32\\mshta.exe","Protocol":"tcp","SourceIp":"192.168.1.100","SourcePort":63598,"agent":{"hostname":"WIN-2J9H61KA","type":"winlogbeat","version":"8.5.0"},"destination":{"ip":"192.168.1.100","port":8443},"ecs":{"version":"8.5.0"},"event":{"action":"Process creation","category":["process"],"code":3,"kind":"event","provider":"Microsoft-Windows-Sysmon","type":["start"]},"host":{"name":"WIN-TGI194PW","os":{"family":"windows","name":"Windows Server 2019","version":"10.0.17763"}},"network":{"direction":"outbound","protocol":"tcp"},"source":{"ip":"192.168.1.100","port":63598},"winlog":{"channel":"Microsoft-Windows-Sysmon/Operational","computer_name":"WIN-YSZ424A3.domain.local","event_id":3,"provider_name":"Microsoft-Windows-Sysmon","record_id":3937519,"task":"Process creation (rule: ProcessCreate)"}}
{"@timestamp":"2023-08-14T00:25:25.341Z","CommandLine":"C:\\Windows\\System32\\certutil.exe VN0UB09JODTMMJ7R5QHN","EventID":1,"Image":"C:\\Windows\\System32\\certutil.exe","ParentImage":"C:\\Program Files (x86)\\Microsoft\\Edge\\Application\\msedge.exe","ParentProcessId":418,"ProcessId":53377,"User":"user","agent":{"hostname":"WIN-2L1RB95I","type":"winlogbeat","version":"8.5.0"},"ecs":{"version":"8.5.0"},"event":{"action":"Process creation","category":["process"],"code":1,"kind":"event","provider":"Microsoft-Windows-Sysmon","type":["start"]},"host":{"name":"WIN-6N0ZE3N7","os":{"family":"windows","name":"Windows Server 2019","version":"10.0.17763"}},"process":{"args":["C:\\Windows\\System32\\certutil.exe","VN0UB09JODTMMJ7R5QHN"],"command_line":"C:\\Windows\\System32\\certutil.exe VN0UB09JODTMMJ7R5QHN","executable":"C:\\Windows\\System32\\certutil.exe","name":"certutil.exe","parent":{"executable":"C:\\Program Files (x86)\\Microsoft\\Edge\\Application\\msedge.exe","name":"msedge.exe","pid":587},"pid":41413},"user":{"domain":"DOMAIN","name":"user"},"winlog":{"channel":"Microsoft-Windows-Sysmon/Operational","computer_name":"WIN-5BC123IR.domain.local","event_id":1,"provider_name":"Microsoft-Windows-Sysmon","record_id":2254226,"task":"Process creation (rule: ProcessCreate)"}}
{"@timestamp":"2023-01-28T02:06:44.988Z","CommandLine":"C:\\Windows\\System32\\services.exe 0ATVS3CBFE","EventID":1,"Image":"C:\\Windows\\System32\\services.exe","ParentImage":"C:\\Windows\\System32\\taskmgr.exe","ParentProcessId":149,"ProcessId":8839,"User":"NT AUTHORITY\\SYSTEM","agent":{"hostname":"WIN-47369VDA","type":"winlogbeat","version":"8.5.0"},"ecs":{"version":"8.5.0"},"event":{"action":"Process creation","category":["process"],"code":1,"kind":"event","provider":"Microsoft-Windows-Sysmon","type":["start"]},"host":{"name":"WIN-1FCQ7ZUA","os":{"family":"windows","name":"Windows Server 2019","version":"10.0.17763"}},"process":{"args":["C:\\Windows\\System32\\services.exe","0ATVS3CBFE"],"command_line":"C:\\Windows\\System32\\services.exe 0ATVS3CBFE","executable":"C:\\Windows\\System32\\services.exe","name":"services.exe","parent":{"executable":"C:\\Windows\\System32\\taskmgr.exe","name":"taskmgr.exe","pid":553},"pid":30874},"user":{"domain":"NT AUTHORITY","name":"NT AUTHORITY\\SYSTEM"},"winlog":{"channel":"Microsoft-Windows-Sysmon/Operational","computer_name":"WIN-PX4GXYQ4.domain.local","event_id":1,"provider_name":"Microsoft-Windows-Sysmon","record_id":9335727,"task":"Process creation (rule: ProcessCreate)"}}
{"@timestamp":"2023-04-06T13:00:27.468Z","EventID":17,"Image":"C:\\Windows\\System32\\regsvr32.exe","PipeName":"\\pipe\\srvsvc","agent":{"hostname":"WIN-ZANEJV0P","type":"winlogbeat","version":"8.5.0"},"ecs":{"version":"8.5.0"},"event":{"action":"Process creation","category":["process"],"code":17,"kind":"event","provider":"Microsoft-Windows-Sysmon","type":["start"]},"host":{"name":"WIN-CHS77YVO","os":{"family":"windows","name":"Windows Server 2019","version":"10.0.17763"}},"winlog":{"channel":"Microsoft-Windows-Sysmon/Operational","computer_name":"WIN-9MLFTJZO.domain.local","event_id":17,"provider_name":"Microsoft-Windows-Sysmon","record_id":5667853,"task":"Process creation (rule: ProcessCreate)"}}
{"@timestamp":"2023-04-09T17:52:34.695Z","CommandLine":"C:\\Program Files (x86)\\Microsoft\\Edge\\Application\\msedge.exe SVX9RRFAVX","EventID":1,"Image":"C:\\Program Files (x86)\\Microsoft\\Edge\\Application\\msedge.exe","ParentImage":"C:\\Windows\\System32\\rundll32.exe","ParentProcessId":215,"ProcessId":4372,"User":"NT AUTHORITY\\SYSTEM","agent":{"hostname":"WIN-M7X4509H","type":"winlogbeat","version":"8.5.0"},"ecs":{"version":"8.5.0"},"event":{"action":"Process creation","category":["process"],"code":1,"kind":"event","provider":"Microsoft-Windows-Sysmon","type":["start"]},"host":{"name":"WIN-1GWSIJOW","os":{"family":"windows","name":"Windows Server 2019","version":"10.0.17763"}},"process":{"args":["C:\\Program","Files","(x86)\\Microsoft\\Edge\\Application\\msedge.exe","SVX9RRFAVX"],"command_line":"C:\\Program Files (x86)\\Microsoft\\Edge\\Application\\msedge.exe SVX9RRFAVX","executable":"C:\\Program Files (x86)\\Microsoft\\Edge\\Application\\msedge.exe","name":"msedge.exe","parent":{"executable":"C:\\Windows\\System32\\rundll32.exe","name":"rundll32.exe","pid":394},"pid":17145},"user":{"domain":"NT AUTHORITY","name":"NT AUTHORITY\\SYSTEM"},"winlog":{"channel":"Microsoft-Windows-Sysmon/Operational","computer_name":"WIN-3IK1Q42Q.domain.local","event_id":1,"provider_name":"Microsoft-Windows-Sysmon","record_id":8594032,"task":"Process creation (rule: ProcessCreate)"}}
{"@timestamp":"2023-11-11T23:49:18.215Z","CommandLine":"C:\\Windows\\System32\\rundll32.exe MPO8NRJ4N7","EventID":1,"Image":"C:\\Windows\\System32\\rundll32.exe","ParentImage":"C:\\Windows\\System32\\powershell.exe","ParentProcessId":579,"ProcessId":26760,"User":"SYSTEM","agent":{"hostname":"WIN-3IWZ9HAX","type":"winlogbeat","version":"8.5.0"},"ecs":{"version":"8.5.0"},"event":{"action":"Process creation","category":["process"],"code":1,"kind":"event","provider":"Microsoft-Windows-Sysmon","type":["start"]},"host":{"name":"WIN-59DSJNZL","os":{"family":"windows","name":"Windows Server 2019","version":"10.0.17763"}},"process":{"args":["C:\\Windows\\System32\\rundll32.exe","MPO8NRJ4N7"],"command_line":"C:\\Windows\\System32\\rundll32.exe MPO8NRJ4N7","executable":"C:\\Windows\\System32\\rundll32.exe","name":"rundll32.exe","parent":{"executable":"C:\\Windows\\System32\\powershell.exe","name":"powershell.exe","pid":411},"pid":26430},"user":{"domain":"DOMAIN","name":"SYSTEM"},"winlog":{"channel":"Microsoft-Windows-Sysmon/Operational","computer_name":"WIN-6KK0094Z.domain.local","event_id":1,"provider_name":"Microsoft-Windows-Sysmon","record_id":7057166,"task":"Process creation (rule: ProcessCreate)"}}
{"@timestamp":"2023-05-03T10:37:54.930Z","Details":"C:\\temp\\2THESUHV.exe","EventID":13,"Image":"C:\\Windows\\System32\\spoolsv.exe","TargetObject":"HKLM\\SOFTWARE\\Classes\\exefile\\shell\\open\\command\\KTWS56ZIE6","agent":{"hostname":"WIN-0E5BDSJH","type":"winlogbeat","version":"8.5.0"},"ecs":{"version":"8.5.0"},"event":{"action":"Process creation","category":["process"],"code":13,"kind":"event","provider":"Microsoft-Windows-Sysmon","type":["start"]},"host":{"name":"WIN-I3ZMUHUL","os":{"family":"windows","name":"Windows Server 2019","version":"10.0.17763"}},"registry":{"data":{"strings":["C:\\temp\\2B2PSRA9.exe"]},"key":"HKLM\\SOFTWARE\\Classes\\exefile\\shell\\open\\command","value":"JDN0VGGV9U"},"winlog":{"channel":"Microsoft-Windows-Sysmon/Operational","computer_name":"WIN-0HS9227L.domain.local","event_id":13,"provider_name":"Microsoft-Windows-Sysmon","record_id":3733526,"task":"Process creation (rule: ProcessCreate)"}}
{"@timestamp":"2023-08-03T10:04:49.363Z","CommandLine":"C:\\Windows\\System32\\calc.exe AKDPJD0TOH","EventID":1,"Image":"C:\\Windows\\System32\\calc.exe","ParentImage":"C:\\Windows\\System32\\mshta.exe","ParentProcessId":301,"ProcessId":33481,"User":"NT AUTHORITY\\NETWORK SERVICE","agent":{"hostname":"WIN-8KUZT8G3","type":"winlogbeat","version":"8.5.0"},"ecs":{"version":"8.5.0"},"event":{"action":"Process creation","category":["process"],"code":1,"kind":"event","provider":"Microsoft-Windows-Sysmon","type":["start"]},"host":{"name":"WIN-R0RLSARC","os":{"family":"windows","name":"Windows Server 2019","version":"10.0.17763"}},"process":{"args":["C:\\Windows\\System32\\calc.exe","AKDPJD0TOH"],"command_line":"C:\\Windows\\System32\\calc.exe AKDPJD0TOH","executable":"C:\\Windows\\System32\\calc.exe","name":"calc.exe","parent":{"executable":"C:\\Windows\\System32\\mshta.exe","name":"mshta.exe","pid":797},"pid":18022},"user":{"domain":"NT AUTHORITY","name":"NT AUTHORITY\\NETWORK SERVICE"},"winlog":{"channel":"Microsoft-Windows-Sysmon/Operational","computer_name":"WIN-7JN8WTK9.domain.local","event_id":1,"provider_name":"Microsoft-Windows-Sysmon","record_id":6214811,"task":"Process creation (rule: ProcessCreate)"}}
{"@timestamp":"2023-06-11T10:44:22.956Z","CommandLine":"C:\\Windows\\System32\\mshta.exe 9N7O7DEZPM","EventID":1,"Image":"C:\\Windows\\System32\\mshta.exe","ParentImage":"C:\\Windows\\System32\\svchost.exe","ParentProcessId":167,"ProcessId":23014,"User":"jane.smith","agent":{"hostname":"WIN-NCV637XG","type":"winlogbeat","version":"8.5.0"},"ecs":{"version":"8.5.0"},"event":{"action":"Process creation","category":["process"],"code":1,"kind":"event","provider":"Microsoft-Windows-Sysmon","type":["start"]},"host":{"name":"WIN-BSE6RBOZ","os":{"family":"windows","name":"Windows Server 2019","version":"10.0.17763"}},"process":{"args":["C:\\Windows\\System32\\mshta.exe","9N7O7DEZPM"],"command_line":"C:\\Windows\\System32\\mshta.exe 9N7O7DEZPM","executable":"C:\\Windows\\System32\\mshta.exe","name":"mshta.exe","parent":{"executable":"C:\\Windows\\System32\\svchost.exe","name":"svchost.exe","pid":202},"pid":6098},"user":{"domain":"DOMAIN","name":"jane.smith"},"winlog":{"channel":"Microsoft-Windows-Sysmon/Operational","computer_name":"WIN-NHYELJE7.domain.local","event_id":1,"provider_name":"Microsoft-Windows-Sysmon","record_id":5210645,"task":"Process creation (rule: ProcessCreate)"}}
{"@timestamp":"2023-12-23T00:04:53.730Z","DestinationIp":"suspicious-site.net","DestinationPort":139,"EventID":3,"Image":"C:\\Windows\\System32\\notepad.exe","Protocol":"tcp","SourceIp":"192.168.1.100","SourcePort":62124,"agent":{"hostname":"WIN-C59TVU1X","type":"winlogbeat","version":"8.5.0"},"destination":{"ip":"suspicious-site.net","port":139},"ecs":{"version":"8.5.0"},"event":{"action":"Process creation","category":["process"],"code":3,"kind":"event","provider":"Microsoft-Windows-Sysmon","type":["start"]},"host":{"name":"WIN-UQPMSNYL","os":{"family":"windows","name":"Windows Server 2019","version":"10.0.17763"}},"network":{"direction":"outbound","protocol":"tcp"},"source":{"ip":"192.168.1.100","port":62124},"winlog":{"channel":"Microsoft-Windows-Sysmon/Operational","computer_name":"WIN-BCAUVS62.domain.local","event_id":3,"provider_name":"Microsoft-Windows-Sysmon","record_id":5327308,"task":"Process creation (rule: ProcessCreate)"}}
{"@timestamp":"2023-06-18T08:08:50.247Z","DestinationIp":"1.1.1.1","DestinationPort":80,"EventID":3,"Image":"C:\\Windows\\System32\\regsvr32.exe","Protocol":"tcp","SourceIp":"192.168.1.100","SourcePort":49892,"agent":{"hostname":"WIN-XN6T6UUS","type":"winlogbeat","version":"8.5.0"},"destination":{"ip":"1.1.1.1","port":80},"ecs":{"version":"8.5.0"},"event":{"action":"Process creation","category":["process"],"code":3,"kind":"event","provider":"Microsoft-Windows-Sysmon","type":["start"]},"host":{"name":"WIN-IXO7MFC6","os":{"family":"windows","name":"Windows Server 2019","version":"10.0.17763"}},"network":{"direction":"outbound","protocol":"tcp"},"source":{"ip":"192.168.1.100","port":49892},"winlog":{"channel":"Microsoft-Windows-Sysmon/Operational","computer_name":"WIN-W0E9G622.domain.local","event_id":3,"provider_name":"Microsoft-Windows-Sysmon","record_id":1706037,"task":"Process creation (rule: ProcessCreate)"}}
{"@timestamp":"2023-10-11T19:10:36.468Z","DestinationIp":"1.1.1.1","DestinationPort":53,"EventID":3,"Image":"C:\\Windows\\System32\\wininit.exe","Protocol":"tcp","SourceIp":"192.168.1.100","SourcePort":49960,"agent":{"hostname":"WIN-PM1VFOFP","type":"winlogbeat","version":"8.5.0"},"destination":{"ip":"1.1.1.1","port":53},"ecs":{"version":"8.5.0"},"event":{"action":"Process creation","category":["process"],"code":3,"kind":"event","provider":"Microsoft-Windows-Sysmon","type":["start"]},"host":{"name":"WIN-P31ZOPUP","os":{"family":"windows","name":"Windows Server 2019","version":"10.0.17763"}},"network":{"direction":"outbound","protocol":"tcp"},"source":{"ip":"192.168.1.100","port":49960},"winlog":{"channel":"Microsoft-Windows-Sysmon/Operational","computer_name":"WIN-U2JALDXY.domain.local","event_id":3,"provider_name":"Microsoft-Windows-Sysmon","record_id":8444974,"task":"Process creation (rule: ProcessCreate)"}}
{"@timestamp":"2023-05-06T02:01:20.924Z","DestinationIp":"legitimate-service.com","DestinationPort":80,"EventID":3,"Image":"C:\\Windows\\System32\\cscript.exe","Protocol":"tcp","SourceIp":"192.168.1.100","SourcePort":61700,"agent":{"hostname":"WIN-BJK6CM6I","type":"winlogbeat","version":"8.5.0"},"destination":{"ip":"legitimate-service.com","port":80},"ecs":{"version":"8.5.0"},"event":{"action":"Process creation","category":["process"],"code":3,"kind":"event","provider":"Microsoft-Windows-Sysmon","type":["start"]},"host":{"name":"WIN-JV2P71T6","os":{"family":"windows","name":"Windows Server 2019","version":"10.0.17763"}},"network":{"direction":"outbound","protocol":"tcp"},"source":{"ip":"192.168.1.100","port":61700},"winlog":{"channel":"Microsoft-Windows-Sysmon/Operational","computer_name":"WIN-5EBK12TJ.domain.local","event_id":3,"provider_name":"Microsoft-Windows-Sysmon","record_id":6143422,"task":"Process creation (rule: ProcessCreate)"}}
{"@timestamp":"2023-04-04T17:34:03.158Z","DestinationIp":"8.8.8.8","DestinationPort":8443,"EventID":3,"Image":"C:\\Program Files\\Google\\Chrome\\Application\\chrome.exe","Protocol":"tcp","SourceIp":"192.168.1.100","SourcePort":65208,"agent":{"hostname":"WIN-2KPQ0L2F","type":"winlogbeat","version":"8.5.0"},"destination":{"ip":"8.8.8.8","port":8443},"ecs":{"version":"8.5.0"},"event":{"action":"Process creation","category":["process"],"code":3,"kind":"event","provider":"Microsoft-Windows-Sysmon","type":["start"]},"host":{"name":"WIN-K1MBKG8S","os":{"family":"windows","name":"Windows Server 2019","version":"10.0.17763"}},"network":{"direction":"outbound","protocol":"tcp"},"source":{"ip":"192.168.1.100","port":65208},"winlog":{"channel":"Microsoft-Windows-Sysmon/Operational","computer_name":"WIN-TNP1LNBV.domain.local","event_id":3,"provider_name":"Microsoft-Windows-Sysmon","record_id":6538764,"task":"Process creation (rule: ProcessCreate)"}}
{"@timestamp":"2023-12-02T17:23:12.844Z","CommandLine":"C:\\Windows\\System32\\wininit.exe 4RAV1IIHNY","EventID":1,"Image":"C:\\Windows\\System32\\wininit.exe","ParentImage":"C:\\Windows\\System32\\lsass.exe","ParentProcessId":941,"ProcessId":12305,"User":"DefaultAccount","agent":{"hostname":"WIN-8KV2NGV6","type":"winlogbeat","version":"8.5.0"},"ecs":{"version":"8.5.0"},"event":{"action":"Process creation","category":["process"],"code":1,"kind":"event","provider":"Microsoft-Windows-Sysmon","type":["start"]},"host":{"name":"WIN-RYPNIXMI","os":{"family":"windows","name":"Windows Server 2019","version":"10.0.17763"}},"process":{"args":["C:\\Windows\\System32\\wininit.exe","4RAV1IIHNY"],"command_line":"C:\\Windows\\System32\\wininit.exe 4RAV1IIHNY","executable":"C:\\Windows\\System32\\wininit.exe","name":"wininit.exe","parent":{"executable":"C:\\Windows\\System32\\lsass.exe","name":"lsass.exe","pid":781},"pid":38690},"user":{"domain":"DOMAIN","name":"DefaultAccount"},"winlog":{"channel":"Microsoft-Windows-Sysmon/Operational","computer_name":"WIN-9CRJYBVS.domain.local","event_id":1,"provider_name":"Microsoft-Windows-Sysmon","record_id":2782754,"task":"Process creation (rule: ProcessCreate)"}}
{"@timestamp":"2023-12-01T07:36:32.944Z","CommandLine":"C:\\Windows\\System32\\lsass.exe NMYTFL3HV3","EventID":1,"Image":"C:\\Windows\\System32\\lsass.exe","ParentImage":"C:\\Windows\\System32\\notepad.exe","ParentProcessId":393,"ProcessId":31254,"User":"NT AUTHORITY\\SYSTEM","agent":{"hostname":"WIN-LWMCA7VO","type":"winlogbeat","version":"8.5.0"},"ecs":{"version":"8.5.0"},"event":{"action":"Process creation","category":["process"],"code":1,"kind":"event","provider":"Microsoft-Windows-Sysmon","type":["start"]},"host":{"name":"WIN-7DJ2UX30","os":{"family":"windows","name":"Windows Server 2019","version":"10.0.17763"}},"process":{"args":["C:\\Windows\\System32\\lsass.exe","NMYTFL3HV3"],"command_line":"C:\\Windows\\System32\\lsass.exe NMYTFL3HV3","executable":"C:\\Windows\\System32\\lsass.exe","name":"lsass.exe","parent":{"executable":"C:\\Windows\\System32\\notepad.exe","name":"notepad.exe","pid":540},"pid":47133},"user":{"domain":"NT AUTHORITY","name":"NT AUTHORITY\\SYSTEM"},"winlog":{"channel":"Microsoft-Windows-Sysmon/Operational","computer_name":"WIN-TZNKVA8I.domain.local","event_id":1,"provider_name":"Microsoft-Windows-Sysmon","record_id":1710601,"task":"Process creation (rule: ProcessCreate)"}}
{"@timestamp":"2023-12-06T22:28:58.429Z","Details":"C:\\temp\\TEOK9TNT.exe","EventID":13,"Image":"C:\\Windows\\System32\\spoolsv.exe","TargetObject":"HKLM\\SOFTWARE\\Classes\\exefile\\shell\\open\\command\\N2VUHX3681","agent":{"hostname":"WIN-HTALIHX0","type":"winlogbeat","version":"8.5.0"},"ecs":{"version":"8.5.0"},"event":{"action":"Process creation","category":["process"],"code":13,"kind":"event","provider":"Microsoft-Windows-Sysmon","type":["start"]},"host":{"name":"WIN-RZQ6C7TM","os":{"family":"windows","name":"Windows Server 2019","version":"10.0.17763"}},"registry":{"data":{"strings":["C:\\temp\\OXKMWME3.exe"]},"key":"HKLM\\SOFTWARE\\Classes\\exefile\\shell\\open\\command","value":"BVBM6OKXQR"},"winlog":{"channel":"Microsoft-Windows-Sysmon/Operational","computer_name":"WIN-ZNNZ5249.domain.local","event_id":13,"provider_name":"Microsoft-Windows-Sysmon","record_id":8086102,"task":"Process creation (rule: ProcessCreate)"}}
{"@timestamp":"2023-03-12T17:02:12.481Z","CommandLine":"C:\\Windows\\System32\\lsass.exe RFWC4FWLHQ","EventID":1,"Image":"C:\\Windows\\System32\\lsass.exe","ParentImage":"C:\\Windows\\System32\\notepad.exe","ParentProcessId":981,"ProcessId":53858,"User":"DefaultAccount","agent":{"hostname":"WIN-4WUH79XC","type":"winlogbeat","version":"8.5.0"},"ecs":{"version":"8.5.0"},"event":{"action":"Process creation","category":["process"],"code":1,"kind":"event","provider":"Microsoft-Windows-Sysmon","type":["start"]},"host":{"name":"WIN-JYL47UQ3","os":{"family":"windows","name":"Windows Server 2019","version":"10.0.17763"}},"process":{"args":["C:\\Windows\\System32\\lsass.exe","RFWC4FWLHQ"],"command_line":"C:\\Windows\\System32\\lsass.exe RFWC4FWLHQ","executable":"C:\\Windows\\System32\\lsass.exe","name":"lsass.exe","parent":{"executable":"C:\\Windows\\System32\\notepad.exe","name":"notepad.exe","pid":387},"pid":27457},"user":{"domain":"DOMAIN","name":"DefaultAccount"},"winlog":{"channel":"Microsoft-Windows-Sysmon/Operational","computer_name":"WIN-Y0BZ94F8.domain.local","event_id":1,"provider_name":"Microsoft-Windows-Sysmon","record_id":8424099,"task":"Process creation (rule: ProcessCreate)"}}
{"@timestamp":"2023-05-09T23:03:39.785Z","DestinationIp":"8.8.8.8","DestinationPort":445,"EventID":3,"Image":"C:\\Windows\\System32\\regsvr32.exe","Protocol":"tcp","SourceIp":"192.168.1.100","SourcePort":56759,"agent":{"hostname":"WIN-YJAQRJIB","type":"winlogbeat","version":"8.5.0"},"destination":{"ip":"8.8.8.8","port":445},"ecs":{"version":"8.5.0"},"event":{"action":"Process creation","category":["process"],"code":3,"kind":"event","provider":"Microsoft-Windows-Sysmon","type":["start"]},"host":{"name":"WIN-U49TFFPE","os":{"family":"windows","name":"Windows Server 2019","version":"10.0.17763"}},"network":{"direction":"outbound","protocol":"tcp"},"source":{"ip":"192.168.1.100","port":56759},"winlog":{"channel":"Microsoft-Windows-Sysmon/Operational","computer_name":"WIN-QRDUYMJN.domain.local","event_id":3,"provider_name":"Microsoft-Windows-Sysmon","record_id":1126677,"task":"Process creation (rule: ProcessCreate)"}}
{"@timestamp":"2023-08-01T05:15:11.362Z","Details":"C:\\temp\\GYA9A2LW.exe","EventID":13,"Image":"C:\\Windows\\System32\\wscript.exe","TargetObject":"HKLM\\SYSTEM\\CurrentControlSet\\Services\\CAVH0SFRPT","agent":{"hostname":"WIN-MYD46KT4","type":"winlogbeat","version":"8.5.0"},"ecs":{"version":"8.5.0"},"event":{"action":"Process creation","category":["process"],"code":13,"kind":"event","provider":"Microsoft-Windows-Sysmon","type":["start"]},"host":{"name":"WIN-XCT12Y43","os":{"family":"windows","name":"Windows Server 2019","version":"10.0.17763"}},"registry":{"data":{"strings":["C:\\temp\\08PSS8IQ.exe"]},"key":"HKLM\\SYSTEM\\CurrentControlSet\\Services","value":"PJ5EPJ207W"},"winlog":{"channel":"Microsoft-Windows-Sysmon/Operational","computer_name":"WIN-5OQMN63O.domain.local","event_id":13,"provider_name":"Microsoft-Windows-Sysmon","record_id":9557613,"task":"Process creation (rule: ProcessCreate)"}}
{"@timestamp":"2023-12-20T11:16:57.715Z","EventID":17,"Image":"C:\\Windows\\System32\\wininit.exe","PipeName":"\\pipe\\samr","agent":{"hostname":"WIN-A59EPXP0","type":"winlogbeat","version":"8.5.0"},"ecs":{"version":"8.5.0"},"event":{"action":"Process creation","category":["process"],"code":17,"kind":"event","provider":"Microsoft-Windows-Sysmon","type":["start"]},"host":{"name":"WIN-2LY5GS0U","os":{"family":"windows","name":"Windows Server 2019","version":"10.0.17763"}},"winlog":{"channel":"Microsoft-Windows-Sysmon/Operational","computer_name":"WIN-WEY23KWC.domain.local","event_id":17,"provider_name":"Microsoft-Windows-Sysmon","record_id":8581231,"task":"Process creation (rule: ProcessCreate)"}}
{"@timestamp":"2023-12-05T21:03:16.556Z","CommandLine":"C:\\Windows\\System32\\services.exe TYS2QTU0BR","EventID":1,"Image":"C:\\Windows\\System32\\services.exe","ParentImage":"C:\\Windows\\System32\\regsvr32.exe","ParentProcessId":209,"ProcessId":64939,"User":"NT AUTHORITY\\NETWORK SERVICE","agent":{"hostname":"WIN-U24NKJFG","type":"winlogbeat","version":"8.5.0"},"ecs":{"version":"8.5.0"},"event":{"action":"Process creation","category":["process"],"code":1,"kind":"event","provider":"Microsoft-Windows-Sysmon","type":["start"]},"host":{"name":"WIN-7ZQQCN4T","os":{"family":"windows","name":"Windows Server 2019","version":"10.0.17763"}},"process":{"args":["C:\\Windows\\System32\\services.exe","TYS2QTU0BR"],"command_line":"C:\\Windows\\System32\\services.exe TYS2QTU0BR","executable":"C:\\Windows\\System32\\services.exe","name":"services.exe","parent":{"executable":"C:\\Windows\\System32\\regsvr32.exe","name":"regsvr32.exe","pid":786},"pid":65206},"user":{"domain":"NT AUTHORITY","name":"NT AUTHORITY\\NETWORK SERVICE"},"winlog":{"channel":"Microsoft-Windows-Sysmon/Operational","computer_name":"WIN-BBC1WWLM.domain.local","event_id":1,"provider_name":"Microsoft-Windows-Sysmon","record_id":5658795,"task":"Process creation (rule: ProcessCreate)"}}
{"@timestamp":"2023-09-26T07:54:36.674Z","CommandLine":"C:\\Program Files\\Google\\Chrome\\Application\\chrome.exe --new-tab https://example.com","EventID":1,"Image":"C:\\Program Files\\Google\\Chrome\\Application\\chrome.exe","ParentImage":"C:\\Windows\\System32\\svchost.exe","ParentProcessId":260,"ProcessId":41263,"User":"admin","agent":{"hostname":"WIN-BMZE5Y12","type":"winlogbeat","version":"8.5.0"},"ecs":{"version":"8.5.0"},"event":{"action":"Process creation","category":["process"],"code":1,"kind":"event","provider":"Microsoft-Windows-Sysmon","type":["start"]},"host":{"name":"WIN-UXGLA2T6","os":{"family":"windows","name":"Windows Server 2019","version":"10.0.17763"}},"process":{"args":["C:\\Program","Files\\Google\\Chrome\\Application\\chrome.exe","--new-tab","https://example.com"],"command_line":"C:\\Program Files\\Google\\Chrome\\Application\\chrome.exe --new-tab https://example.com","executable":"C:\\Program Files\\Google\\Chrome\\Application\\chrome.exe","name":"chrome.exe","parent":{"executable":"C:\\Windows\\System32\\svchost.exe","name":"svchost.exe","pid":216},"pid":30836},"user":{"domain":"DOMAIN","name":"admin"},"winlog":{"channel":"Microsoft-Windows-Sysmon/Operational","computer_name":"WIN-9JNO6OXS.domain.local","event_id":1,"provider_name":"Microsoft-Windows-Sysmon","record_id":8787711,"task":"Process creation (rule: ProcessCreate)"}}
{"@timestamp":"2023-10-17T09:38:18.421Z","DestinationIp":"legitimate-service.com","DestinationPort":139,"EventID":3,"Image":"C:\\Program Files\\Google\\Chrome\\Application\\chrome.exe","Protocol":"tcp","SourceIp":"192.168.1.100","SourcePort":63458,"agent":{"hostname":"WIN-L1ES9LUU","type":"winlogbeat","version":"8.5.0"},"destination":{"ip":"legitimate-service.com","port":139},"ecs":{"version":"8.5.0"},"event":{"action":"Process creation","category":["process"],"code":3,"kind":"event","provider":"Microsoft-Windows-Sysmon","type":["start"]},"host":{"name":"WIN-PO0GPSDW","os":{"family":"windows","name":"Windows Server 2019","version":"10.0.17763"}},"network":{"direction":"outbound","protocol":"tcp"},"source":{"ip":"192.168.1.100","port":63458},"winlog":{"channel":"Microsoft-Windows-Sysmon/Operational","computer_name":"WIN-B73DCEED.domain.local","event_id":3,"provider_name":"Microsoft-Windows-Sysmon","record_id":3262714,"task":"Process creation (rule: ProcessCreate)"}}
{"@timestamp":"2023-04-21T02:25:40.726Z","DestinationIp":"update-server.microsoft.com","DestinationPort":53,"EventID":3,"Image":"C:\\Windows\\System32\\lsass.exe","Protocol":"tcp","SourceIp":"192.168.1.100","SourcePort":65293,"agent":{"hostname":"WIN-BDP0XIYC","type":"winlogbeat","version":"8.5.0"},"destination":{"ip":"update-server.microsoft.com","port":53},"ecs":{"version":"8.5.0"},"event":{"action":"Process creation","category":["process"],"code":3,"kind":"event","provider":"Microsoft-Windows-Sysmon","type":["start"]},"host":{"name":"WIN-9GZ7HRC3","os":{"family":"windows","name":"Windows Server 2019","version":"10.0.17763"}},"network":{"direction":"outbound","protocol":"tcp"},"source":{"ip":"192.168.1.100","port":65293},"winlog":{"channel":"Microsoft-Windows-Sysmon/Operational","computer_name":"WIN-I3UHT866.domain.local","event_id":3,"provider_name":"Microsoft-Windows-Sysmon","record_id":5790628,"task":"Process creation (rule: ProcessCreate)"}}
{"@timestamp":"2023-07-08T16:49:11.159Z","Details":"C:\\temp\\LPYZQ0RA.exe","EventID":13,"Image":"C:\\Program Files (x86)\\Microsoft\\Edge\\Application\\msedge.exe","TargetObject":"HKLM\\SYSTEM\\CurrentControlSet\\Services\\GV8Z29ODY3","agent":{"hostname":"WIN-2IBRRJCN","type":"winlogbeat","version":"8.5.0"},"ecs":{"version":"8.5.0"},"event":{"action":"Process creation","category":["process"],"code":13,"kind":"event","provider":"Microsoft-Windows-Sysmon","type":["start"]},"host":{"name":"WIN-JKYMF41V","os":{"family":"windows","name":"Windows Server 2019","version":"10.0.17763"}},"registry":{"data":{"strings":["C:\\temp\\15S4FRWC.exe"]},"key":"HKLM\\SYSTEM\\CurrentControlSet\\Services","value":"01XFQJ0KRN"},"winlog":{"channel":"Microsoft-Windows-Sysmon/Operational","computer_name":"WIN-GVBTBVV7.domain.local","event_id":13,"provider_name":"Microsoft-Windows-Sysmon","record_id":7660884,"task":"Process creation (rule: ProcessCreate)"}}
{"@timestamp":"2023-10-01T22:49:50.597Z","CommandLine":"C:\\Windows\\System32\\wininit.exe RW8PJBMB1F","EventID":1,"Image":"C:\\Windows\\System32\\wininit.exe","ParentImage":"C:\\Windows\\System32\\mshta.exe","ParentProcessId":260,"ProcessId":24672,"User":"user","agent":{"hostname":"WIN-2HYPJZ1P","type":"winlogbeat","version":"8.5.0"},"ecs":{"version":"8.5.0"},"event":{"action":"Process creation","category":["process"],"code":1,"kind":"event","provider":"Microsoft-Windows-Sysmon","type":["start"]},"host":{"name":"WIN-V96YPBXA","os":{"family":"windows","name":"Windows Server 2019","version":"10.0.17763"}},"process":{"args":["C:\\Windows\\System32\\wininit.exe","RW8PJBMB1F"],"command_line":"C:\\Windows\\System32\\wininit.exe RW8PJBMB1F","executable":"C:\\Windows\\System32\\wininit.exe","name":"wininit.exe","parent":{"executable":"C:\\Windows\\System32\\mshta.exe","name":"mshta.exe","pid":455},"pid":39958},"user":{"domain":"DOMAIN","name":"user"},"winlog":{"channel":"Microsoft-Windows-Sysmon/Operational","computer_name":"WIN-F26DQULB.domain.local","event_id":1,"provider_name":"Microsoft-Windows-Sysmon","record_id":7864622,"task":"Process creation (rule: ProcessCreate)"}}
{"@timestamp":"2023-06-01T00:57:27.690Z","EventID":17,"Image":"C:\\Windows\\System32\\regsvr32.exe","PipeName":"\\pipe\\lsarpc","agent":{"hostname":"WIN-1T44V97M","type":"winlogbeat","version":"8.5.0"},"ecs":{"version":"8.5.0"},"event":{"action":"Process creation","category":["process"],"code":17,"kind":"event","provider":"Microsoft-Windows-Sysmon","type":["start"]},"host":{"name":"WIN-AVP92J45","os":{"family":"windows","name":"Windows Server 2019","version":"10.0.17763"}},"winlog":{"channel":"Microsoft-Windows-Sysmon/Operational","computer_name":"WIN-R5FVK6B5.domain.local","event_id":17,"provider_name":"Microsoft-Windows-Sysmon","record_id":4206693,"task":"Process creation (rule: ProcessCreate)"}}
{"@timestamp":"2023-10-20T08:21:22.416Z","CommandLine":"C:\\Windows\\System32\\services.exe G1RT88LOG0","EventID":1,"Image":"C:\\Windows\\System32\\services.exe","ParentImage":"C:\\Windows\\System32\\notepad.exe","ParentProcessId":758,"ProcessId":30951,"User":"john.doe","agent":{"hostname":"WIN-MMA99HZC","type":"winlogbeat","version":"8.5.0"},"ecs":{"version":"8.5.0"},"event":{"action":"Process creation","category":["process"],"code":1,"kind":"event","provider":"Microsoft-Windows-Sysmon","type":["start"]},"host":{"name":"WIN-Q176EP4G","os":{"family":"windows","name":"Windows Server 2019","version":"10.0.17763"}},"process":{"args":["C:\\Windows\\System32\\services.exe","G1RT88LOG0"],"command_line":"C:\\Windows\\System32\\services.exe G1RT88LOG0","executable":"C:\\Windows\\System32\\services.exe","name":"services.exe","parent":{"executable":"C:\\Windows\\System32\\notepad.exe","name":"notepad.exe","pid":711},"pid":16591},"user":{"domain":"DOMAIN","name":"john.doe"},"winlog":{"channel":"Microsoft-Windows-Sysmon/Operational","computer_name":"WIN-SM9890NB.domain.local","event_id":1,"provider_name":"Microsoft-Windows-Sysmon","record_id":2092498,"task":"Process creation (rule: ProcessCreate)"}}
{"@timestamp":"2023-12-02T16:28:07.566Z","Details":"C:\\temp\\0T1SDJBD.exe","EventID":13,"Image":"C:\\Windows\\System32\\regsvr32.exe","TargetObject":"HKLM\\SOFTWARE\\Classes\\exefile\\shell\\open\\command\\HGX3XPDXWW","agent":{"hostname":"WIN-ID5GMUTO","type":"winlogbeat","version":"8.5.0"},"ecs":{"version":"8.5.0"},"event":{"action":"Process creation","category":["process"],"code":13,"kind":"event","provider":"Microsoft-Windows-Sysmon","type":["start"]},"host":{"name":"WIN-J91U2JJK","os":{"family":"windows","name":"Windows Server 2019","version":"10.0.17763"}},"registry":{"data":{"strings":["C:\\temp\\CY7H96U2.exe"]},"key":"HKLM\\SOFTWARE\\Classes\\exefile\\shell\\open\\command","value":"DUWN87BRCE"},"winlog":{"channel":"Microsoft-Windows-Sysmon/Operational","computer_name":"WIN-Q5Z46S4L.domain.local","event_id":13,"provider_name":"Microsoft-Windows-Sysmon","record_id":3562678,"task":"Process creation (rule: ProcessCreate)"}}
{"@timestamp":"2023-11-06T06:52:48.363Z","CommandLine":"C:\\Windows\\System32\\spoolsv.exe 2QNX59B3LX","EventID":1,"Image":"C:\\Windows\\System32\\spoolsv.exe","ParentImage":"C:\\Program Files\\Google\\Chrome\\Application\\chrome.exe","ParentProcessId":206,"ProcessId":9834,"User":"NT AUTHORITY\\LOCAL SERVICE","agent":{"hostname":"WIN-FIO4C09I","type":"winlogbeat","version":"8.5.0"},"ecs":{"version":"8.5.0"},"event":{"action":"Process creation","category":["process"],"code":1,"kind":"event","provider":"Microsoft-Windows-Sysmon","type":["start"]},"host":{"name":"WIN-K7E32E3Z","os":{"family":"windows","name":"Windows Server 2019","version":"10.0.17763"}},"process":{"args":["C:\\Windows\\System32\\spoolsv.exe","2QNX59B3LX"],"command_line":"C:\\Windows\\System32\\spoolsv.exe 2QNX59B3LX","executable":"C:\\Windows\\System32\\spoolsv.exe","name":"spoolsv.exe","parent":{"executable":"C:\\Program Files\\Google\\Chrome\\Application\\chrome.exe","name":"chrome.exe","pid":630},"pid":36953},"user":{"domain":"NT AUTHORITY","name":"NT AUTHORITY\\LOCAL SERVICE"},"winlog":{"channel":"Microsoft-Windows-Sysmon/Operational","computer_name":"WIN-1AROZ1TZ.domain.local","event_id":1,"provider_name":"Microsoft-Windows-Sysmon","record_id":1512425,"task":"Process creation (rule: ProcessCreate)"}}
{"@timestamp":"2023-12-27T01:54:03.514Z","Details":"C:\\temp\\XOM2UT18.exe","EventID":13,"Image":"C:\\Windows\\System32\\explorer.exe","TargetObject":"HKCU\\SOFTWARE\\Microsoft\\Windows\\CurrentVersion\\Run\\ES8IDLDUS0","agent":{"hostname":"WIN-ZE2DBFK1","type":"winlogbeat","version":"8.5.0"},"ecs":{"version":"8.5.0"},"event":{"action":"Process creation","category":["process"],"code":13,"kind":"event","provider":"Microsoft-Windows-Sysmon","type":["start"]},"host":{"name":"WIN-9LH1OYIP","os":{"family":"windows","name":"Windows Server 2019","version":"10.0.17763"}},"registry":{"data":{"strings":["C:\\temp\\0K3KXL0L.exe"]},"key":"HKCU\\SOFTWARE\\Microsoft\\Windows\\CurrentVersion\\Run","value":"Z0DR5YPNQ7"},"winlog":{"channel":"Microsoft-Windows-Sysmon/Operational","computer_name":"WIN-ZFYN1U1A.domain.local","event_id":13,"provider_name":"Microsoft-Windows-Sysmon","record_id":5534674,"task":"Process creation (rule: ProcessCreate)"}}
{"@timestamp":"2023-01-05T05:21:16.802Z","Details":"C:\\temp\\RYOKE54I.exe","EventID":13,"Image":"C:\\Windows\\System32\\winlogon.exe","TargetObject":"HKLM\\SYSTEM\\CurrentControlSet\\Services\\ND4UYEVCUY","agent":{"hostname":"WIN-CRTAUSC1","type":"winlogbeat","version":"8.5.0"},"ecs":{"version":"8.5.0"},"event":{"action":"Process creation","category":["process"],"code":13,"kind":"event","provider":"Microsoft-Windows-Sysmon","type":["start"]},"host":{"name":"WIN-OM3CZA7K","os":{"family":"windows","name":"Windows Server 2019","version":"10.0.17763"}},"registry":{"data":{"strings":["C:\\temp\\P85A1U6I.exe"]},"key":"HKLM\\SYSTEM\\CurrentControlSet\\Services","value":"HTC0O4Q21C"},"winlog":{"channel":"Microsoft-Windows-Sysmon/Operational","computer_name":"WIN-K0LQPPRU.domain.local","event_id":13,"provider_name":"Microsoft-Windows-Sysmon","record_id":5526379,"task":"Process creation (rule: ProcessCreate)"}}
{"@timestamp":"2023-02-21T04:30:56.653Z","Details":"C:\\temp\\TNPPWPS2.exe","EventID":13,"Image":"C:\\Windows\\System32\\regsvr32.exe","TargetObject":"HKLM\\SYSTEM\\CurrentControlSet\\Services\\VCTV9FBIDL","agent":{"hostname":"WIN-W0NIJYRQ","type":"winlogbeat","version":"8.5.0"},"ecs":{"version":"8.5.0"},"event":{"action":"Process creation","category":["process"],"code":13,"kind":"event","provider":"Microsoft-Windows-Sysmon","type":["start"]},"host":{"name":"WIN-0IBG16O5","os":{"family":"windows","name":"Windows Server 2019","version":"10.0.17763"}},"registry":{"data":{"strings":["C:\\temp\\AIG64AIT.exe"]},"key":"HKLM\\SYSTEM\\CurrentControlSet\\Services","value":"KYCIEX2XRL"},"winlog":{"channel":"Microsoft-Windows-Sysmon/Operational","computer_name":"WIN-XCUNHSY7.domain.local","event_id":13,"provider_name":"Microsoft-Windows-Sysmon","record_id":1387011,"task":"Process creation (rule: ProcessCreate)"}}
{"@timestamp":"2023-08-10T01:23:18.994Z","CommandLine":"C:\\Program Files\\Mozilla Firefox\\firefox.exe SHDY55BVNH","EventID":1,"Image":"C:\\Program Files\\Mozilla Firefox\\firefox.exe","ParentImage":"C:\\Program Files (x86)\\Microsoft\\Edge\\Application\\msedge.exe","ParentProcessId":596,"ProcessId":35208,"User":"john.doe","agent":{"hostname":"WIN-CL4OJHAL","type":"winlogbeat","version":"8.5.0"},"ecs":{"version":"8.5.0"},"event":{"action":"Process creation","category":["process"],"code":1,"kind":"event","provider":"Microsoft-Windows-Sysmon","type":["start"]},"host":{"name":"WIN-2V66CM2J","os":{"family":"windows","name":"Windows Server 2019","version":"10.0.17763"}},"process":{"args":["C:\\Program","Files\\Mozilla","Firefox\\firefox.exe","SHDY55BVNH"],"command_line":"C:\\Program Files\\Mozilla Firefox\\firefox.exe SHDY55BVNH","executable":"C:\\Program Files\\Mozilla Firefox\\firefox.exe","name":"firefox.exe","parent":{"executable":"C:\\Program Files (x86)\\Microsoft\\Edge\\Application\\msedge.exe","name":"msedge.exe","pid":761},"pid":20299},"user":{"domain":"DOMAIN","name":"john.doe"},"winlog":{"channel":"Microsoft-Windows-Sysmon/Operational","computer_name":"WIN-OQ2TW5LF.domain.local","event_id":1,"provider_name":"Microsoft-Windows-Sysmon","record_id":8557772,"task":"Process creation (rule: ProcessCreate)"}}
{"@timestamp":"2023-04-10T01:42:19.217Z","CommandLine":"C:\\Windows\\System32\\wininit.exe RLREWFVGX1","EventID":1,"Image":"C:\\Windows\\System32\\wininit.exe","ParentImage":"C:\\Windows\\System32\\lsass.exe","ParentProcessId":317,"ProcessId":62608,"User":"service_account","agent":{"hostname":"WIN-MG6PSBD2","type":"winlogbeat","version":"8.5.0"},"ecs":{"version":"8.5.0"},"event":{"action":"Process creation","category":["process"],"code":1,"kind":"event","provider":"Microsoft-Windows-Sysmon","type":["start"]},"host":{"name":"WIN-VOFSZ0AE","os":{"family":"windows","name":"Windows Server 2019","version":"10.0.17763"}},"process":{"args":["C:\\Windows\\System32\\wininit.exe","RLREWFVGX1"],"command_line":"C:\\Windows\\System32\\wininit.exe RLREWFVGX1","executable":"C:\\Windows\\System32\\wininit.exe","name":"wininit.exe","parent":{"executable":"C:\\Windows\\System32\\lsass.exe","name":"lsass.exe","pid":578},"pid":30403},"user":{"domain":"DOMAIN","name":"service_account"},"winlog":{"channel":"Microsoft-Windows-Sysmon/Operational","computer_name":"WIN-M67567OZ.domain.local","event_id":1,"provider_name":"Microsoft-Windows-Sysmon","record_id":3606925,"task":"Process creation (rule: ProcessCreate)"}}
{"@timestamp":"2023-12-19T22:47:22.355Z","Details":"C:\\temp\\TCQS7ODL.exe","EventID":13,"Image":"C:\\Windows\\System32\\powershell.exe","TargetObject":"HKLM\\SYSTEM\\CurrentControlSet\\Services\\0TN0GCRNVN","agent":{"hostname":"WIN-NPL40ST9","type":"winlogbeat","version":"8.5.0"},"ecs":{"version":"8.5.0"},"event":{"action":"Process creation","category":["process"],"code":13,"kind":"event","provider":"Microsoft-Windows-Sysmon","type":["start"]},"host":{"name":"WIN-I1QN7YX6","os":{"family":"windows","name":"Windows Server 2019","version":"10.0.17763"}},"registry":{"data":{"strings":["C:\\temp\\XFI29XIH.exe"]},"key":"HKLM\\SYSTEM\\CurrentControlSet\\Services","value":"QYWSP2TG76"},"winlog":{"channel":"Microsoft-Windows-Sysmon/Operational","computer_name":"WIN-CD0HU6X4.domain.local","event_id":13,"provider_name":"Microsoft-Windows-Sysmon","record_id":6765106,"task":"Process creation (rule: ProcessCreate)"}}
{"@timestamp":"2023-07-28T00:14:56.234Z","CommandLine":"C:\\Windows\\System32\\mshta.exe L5GWGH4YJF","EventID":1,"Image":"C:\\Windows\\System32\\mshta.exe","ParentImage":"C:\\Windows\\System32\\wscript.exe","ParentProcessId":338,"ProcessId":63658,"User":"NT AUTHORITY\\NETWORK SERVICE","agent":{"hostname":"WIN-GT8MMRK2","type":"winlogbeat","version":"8.5.0"},"ecs":{"version":"8.5.0"},"event":{"action":"Process creation","category":["process"],"code":1,"kind":"event","provider":"Microsoft-Windows-Sysmon","type":["start"]},"host":{"name":"WIN-LELDD4B7","os":{"family":"windows","name":"Windows Server 2019","version":"10.0.17763"}},"process":{"args":["C:\\Windows\\System32\\mshta.exe","L5GWGH4YJF"],"command_line":"C:\\Windows\\System32\\mshta.exe L5GWGH4YJF","executable":"C:\\Windows\\System32\\mshta.exe","name":"mshta.exe","parent":{"executable":"C:\\Windows\\System32\\wscript.exe","name":"wscript.exe","pid":355},"pid":35354},"user":{"domain":"NT AUTHORITY","name":"NT AUTHORITY\\NETWORK SERVICE"},"winlog":{"channel":"Microsoft-Windows-Sysmon/Operational","computer_name":"WIN-DC6GUREP.domain.local","event_id":1,"provider_name":"Microsoft-Windows-Sysmon","record_id":3286754,"task":"Process creation (rule: ProcessCreate)"}}
{"@timestamp":"2023-08-09T01:34:44.272Z","CommandLine":"C:\\Windows\\System32\\mshta.exe SZI9LMD4RO","EventID":1,"Image":"C:\\Windows\\System32\\mshta.exe","ParentImage":"C:\\Windows\\System32\\regsvr32.exe","ParentProcessId":196,"ProcessId":55407,"User":"admin","agent":{"hostname":"WIN-7V4BB2HR","type":"winlogbeat","version":"8.5.0"},"ecs":{"version":"8.5.0"},"event":{"action":"Process creation","category":["process"],"code":1,"kind":"event","provider":"Microsoft-Windows-Sysmon","type":["start"]},"host":{"name":"WIN-R3ZM4RWL","os":{"family":"windows","name":"Windows Server 2019","version":"10.0.17763"}},"process":{"args":["C:\\Windows\\System32\\mshta.exe","SZI9LMD4RO"],"command_line":"C:\\Windows\\System32\\mshta.exe SZI9LMD4RO","executable":"C:\\Windows\\System32\\mshta.exe","name":"mshta.exe","parent":{"executable":"C:\\Windows\\System32\\regsvr32.exe","name":"regsvr32.exe","pid":299},"pid":12531},"user":{"domain":"DOMAIN","name":"admin"},"winlog":{"channel":"Microsoft-Windows-Sysmon/Operational","computer_name":"WIN-SNUPRL34.domain.local","event_id":1,"provider_name":"Microsoft-Windows-Sysmon","record_id":8995705,"task":"Process creation (rule: ProcessCreate)"}}
{"@timestamp":"2023-08-27T07:13:08.124Z","CommandLine":"C:\\Windows\\System32\\winlogon.exe 1AFERT6DI4","EventID":1,"Image":"C:\\Windows\\System32\\winlogon.exe","ParentImage":"C:\\Windows\\System32\\svchost.exe","ParentProcessId":849,"ProcessId":4922,"User":"SYSTEM","agent":{"hostname":"WIN-J75QFYMM","type":"winlogbeat","version":"8.5.0"},"ecs":{"version":"8.5.0"},"event":{"action":"Process creation","category":["process"],"code":1,"kind":"event","provider":"Microsoft-Windows-Sysmon","type":["start"]},"host":{"name":"WIN-RIZID1VY","os":{"family":"windows","name":"Windows Server 2019","version":"10.0.17763"}},"process":{"args":["C:\\Windows\\System32\\winlogon.exe","1AFERT6DI4"],"command_line":"C:\\Windows\\System32\\winlogon.exe 1AFERT6DI4","executable":"C:\\Windows\\System32\\winlogon.exe","name":"winlogon.exe","parent":{"executable":"C:\\Windows\\System32\\svchost.exe","name":"svchost.exe","pid":593},"pid":54098},"user":{"domain":"DOMAIN","name":"SYSTEM"},"winlog":{"channel":"Microsoft-Windows-Sysmon/Operational","computer_name":"WIN-MLU02Z92.domain.local","event_id":1,"provider_name":"Microsoft-Windows-Sysmon","record_id":8281717,"task":"Process creation (rule: ProcessCreate)"}}
