{"@timestamp":"2023-08-21T02:51:23.589Z","CommandLine":"C:\\Windows\\System32\\mshta.exe DDQSBQ0LMH2DOP9LXLTM","EventID":1,"Image":"C:\\Windows\\System32\\mshta.exe","ParentImage":"C:\\Program Files\\Google\\Chrome\\Application\\chrome.exe","ParentProcessId":316,"ProcessId":15352,"User":"SYSTEM","agent":{"hostname":"WIN-3AZYB5W2","type":"winlogbeat","version":"8.5.0"},"ecs":{"version":"8.5.0"},"event":{"action":"Process creation","category":["process"],"code":1,"kind":"event","provider":"Microsoft-Windows-Sysmon","type":["start"]},"host":{"name":"WIN-V5O6LZUA","os":{"family":"windows","name":"Windows Server 2019","version":"10.0.17763"}},"process":{"args":["C:\\Windows\\System32\\mshta.exe","DDQSBQ0LMH2DOP9LXLTM"],"command_line":"C:\\Windows\\System32\\mshta.exe DDQSBQ0LMH2DOP9LXLTM","executable":"C:\\Windows\\System32\\mshta.exe","name":"mshta.exe","parent":{"executable":"C:\\Program Files\\Google\\Chrome\\Application\\chrome.exe","name":"chrome.exe","pid":461},"pid":41086},"user":{"domain":"DOMAIN","name":"SYSTEM"},"winlog":{"channel":"Microsoft-Windows-Sysmon/Operational","computer_name":"WIN-FSVFINOK.domain.local","event_id":1,"provider_name":"Microsoft-Windows-Sysmon","record_id":8591072,"task":"Process creation (rule: ProcessCreate)"}}
{"@timestamp":"2023-09-13T01:52:40.570Z","CommandLine":"C:\\Windows\\System32\\cmd.exe G8ZORF4OL2","EventID":1,"Image":"C:\\Windows\\System32\\cmd.exe","ParentImage":"C:\\Windows\\System32\\notepad.exe","ParentProcessId":728,"ProcessId":57019,"User":"NT AUTHORITY\\SYSTEM","agent":{"hostname":"WIN-V77R7W6I","type":"winlogbeat","version":"8.5.0"},"ecs":{"version":"8.5.0"},"event":{"action":"Process creation","category":["process"],"code":1,"kind":"event","provider":"Microsoft-Windows-Sysmon","type":["start"]},"host":{"name":"WIN-BONXUQSI","os":{"family":"windows","name":"Windows Server 2019","version":"10.0.17763"}},"process":{"args":["C:\\Windows\\System32\\cmd.exe","G8ZORF4OL2"],"command_line":"C:\\Windows\\System32\\cmd.exe G8ZORF4OL2","executable":"C:\\Windows\\System32\\cmd.exe","name":"cmd.exe","parent":{"executable":"C:\\Windows\\System32\\notepad.exe","name":"notepad.exe","pid":866},"pid":55241},"user":{"domain":"NT AUTHORITY","name":"NT AUTHORITY\\SYSTEM"},"winlog":{"channel":"Microsoft-Windows-Sysmon/Operational","computer_name":"WIN-ESKQN1DC.domain.local","event_id":1,"provider_name":"Microsoft-Windows-Sysmon","record_id":9045340,"task":"Process creation (rule: ProcessCreate)"}}
{"@timestamp":"2023-10-16T20:54:17.496Z","CommandLine":"C:\\Windows\\System32\\calc.exe GQ47V2BEF8","EventID":1,"Image":"C:\\Windows\\System32\\calc.exe","ParentImage":"C:\\Windows\\System32\\svchost.exe","ParentProcessId":655,"ProcessId":36828,"User":"Guest","agent":{"hostname":"WIN-9UMKIM0A","type":"winlogbeat","version":"8.5.0"},"ecs":{"version":"8.5.0"},"event":{"action":"Process creation","category":["process"],"code":1,"kind":"event","provider":"Microsoft-Windows-Sysmon","type":["start"]},"host":{"name":"WIN-F8AYJW9O","os":{"family":"windows","name":"Windows Server 2019","version":"10.0.17763"}},"process":{"args":["C:\\Windows\\System32\\calc.exe","GQ47V2BEF8"],"command_line":"C:\\Windows\\System32\\calc.exe GQ47V2BEF8","executable":"C:\\Windows\\System32\\calc.exe","name":"calc.exe","parent":{"executable":"C:\\Windows\\System32\\svchost.exe","name":"svchost.exe","pid":443},"pid":41544},"user":{"domain":"DOMAIN","name":"Guest"},"winlog":{"channel":"Microsoft-Windows-Sysmon/Operational","computer_name":"WIN-V9LP9Z7K.domain.local","event_id":1,"provider_name":"Microsoft-Windows-Sysmon","record_id":9091100,"task":"Process creation (rule: ProcessCreate)"}}
{"@timestamp":"2023-09-21T08:32:38.212Z","Details":"C:\\temp\\30X3A0OK.exe","EventID":13,"Image":"C:\\Windows\\System32\\cmd.exe","TargetObject":"HKLM\\SOFTWARE\\Classes\\exefile\\shell\\open\\command\\L0RQNKNE2A","agent":{"hostname":"WIN-0BNYQJBZ","type":"winlogbeat","version":"8.5.0"},"ecs":{"version":"8.5.0"},"event":{"action":"Process creation","category":["process"],"code":13,"kind":"event","provider":"Microsoft-Windows-Sysmon","type":["start"]},"host":{"name":"WIN-5UQLSYZ2","os":{"family":"windows","name":"Windows Server 2019","version":"10.0.17763"}},"registry":{"data":{"strings":["C:\\temp\\37HS19FN.exe"]},"key":"HKLM\\SOFTWARE\\Classes\\exefile\\shell\\open\\command","value":"OG53CN1EZY"},"winlog":{"channel":"Microsoft-Windows-Sysmon/Operational","computer_name":"WIN-E4IET9B9.domain.local","event_id":13,"provider_name":"Microsoft-Windows-Sysmon","record_id":9236548,"task":"Process creation (rule: ProcessCreate)"}}
{"@timestamp":"2023-09-02T11:22:47.143Z","CommandLine":"C:\\Windows\\System32\\WindowsPowerShell\\v1.0\\powershell.exe 8OUWFKAURC","EventID":1,"Image":"C:\\Windows\\System32\\WindowsPowerShell\\v1.0\\powershell.exe","ParentImage":"C:\\Windows\\System32\\powershell.exe","ParentProcessId":974,"ProcessId":51360,"User":"service_account","agent":{"hostname":"WIN-ETM6L22M","type":"winlogbeat","version":"8.5.0"},"ecs":{"version":"8.5.0"},"event":{"action":"Process creation","category":["process"],"code":1,"kind":"event","provider":"Microsoft-Windows-Sysmon","type":["start"]},"host":{"name":"WIN-6LN66JZ9","os":{"family":"windows","name":"Windows Server 2019","version":"10.0.17763"}},"process":{"args":["C:\\Windows\\System32\\WindowsPowerShell\\v1.0\\powershell.exe","8OUWFKAURC"],"command_line":"C:\\Windows\\System32\\WindowsPowerShell\\v1.0\\powershell.exe 8OUWFKAURC","executable":"C:\\Windows\\System32\\WindowsPowerShell\\v1.0\\powershell.exe","name":"powershell.exe","parent":{"executable":"C:\\Windows\\System32\\powershell.exe","name":"powershell.exe","pid":257},"pid":42015},"user":{"domain":"DOMAIN","name":"service_account"},"winlog":{"channel":"Microsoft-Windows-Sysmon/Operational","computer_name":"WIN-0MBT5UDC.domain.local","event_id":1,"provider_name":"Microsoft-Windows-Sysmon","record_id":5707068,"task":"Process creation (rule: ProcessCreate)"}}
{"@timestamp":"2023-12-08T07:45:12.819Z","CommandLine":"C:\\Program Files (x86)\\Microsoft\\Edge\\Application\\msedge.exe MVMLL2G0E1","EventID":1,"Image":"C:\\Program Files (x86)\\Microsoft\\Edge\\Application\\msedge.exe","ParentImage":"C:\\Program Files\\Google\\Chrome\\Application\\chrome.exe","ParentProcessId":533,"ProcessId":19159,"User":"SYSTEM","agent":{"hostname":"WIN-61P8YNPL","type":"winlogbeat","version":"8.5.0"},"ecs":{"version":"8.5.0"},"event":{"action":"Process creation","category":["process"],"code":1,"kind":"event","provider":"Microsoft-Windows-Sysmon","type":["start"]},"host":{"name":"WIN-N4RIQIHH","os":{"family":"windows","name":"Windows Server 2019","version":"10.0.17763"}},"process":{"args":["C:\\Program","Files","(x86)\\Microsoft\\Edge\\Application\\msedge.exe","MVMLL2G0E1"],"command_line":"C:\\Program Files (x86)\\Microsoft\\Edge\\Application\\msedge.exe MVMLL2G0E1","executable":"C:\\Program Files (x86)\\Microsoft\\Edge\\Application\\msedge.exe","name":"msedge.exe","parent":{"executable":"C:\\Program Files\\Google\\Chrome\\Application\\chrome.exe","name":"chrome.exe","pid":769},"pid":42973},"user":{"domain":"DOMAIN","name":"SYSTEM"},"winlog":{"channel":"Microsoft-Windows-Sysmon/Operational","computer_name":"WIN-635LHA5C.domain.local","event_id":1,"provider_name":"Microsoft-Windows-Sysmon","record_id":9251407,"task":"Process creation (rule: ProcessCreate)"}}
{"@timestamp":"2023-07-08T23:14:04.770Z","CommandLine":"C:\\Windows\\System32\\WindowsPowerShell\\v1.0\\powershell.exe AE81IERKA7","EventID":1,"Image":"C:\\Windows\\System32\\WindowsPowerShell\\v1.0\\powershell.exe","ParentImage":"C:\\Windows\\System32\\mshta.exe","ParentProcessId":112,"ProcessId":17234,"User":"SYSTEM","agent":{"hostname":"WIN-6R603WKL","type":"winlogbeat","version":"8.5.0"},"ecs":{"version":"8.5.0"},"event":{"action":"Process creation","category":["process"],"code":1,"kind":"event","provider":"Microsoft-Windows-Sysmon","type":["start"]},"host":{"name":"WIN-4BB8KRAU","os":{"family":"windows","name":"Windows Server 2019","version":"10.0.17763"}},"process":{"args":["C:\\Windows\\System32\\WindowsPowerShell\\v1.0\\powershell.exe","AE81IERKA7"],"command_line":"C:\\Windows\\System32\\WindowsPowerShell\\v1.0\\powershell.exe AE81IERKA7","executable":"C:\\Windows\\System32\\WindowsPowerShell\\v1.0\\powershell.exe","name":"powershell.exe","parent":{"executable":"C:\\Windows\\System32\\mshta.exe","name":"mshta.exe","pid":790},"pid":51074},"user":{"domain":"DOMAIN","name":"SYSTEM"},"winlog":{"channel":"Microsoft-Windows-Sysmon/Operational","computer_name":"WIN-DMWUV7D8.domain.local","event_id":1,"provider_name":"Microsoft-Windows-Sysmon","record_id":3702240,"task":"Process creation (rule: ProcessCreate)"}}
{"@timestamp":"2023-01-15T02:47:04.788Z","CommandLine":"C:\\Windows\\System32\\regsvr32.exe 30VRSACB9Y","EventID":1,"Image":"C:\\Windows\\System32\\regsvr32.exe","ParentImage":"C:\\Windows\\System32\\notepad.exe","ParentProcessId":318,"ProcessId":38188,"User":"john.doe","agent":{"hostname":"WIN-HVWDO3BE","type":"winlogbeat","version":"8.5.0"},"ecs":{"version":"8.5.0"},"event":{"action":"Process creation","category":["process"],"code":1,"kind":"event","provider":"Microsoft-Windows-Sysmon","type":["start"]},"host":{"name":"WIN-95J5QWE0","os":{"family":"windows","name":"Windows Server 2019","version":"10.0.17763"}},"process":{"args":["C:\\Windows\\System32\\regsvr32.exe","30VRSACB9Y"],"command_line":"C:\\Windows\\System32\\regsvr32.exe 30VRSACB9Y","executable":"C:\\Windows\\System32\\regsvr32.exe","name":"regsvr32.exe","parent":{"executable":"C:\\Windows\\System32\\notepad.exe","name":"notepad.exe","pid":649},"pid":5670},"user":{"domain":"DOMAIN","name":"john.doe"},"winlog":{"channel":"Microsoft-Windows-Sysmon/Operational","computer_name":"WIN-AJF47MFQ.domain.local","event_id":1,"provider_name":"Microsoft-Windows-Sysmon","record_id":4462411,"task":"Process creation (rule: ProcessCreate)"}}
{"@timestamp":"2023-02-27T15:52:45.427Z","CommandLine":"C:\\Windows\\System32\\cmd.exe VIZCUQEXU9","EventID":1,"Image":"C:\\Windows\\System32\\cmd.exe","ParentImage":"C:\\Windows\\System32\\cmd.exe","ParentProcessId":457,"ProcessId":45660,"User":"Guest","agent":{"hostname":"WIN-6T0V7TYC","type":"winlogbeat","version":"8.5.0"},"ecs":{"version":"8.5.0"},"event":{"action":"Process creation","category":["process"],"code":1,"kind":"event","provider":"Microsoft-Windows-Sysmon","type":["start"]},"host":{"name":"WIN-9TWVKANW","os":{"family":"windows","name":"Windows Server 2019","version":"10.0.17763"}},"process":{"args":["C:\\Windows\\System32\\cmd.exe","VIZCUQEXU9"],"command_line":"C:\\Windows\\System32\\cmd.exe VIZCUQEXU9","executable":"C:\\Windows\\System32\\cmd.exe","name":"cmd.exe","parent":{"executable":"C:\\Windows\\System32\\cmd.exe","name":"cmd.exe","pid":953},"pid":7567},"user":{"domain":"DOMAIN","name":"Guest"},"winlog":{"channel":"Microsoft-Windows-Sysmon/Operational","computer_name":"WIN-ZTAGD4AX.domain.local","event_id":1,"provider_name":"Microsoft-Windows-Sysmon","record_id":7143261,"task":"Process creation (rule: ProcessCreate)"}}
{"@timestamp":"2023-05-19T19:08:18.977Z","DestinationIp":"1.1.1.1","DestinationPort":443,"EventID":3,"Image":"C:\\Program Files\\Mozilla Firefox\\firefox.exe","Protocol":"tcp","SourceIp":"192.168.1.100","SourcePort":55075,"agent":{"hostname":"WIN-J15FOY7N","type":"winlogbeat","version":"8.5.0"},"destination":{"ip":"1.1.1.1","port":443},"ecs":{"version":"8.5.0"},"event":{"action":"Process creation","category":["process"],"code":3,"kind":"event","provider":"Microsoft-Windows-Sysmon","type":["start"]},"host":{"name":"WIN-CO2IKD4L","os":{"family":"windows","name":"Windows Server 2019","version":"10.0.17763"}},"network":{"direction":"outbound","protocol":"tcp"},"source":{"ip":"192.168.1.100","port":55075},"winlog":{"channel":"Microsoft-Windows-Sysmon/Operational","computer_name":"WIN-9D5ZRS56.domain.local","event_id":3,"provider_name":"Microsoft-Windows-Sysmon","record_id":8278526,"task":"Process creation (rule: ProcessCreate)"}}
{"@timestamp":"2023-06-09T02:50:01.877Z","CommandLine":"C:\\Windows\\System32\\calc.exe CHMLYB100G","EventID":1,"Image":"C:\\Windows\\System32\\calc.exe","ParentImage":"C:\\Windows\\System32\\calc.exe","ParentProcessId":439,"ProcessId":28066,"User":"john.doe","agent":{"hostname":"WIN-ORITQDUU","type":"winlogbeat","version":"8.5.0"},"ecs":{"version":"8.5.0"},"event":{"action":"Process creation","category":["process"],"code":1,"kind":"event","provider":"Microsoft-Windows-Sysmon","type":["start"]},"host":{"name":"WIN-VCVM28ZD","os":{"family":"windows","name":"Windows Server 2019","version":"10.0.17763"}},"process":{"args":["C:\\Windows\\System32\\calc.exe","CHMLYB100G"],"command_line":"C:\\Windows\\System32\\calc.exe CHMLYB100G","executable":"C:\\Windows\\System32\\calc.exe","name":"calc.exe","parent":{"executable":"C:\\Windows\\System32\\calc.exe","name":"calc.exe","pid":176},"pid":51684},"user":{"domain":"DOMAIN","name":"john.doe"},"winlog":{"channel":"Microsoft-Windows-Sysmon/Operational","computer_name":"WIN-2QI82P1X.domain.local","event_id":1,"provider_name":"Microsoft-Windows-Sysmon","record_id":9617679,"task":"Process creation (rule: ProcessCreate)"}}
{"@timestamp":"2023-12-19T16:34:50.836Z","CommandLine":"C:\\Windows\\System32\\cmd.exe /c whoami","EventID":1,"Image":"C:\\Windows\\System32\\cmd.exe","ParentImage":"C:\\Windows\\System32\\wscript.exe","ParentProcessId":135,"ProcessId":38692,"User":"Guest","agent":{"hostname":"WIN-UTZYTQ7R","type":"winlogbeat","version":"8.5.0"},"ecs":{"version":"8.5.0"},"event":{"action":"Process creation","category":["process"],"code":1,"kind":"event","provider":"Microsoft-Windows-Sysmon","type":["start"]},"host":{"name":"WIN-EAA3S3DI","os":{"family":"windows","name":"Windows Server 2019","version":"10.0.17763"}},"process":{"args":["C:\\Windows\\System32\\cmd.exe","/c","whoami"],"command_line":"C:\\Windows\\System32\\cmd.exe /c whoami","executable":"C:\\Windows\\System32\\cmd.exe","name":"cmd.exe","parent":{"executable":"C:\\Windows\\System32\\wscript.exe","name":"wscript.exe","pid":863},"pid":18625},"user":{"domain":"DOMAIN","name":"Guest"},"winlog":{"channel":"Microsoft-Windows-Sysmon/Operational","computer_name":"WIN-IGQN7YPI.domain.local","event_id":1,"provider_name":"Microsoft-Windows-Sysmon","record_id":2548983,"task":"Process creation (rule: ProcessCreate)"}}
{"@timestamp":"2023-05-25T18:10:40.959Z","DestinationIp":"172.16.0.10","DestinationPort":80,"EventID":3,"Image":"C:\\Windows\\System32\\wscript.exe","Protocol":"tcp","SourceIp":"192.168.1.100","SourcePort":49733,"agent":{"hostname":"WIN-Q9AO0PMU","type":"winlogbeat","version":"8.5.0"},"destination":{"ip":"172.16.0.10","port":80},"ecs":{"version":"8.5.0"},"event":{"action":"Process creation","category":["process"],"code":3,"kind":"event","provider":"Microsoft-Windows-Sysmon","type":["start"]},"host":{"name":"WIN-KON0JBJ9","os":{"family":"windows","name":"Windows Server 2019","version":"10.0.17763"}},"network":{"direction":"outbound","protocol":"tcp"},"source":{"ip":"192.168.1.100","port":49733},"winlog":{"channel":"Microsoft-Windows-Sysmon/Operational","computer_name":"WIN-64TECCQZ.domain.local","event_id":3,"provider_name":"Microsoft-Windows-Sysmon","record_id":2428846,"task":"Process creation (rule: ProcessCreate)"}}
{"@timestamp":"2023-03-26T13:57:27.694Z","CommandLine":"C:\\Program Files\\Mozilla Firefox\\firefox.exe EIW1TO8KIM","EventID":1,"Image":"C:\\Program Files\\Mozilla Firefox\\firefox.exe","ParentImage":"C:\\Windows\\System32\\wscript.exe","ParentProcessId":852,"ProcessId":42346,"User":"DefaultAccount","agent":{"hostname":"WIN-IBUZPDPK","type":"winlogbeat","version":"8.5.0"},"ecs":{"version":"8.5.0"},"event":{"action":"Process creation","category":["process"],"code":1,"kind":"event","provider":"Microsoft-Windows-Sysmon","type":["start"]},"host":{"name":"WIN-30UEF4EF","os":{"family":"windows","name":"Windows Server 2019","version":"10.0.17763"}},"process":{"args":["C:\\Program","Files\\Mozilla","Firefox\\firefox.exe","EIW1TO8KIM"],"command_line":"C:\\Program Files\\Mozilla Firefox\\firefox.exe EIW1TO8KIM","executable":"C:\\Program Files\\Mozilla Firefox\\firefox.exe","name":"firefox.exe","parent":{"executable":"C:\\Windows\\System32\\wscript.exe","name":"wscript.exe","pid":633},"pid":63212},"user":{"domain":"DOMAIN","name":"DefaultAccount"},"winlog":{"channel":"Microsoft-Windows-Sysmon/Operational","computer_name":"WIN-04996N54.domain.local","event_id":1,"provider_name":"Microsoft-Windows-Sysmon","record_id":1894343,"task":"Process creation (rule: ProcessCreate)"}}
{"@timestamp":"2023-12-26T07:14:12.736Z","CommandLine":"C:\\Windows\\System32\\calc.exe 18EXDS9O5W","EventID":1,"Image":"C:\\Windows\\System32\\calc.exe","ParentImage":"C:\\Windows\\System32\\svchost.exe","ParentProcessId":170,"ProcessId":15631,"User":"SYSTEM","agent":{"hostname":"WIN-OAGUCATH","type":"winlogbeat","version":"8.5.0"},"ecs":{"version":"8.5.0"},"event":{"action":"Process creation","category":["process"],"code":1,"kind":"event","provider":"Microsoft-Windows-Sysmon","type":["start"]},"host":{"name":"WIN-Q8NCR4BC","os":{"family":"windows","name":"Windows Server 2019","version":"10.0.17763"}},"process":{"args":["C:\\Windows\\System32\\calc.exe","18EXDS9O5W"],"command_line":"C:\\Windows\\System32\\calc.exe 18EXDS9O5W","executable":"C:\\Windows\\System32\\calc.exe","name":"calc.exe","parent":{"executable":"C:\\Windows\\System32\\svchost.exe","name":"svchost.exe","pid":899},"pid":65142},"user":{"domain":"DOMAIN","name":"SYSTEM"},"winlog":{"channel":"Microsoft-Windows-Sysmon/Operational","computer_name":"WIN-SPR0YE4P.domain.local","event_id":1,"provider_name":"Microsoft-Windows-Sysmon","record_id":8847025,"task":"Process creation (rule: ProcessCreate)"}}
{"@timestamp":"2023-05-04T14:52:21.577Z","CommandLine":"C:\\Windows\\System32\\svchost.exe 4DOB3RLEKY","EventID":1,"Image":"C:\\Windows\\System32\\svchost.exe","ParentImage":"C:\\Windows\\System32\\svchost.exe","ParentProcessId":204,"ProcessId":57837,"User":"service_account","agent":{"hostname":"WIN-JX0UT7ZE","type":"winlogbeat","version":"8.5.0"},"ecs":{"version":"8.5.0"},"event":{"action":"Process creation","category":["process"],"code":1,"kind":"event","provider":"Microsoft-Windows-Sysmon","type":["start"]},"host":{"name":"WIN-BBYT4DX4","os":{"family":"windows","name":"Windows Server 2019","version":"10.0.17763"}},"process":{"args":["C:\\Windows\\System32\\svchost.exe","4DOB3RLEKY"],"command_line":"C:\\Windows\\System32\\svchost.exe 4DOB3RLEKY","executable":"C:\\Windows\\System32\\svchost.exe","name":"svchost.exe","parent":{"executable":"C:\\Windows\\System32\\svchost.exe","name":"svchost.exe","pid":381},"pid":52848},"user":{"domain":"DOMAIN","name":"service_account"},"winlog":{"channel":"Microsoft-Windows-Sysmon/Operational","computer_name":"WIN-ZBM7R67D.domain.local","event_id":1,"provider_name":"Microsoft-Windows-Sysmon","record_id":9281274,"task":"Process creation (rule: ProcessCreate)"}}
{"@timestamp":"2023-04-28T05:02:16.776Z","CommandLine":"C:\\Windows\\System32\\powershell.exe 1W5MDYIT39","EventID":1,"Image":"C:\\Windows\\System32\\powershell.exe","ParentImage":"C:\\Windows\\System32\\taskmgr.exe","ParentProcessId":313,"ProcessId":47210,"User":"john.doe","agent":{"hostname":"WIN-ELWIVU9D","type":"winlogbeat","version":"8.5.0"},"ecs":{"version":"8.5.0"},"event":{"action":"Process creation","category":["process"],"code":1,"kind":"event","provider":"Microsoft-Windows-Sysmon","type":["start"]},"host":{"name":"WIN-ESB6YK76","os":{"family":"windows","name":"Windows Server 2019","version":"10.0.17763"}},"process":{"args":["C:\\Windows\\System32\\powershell.exe","1W5MDYIT39"],"command_line":"C:\\Windows\\System32\\powershell.exe 1W5MDYIT39","executable":"C:\\Windows\\System32\\powershell.exe","name":"powershell.exe","parent":{"executable":"C:\\Windows\\System32\\taskmgr.exe","name":"taskmgr.exe","pid":817},"pid":45023},"user":{"domain":"DOMAIN","name":"john.doe"},"winlog":{"channel":"Microsoft-Windows-Sysmon/Operational","computer_name":"WIN-IX13UZDD.domain.local","event_id":1,"provider_name":"Microsoft-Windows-Sysmon","record_id":9697528,"task":"Process creation (rule: ProcessCreate)"}}
{"@timestamp":"2023-05-22T00:41:45.962Z","DestinationIp":"10.0.0.50","DestinationPort":80,"EventID":3,"Image":"C:\\Windows\\System32\\spoolsv.exe","Protocol":"tcp","SourceIp":"192.168.1.100","SourcePort":65032,"agent":{"hostname":"WIN-8W3ESE6G","type":"winlogbeat","version":"8.5.0"},"destination":{"ip":"10.0.0.50","port":80},"ecs":{"version":"8.5.0"},"event":{"action":"Process creation","category":["process"],"code":3,"kind":"event","provider":"Microsoft-Windows-Sysmon","type":["start"]},"host":{"name":"WIN-5YXVODEY","os":{"family":"windows","name":"Windows Server 2019","version":"10.0.17763"}},"network":{"direction":"outbound","protocol":"tcp"},"source":{"ip":"192.168.1.100","port":65032},"winlog":{"channel":"Microsoft-Windows-Sysmon/Operational","computer_name":"WIN-2YNKMMAP.domain.local","event_id":3,"provider_name":"Microsoft-Windows-Sysmon","record_id":9049610,"task":"Process creation (rule: ProcessCreate)"}}
{"@timestamp":"2023-01-09T09:50:38.424Z","CommandLine":"C:\\Windows\\System32\\powershell.exe EIOGSQT0QB","EventID":1,"Image":"C:\\Windows\\System32\\powershell.exe","ParentImage":"C:\\Windows\\System32\\cmd.exe","ParentProcessId":157,"ProcessId":51461,"User":"john.doe","agent":{"hostname":"WIN-47V7HY8H","type":"winlogbeat","version":"8.5.0"},"ecs":{"version":"8.5.0"},"event":{"action":"Process creation","category":["process"],"code":1,"kind":"event","provider":"Microsoft-Windows-Sysmon","type":["start"]},"host":{"name":"WIN-9C1LQHGV","os":{"family":"windows","name":"Windows Server 2019","version":"10.0.17763"}},"process":{"args":["C:\\Windows\\System32\\powershell.exe","EIOGSQT0QB"],"command_line":"C:\\Windows\\System32\\powershell.exe EIOGSQT0QB","executable":"C:\\Windows\\System32\\powershell.exe","name":"powershell.exe","parent":{"executable":"C:\\Windows\\System32\\cmd.exe","name":"cmd.exe","pid":874},"pid":34782},"user":{"domain":"DOMAIN","name":"john.doe"},"winlog":{"channel":"Microsoft-Windows-Sysmon/Operational","computer_name":"WIN-BMEH4E2K.domain.local","event_id":1,"provider_name":"Microsoft-Windows-Sysmon","record_id":9516476,"task":"Process creation (rule: ProcessCreate)"}}
