{"@timestamp":"2023-03-11T10:07:40.522Z","Details":"C:\\temp\\ZGVYR56T.exe","EventID":13,"Image":"C:\\Windows\\System32\\mshta.exe","TargetObject":"HKLM\\SYSTEM\\CurrentControlSet\\Services\\9ALREEH2LR","agent":{"hostname":"WIN-4CWZ1KF7","type":"winlogbeat","version":"8.5.0"},"ecs":{"version":"8.5.0"},"event":{"action":"Process creation","category":["process"],"code":13,"kind":"event","provider":"Microsoft-Windows-Sysmon","type":["start"]},"host":{"name":"WIN-ROAL128X","os":{"family":"windows","name":"Windows Server 2019","version":"10.0.17763"}},"registry":{"data":{"strings":["C:\\temp\\G6SE5LUN.exe"]},"key":"HKLM\\SYSTEM\\CurrentControlSet\\Services","value":"PFEW1OGGDM"},"winlog":{"channel":"Microsoft-Windows-Sysmon/Operational","computer_name":"WIN-4HMAPSMV.domain.local","event_id":13,"provider_name":"Microsoft-Windows-Sysmon","record_id":8771593,"task":"Process creation (rule: ProcessCreate)"}}
{"@timestamp":"2023-01-22T03:22:10.786Z","CommandLine":"C:\\Program Files\\Mozilla Firefox\\firefox.exe S6AUMR6MJS","EventID":1,"Image":"C:\\Program Files\\Mozilla Firefox\\firefox.exe","ParentImage":"C:\\Windows\\System32\\calc.exe","ParentProcessId":257,"ProcessId":52645,"User":"NT AUTHORITY\\SYSTEM","agent":{"hostname":"WIN-1W79YWY0","type":"winlogbeat","version":"8.5.0"},"ecs":{"version":"8.5.0"},"event":{"action":"Process creation","category":["process"],"code":1,"kind":"event","provider":"Microsoft-Windows-Sysmon","type":["start"]},"host":{"name":"WIN-NS2MW8UI","os":{"family":"windows","name":"Windows Server 2019","version":"10.0.17763"}},"process":{"args":["C:\\Program","Files\\Mozilla","Firefox\\firefox.exe","S6AUMR6MJS"],"command_line":"C:\\Program Files\\Mozilla Firefox\\firefox.exe S6AUMR6MJS","executable":"C:\\Program Files\\Mozilla Firefox\\firefox.exe","name":"firefox.exe","parent":{"executable":"C:\\Windows\\System32\\calc.exe","name":"calc.exe","pid":847},"pid":1384},"user":{"domain":"NT AUTHORITY","name":"NT AUTHORITY\\SYSTEM"},"winlog":{"channel":"Microsoft-Windows-Sysmon/Operational","computer_name":"WIN-U5PFL602.domain.local","event_id":1,"provider_name":"Microsoft-Windows-Sysmon","record_id":2252829,"task":"Process creation (rule: ProcessCreate)"}}
{"@timestamp":"2023-07-03T03:21:46.156Z","CommandLine":"C:\\Windows\\System32\\powershell.exe 4BVOD758PH","EventID":1,"Image":"C:\\Windows\\System32\\powershell.exe","ParentImage":"C:\\Windows\\System32\\wininit.exe","ParentProcessId":792,"ProcessId":25284,"User":"john.doe","agent":{"hostname":"WIN-G09LYAXO","type":"winlogbeat","version":"8.5.0"},"ecs":{"version":"8.5.0"},"event":{"action":"Process creation","category":["process"],"code":1,"kind":"event","provider":"Microsoft-Windows-Sysmon","type":["start"]},"host":{"name":"WIN-6CYKR97W","os":{"family":"windows","name":"Windows Server 2019","version":"10.0.17763"}},"process":{"args":["C:\\Windows\\System32\\powershell.exe","4BVOD758PH"],"command_line":"C:\\Windows\\System32\\powershell.exe 4BVOD758PH","executable":"C:\\Windows\\System32\\powershell.exe","name":"powershell.exe","parent":{"executable":"C:\\Windows\\System32\\wininit.exe","name":"wininit.exe","pid":658},"pid":10061},"user":{"domain":"DOMAIN","name":"john.doe"},"winlog":{"channel":"Microsoft-Windows-Sysmon/Operational","computer_name":"WIN-TRMVX556.domain.local","event_id":1,"provider_name":"Microsoft-Windows-Sysmon","record_id":2112993,"task":"Process creation (rule: ProcessCreate)"}}
{"@timestamp":"2023-12-11T07:29:59.155Z","Details":"C:\\temp\\DO6DX4WW.exe","EventID":13,"Image":"C:\\Windows\\System32\\lsass.exe","TargetObject":"HKCU\\SOFTWARE\\Microsoft\\Windows\\CurrentVersion\\Run\\BH80Z62QFF","agent":{"hostname":"WIN-1WPRVJIX","type":"winlogbeat","version":"8.5.0"},"ecs":{"version":"8.5.0"},"event":{"action":"Process creation","category":["process"],"code":13,"kind":"event","provider":"Microsoft-Windows-Sysmon","type":["start"]},"host":{"name":"WIN-25P5YY5L","os":{"family":"windows","name":"Windows Server 2019","version":"10.0.17763"}},"registry":{"data":{"strings":["C:\\temp\\1ZFOSQ3L.exe"]},"key":"HKCU\\SOFTWARE\\Microsoft\\Windows\\CurrentVersion\\Run","value":"P19DX28GJY"},"winlog":{"channel":"Microsoft-Windows-Sysmon/Operational","computer_name":"WIN-5ZCNXX8P.domain.local","event_id":13,"provider_name":"Microsoft-Windows-Sysmon","record_id":3030051,"task":"Process creation (rule: ProcessCreate)"}}
{"@timestamp":"2023-02-14T13:41:36.609Z","Details":"C:\\temp\\N8KQ4T1V.exe","EventID":13,"Image":"C:\\Program Files\\Google\\Chrome\\Application\\chrome.exe","TargetObject":"HKLM\\SOFTWARE\\Microsoft\\Windows\\CurrentVersion\\Run\\3IJ11ADAWN","agent":{"hostname":"WIN-7SJMYYEM","type":"winlogbeat","version":"8.5.0"},"ecs":{"version":"8.5.0"},"event":{"action":"Process creation","category":["process"],"code":13,"kind":"event","provider":"Microsoft-Windows-Sysmon","type":["start"]},"host":{"name":"WIN-TLCS416R","os":{"family":"windows","name":"Windows Server 2019","version":"10.0.17763"}},"registry":{"data":{"strings":["C:\\temp\\NBRBIRTZ.exe"]},"key":"HKLM\\SOFTWARE\\Microsoft\\Windows\\CurrentVersion\\Run","value":"M8OGJV1FD5"},"winlog":{"channel":"Microsoft-Windows-Sysmon/Operational","computer_name":"WIN-0TBH6UKL.domain.local","event_id":13,"provider_name":"Microsoft-Windows-Sysmon","record_id":5860213,"task":"Process creation (rule: ProcessCreate)"}}
{"@timestamp":"2023-03-22T13:47:11.410Z","CommandLine":"C:\\Windows\\System32\\calc.exe FTYYSWW6UI","EventID":1,"Image":"C:\\Windows\\System32\\calc.exe","ParentImage":"C:\\Program Files (x86)\\Microsoft\\Edge\\Application\\msedge.exe","ParentProcessId":131,"ProcessId":63251,"User":"Guest","agent":{"hostname":"WIN-MLTVSIZ2","type":"winlogbeat","version":"8.5.0"},"ecs":{"version":"8.5.0"},"event":{"action":"Process creation","category":["process"],"code":1,"kind":"event","provider":"Microsoft-Windows-Sysmon","type":["start"]},"host":{"name":"WIN-DCTDQP38","os":{"family":"windows","name":"Windows Server 2019","version":"10.0.17763"}},"process":{"args":["C:\\Windows\\System32\\calc.exe","FTYYSWW6UI"],"command_line":"C:\\Windows\\System32\\calc.exe FTYYSWW6UI","executable":"C:\\Windows\\System32\\calc.exe","name":"calc.exe","parent":{"executable":"C:\\Program Files (x86)\\Microsoft\\Edge\\Application\\msedge.exe","name":"msedge.exe","pid":909},"pid":9302},"user":{"domain":"DOMAIN","name":"Guest"},"winlog":{"channel":"Microsoft-Windows-Sysmon/Operational","computer_name":"WIN-43R18WOD.domain.local","event_id":1,"provider_name":"Microsoft-Windows-Sysmon","record_id":3712216,"task":"Process creation (rule: ProcessCreate)"}}
{"@timestamp":"2023-05-05T16:25:23.613Z","EventID":17,"Image":"C:\\Program Files\\Google\\Chrome\\Application\\chrome.exe","PipeName":"\\pipe\\lsarpc","agent":{"hostname":"WIN-711ALHT3","type":"winlogbeat","version":"8.5.0"},"ecs":{"version":"8.5.0"},"event":{"action":"Process creation","category":["process"],"code":17,"kind":"event","provider":"Microsoft-Windows-Sysmon","type":["start"]},"host":{"name":"WIN-8DG6BVE4","os":{"family":"windows","name":"Windows Server 2019","version":"10.0.17763"}},"winlog":{"channel":"Microsoft-Windows-Sysmon/Operational","computer_name":"WIN-2O2CZEJY.domain.local","event_id":17,"provider_name":"Microsoft-Windows-Sysmon","record_id":9433569,"task":"Process creation (rule: ProcessCreate)"}}
{"@timestamp":"2023-11-21T17:28:47.423Z","CommandLine":"C:\\Program Files (x86)\\Microsoft\\Edge\\Application\\msedge.exe TLHKEYV8TZ","EventID":1,"Image":"C:\\Program Files (x86)\\Microsoft\\Edge\\Application\\msedge.exe","ParentImage":"C:\\Windows\\System32\\WindowsPowerShell\\v1.0\\powershell.exe","ParentProcessId":958,"ProcessId":14021,"User":"SYSTEM","agent":{"hostname":"WIN-OWI5B3G6","type":"winlogbeat","version":"8.5.0"},"ecs":{"version":"8.5.0"},"event":{"action":"Process creation","category":["process"],"code":1,"kind":"event","provider":"Microsoft-Windows-Sysmon","type":["start"]},"host":{"name":"WIN-ZDRVYPGY","os":{"family":"windows","name":"Windows Server 2019","version":"10.0.17763"}},"process":{"args":["C:\\Program","Files","(x86)\\Microsoft\\Edge\\Application\\msedge.exe","TLHKEYV8TZ"],"command_line":"C:\\Program Files (x86)\\Microsoft\\Edge\\Application\\msedge.exe TLHKEYV8TZ","executable":"C:\\Program Files (x86)\\Microsoft\\Edge\\Application\\msedge.exe","name":"msedge.exe","parent":{"executable":"C:\\Windows\\System32\\WindowsPowerShell\\v1.0\\powershell.exe","name":"powershell.exe","pid":221},"pid":21364},"user":{"domain":"DOMAIN","name":"SYSTEM"},"winlog":{"channel":"Microsoft-Windows-Sysmon/Operational","computer_name":"WIN-68Y4T5U0.domain.local","event_id":1,"provider_name":"Microsoft-Windows-Sysmon","record_id":2068843,"task":"Process creation (rule: ProcessCreate)"}}
{"@timestamp":"2023-04-01T09:55:28.257Z","EventID":17,"Image":"C:\\Windows\\System32\\lsass.exe","PipeName":"\\pipe\\spoolss","agent":{"hostname":"WIN-H7XX1229","type":"winlogbeat","version":"8.5.0"},"ecs":{"version":"8.5.0"},"event":{"action":"Process creation","category":["process"],"code":17,"kind":"event","provider":"Microsoft-Windows-Sysmon","type":["start"]},"host":{"name":"WIN-P8ZEQRW8","os":{"family":"windows","name":"Windows Server 2019","version":"10.0.17763"}},"winlog":{"channel":"Microsoft-Windows-Sysmon/Operational","computer_name":"WIN-PTKYPLR6.domain.local","event_id":17,"provider_name":"Microsoft-Windows-Sysmon","record_id":7583864,"task":"Process creation (rule: ProcessCreate)"}}
{"@timestamp":"2023-05-07T01:52:40.306Z","CommandLine":"C:\\Windows\\System32\\cmd.exe SC1PHDSKZE","EventID":1,"Image":"C:\\Windows\\System32\\cmd.exe","ParentImage":"C:\\Windows\\System32\\explorer.exe","ParentProcessId":382,"ProcessId":40931,"User":"DefaultAccount","agent":{"hostname":"WIN-DYLJ0KZO","type":"winlogbeat","version":"8.5.0"},"ecs":{"version":"8.5.0"},"event":{"action":"Process creation","category":["process"],"code":1,"kind":"event","provider":"Microsoft-Windows-Sysmon","type":["start"]},"host":{"name":"WIN-26LVDMHE","os":{"family":"windows","name":"Windows Server 2019","version":"10.0.17763"}},"process":{"args":["C:\\Windows\\System32\\cmd.exe","SC1PHDSKZE"],"command_line":"C:\\Windows\\System32\\cmd.exe SC1PHDSKZE","executable":"C:\\Windows\\System32\\cmd.exe","name":"cmd.exe","parent":{"executable":"C:\\Windows\\System32\\explorer.exe","name":"explorer.exe","pid":166},"pid":60583},"user":{"domain":"DOMAIN","name":"DefaultAccount"},"winlog":{"channel":"Microsoft-Windows-Sysmon/Operational","computer_name":"WIN-MX3LKZNJ.domain.local","event_id":1,"provider_name":"Microsoft-Windows-Sysmon","record_id":2643051,"task":"Process creation (rule: ProcessCreate)"}}
{"@timestamp":"2023-11-09T20:09:56.871Z","CommandLine":"C:\\Windows\\System32\\svchost.exe SJO9SH7X1L","EventID":1,"Image":"C:\\Windows\\System32\\svchost.exe","ParentImage":"C:\\Windows\\System32\\calc.exe","ParentProcessId":985,"ProcessId":49605,"User":"DefaultAccount","agent":{"hostname":"WIN-XGY9MUAJ","type":"winlogbeat","version":"8.5.0"},"ecs":{"version":"8.5.0"},"event":{"action":"Process creation","category":["process"],"code":1,"kind":"event","provider":"Microsoft-Windows-Sysmon","type":["start"]},"host":{"name":"WIN-EIGJM6SN","os":{"family":"windows","name":"Windows Server 2019","version":"10.0.17763"}},"process":{"args":["C:\\Windows\\System32\\svchost.exe","SJO9SH7X1L"],"command_line":"C:\\Windows\\System32\\svchost.exe SJO9SH7X1L","executable":"C:\\Windows\\System32\\svchost.exe","name":"svchost.exe","parent":{"executable":"C:\\Windows\\System32\\calc.exe","name":"calc.exe","pid":221},"pid":21826},"user":{"domain":"DOMAIN","name":"DefaultAccount"},"winlog":{"channel":"Microsoft-Windows-Sysmon/Operational","computer_name":"WIN-M81ISRI7.domain.local","event_id":1,"provider_name":"Microsoft-Windows-Sysmon","record_id":5042078,"task":"Process creation (rule: ProcessCreate)"}}
{"@timestamp":"2023-02-14T19:02:46.815Z","DestinationIp":"1.1.1.1","DestinationPort":8443,"EventID":3,"Image":"C:\\Windows\\System32\\lsass.exe","Protocol":"tcp","SourceIp":"192.168.1.100","SourcePort":61347,"agent":{"hostname":"WIN-MNYI332Y","type":"winlogbeat","version":"8.5.0"},"destination":{"ip":"1.1.1.1","port":8443},"ecs":{"version":"8.5.0"},"event":{"action":"Process creation","category":["process"],"code":3,"kind":"event","provider":"Microsoft-Windows-Sysmon","type":["start"]},"host":{"name":"WIN-S2FWVR9C","os":{"family":"windows","name":"Windows Server 2019","version":"10.0.17763"}},"network":{"direction":"outbound","protocol":"tcp"},"source":{"ip":"192.168.1.100","port":61347},"winlog":{"channel":"Microsoft-Windows-Sysmon/Operational","computer_name":"WIN-44P3B78Z.domain.local","event_id":3,"provider_name":"Microsoft-Windows-Sysmon","record_id":3951377,"task":"Process creation (rule: ProcessCreate)"}}
{"@timestamp":"2023-07-21T22:11:06.643Z","CommandLine":"C:\\Windows\\System32\\explorer.exe","EventID":1,"Image":"C:\\Windows\\System32\\explorer.exe","ParentImage":"C:\\Program Files\\Google\\Chrome\\Application\\chrome.exe","ParentProcessId":782,"ProcessId":32669,"User":"Guest","agent":{"hostname":"WIN-R6TCFA5J","type":"winlogbeat","version":"8.5.0"},"ecs":{"version":"8.5.0"},"event":{"action":"Process creation","category":["process"],"code":1,"kind":"event","provider":"Microsoft-Windows-Sysmon","type":["start"]},"host":{"name":"WIN-WBKXQZ66","os":{"family":"windows","name":"Windows Server 2019","version":"10.0.17763"}},"process":{"args":["C:\\Windows\\System32\\explorer.exe"],"command_line":"C:\\Windows\\System32\\explorer.exe","executable":"C:\\Windows\\System32\\explorer.exe","name":"explorer.exe","parent":{"executable":"C:\\Program Files\\Google\\Chrome\\Application\\chrome.exe","name":"chrome.exe","pid":559},"pid":43868},"user":{"domain":"DOMAIN","name":"Guest"},"winlog":{"channel":"Microsoft-Windows-Sysmon/Operational","computer_name":"WIN-HUGATVRP.domain.local","event_id":1,"provider_name":"Microsoft-Windows-Sysmon","record_id":7513325,"task":"Process creation (rule: ProcessCreate)"}}
{"@timestamp":"2023-07-09T07:47:29.682Z","DestinationIp":"10.0.0.50","DestinationPort":443,"EventID":3,"Image":"C:\\Windows\\System32\\calc.exe","Protocol":"tcp","SourceIp":"192.168.1.100","SourcePort":58835,"agent":{"hostname":"WIN-24J12463","type":"winlogbeat","version":"8.5.0"},"destination":{"ip":"10.0.0.50","port":443},"ecs":{"version":"8.5.0"},"event":{"action":"Process creation","category":["process"],"code":3,"kind":"event","provider":"Microsoft-Windows-Sysmon","type":["start"]},"host":{"name":"WIN-JKI3OQUB","os":{"family":"windows","name":"Windows Server 2019","version":"10.0.17763"}},"network":{"direction":"outbound","protocol":"tcp"},"source":{"ip":"192.168.1.100","port":58835},"winlog":{"channel":"Microsoft-Windows-Sysmon/Operational","computer_name":"WIN-0ZLP1KR6.domain.local","event_id":3,"provider_name":"Microsoft-Windows-Sysmon","record_id":3120018,"task":"Process creation (rule: ProcessCreate)"}}
{"@timestamp":"2023-08-23T20:15:21.251Z","CommandLine":"C:\\Windows\\System32\\explorer.exe","EventID":1,"Image":"C:\\Windows\\System32\\explorer.exe","ParentImage":"C:\\Windows\\System32\\explorer.exe","ParentProcessId":350,"ProcessId":32525,"User":"NT AUTHORITY\\SYSTEM","agent":{"hostname":"WIN-G57RQSLS","type":"winlogbeat","version":"8.5.0"},"ecs":{"version":"8.5.0"},"event":{"action":"Process creation","category":["process"],"code":1,"kind":"event","provider":"Microsoft-Windows-Sysmon","type":["start"]},"host":{"name":"WIN-YP0D8U2Y","os":{"family":"windows","name":"Windows Server 2019","version":"10.0.17763"}},"process":{"args":["C:\\Windows\\System32\\explorer.exe"],"command_line":"C:\\Windows\\System32\\explorer.exe","executable":"C:\\Windows\\System32\\explorer.exe","name":"explorer.exe","parent":{"executable":"C:\\Windows\\System32\\explorer.exe","name":"explorer.exe","pid":292},"pid":46745},"user":{"domain":"NT AUTHORITY","name":"NT AUTHORITY\\SYSTEM"},"winlog":{"channel":"Microsoft-Windows-Sysmon/Operational","computer_name":"WIN-QR8SY0ZZ.domain.local","event_id":1,"provider_name":"Microsoft-Windows-Sysmon","record_id":8933672,"task":"Process creation (rule: ProcessCreate)"}}
{"@timestamp":"2023-05-02T02:06:49.507Z","CommandLine":"C:\\Windows\\System32\\winlogon.exe 6FB3MFXHUK","EventID":1,"Image":"C:\\Windows\\System32\\winlogon.exe","ParentImage":"C:\\Windows\\System32\\cmd.exe","ParentProcessId":875,"ProcessId":54062,"User":"Guest","agent":{"hostname":"WIN-O2DMNDYX","type":"winlogbeat","version":"8.5.0"},"ecs":{"version":"8.5.0"},"event":{"action":"Process creation","category":["process"],"code":1,"kind":"event","provider":"Microsoft-Windows-Sysmon","type":["start"]},"host":{"name":"WIN-T6Y0B6ST","os":{"family":"windows","name":"Windows Server 2019","version":"10.0.17763"}},"process":{"args":["C:\\Windows\\System32\\winlogon.exe","6FB3MFXHUK"],"command_line":"C:\\Windows\\System32\\winlogon.exe 6FB3MFXHUK","executable":"C:\\Windows\\System32\\winlogon.exe","name":"winlogon.exe","parent":{"executable":"C:\\Windows\\System32\\cmd.exe","name":"cmd.exe","pid":505},"pid":44830},"user":{"domain":"DOMAIN","name":"Guest"},"winlog":{"channel":"Microsoft-Windows-Sysmon/Operational","computer_name":"WIN-675O9U6A.domain.local","event_id":1,"provider_name":"Microsoft-Windows-Sysmon","record_id":2308558,"task":"Process creation (rule: ProcessCreate)"}}
{"@timestamp":"2023-02-18T17:43:48.403Z","CommandLine":"C:\\Program Files\\Mozilla Firefox\\firefox.exe 6Y6KA0HLKT","EventID":1,"Image":"C:\\Program Files\\Mozilla Firefox\\firefox.exe","ParentImage":"C:\\Windows\\System32\\cmd.exe","ParentProcessId":921,"ProcessId":62691,"User":"NT AUTHORITY\\NETWORK SERVICE","agent":{"hostname":"WIN-34PH6PRT","type":"winlogbeat","version":"8.5.0"},"ecs":{"version":"8.5.0"},"event":{"action":"Process creation","category":["process"],"code":1,"kind":"event","provider":"Microsoft-Windows-Sysmon","type":["start"]},"host":{"name":"WIN-YP0J5TF1","os":{"family":"windows","name":"Windows Server 2019","version":"10.0.17763"}},"process":{"args":["C:\\Program","Files\\Mozilla","Firefox\\firefox.exe","6Y6KA0HLKT"],"command_line":"C:\\Program Files\\Mozilla Firefox\\firefox.exe 6Y6KA0HLKT","executable":"C:\\Program Files\\Mozilla Firefox\\firefox.exe","name":"firefox.exe","parent":{"executable":"C:\\Windows\\System32\\cmd.exe","name":"cmd.exe","pid":381},"pid":50510},"user":{"domain":"NT AUTHORITY","name":"NT AUTHORITY\\NETWORK SERVICE"},"winlog":{"channel":"Microsoft-Windows-Sysmon/Operational","computer_name":"WIN-9KCVULVG.domain.local","event_id":1,"provider_name":"Microsoft-Windows-Sysmon","record_id":1660622,"task":"Process creation (rule: ProcessCreate)"}}
{"@timestamp":"2023-01-27T11:28:28.485Z","CommandLine":"C:\\Windows\\System32\\rundll32.exe 4I3HZM3WJK","EventID":1,"Image":"C:\\Windows\\System32\\rundll32.exe","ParentImage":"C:\\Windows\\System32\\wscript.exe","ParentProcessId":408,"ProcessId":27252,"User":"john.doe","agent":{"hostname":"WIN-J70TJZ99","type":"winlogbeat","version":"8.5.0"},"ecs":{"version":"8.5.0"},"event":{"action":"Process creation","category":["process"],"code":1,"kind":"event","provider":"Microsoft-Windows-Sysmon","type":["start"]},"host":{"name":"WIN-P62W1MGL","os":{"family":"windows","name":"Windows Server 2019","version":"10.0.17763"}},"process":{"args":["C:\\Windows\\System32\\rundll32.exe","4I3HZM3WJK"],"command_line":"C:\\Windows\\System32\\rundll32.exe 4I3HZM3WJK","executable":"C:\\Windows\\System32\\rundll32.exe","name":"rundll32.exe","parent":{"executable":"C:\\Windows\\System32\\wscript.exe","name":"wscript.exe","pid":174},"pid":47294},"user":{"domain":"DOMAIN","name":"john.doe"},"winlog":{"channel":"Microsoft-Windows-Sysmon/Operational","computer_name":"WIN-8LF2H0I7.domain.local","event_id":1,"provider_name":"Microsoft-Windows-Sysmon","record_id":7701048,"task":"Process creation (rule: ProcessCreate)"}}
{"@timestamp":"2023-12-23T14:57:48.928Z","CommandLine":"C:\\Windows\\System32\\notepad.exe document.txt","EventID":1,"Image":"C:\\Windows\\System32\\notepad.exe","ParentImage":"C:\\Program Files\\Google\\Chrome\\Application\\chrome.exe","ParentProcessId":271,"ProcessId":52446,"User":"john.doe","agent":{"hostname":"WIN-GIQL8742","type":"winlogbeat","version":"8.5.0"},"ecs":{"version":"8.5.0"},"event":{"action":"Process creation","category":["process"],"code":1,"kind":"event","provider":"Microsoft-Windows-Sysmon","type":["start"]},"host":{"name":"WIN-OU6AIBD9","os":{"family":"windows","name":"Windows Server 2019","version":"10.0.17763"}},"process":{"args":["C:\\Windows\\System32\\notepad.exe","document.txt"],"command_line":"C:\\Windows\\System32\\notepad.exe document.txt","executable":"C:\\Windows\\System32\\notepad.exe","name":"notepad.exe","parent":{"executable":"C:\\Program Files\\Google\\Chrome\\Application\\chrome.exe","name":"chrome.exe","pid":894},"pid":30465},"user":{"domain":"DOMAIN","name":"john.doe"},"winlog":{"channel":"Microsoft-Windows-Sysmon/Operational","computer_name":"WIN-JDIJTG8D.domain.local","event_id":1,"provider_name":"Microsoft-Windows-Sysmon","record_id":7632317,"task":"Process creation (rule: ProcessCreate)"}}
{"@timestamp":"2023-02-26T21:46:10.942Z","CommandLine":"C:\\Windows\\System32\\taskmgr.exe TGWHNJYCEG","EventID":1,"Image":"C:\\Windows\\System32\\taskmgr.exe","ParentImage":"C:\\Program Files (x86)\\Microsoft\\Edge\\Application\\msedge.exe","ParentProcessId":838,"ProcessId":58939,"User":"SYSTEM","agent":{"hostname":"WIN-TRTFIFLK","type":"winlogbeat","version":"8.5.0"},"ecs":{"version":"8.5.0"},"event":{"action":"Process creation","category":["process"],"code":1,"kind":"event","provider":"Microsoft-Windows-Sysmon","type":["start"]},"host":{"name":"WIN-7A2EYBK6","os":{"family":"windows","name":"Windows Server 2019","version":"10.0.17763"}},"process":{"args":["C:\\Windows\\System32\\taskmgr.exe","TGWHNJYCEG"],"command_line":"C:\\Windows\\System32\\taskmgr.exe TGWHNJYCEG","executable":"C:\\Windows\\System32\\taskmgr.exe","name":"taskmgr.exe","parent":{"executable":"C:\\Program Files (x86)\\Microsoft\\Edge\\Application\\msedge.exe","name":"msedge.exe","pid":274},"pid":27497},"user":{"domain":"DOMAIN","name":"SYSTEM"},"winlog":{"channel":"Microsoft-Windows-Sysmon/Operational","computer_name":"WIN-6UMXFEK6.domain.local","event_id":1,"provider_name":"Microsoft-Windows-Sysmon","record_id":7239425,"task":"Process creation (rule: ProcessCreate)"}}
{"@timestamp":"2023-02-22T02:07:30.489Z","CommandLine":"C:\\Windows\\System32\\WindowsPowerShell\\v1.0\\powershell.exe Y7N1U7TVSH","EventID":1,"Image":"C:\\Windows\\System32\\WindowsPowerShell\\v1.0\\powershell.exe","ParentImage":"C:\\Windows\\System32\\svchost.exe","ParentProcessId":495,"ProcessId":25889,"User":"john.doe","agent":{"hostname":"WIN-8KQKKRKZ","type":"winlogbeat","version":"8.5.0"},"ecs":{"version":"8.5.0"},"event":{"action":"Process creation","category":["process"],"code":1,"kind":"event","provider":"Microsoft-Windows-Sysmon","type":["start"]},"host":{"name":"WIN-3YGLKTBY","os":{"family":"windows","name":"Windows Server 2019","version":"10.0.17763"}},"process":{"args":["C:\\Windows\\System32\\WindowsPowerShell\\v1.0\\powershell.exe","Y7N1U7TVSH"],"command_line":"C:\\Windows\\System32\\WindowsPowerShell\\v1.0\\powershell.exe Y7N1U7TVSH","executable":"C:\\Windows\\System32\\WindowsPowerShell\\v1.0\\powershell.exe","name":"powershell.exe","parent":{"executable":"C:\\Windows\\System32\\svchost.exe","name":"svchost.exe","pid":202},"pid":57409},"user":{"domain":"DOMAIN","name":"john.doe"},"winlog":{"channel":"Microsoft-Windows-Sysmon/Operational","computer_name":"WIN-1IZ40IOZ.domain.local","event_id":1,"provider_name":"Microsoft-Windows-Sysmon","record_id":2414127,"task":"Process creation (rule: ProcessCreate)"}}
{"@timestamp":"2023-03-07T06:55:19.945Z","CommandLine":"C:\\Windows\\System32\\WindowsPowerShell\\v1.0\\powershell.exe BPY16XPBGN","EventID":1,"Image":"C:\\Windows\\System32\\WindowsPowerShell\\v1.0\\powershell.exe","ParentImage":"C:\\Program Files\\Google\\Chrome\\Application\\chrome.exe","ParentProcessId":348,"ProcessId":63515,"User":"admin","agent":{"hostname":"WIN-FEK86LS8","type":"winlogbeat","version":"8.5.0"},"ecs":{"version":"8.5.0"},"event":{"action":"Process creation","category":["process"],"code":1,"kind":"event","provider":"Microsoft-Windows-Sysmon","type":["start"]},"host":{"name":"WIN-GJCYIR49","os":{"family":"windows","name":"Windows Server 2019","version":"10.0.17763"}},"process":{"args":["C:\\Windows\\System32\\WindowsPowerShell\\v1.0\\powershell.exe","BPY16XPBGN"],"command_line":"C:\\Windows\\System32\\WindowsPowerShell\\v1.0\\powershell.exe BPY16XPBGN","executable":"C:\\Windows\\System32\\WindowsPowerShell\\v1.0\\powershell.exe","name":"powershell.exe","parent":{"executable":"C:\\Program Files\\Google\\Chrome\\Application\\chrome.exe","name":"chrome.exe","pid":673},"pid":41326},"user":{"domain":"DOMAIN","name":"admin"},"winlog":{"channel":"Microsoft-Windows-Sysmon/Operational","computer_name":"WIN-2N3YQGGP.domain.local","event_id":1,"provider_name":"Microsoft-Windows-Sysmon","record_id":7020314,"task":"Process creation (rule: ProcessCreate)"}}
{"@timestamp":"2023-02-05T01:01:44.228Z","Details":"C:\\temp\\Z5LGPHRX.exe","EventID":13,"Image":"C:\\Windows\\System32\\lsass.exe","TargetObject":"HKLM\\SOFTWARE\\Classes\\exefile\\shell\\open\\command\\GA9EKJW5BZ","agent":{"hostname":"WIN-DSJ3LLUI","type":"winlogbeat","version":"8.5.0"},"ecs":{"version":"8.5.0"},"event":{"action":"Process creation","category":["process"],"code":13,"kind":"event","provider":"Microsoft-Windows-Sysmon","type":["start"]},"host":{"name":"WIN-ISO4XSZA","os":{"family":"windows","name":"Windows Server 2019","version":"10.0.17763"}},"registry":{"data":{"strings":["C:\\temp\\06WG6BXW.exe"]},"key":"HKLM\\SOFTWARE\\Classes\\exefile\\shell\\open\\command","value":"M2O7M115IW"},"winlog":{"channel":"Microsoft-Windows-Sysmon/Operational","computer_name":"WIN-2TO0CGGF.domain.local","event_id":13,"provider_name":"Microsoft-Windows-Sysmon","record_id":1452980,"task":"Process creation (rule: ProcessCreate)"}}
{"@timestamp":"2023-09-21T18:19:36.311Z","CommandLine":"C:\\Windows\\System32\\rundll32.exe 3W5UZC7BHR","EventID":1,"Image":"C:\\Windows\\System32\\rundll32.exe","ParentImage":"C:\\Windows\\System32\\wininit.exe","ParentProcessId":429,"ProcessId":49841,"User":"NT AUTHORITY\\SYSTEM","agent":{"hostname":"WIN-W7LOIIUQ","type":"winlogbeat","version":"8.5.0"},"ecs":{"version":"8.5.0"},"event":{"action":"Process creation","category":["process"],"code":1,"kind":"event","provider":"Microsoft-Windows-Sysmon","type":["start"]},"host":{"name":"WIN-CWPLD1E8","os":{"family":"windows","name":"Windows Server 2019","version":"10.0.17763"}},"process":{"args":["C:\\Windows\\System32\\rundll32.exe","3W5UZC7BHR"],"command_line":"C:\\Windows\\System32\\rundll32.exe 3W5UZC7BHR","executable":"C:\\Windows\\System32\\rundll32.exe","name":"rundll32.exe","parent":{"executable":"C:\\Windows\\System32\\wininit.exe","name":"wininit.exe","pid":189},"pid":6775},"user":{"domain":"NT AUTHORITY","name":"NT AUTHORITY\\SYSTEM"},"winlog":{"channel":"Microsoft-Windows-Sysmon/Operational","computer_name":"WIN-LOTHQ6TE.domain.local","event_id":1,"provider_name":"Microsoft-Windows-Sysmon","record_id":2496466,"task":"Process creation (rule: ProcessCreate)"}}
{"@timestamp":"2023-04-10T01:44:12.837Z","CommandLine":"C:\\Windows\\System32\\lsass.exe YXIDOJFS44","EventID":1,"Image":"C:\\Windows\\System32\\lsass.exe","ParentImage":"C:\\Windows\\System32\\cscript.exe","ParentProcessId":642,"ProcessId":54841,"User":"service_account","agent":{"hostname":"WIN-O5ZHVZR7","type":"winlogbeat","version":"8.5.0"},"ecs":{"version":"8.5.0"},"event":{"action":"Process creation","category":["process"],"code":1,"kind":"event","provider":"Microsoft-Windows-Sysmon","type":["start"]},"host":{"name":"WIN-BXRVKDVM","os":{"family":"windows","name":"Windows Server 2019","version":"10.0.17763"}},"process":{"args":["C:\\Windows\\System32\\lsass.exe","YXIDOJFS44"],"command_line":"C:\\Windows\\System32\\lsass.exe YXIDOJFS44","executable":"C:\\Windows\\System32\\lsass.exe","name":"lsass.exe","parent":{"executable":"C:\\Windows\\System32\\cscript.exe","name":"cscript.exe","pid":749},"pid":19510},"user":{"domain":"DOMAIN","name":"service_account"},"winlog":{"channel":"Microsoft-Windows-Sysmon/Operational","computer_name":"WIN-NC807K1S.domain.local","event_id":1,"provider_name":"Microsoft-Windows-Sysmon","record_id":4729351,"task":"Process creation (rule: ProcessCreate)"}}
{"@timestamp":"2023-09-27T15:20:45.430Z","CommandLine":"C:\\Windows\\System32\\services.exe EOKC7XUSAN","EventID":1,"Image":"C:\\Windows\\System32\\services.exe","ParentImage":"C:\\Windows\\System32\\wscript.exe","ParentProcessId":534,"ProcessId":30957,"User":"NT AUTHORITY\\LOCAL SERVICE","agent":{"hostname":"WIN-87471H7B","type":"winlogbeat","version":"8.5.0"},"ecs":{"version":"8.5.0"},"event":{"action":"Process creation","category":["process"],"code":1,"kind":"event","provider":"Microsoft-Windows-Sysmon","type":["start"]},"host":{"name":"WIN-JG3GEQ8D","os":{"family":"windows","name":"Windows Server 2019","version":"10.0.17763"}},"process":{"args":["C:\\Windows\\System32\\services.exe","EOKC7XUSAN"],"command_line":"C:\\Windows\\System32\\services.exe EOKC7XUSAN","executable":"C:\\Windows\\System32\\services.exe","name":"services.exe","parent":{"executable":"C:\\Windows\\System32\\wscript.exe","name":"wscript.exe","pid":196},"pid":59296},"user":{"domain":"NT AUTHORITY","name":"NT AUTHORITY\\LOCAL SERVICE"},"winlog":{"channel":"Microsoft-Windows-Sysmon/Operational","computer_name":"WIN-CDG69Q8B.domain.local","event_id":1,"provider_name":"Microsoft-Windows-Sysmon","record_id":2017295,"task":"Process creation (rule: ProcessCreate)"}}
{"@timestamp":"2023-03-26T21:35:42.992Z","Details":"C:\\temp\\FF5PR4FG.exe","EventID":13,"Image":"C:\\Windows\\System32\\notepad.exe","TargetObject":"HKLM\\SOFTWARE\\Classes\\exefile\\shell\\open\\command\\V34NUEIFJ1","agent":{"hostname":"WIN-8Z01L6ZU","type":"winlogbeat","version":"8.5.0"},"ecs":{"version":"8.5.0"},"event":{"action":"Process creation","category":["process"],"code":13,"kind":"event","provider":"Microsoft-Windows-Sysmon","type":["start"]},"host":{"name":"WIN-05CTYL0A","os":{"family":"windows","name":"Windows Server 2019","version":"10.0.17763"}},"registry":{"data":{"strings":["C:\\temp\\C3LZSFNR.exe"]},"key":"HKLM\\SOFTWARE\\Classes\\exefile\\shell\\open\\command","value":"ZUVE0OPGW6"},"winlog":{"channel":"Microsoft-Windows-Sysmon/Operational","computer_name":"WIN-GKK0IZQY.domain.local","event_id":13,"provider_name":"Microsoft-Windows-Sysmon","record_id":8711987,"task":"Process creation (rule: ProcessCreate)"}}
{"@timestamp":"2023-09-11T21:47:18.337Z","CommandLine":"C:\\Windows\\System32\\regsvr32.exe TJZPO1V4NEOCO1RBQ5NM","EventID":1,"Image":"C:\\Windows\\System32\\regsvr32.exe","ParentImage":"C:\\Windows\\System32\\powershell.exe","ParentProcessId":482,"ProcessId":2792,"User":"service_account","agent":{"hostname":"WIN-KYFGPG0E","type":"winlogbeat","version":"8.5.0"},"ecs":{"version":"8.5.0"},"event":{"action":"Process creation","category":["process"],"code":1,"kind":"event","provider":"Microsoft-Windows-Sysmon","type":["start"]},"host":{"name":"WIN-F11NM2AP","os":{"family":"windows","name":"Windows Server 2019","version":"10.0.17763"}},"process":{"args":["C:\\Windows\\System32\\regsvr32.exe","TJZPO1V4NEOCO1RBQ5NM"],"command_line":"C:\\Windows\\System32\\regsvr32.exe TJZPO1V4NEOCO1RBQ5NM","executable":"C:\\Windows\\System32\\regsvr32.exe","name":"regsvr32.exe","parent":{"executable":"C:\\Windows\\System32\\powershell.exe","name":"powershell.exe","pid":264},"pid":31315},"user":{"domain":"DOMAIN","name":"service_account"},"winlog":{"channel":"Microsoft-Windows-Sysmon/Operational","computer_name":"WIN-1XBS0P9S.domain.local","event_id":1,"provider_name":"Microsoft-Windows-Sysmon","record_id":3309974,"task":"Process creation (rule: ProcessCreate)"}}
{"@timestamp":"2023-12-28T23:55:14.157Z","CommandLine":"C:\\Windows\\System32\\winlogon.exe 2NYE5ZFVH6","EventID":1,"Image":"C:\\Windows\\System32\\winlogon.exe","ParentImage":"C:\\Program Files (x86)\\Microsoft\\Edge\\Application\\msedge.exe","ParentProcessId":546,"ProcessId":64091,"User":"service_account","agent":{"hostname":"WIN-7RVVMHLL","type":"winlogbeat","version":"8.5.0"},"ecs":{"version":"8.5.0"},"event":{"action":"Process creation","category":["process"],"code":1,"kind":"event","provider":"Microsoft-Windows-Sysmon","type":["start"]},"host":{"name":"WIN-04XSCAO5","os":{"family":"windows","name":"Windows Server 2019","version":"10.0.17763"}},"process":{"args":["C:\\Windows\\System32\\winlogon.exe","2NYE5ZFVH6"],"command_line":"C:\\Windows\\System32\\winlogon.exe 2NYE5ZFVH6","executable":"C:\\Windows\\System32\\winlogon.exe","name":"winlogon.exe","parent":{"executable":"C:\\Program Files (x86)\\Microsoft\\Edge\\Application\\msedge.exe","name":"msedge.exe","pid":299},"pid":16903},"user":{"domain":"DOMAIN","name":"service_account"},"winlog":{"channel":"Microsoft-Windows-Sysmon/Operational","computer_name":"WIN-G4ETE3FZ.domain.local","event_id":1,"provider_name":"Microsoft-Windows-Sysmon","record_id":6791181,"task":"Process creation (rule: ProcessCreate)"}}
{"@timestamp":"2023-01-19T23:19:01.672Z","EventID":17,"Image":"C:\\Windows\\System32\\mshta.exe","PipeName":"\\pipe\\MSCTF.Server.MWAYWMUIM4I9M6IJOSU6VOLZEG51JS6A9UNP","agent":{"hostname":"WIN-VJ9J757D","type":"winlogbeat","version":"8.5.0"},"ecs":{"version":"8.5.0"},"event":{"action":"Process creation","category":["process"],"code":17,"kind":"event","provider":"Microsoft-Windows-Sysmon","type":["start"]},"host":{"name":"WIN-UCZCM806","os":{"family":"windows","name":"Windows Server 2019","version":"10.0.17763"}},"winlog":{"channel":"Microsoft-Windows-Sysmon/Operational","computer_name":"WIN-BYW119XM.domain.local","event_id":17,"provider_name":"Microsoft-Windows-Sysmon","record_id":5139270,"task":"Process creation (rule: ProcessCreate)"}}
{"@timestamp":"2023-08-09T04:52:42.746Z","CommandLine":"C:\\Windows\\System32\\services.exe YKB8VWOH6J","EventID":1,"Image":"C:\\Windows\\System32\\services.exe","ParentImage":"C:\\Program Files (x86)\\Microsoft\\Edge\\Application\\msedge.exe","ParentProcessId":257,"ProcessId":23593,"User":"SYSTEM","agent":{"hostname":"WIN-YWU636CK","type":"winlogbeat","version":"8.5.0"},"ecs":{"version":"8.5.0"},"event":{"action":"Process creation","category":["process"],"code":1,"kind":"event","provider":"Microsoft-Windows-Sysmon","type":["start"]},"host":{"name":"WIN-OG4SK62H","os":{"family":"windows","name":"Windows Server 2019","version":"10.0.17763"}},"process":{"args":["C:\\Windows\\System32\\services.exe","YKB8VWOH6J"],"command_line":"C:\\Windows\\System32\\services.exe YKB8VWOH6J","executable":"C:\\Windows\\System32\\services.exe","name":"services.exe","parent":{"executable":"C:\\Program Files (x86)\\Microsoft\\Edge\\Application\\msedge.exe","name":"msedge.exe","pid":956},"pid":56147},"user":{"domain":"DOMAIN","name":"SYSTEM"},"winlog":{"channel":"Microsoft-Windows-Sysmon/Operational","computer_name":"WIN-NPIN4GZ7.domain.local","event_id":1,"provider_name":"Microsoft-Windows-Sysmon","record_id":6844524,"task":"Process creation (rule: ProcessCreate)"}}
{"@timestamp":"2023-09-12T10:37:39.815Z","CommandLine":"C:\\Windows\\System32\\winlogon.exe D42GR51LAP","EventID":1,"Image":"C:\\Windows\\System32\\winlogon.exe","ParentImage":"C:\\Windows\\System32\\calc.exe","ParentProcessId":609,"ProcessId":24279,"User":"DefaultAccount","agent":{"hostname":"WIN-G8QH1A7M","type":"winlogbeat","version":"8.5.0"},"ecs":{"version":"8.5.0"},"event":{"action":"Process creation","category":["process"],"code":1,"kind":"event","provider":"Microsoft-Windows-Sysmon","type":["start"]},"host":{"name":"WIN-9OJXE9VA","os":{"family":"windows","name":"Windows Server 2019","version":"10.0.17763"}},"process":{"args":["C:\\Windows\\System32\\winlogon.exe","D42GR51LAP"],"command_line":"C:\\Windows\\System32\\winlogon.exe D42GR51LAP","executable":"C:\\Windows\\System32\\winlogon.exe","name":"winlogon.exe","parent":{"executable":"C:\\Windows\\System32\\calc.exe","name":"calc.exe","pid":580},"pid":3031},"user":{"domain":"DOMAIN","name":"DefaultAccount"},"winlog":{"channel":"Microsoft-Windows-Sysmon/Operational","computer_name":"WIN-NS1CUXCN.domain.local","event_id":1,"provider_name":"Microsoft-Windows-Sysmon","record_id":8354632,"task":"Process creation (rule: ProcessCreate)"}}
{"@timestamp":"2023-01-20T00:37:46.624Z","CommandLine":"C:\\Windows\\System32\\mshta.exe GQRNFQB0CK","EventID":1,"Image":"C:\\Windows\\System32\\mshta.exe","ParentImage":"C:\\Windows\\System32\\spoolsv.exe","ParentProcessId":497,"ProcessId":20024,"User":"service_account","agent":{"hostname":"WIN-EGP05LTY","type":"winlogbeat","version":"8.5.0"},"ecs":{"version":"8.5.0"},"event":{"action":"Process creation","category":["process"],"code":1,"kind":"event","provider":"Microsoft-Windows-Sysmon","type":["start"]},"host":{"name":"WIN-U9QQQ36Y","os":{"family":"windows","name":"Windows Server 2019","version":"10.0.17763"}},"process":{"args":["C:\\Windows\\System32\\mshta.exe","GQRNFQB0CK"],"command_line":"C:\\Windows\\System32\\mshta.exe GQRNFQB0CK","executable":"C:\\Windows\\System32\\mshta.exe","name":"mshta.exe","parent":{"executable":"C:\\Windows\\System32\\spoolsv.exe","name":"spoolsv.exe","pid":177},"pid":52197},"user":{"domain":"DOMAIN","name":"service_account"},"winlog":{"channel":"Microsoft-Windows-Sysmon/Operational","computer_name":"WIN-LEED62MA.domain.local","event_id":1,"provider_name":"Microsoft-Windows-Sysmon","record_id":1764560,"task":"Process creation (rule: ProcessCreate)"}}
{"@timestamp":"2023-12-09T00:54:52.608Z","CommandLine":"C:\\Windows\\System32\\wscript.exe JVZZVJYL1V","EventID":1,"Image":"C:\\Windows\\System32\\wscript.exe","ParentImage":"C:\\Windows\\System32\\mshta.exe","ParentProcessId":516,"ProcessId":7443,"User":"Guest","agent":{"hostname":"WIN-ESO10TP9","type":"winlogbeat","version":"8.5.0"},"ecs":{"version":"8.5.0"},"event":{"action":"Process creation","category":["process"],"code":1,"kind":"event","provider":"Microsoft-Windows-Sysmon","type":["start"]},"host":{"name":"WIN-K783JPC0","os":{"family":"windows","name":"Windows Server 2019","version":"10.0.17763"}},"process":{"args":["C:\\Windows\\System32\\wscript.exe","JVZZVJYL1V"],"command_line":"C:\\Windows\\System32\\wscript.exe JVZZVJYL1V","executable":"C:\\Windows\\System32\\wscript.exe","name":"wscript.exe","parent":{"executable":"C:\\Windows\\System32\\mshta.exe","name":"mshta.exe","pid":970},"pid":1278},"user":{"domain":"DOMAIN","name":"Guest"},"winlog":{"channel":"Microsoft-Windows-Sysmon/Operational","computer_name":"WIN-YNMQ8XJC.domain.local","event_id":1,"provider_name":"Microsoft-Windows-Sysmon","record_id":5153766,"task":"Process creation (rule: ProcessCreate)"}}
{"@timestamp":"2023-10-25T04:18:33.716Z","CommandLine":"C:\\Program Files\\Mozilla Firefox\\firefox.exe W5XTSN7QVB","EventID":1,"Image":"C:\\Program Files\\Mozilla Firefox\\firefox.exe","ParentImage":"C:\\Windows\\System32\\wininit.exe","ParentProcessId":672,"ProcessId":17660,"User":"NT AUTHORITY\\NETWORK SERVICE","agent":{"hostname":"WIN-N29JJ9KB","type":"winlogbeat","version":"8.5.0"},"ecs":{"version":"8.5.0"},"event":{"action":"Process creation","category":["process"],"code":1,"kind":"event","provider":"Microsoft-Windows-Sysmon","type":["start"]},"host":{"name":"WIN-E1UK31RB","os":{"family":"windows","name":"Windows Server 2019","version":"10.0.17763"}},"process":{"args":["C:\\Program","Files\\Mozilla","Firefox\\firefox.exe","W5XTSN7QVB"],"command_line":"C:\\Program Files\\Mozilla Firefox\\firefox.exe W5XTSN7QVB","executable":"C:\\Program Files\\Mozilla Firefox\\firefox.exe","name":"firefox.exe","parent":{"executable":"C:\\Windows\\System32\\wininit.exe","name":"wininit.exe","pid":875},"pid":55792},"user":{"domain":"NT AUTHORITY","name":"NT AUTHORITY\\NETWORK SERVICE"},"winlog":{"channel":"Microsoft-Windows-Sysmon/Operational","computer_name":"WIN-XI9H3K7N.domain.local","event_id":1,"provider_name":"Microsoft-Windows-Sysmon","record_id":7221584,"task":"Process creation (rule: ProcessCreate)"}}
{"@timestamp":"2023-08-03T18:57:04.255Z","CommandLine":"C:\\Windows\\System32\\rundll32.exe VL14UMK4OR","EventID":1,"Image":"C:\\Windows\\System32\\rundll32.exe","ParentImage":"C:\\Windows\\System32\\cscript.exe","ParentProcessId":368,"ProcessId":41099,"User":"john.doe","agent":{"hostname":"WIN-WYUXP8TC","type":"winlogbeat","version":"8.5.0"},"ecs":{"version":"8.5.0"},"event":{"action":"Process creation","category":["process"],"code":1,"kind":"event","provider":"Microsoft-Windows-Sysmon","type":["start"]},"host":{"name":"WIN-AR2IC2BD","os":{"family":"windows","name":"Windows Server 2019","version":"10.0.17763"}},"process":{"args":["C:\\Windows\\System32\\rundll32.exe","VL14UMK4OR"],"command_line":"C:\\Windows\\System32\\rundll32.exe VL14UMK4OR","executable":"C:\\Windows\\System32\\rundll32.exe","name":"rundll32.exe","parent":{"executable":"C:\\Windows\\System32\\cscript.exe","name":"cscript.exe","pid":748},"pid":15256},"user":{"domain":"DOMAIN","name":"john.doe"},"winlog":{"channel":"Microsoft-Windows-Sysmon/Operational","computer_name":"WIN-INPQ7MVV.domain.local","event_id":1,"provider_name":"Microsoft-Windows-Sysmon","record_id":9826416,"task":"Process creation (rule: ProcessCreate)"}}
{"@timestamp":"2023-01-12T14:23:37.436Z","Details":"C:\\temp\\2ZP63NTU.exe","EventID":13,"Image":"C:\\Windows\\System32\\winlogon.exe","TargetObject":"HKLM\\SOFTWARE\\Microsoft\\Windows\\CurrentVersion\\Run\\UM281O3SF1","agent":{"hostname":"WIN-FQZZTZ91","type":"winlogbeat","version":"8.5.0"},"ecs":{"version":"8.5.0"},"event":{"action":"Process creation","category":["process"],"code":13,"kind":"event","provider":"Microsoft-Windows-Sysmon","type":["start"]},"host":{"name":"WIN-LKJP114W","os":{"family":"windows","name":"Windows Server 2019","version":"10.0.17763"}},"registry":{"data":{"strings":["C:\\temp\\OU8CHJVV.exe"]},"key":"HKLM\\SOFTWARE\\Microsoft\\Windows\\CurrentVersion\\Run","value":"3O9PQA0XU7"},"winlog":{"channel":"Microsoft-Windows-Sysmon/Operational","computer_name":"WIN-IJJC94NE.domain.local","event_id":13,"provider_name":"Microsoft-Windows-Sysmon","record_id":7629304,"task":"Process creation (rule: ProcessCreate)"}}
{"@timestamp":"2023-01-19T16:08:25.408Z","CommandLine":"C:\\Windows\\System32\\services.exe RB9WC0HJRZ","EventID":1,"Image":"C:\\Windows\\System32\\services.exe","ParentImage":"C:\\Windows\\System32\\notepad.exe","ParentProcessId":720,"ProcessId":24743,"User":"service_account","agent":{"hostname":"WIN-4166XNHP","type":"winlogbeat","version":"8.5.0"},"ecs":{"version":"8.5.0"},"event":{"action":"Process creation","category":["process"],"code":1,"kind":"event","provider":"Microsoft-Windows-Sysmon","type":["start"]},"host":{"name":"WIN-H7M9EXAY","os":{"family":"windows","name":"Windows Server 2019","version":"10.0.17763"}},"process":{"args":["C:\\Windows\\System32\\services.exe","RB9WC0HJRZ"],"command_line":"C:\\Windows\\System32\\services.exe RB9WC0HJRZ","executable":"C:\\Windows\\System32\\services.exe","name":"services.exe","parent":{"executable":"C:\\Windows\\System32\\notepad.exe","name":"notepad.exe","pid":797},"pid":49460},"user":{"domain":"DOMAIN","name":"service_account"},"winlog":{"channel":"Microsoft-Windows-Sysmon/Operational","computer_name":"WIN-IDMAW0Q4.domain.local","event_id":1,"provider_name":"Microsoft-Windows-Sysmon","record_id":2362574,"task":"Process creation (rule: ProcessCreate)"}}
{"@timestamp":"2023-12-21T01:21:50.294Z","CommandLine":"C:\\Windows\\System32\\wininit.exe S1DDQ9KG8U","EventID":1,"Image":"C:\\Windows\\System32\\wininit.exe","ParentImage":"C:\\Windows\\System32\\powershell.exe","ParentProcessId":827,"ProcessId":64021,"User":"NT AUTHORITY\\LOCAL SERVICE","agent":{"hostname":"WIN-XHC744DD","type":"winlogbeat","version":"8.5.0"},"ecs":{"version":"8.5.0"},"event":{"action":"Process creation","category":["process"],"code":1,"kind":"event","provider":"Microsoft-Windows-Sysmon","type":["start"]},"host":{"name":"WIN-D8WAIIJJ","os":{"family":"windows","name":"Windows Server 2019","version":"10.0.17763"}},"process":{"args":["C:\\Windows\\System32\\wininit.exe","S1DDQ9KG8U"],"command_line":"C:\\Windows\\System32\\wininit.exe S1DDQ9KG8U","executable":"C:\\Windows\\System32\\wininit.exe","name":"wininit.exe","parent":{"executable":"C:\\Windows\\System32\\powershell.exe","name":"powershell.exe","pid":283},"pid":46601},"user":{"domain":"NT AUTHORITY","name":"NT AUTHORITY\\LOCAL SERVICE"},"winlog":{"channel":"Microsoft-Windows-Sysmon/Operational","computer_name":"WIN-O7FKUHHH.domain.local","event_id":1,"provider_name":"Microsoft-Windows-Sysmon","record_id":6836736,"task":"Process creation (rule: ProcessCreate)"}}
{"@timestamp":"2023-11-15T17:40:35.865Z","CommandLine":"C:\\Windows\\System32\\cscript.exe J5QUS6NUI4","EventID":1,"Image":"C:\\Windows\\System32\\cscript.exe","ParentImage":"C:\\Windows\\System32\\cmd.exe","ParentProcessId":750,"ProcessId":40385,"User":"NT AUTHORITY\\NETWORK SERVICE","agent":{"hostname":"WIN-OFNU7J2S","type":"winlogbeat","version":"8.5.0"},"ecs":{"version":"8.5.0"},"event":{"action":"Process creation","category":["process"],"code":1,"kind":"event","provider":"Microsoft-Windows-Sysmon","type":["start"]},"host":{"name":"WIN-QA1POFD5","os":{"family":"windows","name":"Windows Server 2019","version":"10.0.17763"}},"process":{"args":["C:\\Windows\\System32\\cscript.exe","J5QUS6NUI4"],"command_line":"C:\\Windows\\System32\\cscript.exe J5QUS6NUI4","executable":"C:\\Windows\\System32\\cscript.exe","name":"cscript.exe","parent":{"executable":"C:\\Windows\\System32\\cmd.exe","name":"cmd.exe","pid":799},"pid":10290},"user":{"domain":"NT AUTHORITY","name":"NT AUTHORITY\\NETWORK SERVICE"},"winlog":{"channel":"Microsoft-Windows-Sysmon/Operational","computer_name":"WIN-LOAQJ4FG.domain.local","event_id":1,"provider_name":"Microsoft-Windows-Sysmon","record_id":5518982,"task":"Process creation (rule: ProcessCreate)"}}
{"@timestamp":"2023-09-04T14:38:31.646Z","CommandLine":"C:\\Windows\\System32\\mshta.exe OMEI9D7RF7","EventID":1,"Image":"C:\\Windows\\System32\\mshta.exe","ParentImage":"C:\\Windows\\System32\\regsvr32.exe","ParentProcessId":845,"ProcessId":2894,"User":"NT AUTHORITY\\LOCAL SERVICE","agent":{"hostname":"WIN-C2LOB91N","type":"winlogbeat","version":"8.5.0"},"ecs":{"version":"8.5.0"},"event":{"action":"Process creation","category":["process"],"code":1,"kind":"event","provider":"Microsoft-Windows-Sysmon","type":["start"]},"host":{"name":"WIN-1IQI3A6L","os":{"family":"windows","name":"Windows Server 2019","version":"10.0.17763"}},"process":{"args":["C:\\Windows\\System32\\mshta.exe","OMEI9D7RF7"],"command_line":"C:\\Windows\\System32\\mshta.exe OMEI9D7RF7","executable":"C:\\Windows\\System32\\mshta.exe","name":"mshta.exe","parent":{"executable":"C:\\Windows\\System32\\regsvr32.exe","name":"regsvr32.exe","pid":428},"pid":36464},"user":{"domain":"NT AUTHORITY","name":"NT AUTHORITY\\LOCAL SERVICE"},"winlog":{"channel":"Microsoft-Windows-Sysmon/Operational","computer_name":"WIN-GIC0N5JH.domain.local","event_id":1,"provider_name":"Microsoft-Windows-Sysmon","record_id":1698191,"task":"Process creation (rule: ProcessCreate)"}}
{"@timestamp":"2023-12-06T13:52:37.111Z","CommandLine":"C:\\Windows\\System32\\regsvr32.exe 75039E8DCM","EventID":1,"Image":"C:\\Windows\\System32\\regsvr32.exe","ParentImage":"C:\\Windows\\System32\\mshta.exe","ParentProcessId":267,"ProcessId":30393,"User":"jane.smith","agent":{"hostname":"WIN-7T22ZMCG","type":"winlogbeat","version":"8.5.0"},"ecs":{"version":"8.5.0"},"event":{"action":"Process creation","category":["process"],"code":1,"kind":"event","provider":"Microsoft-Windows-Sysmon","type":["start"]},"host":{"name":"WIN-7BMJE1IV","os":{"family":"windows","name":"Windows Server 2019","version":"10.0.17763"}},"process":{"args":["C:\\Windows\\System32\\regsvr32.exe","75039E8DCM"],"command_line":"C:\\Windows\\System32\\regsvr32.exe 75039E8DCM","executable":"C:\\Windows\\System32\\regsvr32.exe","name":"regsvr32.exe","parent":{"executable":"C:\\Windows\\System32\\mshta.exe","name":"mshta.exe","pid":903},"pid":64965},"user":{"domain":"DOMAIN","name":"jane.smith"},"winlog":{"channel":"Microsoft-Windows-Sysmon/Operational","computer_name":"WIN-EI2LXFXK.domain.local","event_id":1,"provider_name":"Microsoft-Windows-Sysmon","record_id":9449310,"task":"Process creation (rule: ProcessCreate)"}}
{"@timestamp":"2023-06-27T05:52:58.675Z","CommandLine":"C:\\Windows\\System32\\cscript.exe S6D6Z24UDC","EventID":1,"Image":"C:\\Windows\\System32\\cscript.exe","ParentImage":"C:\\Windows\\System32\\winlogon.exe","ParentProcessId":574,"ProcessId":24420,"User":"jane.smith","agent":{"hostname":"WIN-1VJEY8B0","type":"winlogbeat","version":"8.5.0"},"ecs":{"version":"8.5.0"},"event":{"action":"Process creation","category":["process"],"code":1,"kind":"event","provider":"Microsoft-Windows-Sysmon","type":["start"]},"host":{"name":"WIN-218S73UK","os":{"family":"windows","name":"Windows Server 2019","version":"10.0.17763"}},"process":{"args":["C:\\Windows\\System32\\cscript.exe","S6D6Z24UDC"],"command_line":"C:\\Windows\\System32\\cscript.exe S6D6Z24UDC","executable":"C:\\Windows\\System32\\cscript.exe","name":"cscript.exe","parent":{"executable":"C:\\Windows\\System32\\winlogon.exe","name":"winlogon.exe","pid":296},"pid":34704},"user":{"domain":"DOMAIN","name":"jane.smith"},"winlog":{"channel":"Microsoft-Windows-Sysmon/Operational","computer_name":"WIN-TSLR13ZG.domain.local","event_id":1,"provider_name":"Microsoft-Windows-Sysmon","record_id":7760814,"task":"Process creation (rule: ProcessCreate)"}}
