{"@timestamp":"2023-06-13T10:54:40.895Z","CommandLine":"C:\\Windows\\System32\\regsvr32.exe QH9DBGIZ4V","EventID":1,"Image":"C:\\Windows\\System32\\regsvr32.exe","ParentImage":"C:\\Windows\\System32\\wininit.exe","ParentProcessId":243,"ProcessId":5679,"User":"NT AUTHORITY\\SYSTEM","agent":{"hostname":"WIN-GPXY42V9","type":"winlogbeat","version":"8.5.0"},"ecs":{"version":"8.5.0"},"event":{"action":"Process creation","category":["process"],"code":1,"kind":"event","provider":"Microsoft-Windows-Sysmon","type":["start"]},"host":{"name":"WIN-EJJJXUZJ","os":{"family":"windows","name":"Windows Server 2019","version":"10.0.17763"}},"process":{"args":["C:\\Windows\\System32\\regsvr32.exe","QH9DBGIZ4V"],"command_line":"C:\\Windows\\System32\\regsvr32.exe QH9DBGIZ4V","executable":"C:\\Windows\\System32\\regsvr32.exe","name":"regsvr32.exe","parent":{"executable":"C:\\Windows\\System32\\wininit.exe","name":"wininit.exe","pid":789},"pid":1547},"user":{"domain":"NT AUTHORITY","name":"NT AUTHORITY\\SYSTEM"},"winlog":{"channel":"Microsoft-Windows-Sysmon/Operational","computer_name":"WIN-2WNDBXWR.domain.local","event_id":1,"provider_name":"Microsoft-Windows-Sysmon","record_id":1495297,"task":"Process creation (rule: ProcessCreate)"}}
{"@timestamp":"2023-01-14T02:39:58.308Z","EventID":17,"Image":"C:\\Windows\\System32\\powershell.exe","PipeName":"\\pipe\\mojo.4967.J4X2RF6U","agent":{"hostname":"WIN-HSEXY4J2","type":"winlogbeat","version":"8.5.0"},"ecs":{"version":"8.5.0"},"event":{"action":"Process creation","category":["process"],"code":17,"kind":"event","provider":"Microsoft-Windows-Sysmon","type":["start"]},"host":{"name":"WIN-GBR7GFUR","os":{"family":"windows","name":"Windows Server 2019","version":"10.0.17763"}},"winlog":{"channel":"Microsoft-Windows-Sysmon/Operational","computer_name":"WIN-N6N397PE.domain.local","event_id":17,"provider_name":"Microsoft-Windows-Sysmon","record_id":7166501,"task":"Process creation (rule: ProcessCreate)"}}
{"@timestamp":"2023-04-21T17:16:33.535Z","CommandLine":"C:\\Windows\\System32\\powershell.exe FEU3P0455N","EventID":1,"Image":"C:\\Windows\\System32\\powershell.exe","ParentImage":"C:\\Windows\\System32\\mshta.exe","ParentProcessId":868,"ProcessId":3561,"User":"jane.smith","agent":{"hostname":"WIN-E7FU3DBX","type":"winlogbeat","version":"8.5.0"},"ecs":{"version":"8.5.0"},"event":{"action":"Process creation","category":["process"],"code":1,"kind":"event","provider":"Microsoft-Windows-Sysmon","type":["start"]},"host":{"name":"WIN-EQ0S42O8","os":{"family":"windows","name":"Windows Server 2019","version":"10.0.17763"}},"process":{"args":["C:\\Windows\\System32\\powershell.exe","FEU3P0455N"],"command_line":"C:\\Windows\\System32\\powershell.exe FEU3P0455N","executable":"C:\\Windows\\System32\\powershell.exe","name":"powershell.exe","parent":{"executable":"C:\\Windows\\System32\\mshta.exe","name":"mshta.exe","pid":252},"pid":11969},"user":{"domain":"DOMAIN","name":"jane.smith"},"winlog":{"channel":"Microsoft-Windows-Sysmon/Operational","computer_name":"WIN-I3QKTEOR.domain.local","event_id":1,"provider_name":"Microsoft-Windows-Sysmon","record_id":8430427,"task":"Process creation (rule: ProcessCreate)"}}
{"@timestamp":"2023-12-06T01:53:19.462Z","CommandLine":"C:\\Windows\\System32\\cmd.exe MNERR47LVI","EventID":1,"Image":"C:\\Windows\\System32\\cmd.exe","ParentImage":"C:\\Windows\\System32\\cscript.exe","ParentProcessId":960,"ProcessId":18481,"User":"Guest","agent":{"hostname":"WIN-0ZSV1WSA","type":"winlogbeat","version":"8.5.0"},"ecs":{"version":"8.5.0"},"event":{"action":"Process creation","category":["process"],"code":1,"kind":"event","provider":"Microsoft-Windows-Sysmon","type":["start"]},"host":{"name":"WIN-2P5X1PFZ","os":{"family":"windows","name":"Windows Server 2019","version":"10.0.17763"}},"process":{"args":["C:\\Windows\\System32\\cmd.exe","MNERR47LVI"],"command_line":"C:\\Windows\\System32\\cmd.exe MNERR47LVI","executable":"C:\\Windows\\System32\\cmd.exe","name":"cmd.exe","parent":{"executable":"C:\\Windows\\System32\\cscript.exe","name":"cscript.exe","pid":394},"pid":61158},"user":{"domain":"DOMAIN","name":"Guest"},"winlog":{"channel":"Microsoft-Windows-Sysmon/Operational","computer_name":"WIN-TZ5G6S2A.domain.local","event_id":1,"provider_name":"Microsoft-Windows-Sysmon","record_id":8356345,"task":"Process creation (rule: ProcessCreate)"}}
{"@timestamp":"2023-07-04T10:24:33.385Z","Details":"C:\\temp\\6ZJCFZKT.exe","EventID":13,"Image":"C:\\Windows\\System32\\taskmgr.exe","TargetObject":"HKLM\\SYSTEM\\CurrentControlSet\\Services\\PC1GLPO9KB","agent":{"hostname":"WIN-MJH8BYX9","type":"winlogbeat","version":"8.5.0"},"ecs":{"version":"8.5.0"},"event":{"action":"Process creation","category":["process"],"code":13,"kind":"event","provider":"Microsoft-Windows-Sysmon","type":["start"]},"host":{"name":"WIN-HRTKY1YU","os":{"family":"windows","name":"Windows Server 2019","version":"10.0.17763"}},"registry":{"data":{"strings":["C:\\temp\\FZDJG85S.exe"]},"key":"HKLM\\SYSTEM\\CurrentControlSet\\Services","value":"YUOKTV5GKO"},"winlog":{"channel":"Microsoft-Windows-Sysmon/Operational","computer_name":"WIN-A4B4IS7Y.domain.local","event_id":13,"provider_name":"Microsoft-Windows-Sysmon","record_id":5505484,"task":"Process creation (rule: ProcessCreate)"}}
{"@timestamp":"2023-12-03T21:41:37.248Z","Details":"C:\\temp\\Y5489CRD.exe","EventID":13,"Image":"C:\\Windows\\System32\\wininit.exe","TargetObject":"HKLM\\SYSTEM\\CurrentControlSet\\Services\\TTCE9MX24P","agent":{"hostname":"WIN-HG83FKEV","type":"winlogbeat","version":"8.5.0"},"ecs":{"version":"8.5.0"},"event":{"action":"Process creation","category":["process"],"code":13,"kind":"event","provider":"Microsoft-Windows-Sysmon","type":["start"]},"host":{"name":"WIN-DZ4W0I4P","os":{"family":"windows","name":"Windows Server 2019","version":"10.0.17763"}},"registry":{"data":{"strings":["C:\\temp\\KA7GD5DB.exe"]},"key":"HKLM\\SYSTEM\\CurrentControlSet\\Services","value":"51MUENRTCB"},"winlog":{"channel":"Microsoft-Windows-Sysmon/Operational","computer_name":"WIN-L6DFUXE7.domain.local","event_id":13,"provider_name":"Microsoft-Windows-Sysmon","record_id":1416258,"task":"Process creation (rule: ProcessCreate)"}}
{"@timestamp":"2023-06-28T06:30:08.836Z","DestinationIp":"suspicious-site.net","DestinationPort":445,"EventID":3,"Image":"C:\\Windows\\System32\\explorer.exe","Protocol":"tcp","SourceIp":"192.168.1.100","SourcePort":64787,"agent":{"hostname":"WIN-5Z3O9CA4","type":"winlogbeat","version":"8.5.0"},"destination":{"ip":"suspicious-site.net","port":445},"ecs":{"version":"8.5.0"},"event":{"action":"Process creation","category":["process"],"code":3,"kind":"event","provider":"Microsoft-Windows-Sysmon","type":["start"]},"host":{"name":"WIN-AG4U3Q3N","os":{"family":"windows","name":"Windows Server 2019","version":"10.0.17763"}},"network":{"direction":"outbound","protocol":"tcp"},"source":{"ip":"192.168.1.100","port":64787},"winlog":{"channel":"Microsoft-Windows-Sysmon/Operational","computer_name":"WIN-5LUMFS4Q.domain.local","event_id":3,"provider_name":"Microsoft-Windows-Sysmon","record_id":4677464,"task":"Process creation (rule: ProcessCreate)"}}
{"@timestamp":"2023-01-08T07:20:58.775Z","CommandLine":"C:\\Windows\\System32\\svchost.exe YWMSGDK4AN","EventID":1,"Image":"C:\\Windows\\System32\\svchost.exe","ParentImage":"C:\\Program Files (x86)\\Microsoft\\Edge\\Application\\msedge.exe","ParentProcessId":117,"ProcessId":10570,"User":"NT AUTHORITY\\SYSTEM","agent":{"hostname":"WIN-XR5ZN826","type":"winlogbeat","version":"8.5.0"},"ecs":{"version":"8.5.0"},"event":{"action":"Process creation","category":["process"],"code":1,"kind":"event","provider":"Microsoft-Windows-Sysmon","type":["start"]},"host":{"name":"WIN-YJESBY3R","os":{"family":"windows","name":"Windows Server 2019","version":"10.0.17763"}},"process":{"args":["C:\\Windows\\System32\\svchost.exe","YWMSGDK4AN"],"command_line":"C:\\Windows\\System32\\svchost.exe YWMSGDK4AN","executable":"C:\\Windows\\System32\\svchost.exe","name":"svchost.exe","parent":{"executable":"C:\\Program Files (x86)\\Microsoft\\Edge\\Application\\msedge.exe","name":"msedge.exe","pid":626},"pid":53421},"user":{"domain":"NT AUTHORITY","name":"NT AUTHORITY\\SYSTEM"},"winlog":{"channel":"Microsoft-Windows-Sysmon/Operational","computer_name":"WIN-KE9II17K.domain.local","event_id":1,"provider_name":"Microsoft-Windows-Sysmon","record_id":6114208,"task":"Process creation (rule: ProcessCreate)"}}
{"@timestamp":"2023-12-12T10:48:21.409Z","EventID":17,"Image":"C:\\Windows\\System32\\notepad.exe","PipeName":"\\pipe\\wkssvc","agent":{"hostname":"WIN-QX66E3SW","type":"winlogbeat","version":"8.5.0"},"ecs":{"version":"8.5.0"},"event":{"action":"Process creation","category":["process"],"code":17,"kind":"event","provider":"Microsoft-Windows-Sysmon","type":["start"]},"host":{"name":"WIN-M6F054R4","os":{"family":"windows","name":"Windows Server 2019","version":"10.0.17763"}},"winlog":{"channel":"Microsoft-Windows-Sysmon/Operational","computer_name":"WIN-XAOXVE2G.domain.local","event_id":17,"provider_name":"Microsoft-Windows-Sysmon","record_id":4242780,"task":"Process creation (rule: ProcessCreate)"}}
{"@timestamp":"2023-05-23T21:55:32.553Z","CommandLine":"C:\\Program Files\\Google\\Chrome\\Application\\chrome.exe --new-tab https://example.com","EventID":1,"Image":"C:\\Program Files\\Google\\Chrome\\Application\\chrome.exe","ParentImage":"C:\\Windows\\System32\\services.exe","ParentProcessId":300,"ProcessId":24361,"User":"NT AUTHORITY\\LOCAL SERVICE","agent":{"hostname":"WIN-T4COIS9G","type":"winlogbeat","version":"8.5.0"},"ecs":{"version":"8.5.0"},"event":{"action":"Process creation","category":["process"],"code":1,"kind":"event","provider":"Microsoft-Windows-Sysmon","type":["start"]},"host":{"name":"WIN-J1CKEHG8","os":{"family":"windows","name":"Windows Server 2019","version":"10.0.17763"}},"process":{"args":["C:\\Program","Files\\Google\\Chrome\\Application\\chrome.exe","--new-tab","https://example.com"],"command_line":"C:\\Program Files\\Google\\Chrome\\Application\\chrome.exe --new-tab https://example.com","executable":"C:\\Program Files\\Google\\Chrome\\Application\\chrome.exe","name":"chrome.exe","parent":{"executable":"C:\\Windows\\System32\\services.exe","name":"services.exe","pid":733},"pid":64319},"user":{"domain":"NT AUTHORITY","name":"NT AUTHORITY\\LOCAL SERVICE"},"winlog":{"channel":"Microsoft-Windows-Sysmon/Operational","computer_name":"WIN-0T19OS43.domain.local","event_id":1,"provider_name":"Microsoft-Windows-Sysmon","record_id":3115532,"task":"Process creation (rule: ProcessCreate)"}}
{"@timestamp":"2023-05-06T17:18:30.497Z","CommandLine":"C:\\Windows\\System32\\WindowsPowerShell\\v1.0\\powershell.exe D8CJ4W5ATO","EventID":1,"Image":"C:\\Windows\\System32\\WindowsPowerShell\\v1.0\\powershell.exe","ParentImage":"C:\\Windows\\System32\\services.exe","ParentProcessId":627,"ProcessId":4916,"User":"admin","agent":{"hostname":"WIN-J8BHVNYU","type":"winlogbeat","version":"8.5.0"},"ecs":{"version":"8.5.0"},"event":{"action":"Process creation","category":["process"],"code":1,"kind":"event","provider":"Microsoft-Windows-Sysmon","type":["start"]},"host":{"name":"WIN-PJKK5YUN","os":{"family":"windows","name":"Windows Server 2019","version":"10.0.17763"}},"process":{"args":["C:\\Windows\\System32\\WindowsPowerShell\\v1.0\\powershell.exe","D8CJ4W5ATO"],"command_line":"C:\\Windows\\System32\\WindowsPowerShell\\v1.0\\powershell.exe D8CJ4W5ATO","executable":"C:\\Windows\\System32\\WindowsPowerShell\\v1.0\\powershell.exe","name":"powershell.exe","parent":{"executable":"C:\\Windows\\System32\\services.exe","name":"services.exe","pid":745},"pid":7304},"user":{"domain":"DOMAIN","name":"admin"},"winlog":{"channel":"Microsoft-Windows-Sysmon/Operational","computer_name":"WIN-DWNMBGD7.domain.local","event_id":1,"provider_name":"Microsoft-Windows-Sysmon","record_id":4888557,"task":"Process creation (rule: ProcessCreate)"}}
{"@timestamp":"2023-03-17T22:05:46.688Z","CommandLine":"C:\\Program Files\\Google\\Chrome\\Application\\chrome.exe --new-tab https://example.com","EventID":1,"Image":"C:\\Program Files\\Google\\Chrome\\Application\\chrome.exe","ParentImage":"C:\\Program Files (x86)\\Microsoft\\Edge\\Application\\msedge.exe","ParentProcessId":842,"ProcessId":27014,"User":"admin","agent":{"hostname":"WIN-RP3NZ0OX","type":"winlogbeat","version":"8.5.0"},"ecs":{"version":"8.5.0"},"event":{"action":"Process creation","category":["process"],"code":1,"kind":"event","provider":"Microsoft-Windows-Sysmon","type":["start"]},"host":{"name":"WIN-JV81UB7C","os":{"family":"windows","name":"Windows Server 2019","version":"10.0.17763"}},"process":{"args":["C:\\Program","Files\\Google\\Chrome\\Application\\chrome.exe","--new-tab","https://example.com"],"command_line":"C:\\Program Files\\Google\\Chrome\\Application\\chrome.exe --new-tab https://example.com","executable":"C:\\Program Files\\Google\\Chrome\\Application\\chrome.exe","name":"chrome.exe","parent":{"executable":"C:\\Program Files (x86)\\Microsoft\\Edge\\Application\\msedge.exe","name":"msedge.exe","pid":823},"pid":19013},"user":{"domain":"DOMAIN","name":"admin"},"winlog":{"channel":"Microsoft-Windows-Sysmon/Operational","computer_name":"WIN-I9OW0A10.domain.local","event_id":1,"provider_name":"Microsoft-Windows-Sysmon","record_id":6929891,"task":"Process creation (rule: ProcessCreate)"}}
{"@timestamp":"2023-05-17T19:11:22.165Z","CommandLine":"C:\\Windows\\System32\\wscript.exe 3BJCTWED83","EventID":1,"Image":"C:\\Windows\\System32\\wscript.exe","ParentImage":"C:\\Program Files\\Mozilla Firefox\\firefox.exe","ParentProcessId":658,"ProcessId":46722,"User":"NT AUTHORITY\\LOCAL SERVICE","agent":{"hostname":"WIN-0EPFM9FS","type":"winlogbeat","version":"8.5.0"},"ecs":{"version":"8.5.0"},"event":{"action":"Process creation","category":["process"],"code":1,"kind":"event","provider":"Microsoft-Windows-Sysmon","type":["start"]},"host":{"name":"WIN-ERQJEOWA","os":{"family":"windows","name":"Windows Server 2019","version":"10.0.17763"}},"process":{"args":["C:\\Windows\\System32\\wscript.exe","3BJCTWED83"],"command_line":"C:\\Windows\\System32\\wscript.exe 3BJCTWED83","executable":"C:\\Windows\\System32\\wscript.exe","name":"wscript.exe","parent":{"executable":"C:\\Program Files\\Mozilla Firefox\\firefox.exe","name":"firefox.exe","pid":843},"pid":52757},"user":{"domain":"NT AUTHORITY","name":"NT AUTHORITY\\LOCAL SERVICE"},"winlog":{"channel":"Microsoft-Windows-Sysmon/Operational","computer_name":"WIN-L5SKBQZR.domain.local","event_id":1,"provider_name":"Microsoft-Windows-Sysmon","record_id":8726872,"task":"Process creation (rule: ProcessCreate)"}}
{"@timestamp":"2023-07-10T06:15:15.654Z","EventID":17,"Image":"C:\\Windows\\System32\\cmd.exe","PipeName":"\\pipe\\mojo.7955.06M051FI","agent":{"hostname":"WIN-UHNNH6MJ","type":"winlogbeat","version":"8.5.0"},"ecs":{"version":"8.5.0"},"event":{"action":"Process creation","category":["process"],"code":17,"kind":"event","provider":"Microsoft-Windows-Sysmon","type":["start"]},"host":{"name":"WIN-PE2VNZTL","os":{"family":"windows","name":"Windows Server 2019","version":"10.0.17763"}},"winlog":{"channel":"Microsoft-Windows-Sysmon/Operational","computer_name":"WIN-QO5LTA4O.domain.local","event_id":17,"provider_name":"Microsoft-Windows-Sysmon","record_id":3480640,"task":"Process creation (rule: ProcessCreate)"}}
{"@timestamp":"2023-05-08T09:56:55.616Z","CommandLine":"C:\\Windows\\System32\\calc.exe GXLV06SV3D","EventID":1,"Image":"C:\\Windows\\System32\\calc.exe","ParentImage":"C:\\Windows\\System32\\explorer.exe","ParentProcessId":128,"ProcessId":40172,"User":"john.doe","agent":{"hostname":"WIN-QBXHPL43","type":"winlogbeat","version":"8.5.0"},"ecs":{"version":"8.5.0"},"event":{"action":"Process creation","category":["process"],"code":1,"kind":"event","provider":"Microsoft-Windows-Sysmon","type":["start"]},"host":{"name":"WIN-DIIC99NS","os":{"family":"windows","name":"Windows Server 2019","version":"10.0.17763"}},"process":{"args":["C:\\Windows\\System32\\calc.exe","GXLV06SV3D"],"command_line":"C:\\Windows\\System32\\calc.exe GXLV06SV3D","executable":"C:\\Windows\\System32\\calc.exe","name":"calc.exe","parent":{"executable":"C:\\Windows\\System32\\explorer.exe","name":"explorer.exe","pid":843},"pid":3685},"user":{"domain":"DOMAIN","name":"john.doe"},"winlog":{"channel":"Microsoft-Windows-Sysmon/Operational","computer_name":"WIN-YY8EPTNP.domain.local","event_id":1,"provider_name":"Microsoft-Windows-Sysmon","record_id":9229885,"task":"Process creation (rule: ProcessCreate)"}}
{"@timestamp":"2023-12-24T20:44:34.902Z","CommandLine":"C:\\Windows\\System32\\lsass.exe 4DRGJVXXLT","EventID":1,"Image":"C:\\Windows\\System32\\lsass.exe","ParentImage":"C:\\Windows\\System32\\cscript.exe","ParentProcessId":720,"ProcessId":30103,"User":"user","agent":{"hostname":"WIN-J2HY7YLK","type":"winlogbeat","version":"8.5.0"},"ecs":{"version":"8.5.0"},"event":{"action":"Process creation","category":["process"],"code":1,"kind":"event","provider":"Microsoft-Windows-Sysmon","type":["start"]},"host":{"name":"WIN-2WHA6OOE","os":{"family":"windows","name":"Windows Server 2019","version":"10.0.17763"}},"process":{"args":["C:\\Windows\\System32\\lsass.exe","4DRGJVXXLT"],"command_line":"C:\\Windows\\System32\\lsass.exe 4DRGJVXXLT","executable":"C:\\Windows\\System32\\lsass.exe","name":"lsass.exe","parent":{"executable":"C:\\Windows\\System32\\cscript.exe","name":"cscript.exe","pid":688},"pid":60680},"user":{"domain":"DOMAIN","name":"user"},"winlog":{"channel":"Microsoft-Windows-Sysmon/Operational","computer_name":"WIN-FN4TBK6N.domain.local","event_id":1,"provider_name":"Microsoft-Windows-Sysmon","record_id":4919478,"task":"Process creation (rule: ProcessCreate)"}}
{"@timestamp":"2023-04-14T10:55:31.789Z","CommandLine":"C:\\Windows\\System32\\notepad.exe document.txt","EventID":1,"Image":"C:\\Windows\\System32\\notepad.exe","ParentImage":"C:\\Windows\\System32\\WindowsPowerShell\\v1.0\\powershell.exe","ParentProcessId":392,"ProcessId":30313,"User":"DefaultAccount","agent":{"hostname":"WIN-PPAQUCOY","type":"winlogbeat","version":"8.5.0"},"ecs":{"version":"8.5.0"},"event":{"action":"Process creation","category":["process"],"code":1,"kind":"event","provider":"Microsoft-Windows-Sysmon","type":["start"]},"host":{"name":"WIN-7LORVG9M","os":{"family":"windows","name":"Windows Server 2019","version":"10.0.17763"}},"process":{"args":["C:\\Windows\\System32\\notepad.exe","document.txt"],"command_line":"C:\\Windows\\System32\\notepad.exe document.txt","executable":"C:\\Windows\\System32\\notepad.exe","name":"notepad.exe","parent":{"executable":"C:\\Windows\\System32\\WindowsPowerShell\\v1.0\\powershell.exe","name":"powershell.exe","pid":863},"pid":33622},"user":{"domain":"DOMAIN","name":"DefaultAccount"},"winlog":{"channel":"Microsoft-Windows-Sysmon/Operational","computer_name":"WIN-7N9KEN21.domain.local","event_id":1,"provider_name":"Microsoft-Windows-Sysmon","record_id":3545161,"task":"Process creation (rule: ProcessCreate)"}}
{"@timestamp":"2023-05-13T01:46:20.743Z","DestinationIp":"8.8.8.8","DestinationPort":3389,"EventID":3,"Image":"C:\\Program Files (x86)\\Microsoft\\Edge\\Application\\msedge.exe","Protocol":"tcp","SourceIp":"192.168.1.100","SourcePort":50792,"agent":{"hostname":"WIN-7VM2ZKYB","type":"winlogbeat","version":"8.5.0"},"destination":{"ip":"8.8.8.8","port":3389},"ecs":{"version":"8.5.0"},"event":{"action":"Process creation","category":["process"],"code":3,"kind":"event","provider":"Microsoft-Windows-Sysmon","type":["start"]},"host":{"name":"WIN-6J2W7SNP","os":{"family":"windows","name":"Windows Server 2019","version":"10.0.17763"}},"network":{"direction":"outbound","protocol":"tcp"},"source":{"ip":"192.168.1.100","port":50792},"winlog":{"channel":"Microsoft-Windows-Sysmon/Operational","computer_name":"WIN-UTS678L2.domain.local","event_id":3,"provider_name":"Microsoft-Windows-Sysmon","record_id":6188299,"task":"Process creation (rule: ProcessCreate)"}}
{"@timestamp":"2023-11-04T21:37:51.980Z","CommandLine":"C:\\Windows\\System32\\WindowsPowerShell\\v1.0\\powershell.exe TS392HVCER","EventID":1,"Image":"C:\\Windows\\System32\\WindowsPowerShell\\v1.0\\powershell.exe","ParentImage":"C:\\Windows\\System32\\spoolsv.exe","ParentProcessId":718,"ProcessId":20913,"User":"DefaultAccount","agent":{"hostname":"WIN-QT5B3L50","type":"winlogbeat","version":"8.5.0"},"ecs":{"version":"8.5.0"},"event":{"action":"Process creation","category":["process"],"code":1,"kind":"event","provider":"Microsoft-Windows-Sysmon","type":["start"]},"host":{"name":"WIN-04JT1ANP","os":{"family":"windows","name":"Windows Server 2019","version":"10.0.17763"}},"process":{"args":["C:\\Windows\\System32\\WindowsPowerShell\\v1.0\\powershell.exe","TS392HVCER"],"command_line":"C:\\Windows\\System32\\WindowsPowerShell\\v1.0\\powershell.exe TS392HVCER","executable":"C:\\Windows\\System32\\WindowsPowerShell\\v1.0\\powershell.exe","name":"powershell.exe","parent":{"executable":"C:\\Windows\\System32\\spoolsv.exe","name":"spoolsv.exe","pid":945},"pid":42541},"user":{"domain":"DOMAIN","name":"DefaultAccount"},"winlog":{"channel":"Microsoft-Windows-Sysmon/Operational","computer_name":"WIN-APFPVBA6.domain.local","event_id":1,"provider_name":"Microsoft-Windows-Sysmon","record_id":9109734,"task":"Process creation (rule: ProcessCreate)"}}
{"@timestamp":"2023-02-20T11:15:06.662Z","CommandLine":"C:\\Windows\\System32\\powershell.exe 5OEZT3V57C","EventID":1,"Image":"C:\\Windows\\System32\\powershell.exe","ParentImage":"C:\\Windows\\System32\\svchost.exe","ParentProcessId":345,"ProcessId":30879,"User":"SYSTEM","agent":{"hostname":"WIN-EAD077XD","type":"winlogbeat","version":"8.5.0"},"ecs":{"version":"8.5.0"},"event":{"action":"Process creation","category":["process"],"code":1,"kind":"event","provider":"Microsoft-Windows-Sysmon","type":["start"]},"host":{"name":"WIN-WWN4V0QO","os":{"family":"windows","name":"Windows Server 2019","version":"10.0.17763"}},"process":{"args":["C:\\Windows\\System32\\powershell.exe","5OEZT3V57C"],"command_line":"C:\\Windows\\System32\\powershell.exe 5OEZT3V57C","executable":"C:\\Windows\\System32\\powershell.exe","name":"powershell.exe","parent":{"executable":"C:\\Windows\\System32\\svchost.exe","name":"svchost.exe","pid":632},"pid":36858},"user":{"domain":"DOMAIN","name":"SYSTEM"},"winlog":{"channel":"Microsoft-Windows-Sysmon/Operational","computer_name":"WIN-R8ENKA3P.domain.local","event_id":1,"provider_name":"Microsoft-Windows-Sysmon","record_id":2097194,"task":"Process creation (rule: ProcessCreate)"}}
{"@timestamp":"2023-11-03T12:21:57.753Z","DestinationIp":"1.1.1.1","DestinationPort":8080,"EventID":3,"Image":"C:\\Windows\\System32\\rundll32.exe","Protocol":"tcp","SourceIp":"192.168.1.100","SourcePort":54077,"agent":{"hostname":"WIN-DQPMBFFZ","type":"winlogbeat","version":"8.5.0"},"destination":{"ip":"1.1.1.1","port":8080},"ecs":{"version":"8.5.0"},"event":{"action":"Process creation","category":["process"],"code":3,"kind":"event","provider":"Microsoft-Windows-Sysmon","type":["start"]},"host":{"name":"WIN-L8I3C73X","os":{"family":"windows","name":"Windows Server 2019","version":"10.0.17763"}},"network":{"direction":"outbound","protocol":"tcp"},"source":{"ip":"192.168.1.100","port":54077},"winlog":{"channel":"Microsoft-Windows-Sysmon/Operational","computer_name":"WIN-PIUAO6SY.domain.local","event_id":3,"provider_name":"Microsoft-Windows-Sysmon","record_id":4178442,"task":"Process creation (rule: ProcessCreate)"}}
{"@timestamp":"2023-09-13T02:47:46.743Z","CommandLine":"C:\\Program Files\\Google\\Chrome\\Application\\chrome.exe --new-tab https://example.com","EventID":1,"Image":"C:\\Program Files\\Google\\Chrome\\Application\\chrome.exe","ParentImage":"C:\\Program Files\\Google\\Chrome\\Application\\chrome.exe","ParentProcessId":138,"ProcessId":8340,"User":"jane.smith","agent":{"hostname":"WIN-TJCSA5RN","type":"winlogbeat","version":"8.5.0"},"ecs":{"version":"8.5.0"},"event":{"action":"Process creation","category":["process"],"code":1,"kind":"event","provider":"Microsoft-Windows-Sysmon","type":["start"]},"host":{"name":"WIN-SCNQNA6Q","os":{"family":"windows","name":"Windows Server 2019","version":"10.0.17763"}},"process":{"args":["C:\\Program","Files\\Google\\Chrome\\Application\\chrome.exe","--new-tab","https://example.com"],"command_line":"C:\\Program Files\\Google\\Chrome\\Application\\chrome.exe --new-tab https://example.com","executable":"C:\\Program Files\\Google\\Chrome\\Application\\chrome.exe","name":"chrome.exe","parent":{"executable":"C:\\Program Files\\Google\\Chrome\\Application\\chrome.exe","name":"chrome.exe","pid":570},"pid":32712},"user":{"domain":"DOMAIN","name":"jane.smith"},"winlog":{"channel":"Microsoft-Windows-Sysmon/Operational","computer_name":"WIN-R04MZOQX.domain.local","event_id":1,"provider_name":"Microsoft-Windows-Sysmon","record_id":2293708,"task":"Process creation (rule: ProcessCreate)"}}
{"@timestamp":"2023-06-13T16:20:49.584Z","DestinationIp":"10.0.0.50","DestinationPort":3389,"EventID":3,"Image":"C:\\Windows\\System32\\calc.exe","Protocol":"tcp","SourceIp":"192.168.1.100","SourcePort":60777,"agent":{"hostname":"WIN-K0N7RJP4","type":"winlogbeat","version":"8.5.0"},"destination":{"ip":"10.0.0.50","port":3389},"ecs":{"version":"8.5.0"},"event":{"action":"Process creation","category":["process"],"code":3,"kind":"event","provider":"Microsoft-Windows-Sysmon","type":["start"]},"host":{"name":"WIN-ZL0X4B97","os":{"family":"windows","name":"Windows Server 2019","version":"10.0.17763"}},"network":{"direction":"outbound","protocol":"tcp"},"source":{"ip":"192.168.1.100","port":60777},"winlog":{"channel":"Microsoft-Windows-Sysmon/Operational","computer_name":"WIN-1OEQUKIK.domain.local","event_id":3,"provider_name":"Microsoft-Windows-Sysmon","record_id":1921385,"task":"Process creation (rule: ProcessCreate)"}}
{"@timestamp":"2023-07-04T22:54:02.478Z","CommandLine":"C:\\Windows\\System32\\rundll32.exe 8O55SJ10LY","EventID":1,"Image":"C:\\Windows\\System32\\rundll32.exe","ParentImage":"C:\\Windows\\System32\\WindowsPowerShell\\v1.0\\powershell.exe","ParentProcessId":889,"ProcessId":18899,"User":"jane.smith","agent":{"hostname":"WIN-A6PZQ5N9","type":"winlogbeat","version":"8.5.0"},"ecs":{"version":"8.5.0"},"event":{"action":"Process creation","category":["process"],"code":1,"kind":"event","provider":"Microsoft-Windows-Sysmon","type":["start"]},"host":{"name":"WIN-T8F253XX","os":{"family":"windows","name":"Windows Server 2019","version":"10.0.17763"}},"process":{"args":["C:\\Windows\\System32\\rundll32.exe","8O55SJ10LY"],"command_line":"C:\\Windows\\System32\\rundll32.exe 8O55SJ10LY","executable":"C:\\Windows\\System32\\rundll32.exe","name":"rundll32.exe","parent":{"executable":"C:\\Windows\\System32\\WindowsPowerShell\\v1.0\\powershell.exe","name":"powershell.exe","pid":536},"pid":16672},"user":{"domain":"DOMAIN","name":"jane.smith"},"winlog":{"channel":"Microsoft-Windows-Sysmon/Operational","computer_name":"WIN-26CEAS3L.domain.local","event_id":1,"provider_name":"Microsoft-Windows-Sysmon","record_id":8174619,"task":"Process creation (rule: ProcessCreate)"}}
{"@timestamp":"2023-03-01T04:48:04.258Z","CommandLine":"C:\\Windows\\System32\\taskmgr.exe 1U6AKSYMBK","EventID":1,"Image":"C:\\Windows\\System32\\taskmgr.exe","ParentImage":"C:\\Windows\\System32\\WindowsPowerShell\\v1.0\\powershell.exe","ParentProcessId":594,"ProcessId":58168,"User":"user","agent":{"hostname":"WIN-TETSB6QF","type":"winlogbeat","version":"8.5.0"},"ecs":{"version":"8.5.0"},"event":{"action":"Process creation","category":["process"],"code":1,"kind":"event","provider":"Microsoft-Windows-Sysmon","type":["start"]},"host":{"name":"WIN-BYIHNIU9","os":{"family":"windows","name":"Windows Server 2019","version":"10.0.17763"}},"process":{"args":["C:\\Windows\\System32\\taskmgr.exe","1U6AKSYMBK"],"command_line":"C:\\Windows\\System32\\taskmgr.exe 1U6AKSYMBK","executable":"C:\\Windows\\System32\\taskmgr.exe","name":"taskmgr.exe","parent":{"executable":"C:\\Windows\\System32\\WindowsPowerShell\\v1.0\\powershell.exe","name":"powershell.exe","pid":308},"pid":8986},"user":{"domain":"DOMAIN","name":"user"},"winlog":{"channel":"Microsoft-Windows-Sysmon/Operational","computer_name":"WIN-BXI6F3KS.domain.local","event_id":1,"provider_name":"Microsoft-Windows-Sysmon","record_id":9510207,"task":"Process creation (rule: ProcessCreate)"}}
{"@timestamp":"2023-03-21T03:21:01.366Z","CommandLine":"C:\\Windows\\System32\\wininit.exe 0BA9ATBST2","EventID":1,"Image":"C:\\Windows\\System32\\wininit.exe","ParentImage":"C:\\Program Files (x86)\\Microsoft\\Edge\\Application\\msedge.exe","ParentProcessId":936,"ProcessId":38078,"User":"john.doe","agent":{"hostname":"WIN-5Y4UF3QZ","type":"winlogbeat","version":"8.5.0"},"ecs":{"version":"8.5.0"},"event":{"action":"Process creation","category":["process"],"code":1,"kind":"event","provider":"Microsoft-Windows-Sysmon","type":["start"]},"host":{"name":"WIN-TQZXTYXV","os":{"family":"windows","name":"Windows Server 2019","version":"10.0.17763"}},"process":{"args":["C:\\Windows\\System32\\wininit.exe","0BA9ATBST2"],"command_line":"C:\\Windows\\System32\\wininit.exe 0BA9ATBST2","executable":"C:\\Windows\\System32\\wininit.exe","name":"wininit.exe","parent":{"executable":"C:\\Program Files (x86)\\Microsoft\\Edge\\Application\\msedge.exe","name":"msedge.exe","pid":731},"pid":37096},"user":{"domain":"DOMAIN","name":"john.doe"},"winlog":{"channel":"Microsoft-Windows-Sysmon/Operational","computer_name":"WIN-VFXY0D45.domain.local","event_id":1,"provider_name":"Microsoft-Windows-Sysmon","record_id":4264204,"task":"Process creation (rule: ProcessCreate)"}}
{"@timestamp":"2023-10-22T14:20:43.221Z","CommandLine":"C:\\Program Files\\Mozilla Firefox\\firefox.exe 2T86SF9TNH","EventID":1,"Image":"C:\\Program Files\\Mozilla Firefox\\firefox.exe","ParentImage":"C:\\Windows\\System32\\regsvr32.exe","ParentProcessId":819,"ProcessId":40166,"User":"Guest","agent":{"hostname":"WIN-K5VW8PMT","type":"winlogbeat","version":"8.5.0"},"ecs":{"version":"8.5.0"},"event":{"action":"Process creation","category":["process"],"code":1,"kind":"event","provider":"Microsoft-Windows-Sysmon","type":["start"]},"host":{"name":"WIN-BLBCB7H3","os":{"family":"windows","name":"Windows Server 2019","version":"10.0.17763"}},"process":{"args":["C:\\Program","Files\\Mozilla","Firefox\\firefox.exe","2T86SF9TNH"],"command_line":"C:\\Program Files\\Mozilla Firefox\\firefox.exe 2T86SF9TNH","executable":"C:\\Program Files\\Mozilla Firefox\\firefox.exe","name":"firefox.exe","parent":{"executable":"C:\\Windows\\System32\\regsvr32.exe","name":"regsvr32.exe","pid":494},"pid":37851},"user":{"domain":"DOMAIN","name":"Guest"},"winlog":{"channel":"Microsoft-Windows-Sysmon/Operational","computer_name":"WIN-E152SDL3.domain.local","event_id":1,"provider_name":"Microsoft-Windows-Sysmon","record_id":8909182,"task":"Process creation (rule: ProcessCreate)"}}
{"@timestamp":"2023-06-15T14:48:20.889Z","CommandLine":"C:\\Windows\\System32\\calc.exe FUWKU4X1Q0","EventID":1,"Image":"C:\\Windows\\System32\\calc.exe","ParentImage":"C:\\Program Files (x86)\\Microsoft\\Edge\\Application\\msedge.exe","ParentProcessId":116,"ProcessId":62550,"User":"Administrator","agent":{"hostname":"WIN-N9DOW2RO","type":"winlogbeat","version":"8.5.0"},"ecs":{"version":"8.5.0"},"event":{"action":"Process creation","category":["process"],"code":1,"kind":"event","provider":"Microsoft-Windows-Sysmon","type":["start"]},"host":{"name":"WIN-CQM4DI49","os":{"family":"windows","name":"Windows Server 2019","version":"10.0.17763"}},"process":{"args":["C:\\Windows\\System32\\calc.exe","FUWKU4X1Q0"],"command_line":"C:\\Windows\\System32\\calc.exe FUWKU4X1Q0","executable":"C:\\Windows\\System32\\calc.exe","name":"calc.exe","parent":{"executable":"C:\\Program Files (x86)\\Microsoft\\Edge\\Application\\msedge.exe","name":"msedge.exe","pid":147},"pid":31094},"user":{"domain":"DOMAIN","name":"Administrator"},"winlog":{"channel":"Microsoft-Windows-Sysmon/Operational","computer_name":"WIN-934HG937.domain.local","event_id":1,"provider_name":"Microsoft-Windows-Sysmon","record_id":9119062,"task":"Process creation (rule: ProcessCreate)"}}
{"@timestamp":"2023-08-27T08:05:41.190Z","CommandLine":"C:\\Windows\\System32\\wscript.exe QHWX62DF80","EventID":1,"Image":"C:\\Windows\\System32\\wscript.exe","ParentImage":"C:\\Windows\\System32\\cmd.exe","ParentProcessId":856,"ProcessId":38838,"User":"DefaultAccount","agent":{"hostname":"WIN-FY0Q94TX","type":"winlogbeat","version":"8.5.0"},"ecs":{"version":"8.5.0"},"event":{"action":"Process creation","category":["process"],"code":1,"kind":"event","provider":"Microsoft-Windows-Sysmon","type":["start"]},"host":{"name":"WIN-R32VVZ9M","os":{"family":"windows","name":"Windows Server 2019","version":"10.0.17763"}},"process":{"args":["C:\\Windows\\System32\\wscript.exe","QHWX62DF80"],"command_line":"C:\\Windows\\System32\\wscript.exe QHWX62DF80","executable":"C:\\Windows\\System32\\wscript.exe","name":"wscript.exe","parent":{"executable":"C:\\Windows\\System32\\cmd.exe","name":"cmd.exe","pid":890},"pid":26855},"user":{"domain":"DOMAIN","name":"DefaultAccount"},"winlog":{"channel":"Microsoft-Windows-Sysmon/Operational","computer_name":"WIN-77B7Y9KQ.domain.local","event_id":1,"provider_name":"Microsoft-Windows-Sysmon","record_id":7062353,"task":"Process creation (rule: ProcessCreate)"}}
{"@timestamp":"2023-01-13T23:32:20.848Z","Details":"C:\\temp\\552RLR18.exe","EventID":13,"Image":"C:\\Windows\\System32\\rundll32.exe","TargetObject":"HKLM\\SOFTWARE\\Classes\\exefile\\shell\\open\\command\\CMO9SQPMJZ","agent":{"hostname":"WIN-J5PPTRZG","type":"winlogbeat","version":"8.5.0"},"ecs":{"version":"8.5.0"},"event":{"action":"Process creation","category":["process"],"code":13,"kind":"event","provider":"Microsoft-Windows-Sysmon","type":["start"]},"host":{"name":"WIN-XE41E9DF","os":{"family":"windows","name":"Windows Server 2019","version":"10.0.17763"}},"registry":{"data":{"strings":["C:\\temp\\TFQTC3XI.exe"]},"key":"HKLM\\SOFTWARE\\Classes\\exefile\\shell\\open\\command","value":"S99XJUIFZG"},"winlog":{"channel":"Microsoft-Windows-Sysmon/Operational","computer_name":"WIN-LFFB5RG9.domain.local","event_id":13,"provider_name":"Microsoft-Windows-Sysmon","record_id":8380859,"task":"Process creation (rule: ProcessCreate)"}}
{"@timestamp":"2023-09-09T17:03:55.171Z","EventID":17,"Image":"C:\\Windows\\System32\\lsass.exe","PipeName":"\\pipe\\mojo.3829.00J6YJEV","agent":{"hostname":"WIN-DB3X38MZ","type":"winlogbeat","version":"8.5.0"},"ecs":{"version":"8.5.0"},"event":{"action":"Process creation","category":["process"],"code":17,"kind":"event","provider":"Microsoft-Windows-Sysmon","type":["start"]},"host":{"name":"WIN-RPJQZMT6","os":{"family":"windows","name":"Windows Server 2019","version":"10.0.17763"}},"winlog":{"channel":"Microsoft-Windows-Sysmon/Operational","computer_name":"WIN-8YVA5JSO.domain.local","event_id":17,"provider_name":"Microsoft-Windows-Sysmon","record_id":8657479,"task":"Process creation (rule: ProcessCreate)"}}
{"@timestamp":"2023-02-24T18:02:27.810Z","DestinationIp":"suspicious-site.net","DestinationPort":445,"EventID":3,"Image":"C:\\Windows\\System32\\services.exe","Protocol":"tcp","SourceIp":"192.168.1.100","SourcePort":57428,"agent":{"hostname":"WIN-54755HWU","type":"winlogbeat","version":"8.5.0"},"destination":{"ip":"suspicious-site.net","port":445},"ecs":{"version":"8.5.0"},"event":{"action":"Process creation","category":["process"],"code":3,"kind":"event","provider":"Microsoft-Windows-Sysmon","type":["start"]},"host":{"name":"WIN-NR4NQDXN","os":{"family":"windows","name":"Windows Server 2019","version":"10.0.17763"}},"network":{"direction":"outbound","protocol":"tcp"},"source":{"ip":"192.168.1.100","port":57428},"winlog":{"channel":"Microsoft-Windows-Sysmon/Operational","computer_name":"WIN-8IEXPRE8.domain.local","event_id":3,"provider_name":"Microsoft-Windows-Sysmon","record_id":6774308,"task":"Process creation (rule: ProcessCreate)"}}
{"@timestamp":"2023-09-01T04:52:53.667Z","CommandLine":"C:\\Windows\\System32\\mshta.exe F0MTF6YN1P","EventID":1,"Image":"C:\\Windows\\System32\\mshta.exe","ParentImage":"C:\\Windows\\System32\\WindowsPowerShell\\v1.0\\powershell.exe","ParentProcessId":926,"ProcessId":41139,"User":"Guest","agent":{"hostname":"WIN-CJCQ4ZOB","type":"winlogbeat","version":"8.5.0"},"ecs":{"version":"8.5.0"},"event":{"action":"Process creation","category":["process"],"code":1,"kind":"event","provider":"Microsoft-Windows-Sysmon","type":["start"]},"host":{"name":"WIN-248JFF6S","os":{"family":"windows","name":"Windows Server 2019","version":"10.0.17763"}},"process":{"args":["C:\\Windows\\System32\\mshta.exe","F0MTF6YN1P"],"command_line":"C:\\Windows\\System32\\mshta.exe F0MTF6YN1P","executable":"C:\\Windows\\System32\\mshta.exe","name":"mshta.exe","parent":{"executable":"C:\\Windows\\System32\\WindowsPowerShell\\v1.0\\powershell.exe","name":"powershell.exe","pid":570},"pid":6994},"user":{"domain":"DOMAIN","name":"Guest"},"winlog":{"channel":"Microsoft-Windows-Sysmon/Operational","computer_name":"WIN-MAIFBWLH.domain.local","event_id":1,"provider_name":"Microsoft-Windows-Sysmon","record_id":2347252,"task":"Process creation (rule: ProcessCreate)"}}
{"@timestamp":"2023-02-19T09:30:15.624Z","DestinationIp":"208.67.222.222","DestinationPort":3389,"EventID":3,"Image":"C:\\Program Files\\Mozilla Firefox\\firefox.exe","Protocol":"tcp","SourceIp":"192.168.1.100","SourcePort":58071,"agent":{"hostname":"WIN-RCCD5SFJ","type":"winlogbeat","version":"8.5.0"},"destination":{"ip":"208.67.222.222","port":3389},"ecs":{"version":"8.5.0"},"event":{"action":"Process creation","category":["process"],"code":3,"kind":"event","provider":"Microsoft-Windows-Sysmon","type":["start"]},"host":{"name":"WIN-T1JBK7AO","os":{"family":"windows","name":"Windows Server 2019","version":"10.0.17763"}},"network":{"direction":"outbound","protocol":"tcp"},"source":{"ip":"192.168.1.100","port":58071},"winlog":{"channel":"Microsoft-Windows-Sysmon/Operational","computer_name":"WIN-HIVG5BV9.domain.local","event_id":3,"provider_name":"Microsoft-Windows-Sysmon","record_id":9795361,"task":"Process creation (rule: ProcessCreate)"}}
{"@timestamp":"2023-09-21T19:53:11.689Z","EventID":17,"Image":"C:\\Windows\\System32\\WindowsPowerShell\\v1.0\\powershell.exe","PipeName":"\\pipe\\mojo.6028.BXVALPFM","agent":{"hostname":"WIN-FY6EPVDO","type":"winlogbeat","version":"8.5.0"},"ecs":{"version":"8.5.0"},"event":{"action":"Process creation","category":["process"],"code":17,"kind":"event","provider":"Microsoft-Windows-Sysmon","type":["start"]},"host":{"name":"WIN-PZQSP366","os":{"family":"windows","name":"Windows Server 2019","version":"10.0.17763"}},"winlog":{"channel":"Microsoft-Windows-Sysmon/Operational","computer_name":"WIN-Z8OIL6G3.domain.local","event_id":17,"provider_name":"Microsoft-Windows-Sysmon","record_id":6652426,"task":"Process creation (rule: ProcessCreate)"}}
{"@timestamp":"2023-08-04T00:20:10.612Z","EventID":17,"Image":"C:\\Windows\\System32\\WindowsPowerShell\\v1.0\\powershell.exe","PipeName":"\\pipe\\samr","agent":{"hostname":"WIN-70G53M5M","type":"winlogbeat","version":"8.5.0"},"ecs":{"version":"8.5.0"},"event":{"action":"Process creation","category":["process"],"code":17,"kind":"event","provider":"Microsoft-Windows-Sysmon","type":["start"]},"host":{"name":"WIN-HEM2M7ZW","os":{"family":"windows","name":"Windows Server 2019","version":"10.0.17763"}},"winlog":{"channel":"Microsoft-Windows-Sysmon/Operational","computer_name":"WIN-VNPQCLGO.domain.local","event_id":17,"provider_name":"Microsoft-Windows-Sysmon","record_id":6833169,"task":"Process creation (rule: ProcessCreate)"}}
{"@timestamp":"2023-04-09T08:34:47.893Z","CommandLine":"C:\\Windows\\System32\\wscript.exe S51OKIJSKT","EventID":1,"Image":"C:\\Windows\\System32\\wscript.exe","ParentImage":"C:\\Windows\\System32\\taskmgr.exe","ParentProcessId":924,"ProcessId":52901,"User":"user","agent":{"hostname":"WIN-2FGN3ZFV","type":"winlogbeat","version":"8.5.0"},"ecs":{"version":"8.5.0"},"event":{"action":"Process creation","category":["process"],"code":1,"kind":"event","provider":"Microsoft-Windows-Sysmon","type":["start"]},"host":{"name":"WIN-LO3UIR47","os":{"family":"windows","name":"Windows Server 2019","version":"10.0.17763"}},"process":{"args":["C:\\Windows\\System32\\wscript.exe","S51OKIJSKT"],"command_line":"C:\\Windows\\System32\\wscript.exe S51OKIJSKT","executable":"C:\\Windows\\System32\\wscript.exe","name":"wscript.exe","parent":{"executable":"C:\\Windows\\System32\\taskmgr.exe","name":"taskmgr.exe","pid":334},"pid":62663},"user":{"domain":"DOMAIN","name":"user"},"winlog":{"channel":"Microsoft-Windows-Sysmon/Operational","computer_name":"WIN-DYPI4UZ0.domain.local","event_id":1,"provider_name":"Microsoft-Windows-Sysmon","record_id":6619654,"task":"Process creation (rule: ProcessCreate)"}}
{"@timestamp":"2023-10-18T14:11:28.180Z","CommandLine":"C:\\Windows\\System32\\explorer.exe","EventID":1,"Image":"C:\\Windows\\System32\\explorer.exe","ParentImage":"C:\\Windows\\System32\\svchost.exe","ParentProcessId":696,"ProcessId":37228,"User":"DefaultAccount","agent":{"hostname":"WIN-2XWNV80I","type":"winlogbeat","version":"8.5.0"},"ecs":{"version":"8.5.0"},"event":{"action":"Process creation","category":["process"],"code":1,"kind":"event","provider":"Microsoft-Windows-Sysmon","type":["start"]},"host":{"name":"WIN-7YPIAAV2","os":{"family":"windows","name":"Windows Server 2019","version":"10.0.17763"}},"process":{"args":["C:\\Windows\\System32\\explorer.exe"],"command_line":"C:\\Windows\\System32\\explorer.exe","executable":"C:\\Windows\\System32\\explorer.exe","name":"explorer.exe","parent":{"executable":"C:\\Windows\\System32\\svchost.exe","name":"svchost.exe","pid":830},"pid":52513},"user":{"domain":"DOMAIN","name":"DefaultAccount"},"winlog":{"channel":"Microsoft-Windows-Sysmon/Operational","computer_name":"WIN-HT9AHVDB.domain.local","event_id":1,"provider_name":"Microsoft-Windows-Sysmon","record_id":6404512,"task":"Process creation (rule: ProcessCreate)"}}
{"@timestamp":"2023-04-04T13:20:17.716Z","Details":"C:\\temp\\D2EUPJE5.exe","EventID":13,"Image":"C:\\Windows\\System32\\explorer.exe","TargetObject":"HKLM\\SOFTWARE\\Classes\\exefile\\shell\\open\\command\\97DVQJIRQK","agent":{"hostname":"WIN-9WUZVO1I","type":"winlogbeat","version":"8.5.0"},"ecs":{"version":"8.5.0"},"event":{"action":"Process creation","category":["process"],"code":13,"kind":"event","provider":"Microsoft-Windows-Sysmon","type":["start"]},"host":{"name":"WIN-KN9PJOUH","os":{"family":"windows","name":"Windows Server 2019","version":"10.0.17763"}},"registry":{"data":{"strings":["C:\\temp\\2QHR5SOQ.exe"]},"key":"HKLM\\SOFTWARE\\Classes\\exefile\\shell\\open\\command","value":"85MV65007W"},"winlog":{"channel":"Microsoft-Windows-Sysmon/Operational","computer_name":"WIN-AFCK3WIX.domain.local","event_id":13,"provider_name":"Microsoft-Windows-Sysmon","record_id":3365259,"task":"Process creation (rule: ProcessCreate)"}}
{"@timestamp":"2023-08-16T03:05:43.163Z","CommandLine":"C:\\Windows\\System32\\wscript.exe T4N22I363Z","EventID":1,"Image":"C:\\Windows\\System32\\wscript.exe","ParentImage":"C:\\Program Files\\Mozilla Firefox\\firefox.exe","ParentProcessId":400,"ProcessId":44134,"User":"Administrator","agent":{"hostname":"WIN-ILPT27XI","type":"winlogbeat","version":"8.5.0"},"ecs":{"version":"8.5.0"},"event":{"action":"Process creation","category":["process"],"code":1,"kind":"event","provider":"Microsoft-Windows-Sysmon","type":["start"]},"host":{"name":"WIN-98DYI5RP","os":{"family":"windows","name":"Windows Server 2019","version":"10.0.17763"}},"process":{"args":["C:\\Windows\\System32\\wscript.exe","T4N22I363Z"],"command_line":"C:\\Windows\\System32\\wscript.exe T4N22I363Z","executable":"C:\\Windows\\System32\\wscript.exe","name":"wscript.exe","parent":{"executable":"C:\\Program Files\\Mozilla Firefox\\firefox.exe","name":"firefox.exe","pid":185},"pid":41663},"user":{"domain":"DOMAIN","name":"Administrator"},"winlog":{"channel":"Microsoft-Windows-Sysmon/Operational","computer_name":"WIN-VEOUXEA9.domain.local","event_id":1,"provider_name":"Microsoft-Windows-Sysmon","record_id":7296054,"task":"Process creation (rule: ProcessCreate)"}}
{"@timestamp":"2023-02-11T00:58:15.798Z","CommandLine":"C:\\Windows\\System32\\calc.exe 64GAZS33JO","EventID":1,"Image":"C:\\Windows\\System32\\calc.exe","ParentImage":"C:\\Windows\\System32\\rundll32.exe","ParentProcessId":486,"ProcessId":25788,"User":"jane.smith","agent":{"hostname":"WIN-MFBF3G79","type":"winlogbeat","version":"8.5.0"},"ecs":{"version":"8.5.0"},"event":{"action":"Process creation","category":["process"],"code":1,"kind":"event","provider":"Microsoft-Windows-Sysmon","type":["start"]},"host":{"name":"WIN-ADZTY3WJ","os":{"family":"windows","name":"Windows Server 2019","version":"10.0.17763"}},"process":{"args":["C:\\Windows\\System32\\calc.exe","64GAZS33JO"],"command_line":"C:\\Windows\\System32\\calc.exe 64GAZS33JO","executable":"C:\\Windows\\System32\\calc.exe","name":"calc.exe","parent":{"executable":"C:\\Windows\\System32\\rundll32.exe","name":"rundll32.exe","pid":172},"pid":17277},"user":{"domain":"DOMAIN","name":"jane.smith"},"winlog":{"channel":"Microsoft-Windows-Sysmon/Operational","computer_name":"WIN-VXWY2YKS.domain.local","event_id":1,"provider_name":"Microsoft-Windows-Sysmon","record_id":7557809,"task":"Process creation (rule: ProcessCreate)"}}
{"@timestamp":"2023-03-17T10:58:12.207Z","CommandLine":"C:\\Windows\\System32\\services.exe 9YVG4ETXFD","EventID":1,"Image":"C:\\Windows\\System32\\services.exe","ParentImage":"C:\\Windows\\System32\\regsvr32.exe","ParentProcessId":948,"ProcessId":54457,"User":"service_account","agent":{"hostname":"WIN-V4VYD105","type":"winlogbeat","version":"8.5.0"},"ecs":{"version":"8.5.0"},"event":{"action":"Process creation","category":["process"],"code":1,"kind":"event","provider":"Microsoft-Windows-Sysmon","type":["start"]},"host":{"name":"WIN-28IBVL28","os":{"family":"windows","name":"Windows Server 2019","version":"10.0.17763"}},"process":{"args":["C:\\Windows\\System32\\services.exe","9YVG4ETXFD"],"command_line":"C:\\Windows\\System32\\services.exe 9YVG4ETXFD","executable":"C:\\Windows\\System32\\services.exe","name":"services.exe","parent":{"executable":"C:\\Windows\\System32\\regsvr32.exe","name":"regsvr32.exe","pid":219},"pid":61652},"user":{"domain":"DOMAIN","name":"service_account"},"winlog":{"channel":"Microsoft-Windows-Sysmon/Operational","computer_name":"WIN-XVGVIH1Z.domain.local","event_id":1,"provider_name":"Microsoft-Windows-Sysmon","record_id":4304961,"task":"Process creation (rule: ProcessCreate)"}}
{"@timestamp":"2023-10-05T22:23:57.658Z","CommandLine":"C:\\Windows\\System32\\notepad.exe document.txt","EventID":1,"Image":"C:\\Windows\\System32\\notepad.exe","ParentImage":"C:\\Windows\\System32\\wscript.exe","ParentProcessId":136,"ProcessId":13546,"User":"john.doe","agent":{"hostname":"WIN-687CZGH7","type":"winlogbeat","version":"8.5.0"},"ecs":{"version":"8.5.0"},"event":{"action":"Process creation","category":["process"],"code":1,"kind":"event","provider":"Microsoft-Windows-Sysmon","type":["start"]},"host":{"name":"WIN-YI4LLZUX","os":{"family":"windows","name":"Windows Server 2019","version":"10.0.17763"}},"process":{"args":["C:\\Windows\\System32\\notepad.exe","document.txt"],"command_line":"C:\\Windows\\System32\\notepad.exe document.txt","executable":"C:\\Windows\\System32\\notepad.exe","name":"notepad.exe","parent":{"executable":"C:\\Windows\\System32\\wscript.exe","name":"wscript.exe","pid":743},"pid":50440},"user":{"domain":"DOMAIN","name":"john.doe"},"winlog":{"channel":"Microsoft-Windows-Sysmon/Operational","computer_name":"WIN-R30OXUUS.domain.local","event_id":1,"provider_name":"Microsoft-Windows-Sysmon","record_id":5940084,"task":"Process creation (rule: ProcessCreate)"}}
{"@timestamp":"2023-07-26T07:18:47.998Z","Details":"C:\\temp\\GC74HXXJ.exe","EventID":13,"Image":"C:\\Program Files\\Google\\Chrome\\Application\\chrome.exe","TargetObject":"HKLM\\SYSTEM\\CurrentControlSet\\Services\\VJWQVOA7L2","agent":{"hostname":"WIN-2E5IUQ5Z","type":"winlogbeat","version":"8.5.0"},"ecs":{"version":"8.5.0"},"event":{"action":"Process creation","category":["process"],"code":13,"kind":"event","provider":"Microsoft-Windows-Sysmon","type":["start"]},"host":{"name":"WIN-SIJK6WHV","os":{"family":"windows","name":"Windows Server 2019","version":"10.0.17763"}},"registry":{"data":{"strings":["C:\\temp\\5Q82DFIW.exe"]},"key":"HKLM\\SYSTEM\\CurrentControlSet\\Services","value":"X55Q3Z43CY"},"winlog":{"channel":"Microsoft-Windows-Sysmon/Operational","computer_name":"WIN-Y62J0RD8.domain.local","event_id":13,"provider_name":"Microsoft-Windows-Sysmon","record_id":2824574,"task":"Process creation (rule: ProcessCreate)"}}
{"@timestamp":"2023-02-09T22:04:21.843Z","Details":"C:\\temp\\WP9PRAPY.exe","EventID":13,"Image":"C:\\Windows\\System32\\calc.exe","TargetObject":"HKCU\\SOFTWARE\\Microsoft\\Windows\\CurrentVersion\\Run\\QGTCZ779IR","agent":{"hostname":"WIN-HS2C4XVA","type":"winlogbeat","version":"8.5.0"},"ecs":{"version":"8.5.0"},"event":{"action":"Process creation","category":["process"],"code":13,"kind":"event","provider":"Microsoft-Windows-Sysmon","type":["start"]},"host":{"name":"WIN-0420CGMR","os":{"family":"windows","name":"Windows Server 2019","version":"10.0.17763"}},"registry":{"data":{"strings":["C:\\temp\\5UY7P9I8.exe"]},"key":"HKCU\\SOFTWARE\\Microsoft\\Windows\\CurrentVersion\\Run","value":"U83UJU3LIZ"},"winlog":{"channel":"Microsoft-Windows-Sysmon/Operational","computer_name":"WIN-K9R4YQ8W.domain.local","event_id":13,"provider_name":"Microsoft-Windows-Sysmon","record_id":9281226,"task":"Process creation (rule: ProcessCreate)"}}
