{"@timestamp":"2023-11-07T04:24:32.339Z","CommandLine":"C:\\Program Files\\Google\\Chrome\\Application\\chrome.exe --new-tab https://example.com","EventID":1,"Image":"C:\\Program Files\\Google\\Chrome\\Application\\chrome.exe","ParentImage":"C:\\Windows\\System32\\wscript.exe","ParentProcessId":279,"ProcessId":23445,"User":"Administrator","agent":{"hostname":"WIN-Y9PHAPIR","type":"winlogbeat","version":"8.5.0"},"ecs":{"version":"8.5.0"},"event":{"action":"Process creation","category":["process"],"code":1,"kind":"event","provider":"Microsoft-Windows-Sysmon","type":["start"]},"host":{"name":"WIN-QRR72KKU","os":{"family":"windows","name":"Windows Server 2019","version":"10.0.17763"}},"process":{"args":["C:\\Program","Files\\Google\\Chrome\\Application\\chrome.exe","--new-tab","https://example.com"],"command_line":"C:\\Program Files\\Google\\Chrome\\Application\\chrome.exe --new-tab https://example.com","executable":"C:\\Program Files\\Google\\Chrome\\Application\\chrome.exe","name":"chrome.exe","parent":{"executable":"C:\\Windows\\System32\\wscript.exe","name":"wscript.exe","pid":637},"pid":19857},"user":{"domain":"DOMAIN","name":"Administrator"},"winlog":{"channel":"Microsoft-Windows-Sysmon/Operational","computer_name":"WIN-UHOH7PJ3.domain.local","event_id":1,"provider_name":"Microsoft-Windows-Sysmon","record_id":7437470,"task":"Process creation (rule: ProcessCreate)"}}
{"@timestamp":"2023-11-22T10:34:07.730Z","CommandLine":"C:\\Windows\\System32\\svchost.exe D6VA4IOZE5","EventID":1,"Image":"C:\\Windows\\System32\\svchost.exe","ParentImage":"C:\\Windows\\System32\\cscript.exe","ParentProcessId":686,"ProcessId":19160,"User":"DefaultAccount","agent":{"hostname":"WIN-F5KBBDAS","type":"winlogbeat","version":"8.5.0"},"ecs":{"version":"8.5.0"},"event":{"action":"Process creation","category":["process"],"code":1,"kind":"event","provider":"Microsoft-Windows-Sysmon","type":["start"]},"host":{"name":"WIN-VCKP5QP4","os":{"family":"windows","name":"Windows Server 2019","version":"10.0.17763"}},"process":{"args":["C:\\Windows\\System32\\svchost.exe","D6VA4IOZE5"],"command_line":"C:\\Windows\\System32\\svchost.exe D6VA4IOZE5","executable":"C:\\Windows\\System32\\svchost.exe","name":"svchost.exe","parent":{"executable":"C:\\Windows\\System32\\cscript.exe","name":"cscript.exe","pid":425},"pid":28895},"user":{"domain":"DOMAIN","name":"DefaultAccount"},"winlog":{"channel":"Microsoft-Windows-Sysmon/Operational","computer_name":"WIN-29XCGYUR.domain.local","event_id":1,"provider_name":"Microsoft-Windows-Sysmon","record_id":7174643,"task":"Process creation (rule: ProcessCreate)"}}
{"@timestamp":"2023-09-02T19:35:53.845Z","Details":"C:\\temp\\9SGAHYIF.exe","EventID":13,"Image":"C:\\Windows\\System32\\powershell.exe","TargetObject":"HKLM\\SOFTWARE\\Microsoft\\Windows\\CurrentVersion\\Run\\H8MS89K2D4","agent":{"hostname":"WIN-4GBI4OMX","type":"winlogbeat","version":"8.5.0"},"ecs":{"version":"8.5.0"},"event":{"action":"Process creation","category":["process"],"code":13,"kind":"event","provider":"Microsoft-Windows-Sysmon","type":["start"]},"host":{"name":"WIN-07L6I91T","os":{"family":"windows","name":"Windows Server 2019","version":"10.0.17763"}},"registry":{"data":{"strings":["C:\\temp\\1BV8ILUT.exe"]},"key":"HKLM\\SOFTWARE\\Microsoft\\Windows\\CurrentVersion\\Run","value":"ISS5Z5DTNC"},"winlog":{"channel":"Microsoft-Windows-Sysmon/Operational","computer_name":"WIN-SHGBUXFF.domain.local","event_id":13,"provider_name":"Microsoft-Windows-Sysmon","record_id":4386126,"task":"Process creation (rule: ProcessCreate)"}}
{"@timestamp":"2023-08-13T19:26:18.378Z","CommandLine":"C:\\Windows\\System32\\lsass.exe EWR5DD47NH","EventID":1,"Image":"C:\\Windows\\System32\\lsass.exe","ParentImage":"C:\\Windows\\System32\\rundll32.exe","ParentProcessId":250,"ProcessId":2555,"User":"user","agent":{"hostname":"WIN-7XPY9Q4N","type":"winlogbeat","version":"8.5.0"},"ecs":{"version":"8.5.0"},"event":{"action":"Process creation","category":["process"],"code":1,"kind":"event","provider":"Microsoft-Windows-Sysmon","type":["start"]},"host":{"name":"WIN-G5K1USHX","os":{"family":"windows","name":"Windows Server 2019","version":"10.0.17763"}},"process":{"args":["C:\\Windows\\System32\\lsass.exe","EWR5DD47NH"],"command_line":"C:\\Windows\\System32\\lsass.exe EWR5DD47NH","executable":"C:\\Windows\\System32\\lsass.exe","name":"lsass.exe","parent":{"executable":"C:\\Windows\\System32\\rundll32.exe","name":"rundll32.exe","pid":586},"pid":30661},"user":{"domain":"DOMAIN","name":"user"},"winlog":{"channel":"Microsoft-Windows-Sysmon/Operational","computer_name":"WIN-7AHT01RU.domain.local","event_id":1,"provider_name":"Microsoft-Windows-Sysmon","record_id":3516878,"task":"Process creation (rule: ProcessCreate)"}}
{"@timestamp":"2023-04-18T13:43:00.339Z","DestinationIp":"legitimate-service.com","DestinationPort":53,"EventID":3,"Image":"C:\\Program Files\\Google\\Chrome\\Application\\chrome.exe","Protocol":"tcp","SourceIp":"192.168.1.100","SourcePort":62644,"agent":{"hostname":"WIN-WAU6FIA8","type":"winlogbeat","version":"8.5.0"},"destination":{"ip":"legitimate-service.com","port":53},"ecs":{"version":"8.5.0"},"event":{"action":"Process creation","category":["process"],"code":3,"kind":"event","provider":"Microsoft-Windows-Sysmon","type":["start"]},"host":{"name":"WIN-H6YPUGAN","os":{"family":"windows","name":"Windows Server 2019","version":"10.0.17763"}},"network":{"direction":"outbound","protocol":"tcp"},"source":{"ip":"192.168.1.100","port":62644},"winlog":{"channel":"Microsoft-Windows-Sysmon/Operational","computer_name":"WIN-N4605WBQ.domain.local","event_id":3,"provider_name":"Microsoft-Windows-Sysmon","record_id":8653621,"task":"Process creation (rule: ProcessCreate)"}}
{"@timestamp":"2023-11-05T07:00:43.537Z","CommandLine":"C:\\Windows\\System32\\cmd.exe QIUL0R84JJ","EventID":1,"Image":"C:\\Windows\\System32\\cmd.exe","ParentImage":"C:\\Windows\\System32\\regsvr32.exe","ParentProcessId":964,"ProcessId":31592,"User":"NT AUTHORITY\\LOCAL SERVICE","agent":{"hostname":"WIN-129YY6Z2","type":"winlogbeat","version":"8.5.0"},"ecs":{"version":"8.5.0"},"event":{"action":"Process creation","category":["process"],"code":1,"kind":"event","provider":"Microsoft-Windows-Sysmon","type":["start"]},"host":{"name":"WIN-17OZ6991","os":{"family":"windows","name":"Windows Server 2019","version":"10.0.17763"}},"process":{"args":["C:\\Windows\\System32\\cmd.exe","QIUL0R84JJ"],"command_line":"C:\\Windows\\System32\\cmd.exe QIUL0R84JJ","executable":"C:\\Windows\\System32\\cmd.exe","name":"cmd.exe","parent":{"executable":"C:\\Windows\\System32\\regsvr32.exe","name":"regsvr32.exe","pid":372},"pid":6791},"user":{"domain":"NT AUTHORITY","name":"NT AUTHORITY\\LOCAL SERVICE"},"winlog":{"channel":"Microsoft-Windows-Sysmon/Operational","computer_name":"WIN-5D3W6LY2.domain.local","event_id":1,"provider_name":"Microsoft-Windows-Sysmon","record_id":9512946,"task":"Process creation (rule: ProcessCreate)"}}
{"@timestamp":"2023-12-19T10:42:13.521Z","CommandLine":"C:\\Windows\\System32\\lsass.exe AN48LHPN71","EventID":1,"Image":"C:\\Windows\\System32\\lsass.exe","ParentImage":"C:\\Windows\\System32\\spoolsv.exe","ParentProcessId":797,"ProcessId":14011,"User":"NT AUTHORITY\\SYSTEM","agent":{"hostname":"WIN-TVWK38A3","type":"winlogbeat","version":"8.5.0"},"ecs":{"version":"8.5.0"},"event":{"action":"Process creation","category":["process"],"code":1,"kind":"event","provider":"Microsoft-Windows-Sysmon","type":["start"]},"host":{"name":"WIN-HVCLMH3J","os":{"family":"windows","name":"Windows Server 2019","version":"10.0.17763"}},"process":{"args":["C:\\Windows\\System32\\lsass.exe","AN48LHPN71"],"command_line":"C:\\Windows\\System32\\lsass.exe AN48LHPN71","executable":"C:\\Windows\\System32\\lsass.exe","name":"lsass.exe","parent":{"executable":"C:\\Windows\\System32\\spoolsv.exe","name":"spoolsv.exe","pid":494},"pid":20670},"user":{"domain":"NT AUTHORITY","name":"NT AUTHORITY\\SYSTEM"},"winlog":{"channel":"Microsoft-Windows-Sysmon/Operational","computer_name":"WIN-Q7H5OEIB.domain.local","event_id":1,"provider_name":"Microsoft-Windows-Sysmon","record_id":2186712,"task":"Process creation (rule: ProcessCreate)"}}
{"@timestamp":"2023-12-20T00:32:33.643Z","CommandLine":"C:\\Windows\\System32\\powershell.exe QGACPU9JV4","EventID":1,"Image":"C:\\Windows\\System32\\powershell.exe","ParentImage":"C:\\Windows\\System32\\services.exe","ParentProcessId":253,"ProcessId":30659,"User":"user","agent":{"hostname":"WIN-GCSPIS25","type":"winlogbeat","version":"8.5.0"},"ecs":{"version":"8.5.0"},"event":{"action":"Process creation","category":["process"],"code":1,"kind":"event","provider":"Microsoft-Windows-Sysmon","type":["start"]},"host":{"name":"WIN-ZLLSDD8A","os":{"family":"windows","name":"Windows Server 2019","version":"10.0.17763"}},"process":{"args":["C:\\Windows\\System32\\powershell.exe","QGACPU9JV4"],"command_line":"C:\\Windows\\System32\\powershell.exe QGACPU9JV4","executable":"C:\\Windows\\System32\\powershell.exe","name":"powershell.exe","parent":{"executable":"C:\\Windows\\System32\\services.exe","name":"services.exe","pid":288},"pid":6918},"user":{"domain":"DOMAIN","name":"user"},"winlog":{"channel":"Microsoft-Windows-Sysmon/Operational","computer_name":"WIN-45801FCK.domain.local","event_id":1,"provider_name":"Microsoft-Windows-Sysmon","record_id":4427938,"task":"Process creation (rule: ProcessCreate)"}}
{"@timestamp":"2023-01-17T05:05:59.345Z","EventID":17,"Image":"C:\\Windows\\System32\\cmd.exe","PipeName":"\\pipe\\spoolss","agent":{"hostname":"WIN-3FYSFD4N","type":"winlogbeat","version":"8.5.0"},"ecs":{"version":"8.5.0"},"event":{"action":"Process creation","category":["process"],"code":17,"kind":"event","provider":"Microsoft-Windows-Sysmon","type":["start"]},"host":{"name":"WIN-9X1A3WAC","os":{"family":"windows","name":"Windows Server 2019","version":"10.0.17763"}},"winlog":{"channel":"Microsoft-Windows-Sysmon/Operational","computer_name":"WIN-OGRZJDWA.domain.local","event_id":17,"provider_name":"Microsoft-Windows-Sysmon","record_id":5788284,"task":"Process creation (rule: ProcessCreate)"}}
{"@timestamp":"2023-08-21T11:49:24.157Z","EventID":17,"Image":"C:\\Windows\\System32\\svchost.exe","PipeName":"\\pipe\\MSCTF.Server.8N7Y6WHUMAM1T2B8DFNDQIB2MUD8K964EUQS","agent":{"hostname":"WIN-HYW635FZ","type":"winlogbeat","version":"8.5.0"},"ecs":{"version":"8.5.0"},"event":{"action":"Process creation","category":["process"],"code":17,"kind":"event","provider":"Microsoft-Windows-Sysmon","type":["start"]},"host":{"name":"WIN-3TI9L4Z2","os":{"family":"windows","name":"Windows Server 2019","version":"10.0.17763"}},"winlog":{"channel":"Microsoft-Windows-Sysmon/Operational","computer_name":"WIN-Y8LMLKNY.domain.local","event_id":17,"provider_name":"Microsoft-Windows-Sysmon","record_id":2585698,"task":"Process creation (rule: ProcessCreate)"}}
{"@timestamp":"2023-06-28T10:20:07.420Z","CommandLine":"C:\\Program Files\\Mozilla Firefox\\firefox.exe 91AKTNZZ4B","EventID":1,"Image":"C:\\Program Files\\Mozilla Firefox\\firefox.exe","ParentImage":"C:\\Windows\\System32\\explorer.exe","ParentProcessId":912,"ProcessId":48845,"User":"admin","agent":{"hostname":"WIN-4HY27SZJ","type":"winlogbeat","version":"8.5.0"},"ecs":{"version":"8.5.0"},"event":{"action":"Process creation","category":["process"],"code":1,"kind":"event","provider":"Microsoft-Windows-Sysmon","type":["start"]},"host":{"name":"WIN-ZOTS9G2Z","os":{"family":"windows","name":"Windows Server 2019","version":"10.0.17763"}},"process":{"args":["C:\\Program","Files\\Mozilla","Firefox\\firefox.exe","91AKTNZZ4B"],"command_line":"C:\\Program Files\\Mozilla Firefox\\firefox.exe 91AKTNZZ4B","executable":"C:\\Program Files\\Mozilla Firefox\\firefox.exe","name":"firefox.exe","parent":{"executable":"C:\\Windows\\System32\\explorer.exe","name":"explorer.exe","pid":340},"pid":33555},"user":{"domain":"DOMAIN","name":"admin"},"winlog":{"channel":"Microsoft-Windows-Sysmon/Operational","computer_name":"WIN-T0NMIYHB.domain.local","event_id":1,"provider_name":"Microsoft-Windows-Sysmon","record_id":2042744,"task":"Process creation (rule: ProcessCreate)"}}
{"@timestamp":"2023-01-17T21:51:48.382Z","Details":"C:\\temp\\21GL3S39.exe","EventID":13,"Image":"C:\\Windows\\System32\\lsass.exe","TargetObject":"HKCU\\SOFTWARE\\Microsoft\\Windows\\CurrentVersion\\Run\\2VFR54GKJZ","agent":{"hostname":"WIN-4OATBWH5","type":"winlogbeat","version":"8.5.0"},"ecs":{"version":"8.5.0"},"event":{"action":"Process creation","category":["process"],"code":13,"kind":"event","provider":"Microsoft-Windows-Sysmon","type":["start"]},"host":{"name":"WIN-R6LMSGCH","os":{"family":"windows","name":"Windows Server 2019","version":"10.0.17763"}},"registry":{"data":{"strings":["C:\\temp\\Y2ICBWCQ.exe"]},"key":"HKCU\\SOFTWARE\\Microsoft\\Windows\\CurrentVersion\\Run","value":"W0QVVAHJGQ"},"winlog":{"channel":"Microsoft-Windows-Sysmon/Operational","computer_name":"WIN-J53A8TM7.domain.local","event_id":13,"provider_name":"Microsoft-Windows-Sysmon","record_id":7900970,"task":"Process creation (rule: ProcessCreate)"}}
{"@timestamp":"2023-11-19T11:52:59.995Z","Details":"C:\\temp\\ZIW0N6AG.exe","EventID":13,"Image":"C:\\Program Files\\Mozilla Firefox\\firefox.exe","TargetObject":"HKLM\\SYSTEM\\CurrentControlSet\\Services\\1U4YKXBP5L","agent":{"hostname":"WIN-DDWUSSC9","type":"winlogbeat","version":"8.5.0"},"ecs":{"version":"8.5.0"},"event":{"action":"Process creation","category":["process"],"code":13,"kind":"event","provider":"Microsoft-Windows-Sysmon","type":["start"]},"host":{"name":"WIN-CQI1DAIZ","os":{"family":"windows","name":"Windows Server 2019","version":"10.0.17763"}},"registry":{"data":{"strings":["C:\\temp\\603CZTDO.exe"]},"key":"HKLM\\SYSTEM\\CurrentControlSet\\Services","value":"IMSVHC0CX6"},"winlog":{"channel":"Microsoft-Windows-Sysmon/Operational","computer_name":"WIN-5RWX5WLD.domain.local","event_id":13,"provider_name":"Microsoft-Windows-Sysmon","record_id":2433700,"task":"Process creation (rule: ProcessCreate)"}}
{"@timestamp":"2023-12-04T08:49:00.588Z","CommandLine":"C:\\Windows\\System32\\calc.exe XJMOCYFQLP","EventID":1,"Image":"C:\\Windows\\System32\\calc.exe","ParentImage":"C:\\Windows\\System32\\WindowsPowerShell\\v1.0\\powershell.exe","ParentProcessId":195,"ProcessId":16416,"User":"admin","agent":{"hostname":"WIN-PNAY1UVR","type":"winlogbeat","version":"8.5.0"},"ecs":{"version":"8.5.0"},"event":{"action":"Process creation","category":["process"],"code":1,"kind":"event","provider":"Microsoft-Windows-Sysmon","type":["start"]},"host":{"name":"WIN-XEVTA5ZT","os":{"family":"windows","name":"Windows Server 2019","version":"10.0.17763"}},"process":{"args":["C:\\Windows\\System32\\calc.exe","XJMOCYFQLP"],"command_line":"C:\\Windows\\System32\\calc.exe XJMOCYFQLP","executable":"C:\\Windows\\System32\\calc.exe","name":"calc.exe","parent":{"executable":"C:\\Windows\\System32\\WindowsPowerShell\\v1.0\\powershell.exe","name":"powershell.exe","pid":311},"pid":12853},"user":{"domain":"DOMAIN","name":"admin"},"winlog":{"channel":"Microsoft-Windows-Sysmon/Operational","computer_name":"WIN-EUPNAMS1.domain.local","event_id":1,"provider_name":"Microsoft-Windows-Sysmon","record_id":6324543,"task":"Process creation (rule: ProcessCreate)"}}
{"@timestamp":"2023-12-13T10:56:43.856Z","CommandLine":"C:\\Program Files\\Google\\Chrome\\Application\\chrome.exe --new-tab https://example.com","EventID":1,"Image":"C:\\Program Files\\Google\\Chrome\\Application\\chrome.exe","ParentImage":"C:\\Windows\\System32\\powershell.exe","ParentProcessId":508,"ProcessId":30292,"User":"admin","agent":{"hostname":"WIN-79K6QUHC","type":"winlogbeat","version":"8.5.0"},"ecs":{"version":"8.5.0"},"event":{"action":"Process creation","category":["process"],"code":1,"kind":"event","provider":"Microsoft-Windows-Sysmon","type":["start"]},"host":{"name":"WIN-ZV935XNE","os":{"family":"windows","name":"Windows Server 2019","version":"10.0.17763"}},"process":{"args":["C:\\Program","Files\\Google\\Chrome\\Application\\chrome.exe","--new-tab","https://example.com"],"command_line":"C:\\Program Files\\Google\\Chrome\\Application\\chrome.exe --new-tab https://example.com","executable":"C:\\Program Files\\Google\\Chrome\\Application\\chrome.exe","name":"chrome.exe","parent":{"executable":"C:\\Windows\\System32\\powershell.exe","name":"powershell.exe","pid":768},"pid":60329},"user":{"domain":"DOMAIN","name":"admin"},"winlog":{"channel":"Microsoft-Windows-Sysmon/Operational","computer_name":"WIN-9UWJLPIN.domain.local","event_id":1,"provider_name":"Microsoft-Windows-Sysmon","record_id":8470809,"task":"Process creation (rule: ProcessCreate)"}}
{"@timestamp":"2023-05-22T20:29:59.764Z","CommandLine":"C:\\Windows\\System32\\taskmgr.exe B0JSKWP0ZO","EventID":1,"Image":"C:\\Windows\\System32\\taskmgr.exe","ParentImage":"C:\\Windows\\System32\\cmd.exe","ParentProcessId":903,"ProcessId":9314,"User":"user","agent":{"hostname":"WIN-VNGM8ZWZ","type":"winlogbeat","version":"8.5.0"},"ecs":{"version":"8.5.0"},"event":{"action":"Process creation","category":["process"],"code":1,"kind":"event","provider":"Microsoft-Windows-Sysmon","type":["start"]},"host":{"name":"WIN-RRXUQFL6","os":{"family":"windows","name":"Windows Server 2019","version":"10.0.17763"}},"process":{"args":["C:\\Windows\\System32\\taskmgr.exe","B0JSKWP0ZO"],"command_line":"C:\\Windows\\System32\\taskmgr.exe B0JSKWP0ZO","executable":"C:\\Windows\\System32\\taskmgr.exe","name":"taskmgr.exe","parent":{"executable":"C:\\Windows\\System32\\cmd.exe","name":"cmd.exe","pid":249},"pid":30614},"user":{"domain":"DOMAIN","name":"user"},"winlog":{"channel":"Microsoft-Windows-Sysmon/Operational","computer_name":"WIN-7WHXD53Q.domain.local","event_id":1,"provider_name":"Microsoft-Windows-Sysmon","record_id":1175475,"task":"Process creation (rule: ProcessCreate)"}}
{"@timestamp":"2023-04-07T11:56:35.533Z","CommandLine":"C:\\Program Files\\Mozilla Firefox\\firefox.exe DQIU3FARQ1","EventID":1,"Image":"C:\\Program Files\\Mozilla Firefox\\firefox.exe","ParentImage":"C:\\Windows\\System32\\taskmgr.exe","ParentProcessId":816,"ProcessId":45917,"User":"user","agent":{"hostname":"WIN-OO31X2YD","type":"winlogbeat","version":"8.5.0"},"ecs":{"version":"8.5.0"},"event":{"action":"Process creation","category":["process"],"code":1,"kind":"event","provider":"Microsoft-Windows-Sysmon","type":["start"]},"host":{"name":"WIN-HHTQLNAZ","os":{"family":"windows","name":"Windows Server 2019","version":"10.0.17763"}},"process":{"args":["C:\\Program","Files\\Mozilla","Firefox\\firefox.exe","DQIU3FARQ1"],"command_line":"C:\\Program Files\\Mozilla Firefox\\firefox.exe DQIU3FARQ1","executable":"C:\\Program Files\\Mozilla Firefox\\firefox.exe","name":"firefox.exe","parent":{"executable":"C:\\Windows\\System32\\taskmgr.exe","name":"taskmgr.exe","pid":600},"pid":12496},"user":{"domain":"DOMAIN","name":"user"},"winlog":{"channel":"Microsoft-Windows-Sysmon/Operational","computer_name":"WIN-GL31NYQV.domain.local","event_id":1,"provider_name":"Microsoft-Windows-Sysmon","record_id":8592753,"task":"Process creation (rule: ProcessCreate)"}}
{"@timestamp":"2023-06-22T11:09:05.714Z","CommandLine":"C:\\Windows\\System32\\powershell.exe G65EXNQMYE","EventID":1,"Image":"C:\\Windows\\System32\\powershell.exe","ParentImage":"C:\\Windows\\System32\\svchost.exe","ParentProcessId":154,"ProcessId":39083,"User":"Administrator","agent":{"hostname":"WIN-5T1C8GE4","type":"winlogbeat","version":"8.5.0"},"ecs":{"version":"8.5.0"},"event":{"action":"Process creation","category":["process"],"code":1,"kind":"event","provider":"Microsoft-Windows-Sysmon","type":["start"]},"host":{"name":"WIN-E55AQFCJ","os":{"family":"windows","name":"Windows Server 2019","version":"10.0.17763"}},"process":{"args":["C:\\Windows\\System32\\powershell.exe","G65EXNQMYE"],"command_line":"C:\\Windows\\System32\\powershell.exe G65EXNQMYE","executable":"C:\\Windows\\System32\\powershell.exe","name":"powershell.exe","parent":{"executable":"C:\\Windows\\System32\\svchost.exe","name":"svchost.exe","pid":546},"pid":52106},"user":{"domain":"DOMAIN","name":"Administrator"},"winlog":{"channel":"Microsoft-Windows-Sysmon/Operational","computer_name":"WIN-5H1X6Q73.domain.local","event_id":1,"provider_name":"Microsoft-Windows-Sysmon","record_id":5043892,"task":"Process creation (rule: ProcessCreate)"}}
{"@timestamp":"2023-06-16T15:05:59.648Z","CommandLine":"C:\\Windows\\System32\\cscript.exe SHGBTE9HIQ","EventID":1,"Image":"C:\\Windows\\System32\\cscript.exe","ParentImage":"C:\\Windows\\System32\\wscript.exe","ParentProcessId":488,"ProcessId":13259,"User":"NT AUTHORITY\\NETWORK SERVICE","agent":{"hostname":"WIN-6ZORPH8W","type":"winlogbeat","version":"8.5.0"},"ecs":{"version":"8.5.0"},"event":{"action":"Process creation","category":["process"],"code":1,"kind":"event","provider":"Microsoft-Windows-Sysmon","type":["start"]},"host":{"name":"WIN-CCDR4NOC","os":{"family":"windows","name":"Windows Server 2019","version":"10.0.17763"}},"process":{"args":["C:\\Windows\\System32\\cscript.exe","SHGBTE9HIQ"],"command_line":"C:\\Windows\\System32\\cscript.exe SHGBTE9HIQ","executable":"C:\\Windows\\System32\\cscript.exe","name":"cscript.exe","parent":{"executable":"C:\\Windows\\System32\\wscript.exe","name":"wscript.exe","pid":967},"pid":44108},"user":{"domain":"NT AUTHORITY","name":"NT AUTHORITY\\NETWORK SERVICE"},"winlog":{"channel":"Microsoft-Windows-Sysmon/Operational","computer_name":"WIN-XXCYO0F0.domain.local","event_id":1,"provider_name":"Microsoft-Windows-Sysmon","record_id":7526858,"task":"Process creation (rule: ProcessCreate)"}}
{"@timestamp":"2023-09-02T18:14:02.565Z","CommandLine":"C:\\Windows\\System32\\calc.exe 26I2FQ455X","EventID":1,"Image":"C:\\Windows\\System32\\calc.exe","ParentImage":"C:\\Windows\\System32\\WindowsPowerShell\\v1.0\\powershell.exe","ParentProcessId":426,"ProcessId":41784,"User":"NT AUTHORITY\\NETWORK SERVICE","agent":{"hostname":"WIN-5CEKWHHY","type":"winlogbeat","version":"8.5.0"},"ecs":{"version":"8.5.0"},"event":{"action":"Process creation","category":["process"],"code":1,"kind":"event","provider":"Microsoft-Windows-Sysmon","type":["start"]},"host":{"name":"WIN-PU25M5Q6","os":{"family":"windows","name":"Windows Server 2019","version":"10.0.17763"}},"process":{"args":["C:\\Windows\\System32\\calc.exe","26I2FQ455X"],"command_line":"C:\\Windows\\System32\\calc.exe 26I2FQ455X","executable":"C:\\Windows\\System32\\calc.exe","name":"calc.exe","parent":{"executable":"C:\\Windows\\System32\\WindowsPowerShell\\v1.0\\powershell.exe","name":"powershell.exe","pid":164},"pid":50963},"user":{"domain":"NT AUTHORITY","name":"NT AUTHORITY\\NETWORK SERVICE"},"winlog":{"channel":"Microsoft-Windows-Sysmon/Operational","computer_name":"WIN-J2XPM31C.domain.local","event_id":1,"provider_name":"Microsoft-Windows-Sysmon","record_id":4227718,"task":"Process creation (rule: ProcessCreate)"}}
{"@timestamp":"2023-04-16T00:24:18.213Z","CommandLine":"C:\\Windows\\System32\\notepad.exe document.txt","EventID":1,"Image":"C:\\Windows\\System32\\notepad.exe","ParentImage":"C:\\Windows\\System32\\cmd.exe","ParentProcessId":739,"ProcessId":11011,"User":"user","agent":{"hostname":"WIN-PRUA8YTN","type":"winlogbeat","version":"8.5.0"},"ecs":{"version":"8.5.0"},"event":{"action":"Process creation","category":["process"],"code":1,"kind":"event","provider":"Microsoft-Windows-Sysmon","type":["start"]},"host":{"name":"WIN-CNJP2Q3A","os":{"family":"windows","name":"Windows Server 2019","version":"10.0.17763"}},"process":{"args":["C:\\Windows\\System32\\notepad.exe","document.txt"],"command_line":"C:\\Windows\\System32\\notepad.exe document.txt","executable":"C:\\Windows\\System32\\notepad.exe","name":"notepad.exe","parent":{"executable":"C:\\Windows\\System32\\cmd.exe","name":"cmd.exe","pid":459},"pid":61974},"user":{"domain":"DOMAIN","name":"user"},"winlog":{"channel":"Microsoft-Windows-Sysmon/Operational","computer_name":"WIN-4KM5QEFN.domain.local","event_id":1,"provider_name":"Microsoft-Windows-Sysmon","record_id":3368067,"task":"Process creation (rule: ProcessCreate)"}}
{"@timestamp":"2023-06-10T11:01:18.715Z","CommandLine":"C:\\Windows\\System32\\calc.exe FT9G7U2171","EventID":1,"Image":"C:\\Windows\\System32\\calc.exe","ParentImage":"C:\\Windows\\System32\\calc.exe","ParentProcessId":239,"ProcessId":13181,"User":"jane.smith","agent":{"hostname":"WIN-FGHPLJF6","type":"winlogbeat","version":"8.5.0"},"ecs":{"version":"8.5.0"},"event":{"action":"Process creation","category":["process"],"code":1,"kind":"event","provider":"Microsoft-Windows-Sysmon","type":["start"]},"host":{"name":"WIN-87JEIAK3","os":{"family":"windows","name":"Windows Server 2019","version":"10.0.17763"}},"process":{"args":["C:\\Windows\\System32\\calc.exe","FT9G7U2171"],"command_line":"C:\\Windows\\System32\\calc.exe FT9G7U2171","executable":"C:\\Windows\\System32\\calc.exe","name":"calc.exe","parent":{"executable":"C:\\Windows\\System32\\calc.exe","name":"calc.exe","pid":366},"pid":42897},"user":{"domain":"DOMAIN","name":"jane.smith"},"winlog":{"channel":"Microsoft-Windows-Sysmon/Operational","computer_name":"WIN-53SJR9B3.domain.local","event_id":1,"provider_name":"Microsoft-Windows-Sysmon","record_id":6233410,"task":"Process creation (rule: ProcessCreate)"}}
{"@timestamp":"2023-10-16T10:11:39.360Z","CommandLine":"C:\\Windows\\System32\\rundll32.exe S0KHDVB3KV","EventID":1,"Image":"C:\\Windows\\System32\\rundll32.exe","ParentImage":"C:\\Windows\\System32\\spoolsv.exe","ParentProcessId":833,"ProcessId":22328,"User":"NT AUTHORITY\\NETWORK SERVICE","agent":{"hostname":"WIN-2MS6PGYZ","type":"winlogbeat","version":"8.5.0"},"ecs":{"version":"8.5.0"},"event":{"action":"Process creation","category":["process"],"code":1,"kind":"event","provider":"Microsoft-Windows-Sysmon","type":["start"]},"host":{"name":"WIN-Y7BHTWNP","os":{"family":"windows","name":"Windows Server 2019","version":"10.0.17763"}},"process":{"args":["C:\\Windows\\System32\\rundll32.exe","S0KHDVB3KV"],"command_line":"C:\\Windows\\System32\\rundll32.exe S0KHDVB3KV","executable":"C:\\Windows\\System32\\rundll32.exe","name":"rundll32.exe","parent":{"executable":"C:\\Windows\\System32\\spoolsv.exe","name":"spoolsv.exe","pid":146},"pid":37377},"user":{"domain":"NT AUTHORITY","name":"NT AUTHORITY\\NETWORK SERVICE"},"winlog":{"channel":"Microsoft-Windows-Sysmon/Operational","computer_name":"WIN-CPXXPMQD.domain.local","event_id":1,"provider_name":"Microsoft-Windows-Sysmon","record_id":7711613,"task":"Process creation (rule: ProcessCreate)"}}
{"@timestamp":"2023-11-17T03:29:18.340Z","CommandLine":"C:\\Windows\\System32\\services.exe 3664FRDXD0","EventID":1,"Image":"C:\\Windows\\System32\\services.exe","ParentImage":"C:\\Windows\\System32\\calc.exe","ParentProcessId":932,"ProcessId":39120,"User":"SYSTEM","agent":{"hostname":"WIN-J3ICUDNL","type":"winlogbeat","version":"8.5.0"},"ecs":{"version":"8.5.0"},"event":{"action":"Process creation","category":["process"],"code":1,"kind":"event","provider":"Microsoft-Windows-Sysmon","type":["start"]},"host":{"name":"WIN-9C3IRGBC","os":{"family":"windows","name":"Windows Server 2019","version":"10.0.17763"}},"process":{"args":["C:\\Windows\\System32\\services.exe","3664FRDXD0"],"command_line":"C:\\Windows\\System32\\services.exe 3664FRDXD0","executable":"C:\\Windows\\System32\\services.exe","name":"services.exe","parent":{"executable":"C:\\Windows\\System32\\calc.exe","name":"calc.exe","pid":404},"pid":64035},"user":{"domain":"DOMAIN","name":"SYSTEM"},"winlog":{"channel":"Microsoft-Windows-Sysmon/Operational","computer_name":"WIN-FS20XY8N.domain.local","event_id":1,"provider_name":"Microsoft-Windows-Sysmon","record_id":9004585,"task":"Process creation (rule: ProcessCreate)"}}
{"@timestamp":"2023-03-11T17:43:28.187Z","CommandLine":"C:\\Windows\\System32\\cmd.exe 8S698QYIWX","EventID":1,"Image":"C:\\Windows\\System32\\cmd.exe","ParentImage":"C:\\Windows\\System32\\mshta.exe","ParentProcessId":902,"ProcessId":13268,"User":"admin","agent":{"hostname":"WIN-K2KLL4XH","type":"winlogbeat","version":"8.5.0"},"ecs":{"version":"8.5.0"},"event":{"action":"Process creation","category":["process"],"code":1,"kind":"event","provider":"Microsoft-Windows-Sysmon","type":["start"]},"host":{"name":"WIN-9R5VABEQ","os":{"family":"windows","name":"Windows Server 2019","version":"10.0.17763"}},"process":{"args":["C:\\Windows\\System32\\cmd.exe","8S698QYIWX"],"command_line":"C:\\Windows\\System32\\cmd.exe 8S698QYIWX","executable":"C:\\Windows\\System32\\cmd.exe","name":"cmd.exe","parent":{"executable":"C:\\Windows\\System32\\mshta.exe","name":"mshta.exe","pid":399},"pid":10112},"user":{"domain":"DOMAIN","name":"admin"},"winlog":{"channel":"Microsoft-Windows-Sysmon/Operational","computer_name":"WIN-F4LU99Y4.domain.local","event_id":1,"provider_name":"Microsoft-Windows-Sysmon","record_id":5934673,"task":"Process creation (rule: ProcessCreate)"}}
{"@timestamp":"2023-12-05T07:26:34.381Z","CommandLine":"C:\\Windows\\System32\\winlogon.exe CB7GHBSD4V","EventID":1,"Image":"C:\\Windows\\System32\\winlogon.exe","ParentImage":"C:\\Windows\\System32\\cmd.exe","ParentProcessId":385,"ProcessId":13352,"User":"NT AUTHORITY\\SYSTEM","agent":{"hostname":"WIN-CDRORHZ5","type":"winlogbeat","version":"8.5.0"},"ecs":{"version":"8.5.0"},"event":{"action":"Process creation","category":["process"],"code":1,"kind":"event","provider":"Microsoft-Windows-Sysmon","type":["start"]},"host":{"name":"WIN-463D2HSU","os":{"family":"windows","name":"Windows Server 2019","version":"10.0.17763"}},"process":{"args":["C:\\Windows\\System32\\winlogon.exe","CB7GHBSD4V"],"command_line":"C:\\Windows\\System32\\winlogon.exe CB7GHBSD4V","executable":"C:\\Windows\\System32\\winlogon.exe","name":"winlogon.exe","parent":{"executable":"C:\\Windows\\System32\\cmd.exe","name":"cmd.exe","pid":425},"pid":62015},"user":{"domain":"NT AUTHORITY","name":"NT AUTHORITY\\SYSTEM"},"winlog":{"channel":"Microsoft-Windows-Sysmon/Operational","computer_name":"WIN-LBQE3FAF.domain.local","event_id":1,"provider_name":"Microsoft-Windows-Sysmon","record_id":3076051,"task":"Process creation (rule: ProcessCreate)"}}
{"@timestamp":"2023-09-20T03:07:01.831Z","Details":"C:\\temp\\2CB1U50C.exe","EventID":13,"Image":"C:\\Windows\\System32\\regsvr32.exe","TargetObject":"HKLM\\SOFTWARE\\Microsoft\\Windows\\CurrentVersion\\Run\\0EFL9G5BYE","agent":{"hostname":"WIN-GV2KALBB","type":"winlogbeat","version":"8.5.0"},"ecs":{"version":"8.5.0"},"event":{"action":"Process creation","category":["process"],"code":13,"kind":"event","provider":"Microsoft-Windows-Sysmon","type":["start"]},"host":{"name":"WIN-6GOE5AC2","os":{"family":"windows","name":"Windows Server 2019","version":"10.0.17763"}},"registry":{"data":{"strings":["C:\\temp\\39FGQE5O.exe"]},"key":"HKLM\\SOFTWARE\\Microsoft\\Windows\\CurrentVersion\\Run","value":"AYNC09K2RO"},"winlog":{"channel":"Microsoft-Windows-Sysmon/Operational","computer_name":"WIN-V6C7RTCX.domain.local","event_id":13,"provider_name":"Microsoft-Windows-Sysmon","record_id":2942359,"task":"Process creation (rule: ProcessCreate)"}}
{"@timestamp":"2023-01-11T14:13:18.434Z","CommandLine":"C:\\Windows\\System32\\svchost.exe WQ2LO3V7S8","EventID":1,"Image":"C:\\Windows\\System32\\svchost.exe","ParentImage":"C:\\Program Files (x86)\\Microsoft\\Edge\\Application\\msedge.exe","ParentProcessId":321,"ProcessId":22115,"User":"service_account","agent":{"hostname":"WIN-FG8C7NW7","type":"winlogbeat","version":"8.5.0"},"ecs":{"version":"8.5.0"},"event":{"action":"Process creation","category":["process"],"code":1,"kind":"event","provider":"Microsoft-Windows-Sysmon","type":["start"]},"host":{"name":"WIN-B1Q0L8NT","os":{"family":"windows","name":"Windows Server 2019","version":"10.0.17763"}},"process":{"args":["C:\\Windows\\System32\\svchost.exe","WQ2LO3V7S8"],"command_line":"C:\\Windows\\System32\\svchost.exe WQ2LO3V7S8","executable":"C:\\Windows\\System32\\svchost.exe","name":"svchost.exe","parent":{"executable":"C:\\Program Files (x86)\\Microsoft\\Edge\\Application\\msedge.exe","name":"msedge.exe","pid":430},"pid":44965},"user":{"domain":"DOMAIN","name":"service_account"},"winlog":{"channel":"Microsoft-Windows-Sysmon/Operational","computer_name":"WIN-998TXQ7Z.domain.local","event_id":1,"provider_name":"Microsoft-Windows-Sysmon","record_id":4255051,"task":"Process creation (rule: ProcessCreate)"}}
{"@timestamp":"2023-11-21T00:18:21.483Z","CommandLine":"C:\\Windows\\System32\\wscript.exe M8G92EAVHI","EventID":1,"Image":"C:\\Windows\\System32\\wscript.exe","ParentImage":"C:\\Windows\\System32\\lsass.exe","ParentProcessId":164,"ProcessId":59545,"User":"jane.smith","agent":{"hostname":"WIN-LGSHYOR7","type":"winlogbeat","version":"8.5.0"},"ecs":{"version":"8.5.0"},"event":{"action":"Process creation","category":["process"],"code":1,"kind":"event","provider":"Microsoft-Windows-Sysmon","type":["start"]},"host":{"name":"WIN-2ZJCUAUQ","os":{"family":"windows","name":"Windows Server 2019","version":"10.0.17763"}},"process":{"args":["C:\\Windows\\System32\\wscript.exe","M8G92EAVHI"],"command_line":"C:\\Windows\\System32\\wscript.exe M8G92EAVHI","executable":"C:\\Windows\\System32\\wscript.exe","name":"wscript.exe","parent":{"executable":"C:\\Windows\\System32\\lsass.exe","name":"lsass.exe","pid":226},"pid":57479},"user":{"domain":"DOMAIN","name":"jane.smith"},"winlog":{"channel":"Microsoft-Windows-Sysmon/Operational","computer_name":"WIN-OJDTRT0U.domain.local","event_id":1,"provider_name":"Microsoft-Windows-Sysmon","record_id":5643466,"task":"Process creation (rule: ProcessCreate)"}}
{"@timestamp":"2023-09-17T21:42:17.983Z","CommandLine":"C:\\Windows\\System32\\winlogon.exe O8HZZ4XLUA","EventID":1,"Image":"C:\\Windows\\System32\\winlogon.exe","ParentImage":"C:\\Program Files\\Google\\Chrome\\Application\\chrome.exe","ParentProcessId":524,"ProcessId":37683,"User":"Administrator","agent":{"hostname":"WIN-6IH6B99V","type":"winlogbeat","version":"8.5.0"},"ecs":{"version":"8.5.0"},"event":{"action":"Process creation","category":["process"],"code":1,"kind":"event","provider":"Microsoft-Windows-Sysmon","type":["start"]},"host":{"name":"WIN-0NF82QSS","os":{"family":"windows","name":"Windows Server 2019","version":"10.0.17763"}},"process":{"args":["C:\\Windows\\System32\\winlogon.exe","O8HZZ4XLUA"],"command_line":"C:\\Windows\\System32\\winlogon.exe O8HZZ4XLUA","executable":"C:\\Windows\\System32\\winlogon.exe","name":"winlogon.exe","parent":{"executable":"C:\\Program Files\\Google\\Chrome\\Application\\chrome.exe","name":"chrome.exe","pid":530},"pid":58022},"user":{"domain":"DOMAIN","name":"Administrator"},"winlog":{"channel":"Microsoft-Windows-Sysmon/Operational","computer_name":"WIN-X7OIC5T3.domain.local","event_id":1,"provider_name":"Microsoft-Windows-Sysmon","record_id":4197226,"task":"Process creation (rule: ProcessCreate)"}}
{"@timestamp":"2023-04-20T05:30:39.939Z","CommandLine":"C:\\Windows\\System32\\WindowsPowerShell\\v1.0\\powershell.exe 4PKCK116AV","EventID":1,"Image":"C:\\Windows\\System32\\WindowsPowerShell\\v1.0\\powershell.exe","ParentImage":"C:\\Windows\\System32\\cscript.exe","ParentProcessId":252,"ProcessId":42139,"User":"NT AUTHORITY\\LOCAL SERVICE","agent":{"hostname":"WIN-DGXMOK8S","type":"winlogbeat","version":"8.5.0"},"ecs":{"version":"8.5.0"},"event":{"action":"Process creation","category":["process"],"code":1,"kind":"event","provider":"Microsoft-Windows-Sysmon","type":["start"]},"host":{"name":"WIN-R7H2ZPBO","os":{"family":"windows","name":"Windows Server 2019","version":"10.0.17763"}},"process":{"args":["C:\\Windows\\System32\\WindowsPowerShell\\v1.0\\powershell.exe","4PKCK116AV"],"command_line":"C:\\Windows\\System32\\WindowsPowerShell\\v1.0\\powershell.exe 4PKCK116AV","executable":"C:\\Windows\\System32\\WindowsPowerShell\\v1.0\\powershell.exe","name":"powershell.exe","parent":{"executable":"C:\\Windows\\System32\\cscript.exe","name":"cscript.exe","pid":663},"pid":63527},"user":{"domain":"NT AUTHORITY","name":"NT AUTHORITY\\LOCAL SERVICE"},"winlog":{"channel":"Microsoft-Windows-Sysmon/Operational","computer_name":"WIN-SJGM7OZB.domain.local","event_id":1,"provider_name":"Microsoft-Windows-Sysmon","record_id":9336245,"task":"Process creation (rule: ProcessCreate)"}}
{"@timestamp":"2023-10-17T19:58:58.222Z","Details":"C:\\temp\\DQAGQTS6.exe","EventID":13,"Image":"C:\\Windows\\System32\\spoolsv.exe","TargetObject":"HKLM\\SYSTEM\\CurrentControlSet\\Services\\WNUKM9RE69","agent":{"hostname":"WIN-96XJYMZR","type":"winlogbeat","version":"8.5.0"},"ecs":{"version":"8.5.0"},"event":{"action":"Process creation","category":["process"],"code":13,"kind":"event","provider":"Microsoft-Windows-Sysmon","type":["start"]},"host":{"name":"WIN-CTDGCXCV","os":{"family":"windows","name":"Windows Server 2019","version":"10.0.17763"}},"registry":{"data":{"strings":["C:\\temp\\OHOB09Z7.exe"]},"key":"HKLM\\SYSTEM\\CurrentControlSet\\Services","value":"8AAQZHY4H5"},"winlog":{"channel":"Microsoft-Windows-Sysmon/Operational","computer_name":"WIN-QZJ9S6EL.domain.local","event_id":13,"provider_name":"Microsoft-Windows-Sysmon","record_id":1035887,"task":"Process creation (rule: ProcessCreate)"}}
{"@timestamp":"2023-07-02T12:39:17.870Z","EventID":17,"Image":"C:\\Windows\\System32\\cmd.exe","PipeName":"\\pipe\\mojo.3645.PI46U4N4","agent":{"hostname":"WIN-SRSJDBBQ","type":"winlogbeat","version":"8.5.0"},"ecs":{"version":"8.5.0"},"event":{"action":"Process creation","category":["process"],"code":17,"kind":"event","provider":"Microsoft-Windows-Sysmon","type":["start"]},"host":{"name":"WIN-1WIUVRPA","os":{"family":"windows","name":"Windows Server 2019","version":"10.0.17763"}},"winlog":{"channel":"Microsoft-Windows-Sysmon/Operational","computer_name":"WIN-AGZ53RYB.domain.local","event_id":17,"provider_name":"Microsoft-Windows-Sysmon","record_id":8290287,"task":"Process creation (rule: ProcessCreate)"}}
{"@timestamp":"2023-12-09T20:46:40.110Z","CommandLine":"C:\\Windows\\System32\\lsass.exe JXAUP941T3","EventID":1,"Image":"C:\\Windows\\System32\\lsass.exe","ParentImage":"C:\\Windows\\System32\\mshta.exe","ParentProcessId":140,"ProcessId":44714,"User":"Administrator","agent":{"hostname":"WIN-311M6ATE","type":"winlogbeat","version":"8.5.0"},"ecs":{"version":"8.5.0"},"event":{"action":"Process creation","category":["process"],"code":1,"kind":"event","provider":"Microsoft-Windows-Sysmon","type":["start"]},"host":{"name":"WIN-V3IE2OH3","os":{"family":"windows","name":"Windows Server 2019","version":"10.0.17763"}},"process":{"args":["C:\\Windows\\System32\\lsass.exe","JXAUP941T3"],"command_line":"C:\\Windows\\System32\\lsass.exe JXAUP941T3","executable":"C:\\Windows\\System32\\lsass.exe","name":"lsass.exe","parent":{"executable":"C:\\Windows\\System32\\mshta.exe","name":"mshta.exe","pid":516},"pid":52547},"user":{"domain":"DOMAIN","name":"Administrator"},"winlog":{"channel":"Microsoft-Windows-Sysmon/Operational","computer_name":"WIN-C84CC11U.domain.local","event_id":1,"provider_name":"Microsoft-Windows-Sysmon","record_id":2811048,"task":"Process creation (rule: ProcessCreate)"}}
{"@timestamp":"2023-10-28T03:36:58.186Z","DestinationIp":"legitimate-service.com","DestinationPort":8080,"EventID":3,"Image":"C:\\Windows\\System32\\wscript.exe","Protocol":"tcp","SourceIp":"192.168.1.100","SourcePort":56460,"agent":{"hostname":"WIN-UJNWF0HK","type":"winlogbeat","version":"8.5.0"},"destination":{"ip":"legitimate-service.com","port":8080},"ecs":{"version":"8.5.0"},"event":{"action":"Process creation","category":["process"],"code":3,"kind":"event","provider":"Microsoft-Windows-Sysmon","type":["start"]},"host":{"name":"WIN-4M1WR92C","os":{"family":"windows","name":"Windows Server 2019","version":"10.0.17763"}},"network":{"direction":"outbound","protocol":"tcp"},"source":{"ip":"192.168.1.100","port":56460},"winlog":{"channel":"Microsoft-Windows-Sysmon/Operational","computer_name":"WIN-OO6Z3JC8.domain.local","event_id":3,"provider_name":"Microsoft-Windows-Sysmon","record_id":5081667,"task":"Process creation (rule: ProcessCreate)"}}
{"@timestamp":"2023-12-11T08:53:51.226Z","CommandLine":"C:\\Windows\\System32\\mshta.exe 1986KM0S5P","EventID":1,"Image":"C:\\Windows\\System32\\mshta.exe","ParentImage":"C:\\Windows\\System32\\cscript.exe","ParentProcessId":354,"ProcessId":63756,"User":"NT AUTHORITY\\LOCAL SERVICE","agent":{"hostname":"WIN-88CFEJLH","type":"winlogbeat","version":"8.5.0"},"ecs":{"version":"8.5.0"},"event":{"action":"Process creation","category":["process"],"code":1,"kind":"event","provider":"Microsoft-Windows-Sysmon","type":["start"]},"host":{"name":"WIN-S6SYQQRA","os":{"family":"windows","name":"Windows Server 2019","version":"10.0.17763"}},"process":{"args":["C:\\Windows\\System32\\mshta.exe","1986KM0S5P"],"command_line":"C:\\Windows\\System32\\mshta.exe 1986KM0S5P","executable":"C:\\Windows\\System32\\mshta.exe","name":"mshta.exe","parent":{"executable":"C:\\Windows\\System32\\cscript.exe","name":"cscript.exe","pid":870},"pid":61784},"user":{"domain":"NT AUTHORITY","name":"NT AUTHORITY\\LOCAL SERVICE"},"winlog":{"channel":"Microsoft-Windows-Sysmon/Operational","computer_name":"WIN-YOCTR9NV.domain.local","event_id":1,"provider_name":"Microsoft-Windows-Sysmon","record_id":1372985,"task":"Process creation (rule: ProcessCreate)"}}
{"@timestamp":"2023-04-22T16:40:57.134Z","Details":"C:\\temp\\86T4CVMH.exe","EventID":13,"Image":"C:\\Windows\\System32\\services.exe","TargetObject":"HKCU\\SOFTWARE\\Microsoft\\Windows\\CurrentVersion\\Run\\BZ48MZ3UF0","agent":{"hostname":"WIN-VP2GZLLJ","type":"winlogbeat","version":"8.5.0"},"ecs":{"version":"8.5.0"},"event":{"action":"Process creation","category":["process"],"code":13,"kind":"event","provider":"Microsoft-Windows-Sysmon","type":["start"]},"host":{"name":"WIN-8FCXP3LH","os":{"family":"windows","name":"Windows Server 2019","version":"10.0.17763"}},"registry":{"data":{"strings":["C:\\temp\\E1A322ZD.exe"]},"key":"HKCU\\SOFTWARE\\Microsoft\\Windows\\CurrentVersion\\Run","value":"OWVYPSZLQF"},"winlog":{"channel":"Microsoft-Windows-Sysmon/Operational","computer_name":"WIN-GDV8CZ83.domain.local","event_id":13,"provider_name":"Microsoft-Windows-Sysmon","record_id":2593608,"task":"Process creation (rule: ProcessCreate)"}}
{"@timestamp":"2023-01-06T10:59:38.103Z","DestinationIp":"208.67.222.222","DestinationPort":8443,"EventID":3,"Image":"C:\\Windows\\System32\\wscript.exe","Protocol":"tcp","SourceIp":"192.168.1.100","SourcePort":55393,"agent":{"hostname":"WIN-EWGJAWAI","type":"winlogbeat","version":"8.5.0"},"destination":{"ip":"208.67.222.222","port":8443},"ecs":{"version":"8.5.0"},"event":{"action":"Process creation","category":["process"],"code":3,"kind":"event","provider":"Microsoft-Windows-Sysmon","type":["start"]},"host":{"name":"WIN-LOFE2PSU","os":{"family":"windows","name":"Windows Server 2019","version":"10.0.17763"}},"network":{"direction":"outbound","protocol":"tcp"},"source":{"ip":"192.168.1.100","port":55393},"winlog":{"channel":"Microsoft-Windows-Sysmon/Operational","computer_name":"WIN-2S31HC1F.domain.local","event_id":3,"provider_name":"Microsoft-Windows-Sysmon","record_id":1306292,"task":"Process creation (rule: ProcessCreate)"}}
{"@timestamp":"2023-06-20T11:12:59.458Z","Details":"C:\\temp\\9HEFG4LF.exe","EventID":13,"Image":"C:\\Windows\\System32\\taskmgr.exe","TargetObject":"HKLM\\SOFTWARE\\Microsoft\\Windows\\CurrentVersion\\Run\\8MVHSWFJFQ","agent":{"hostname":"WIN-TNUJA8SA","type":"winlogbeat","version":"8.5.0"},"ecs":{"version":"8.5.0"},"event":{"action":"Process creation","category":["process"],"code":13,"kind":"event","provider":"Microsoft-Windows-Sysmon","type":["start"]},"host":{"name":"WIN-XN6LILLB","os":{"family":"windows","name":"Windows Server 2019","version":"10.0.17763"}},"registry":{"data":{"strings":["C:\\temp\\AILBQTC8.exe"]},"key":"HKLM\\SOFTWARE\\Microsoft\\Windows\\CurrentVersion\\Run","value":"635Z06RLJK"},"winlog":{"channel":"Microsoft-Windows-Sysmon/Operational","computer_name":"WIN-KVGXKZ68.domain.local","event_id":13,"provider_name":"Microsoft-Windows-Sysmon","record_id":5389119,"task":"Process creation (rule: ProcessCreate)"}}
{"@timestamp":"2023-07-19T07:36:51.932Z","CommandLine":"C:\\Windows\\System32\\powershell.exe BXVK589SZK","EventID":1,"Image":"C:\\Windows\\System32\\powershell.exe","ParentImage":"C:\\Windows\\System32\\cmd.exe","ParentProcessId":491,"ProcessId":18610,"User":"NT AUTHORITY\\LOCAL SERVICE","agent":{"hostname":"WIN-51YD99AN","type":"winlogbeat","version":"8.5.0"},"ecs":{"version":"8.5.0"},"event":{"action":"Process creation","category":["process"],"code":1,"kind":"event","provider":"Microsoft-Windows-Sysmon","type":["start"]},"host":{"name":"WIN-5NQ949SG","os":{"family":"windows","name":"Windows Server 2019","version":"10.0.17763"}},"process":{"args":["C:\\Windows\\System32\\powershell.exe","BXVK589SZK"],"command_line":"C:\\Windows\\System32\\powershell.exe BXVK589SZK","executable":"C:\\Windows\\System32\\powershell.exe","name":"powershell.exe","parent":{"executable":"C:\\Windows\\System32\\cmd.exe","name":"cmd.exe","pid":411},"pid":35470},"user":{"domain":"NT AUTHORITY","name":"NT AUTHORITY\\LOCAL SERVICE"},"winlog":{"channel":"Microsoft-Windows-Sysmon/Operational","computer_name":"WIN-8W5GWUFO.domain.local","event_id":1,"provider_name":"Microsoft-Windows-Sysmon","record_id":7546685,"task":"Process creation (rule: ProcessCreate)"}}
{"@timestamp":"2023-12-04T21:17:11.370Z","CommandLine":"C:\\Program Files (x86)\\Microsoft\\Edge\\Application\\msedge.exe N0Z9RJGLRM","EventID":1,"Image":"C:\\Program Files (x86)\\Microsoft\\Edge\\Application\\msedge.exe","ParentImage":"C:\\Windows\\System32\\wininit.exe","ParentProcessId":687,"ProcessId":61259,"User":"Guest","agent":{"hostname":"WIN-YDVTWO6V","type":"winlogbeat","version":"8.5.0"},"ecs":{"version":"8.5.0"},"event":{"action":"Process creation","category":["process"],"code":1,"kind":"event","provider":"Microsoft-Windows-Sysmon","type":["start"]},"host":{"name":"WIN-6Z014AU0","os":{"family":"windows","name":"Windows Server 2019","version":"10.0.17763"}},"process":{"args":["C:\\Program","Files","(x86)\\Microsoft\\Edge\\Application\\msedge.exe","N0Z9RJGLRM"],"command_line":"C:\\Program Files (x86)\\Microsoft\\Edge\\Application\\msedge.exe N0Z9RJGLRM","executable":"C:\\Program Files (x86)\\Microsoft\\Edge\\Application\\msedge.exe","name":"msedge.exe","parent":{"executable":"C:\\Windows\\System32\\wininit.exe","name":"wininit.exe","pid":935},"pid":22430},"user":{"domain":"DOMAIN","name":"Guest"},"winlog":{"channel":"Microsoft-Windows-Sysmon/Operational","computer_name":"WIN-H198EO8T.domain.local","event_id":1,"provider_name":"Microsoft-Windows-Sysmon","record_id":2103625,"task":"Process creation (rule: ProcessCreate)"}}
{"@timestamp":"2023-06-24T19:04:03.792Z","CommandLine":"C:\\Windows\\System32\\lsass.exe YHNC8JJSFL","EventID":1,"Image":"C:\\Windows\\System32\\lsass.exe","ParentImage":"C:\\Windows\\System32\\cmd.exe","ParentProcessId":714,"ProcessId":57558,"User":"NT AUTHORITY\\LOCAL SERVICE","agent":{"hostname":"WIN-4HLBZFPP","type":"winlogbeat","version":"8.5.0"},"ecs":{"version":"8.5.0"},"event":{"action":"Process creation","category":["process"],"code":1,"kind":"event","provider":"Microsoft-Windows-Sysmon","type":["start"]},"host":{"name":"WIN-DPPO03TL","os":{"family":"windows","name":"Windows Server 2019","version":"10.0.17763"}},"process":{"args":["C:\\Windows\\System32\\lsass.exe","YHNC8JJSFL"],"command_line":"C:\\Windows\\System32\\lsass.exe YHNC8JJSFL","executable":"C:\\Windows\\System32\\lsass.exe","name":"lsass.exe","parent":{"executable":"C:\\Windows\\System32\\cmd.exe","name":"cmd.exe","pid":670},"pid":43441},"user":{"domain":"NT AUTHORITY","name":"NT AUTHORITY\\LOCAL SERVICE"},"winlog":{"channel":"Microsoft-Windows-Sysmon/Operational","computer_name":"WIN-L67ZKTR0.domain.local","event_id":1,"provider_name":"Microsoft-Windows-Sysmon","record_id":9339601,"task":"Process creation (rule: ProcessCreate)"}}
{"@timestamp":"2023-08-27T07:31:41.209Z","Details":"C:\\temp\\ELOGF44S.exe","EventID":13,"Image":"C:\\Windows\\System32\\WindowsPowerShell\\v1.0\\powershell.exe","TargetObject":"HKLM\\SOFTWARE\\Classes\\exefile\\shell\\open\\command\\3B4LZPX7EC","agent":{"hostname":"WIN-ESIYGMO2","type":"winlogbeat","version":"8.5.0"},"ecs":{"version":"8.5.0"},"event":{"action":"Process creation","category":["process"],"code":13,"kind":"event","provider":"Microsoft-Windows-Sysmon","type":["start"]},"host":{"name":"WIN-53D7AECM","os":{"family":"windows","name":"Windows Server 2019","version":"10.0.17763"}},"registry":{"data":{"strings":["C:\\temp\\SCVAKS16.exe"]},"key":"HKLM\\SOFTWARE\\Classes\\exefile\\shell\\open\\command","value":"KCPG6JASTH"},"winlog":{"channel":"Microsoft-Windows-Sysmon/Operational","computer_name":"WIN-B20IRU3G.domain.local","event_id":13,"provider_name":"Microsoft-Windows-Sysmon","record_id":3799331,"task":"Process creation (rule: ProcessCreate)"}}
{"@timestamp":"2023-11-23T03:10:41.730Z","EventID":17,"Image":"C:\\Windows\\System32\\taskmgr.exe","PipeName":"\\pipe\\spoolss","agent":{"hostname":"WIN-0ZJ2QPHI","type":"winlogbeat","version":"8.5.0"},"ecs":{"version":"8.5.0"},"event":{"action":"Process creation","category":["process"],"code":17,"kind":"event","provider":"Microsoft-Windows-Sysmon","type":["start"]},"host":{"name":"WIN-Z85ZG3E4","os":{"family":"windows","name":"Windows Server 2019","version":"10.0.17763"}},"winlog":{"channel":"Microsoft-Windows-Sysmon/Operational","computer_name":"WIN-R8BCU77Y.domain.local","event_id":17,"provider_name":"Microsoft-Windows-Sysmon","record_id":6349559,"task":"Process creation (rule: ProcessCreate)"}}
