{"@timestamp":"2023-06-08T16:52:42.614Z","EventID":17,"Image":"C:\\Windows\\System32\\wininit.exe","PipeName":"\\pipe\\wkssvc","agent":{"hostname":"WIN-PEF6N5N1","type":"winlogbeat","version":"8.5.0"},"ecs":{"version":"8.5.0"},"event":{"action":"Process creation","category":["process"],"code":17,"kind":"event","provider":"Microsoft-Windows-Sysmon","type":["start"]},"host":{"name":"WIN-8CO24N12","os":{"family":"windows","name":"Windows Server 2019","version":"10.0.17763"}},"winlog":{"channel":"Microsoft-Windows-Sysmon/Operational","computer_name":"WIN-FYV9RRPK.domain.local","event_id":17,"provider_name":"Microsoft-Windows-Sysmon","record_id":1355771,"task":"Process creation (rule: ProcessCreate)"}}
{"@timestamp":"2023-04-27T06:11:32.722Z","EventID":17,"Image":"C:\\Windows\\System32\\cmd.exe","PipeName":"\\pipe\\spoolss","agent":{"hostname":"WIN-HH76DNMK","type":"winlogbeat","version":"8.5.0"},"ecs":{"version":"8.5.0"},"event":{"action":"Process creation","category":["process"],"code":17,"kind":"event","provider":"Microsoft-Windows-Sysmon","type":["start"]},"host":{"name":"WIN-OQHE5PVB","os":{"family":"windows","name":"Windows Server 2019","version":"10.0.17763"}},"winlog":{"channel":"Microsoft-Windows-Sysmon/Operational","computer_name":"WIN-IFIBXO0B.domain.local","event_id":17,"provider_name":"Microsoft-Windows-Sysmon","record_id":1373694,"task":"Process creation (rule: ProcessCreate)"}}
{"@timestamp":"2023-03-20T07:22:29.924Z","CommandLine":"C:\\Windows\\System32\\explorer.exe","EventID":1,"Image":"C:\\Windows\\System32\\explorer.exe","ParentImage":"C:\\Windows\\System32\\wscript.exe","ParentProcessId":672,"ProcessId":24600,"User":"john.doe","agent":{"hostname":"WIN-0WFDCF8W","type":"winlogbeat","version":"8.5.0"},"ecs":{"version":"8.5.0"},"event":{"action":"Process creation","category":["process"],"code":1,"kind":"event","provider":"Microsoft-Windows-Sysmon","type":["start"]},"host":{"name":"WIN-M6A9KGLV","os":{"family":"windows","name":"Windows Server 2019","version":"10.0.17763"}},"process":{"args":["C:\\Windows\\System32\\explorer.exe"],"command_line":"C:\\Windows\\System32\\explorer.exe","executable":"C:\\Windows\\System32\\explorer.exe","name":"explorer.exe","parent":{"executable":"C:\\Windows\\System32\\wscript.exe","name":"wscript.exe","pid":499},"pid":37453},"user":{"domain":"DOMAIN","name":"john.doe"},"winlog":{"channel":"Microsoft-Windows-Sysmon/Operational","computer_name":"WIN-DJGH4YNH.domain.local","event_id":1,"provider_name":"Microsoft-Windows-Sysmon","record_id":4897912,"task":"Process creation (rule: ProcessCreate)"}}
{"@timestamp":"2023-08-10T04:11:51.264Z","CommandLine":"C:\\Windows\\System32\\svchost.exe I4DXDQ7IVG","EventID":1,"Image":"C:\\Windows\\System32\\svchost.exe","ParentImage":"C:\\Windows\\System32\\cmd.exe","ParentProcessId":345,"ProcessId":34533,"User":"user","agent":{"hostname":"WIN-G07NBJVI","type":"winlogbeat","version":"8.5.0"},"ecs":{"version":"8.5.0"},"event":{"action":"Process creation","category":["process"],"code":1,"kind":"event","provider":"Microsoft-Windows-Sysmon","type":["start"]},"host":{"name":"WIN-SSSHJ94A","os":{"family":"windows","name":"Windows Server 2019","version":"10.0.17763"}},"process":{"args":["C:\\Windows\\System32\\svchost.exe","I4DXDQ7IVG"],"command_line":"C:\\Windows\\System32\\svchost.exe I4DXDQ7IVG","executable":"C:\\Windows\\System32\\svchost.exe","name":"svchost.exe","parent":{"executable":"C:\\Windows\\System32\\cmd.exe","name":"cmd.exe","pid":155},"pid":25927},"user":{"domain":"DOMAIN","name":"user"},"winlog":{"channel":"Microsoft-Windows-Sysmon/Operational","computer_name":"WIN-F7H82L9Q.domain.local","event_id":1,"provider_name":"Microsoft-Windows-Sysmon","record_id":5197563,"task":"Process creation (rule: ProcessCreate)"}}
{"@timestamp":"2023-11-12T18:50:17.460Z","CommandLine":"C:\\Windows\\System32\\wscript.exe D5NP59WYSU","EventID":1,"Image":"C:\\Windows\\System32\\wscript.exe","ParentImage":"C:\\Program Files\\Mozilla Firefox\\firefox.exe","ParentProcessId":937,"ProcessId":39684,"User":"NT AUTHORITY\\NETWORK SERVICE","agent":{"hostname":"WIN-IBVGBYO2","type":"winlogbeat","version":"8.5.0"},"ecs":{"version":"8.5.0"},"event":{"action":"Process creation","category":["process"],"code":1,"kind":"event","provider":"Microsoft-Windows-Sysmon","type":["start"]},"host":{"name":"WIN-4AXTYZZD","os":{"family":"windows","name":"Windows Server 2019","version":"10.0.17763"}},"process":{"args":["C:\\Windows\\System32\\wscript.exe","D5NP59WYSU"],"command_line":"C:\\Windows\\System32\\wscript.exe D5NP59WYSU","executable":"C:\\Windows\\System32\\wscript.exe","name":"wscript.exe","parent":{"executable":"C:\\Program Files\\Mozilla Firefox\\firefox.exe","name":"firefox.exe","pid":173},"pid":61085},"user":{"domain":"NT AUTHORITY","name":"NT AUTHORITY\\NETWORK SERVICE"},"winlog":{"channel":"Microsoft-Windows-Sysmon/Operational","computer_name":"WIN-JP040978.domain.local","event_id":1,"provider_name":"Microsoft-Windows-Sysmon","record_id":6366290,"task":"Process creation (rule: ProcessCreate)"}}
{"@timestamp":"2023-07-12T09:24:54.143Z","CommandLine":"C:\\Windows\\System32\\WindowsPowerShell\\v1.0\\powershell.exe DS2762N2SG","EventID":1,"Image":"C:\\Windows\\System32\\WindowsPowerShell\\v1.0\\powershell.exe","ParentImage":"C:\\Program Files\\Mozilla Firefox\\firefox.exe","ParentProcessId":668,"ProcessId":61609,"User":"Guest","agent":{"hostname":"WIN-ITWXJPF4","type":"winlogbeat","version":"8.5.0"},"ecs":{"version":"8.5.0"},"event":{"action":"Process creation","category":["process"],"code":1,"kind":"event","provider":"Microsoft-Windows-Sysmon","type":["start"]},"host":{"name":"WIN-L7127MD4","os":{"family":"windows","name":"Windows Server 2019","version":"10.0.17763"}},"process":{"args":["C:\\Windows\\System32\\WindowsPowerShell\\v1.0\\powershell.exe","DS2762N2SG"],"command_line":"C:\\Windows\\System32\\WindowsPowerShell\\v1.0\\powershell.exe DS2762N2SG","executable":"C:\\Windows\\System32\\WindowsPowerShell\\v1.0\\powershell.exe","name":"powershell.exe","parent":{"executable":"C:\\Program Files\\Mozilla Firefox\\firefox.exe","name":"firefox.exe","pid":986},"pid":28826},"user":{"domain":"DOMAIN","name":"Guest"},"winlog":{"channel":"Microsoft-Windows-Sysmon/Operational","computer_name":"WIN-L15WYLNV.domain.local","event_id":1,"provider_name":"Microsoft-Windows-Sysmon","record_id":5797253,"task":"Process creation (rule: ProcessCreate)"}}
{"@timestamp":"2023-04-14T11:15:59.747Z","CommandLine":"C:\\Windows\\System32\\lsass.exe TO4A0VQDMQ","EventID":1,"Image":"C:\\Windows\\System32\\lsass.exe","ParentImage":"C:\\Windows\\System32\\cscript.exe","ParentProcessId":532,"ProcessId":48927,"User":"SYSTEM","agent":{"hostname":"WIN-6MEG82PT","type":"winlogbeat","version":"8.5.0"},"ecs":{"version":"8.5.0"},"event":{"action":"Process creation","category":["process"],"code":1,"kind":"event","provider":"Microsoft-Windows-Sysmon","type":["start"]},"host":{"name":"WIN-DYOJ7BLZ","os":{"family":"windows","name":"Windows Server 2019","version":"10.0.17763"}},"process":{"args":["C:\\Windows\\System32\\lsass.exe","TO4A0VQDMQ"],"command_line":"C:\\Windows\\System32\\lsass.exe TO4A0VQDMQ","executable":"C:\\Windows\\System32\\lsass.exe","name":"lsass.exe","parent":{"executable":"C:\\Windows\\System32\\cscript.exe","name":"cscript.exe","pid":666},"pid":7115},"user":{"domain":"DOMAIN","name":"SYSTEM"},"winlog":{"channel":"Microsoft-Windows-Sysmon/Operational","computer_name":"WIN-DDWXUR1D.domain.local","event_id":1,"provider_name":"Microsoft-Windows-Sysmon","record_id":6872721,"task":"Process creation (rule: ProcessCreate)"}}
{"@timestamp":"2023-09-06T15:22:15.892Z","DestinationIp":"8.8.8.8","DestinationPort":53,"EventID":3,"Image":"C:\\Windows\\System32\\explorer.exe","Protocol":"tcp","SourceIp":"192.168.1.100","SourcePort":58997,"agent":{"hostname":"WIN-2NGAO2GV","type":"winlogbeat","version":"8.5.0"},"destination":{"ip":"8.8.8.8","port":53},"ecs":{"version":"8.5.0"},"event":{"action":"Process creation","category":["process"],"code":3,"kind":"event","provider":"Microsoft-Windows-Sysmon","type":["start"]},"host":{"name":"WIN-HRBBGWHT","os":{"family":"windows","name":"Windows Server 2019","version":"10.0.17763"}},"network":{"direction":"outbound","protocol":"tcp"},"source":{"ip":"192.168.1.100","port":58997},"winlog":{"channel":"Microsoft-Windows-Sysmon/Operational","computer_name":"WIN-V0UYJ7PP.domain.local","event_id":3,"provider_name":"Microsoft-Windows-Sysmon","record_id":6472745,"task":"Process creation (rule: ProcessCreate)"}}
{"@timestamp":"2023-10-28T14:54:40.608Z","Details":"C:\\temp\\UM432AUW.exe","EventID":13,"Image":"C:\\Windows\\System32\\svchost.exe","TargetObject":"HKLM\\SOFTWARE\\Classes\\exefile\\shell\\open\\command\\XSDRQR0483","agent":{"hostname":"WIN-7LY78XEB","type":"winlogbeat","version":"8.5.0"},"ecs":{"version":"8.5.0"},"event":{"action":"Process creation","category":["process"],"code":13,"kind":"event","provider":"Microsoft-Windows-Sysmon","type":["start"]},"host":{"name":"WIN-LI0RM54C","os":{"family":"windows","name":"Windows Server 2019","version":"10.0.17763"}},"registry":{"data":{"strings":["C:\\temp\\QM2JL3OH.exe"]},"key":"HKLM\\SOFTWARE\\Classes\\exefile\\shell\\open\\command","value":"8QG3R9U5TB"},"winlog":{"channel":"Microsoft-Windows-Sysmon/Operational","computer_name":"WIN-9S095PVQ.domain.local","event_id":13,"provider_name":"Microsoft-Windows-Sysmon","record_id":8625819,"task":"Process creation (rule: ProcessCreate)"}}
{"@timestamp":"2023-05-13T04:19:59.796Z","CommandLine":"C:\\Windows\\System32\\mshta.exe U9Y7YEFV2N","EventID":1,"Image":"C:\\Windows\\System32\\mshta.exe","ParentImage":"C:\\Windows\\System32\\cscript.exe","ParentProcessId":398,"ProcessId":64021,"User":"user","agent":{"hostname":"WIN-37CZFBFX","type":"winlogbeat","version":"8.5.0"},"ecs":{"version":"8.5.0"},"event":{"action":"Process creation","category":["process"],"code":1,"kind":"event","provider":"Microsoft-Windows-Sysmon","type":["start"]},"host":{"name":"WIN-1DL108JH","os":{"family":"windows","name":"Windows Server 2019","version":"10.0.17763"}},"process":{"args":["C:\\Windows\\System32\\mshta.exe","U9Y7YEFV2N"],"command_line":"C:\\Windows\\System32\\mshta.exe U9Y7YEFV2N","executable":"C:\\Windows\\System32\\mshta.exe","name":"mshta.exe","parent":{"executable":"C:\\Windows\\System32\\cscript.exe","name":"cscript.exe","pid":284},"pid":15549},"user":{"domain":"DOMAIN","name":"user"},"winlog":{"channel":"Microsoft-Windows-Sysmon/Operational","computer_name":"WIN-Z8DO73SP.domain.local","event_id":1,"provider_name":"Microsoft-Windows-Sysmon","record_id":8844486,"task":"Process creation (rule: ProcessCreate)"}}
{"@timestamp":"2023-12-02T17:33:01.891Z","Details":"C:\\temp\\5SN0251C.exe","EventID":13,"Image":"C:\\Windows\\System32\\explorer.exe","TargetObject":"HKLM\\SYSTEM\\CurrentControlSet\\Services\\G5VPG9U4MS","agent":{"hostname":"WIN-G1ASKMEA","type":"winlogbeat","version":"8.5.0"},"ecs":{"version":"8.5.0"},"event":{"action":"Process creation","category":["process"],"code":13,"kind":"event","provider":"Microsoft-Windows-Sysmon","type":["start"]},"host":{"name":"WIN-8QIO3S5F","os":{"family":"windows","name":"Windows Server 2019","version":"10.0.17763"}},"registry":{"data":{"strings":["C:\\temp\\PTJ01GFB.exe"]},"key":"HKLM\\SYSTEM\\CurrentControlSet\\Services","value":"U8NTYSI6BS"},"winlog":{"channel":"Microsoft-Windows-Sysmon/Operational","computer_name":"WIN-1TH0V1CY.domain.local","event_id":13,"provider_name":"Microsoft-Windows-Sysmon","record_id":2536978,"task":"Process creation (rule: ProcessCreate)"}}
{"@timestamp":"2023-03-11T07:49:10.410Z","CommandLine":"C:\\Windows\\System32\\calc.exe P5L69SIZCR","EventID":1,"Image":"C:\\Windows\\System32\\calc.exe","ParentImage":"C:\\Windows\\System32\\lsass.exe","ParentProcessId":926,"ProcessId":58084,"User":"service_account","agent":{"hostname":"WIN-R4KCS9I4","type":"winlogbeat","version":"8.5.0"},"ecs":{"version":"8.5.0"},"event":{"action":"Process creation","category":["process"],"code":1,"kind":"event","provider":"Microsoft-Windows-Sysmon","type":["start"]},"host":{"name":"WIN-BXWZOOFK","os":{"family":"windows","name":"Windows Server 2019","version":"10.0.17763"}},"process":{"args":["C:\\Windows\\System32\\calc.exe","P5L69SIZCR"],"command_line":"C:\\Windows\\System32\\calc.exe P5L69SIZCR","executable":"C:\\Windows\\System32\\calc.exe","name":"calc.exe","parent":{"executable":"C:\\Windows\\System32\\lsass.exe","name":"lsass.exe","pid":146},"pid":44653},"user":{"domain":"DOMAIN","name":"service_account"},"winlog":{"channel":"Microsoft-Windows-Sysmon/Operational","computer_name":"WIN-U77LU7XW.domain.local","event_id":1,"provider_name":"Microsoft-Windows-Sysmon","record_id":8827128,"task":"Process creation (rule: ProcessCreate)"}}
{"@timestamp":"2023-12-22T11:06:53.572Z","CommandLine":"C:\\Windows\\System32\\powershell.exe OCIDPHIBC0","EventID":1,"Image":"C:\\Windows\\System32\\powershell.exe","ParentImage":"C:\\Windows\\System32\\services.exe","ParentProcessId":547,"ProcessId":8782,"User":"service_account","agent":{"hostname":"WIN-9QR1BEI1","type":"winlogbeat","version":"8.5.0"},"ecs":{"version":"8.5.0"},"event":{"action":"Process creation","category":["process"],"code":1,"kind":"event","provider":"Microsoft-Windows-Sysmon","type":["start"]},"host":{"name":"WIN-YPWKWWLF","os":{"family":"windows","name":"Windows Server 2019","version":"10.0.17763"}},"process":{"args":["C:\\Windows\\System32\\powershell.exe","OCIDPHIBC0"],"command_line":"C:\\Windows\\System32\\powershell.exe OCIDPHIBC0","executable":"C:\\Windows\\System32\\powershell.exe","name":"powershell.exe","parent":{"executable":"C:\\Windows\\System32\\services.exe","name":"services.exe","pid":792},"pid":40675},"user":{"domain":"DOMAIN","name":"service_account"},"winlog":{"channel":"Microsoft-Windows-Sysmon/Operational","computer_name":"WIN-IN1ZSAJV.domain.local","event_id":1,"provider_name":"Microsoft-Windows-Sysmon","record_id":8745226,"task":"Process creation (rule: ProcessCreate)"}}
{"@timestamp":"2023-10-25T02:57:19.160Z","DestinationIp":"legitimate-service.com","DestinationPort":8443,"EventID":3,"Image":"C:\\Windows\\System32\\cmd.exe","Protocol":"tcp","SourceIp":"192.168.1.100","SourcePort":51748,"agent":{"hostname":"WIN-3EQ6GFDS","type":"winlogbeat","version":"8.5.0"},"destination":{"ip":"legitimate-service.com","port":8443},"ecs":{"version":"8.5.0"},"event":{"action":"Process creation","category":["process"],"code":3,"kind":"event","provider":"Microsoft-Windows-Sysmon","type":["start"]},"host":{"name":"WIN-IXASU3Z0","os":{"family":"windows","name":"Windows Server 2019","version":"10.0.17763"}},"network":{"direction":"outbound","protocol":"tcp"},"source":{"ip":"192.168.1.100","port":51748},"winlog":{"channel":"Microsoft-Windows-Sysmon/Operational","computer_name":"WIN-JJK0TFQX.domain.local","event_id":3,"provider_name":"Microsoft-Windows-Sysmon","record_id":3804109,"task":"Process creation (rule: ProcessCreate)"}}
{"@timestamp":"2023-09-27T04:29:58.493Z","CommandLine":"C:\\Windows\\System32\\svchost.exe KE55V3WVZY","EventID":1,"Image":"C:\\Windows\\System32\\svchost.exe","ParentImage":"C:\\Program Files (x86)\\Microsoft\\Edge\\Application\\msedge.exe","ParentProcessId":372,"ProcessId":18468,"User":"NT AUTHORITY\\SYSTEM","agent":{"hostname":"WIN-JLY990ZH","type":"winlogbeat","version":"8.5.0"},"ecs":{"version":"8.5.0"},"event":{"action":"Process creation","category":["process"],"code":1,"kind":"event","provider":"Microsoft-Windows-Sysmon","type":["start"]},"host":{"name":"WIN-XM1DBGBT","os":{"family":"windows","name":"Windows Server 2019","version":"10.0.17763"}},"process":{"args":["C:\\Windows\\System32\\svchost.exe","KE55V3WVZY"],"command_line":"C:\\Windows\\System32\\svchost.exe KE55V3WVZY","executable":"C:\\Windows\\System32\\svchost.exe","name":"svchost.exe","parent":{"executable":"C:\\Program Files (x86)\\Microsoft\\Edge\\Application\\msedge.exe","name":"msedge.exe","pid":497},"pid":24535},"user":{"domain":"NT AUTHORITY","name":"NT AUTHORITY\\SYSTEM"},"winlog":{"channel":"Microsoft-Windows-Sysmon/Operational","computer_name":"WIN-COQ5CRYL.domain.local","event_id":1,"provider_name":"Microsoft-Windows-Sysmon","record_id":8275973,"task":"Process creation (rule: ProcessCreate)"}}
{"@timestamp":"2023-07-11T23:35:32.619Z","EventID":17,"Image":"C:\\Windows\\System32\\powershell.exe","PipeName":"\\pipe\\lsarpc","agent":{"hostname":"WIN-R5SBGI53","type":"winlogbeat","version":"8.5.0"},"ecs":{"version":"8.5.0"},"event":{"action":"Process creation","category":["process"],"code":17,"kind":"event","provider":"Microsoft-Windows-Sysmon","type":["start"]},"host":{"name":"WIN-7O6OJ4YT","os":{"family":"windows","name":"Windows Server 2019","version":"10.0.17763"}},"winlog":{"channel":"Microsoft-Windows-Sysmon/Operational","computer_name":"WIN-RN7UQ1YA.domain.local","event_id":17,"provider_name":"Microsoft-Windows-Sysmon","record_id":5470305,"task":"Process creation (rule: ProcessCreate)"}}
{"@timestamp":"2023-08-11T03:17:28.581Z","DestinationIp":"malicious-domain.com","DestinationPort":139,"EventID":3,"Image":"C:\\Windows\\System32\\lsass.exe","Protocol":"tcp","SourceIp":"192.168.1.100","SourcePort":55647,"agent":{"hostname":"WIN-P2OZ1VKL","type":"winlogbeat","version":"8.5.0"},"destination":{"ip":"malicious-domain.com","port":139},"ecs":{"version":"8.5.0"},"event":{"action":"Process creation","category":["process"],"code":3,"kind":"event","provider":"Microsoft-Windows-Sysmon","type":["start"]},"host":{"name":"WIN-CIN1BRR8","os":{"family":"windows","name":"Windows Server 2019","version":"10.0.17763"}},"network":{"direction":"outbound","protocol":"tcp"},"source":{"ip":"192.168.1.100","port":55647},"winlog":{"channel":"Microsoft-Windows-Sysmon/Operational","computer_name":"WIN-J0LG7X9N.domain.local","event_id":3,"provider_name":"Microsoft-Windows-Sysmon","record_id":9754323,"task":"Process creation (rule: ProcessCreate)"}}
{"@timestamp":"2023-12-21T10:43:39.116Z","Details":"C:\\temp\\C1YZP2JV.exe","EventID":13,"Image":"C:\\Windows\\System32\\notepad.exe","TargetObject":"HKCU\\SOFTWARE\\Microsoft\\Windows\\CurrentVersion\\Run\\HYYCSLYMNU","agent":{"hostname":"WIN-RDZ5IL40","type":"winlogbeat","version":"8.5.0"},"ecs":{"version":"8.5.0"},"event":{"action":"Process creation","category":["process"],"code":13,"kind":"event","provider":"Microsoft-Windows-Sysmon","type":["start"]},"host":{"name":"WIN-HZU71043","os":{"family":"windows","name":"Windows Server 2019","version":"10.0.17763"}},"registry":{"data":{"strings":["C:\\temp\\O0NPL1VU.exe"]},"key":"HKCU\\SOFTWARE\\Microsoft\\Windows\\CurrentVersion\\Run","value":"UH7LD3EHNT"},"winlog":{"channel":"Microsoft-Windows-Sysmon/Operational","computer_name":"WIN-5WD0P7KB.domain.local","event_id":13,"provider_name":"Microsoft-Windows-Sysmon","record_id":3421774,"task":"Process creation (rule: ProcessCreate)"}}
{"@timestamp":"2023-05-09T22:12:58.958Z","Details":"C:\\temp\\Z4PTTWRH.exe","EventID":13,"Image":"C:\\Windows\\System32\\mshta.exe","TargetObject":"HKLM\\SOFTWARE\\Classes\\exefile\\shell\\open\\command\\T3HVHJBANI","agent":{"hostname":"WIN-YAXI2GGX","type":"winlogbeat","version":"8.5.0"},"ecs":{"version":"8.5.0"},"event":{"action":"Process creation","category":["process"],"code":13,"kind":"event","provider":"Microsoft-Windows-Sysmon","type":["start"]},"host":{"name":"WIN-0PFIH5XS","os":{"family":"windows","name":"Windows Server 2019","version":"10.0.17763"}},"registry":{"data":{"strings":["C:\\temp\\HJQ0KX07.exe"]},"key":"HKLM\\SOFTWARE\\Classes\\exefile\\shell\\open\\command","value":"PLALBUHWB6"},"winlog":{"channel":"Microsoft-Windows-Sysmon/Operational","computer_name":"WIN-ZA3QI1NM.domain.local","event_id":13,"provider_name":"Microsoft-Windows-Sysmon","record_id":6610002,"task":"Process creation (rule: ProcessCreate)"}}
{"@timestamp":"2023-11-25T10:01:42.615Z","CommandLine":"C:\\Windows\\System32\\wininit.exe PHUY91QDQC","EventID":1,"Image":"C:\\Windows\\System32\\wininit.exe","ParentImage":"C:\\Windows\\System32\\lsass.exe","ParentProcessId":627,"ProcessId":50527,"User":"john.doe","agent":{"hostname":"WIN-CXMVM8F3","type":"winlogbeat","version":"8.5.0"},"ecs":{"version":"8.5.0"},"event":{"action":"Process creation","category":["process"],"code":1,"kind":"event","provider":"Microsoft-Windows-Sysmon","type":["start"]},"host":{"name":"WIN-EU7GV0U0","os":{"family":"windows","name":"Windows Server 2019","version":"10.0.17763"}},"process":{"args":["C:\\Windows\\System32\\wininit.exe","PHUY91QDQC"],"command_line":"C:\\Windows\\System32\\wininit.exe PHUY91QDQC","executable":"C:\\Windows\\System32\\wininit.exe","name":"wininit.exe","parent":{"executable":"C:\\Windows\\System32\\lsass.exe","name":"lsass.exe","pid":965},"pid":3474},"user":{"domain":"DOMAIN","name":"john.doe"},"winlog":{"channel":"Microsoft-Windows-Sysmon/Operational","computer_name":"WIN-P6UGMBQG.domain.local","event_id":1,"provider_name":"Microsoft-Windows-Sysmon","record_id":3308418,"task":"Process creation (rule: ProcessCreate)"}}
{"@timestamp":"2023-04-16T00:23:13.949Z","CommandLine":"C:\\Windows\\System32\\cmd.exe ZABOHPKSXV","EventID":1,"Image":"C:\\Windows\\System32\\cmd.exe","ParentImage":"C:\\Windows\\System32\\svchost.exe","ParentProcessId":650,"ProcessId":52043,"User":"SYSTEM","agent":{"hostname":"WIN-34MHE50H","type":"winlogbeat","version":"8.5.0"},"ecs":{"version":"8.5.0"},"event":{"action":"Process creation","category":["process"],"code":1,"kind":"event","provider":"Microsoft-Windows-Sysmon","type":["start"]},"host":{"name":"WIN-XRY3RH9E","os":{"family":"windows","name":"Windows Server 2019","version":"10.0.17763"}},"process":{"args":["C:\\Windows\\System32\\cmd.exe","ZABOHPKSXV"],"command_line":"C:\\Windows\\System32\\cmd.exe ZABOHPKSXV","executable":"C:\\Windows\\System32\\cmd.exe","name":"cmd.exe","parent":{"executable":"C:\\Windows\\System32\\svchost.exe","name":"svchost.exe","pid":996},"pid":39015},"user":{"domain":"DOMAIN","name":"SYSTEM"},"winlog":{"channel":"Microsoft-Windows-Sysmon/Operational","computer_name":"WIN-UB7JUHZC.domain.local","event_id":1,"provider_name":"Microsoft-Windows-Sysmon","record_id":9562237,"task":"Process creation (rule: ProcessCreate)"}}
{"@timestamp":"2023-08-26T09:06:46.236Z","CommandLine":"C:\\Windows\\System32\\taskmgr.exe CPL1I9D23B","EventID":1,"Image":"C:\\Windows\\System32\\taskmgr.exe","ParentImage":"C:\\Windows\\System32\\lsass.exe","ParentProcessId":616,"ProcessId":56525,"User":"NT AUTHORITY\\NETWORK SERVICE","agent":{"hostname":"WIN-0LQKM51Z","type":"winlogbeat","version":"8.5.0"},"ecs":{"version":"8.5.0"},"event":{"action":"Process creation","category":["process"],"code":1,"kind":"event","provider":"Microsoft-Windows-Sysmon","type":["start"]},"host":{"name":"WIN-MMN2PKR2","os":{"family":"windows","name":"Windows Server 2019","version":"10.0.17763"}},"process":{"args":["C:\\Windows\\System32\\taskmgr.exe","CPL1I9D23B"],"command_line":"C:\\Windows\\System32\\taskmgr.exe CPL1I9D23B","executable":"C:\\Windows\\System32\\taskmgr.exe","name":"taskmgr.exe","parent":{"executable":"C:\\Windows\\System32\\lsass.exe","name":"lsass.exe","pid":535},"pid":49038},"user":{"domain":"NT AUTHORITY","name":"NT AUTHORITY\\NETWORK SERVICE"},"winlog":{"channel":"Microsoft-Windows-Sysmon/Operational","computer_name":"WIN-ELOLWYWO.domain.local","event_id":1,"provider_name":"Microsoft-Windows-Sysmon","record_id":9645724,"task":"Process creation (rule: ProcessCreate)"}}
{"@timestamp":"2023-02-28T17:40:42.816Z","CommandLine":"C:\\Windows\\System32\\explorer.exe","EventID":1,"Image":"C:\\Windows\\System32\\explorer.exe","ParentImage":"C:\\Windows\\System32\\cmd.exe","ParentProcessId":355,"ProcessId":29954,"User":"Administrator","agent":{"hostname":"WIN-2XPWBQRO","type":"winlogbeat","version":"8.5.0"},"ecs":{"version":"8.5.0"},"event":{"action":"Process creation","category":["process"],"code":1,"kind":"event","provider":"Microsoft-Windows-Sysmon","type":["start"]},"host":{"name":"WIN-HRZQK2CG","os":{"family":"windows","name":"Windows Server 2019","version":"10.0.17763"}},"process":{"args":["C:\\Windows\\System32\\explorer.exe"],"command_line":"C:\\Windows\\System32\\explorer.exe","executable":"C:\\Windows\\System32\\explorer.exe","name":"explorer.exe","parent":{"executable":"C:\\Windows\\System32\\cmd.exe","name":"cmd.exe","pid":745},"pid":62673},"user":{"domain":"DOMAIN","name":"Administrator"},"winlog":{"channel":"Microsoft-Windows-Sysmon/Operational","computer_name":"WIN-JOGTLDW7.domain.local","event_id":1,"provider_name":"Microsoft-Windows-Sysmon","record_id":5740058,"task":"Process creation (rule: ProcessCreate)"}}
{"@timestamp":"2023-01-27T23:48:38.146Z","CommandLine":"C:\\Windows\\System32\\wininit.exe MNKKQC1GTL","EventID":1,"Image":"C:\\Windows\\System32\\wininit.exe","ParentImage":"C:\\Windows\\System32\\calc.exe","ParentProcessId":224,"ProcessId":62840,"User":"NT AUTHORITY\\LOCAL SERVICE","agent":{"hostname":"WIN-QHI19XYB","type":"winlogbeat","version":"8.5.0"},"ecs":{"version":"8.5.0"},"event":{"action":"Process creation","category":["process"],"code":1,"kind":"event","provider":"Microsoft-Windows-Sysmon","type":["start"]},"host":{"name":"WIN-G67W7IAJ","os":{"family":"windows","name":"Windows Server 2019","version":"10.0.17763"}},"process":{"args":["C:\\Windows\\System32\\wininit.exe","MNKKQC1GTL"],"command_line":"C:\\Windows\\System32\\wininit.exe MNKKQC1GTL","executable":"C:\\Windows\\System32\\wininit.exe","name":"wininit.exe","parent":{"executable":"C:\\Windows\\System32\\calc.exe","name":"calc.exe","pid":779},"pid":3517},"user":{"domain":"NT AUTHORITY","name":"NT AUTHORITY\\LOCAL SERVICE"},"winlog":{"channel":"Microsoft-Windows-Sysmon/Operational","computer_name":"WIN-GQJKFZ01.domain.local","event_id":1,"provider_name":"Microsoft-Windows-Sysmon","record_id":1768939,"task":"Process creation (rule: ProcessCreate)"}}
{"@timestamp":"2023-08-25T09:04:06.194Z","CommandLine":"C:\\Windows\\System32\\WindowsPowerShell\\v1.0\\powershell.exe T3FXPRSJEA","EventID":1,"Image":"C:\\Windows\\System32\\WindowsPowerShell\\v1.0\\powershell.exe","ParentImage":"C:\\Windows\\System32\\calc.exe","ParentProcessId":586,"ProcessId":26190,"User":"NT AUTHORITY\\LOCAL SERVICE","agent":{"hostname":"WIN-GSO2SZCA","type":"winlogbeat","version":"8.5.0"},"ecs":{"version":"8.5.0"},"event":{"action":"Process creation","category":["process"],"code":1,"kind":"event","provider":"Microsoft-Windows-Sysmon","type":["start"]},"host":{"name":"WIN-O8HLPSUX","os":{"family":"windows","name":"Windows Server 2019","version":"10.0.17763"}},"process":{"args":["C:\\Windows\\System32\\WindowsPowerShell\\v1.0\\powershell.exe","T3FXPRSJEA"],"command_line":"C:\\Windows\\System32\\WindowsPowerShell\\v1.0\\powershell.exe T3FXPRSJEA","executable":"C:\\Windows\\System32\\WindowsPowerShell\\v1.0\\powershell.exe","name":"powershell.exe","parent":{"executable":"C:\\Windows\\System32\\calc.exe","name":"calc.exe","pid":391},"pid":44355},"user":{"domain":"NT AUTHORITY","name":"NT AUTHORITY\\LOCAL SERVICE"},"winlog":{"channel":"Microsoft-Windows-Sysmon/Operational","computer_name":"WIN-GI5OB0FF.domain.local","event_id":1,"provider_name":"Microsoft-Windows-Sysmon","record_id":6570841,"task":"Process creation (rule: ProcessCreate)"}}
{"@timestamp":"2023-02-21T02:50:27.510Z","CommandLine":"C:\\Windows\\System32\\calc.exe 58KP5F8M38","EventID":1,"Image":"C:\\Windows\\System32\\calc.exe","ParentImage":"C:\\Windows\\System32\\mshta.exe","ParentProcessId":678,"ProcessId":3393,"User":"DefaultAccount","agent":{"hostname":"WIN-UJVK4U3F","type":"winlogbeat","version":"8.5.0"},"ecs":{"version":"8.5.0"},"event":{"action":"Process creation","category":["process"],"code":1,"kind":"event","provider":"Microsoft-Windows-Sysmon","type":["start"]},"host":{"name":"WIN-2HF6UX2E","os":{"family":"windows","name":"Windows Server 2019","version":"10.0.17763"}},"process":{"args":["C:\\Windows\\System32\\calc.exe","58KP5F8M38"],"command_line":"C:\\Windows\\System32\\calc.exe 58KP5F8M38","executable":"C:\\Windows\\System32\\calc.exe","name":"calc.exe","parent":{"executable":"C:\\Windows\\System32\\mshta.exe","name":"mshta.exe","pid":100},"pid":5526},"user":{"domain":"DOMAIN","name":"DefaultAccount"},"winlog":{"channel":"Microsoft-Windows-Sysmon/Operational","computer_name":"WIN-QZ5IPAHL.domain.local","event_id":1,"provider_name":"Microsoft-Windows-Sysmon","record_id":1740262,"task":"Process creation (rule: ProcessCreate)"}}
{"@timestamp":"2023-11-07T14:18:34.903Z","CommandLine":"C:\\Windows\\System32\\WindowsPowerShell\\v1.0\\powershell.exe LU2LYPXPB8","EventID":1,"Image":"C:\\Windows\\System32\\WindowsPowerShell\\v1.0\\powershell.exe","ParentImage":"C:\\Windows\\System32\\regsvr32.exe","ParentProcessId":632,"ProcessId":22426,"User":"NT AUTHORITY\\NETWORK SERVICE","agent":{"hostname":"WIN-W95NQP2L","type":"winlogbeat","version":"8.5.0"},"ecs":{"version":"8.5.0"},"event":{"action":"Process creation","category":["process"],"code":1,"kind":"event","provider":"Microsoft-Windows-Sysmon","type":["start"]},"host":{"name":"WIN-VI34AE7R","os":{"family":"windows","name":"Windows Server 2019","version":"10.0.17763"}},"process":{"args":["C:\\Windows\\System32\\WindowsPowerShell\\v1.0\\powershell.exe","LU2LYPXPB8"],"command_line":"C:\\Windows\\System32\\WindowsPowerShell\\v1.0\\powershell.exe LU2LYPXPB8","executable":"C:\\Windows\\System32\\WindowsPowerShell\\v1.0\\powershell.exe","name":"powershell.exe","parent":{"executable":"C:\\Windows\\System32\\regsvr32.exe","name":"regsvr32.exe","pid":245},"pid":60797},"user":{"domain":"NT AUTHORITY","name":"NT AUTHORITY\\NETWORK SERVICE"},"winlog":{"channel":"Microsoft-Windows-Sysmon/Operational","computer_name":"WIN-NYWBA22M.domain.local","event_id":1,"provider_name":"Microsoft-Windows-Sysmon","record_id":8198473,"task":"Process creation (rule: ProcessCreate)"}}
{"@timestamp":"2023-06-26T04:15:19.683Z","CommandLine":"C:\\Windows\\System32\\svchost.exe UAWPY78DHB","EventID":1,"Image":"C:\\Windows\\System32\\svchost.exe","ParentImage":"C:\\Windows\\System32\\wininit.exe","ParentProcessId":639,"ProcessId":21212,"User":"Guest","agent":{"hostname":"WIN-WIY9Y1XR","type":"winlogbeat","version":"8.5.0"},"ecs":{"version":"8.5.0"},"event":{"action":"Process creation","category":["process"],"code":1,"kind":"event","provider":"Microsoft-Windows-Sysmon","type":["start"]},"host":{"name":"WIN-S9KZU1U5","os":{"family":"windows","name":"Windows Server 2019","version":"10.0.17763"}},"process":{"args":["C:\\Windows\\System32\\svchost.exe","UAWPY78DHB"],"command_line":"C:\\Windows\\System32\\svchost.exe UAWPY78DHB","executable":"C:\\Windows\\System32\\svchost.exe","name":"svchost.exe","parent":{"executable":"C:\\Windows\\System32\\wininit.exe","name":"wininit.exe","pid":130},"pid":19611},"user":{"domain":"DOMAIN","name":"Guest"},"winlog":{"channel":"Microsoft-Windows-Sysmon/Operational","computer_name":"WIN-RK7Y8LQ2.domain.local","event_id":1,"provider_name":"Microsoft-Windows-Sysmon","record_id":7777844,"task":"Process creation (rule: ProcessCreate)"}}
{"@timestamp":"2023-03-21T16:24:03.738Z","CommandLine":"C:\\Windows\\System32\\regsvr32.exe J39DQGXM4BFQ5PFSPR20","EventID":1,"Image":"C:\\Windows\\System32\\regsvr32.exe","ParentImage":"C:\\Program Files (x86)\\Microsoft\\Edge\\Application\\msedge.exe","ParentProcessId":532,"ProcessId":56387,"User":"DefaultAccount","agent":{"hostname":"WIN-LBUDJMHI","type":"winlogbeat","version":"8.5.0"},"ecs":{"version":"8.5.0"},"event":{"action":"Process creation","category":["process"],"code":1,"kind":"event","provider":"Microsoft-Windows-Sysmon","type":["start"]},"host":{"name":"WIN-ONSM7LAF","os":{"family":"windows","name":"Windows Server 2019","version":"10.0.17763"}},"process":{"args":["C:\\Windows\\System32\\regsvr32.exe","J39DQGXM4BFQ5PFSPR20"],"command_line":"C:\\Windows\\System32\\regsvr32.exe J39DQGXM4BFQ5PFSPR20","executable":"C:\\Windows\\System32\\regsvr32.exe","name":"regsvr32.exe","parent":{"executable":"C:\\Program Files (x86)\\Microsoft\\Edge\\Application\\msedge.exe","name":"msedge.exe","pid":747},"pid":59189},"user":{"domain":"DOMAIN","name":"DefaultAccount"},"winlog":{"channel":"Microsoft-Windows-Sysmon/Operational","computer_name":"WIN-4KR1KMLH.domain.local","event_id":1,"provider_name":"Microsoft-Windows-Sysmon","record_id":9533556,"task":"Process creation (rule: ProcessCreate)"}}
{"@timestamp":"2023-03-09T13:46:58.611Z","Details":"C:\\temp\\7AFV2YUV.exe","EventID":13,"Image":"C:\\Windows\\System32\\explorer.exe","TargetObject":"HKLM\\SOFTWARE\\Classes\\exefile\\shell\\open\\command\\N90RF3OH4B","agent":{"hostname":"WIN-4OZT0POB","type":"winlogbeat","version":"8.5.0"},"ecs":{"version":"8.5.0"},"event":{"action":"Process creation","category":["process"],"code":13,"kind":"event","provider":"Microsoft-Windows-Sysmon","type":["start"]},"host":{"name":"WIN-L2JMCQWY","os":{"family":"windows","name":"Windows Server 2019","version":"10.0.17763"}},"registry":{"data":{"strings":["C:\\temp\\L0IS1CUW.exe"]},"key":"HKLM\\SOFTWARE\\Classes\\exefile\\shell\\open\\command","value":"A8OX27WTKM"},"winlog":{"channel":"Microsoft-Windows-Sysmon/Operational","computer_name":"WIN-HE0L78HJ.domain.local","event_id":13,"provider_name":"Microsoft-Windows-Sysmon","record_id":8754005,"task":"Process creation (rule: ProcessCreate)"}}
{"@timestamp":"2023-02-03T01:29:56.506Z","DestinationIp":"172.16.0.10","DestinationPort":139,"EventID":3,"Image":"C:\\Windows\\System32\\mshta.exe","Protocol":"tcp","SourceIp":"192.168.1.100","SourcePort":57885,"agent":{"hostname":"WIN-MK18OKCB","type":"winlogbeat","version":"8.5.0"},"destination":{"ip":"172.16.0.10","port":139},"ecs":{"version":"8.5.0"},"event":{"action":"Process creation","category":["process"],"code":3,"kind":"event","provider":"Microsoft-Windows-Sysmon","type":["start"]},"host":{"name":"WIN-MAOXYUN1","os":{"family":"windows","name":"Windows Server 2019","version":"10.0.17763"}},"network":{"direction":"outbound","protocol":"tcp"},"source":{"ip":"192.168.1.100","port":57885},"winlog":{"channel":"Microsoft-Windows-Sysmon/Operational","computer_name":"WIN-GR3FMBQG.domain.local","event_id":3,"provider_name":"Microsoft-Windows-Sysmon","record_id":3692339,"task":"Process creation (rule: ProcessCreate)"}}
{"@timestamp":"2023-01-24T08:15:07.468Z","Details":"C:\\temp\\JLX4AYKA.exe","EventID":13,"Image":"C:\\Windows\\System32\\wscript.exe","TargetObject":"HKLM\\SOFTWARE\\Microsoft\\Windows\\CurrentVersion\\Run\\2QCC6FN12Z","agent":{"hostname":"WIN-FE6Z32DC","type":"winlogbeat","version":"8.5.0"},"ecs":{"version":"8.5.0"},"event":{"action":"Process creation","category":["process"],"code":13,"kind":"event","provider":"Microsoft-Windows-Sysmon","type":["start"]},"host":{"name":"WIN-9YGQY8V9","os":{"family":"windows","name":"Windows Server 2019","version":"10.0.17763"}},"registry":{"data":{"strings":["C:\\temp\\PO45DY48.exe"]},"key":"HKLM\\SOFTWARE\\Microsoft\\Windows\\CurrentVersion\\Run","value":"85B4VWIA3S"},"winlog":{"channel":"Microsoft-Windows-Sysmon/Operational","computer_name":"WIN-MPFAOY3R.domain.local","event_id":13,"provider_name":"Microsoft-Windows-Sysmon","record_id":6937133,"task":"Process creation (rule: ProcessCreate)"}}
{"@timestamp":"2023-03-22T00:09:42.139Z","CommandLine":"C:\\Windows\\System32\\wininit.exe USYSI4L8Q3","EventID":1,"Image":"C:\\Windows\\System32\\wininit.exe","ParentImage":"C:\\Windows\\System32\\mshta.exe","ParentProcessId":829,"ProcessId":33214,"User":"user","agent":{"hostname":"WIN-3ERWYNAB","type":"winlogbeat","version":"8.5.0"},"ecs":{"version":"8.5.0"},"event":{"action":"Process creation","category":["process"],"code":1,"kind":"event","provider":"Microsoft-Windows-Sysmon","type":["start"]},"host":{"name":"WIN-8J5Q3ANS","os":{"family":"windows","name":"Windows Server 2019","version":"10.0.17763"}},"process":{"args":["C:\\Windows\\System32\\wininit.exe","USYSI4L8Q3"],"command_line":"C:\\Windows\\System32\\wininit.exe USYSI4L8Q3","executable":"C:\\Windows\\System32\\wininit.exe","name":"wininit.exe","parent":{"executable":"C:\\Windows\\System32\\mshta.exe","name":"mshta.exe","pid":334},"pid":43259},"user":{"domain":"DOMAIN","name":"user"},"winlog":{"channel":"Microsoft-Windows-Sysmon/Operational","computer_name":"WIN-M0E21FPB.domain.local","event_id":1,"provider_name":"Microsoft-Windows-Sysmon","record_id":3495510,"task":"Process creation (rule: ProcessCreate)"}}
{"@timestamp":"2023-07-02T11:52:48.837Z","CommandLine":"C:\\Windows\\System32\\mshta.exe APGN0OX7QB","EventID":1,"Image":"C:\\Windows\\System32\\mshta.exe","ParentImage":"C:\\Windows\\System32\\WindowsPowerShell\\v1.0\\powershell.exe","ParentProcessId":912,"ProcessId":60270,"User":"john.doe","agent":{"hostname":"WIN-7SI9HZ47","type":"winlogbeat","version":"8.5.0"},"ecs":{"version":"8.5.0"},"event":{"action":"Process creation","category":["process"],"code":1,"kind":"event","provider":"Microsoft-Windows-Sysmon","type":["start"]},"host":{"name":"WIN-2XCL9QP0","os":{"family":"windows","name":"Windows Server 2019","version":"10.0.17763"}},"process":{"args":["C:\\Windows\\System32\\mshta.exe","APGN0OX7QB"],"command_line":"C:\\Windows\\System32\\mshta.exe APGN0OX7QB","executable":"C:\\Windows\\System32\\mshta.exe","name":"mshta.exe","parent":{"executable":"C:\\Windows\\System32\\WindowsPowerShell\\v1.0\\powershell.exe","name":"powershell.exe","pid":771},"pid":64992},"user":{"domain":"DOMAIN","name":"john.doe"},"winlog":{"channel":"Microsoft-Windows-Sysmon/Operational","computer_name":"WIN-4PQGIGPI.domain.local","event_id":1,"provider_name":"Microsoft-Windows-Sysmon","record_id":2341855,"task":"Process creation (rule: ProcessCreate)"}}
{"@timestamp":"2023-05-28T16:42:01.662Z","DestinationIp":"malicious-domain.com","DestinationPort":8080,"EventID":3,"Image":"C:\\Windows\\System32\\explorer.exe","Protocol":"tcp","SourceIp":"192.168.1.100","SourcePort":61893,"agent":{"hostname":"WIN-RC4WJ41I","type":"winlogbeat","version":"8.5.0"},"destination":{"ip":"malicious-domain.com","port":8080},"ecs":{"version":"8.5.0"},"event":{"action":"Process creation","category":["process"],"code":3,"kind":"event","provider":"Microsoft-Windows-Sysmon","type":["start"]},"host":{"name":"WIN-FW8HV3YA","os":{"family":"windows","name":"Windows Server 2019","version":"10.0.17763"}},"network":{"direction":"outbound","protocol":"tcp"},"source":{"ip":"192.168.1.100","port":61893},"winlog":{"channel":"Microsoft-Windows-Sysmon/Operational","computer_name":"WIN-1NTALKPT.domain.local","event_id":3,"provider_name":"Microsoft-Windows-Sysmon","record_id":2502277,"task":"Process creation (rule: ProcessCreate)"}}
{"@timestamp":"2023-11-01T23:33:29.369Z","CommandLine":"C:\\Windows\\System32\\calc.exe N6WZ7FW0EM","EventID":1,"Image":"C:\\Windows\\System32\\calc.exe","ParentImage":"C:\\Windows\\System32\\winlogon.exe","ParentProcessId":509,"ProcessId":60033,"User":"admin","agent":{"hostname":"WIN-VI97YKTZ","type":"winlogbeat","version":"8.5.0"},"ecs":{"version":"8.5.0"},"event":{"action":"Process creation","category":["process"],"code":1,"kind":"event","provider":"Microsoft-Windows-Sysmon","type":["start"]},"host":{"name":"WIN-Q9LK91LQ","os":{"family":"windows","name":"Windows Server 2019","version":"10.0.17763"}},"process":{"args":["C:\\Windows\\System32\\calc.exe","N6WZ7FW0EM"],"command_line":"C:\\Windows\\System32\\calc.exe N6WZ7FW0EM","executable":"C:\\Windows\\System32\\calc.exe","name":"calc.exe","parent":{"executable":"C:\\Windows\\System32\\winlogon.exe","name":"winlogon.exe","pid":625},"pid":54796},"user":{"domain":"DOMAIN","name":"admin"},"winlog":{"channel":"Microsoft-Windows-Sysmon/Operational","computer_name":"WIN-M4YMFM1Y.domain.local","event_id":1,"provider_name":"Microsoft-Windows-Sysmon","record_id":7552327,"task":"Process creation (rule: ProcessCreate)"}}
{"@timestamp":"2023-11-20T02:37:51.749Z","CommandLine":"C:\\Program Files (x86)\\Microsoft\\Edge\\Application\\msedge.exe CC6NSUEPNR","EventID":1,"Image":"C:\\Program Files (x86)\\Microsoft\\Edge\\Application\\msedge.exe","ParentImage":"C:\\Windows\\System32\\services.exe","ParentProcessId":230,"ProcessId":64623,"User":"jane.smith","agent":{"hostname":"WIN-QIT4T8SG","type":"winlogbeat","version":"8.5.0"},"ecs":{"version":"8.5.0"},"event":{"action":"Process creation","category":["process"],"code":1,"kind":"event","provider":"Microsoft-Windows-Sysmon","type":["start"]},"host":{"name":"WIN-66KW5XZ7","os":{"family":"windows","name":"Windows Server 2019","version":"10.0.17763"}},"process":{"args":["C:\\Program","Files","(x86)\\Microsoft\\Edge\\Application\\msedge.exe","CC6NSUEPNR"],"command_line":"C:\\Program Files (x86)\\Microsoft\\Edge\\Application\\msedge.exe CC6NSUEPNR","executable":"C:\\Program Files (x86)\\Microsoft\\Edge\\Application\\msedge.exe","name":"msedge.exe","parent":{"executable":"C:\\Windows\\System32\\services.exe","name":"services.exe","pid":520},"pid":25929},"user":{"domain":"DOMAIN","name":"jane.smith"},"winlog":{"channel":"Microsoft-Windows-Sysmon/Operational","computer_name":"WIN-TIBMPM7T.domain.local","event_id":1,"provider_name":"Microsoft-Windows-Sysmon","record_id":4342940,"task":"Process creation (rule: ProcessCreate)"}}
{"@timestamp":"2023-06-02T18:56:06.719Z","Details":"C:\\temp\\AWK8LM8X.exe","EventID":13,"Image":"C:\\Windows\\System32\\wscript.exe","TargetObject":"HKCU\\SOFTWARE\\Microsoft\\Windows\\CurrentVersion\\Run\\9FDYO9XD3Q","agent":{"hostname":"WIN-L1AT2UY2","type":"winlogbeat","version":"8.5.0"},"ecs":{"version":"8.5.0"},"event":{"action":"Process creation","category":["process"],"code":13,"kind":"event","provider":"Microsoft-Windows-Sysmon","type":["start"]},"host":{"name":"WIN-O4R9QCS2","os":{"family":"windows","name":"Windows Server 2019","version":"10.0.17763"}},"registry":{"data":{"strings":["C:\\temp\\1WU92YGZ.exe"]},"key":"HKCU\\SOFTWARE\\Microsoft\\Windows\\CurrentVersion\\Run","value":"7FX9Y2M9F0"},"winlog":{"channel":"Microsoft-Windows-Sysmon/Operational","computer_name":"WIN-KQSIT04V.domain.local","event_id":13,"provider_name":"Microsoft-Windows-Sysmon","record_id":8992782,"task":"Process creation (rule: ProcessCreate)"}}
{"@timestamp":"2023-08-13T04:08:05.996Z","CommandLine":"C:\\Windows\\System32\\cscript.exe DICKPY8Z5V","EventID":1,"Image":"C:\\Windows\\System32\\cscript.exe","ParentImage":"C:\\Windows\\System32\\WindowsPowerShell\\v1.0\\powershell.exe","ParentProcessId":688,"ProcessId":47692,"User":"NT AUTHORITY\\SYSTEM","agent":{"hostname":"WIN-WIPP0I6J","type":"winlogbeat","version":"8.5.0"},"ecs":{"version":"8.5.0"},"event":{"action":"Process creation","category":["process"],"code":1,"kind":"event","provider":"Microsoft-Windows-Sysmon","type":["start"]},"host":{"name":"WIN-JWJZ9B7Q","os":{"family":"windows","name":"Windows Server 2019","version":"10.0.17763"}},"process":{"args":["C:\\Windows\\System32\\cscript.exe","DICKPY8Z5V"],"command_line":"C:\\Windows\\System32\\cscript.exe DICKPY8Z5V","executable":"C:\\Windows\\System32\\cscript.exe","name":"cscript.exe","parent":{"executable":"C:\\Windows\\System32\\WindowsPowerShell\\v1.0\\powershell.exe","name":"powershell.exe","pid":477},"pid":32589},"user":{"domain":"NT AUTHORITY","name":"NT AUTHORITY\\SYSTEM"},"winlog":{"channel":"Microsoft-Windows-Sysmon/Operational","computer_name":"WIN-WSGA50V2.domain.local","event_id":1,"provider_name":"Microsoft-Windows-Sysmon","record_id":2182030,"task":"Process creation (rule: ProcessCreate)"}}
{"@timestamp":"2023-06-15T14:52:35.479Z","CommandLine":"C:\\Program Files\\Google\\Chrome\\Application\\chrome.exe --new-tab https://example.com","EventID":1,"Image":"C:\\Program Files\\Google\\Chrome\\Application\\chrome.exe","ParentImage":"C:\\Windows\\System32\\WindowsPowerShell\\v1.0\\powershell.exe","ParentProcessId":255,"ProcessId":62022,"User":"user","agent":{"hostname":"WIN-XXRWHHCS","type":"winlogbeat","version":"8.5.0"},"ecs":{"version":"8.5.0"},"event":{"action":"Process creation","category":["process"],"code":1,"kind":"event","provider":"Microsoft-Windows-Sysmon","type":["start"]},"host":{"name":"WIN-I3BTYW38","os":{"family":"windows","name":"Windows Server 2019","version":"10.0.17763"}},"process":{"args":["C:\\Program","Files\\Google\\Chrome\\Application\\chrome.exe","--new-tab","https://example.com"],"command_line":"C:\\Program Files\\Google\\Chrome\\Application\\chrome.exe --new-tab https://example.com","executable":"C:\\Program Files\\Google\\Chrome\\Application\\chrome.exe","name":"chrome.exe","parent":{"executable":"C:\\Windows\\System32\\WindowsPowerShell\\v1.0\\powershell.exe","name":"powershell.exe","pid":199},"pid":63430},"user":{"domain":"DOMAIN","name":"user"},"winlog":{"channel":"Microsoft-Windows-Sysmon/Operational","computer_name":"WIN-600OLPF4.domain.local","event_id":1,"provider_name":"Microsoft-Windows-Sysmon","record_id":4317158,"task":"Process creation (rule: ProcessCreate)"}}
{"@timestamp":"2023-04-15T09:01:07.506Z","CommandLine":"C:\\Windows\\System32\\svchost.exe KOS9HDMVYI","EventID":1,"Image":"C:\\Windows\\System32\\svchost.exe","ParentImage":"C:\\Windows\\System32\\regsvr32.exe","ParentProcessId":685,"ProcessId":12042,"User":"Guest","agent":{"hostname":"WIN-TN4T9OTC","type":"winlogbeat","version":"8.5.0"},"ecs":{"version":"8.5.0"},"event":{"action":"Process creation","category":["process"],"code":1,"kind":"event","provider":"Microsoft-Windows-Sysmon","type":["start"]},"host":{"name":"WIN-7XTQCJBJ","os":{"family":"windows","name":"Windows Server 2019","version":"10.0.17763"}},"process":{"args":["C:\\Windows\\System32\\svchost.exe","KOS9HDMVYI"],"command_line":"C:\\Windows\\System32\\svchost.exe KOS9HDMVYI","executable":"C:\\Windows\\System32\\svchost.exe","name":"svchost.exe","parent":{"executable":"C:\\Windows\\System32\\regsvr32.exe","name":"regsvr32.exe","pid":314},"pid":55630},"user":{"domain":"DOMAIN","name":"Guest"},"winlog":{"channel":"Microsoft-Windows-Sysmon/Operational","computer_name":"WIN-W3SZT58R.domain.local","event_id":1,"provider_name":"Microsoft-Windows-Sysmon","record_id":3242743,"task":"Process creation (rule: ProcessCreate)"}}
{"@timestamp":"2023-05-09T04:25:11.848Z","DestinationIp":"malicious-domain.com","DestinationPort":139,"EventID":3,"Image":"C:\\Program Files\\Google\\Chrome\\Application\\chrome.exe","Protocol":"tcp","SourceIp":"192.168.1.100","SourcePort":52152,"agent":{"hostname":"WIN-U1TFYK23","type":"winlogbeat","version":"8.5.0"},"destination":{"ip":"malicious-domain.com","port":139},"ecs":{"version":"8.5.0"},"event":{"action":"Process creation","category":["process"],"code":3,"kind":"event","provider":"Microsoft-Windows-Sysmon","type":["start"]},"host":{"name":"WIN-YTDCZ0SG","os":{"family":"windows","name":"Windows Server 2019","version":"10.0.17763"}},"network":{"direction":"outbound","protocol":"tcp"},"source":{"ip":"192.168.1.100","port":52152},"winlog":{"channel":"Microsoft-Windows-Sysmon/Operational","computer_name":"WIN-FXZ1JH0C.domain.local","event_id":3,"provider_name":"Microsoft-Windows-Sysmon","record_id":1341057,"task":"Process creation (rule: ProcessCreate)"}}
{"@timestamp":"2023-11-20T00:33:15.877Z","CommandLine":"C:\\Windows\\System32\\svchost.exe X6JQDL3CE9","EventID":1,"Image":"C:\\Windows\\System32\\svchost.exe","ParentImage":"C:\\Windows\\System32\\cmd.exe","ParentProcessId":596,"ProcessId":44263,"User":"user","agent":{"hostname":"WIN-1JMXNS5N","type":"winlogbeat","version":"8.5.0"},"ecs":{"version":"8.5.0"},"event":{"action":"Process creation","category":["process"],"code":1,"kind":"event","provider":"Microsoft-Windows-Sysmon","type":["start"]},"host":{"name":"WIN-G67O3HOX","os":{"family":"windows","name":"Windows Server 2019","version":"10.0.17763"}},"process":{"args":["C:\\Windows\\System32\\svchost.exe","X6JQDL3CE9"],"command_line":"C:\\Windows\\System32\\svchost.exe X6JQDL3CE9","executable":"C:\\Windows\\System32\\svchost.exe","name":"svchost.exe","parent":{"executable":"C:\\Windows\\System32\\cmd.exe","name":"cmd.exe","pid":575},"pid":45754},"user":{"domain":"DOMAIN","name":"user"},"winlog":{"channel":"Microsoft-Windows-Sysmon/Operational","computer_name":"WIN-SNQFF0FR.domain.local","event_id":1,"provider_name":"Microsoft-Windows-Sysmon","record_id":8640359,"task":"Process creation (rule: ProcessCreate)"}}
{"@timestamp":"2023-02-12T23:06:57.161Z","Details":"C:\\temp\\GHXBZVOT.exe","EventID":13,"Image":"C:\\Windows\\System32\\WindowsPowerShell\\v1.0\\powershell.exe","TargetObject":"HKLM\\SOFTWARE\\Classes\\exefile\\shell\\open\\command\\4133L9UB3Y","agent":{"hostname":"WIN-56KXMZFK","type":"winlogbeat","version":"8.5.0"},"ecs":{"version":"8.5.0"},"event":{"action":"Process creation","category":["process"],"code":13,"kind":"event","provider":"Microsoft-Windows-Sysmon","type":["start"]},"host":{"name":"WIN-849Q6VEZ","os":{"family":"windows","name":"Windows Server 2019","version":"10.0.17763"}},"registry":{"data":{"strings":["C:\\temp\\FKGGD7PA.exe"]},"key":"HKLM\\SOFTWARE\\Classes\\exefile\\shell\\open\\command","value":"R4NJ8VDDEC"},"winlog":{"channel":"Microsoft-Windows-Sysmon/Operational","computer_name":"WIN-MDUEYLJX.domain.local","event_id":13,"provider_name":"Microsoft-Windows-Sysmon","record_id":8821227,"task":"Process creation (rule: ProcessCreate)"}}
