{"@timestamp":"2023-12-28T01:21:00.783Z","CommandLine":"C:\\Windows\\System32\\svchost.exe HFSIARB4G5","EventID":1,"Image":"C:\\Windows\\System32\\svchost.exe","ParentImage":"C:\\Windows\\System32\\powershell.exe","ParentProcessId":209,"ProcessId":1663,"User":"SYSTEM","agent":{"hostname":"WIN-IZL306WD","type":"winlogbeat","version":"8.5.0"},"ecs":{"version":"8.5.0"},"event":{"action":"Process creation","category":["process"],"code":1,"kind":"event","provider":"Microsoft-Windows-Sysmon","type":["start"]},"host":{"name":"WIN-KGIGBMQ3","os":{"family":"windows","name":"Windows Server 2019","version":"10.0.17763"}},"process":{"args":["C:\\Windows\\System32\\svchost.exe","HFSIARB4G5"],"command_line":"C:\\Windows\\System32\\svchost.exe HFSIARB4G5","executable":"C:\\Windows\\System32\\svchost.exe","name":"svchost.exe","parent":{"executable":"C:\\Windows\\System32\\powershell.exe","name":"powershell.exe","pid":544},"pid":61930},"user":{"domain":"DOMAIN","name":"SYSTEM"},"winlog":{"channel":"Microsoft-Windows-Sysmon/Operational","computer_name":"WIN-CMORBYXJ.domain.local","event_id":1,"provider_name":"Microsoft-Windows-Sysmon","record_id":2755845,"task":"Process creation (rule: ProcessCreate)"}}
{"@timestamp":"2023-12-25T15:30:31.824Z","EventID":17,"Image":"C:\\Windows\\System32\\regsvr32.exe","PipeName":"\\pipe\\MSCTF.Server.O2L62EKCHL72BUAL793LYEGX0AJK8YFP6ZO6","agent":{"hostname":"WIN-PB2XTOXO","type":"winlogbeat","version":"8.5.0"},"ecs":{"version":"8.5.0"},"event":{"action":"Process creation","category":["process"],"code":17,"kind":"event","provider":"Microsoft-Windows-Sysmon","type":["start"]},"host":{"name":"WIN-TP7GL5PV","os":{"family":"windows","name":"Windows Server 2019","version":"10.0.17763"}},"winlog":{"channel":"Microsoft-Windows-Sysmon/Operational","computer_name":"WIN-FML3TVH0.domain.local","event_id":17,"provider_name":"Microsoft-Windows-Sysmon","record_id":3186298,"task":"Process creation (rule: ProcessCreate)"}}
{"@timestamp":"2023-10-03T22:14:15.635Z","CommandLine":"C:\\Windows\\System32\\cmd.exe AWXKRG14W5","EventID":1,"Image":"C:\\Windows\\System32\\cmd.exe","ParentImage":"C:\\Windows\\System32\\lsass.exe","ParentProcessId":693,"ProcessId":24461,"User":"john.doe","agent":{"hostname":"WIN-9UP4APED","type":"winlogbeat","version":"8.5.0"},"ecs":{"version":"8.5.0"},"event":{"action":"Process creation","category":["process"],"code":1,"kind":"event","provider":"Microsoft-Windows-Sysmon","type":["start"]},"host":{"name":"WIN-FWJXV6EX","os":{"family":"windows","name":"Windows Server 2019","version":"10.0.17763"}},"process":{"args":["C:\\Windows\\System32\\cmd.exe","AWXKRG14W5"],"command_line":"C:\\Windows\\System32\\cmd.exe AWXKRG14W5","executable":"C:\\Windows\\System32\\cmd.exe","name":"cmd.exe","parent":{"executable":"C:\\Windows\\System32\\lsass.exe","name":"lsass.exe","pid":330},"pid":24829},"user":{"domain":"DOMAIN","name":"john.doe"},"winlog":{"channel":"Microsoft-Windows-Sysmon/Operational","computer_name":"WIN-XYRCAA3I.domain.local","event_id":1,"provider_name":"Microsoft-Windows-Sysmon","record_id":1076879,"task":"Process creation (rule: ProcessCreate)"}}
{"@timestamp":"2023-08-22T23:59:58.450Z","CommandLine":"C:\\Windows\\System32\\explorer.exe","EventID":1,"Image":"C:\\Windows\\System32\\explorer.exe","ParentImage":"C:\\Windows\\System32\\powershell.exe","ParentProcessId":479,"ProcessId":58415,"User":"service_account","agent":{"hostname":"WIN-CHPLETAR","type":"winlogbeat","version":"8.5.0"},"ecs":{"version":"8.5.0"},"event":{"action":"Process creation","category":["process"],"code":1,"kind":"event","provider":"Microsoft-Windows-Sysmon","type":["start"]},"host":{"name":"WIN-A5SGEQ5V","os":{"family":"windows","name":"Windows Server 2019","version":"10.0.17763"}},"process":{"args":["C:\\Windows\\System32\\explorer.exe"],"command_line":"C:\\Windows\\System32\\explorer.exe","executable":"C:\\Windows\\System32\\explorer.exe","name":"explorer.exe","parent":{"executable":"C:\\Windows\\System32\\powershell.exe","name":"powershell.exe","pid":505},"pid":47099},"user":{"domain":"DOMAIN","name":"service_account"},"winlog":{"channel":"Microsoft-Windows-Sysmon/Operational","computer_name":"WIN-ORV4PI6Q.domain.local","event_id":1,"provider_name":"Microsoft-Windows-Sysmon","record_id":7440348,"task":"Process creation (rule: ProcessCreate)"}}
{"@timestamp":"2023-07-21T18:01:53.585Z","EventID":17,"Image":"C:\\Program Files\\Google\\Chrome\\Application\\chrome.exe","PipeName":"\\pipe\\netlogon","agent":{"hostname":"WIN-LTPJIPW9","type":"winlogbeat","version":"8.5.0"},"ecs":{"version":"8.5.0"},"event":{"action":"Process creation","category":["process"],"code":17,"kind":"event","provider":"Microsoft-Windows-Sysmon","type":["start"]},"host":{"name":"WIN-VB838BDR","os":{"family":"windows","name":"Windows Server 2019","version":"10.0.17763"}},"winlog":{"channel":"Microsoft-Windows-Sysmon/Operational","computer_name":"WIN-ZNH37AYP.domain.local","event_id":17,"provider_name":"Microsoft-Windows-Sysmon","record_id":8293506,"task":"Process creation (rule: ProcessCreate)"}}
{"@timestamp":"2023-08-11T13:52:54.447Z","CommandLine":"C:\\Windows\\System32\\svchost.exe I77KP294XJ","EventID":1,"Image":"C:\\Windows\\System32\\svchost.exe","ParentImage":"C:\\Windows\\System32\\services.exe","ParentProcessId":115,"ProcessId":16896,"User":"NT AUTHORITY\\NETWORK SERVICE","agent":{"hostname":"WIN-GWVVNAJV","type":"winlogbeat","version":"8.5.0"},"ecs":{"version":"8.5.0"},"event":{"action":"Process creation","category":["process"],"code":1,"kind":"event","provider":"Microsoft-Windows-Sysmon","type":["start"]},"host":{"name":"WIN-UUKLD0NF","os":{"family":"windows","name":"Windows Server 2019","version":"10.0.17763"}},"process":{"args":["C:\\Windows\\System32\\svchost.exe","I77KP294XJ"],"command_line":"C:\\Windows\\System32\\svchost.exe I77KP294XJ","executable":"C:\\Windows\\System32\\svchost.exe","name":"svchost.exe","parent":{"executable":"C:\\Windows\\System32\\services.exe","name":"services.exe","pid":337},"pid":4516},"user":{"domain":"NT AUTHORITY","name":"NT AUTHORITY\\NETWORK SERVICE"},"winlog":{"channel":"Microsoft-Windows-Sysmon/Operational","computer_name":"WIN-Q0EPB2IG.domain.local","event_id":1,"provider_name":"Microsoft-Windows-Sysmon","record_id":1789710,"task":"Process creation (rule: ProcessCreate)"}}
{"@timestamp":"2023-07-17T21:10:35.128Z","CommandLine":"C:\\Windows\\System32\\cmd.exe 2QN1224NGI","EventID":1,"Image":"C:\\Windows\\System32\\cmd.exe","ParentImage":"C:\\Windows\\System32\\calc.exe","ParentProcessId":168,"ProcessId":38172,"User":"Guest","agent":{"hostname":"WIN-ANST47ZU","type":"winlogbeat","version":"8.5.0"},"ecs":{"version":"8.5.0"},"event":{"action":"Process creation","category":["process"],"code":1,"kind":"event","provider":"Microsoft-Windows-Sysmon","type":["start"]},"host":{"name":"WIN-CKUDB00H","os":{"family":"windows","name":"Windows Server 2019","version":"10.0.17763"}},"process":{"args":["C:\\Windows\\System32\\cmd.exe","2QN1224NGI"],"command_line":"C:\\Windows\\System32\\cmd.exe 2QN1224NGI","executable":"C:\\Windows\\System32\\cmd.exe","name":"cmd.exe","parent":{"executable":"C:\\Windows\\System32\\calc.exe","name":"calc.exe","pid":283},"pid":58092},"user":{"domain":"DOMAIN","name":"Guest"},"winlog":{"channel":"Microsoft-Windows-Sysmon/Operational","computer_name":"WIN-OFMXOUG6.domain.local","event_id":1,"provider_name":"Microsoft-Windows-Sysmon","record_id":8346833,"task":"Process creation (rule: ProcessCreate)"}}
{"@timestamp":"2023-02-07T18:09:08.221Z","Details":"C:\\temp\\E6DKODBZ.exe","EventID":13,"Image":"C:\\Windows\\System32\\calc.exe","TargetObject":"HKLM\\SYSTEM\\CurrentControlSet\\Services\\WK12VLRN2W","agent":{"hostname":"WIN-3ZAQ7W15","type":"winlogbeat","version":"8.5.0"},"ecs":{"version":"8.5.0"},"event":{"action":"Process creation","category":["process"],"code":13,"kind":"event","provider":"Microsoft-Windows-Sysmon","type":["start"]},"host":{"name":"WIN-G03N0G3W","os":{"family":"windows","name":"Windows Server 2019","version":"10.0.17763"}},"registry":{"data":{"strings":["C:\\temp\\2K8AL18C.exe"]},"key":"HKLM\\SYSTEM\\CurrentControlSet\\Services","value":"5E4P4PC5EW"},"winlog":{"channel":"Microsoft-Windows-Sysmon/Operational","computer_name":"WIN-Y4M09OCI.domain.local","event_id":13,"provider_name":"Microsoft-Windows-Sysmon","record_id":5929972,"task":"Process creation (rule: ProcessCreate)"}}
{"@timestamp":"2023-03-10T20:41:39.283Z","CommandLine":"C:\\Windows\\System32\\services.exe 2N1C6NZO2A","EventID":1,"Image":"C:\\Windows\\System32\\services.exe","ParentImage":"C:\\Windows\\System32\\taskmgr.exe","ParentProcessId":957,"ProcessId":46000,"User":"NT AUTHORITY\\NETWORK SERVICE","agent":{"hostname":"WIN-7F8JE7Y3","type":"winlogbeat","version":"8.5.0"},"ecs":{"version":"8.5.0"},"event":{"action":"Process creation","category":["process"],"code":1,"kind":"event","provider":"Microsoft-Windows-Sysmon","type":["start"]},"host":{"name":"WIN-298MCMO6","os":{"family":"windows","name":"Windows Server 2019","version":"10.0.17763"}},"process":{"args":["C:\\Windows\\System32\\services.exe","2N1C6NZO2A"],"command_line":"C:\\Windows\\System32\\services.exe 2N1C6NZO2A","executable":"C:\\Windows\\System32\\services.exe","name":"services.exe","parent":{"executable":"C:\\Windows\\System32\\taskmgr.exe","name":"taskmgr.exe","pid":378},"pid":38291},"user":{"domain":"NT AUTHORITY","name":"NT AUTHORITY\\NETWORK SERVICE"},"winlog":{"channel":"Microsoft-Windows-Sysmon/Operational","computer_name":"WIN-4GFPWER7.domain.local","event_id":1,"provider_name":"Microsoft-Windows-Sysmon","record_id":8617972,"task":"Process creation (rule: ProcessCreate)"}}
{"@timestamp":"2023-10-24T13:08:19.389Z","EventID":17,"Image":"C:\\Windows\\System32\\powershell.exe","PipeName":"\\pipe\\MSCTF.Server.LBS55LU2J6F88JKJN72KLDFQ81QHUTJKP6E5","agent":{"hostname":"WIN-ZJIFVXYD","type":"winlogbeat","version":"8.5.0"},"ecs":{"version":"8.5.0"},"event":{"action":"Process creation","category":["process"],"code":17,"kind":"event","provider":"Microsoft-Windows-Sysmon","type":["start"]},"host":{"name":"WIN-MBW0EEB4","os":{"family":"windows","name":"Windows Server 2019","version":"10.0.17763"}},"winlog":{"channel":"Microsoft-Windows-Sysmon/Operational","computer_name":"WIN-W9LMB1T5.domain.local","event_id":17,"provider_name":"Microsoft-Windows-Sysmon","record_id":7594439,"task":"Process creation (rule: ProcessCreate)"}}
{"@timestamp":"2023-02-21T17:24:34.405Z","CommandLine":"C:\\Program Files (x86)\\Microsoft\\Edge\\Application\\msedge.exe T2F97QK3R3","EventID":1,"Image":"C:\\Program Files (x86)\\Microsoft\\Edge\\Application\\msedge.exe","ParentImage":"C:\\Windows\\System32\\wininit.exe","ParentProcessId":167,"ProcessId":2796,"User":"NT AUTHORITY\\SYSTEM","agent":{"hostname":"WIN-6PPSEM3K","type":"winlogbeat","version":"8.5.0"},"ecs":{"version":"8.5.0"},"event":{"action":"Process creation","category":["process"],"code":1,"kind":"event","provider":"Microsoft-Windows-Sysmon","type":["start"]},"host":{"name":"WIN-BTLJ0R9W","os":{"family":"windows","name":"Windows Server 2019","version":"10.0.17763"}},"process":{"args":["C:\\Program","Files","(x86)\\Microsoft\\Edge\\Application\\msedge.exe","T2F97QK3R3"],"command_line":"C:\\Program Files (x86)\\Microsoft\\Edge\\Application\\msedge.exe T2F97QK3R3","executable":"C:\\Program Files (x86)\\Microsoft\\Edge\\Application\\msedge.exe","name":"msedge.exe","parent":{"executable":"C:\\Windows\\System32\\wininit.exe","name":"wininit.exe","pid":442},"pid":35362},"user":{"domain":"NT AUTHORITY","name":"NT AUTHORITY\\SYSTEM"},"winlog":{"channel":"Microsoft-Windows-Sysmon/Operational","computer_name":"WIN-MY1CUYIH.domain.local","event_id":1,"provider_name":"Microsoft-Windows-Sysmon","record_id":5876870,"task":"Process creation (rule: ProcessCreate)"}}
{"@timestamp":"2023-06-18T18:16:55.563Z","CommandLine":"C:\\Windows\\System32\\regsvr32.exe HITJFQTXQL","EventID":1,"Image":"C:\\Windows\\System32\\regsvr32.exe","ParentImage":"C:\\Program Files (x86)\\Microsoft\\Edge\\Application\\msedge.exe","ParentProcessId":892,"ProcessId":42490,"User":"NT AUTHORITY\\SYSTEM","agent":{"hostname":"WIN-WRR777UE","type":"winlogbeat","version":"8.5.0"},"ecs":{"version":"8.5.0"},"event":{"action":"Process creation","category":["process"],"code":1,"kind":"event","provider":"Microsoft-Windows-Sysmon","type":["start"]},"host":{"name":"WIN-L91IOGPP","os":{"family":"windows","name":"Windows Server 2019","version":"10.0.17763"}},"process":{"args":["C:\\Windows\\System32\\regsvr32.exe","HITJFQTXQL"],"command_line":"C:\\Windows\\System32\\regsvr32.exe HITJFQTXQL","executable":"C:\\Windows\\System32\\regsvr32.exe","name":"regsvr32.exe","parent":{"executable":"C:\\Program Files (x86)\\Microsoft\\Edge\\Application\\msedge.exe","name":"msedge.exe","pid":718},"pid":15403},"user":{"domain":"NT AUTHORITY","name":"NT AUTHORITY\\SYSTEM"},"winlog":{"channel":"Microsoft-Windows-Sysmon/Operational","computer_name":"WIN-77Y9MDMR.domain.local","event_id":1,"provider_name":"Microsoft-Windows-Sysmon","record_id":9801915,"task":"Process creation (rule: ProcessCreate)"}}
{"@timestamp":"2023-02-02T11:09:50.880Z","CommandLine":"C:\\Windows\\System32\\WindowsPowerShell\\v1.0\\powershell.exe G9GEDZ4X7K","EventID":1,"Image":"C:\\Windows\\System32\\WindowsPowerShell\\v1.0\\powershell.exe","ParentImage":"C:\\Program Files (x86)\\Microsoft\\Edge\\Application\\msedge.exe","ParentProcessId":933,"ProcessId":1964,"User":"SYSTEM","agent":{"hostname":"WIN-B7KXRRMT","type":"winlogbeat","version":"8.5.0"},"ecs":{"version":"8.5.0"},"event":{"action":"Process creation","category":["process"],"code":1,"kind":"event","provider":"Microsoft-Windows-Sysmon","type":["start"]},"host":{"name":"WIN-45BHV7MK","os":{"family":"windows","name":"Windows Server 2019","version":"10.0.17763"}},"process":{"args":["C:\\Windows\\System32\\WindowsPowerShell\\v1.0\\powershell.exe","G9GEDZ4X7K"],"command_line":"C:\\Windows\\System32\\WindowsPowerShell\\v1.0\\powershell.exe G9GEDZ4X7K","executable":"C:\\Windows\\System32\\WindowsPowerShell\\v1.0\\powershell.exe","name":"powershell.exe","parent":{"executable":"C:\\Program Files (x86)\\Microsoft\\Edge\\Application\\msedge.exe","name":"msedge.exe","pid":604},"pid":46500},"user":{"domain":"DOMAIN","name":"SYSTEM"},"winlog":{"channel":"Microsoft-Windows-Sysmon/Operational","computer_name":"WIN-WOQGQPIY.domain.local","event_id":1,"provider_name":"Microsoft-Windows-Sysmon","record_id":5917251,"task":"Process creation (rule: ProcessCreate)"}}
{"@timestamp":"2023-07-14T17:30:27.640Z","CommandLine":"C:\\Windows\\System32\\mshta.exe CQPO58153FYFSIE2PFPM","EventID":1,"Image":"C:\\Windows\\System32\\mshta.exe","ParentImage":"C:\\Windows\\System32\\cscript.exe","ParentProcessId":430,"ProcessId":39905,"User":"user","agent":{"hostname":"WIN-D8XSPG0Z","type":"winlogbeat","version":"8.5.0"},"ecs":{"version":"8.5.0"},"event":{"action":"Process creation","category":["process"],"code":1,"kind":"event","provider":"Microsoft-Windows-Sysmon","type":["start"]},"host":{"name":"WIN-E85DNJTC","os":{"family":"windows","name":"Windows Server 2019","version":"10.0.17763"}},"process":{"args":["C:\\Windows\\System32\\mshta.exe","CQPO58153FYFSIE2PFPM"],"command_line":"C:\\Windows\\System32\\mshta.exe CQPO58153FYFSIE2PFPM","executable":"C:\\Windows\\System32\\mshta.exe","name":"mshta.exe","parent":{"executable":"C:\\Windows\\System32\\cscript.exe","name":"cscript.exe","pid":267},"pid":26824},"user":{"domain":"DOMAIN","name":"user"},"winlog":{"channel":"Microsoft-Windows-Sysmon/Operational","computer_name":"WIN-YOG56W9T.domain.local","event_id":1,"provider_name":"Microsoft-Windows-Sysmon","record_id":8373996,"task":"Process creation (rule: ProcessCreate)"}}
{"@timestamp":"2023-01-07T00:40:00.672Z","CommandLine":"C:\\Windows\\System32\\taskmgr.exe VQ4DOGBUYZ","EventID":1,"Image":"C:\\Windows\\System32\\taskmgr.exe","ParentImage":"C:\\Windows\\System32\\wscript.exe","ParentProcessId":264,"ProcessId":46709,"User":"user","agent":{"hostname":"WIN-DQB25VJI","type":"winlogbeat","version":"8.5.0"},"ecs":{"version":"8.5.0"},"event":{"action":"Process creation","category":["process"],"code":1,"kind":"event","provider":"Microsoft-Windows-Sysmon","type":["start"]},"host":{"name":"WIN-VHGU6U2G","os":{"family":"windows","name":"Windows Server 2019","version":"10.0.17763"}},"process":{"args":["C:\\Windows\\System32\\taskmgr.exe","VQ4DOGBUYZ"],"command_line":"C:\\Windows\\System32\\taskmgr.exe VQ4DOGBUYZ","executable":"C:\\Windows\\System32\\taskmgr.exe","name":"taskmgr.exe","parent":{"executable":"C:\\Windows\\System32\\wscript.exe","name":"wscript.exe","pid":878},"pid":51628},"user":{"domain":"DOMAIN","name":"user"},"winlog":{"channel":"Microsoft-Windows-Sysmon/Operational","computer_name":"WIN-A3OKDK7W.domain.local","event_id":1,"provider_name":"Microsoft-Windows-Sysmon","record_id":2032251,"task":"Process creation (rule: ProcessCreate)"}}
{"@timestamp":"2023-10-24T00:56:31.926Z","CommandLine":"C:\\Windows\\System32\\cscript.exe IIHSW515HU","EventID":1,"Image":"C:\\Windows\\System32\\cscript.exe","ParentImage":"C:\\Windows\\System32\\explorer.exe","ParentProcessId":559,"ProcessId":64847,"User":"service_account","agent":{"hostname":"WIN-BXREFGI5","type":"winlogbeat","version":"8.5.0"},"ecs":{"version":"8.5.0"},"event":{"action":"Process creation","category":["process"],"code":1,"kind":"event","provider":"Microsoft-Windows-Sysmon","type":["start"]},"host":{"name":"WIN-5AH2DDZI","os":{"family":"windows","name":"Windows Server 2019","version":"10.0.17763"}},"process":{"args":["C:\\Windows\\System32\\cscript.exe","IIHSW515HU"],"command_line":"C:\\Windows\\System32\\cscript.exe IIHSW515HU","executable":"C:\\Windows\\System32\\cscript.exe","name":"cscript.exe","parent":{"executable":"C:\\Windows\\System32\\explorer.exe","name":"explorer.exe","pid":814},"pid":14833},"user":{"domain":"DOMAIN","name":"service_account"},"winlog":{"channel":"Microsoft-Windows-Sysmon/Operational","computer_name":"WIN-7FKUO4MU.domain.local","event_id":1,"provider_name":"Microsoft-Windows-Sysmon","record_id":2105032,"task":"Process creation (rule: ProcessCreate)"}}
{"@timestamp":"2023-07-25T02:20:50.277Z","CommandLine":"C:\\Windows\\System32\\cmd.exe THCI913A15","EventID":1,"Image":"C:\\Windows\\System32\\cmd.exe","ParentImage":"C:\\Windows\\System32\\services.exe","ParentProcessId":150,"ProcessId":36955,"User":"john.doe","agent":{"hostname":"WIN-VK389T0M","type":"winlogbeat","version":"8.5.0"},"ecs":{"version":"8.5.0"},"event":{"action":"Process creation","category":["process"],"code":1,"kind":"event","provider":"Microsoft-Windows-Sysmon","type":["start"]},"host":{"name":"WIN-JQBDIL53","os":{"family":"windows","name":"Windows Server 2019","version":"10.0.17763"}},"process":{"args":["C:\\Windows\\System32\\cmd.exe","THCI913A15"],"command_line":"C:\\Windows\\System32\\cmd.exe THCI913A15","executable":"C:\\Windows\\System32\\cmd.exe","name":"cmd.exe","parent":{"executable":"C:\\Windows\\System32\\services.exe","name":"services.exe","pid":137},"pid":5358},"user":{"domain":"DOMAIN","name":"john.doe"},"winlog":{"channel":"Microsoft-Windows-Sysmon/Operational","computer_name":"WIN-CJ3KGAF8.domain.local","event_id":1,"provider_name":"Microsoft-Windows-Sysmon","record_id":2411859,"task":"Process creation (rule: ProcessCreate)"}}
{"@timestamp":"2023-01-10T23:19:44.696Z","CommandLine":"C:\\Windows\\System32\\lsass.exe 2E3ZW6V7CZ","EventID":1,"Image":"C:\\Windows\\System32\\lsass.exe","ParentImage":"C:\\Windows\\System32\\cmd.exe","ParentProcessId":747,"ProcessId":53973,"User":"admin","agent":{"hostname":"WIN-ELNKI7D6","type":"winlogbeat","version":"8.5.0"},"ecs":{"version":"8.5.0"},"event":{"action":"Process creation","category":["process"],"code":1,"kind":"event","provider":"Microsoft-Windows-Sysmon","type":["start"]},"host":{"name":"WIN-W1CM9LZ9","os":{"family":"windows","name":"Windows Server 2019","version":"10.0.17763"}},"process":{"args":["C:\\Windows\\System32\\lsass.exe","2E3ZW6V7CZ"],"command_line":"C:\\Windows\\System32\\lsass.exe 2E3ZW6V7CZ","executable":"C:\\Windows\\System32\\lsass.exe","name":"lsass.exe","parent":{"executable":"C:\\Windows\\System32\\cmd.exe","name":"cmd.exe","pid":878},"pid":39737},"user":{"domain":"DOMAIN","name":"admin"},"winlog":{"channel":"Microsoft-Windows-Sysmon/Operational","computer_name":"WIN-2EMK22LX.domain.local","event_id":1,"provider_name":"Microsoft-Windows-Sysmon","record_id":7990011,"task":"Process creation (rule: ProcessCreate)"}}
{"@timestamp":"2023-04-07T22:58:48.906Z","CommandLine":"C:\\Windows\\System32\\svchost.exe EF20A5Z1IQ","EventID":1,"Image":"C:\\Windows\\System32\\svchost.exe","ParentImage":"C:\\Program Files\\Google\\Chrome\\Application\\chrome.exe","ParentProcessId":335,"ProcessId":3670,"User":"john.doe","agent":{"hostname":"WIN-SQBOLWEG","type":"winlogbeat","version":"8.5.0"},"ecs":{"version":"8.5.0"},"event":{"action":"Process creation","category":["process"],"code":1,"kind":"event","provider":"Microsoft-Windows-Sysmon","type":["start"]},"host":{"name":"WIN-W589HGNJ","os":{"family":"windows","name":"Windows Server 2019","version":"10.0.17763"}},"process":{"args":["C:\\Windows\\System32\\svchost.exe","EF20A5Z1IQ"],"command_line":"C:\\Windows\\System32\\svchost.exe EF20A5Z1IQ","executable":"C:\\Windows\\System32\\svchost.exe","name":"svchost.exe","parent":{"executable":"C:\\Program Files\\Google\\Chrome\\Application\\chrome.exe","name":"chrome.exe","pid":394},"pid":50182},"user":{"domain":"DOMAIN","name":"john.doe"},"winlog":{"channel":"Microsoft-Windows-Sysmon/Operational","computer_name":"WIN-HJCGZ8UM.domain.local","event_id":1,"provider_name":"Microsoft-Windows-Sysmon","record_id":4117291,"task":"Process creation (rule: ProcessCreate)"}}
{"@timestamp":"2023-06-26T07:22:31.185Z","Details":"C:\\temp\\IVSYGVLH.exe","EventID":13,"Image":"C:\\Windows\\System32\\spoolsv.exe","TargetObject":"HKLM\\SOFTWARE\\Microsoft\\Windows\\CurrentVersion\\Run\\GHCNM2NX52","agent":{"hostname":"WIN-7PYLL0GI","type":"winlogbeat","version":"8.5.0"},"ecs":{"version":"8.5.0"},"event":{"action":"Process creation","category":["process"],"code":13,"kind":"event","provider":"Microsoft-Windows-Sysmon","type":["start"]},"host":{"name":"WIN-L1SGIPU8","os":{"family":"windows","name":"Windows Server 2019","version":"10.0.17763"}},"registry":{"data":{"strings":["C:\\temp\\H5MWFSLN.exe"]},"key":"HKLM\\SOFTWARE\\Microsoft\\Windows\\CurrentVersion\\Run","value":"GIV5LL0VA6"},"winlog":{"channel":"Microsoft-Windows-Sysmon/Operational","computer_name":"WIN-Z3MSF85D.domain.local","event_id":13,"provider_name":"Microsoft-Windows-Sysmon","record_id":3634482,"task":"Process creation (rule: ProcessCreate)"}}
{"@timestamp":"2023-03-09T22:41:17.576Z","EventID":17,"Image":"C:\\Windows\\System32\\wininit.exe","PipeName":"\\pipe\\samr","agent":{"hostname":"WIN-WB4I5WV3","type":"winlogbeat","version":"8.5.0"},"ecs":{"version":"8.5.0"},"event":{"action":"Process creation","category":["process"],"code":17,"kind":"event","provider":"Microsoft-Windows-Sysmon","type":["start"]},"host":{"name":"WIN-VWHSI406","os":{"family":"windows","name":"Windows Server 2019","version":"10.0.17763"}},"winlog":{"channel":"Microsoft-Windows-Sysmon/Operational","computer_name":"WIN-WSOOABGL.domain.local","event_id":17,"provider_name":"Microsoft-Windows-Sysmon","record_id":7597975,"task":"Process creation (rule: ProcessCreate)"}}
{"@timestamp":"2023-08-01T07:23:25.869Z","CommandLine":"C:\\Windows\\System32\\winlogon.exe 0FZRGRM0QS","EventID":1,"Image":"C:\\Windows\\System32\\winlogon.exe","ParentImage":"C:\\Windows\\System32\\cmd.exe","ParentProcessId":252,"ProcessId":9189,"User":"SYSTEM","agent":{"hostname":"WIN-6C2N4SWY","type":"winlogbeat","version":"8.5.0"},"ecs":{"version":"8.5.0"},"event":{"action":"Process creation","category":["process"],"code":1,"kind":"event","provider":"Microsoft-Windows-Sysmon","type":["start"]},"host":{"name":"WIN-D1ZQSDE8","os":{"family":"windows","name":"Windows Server 2019","version":"10.0.17763"}},"process":{"args":["C:\\Windows\\System32\\winlogon.exe","0FZRGRM0QS"],"command_line":"C:\\Windows\\System32\\winlogon.exe 0FZRGRM0QS","executable":"C:\\Windows\\System32\\winlogon.exe","name":"winlogon.exe","parent":{"executable":"C:\\Windows\\System32\\cmd.exe","name":"cmd.exe","pid":725},"pid":54568},"user":{"domain":"DOMAIN","name":"SYSTEM"},"winlog":{"channel":"Microsoft-Windows-Sysmon/Operational","computer_name":"WIN-TO5RLJJH.domain.local","event_id":1,"provider_name":"Microsoft-Windows-Sysmon","record_id":3526482,"task":"Process creation (rule: ProcessCreate)"}}
{"@timestamp":"2023-04-21T21:38:10.574Z","CommandLine":"C:\\Windows\\System32\\lsass.exe 24AUNSD2ZY","EventID":1,"Image":"C:\\Windows\\System32\\lsass.exe","ParentImage":"C:\\Windows\\System32\\lsass.exe","ParentProcessId":671,"ProcessId":49906,"User":"NT AUTHORITY\\SYSTEM","agent":{"hostname":"WIN-F6BIB7FJ","type":"winlogbeat","version":"8.5.0"},"ecs":{"version":"8.5.0"},"event":{"action":"Process creation","category":["process"],"code":1,"kind":"event","provider":"Microsoft-Windows-Sysmon","type":["start"]},"host":{"name":"WIN-AYXXGUUU","os":{"family":"windows","name":"Windows Server 2019","version":"10.0.17763"}},"process":{"args":["C:\\Windows\\System32\\lsass.exe","24AUNSD2ZY"],"command_line":"C:\\Windows\\System32\\lsass.exe 24AUNSD2ZY","executable":"C:\\Windows\\System32\\lsass.exe","name":"lsass.exe","parent":{"executable":"C:\\Windows\\System32\\lsass.exe","name":"lsass.exe","pid":596},"pid":20326},"user":{"domain":"NT AUTHORITY","name":"NT AUTHORITY\\SYSTEM"},"winlog":{"channel":"Microsoft-Windows-Sysmon/Operational","computer_name":"WIN-BGAZYGEE.domain.local","event_id":1,"provider_name":"Microsoft-Windows-Sysmon","record_id":5360120,"task":"Process creation (rule: ProcessCreate)"}}
{"@timestamp":"2023-10-28T08:00:35.620Z","Details":"C:\\temp\\DF8E4Y34.exe","EventID":13,"Image":"C:\\Windows\\System32\\wscript.exe","TargetObject":"HKCU\\SOFTWARE\\Microsoft\\Windows\\CurrentVersion\\Run\\RZ1WZ78EWG","agent":{"hostname":"WIN-CP5TMK20","type":"winlogbeat","version":"8.5.0"},"ecs":{"version":"8.5.0"},"event":{"action":"Process creation","category":["process"],"code":13,"kind":"event","provider":"Microsoft-Windows-Sysmon","type":["start"]},"host":{"name":"WIN-6BA76TB1","os":{"family":"windows","name":"Windows Server 2019","version":"10.0.17763"}},"registry":{"data":{"strings":["C:\\temp\\PIZCTZGH.exe"]},"key":"HKCU\\SOFTWARE\\Microsoft\\Windows\\CurrentVersion\\Run","value":"1RL9RBMH9G"},"winlog":{"channel":"Microsoft-Windows-Sysmon/Operational","computer_name":"WIN-MPW5BRPX.domain.local","event_id":13,"provider_name":"Microsoft-Windows-Sysmon","record_id":5980815,"task":"Process creation (rule: ProcessCreate)"}}
{"@timestamp":"2023-01-18T16:24:14.869Z","EventID":17,"Image":"C:\\Windows\\System32\\spoolsv.exe","PipeName":"\\pipe\\netlogon","agent":{"hostname":"WIN-BNNINCP3","type":"winlogbeat","version":"8.5.0"},"ecs":{"version":"8.5.0"},"event":{"action":"Process creation","category":["process"],"code":17,"kind":"event","provider":"Microsoft-Windows-Sysmon","type":["start"]},"host":{"name":"WIN-3IXTHW24","os":{"family":"windows","name":"Windows Server 2019","version":"10.0.17763"}},"winlog":{"channel":"Microsoft-Windows-Sysmon/Operational","computer_name":"WIN-TE5SF5A4.domain.local","event_id":17,"provider_name":"Microsoft-Windows-Sysmon","record_id":3272816,"task":"Process creation (rule: ProcessCreate)"}}
{"@timestamp":"2023-03-26T00:42:42.714Z","Details":"C:\\temp\\Q51RS5IV.exe","EventID":13,"Image":"C:\\Windows\\System32\\spoolsv.exe","TargetObject":"HKLM\\SOFTWARE\\Microsoft\\Windows\\CurrentVersion\\Run\\IHFP8Z6EDP","agent":{"hostname":"WIN-BDHCY7OW","type":"winlogbeat","version":"8.5.0"},"ecs":{"version":"8.5.0"},"event":{"action":"Process creation","category":["process"],"code":13,"kind":"event","provider":"Microsoft-Windows-Sysmon","type":["start"]},"host":{"name":"WIN-1VFFSQBW","os":{"family":"windows","name":"Windows Server 2019","version":"10.0.17763"}},"registry":{"data":{"strings":["C:\\temp\\HCJ8LGVP.exe"]},"key":"HKLM\\SOFTWARE\\Microsoft\\Windows\\CurrentVersion\\Run","value":"W7WX27YCC8"},"winlog":{"channel":"Microsoft-Windows-Sysmon/Operational","computer_name":"WIN-IRN2V8M7.domain.local","event_id":13,"provider_name":"Microsoft-Windows-Sysmon","record_id":7810568,"task":"Process creation (rule: ProcessCreate)"}}
{"@timestamp":"2023-04-18T07:29:27.494Z","CommandLine":"C:\\Program Files\\Google\\Chrome\\Application\\chrome.exe --new-tab https://example.com","EventID":1,"Image":"C:\\Program Files\\Google\\Chrome\\Application\\chrome.exe","ParentImage":"C:\\Windows\\System32\\WindowsPowerShell\\v1.0\\powershell.exe","ParentProcessId":813,"ProcessId":38918,"User":"Administrator","agent":{"hostname":"WIN-OFXSN345","type":"winlogbeat","version":"8.5.0"},"ecs":{"version":"8.5.0"},"event":{"action":"Process creation","category":["process"],"code":1,"kind":"event","provider":"Microsoft-Windows-Sysmon","type":["start"]},"host":{"name":"WIN-A8S6C2IM","os":{"family":"windows","name":"Windows Server 2019","version":"10.0.17763"}},"process":{"args":["C:\\Program","Files\\Google\\Chrome\\Application\\chrome.exe","--new-tab","https://example.com"],"command_line":"C:\\Program Files\\Google\\Chrome\\Application\\chrome.exe --new-tab https://example.com","executable":"C:\\Program Files\\Google\\Chrome\\Application\\chrome.exe","name":"chrome.exe","parent":{"executable":"C:\\Windows\\System32\\WindowsPowerShell\\v1.0\\powershell.exe","name":"powershell.exe","pid":472},"pid":48277},"user":{"domain":"DOMAIN","name":"Administrator"},"winlog":{"channel":"Microsoft-Windows-Sysmon/Operational","computer_name":"WIN-CE6UCP3G.domain.local","event_id":1,"provider_name":"Microsoft-Windows-Sysmon","record_id":9045366,"task":"Process creation (rule: ProcessCreate)"}}
{"@timestamp":"2023-11-23T12:52:02.827Z","Details":"C:\\temp\\XJ31ASCW.exe","EventID":13,"Image":"C:\\Windows\\System32\\taskmgr.exe","TargetObject":"HKLM\\SOFTWARE\\Classes\\exefile\\shell\\open\\command\\DMLG73JXPA","agent":{"hostname":"WIN-LAVMMU5L","type":"winlogbeat","version":"8.5.0"},"ecs":{"version":"8.5.0"},"event":{"action":"Process creation","category":["process"],"code":13,"kind":"event","provider":"Microsoft-Windows-Sysmon","type":["start"]},"host":{"name":"WIN-267BC76H","os":{"family":"windows","name":"Windows Server 2019","version":"10.0.17763"}},"registry":{"data":{"strings":["C:\\temp\\703K3730.exe"]},"key":"HKLM\\SOFTWARE\\Classes\\exefile\\shell\\open\\command","value":"YC5W4A04BZ"},"winlog":{"channel":"Microsoft-Windows-Sysmon/Operational","computer_name":"WIN-I8JNROPX.domain.local","event_id":13,"provider_name":"Microsoft-Windows-Sysmon","record_id":7220726,"task":"Process creation (rule: ProcessCreate)"}}
{"@timestamp":"2023-04-16T20:26:52.237Z","EventID":17,"Image":"C:\\Windows\\System32\\wscript.exe","PipeName":"\\pipe\\lsarpc","agent":{"hostname":"WIN-98YBYYYX","type":"winlogbeat","version":"8.5.0"},"ecs":{"version":"8.5.0"},"event":{"action":"Process creation","category":["process"],"code":17,"kind":"event","provider":"Microsoft-Windows-Sysmon","type":["start"]},"host":{"name":"WIN-0ORA6SRH","os":{"family":"windows","name":"Windows Server 2019","version":"10.0.17763"}},"winlog":{"channel":"Microsoft-Windows-Sysmon/Operational","computer_name":"WIN-0YBZEC6T.domain.local","event_id":17,"provider_name":"Microsoft-Windows-Sysmon","record_id":9041193,"task":"Process creation (rule: ProcessCreate)"}}
{"@timestamp":"2023-09-28T10:39:28.164Z","CommandLine":"C:\\Windows\\System32\\notepad.exe document.txt","EventID":1,"Image":"C:\\Windows\\System32\\notepad.exe","ParentImage":"C:\\Windows\\System32\\explorer.exe","ParentProcessId":293,"ProcessId":35552,"User":"SYSTEM","agent":{"hostname":"WIN-WFQHBY91","type":"winlogbeat","version":"8.5.0"},"ecs":{"version":"8.5.0"},"event":{"action":"Process creation","category":["process"],"code":1,"kind":"event","provider":"Microsoft-Windows-Sysmon","type":["start"]},"host":{"name":"WIN-3ZAK5SU1","os":{"family":"windows","name":"Windows Server 2019","version":"10.0.17763"}},"process":{"args":["C:\\Windows\\System32\\notepad.exe","document.txt"],"command_line":"C:\\Windows\\System32\\notepad.exe document.txt","executable":"C:\\Windows\\System32\\notepad.exe","name":"notepad.exe","parent":{"executable":"C:\\Windows\\System32\\explorer.exe","name":"explorer.exe","pid":839},"pid":23030},"user":{"domain":"DOMAIN","name":"SYSTEM"},"winlog":{"channel":"Microsoft-Windows-Sysmon/Operational","computer_name":"WIN-A72LI6T0.domain.local","event_id":1,"provider_name":"Microsoft-Windows-Sysmon","record_id":1490208,"task":"Process creation (rule: ProcessCreate)"}}
{"@timestamp":"2023-12-24T20:09:32.783Z","CommandLine":"C:\\Windows\\System32\\winlogon.exe IVXPHAAGDZ","EventID":1,"Image":"C:\\Windows\\System32\\winlogon.exe","ParentImage":"C:\\Windows\\System32\\lsass.exe","ParentProcessId":480,"ProcessId":14805,"User":"service_account","agent":{"hostname":"WIN-MNXJ2OKZ","type":"winlogbeat","version":"8.5.0"},"ecs":{"version":"8.5.0"},"event":{"action":"Process creation","category":["process"],"code":1,"kind":"event","provider":"Microsoft-Windows-Sysmon","type":["start"]},"host":{"name":"WIN-NJZMEXRS","os":{"family":"windows","name":"Windows Server 2019","version":"10.0.17763"}},"process":{"args":["C:\\Windows\\System32\\winlogon.exe","IVXPHAAGDZ"],"command_line":"C:\\Windows\\System32\\winlogon.exe IVXPHAAGDZ","executable":"C:\\Windows\\System32\\winlogon.exe","name":"winlogon.exe","parent":{"executable":"C:\\Windows\\System32\\lsass.exe","name":"lsass.exe","pid":949},"pid":21438},"user":{"domain":"DOMAIN","name":"service_account"},"winlog":{"channel":"Microsoft-Windows-Sysmon/Operational","computer_name":"WIN-B5HDCSNI.domain.local","event_id":1,"provider_name":"Microsoft-Windows-Sysmon","record_id":1150408,"task":"Process creation (rule: ProcessCreate)"}}
{"@timestamp":"2023-06-28T02:42:37.573Z","CommandLine":"C:\\Windows\\System32\\cmd.exe 6GS1O6409Z","EventID":1,"Image":"C:\\Windows\\System32\\cmd.exe","ParentImage":"C:\\Windows\\System32\\wscript.exe","ParentProcessId":808,"ProcessId":32819,"User":"Administrator","agent":{"hostname":"WIN-FPP0EIAO","type":"winlogbeat","version":"8.5.0"},"ecs":{"version":"8.5.0"},"event":{"action":"Process creation","category":["process"],"code":1,"kind":"event","provider":"Microsoft-Windows-Sysmon","type":["start"]},"host":{"name":"WIN-DD0OVJ87","os":{"family":"windows","name":"Windows Server 2019","version":"10.0.17763"}},"process":{"args":["C:\\Windows\\System32\\cmd.exe","6GS1O6409Z"],"command_line":"C:\\Windows\\System32\\cmd.exe 6GS1O6409Z","executable":"C:\\Windows\\System32\\cmd.exe","name":"cmd.exe","parent":{"executable":"C:\\Windows\\System32\\wscript.exe","name":"wscript.exe","pid":456},"pid":49274},"user":{"domain":"DOMAIN","name":"Administrator"},"winlog":{"channel":"Microsoft-Windows-Sysmon/Operational","computer_name":"WIN-J34EZ8BA.domain.local","event_id":1,"provider_name":"Microsoft-Windows-Sysmon","record_id":8216893,"task":"Process creation (rule: ProcessCreate)"}}
{"@timestamp":"2023-05-10T06:41:30.767Z","CommandLine":"C:\\Program Files\\Google\\Chrome\\Application\\chrome.exe --new-tab https://example.com","EventID":1,"Image":"C:\\Program Files\\Google\\Chrome\\Application\\chrome.exe","ParentImage":"C:\\Program Files\\Mozilla Firefox\\firefox.exe","ParentProcessId":535,"ProcessId":42679,"User":"Guest","agent":{"hostname":"WIN-HB9AQNX6","type":"winlogbeat","version":"8.5.0"},"ecs":{"version":"8.5.0"},"event":{"action":"Process creation","category":["process"],"code":1,"kind":"event","provider":"Microsoft-Windows-Sysmon","type":["start"]},"host":{"name":"WIN-LQIEENXD","os":{"family":"windows","name":"Windows Server 2019","version":"10.0.17763"}},"process":{"args":["C:\\Program","Files\\Google\\Chrome\\Application\\chrome.exe","--new-tab","https://example.com"],"command_line":"C:\\Program Files\\Google\\Chrome\\Application\\chrome.exe --new-tab https://example.com","executable":"C:\\Program Files\\Google\\Chrome\\Application\\chrome.exe","name":"chrome.exe","parent":{"executable":"C:\\Program Files\\Mozilla Firefox\\firefox.exe","name":"firefox.exe","pid":117},"pid":11205},"user":{"domain":"DOMAIN","name":"Guest"},"winlog":{"channel":"Microsoft-Windows-Sysmon/Operational","computer_name":"WIN-X3NG1T7K.domain.local","event_id":1,"provider_name":"Microsoft-Windows-Sysmon","record_id":4173958,"task":"Process creation (rule: ProcessCreate)"}}
{"@timestamp":"2023-01-28T01:21:49.164Z","CommandLine":"C:\\Windows\\System32\\cscript.exe HOUG1PY2Y6","EventID":1,"Image":"C:\\Windows\\System32\\cscript.exe","ParentImage":"C:\\Windows\\System32\\rundll32.exe","ParentProcessId":221,"ProcessId":28514,"User":"admin","agent":{"hostname":"WIN-IEZ6USB8","type":"winlogbeat","version":"8.5.0"},"ecs":{"version":"8.5.0"},"event":{"action":"Process creation","category":["process"],"code":1,"kind":"event","provider":"Microsoft-Windows-Sysmon","type":["start"]},"host":{"name":"WIN-472H2QH4","os":{"family":"windows","name":"Windows Server 2019","version":"10.0.17763"}},"process":{"args":["C:\\Windows\\System32\\cscript.exe","HOUG1PY2Y6"],"command_line":"C:\\Windows\\System32\\cscript.exe HOUG1PY2Y6","executable":"C:\\Windows\\System32\\cscript.exe","name":"cscript.exe","parent":{"executable":"C:\\Windows\\System32\\rundll32.exe","name":"rundll32.exe","pid":631},"pid":28855},"user":{"domain":"DOMAIN","name":"admin"},"winlog":{"channel":"Microsoft-Windows-Sysmon/Operational","computer_name":"WIN-PAP1IOIR.domain.local","event_id":1,"provider_name":"Microsoft-Windows-Sysmon","record_id":1732194,"task":"Process creation (rule: ProcessCreate)"}}
{"@timestamp":"2023-06-16T00:04:28.214Z","CommandLine":"C:\\Windows\\System32\\services.exe WQK5TT470Z","EventID":1,"Image":"C:\\Windows\\System32\\services.exe","ParentImage":"C:\\Windows\\System32\\services.exe","ParentProcessId":270,"ProcessId":6760,"User":"DefaultAccount","agent":{"hostname":"WIN-NCR88UUQ","type":"winlogbeat","version":"8.5.0"},"ecs":{"version":"8.5.0"},"event":{"action":"Process creation","category":["process"],"code":1,"kind":"event","provider":"Microsoft-Windows-Sysmon","type":["start"]},"host":{"name":"WIN-NTTG3VVB","os":{"family":"windows","name":"Windows Server 2019","version":"10.0.17763"}},"process":{"args":["C:\\Windows\\System32\\services.exe","WQK5TT470Z"],"command_line":"C:\\Windows\\System32\\services.exe WQK5TT470Z","executable":"C:\\Windows\\System32\\services.exe","name":"services.exe","parent":{"executable":"C:\\Windows\\System32\\services.exe","name":"services.exe","pid":921},"pid":11586},"user":{"domain":"DOMAIN","name":"DefaultAccount"},"winlog":{"channel":"Microsoft-Windows-Sysmon/Operational","computer_name":"WIN-LQKJR6LC.domain.local","event_id":1,"provider_name":"Microsoft-Windows-Sysmon","record_id":7065841,"task":"Process creation (rule: ProcessCreate)"}}
{"@timestamp":"2023-12-21T12:25:29.285Z","EventID":17,"Image":"C:\\Windows\\System32\\WindowsPowerShell\\v1.0\\powershell.exe","PipeName":"\\pipe\\srvsvc","agent":{"hostname":"WIN-TKZRT3UD","type":"winlogbeat","version":"8.5.0"},"ecs":{"version":"8.5.0"},"event":{"action":"Process creation","category":["process"],"code":17,"kind":"event","provider":"Microsoft-Windows-Sysmon","type":["start"]},"host":{"name":"WIN-92SGDRGX","os":{"family":"windows","name":"Windows Server 2019","version":"10.0.17763"}},"winlog":{"channel":"Microsoft-Windows-Sysmon/Operational","computer_name":"WIN-XNBSN1F2.domain.local","event_id":17,"provider_name":"Microsoft-Windows-Sysmon","record_id":8725754,"task":"Process creation (rule: ProcessCreate)"}}
{"@timestamp":"2023-05-20T23:44:26.634Z","DestinationIp":"1.1.1.1","DestinationPort":80,"EventID":3,"Image":"C:\\Windows\\System32\\rundll32.exe","Protocol":"tcp","SourceIp":"192.168.1.100","SourcePort":64145,"agent":{"hostname":"WIN-TQ59NPD8","type":"winlogbeat","version":"8.5.0"},"destination":{"ip":"1.1.1.1","port":80},"ecs":{"version":"8.5.0"},"event":{"action":"Process creation","category":["process"],"code":3,"kind":"event","provider":"Microsoft-Windows-Sysmon","type":["start"]},"host":{"name":"WIN-G9WQB8XJ","os":{"family":"windows","name":"Windows Server 2019","version":"10.0.17763"}},"network":{"direction":"outbound","protocol":"tcp"},"source":{"ip":"192.168.1.100","port":64145},"winlog":{"channel":"Microsoft-Windows-Sysmon/Operational","computer_name":"WIN-DWDZ51GN.domain.local","event_id":3,"provider_name":"Microsoft-Windows-Sysmon","record_id":6296382,"task":"Process creation (rule: ProcessCreate)"}}
{"@timestamp":"2023-11-28T02:11:32.770Z","CommandLine":"C:\\Windows\\System32\\taskmgr.exe QARNMGG847","EventID":1,"Image":"C:\\Windows\\System32\\taskmgr.exe","ParentImage":"C:\\Windows\\System32\\explorer.exe","ParentProcessId":133,"ProcessId":50456,"User":"SYSTEM","agent":{"hostname":"WIN-SPKDER8B","type":"winlogbeat","version":"8.5.0"},"ecs":{"version":"8.5.0"},"event":{"action":"Process creation","category":["process"],"code":1,"kind":"event","provider":"Microsoft-Windows-Sysmon","type":["start"]},"host":{"name":"WIN-V7608OHH","os":{"family":"windows","name":"Windows Server 2019","version":"10.0.17763"}},"process":{"args":["C:\\Windows\\System32\\taskmgr.exe","QARNMGG847"],"command_line":"C:\\Windows\\System32\\taskmgr.exe QARNMGG847","executable":"C:\\Windows\\System32\\taskmgr.exe","name":"taskmgr.exe","parent":{"executable":"C:\\Windows\\System32\\explorer.exe","name":"explorer.exe","pid":835},"pid":20184},"user":{"domain":"DOMAIN","name":"SYSTEM"},"winlog":{"channel":"Microsoft-Windows-Sysmon/Operational","computer_name":"WIN-G9VH5IHN.domain.local","event_id":1,"provider_name":"Microsoft-Windows-Sysmon","record_id":8047321,"task":"Process creation (rule: ProcessCreate)"}}
{"@timestamp":"2023-06-06T01:17:23.410Z","EventID":17,"Image":"C:\\Program Files\\Mozilla Firefox\\firefox.exe","PipeName":"\\pipe\\lsarpc","agent":{"hostname":"WIN-QOGSLPX3","type":"winlogbeat","version":"8.5.0"},"ecs":{"version":"8.5.0"},"event":{"action":"Process creation","category":["process"],"code":17,"kind":"event","provider":"Microsoft-Windows-Sysmon","type":["start"]},"host":{"name":"WIN-KN5FUER8","os":{"family":"windows","name":"Windows Server 2019","version":"10.0.17763"}},"winlog":{"channel":"Microsoft-Windows-Sysmon/Operational","computer_name":"WIN-9LWAKB3T.domain.local","event_id":17,"provider_name":"Microsoft-Windows-Sysmon","record_id":5260777,"task":"Process creation (rule: ProcessCreate)"}}
{"@timestamp":"2023-12-11T21:24:23.218Z","CommandLine":"C:\\Windows\\System32\\wininit.exe 0TZ8FPTNC4","EventID":1,"Image":"C:\\Windows\\System32\\wininit.exe","ParentImage":"C:\\Program Files\\Google\\Chrome\\Application\\chrome.exe","ParentProcessId":363,"ProcessId":42192,"User":"admin","agent":{"hostname":"WIN-CTJ4SHD4","type":"winlogbeat","version":"8.5.0"},"ecs":{"version":"8.5.0"},"event":{"action":"Process creation","category":["process"],"code":1,"kind":"event","provider":"Microsoft-Windows-Sysmon","type":["start"]},"host":{"name":"WIN-4JEQ0HRA","os":{"family":"windows","name":"Windows Server 2019","version":"10.0.17763"}},"process":{"args":["C:\\Windows\\System32\\wininit.exe","0TZ8FPTNC4"],"command_line":"C:\\Windows\\System32\\wininit.exe 0TZ8FPTNC4","executable":"C:\\Windows\\System32\\wininit.exe","name":"wininit.exe","parent":{"executable":"C:\\Program Files\\Google\\Chrome\\Application\\chrome.exe","name":"chrome.exe","pid":183},"pid":56167},"user":{"domain":"DOMAIN","name":"admin"},"winlog":{"channel":"Microsoft-Windows-Sysmon/Operational","computer_name":"WIN-J74SSH1G.domain.local","event_id":1,"provider_name":"Microsoft-Windows-Sysmon","record_id":8755270,"task":"Process creation (rule: ProcessCreate)"}}
{"@timestamp":"2023-11-24T21:22:25.223Z","Details":"C:\\temp\\FNT45DV1.exe","EventID":13,"Image":"C:\\Windows\\System32\\taskmgr.exe","TargetObject":"HKLM\\SYSTEM\\CurrentControlSet\\Services\\LJP0OW978A","agent":{"hostname":"WIN-R7QGKBM5","type":"winlogbeat","version":"8.5.0"},"ecs":{"version":"8.5.0"},"event":{"action":"Process creation","category":["process"],"code":13,"kind":"event","provider":"Microsoft-Windows-Sysmon","type":["start"]},"host":{"name":"WIN-DUSLQKIP","os":{"family":"windows","name":"Windows Server 2019","version":"10.0.17763"}},"registry":{"data":{"strings":["C:\\temp\\PQKXX8ME.exe"]},"key":"HKLM\\SYSTEM\\CurrentControlSet\\Services","value":"1MGJ29N0L8"},"winlog":{"channel":"Microsoft-Windows-Sysmon/Operational","computer_name":"WIN-5UVV42EC.domain.local","event_id":13,"provider_name":"Microsoft-Windows-Sysmon","record_id":1690713,"task":"Process creation (rule: ProcessCreate)"}}
{"@timestamp":"2023-02-03T13:33:35.254Z","CommandLine":"C:\\Windows\\System32\\cmd.exe OOUCU0TPB6","EventID":1,"Image":"C:\\Windows\\System32\\cmd.exe","ParentImage":"C:\\Windows\\System32\\services.exe","ParentProcessId":241,"ProcessId":26373,"User":"DefaultAccount","agent":{"hostname":"WIN-TN10WX1K","type":"winlogbeat","version":"8.5.0"},"ecs":{"version":"8.5.0"},"event":{"action":"Process creation","category":["process"],"code":1,"kind":"event","provider":"Microsoft-Windows-Sysmon","type":["start"]},"host":{"name":"WIN-8E1NQ9XI","os":{"family":"windows","name":"Windows Server 2019","version":"10.0.17763"}},"process":{"args":["C:\\Windows\\System32\\cmd.exe","OOUCU0TPB6"],"command_line":"C:\\Windows\\System32\\cmd.exe OOUCU0TPB6","executable":"C:\\Windows\\System32\\cmd.exe","name":"cmd.exe","parent":{"executable":"C:\\Windows\\System32\\services.exe","name":"services.exe","pid":493},"pid":52045},"user":{"domain":"DOMAIN","name":"DefaultAccount"},"winlog":{"channel":"Microsoft-Windows-Sysmon/Operational","computer_name":"WIN-47WJ323G.domain.local","event_id":1,"provider_name":"Microsoft-Windows-Sysmon","record_id":1899839,"task":"Process creation (rule: ProcessCreate)"}}
{"@timestamp":"2023-01-01T07:26:26.552Z","CommandLine":"C:\\Windows\\System32\\lsass.exe JHI12V6E04","EventID":1,"Image":"C:\\Windows\\System32\\lsass.exe","ParentImage":"C:\\Windows\\System32\\cscript.exe","ParentProcessId":234,"ProcessId":42007,"User":"NT AUTHORITY\\NETWORK SERVICE","agent":{"hostname":"WIN-TYV8BZXD","type":"winlogbeat","version":"8.5.0"},"ecs":{"version":"8.5.0"},"event":{"action":"Process creation","category":["process"],"code":1,"kind":"event","provider":"Microsoft-Windows-Sysmon","type":["start"]},"host":{"name":"WIN-4MRX2F8U","os":{"family":"windows","name":"Windows Server 2019","version":"10.0.17763"}},"process":{"args":["C:\\Windows\\System32\\lsass.exe","JHI12V6E04"],"command_line":"C:\\Windows\\System32\\lsass.exe JHI12V6E04","executable":"C:\\Windows\\System32\\lsass.exe","name":"lsass.exe","parent":{"executable":"C:\\Windows\\System32\\cscript.exe","name":"cscript.exe","pid":274},"pid":20076},"user":{"domain":"NT AUTHORITY","name":"NT AUTHORITY\\NETWORK SERVICE"},"winlog":{"channel":"Microsoft-Windows-Sysmon/Operational","computer_name":"WIN-TL21HXNK.domain.local","event_id":1,"provider_name":"Microsoft-Windows-Sysmon","record_id":3457673,"task":"Process creation (rule: ProcessCreate)"}}
{"@timestamp":"2023-07-26T01:57:55.396Z","CommandLine":"C:\\Windows\\System32\\cscript.exe ABPMIR1G1N","EventID":1,"Image":"C:\\Windows\\System32\\cscript.exe","ParentImage":"C:\\Windows\\System32\\WindowsPowerShell\\v1.0\\powershell.exe","ParentProcessId":962,"ProcessId":26143,"User":"jane.smith","agent":{"hostname":"WIN-98WJNQAU","type":"winlogbeat","version":"8.5.0"},"ecs":{"version":"8.5.0"},"event":{"action":"Process creation","category":["process"],"code":1,"kind":"event","provider":"Microsoft-Windows-Sysmon","type":["start"]},"host":{"name":"WIN-WI6B64T1","os":{"family":"windows","name":"Windows Server 2019","version":"10.0.17763"}},"process":{"args":["C:\\Windows\\System32\\cscript.exe","ABPMIR1G1N"],"command_line":"C:\\Windows\\System32\\cscript.exe ABPMIR1G1N","executable":"C:\\Windows\\System32\\cscript.exe","name":"cscript.exe","parent":{"executable":"C:\\Windows\\System32\\WindowsPowerShell\\v1.0\\powershell.exe","name":"powershell.exe","pid":619},"pid":11458},"user":{"domain":"DOMAIN","name":"jane.smith"},"winlog":{"channel":"Microsoft-Windows-Sysmon/Operational","computer_name":"WIN-HPGFWW91.domain.local","event_id":1,"provider_name":"Microsoft-Windows-Sysmon","record_id":1030254,"task":"Process creation (rule: ProcessCreate)"}}
{"@timestamp":"2023-08-17T07:39:13.844Z","CommandLine":"C:\\Windows\\System32\\cmd.exe 0EY3JLQPA7","EventID":1,"Image":"C:\\Windows\\System32\\cmd.exe","ParentImage":"C:\\Windows\\System32\\wscript.exe","ParentProcessId":208,"ProcessId":63413,"User":"service_account","agent":{"hostname":"WIN-12A175AI","type":"winlogbeat","version":"8.5.0"},"ecs":{"version":"8.5.0"},"event":{"action":"Process creation","category":["process"],"code":1,"kind":"event","provider":"Microsoft-Windows-Sysmon","type":["start"]},"host":{"name":"WIN-Y88US0QL","os":{"family":"windows","name":"Windows Server 2019","version":"10.0.17763"}},"process":{"args":["C:\\Windows\\System32\\cmd.exe","0EY3JLQPA7"],"command_line":"C:\\Windows\\System32\\cmd.exe 0EY3JLQPA7","executable":"C:\\Windows\\System32\\cmd.exe","name":"cmd.exe","parent":{"executable":"C:\\Windows\\System32\\wscript.exe","name":"wscript.exe","pid":842},"pid":4192},"user":{"domain":"DOMAIN","name":"service_account"},"winlog":{"channel":"Microsoft-Windows-Sysmon/Operational","computer_name":"WIN-6R25WRF3.domain.local","event_id":1,"provider_name":"Microsoft-Windows-Sysmon","record_id":3900681,"task":"Process creation (rule: ProcessCreate)"}}
