{"@timestamp":"2023-08-22T02:14:46.307Z","Details":"C:\\temp\\VCH8MV5J.exe","EventID":13,"Image":"C:\\Windows\\System32\\rundll32.exe","TargetObject":"HKLM\\SOFTWARE\\Classes\\exefile\\shell\\open\\command\\TD20IKX9ML","agent":{"hostname":"WIN-XR29VLCZ","type":"winlogbeat","version":"8.5.0"},"ecs":{"version":"8.5.0"},"event":{"action":"Process creation","category":["process"],"code":13,"kind":"event","provider":"Microsoft-Windows-Sysmon","type":["start"]},"host":{"name":"WIN-BKJQ18NM","os":{"family":"windows","name":"Windows Server 2019","version":"10.0.17763"}},"registry":{"data":{"strings":["C:\\temp\\F895QVMU.exe"]},"key":"HKLM\\SOFTWARE\\Classes\\exefile\\shell\\open\\command","value":"RQDLYU73YW"},"winlog":{"channel":"Microsoft-Windows-Sysmon/Operational","computer_name":"WIN-0NIFFW27.domain.local","event_id":13,"provider_name":"Microsoft-Windows-Sysmon","record_id":9340860,"task":"Process creation (rule: ProcessCreate)"}}
{"@timestamp":"2023-09-28T12:55:44.286Z","CommandLine":"C:\\Windows\\System32\\explorer.exe","EventID":1,"Image":"C:\\Windows\\System32\\explorer.exe","ParentImage":"C:\\Windows\\System32\\wscript.exe","ParentProcessId":953,"ProcessId":44653,"User":"SYSTEM","agent":{"hostname":"WIN-TELYGK0V","type":"winlogbeat","version":"8.5.0"},"ecs":{"version":"8.5.0"},"event":{"action":"Process creation","category":["process"],"code":1,"kind":"event","provider":"Microsoft-Windows-Sysmon","type":["start"]},"host":{"name":"WIN-83ZUUSIF","os":{"family":"windows","name":"Windows Server 2019","version":"10.0.17763"}},"process":{"args":["C:\\Windows\\System32\\explorer.exe"],"command_line":"C:\\Windows\\System32\\explorer.exe","executable":"C:\\Windows\\System32\\explorer.exe","name":"explorer.exe","parent":{"executable":"C:\\Windows\\System32\\wscript.exe","name":"wscript.exe","pid":121},"pid":55321},"user":{"domain":"DOMAIN","name":"SYSTEM"},"winlog":{"channel":"Microsoft-Windows-Sysmon/Operational","computer_name":"WIN-D5ZB8LBR.domain.local","event_id":1,"provider_name":"Microsoft-Windows-Sysmon","record_id":1385769,"task":"Process creation (rule: ProcessCreate)"}}
{"@timestamp":"2023-11-10T13:32:22.423Z","CommandLine":"C:\\Windows\\System32\\notepad.exe document.txt","EventID":1,"Image":"C:\\Windows\\System32\\notepad.exe","ParentImage":"C:\\Windows\\System32\\wscript.exe","ParentProcessId":169,"ProcessId":51737,"User":"service_account","agent":{"hostname":"WIN-XI5YTWPP","type":"winlogbeat","version":"8.5.0"},"ecs":{"version":"8.5.0"},"event":{"action":"Process creation","category":["process"],"code":1,"kind":"event","provider":"Microsoft-Windows-Sysmon","type":["start"]},"host":{"name":"WIN-ZHSZ4FRK","os":{"family":"windows","name":"Windows Server 2019","version":"10.0.17763"}},"process":{"args":["C:\\Windows\\System32\\notepad.exe","document.txt"],"command_line":"C:\\Windows\\System32\\notepad.exe document.txt","executable":"C:\\Windows\\System32\\notepad.exe","name":"notepad.exe","parent":{"executable":"C:\\Windows\\System32\\wscript.exe","name":"wscript.exe","pid":813},"pid":45357},"user":{"domain":"DOMAIN","name":"service_account"},"winlog":{"channel":"Microsoft-Windows-Sysmon/Operational","computer_name":"WIN-P2AGDEX3.domain.local","event_id":1,"provider_name":"Microsoft-Windows-Sysmon","record_id":9125200,"task":"Process creation (rule: ProcessCreate)"}}
{"@timestamp":"2023-09-08T11:54:26.398Z","DestinationIp":"malicious-domain.com","DestinationPort":80,"EventID":3,"Image":"C:\\Windows\\System32\\cmd.exe","Protocol":"tcp","SourceIp":"192.168.1.100","SourcePort":59580,"agent":{"hostname":"WIN-YMR4MKTO","type":"winlogbeat","version":"8.5.0"},"destination":{"ip":"malicious-domain.com","port":80},"ecs":{"version":"8.5.0"},"event":{"action":"Process creation","category":["process"],"code":3,"kind":"event","provider":"Microsoft-Windows-Sysmon","type":["start"]},"host":{"name":"WIN-QBK13MXM","os":{"family":"windows","name":"Windows Server 2019","version":"10.0.17763"}},"network":{"direction":"outbound","protocol":"tcp"},"source":{"ip":"192.168.1.100","port":59580},"winlog":{"channel":"Microsoft-Windows-Sysmon/Operational","computer_name":"WIN-NCHQ28WC.domain.local","event_id":3,"provider_name":"Microsoft-Windows-Sysmon","record_id":2792843,"task":"Process creation (rule: ProcessCreate)"}}
{"@timestamp":"2023-01-16T10:52:28.222Z","EventID":17,"Image":"C:\\Windows\\System32\\mshta.exe","PipeName":"\\pipe\\mojo.8511.UMU4HXPA","agent":{"hostname":"WIN-L9VGTC9S","type":"winlogbeat","version":"8.5.0"},"ecs":{"version":"8.5.0"},"event":{"action":"Process creation","category":["process"],"code":17,"kind":"event","provider":"Microsoft-Windows-Sysmon","type":["start"]},"host":{"name":"WIN-MGSL2A3K","os":{"family":"windows","name":"Windows Server 2019","version":"10.0.17763"}},"winlog":{"channel":"Microsoft-Windows-Sysmon/Operational","computer_name":"WIN-7SAYI76C.domain.local","event_id":17,"provider_name":"Microsoft-Windows-Sysmon","record_id":9292070,"task":"Process creation (rule: ProcessCreate)"}}
{"@timestamp":"2023-07-20T07:22:58.901Z","EventID":17,"Image":"C:\\Windows\\System32\\services.exe","PipeName":"\\pipe\\samr","agent":{"hostname":"WIN-9ZDUIHIF","type":"winlogbeat","version":"8.5.0"},"ecs":{"version":"8.5.0"},"event":{"action":"Process creation","category":["process"],"code":17,"kind":"event","provider":"Microsoft-Windows-Sysmon","type":["start"]},"host":{"name":"WIN-QP7PWQ1G","os":{"family":"windows","name":"Windows Server 2019","version":"10.0.17763"}},"winlog":{"channel":"Microsoft-Windows-Sysmon/Operational","computer_name":"WIN-IXJBD4IO.domain.local","event_id":17,"provider_name":"Microsoft-Windows-Sysmon","record_id":2220347,"task":"Process creation (rule: ProcessCreate)"}}
{"@timestamp":"2023-09-03T23:33:33.824Z","DestinationIp":"update-server.microsoft.com","DestinationPort":3389,"EventID":3,"Image":"C:\\Windows\\System32\\cscript.exe","Protocol":"tcp","SourceIp":"192.168.1.100","SourcePort":55271,"agent":{"hostname":"WIN-RMZPKQQB","type":"winlogbeat","version":"8.5.0"},"destination":{"ip":"update-server.microsoft.com","port":3389},"ecs":{"version":"8.5.0"},"event":{"action":"Process creation","category":["process"],"code":3,"kind":"event","provider":"Microsoft-Windows-Sysmon","type":["start"]},"host":{"name":"WIN-YB82CYO7","os":{"family":"windows","name":"Windows Server 2019","version":"10.0.17763"}},"network":{"direction":"outbound","protocol":"tcp"},"source":{"ip":"192.168.1.100","port":55271},"winlog":{"channel":"Microsoft-Windows-Sysmon/Operational","computer_name":"WIN-P0CW2K88.domain.local","event_id":3,"provider_name":"Microsoft-Windows-Sysmon","record_id":8985647,"task":"Process creation (rule: ProcessCreate)"}}
{"@timestamp":"2023-03-16T15:10:30.122Z","Details":"C:\\temp\\WHBA78W1.exe","EventID":13,"Image":"C:\\Windows\\System32\\cscript.exe","TargetObject":"HKLM\\SOFTWARE\\Microsoft\\Windows\\CurrentVersion\\Run\\JSLL92IKBS","agent":{"hostname":"WIN-R1PY4F5J","type":"winlogbeat","version":"8.5.0"},"ecs":{"version":"8.5.0"},"event":{"action":"Process creation","category":["process"],"code":13,"kind":"event","provider":"Microsoft-Windows-Sysmon","type":["start"]},"host":{"name":"WIN-0BPC8TQH","os":{"family":"windows","name":"Windows Server 2019","version":"10.0.17763"}},"registry":{"data":{"strings":["C:\\temp\\OAWX8YZ7.exe"]},"key":"HKLM\\SOFTWARE\\Microsoft\\Windows\\CurrentVersion\\Run","value":"9O5V1TI54R"},"winlog":{"channel":"Microsoft-Windows-Sysmon/Operational","computer_name":"WIN-8F10VPHH.domain.local","event_id":13,"provider_name":"Microsoft-Windows-Sysmon","record_id":3804130,"task":"Process creation (rule: ProcessCreate)"}}
{"@timestamp":"2023-10-17T12:17:24.478Z","Details":"C:\\temp\\PPRPTL21.exe","EventID":13,"Image":"C:\\Windows\\System32\\cscript.exe","TargetObject":"HKCU\\SOFTWARE\\Microsoft\\Windows\\CurrentVersion\\Run\\T42JXG5U02","agent":{"hostname":"WIN-D7FHF9SY","type":"winlogbeat","version":"8.5.0"},"ecs":{"version":"8.5.0"},"event":{"action":"Process creation","category":["process"],"code":13,"kind":"event","provider":"Microsoft-Windows-Sysmon","type":["start"]},"host":{"name":"WIN-2MNU4UQK","os":{"family":"windows","name":"Windows Server 2019","version":"10.0.17763"}},"registry":{"data":{"strings":["C:\\temp\\TKGGNN8A.exe"]},"key":"HKCU\\SOFTWARE\\Microsoft\\Windows\\CurrentVersion\\Run","value":"0AD7101PCE"},"winlog":{"channel":"Microsoft-Windows-Sysmon/Operational","computer_name":"WIN-ZCGTXGH8.domain.local","event_id":13,"provider_name":"Microsoft-Windows-Sysmon","record_id":1936595,"task":"Process creation (rule: ProcessCreate)"}}
{"@timestamp":"2023-12-06T15:57:53.944Z","DestinationIp":"update-server.microsoft.com","DestinationPort":53,"EventID":3,"Image":"C:\\Windows\\System32\\spoolsv.exe","Protocol":"tcp","SourceIp":"192.168.1.100","SourcePort":64464,"agent":{"hostname":"WIN-K9O0OQRR","type":"winlogbeat","version":"8.5.0"},"destination":{"ip":"update-server.microsoft.com","port":53},"ecs":{"version":"8.5.0"},"event":{"action":"Process creation","category":["process"],"code":3,"kind":"event","provider":"Microsoft-Windows-Sysmon","type":["start"]},"host":{"name":"WIN-41LHL2VL","os":{"family":"windows","name":"Windows Server 2019","version":"10.0.17763"}},"network":{"direction":"outbound","protocol":"tcp"},"source":{"ip":"192.168.1.100","port":64464},"winlog":{"channel":"Microsoft-Windows-Sysmon/Operational","computer_name":"WIN-B48BHJ91.domain.local","event_id":3,"provider_name":"Microsoft-Windows-Sysmon","record_id":8796414,"task":"Process creation (rule: ProcessCreate)"}}
{"@timestamp":"2023-04-20T12:37:53.223Z","Details":"C:\\temp\\1OTW1IGO.exe","EventID":13,"Image":"C:\\Windows\\System32\\explorer.exe","TargetObject":"HKCU\\SOFTWARE\\Microsoft\\Windows\\CurrentVersion\\Run\\6XEFOYRXW0","agent":{"hostname":"WIN-2116E2I3","type":"winlogbeat","version":"8.5.0"},"ecs":{"version":"8.5.0"},"event":{"action":"Process creation","category":["process"],"code":13,"kind":"event","provider":"Microsoft-Windows-Sysmon","type":["start"]},"host":{"name":"WIN-9MGRJTFU","os":{"family":"windows","name":"Windows Server 2019","version":"10.0.17763"}},"registry":{"data":{"strings":["C:\\temp\\7MF2J52W.exe"]},"key":"HKCU\\SOFTWARE\\Microsoft\\Windows\\CurrentVersion\\Run","value":"PQQSFROLBO"},"winlog":{"channel":"Microsoft-Windows-Sysmon/Operational","computer_name":"WIN-2MVX1AN8.domain.local","event_id":13,"provider_name":"Microsoft-Windows-Sysmon","record_id":1657646,"task":"Process creation (rule: ProcessCreate)"}}
{"@timestamp":"2023-08-23T03:51:39.880Z","Details":"C:\\temp\\ZOJ6BGBI.exe","EventID":13,"Image":"C:\\Windows\\System32\\notepad.exe","TargetObject":"HKLM\\SOFTWARE\\Classes\\exefile\\shell\\open\\command\\LRLJ2PR4P1","agent":{"hostname":"WIN-SDBJGUEJ","type":"winlogbeat","version":"8.5.0"},"ecs":{"version":"8.5.0"},"event":{"action":"Process creation","category":["process"],"code":13,"kind":"event","provider":"Microsoft-Windows-Sysmon","type":["start"]},"host":{"name":"WIN-LRL9T51A","os":{"family":"windows","name":"Windows Server 2019","version":"10.0.17763"}},"registry":{"data":{"strings":["C:\\temp\\H9I8EZLN.exe"]},"key":"HKLM\\SOFTWARE\\Classes\\exefile\\shell\\open\\command","value":"4CO3BHECB7"},"winlog":{"channel":"Microsoft-Windows-Sysmon/Operational","computer_name":"WIN-H8IDLR0O.domain.local","event_id":13,"provider_name":"Microsoft-Windows-Sysmon","record_id":2749602,"task":"Process creation (rule: ProcessCreate)"}}
{"@timestamp":"2023-05-03T03:10:38.440Z","Details":"C:\\temp\\04JHKP68.exe","EventID":13,"Image":"C:\\Windows\\System32\\regsvr32.exe","TargetObject":"HKLM\\SOFTWARE\\Classes\\exefile\\shell\\open\\command\\6TFPLCFRTV","agent":{"hostname":"WIN-JKH7APOZ","type":"winlogbeat","version":"8.5.0"},"ecs":{"version":"8.5.0"},"event":{"action":"Process creation","category":["process"],"code":13,"kind":"event","provider":"Microsoft-Windows-Sysmon","type":["start"]},"host":{"name":"WIN-4HYGDWLM","os":{"family":"windows","name":"Windows Server 2019","version":"10.0.17763"}},"registry":{"data":{"strings":["C:\\temp\\131TTOV8.exe"]},"key":"HKLM\\SOFTWARE\\Classes\\exefile\\shell\\open\\command","value":"LTCDL2TPC3"},"winlog":{"channel":"Microsoft-Windows-Sysmon/Operational","computer_name":"WIN-WD88FEGX.domain.local","event_id":13,"provider_name":"Microsoft-Windows-Sysmon","record_id":8370496,"task":"Process creation (rule: ProcessCreate)"}}
{"@timestamp":"2023-05-19T00:32:44.718Z","CommandLine":"C:\\Windows\\System32\\lsass.exe SHR5INAILF","EventID":1,"Image":"C:\\Windows\\System32\\lsass.exe","ParentImage":"C:\\Windows\\System32\\mshta.exe","ParentProcessId":122,"ProcessId":45459,"User":"SYSTEM","agent":{"hostname":"WIN-5WUMUF4I","type":"winlogbeat","version":"8.5.0"},"ecs":{"version":"8.5.0"},"event":{"action":"Process creation","category":["process"],"code":1,"kind":"event","provider":"Microsoft-Windows-Sysmon","type":["start"]},"host":{"name":"WIN-NRF5L3YI","os":{"family":"windows","name":"Windows Server 2019","version":"10.0.17763"}},"process":{"args":["C:\\Windows\\System32\\lsass.exe","SHR5INAILF"],"command_line":"C:\\Windows\\System32\\lsass.exe SHR5INAILF","executable":"C:\\Windows\\System32\\lsass.exe","name":"lsass.exe","parent":{"executable":"C:\\Windows\\System32\\mshta.exe","name":"mshta.exe","pid":621},"pid":38965},"user":{"domain":"DOMAIN","name":"SYSTEM"},"winlog":{"channel":"Microsoft-Windows-Sysmon/Operational","computer_name":"WIN-39MKP3MC.domain.local","event_id":1,"provider_name":"Microsoft-Windows-Sysmon","record_id":1141731,"task":"Process creation (rule: ProcessCreate)"}}
{"@timestamp":"2023-02-18T13:48:20.396Z","CommandLine":"C:\\Program Files (x86)\\Microsoft\\Edge\\Application\\msedge.exe 459MN3T1IB","EventID":1,"Image":"C:\\Program Files (x86)\\Microsoft\\Edge\\Application\\msedge.exe","ParentImage":"C:\\Windows\\System32\\powershell.exe","ParentProcessId":315,"ProcessId":55398,"User":"SYSTEM","agent":{"hostname":"WIN-6LMMI6PA","type":"winlogbeat","version":"8.5.0"},"ecs":{"version":"8.5.0"},"event":{"action":"Process creation","category":["process"],"code":1,"kind":"event","provider":"Microsoft-Windows-Sysmon","type":["start"]},"host":{"name":"WIN-6PPTZV1O","os":{"family":"windows","name":"Windows Server 2019","version":"10.0.17763"}},"process":{"args":["C:\\Program","Files","(x86)\\Microsoft\\Edge\\Application\\msedge.exe","459MN3T1IB"],"command_line":"C:\\Program Files (x86)\\Microsoft\\Edge\\Application\\msedge.exe 459MN3T1IB","executable":"C:\\Program Files (x86)\\Microsoft\\Edge\\Application\\msedge.exe","name":"msedge.exe","parent":{"executable":"C:\\Windows\\System32\\powershell.exe","name":"powershell.exe","pid":469},"pid":58560},"user":{"domain":"DOMAIN","name":"SYSTEM"},"winlog":{"channel":"Microsoft-Windows-Sysmon/Operational","computer_name":"WIN-XG72FLDH.domain.local","event_id":1,"provider_name":"Microsoft-Windows-Sysmon","record_id":5716511,"task":"Process creation (rule: ProcessCreate)"}}
{"@timestamp":"2023-10-23T00:02:54.934Z","Details":"C:\\temp\\2XJ7IOTC.exe","EventID":13,"Image":"C:\\Windows\\System32\\calc.exe","TargetObject":"HKCU\\SOFTWARE\\Microsoft\\Windows\\CurrentVersion\\Run\\D1PB88HW03","agent":{"hostname":"WIN-C2YDYMDL","type":"winlogbeat","version":"8.5.0"},"ecs":{"version":"8.5.0"},"event":{"action":"Process creation","category":["process"],"code":13,"kind":"event","provider":"Microsoft-Windows-Sysmon","type":["start"]},"host":{"name":"WIN-D8R1THJQ","os":{"family":"windows","name":"Windows Server 2019","version":"10.0.17763"}},"registry":{"data":{"strings":["C:\\temp\\H1FNB9E6.exe"]},"key":"HKCU\\SOFTWARE\\Microsoft\\Windows\\CurrentVersion\\Run","value":"UJWOD95CFU"},"winlog":{"channel":"Microsoft-Windows-Sysmon/Operational","computer_name":"WIN-FFOLVQBA.domain.local","event_id":13,"provider_name":"Microsoft-Windows-Sysmon","record_id":8597019,"task":"Process creation (rule: ProcessCreate)"}}
{"@timestamp":"2023-03-15T09:51:27.425Z","CommandLine":"C:\\Windows\\System32\\certutil.exe ZJOL1MYXR8T90416LQNQ","EventID":1,"Image":"C:\\Windows\\System32\\certutil.exe","ParentImage":"C:\\Windows\\System32\\cscript.exe","ParentProcessId":460,"ProcessId":41360,"User":"NT AUTHORITY\\NETWORK SERVICE","agent":{"hostname":"WIN-V43OS424","type":"winlogbeat","version":"8.5.0"},"ecs":{"version":"8.5.0"},"event":{"action":"Process creation","category":["process"],"code":1,"kind":"event","provider":"Microsoft-Windows-Sysmon","type":["start"]},"host":{"name":"WIN-GJNOLP14","os":{"family":"windows","name":"Windows Server 2019","version":"10.0.17763"}},"process":{"args":["C:\\Windows\\System32\\certutil.exe","ZJOL1MYXR8T90416LQNQ"],"command_line":"C:\\Windows\\System32\\certutil.exe ZJOL1MYXR8T90416LQNQ","executable":"C:\\Windows\\System32\\certutil.exe","name":"certutil.exe","parent":{"executable":"C:\\Windows\\System32\\cscript.exe","name":"cscript.exe","pid":934},"pid":37900},"user":{"domain":"NT AUTHORITY","name":"NT AUTHORITY\\NETWORK SERVICE"},"winlog":{"channel":"Microsoft-Windows-Sysmon/Operational","computer_name":"WIN-F3CW14TH.domain.local","event_id":1,"provider_name":"Microsoft-Windows-Sysmon","record_id":5445060,"task":"Process creation (rule: ProcessCreate)"}}
{"@timestamp":"2023-09-09T10:34:14.163Z","CommandLine":"C:\\Windows\\System32\\wscript.exe XV0N6P8045","EventID":1,"Image":"C:\\Windows\\System32\\wscript.exe","ParentImage":"C:\\Windows\\System32\\wscript.exe","ParentProcessId":414,"ProcessId":42449,"User":"NT AUTHORITY\\NETWORK SERVICE","agent":{"hostname":"WIN-IGET9074","type":"winlogbeat","version":"8.5.0"},"ecs":{"version":"8.5.0"},"event":{"action":"Process creation","category":["process"],"code":1,"kind":"event","provider":"Microsoft-Windows-Sysmon","type":["start"]},"host":{"name":"WIN-AI85XQUA","os":{"family":"windows","name":"Windows Server 2019","version":"10.0.17763"}},"process":{"args":["C:\\Windows\\System32\\wscript.exe","XV0N6P8045"],"command_line":"C:\\Windows\\System32\\wscript.exe XV0N6P8045","executable":"C:\\Windows\\System32\\wscript.exe","name":"wscript.exe","parent":{"executable":"C:\\Windows\\System32\\wscript.exe","name":"wscript.exe","pid":296},"pid":49577},"user":{"domain":"NT AUTHORITY","name":"NT AUTHORITY\\NETWORK SERVICE"},"winlog":{"channel":"Microsoft-Windows-Sysmon/Operational","computer_name":"WIN-ISCYL79S.domain.local","event_id":1,"provider_name":"Microsoft-Windows-Sysmon","record_id":6231788,"task":"Process creation (rule: ProcessCreate)"}}
{"@timestamp":"2023-12-13T13:11:27.473Z","CommandLine":"C:\\Windows\\System32\\calc.exe I6ZSV3YIXC","EventID":1,"Image":"C:\\Windows\\System32\\calc.exe","ParentImage":"C:\\Windows\\System32\\lsass.exe","ParentProcessId":209,"ProcessId":2969,"User":"service_account","agent":{"hostname":"WIN-I9CM4VRS","type":"winlogbeat","version":"8.5.0"},"ecs":{"version":"8.5.0"},"event":{"action":"Process creation","category":["process"],"code":1,"kind":"event","provider":"Microsoft-Windows-Sysmon","type":["start"]},"host":{"name":"WIN-XOJ682FN","os":{"family":"windows","name":"Windows Server 2019","version":"10.0.17763"}},"process":{"args":["C:\\Windows\\System32\\calc.exe","I6ZSV3YIXC"],"command_line":"C:\\Windows\\System32\\calc.exe I6ZSV3YIXC","executable":"C:\\Windows\\System32\\calc.exe","name":"calc.exe","parent":{"executable":"C:\\Windows\\System32\\lsass.exe","name":"lsass.exe","pid":786},"pid":57989},"user":{"domain":"DOMAIN","name":"service_account"},"winlog":{"channel":"Microsoft-Windows-Sysmon/Operational","computer_name":"WIN-1SOWT3SQ.domain.local","event_id":1,"provider_name":"Microsoft-Windows-Sysmon","record_id":3841246,"task":"Process creation (rule: ProcessCreate)"}}
{"@timestamp":"2023-06-25T05:49:56.861Z","CommandLine":"C:\\Windows\\System32\\rundll32.exe GJ77IUOFMQ","EventID":1,"Image":"C:\\Windows\\System32\\rundll32.exe","ParentImage":"C:\\Windows\\System32\\spoolsv.exe","ParentProcessId":466,"ProcessId":48041,"User":"DefaultAccount","agent":{"hostname":"WIN-0DYYX2BB","type":"winlogbeat","version":"8.5.0"},"ecs":{"version":"8.5.0"},"event":{"action":"Process creation","category":["process"],"code":1,"kind":"event","provider":"Microsoft-Windows-Sysmon","type":["start"]},"host":{"name":"WIN-61A6BPDJ","os":{"family":"windows","name":"Windows Server 2019","version":"10.0.17763"}},"process":{"args":["C:\\Windows\\System32\\rundll32.exe","GJ77IUOFMQ"],"command_line":"C:\\Windows\\System32\\rundll32.exe GJ77IUOFMQ","executable":"C:\\Windows\\System32\\rundll32.exe","name":"rundll32.exe","parent":{"executable":"C:\\Windows\\System32\\spoolsv.exe","name":"spoolsv.exe","pid":573},"pid":49639},"user":{"domain":"DOMAIN","name":"DefaultAccount"},"winlog":{"channel":"Microsoft-Windows-Sysmon/Operational","computer_name":"WIN-CK75WRLW.domain.local","event_id":1,"provider_name":"Microsoft-Windows-Sysmon","record_id":6343848,"task":"Process creation (rule: ProcessCreate)"}}
{"@timestamp":"2023-09-25T22:19:39.174Z","CommandLine":"C:\\Program Files\\Mozilla Firefox\\firefox.exe Y0L3G1I63W","EventID":1,"Image":"C:\\Program Files\\Mozilla Firefox\\firefox.exe","ParentImage":"C:\\Windows\\System32\\wscript.exe","ParentProcessId":502,"ProcessId":27940,"User":"jane.smith","agent":{"hostname":"WIN-DPQZFAQP","type":"winlogbeat","version":"8.5.0"},"ecs":{"version":"8.5.0"},"event":{"action":"Process creation","category":["process"],"code":1,"kind":"event","provider":"Microsoft-Windows-Sysmon","type":["start"]},"host":{"name":"WIN-LGKDK1SQ","os":{"family":"windows","name":"Windows Server 2019","version":"10.0.17763"}},"process":{"args":["C:\\Program","Files\\Mozilla","Firefox\\firefox.exe","Y0L3G1I63W"],"command_line":"C:\\Program Files\\Mozilla Firefox\\firefox.exe Y0L3G1I63W","executable":"C:\\Program Files\\Mozilla Firefox\\firefox.exe","name":"firefox.exe","parent":{"executable":"C:\\Windows\\System32\\wscript.exe","name":"wscript.exe","pid":239},"pid":64569},"user":{"domain":"DOMAIN","name":"jane.smith"},"winlog":{"channel":"Microsoft-Windows-Sysmon/Operational","computer_name":"WIN-1VGNR1BE.domain.local","event_id":1,"provider_name":"Microsoft-Windows-Sysmon","record_id":6576989,"task":"Process creation (rule: ProcessCreate)"}}
{"@timestamp":"2023-09-04T06:33:39.670Z","CommandLine":"C:\\Windows\\System32\\taskmgr.exe TMCIJZE8RZ","EventID":1,"Image":"C:\\Windows\\System32\\taskmgr.exe","ParentImage":"C:\\Windows\\System32\\calc.exe","ParentProcessId":559,"ProcessId":35752,"User":"john.doe","agent":{"hostname":"WIN-BV19YZ1Y","type":"winlogbeat","version":"8.5.0"},"ecs":{"version":"8.5.0"},"event":{"action":"Process creation","category":["process"],"code":1,"kind":"event","provider":"Microsoft-Windows-Sysmon","type":["start"]},"host":{"name":"WIN-0HPGOEKT","os":{"family":"windows","name":"Windows Server 2019","version":"10.0.17763"}},"process":{"args":["C:\\Windows\\System32\\taskmgr.exe","TMCIJZE8RZ"],"command_line":"C:\\Windows\\System32\\taskmgr.exe TMCIJZE8RZ","executable":"C:\\Windows\\System32\\taskmgr.exe","name":"taskmgr.exe","parent":{"executable":"C:\\Windows\\System32\\calc.exe","name":"calc.exe","pid":921},"pid":38363},"user":{"domain":"DOMAIN","name":"john.doe"},"winlog":{"channel":"Microsoft-Windows-Sysmon/Operational","computer_name":"WIN-ZWGEJFYK.domain.local","event_id":1,"provider_name":"Microsoft-Windows-Sysmon","record_id":9453020,"task":"Process creation (rule: ProcessCreate)"}}
{"@timestamp":"2023-01-19T03:44:42.157Z","CommandLine":"C:\\Program Files\\Mozilla Firefox\\firefox.exe W3RKFKL1QC","EventID":1,"Image":"C:\\Program Files\\Mozilla Firefox\\firefox.exe","ParentImage":"C:\\Windows\\System32\\cmd.exe","ParentProcessId":243,"ProcessId":48278,"User":"admin","agent":{"hostname":"WIN-UZQAL6CB","type":"winlogbeat","version":"8.5.0"},"ecs":{"version":"8.5.0"},"event":{"action":"Process creation","category":["process"],"code":1,"kind":"event","provider":"Microsoft-Windows-Sysmon","type":["start"]},"host":{"name":"WIN-LJJ19S7P","os":{"family":"windows","name":"Windows Server 2019","version":"10.0.17763"}},"process":{"args":["C:\\Program","Files\\Mozilla","Firefox\\firefox.exe","W3RKFKL1QC"],"command_line":"C:\\Program Files\\Mozilla Firefox\\firefox.exe W3RKFKL1QC","executable":"C:\\Program Files\\Mozilla Firefox\\firefox.exe","name":"firefox.exe","parent":{"executable":"C:\\Windows\\System32\\cmd.exe","name":"cmd.exe","pid":971},"pid":9767},"user":{"domain":"DOMAIN","name":"admin"},"winlog":{"channel":"Microsoft-Windows-Sysmon/Operational","computer_name":"WIN-NO7UE9FO.domain.local","event_id":1,"provider_name":"Microsoft-Windows-Sysmon","record_id":5724613,"task":"Process creation (rule: ProcessCreate)"}}
{"@timestamp":"2023-09-13T16:44:27.482Z","Details":"C:\\temp\\RS8O9QHL.exe","EventID":13,"Image":"C:\\Program Files\\Google\\Chrome\\Application\\chrome.exe","TargetObject":"HKLM\\SOFTWARE\\Classes\\exefile\\shell\\open\\command\\81MANAI54J","agent":{"hostname":"WIN-ELSUUJAQ","type":"winlogbeat","version":"8.5.0"},"ecs":{"version":"8.5.0"},"event":{"action":"Process creation","category":["process"],"code":13,"kind":"event","provider":"Microsoft-Windows-Sysmon","type":["start"]},"host":{"name":"WIN-02GZXO8B","os":{"family":"windows","name":"Windows Server 2019","version":"10.0.17763"}},"registry":{"data":{"strings":["C:\\temp\\XHH29L4A.exe"]},"key":"HKLM\\SOFTWARE\\Classes\\exefile\\shell\\open\\command","value":"MHVMKSR9MK"},"winlog":{"channel":"Microsoft-Windows-Sysmon/Operational","computer_name":"WIN-CBPAP6WJ.domain.local","event_id":13,"provider_name":"Microsoft-Windows-Sysmon","record_id":7511962,"task":"Process creation (rule: ProcessCreate)"}}
{"@timestamp":"2023-07-13T21:37:19.243Z","EventID":17,"Image":"C:\\Windows\\System32\\cmd.exe","PipeName":"\\pipe\\spoolss","agent":{"hostname":"WIN-2K9WONPI","type":"winlogbeat","version":"8.5.0"},"ecs":{"version":"8.5.0"},"event":{"action":"Process creation","category":["process"],"code":17,"kind":"event","provider":"Microsoft-Windows-Sysmon","type":["start"]},"host":{"name":"WIN-VVS4HYTB","os":{"family":"windows","name":"Windows Server 2019","version":"10.0.17763"}},"winlog":{"channel":"Microsoft-Windows-Sysmon/Operational","computer_name":"WIN-GEFRQBPE.domain.local","event_id":17,"provider_name":"Microsoft-Windows-Sysmon","record_id":8272058,"task":"Process creation (rule: ProcessCreate)"}}
{"@timestamp":"2023-07-05T03:10:15.459Z","CommandLine":"C:\\Windows\\System32\\lsass.exe VZRT6UKXXX","EventID":1,"Image":"C:\\Windows\\System32\\lsass.exe","ParentImage":"C:\\Windows\\System32\\spoolsv.exe","ParentProcessId":299,"ProcessId":24235,"User":"NT AUTHORITY\\LOCAL SERVICE","agent":{"hostname":"WIN-VEBN3TTP","type":"winlogbeat","version":"8.5.0"},"ecs":{"version":"8.5.0"},"event":{"action":"Process creation","category":["process"],"code":1,"kind":"event","provider":"Microsoft-Windows-Sysmon","type":["start"]},"host":{"name":"WIN-H3ZQGUSZ","os":{"family":"windows","name":"Windows Server 2019","version":"10.0.17763"}},"process":{"args":["C:\\Windows\\System32\\lsass.exe","VZRT6UKXXX"],"command_line":"C:\\Windows\\System32\\lsass.exe VZRT6UKXXX","executable":"C:\\Windows\\System32\\lsass.exe","name":"lsass.exe","parent":{"executable":"C:\\Windows\\System32\\spoolsv.exe","name":"spoolsv.exe","pid":813},"pid":60304},"user":{"domain":"NT AUTHORITY","name":"NT AUTHORITY\\LOCAL SERVICE"},"winlog":{"channel":"Microsoft-Windows-Sysmon/Operational","computer_name":"WIN-1A5XMZNO.domain.local","event_id":1,"provider_name":"Microsoft-Windows-Sysmon","record_id":7041095,"task":"Process creation (rule: ProcessCreate)"}}
{"@timestamp":"2023-06-06T05:33:09.382Z","CommandLine":"C:\\Windows\\System32\\powershell.exe CQX5F0UEUT","EventID":1,"Image":"C:\\Windows\\System32\\powershell.exe","ParentImage":"C:\\Windows\\System32\\wininit.exe","ParentProcessId":920,"ProcessId":52179,"User":"NT AUTHORITY\\LOCAL SERVICE","agent":{"hostname":"WIN-B21U2II9","type":"winlogbeat","version":"8.5.0"},"ecs":{"version":"8.5.0"},"event":{"action":"Process creation","category":["process"],"code":1,"kind":"event","provider":"Microsoft-Windows-Sysmon","type":["start"]},"host":{"name":"WIN-CH9OWWPF","os":{"family":"windows","name":"Windows Server 2019","version":"10.0.17763"}},"process":{"args":["C:\\Windows\\System32\\powershell.exe","CQX5F0UEUT"],"command_line":"C:\\Windows\\System32\\powershell.exe CQX5F0UEUT","executable":"C:\\Windows\\System32\\powershell.exe","name":"powershell.exe","parent":{"executable":"C:\\Windows\\System32\\wininit.exe","name":"wininit.exe","pid":826},"pid":63157},"user":{"domain":"NT AUTHORITY","name":"NT AUTHORITY\\LOCAL SERVICE"},"winlog":{"channel":"Microsoft-Windows-Sysmon/Operational","computer_name":"WIN-B4GIUBYP.domain.local","event_id":1,"provider_name":"Microsoft-Windows-Sysmon","record_id":9485942,"task":"Process creation (rule: ProcessCreate)"}}
{"@timestamp":"2023-02-28T10:29:19.707Z","CommandLine":"C:\\Windows\\System32\\cscript.exe 2PT28YEV3B","EventID":1,"Image":"C:\\Windows\\System32\\cscript.exe","ParentImage":"C:\\Windows\\System32\\mshta.exe","ParentProcessId":560,"ProcessId":4460,"User":"john.doe","agent":{"hostname":"WIN-FYMEW49O","type":"winlogbeat","version":"8.5.0"},"ecs":{"version":"8.5.0"},"event":{"action":"Process creation","category":["process"],"code":1,"kind":"event","provider":"Microsoft-Windows-Sysmon","type":["start"]},"host":{"name":"WIN-3F4YXOHL","os":{"family":"windows","name":"Windows Server 2019","version":"10.0.17763"}},"process":{"args":["C:\\Windows\\System32\\cscript.exe","2PT28YEV3B"],"command_line":"C:\\Windows\\System32\\cscript.exe 2PT28YEV3B","executable":"C:\\Windows\\System32\\cscript.exe","name":"cscript.exe","parent":{"executable":"C:\\Windows\\System32\\mshta.exe","name":"mshta.exe","pid":361},"pid":16292},"user":{"domain":"DOMAIN","name":"john.doe"},"winlog":{"channel":"Microsoft-Windows-Sysmon/Operational","computer_name":"WIN-Y4OF8WNO.domain.local","event_id":1,"provider_name":"Microsoft-Windows-Sysmon","record_id":7323369,"task":"Process creation (rule: ProcessCreate)"}}
{"@timestamp":"2023-11-21T01:58:48.797Z","EventID":17,"Image":"C:\\Windows\\System32\\spoolsv.exe","PipeName":"\\pipe\\lsarpc","agent":{"hostname":"WIN-C99SRHHK","type":"winlogbeat","version":"8.5.0"},"ecs":{"version":"8.5.0"},"event":{"action":"Process creation","category":["process"],"code":17,"kind":"event","provider":"Microsoft-Windows-Sysmon","type":["start"]},"host":{"name":"WIN-7FKH4EOE","os":{"family":"windows","name":"Windows Server 2019","version":"10.0.17763"}},"winlog":{"channel":"Microsoft-Windows-Sysmon/Operational","computer_name":"WIN-9OC1U4YY.domain.local","event_id":17,"provider_name":"Microsoft-Windows-Sysmon","record_id":4240661,"task":"Process creation (rule: ProcessCreate)"}}
{"@timestamp":"2023-06-04T14:30:28.899Z","DestinationIp":"suspicious-site.net","DestinationPort":53,"EventID":3,"Image":"C:\\Windows\\System32\\mshta.exe","Protocol":"tcp","SourceIp":"192.168.1.100","SourcePort":62737,"agent":{"hostname":"WIN-6QE2IFE2","type":"winlogbeat","version":"8.5.0"},"destination":{"ip":"suspicious-site.net","port":53},"ecs":{"version":"8.5.0"},"event":{"action":"Process creation","category":["process"],"code":3,"kind":"event","provider":"Microsoft-Windows-Sysmon","type":["start"]},"host":{"name":"WIN-UMPTQUPY","os":{"family":"windows","name":"Windows Server 2019","version":"10.0.17763"}},"network":{"direction":"outbound","protocol":"tcp"},"source":{"ip":"192.168.1.100","port":62737},"winlog":{"channel":"Microsoft-Windows-Sysmon/Operational","computer_name":"WIN-OJ0ERRAZ.domain.local","event_id":3,"provider_name":"Microsoft-Windows-Sysmon","record_id":5291154,"task":"Process creation (rule: ProcessCreate)"}}
{"@timestamp":"2023-01-22T05:23:43.919Z","CommandLine":"C:\\Program Files (x86)\\Microsoft\\Edge\\Application\\msedge.exe FJB4LNSQZT","EventID":1,"Image":"C:\\Program Files (x86)\\Microsoft\\Edge\\Application\\msedge.exe","ParentImage":"C:\\Program Files (x86)\\Microsoft\\Edge\\Application\\msedge.exe","ParentProcessId":804,"ProcessId":27011,"User":"admin","agent":{"hostname":"WIN-RKNIOGU8","type":"winlogbeat","version":"8.5.0"},"ecs":{"version":"8.5.0"},"event":{"action":"Process creation","category":["process"],"code":1,"kind":"event","provider":"Microsoft-Windows-Sysmon","type":["start"]},"host":{"name":"WIN-I2XMKQ28","os":{"family":"windows","name":"Windows Server 2019","version":"10.0.17763"}},"process":{"args":["C:\\Program","Files","(x86)\\Microsoft\\Edge\\Application\\msedge.exe","FJB4LNSQZT"],"command_line":"C:\\Program Files (x86)\\Microsoft\\Edge\\Application\\msedge.exe FJB4LNSQZT","executable":"C:\\Program Files (x86)\\Microsoft\\Edge\\Application\\msedge.exe","name":"msedge.exe","parent":{"executable":"C:\\Program Files (x86)\\Microsoft\\Edge\\Application\\msedge.exe","name":"msedge.exe","pid":426},"pid":64420},"user":{"domain":"DOMAIN","name":"admin"},"winlog":{"channel":"Microsoft-Windows-Sysmon/Operational","computer_name":"WIN-ZWEZYEUJ.domain.local","event_id":1,"provider_name":"Microsoft-Windows-Sysmon","record_id":2717481,"task":"Process creation (rule: ProcessCreate)"}}
{"@timestamp":"2023-01-12T01:17:52.454Z","EventID":17,"Image":"C:\\Windows\\System32\\notepad.exe","PipeName":"\\pipe\\lsarpc","agent":{"hostname":"WIN-M805R0VI","type":"winlogbeat","version":"8.5.0"},"ecs":{"version":"8.5.0"},"event":{"action":"Process creation","category":["process"],"code":17,"kind":"event","provider":"Microsoft-Windows-Sysmon","type":["start"]},"host":{"name":"WIN-YS15ZQGJ","os":{"family":"windows","name":"Windows Server 2019","version":"10.0.17763"}},"winlog":{"channel":"Microsoft-Windows-Sysmon/Operational","computer_name":"WIN-S6QSSTV9.domain.local","event_id":17,"provider_name":"Microsoft-Windows-Sysmon","record_id":5129786,"task":"Process creation (rule: ProcessCreate)"}}
{"@timestamp":"2023-06-06T11:14:51.500Z","EventID":17,"Image":"C:\\Windows\\System32\\services.exe","PipeName":"\\pipe\\mojo.8847.U9XI0UFT","agent":{"hostname":"WIN-65GKL40Z","type":"winlogbeat","version":"8.5.0"},"ecs":{"version":"8.5.0"},"event":{"action":"Process creation","category":["process"],"code":17,"kind":"event","provider":"Microsoft-Windows-Sysmon","type":["start"]},"host":{"name":"WIN-MT717F88","os":{"family":"windows","name":"Windows Server 2019","version":"10.0.17763"}},"winlog":{"channel":"Microsoft-Windows-Sysmon/Operational","computer_name":"WIN-F2PF50NA.domain.local","event_id":17,"provider_name":"Microsoft-Windows-Sysmon","record_id":9513783,"task":"Process creation (rule: ProcessCreate)"}}
{"@timestamp":"2023-01-19T06:00:16.413Z","CommandLine":"C:\\Windows\\System32\\explorer.exe","EventID":1,"Image":"C:\\Windows\\System32\\explorer.exe","ParentImage":"C:\\Windows\\System32\\lsass.exe","ParentProcessId":680,"ProcessId":56540,"User":"service_account","agent":{"hostname":"WIN-VCKBLV5L","type":"winlogbeat","version":"8.5.0"},"ecs":{"version":"8.5.0"},"event":{"action":"Process creation","category":["process"],"code":1,"kind":"event","provider":"Microsoft-Windows-Sysmon","type":["start"]},"host":{"name":"WIN-0F09ZH0M","os":{"family":"windows","name":"Windows Server 2019","version":"10.0.17763"}},"process":{"args":["C:\\Windows\\System32\\explorer.exe"],"command_line":"C:\\Windows\\System32\\explorer.exe","executable":"C:\\Windows\\System32\\explorer.exe","name":"explorer.exe","parent":{"executable":"C:\\Windows\\System32\\lsass.exe","name":"lsass.exe","pid":747},"pid":12236},"user":{"domain":"DOMAIN","name":"service_account"},"winlog":{"channel":"Microsoft-Windows-Sysmon/Operational","computer_name":"WIN-O48O4MQ6.domain.local","event_id":1,"provider_name":"Microsoft-Windows-Sysmon","record_id":8360003,"task":"Process creation (rule: ProcessCreate)"}}
{"@timestamp":"2023-09-04T21:28:28.226Z","CommandLine":"C:\\Windows\\System32\\cscript.exe Z7HJYLB76H","EventID":1,"Image":"C:\\Windows\\System32\\cscript.exe","ParentImage":"C:\\Windows\\System32\\explorer.exe","ParentProcessId":575,"ProcessId":28167,"User":"user","agent":{"hostname":"WIN-1UG8LJEM","type":"winlogbeat","version":"8.5.0"},"ecs":{"version":"8.5.0"},"event":{"action":"Process creation","category":["process"],"code":1,"kind":"event","provider":"Microsoft-Windows-Sysmon","type":["start"]},"host":{"name":"WIN-CR8B0XKN","os":{"family":"windows","name":"Windows Server 2019","version":"10.0.17763"}},"process":{"args":["C:\\Windows\\System32\\cscript.exe","Z7HJYLB76H"],"command_line":"C:\\Windows\\System32\\cscript.exe Z7HJYLB76H","executable":"C:\\Windows\\System32\\cscript.exe","name":"cscript.exe","parent":{"executable":"C:\\Windows\\System32\\explorer.exe","name":"explorer.exe","pid":887},"pid":49027},"user":{"domain":"DOMAIN","name":"user"},"winlog":{"channel":"Microsoft-Windows-Sysmon/Operational","computer_name":"WIN-OCMQBRCW.domain.local","event_id":1,"provider_name":"Microsoft-Windows-Sysmon","record_id":8527431,"task":"Process creation (rule: ProcessCreate)"}}
{"@timestamp":"2023-01-25T15:58:05.996Z","EventID":17,"Image":"C:\\Windows\\System32\\calc.exe","PipeName":"\\pipe\\mojo.9046.Y9SO5NW3","agent":{"hostname":"WIN-UH5ZO4S8","type":"winlogbeat","version":"8.5.0"},"ecs":{"version":"8.5.0"},"event":{"action":"Process creation","category":["process"],"code":17,"kind":"event","provider":"Microsoft-Windows-Sysmon","type":["start"]},"host":{"name":"WIN-2ORSAOT7","os":{"family":"windows","name":"Windows Server 2019","version":"10.0.17763"}},"winlog":{"channel":"Microsoft-Windows-Sysmon/Operational","computer_name":"WIN-LM83VJ1T.domain.local","event_id":17,"provider_name":"Microsoft-Windows-Sysmon","record_id":1706025,"task":"Process creation (rule: ProcessCreate)"}}
{"@timestamp":"2023-11-27T23:11:41.461Z","CommandLine":"C:\\Windows\\System32\\regsvr32.exe 6XK6C2FC91","EventID":1,"Image":"C:\\Windows\\System32\\regsvr32.exe","ParentImage":"C:\\Windows\\System32\\services.exe","ParentProcessId":248,"ProcessId":51301,"User":"Administrator","agent":{"hostname":"WIN-E2QS973P","type":"winlogbeat","version":"8.5.0"},"ecs":{"version":"8.5.0"},"event":{"action":"Process creation","category":["process"],"code":1,"kind":"event","provider":"Microsoft-Windows-Sysmon","type":["start"]},"host":{"name":"WIN-R30EGNXA","os":{"family":"windows","name":"Windows Server 2019","version":"10.0.17763"}},"process":{"args":["C:\\Windows\\System32\\regsvr32.exe","6XK6C2FC91"],"command_line":"C:\\Windows\\System32\\regsvr32.exe 6XK6C2FC91","executable":"C:\\Windows\\System32\\regsvr32.exe","name":"regsvr32.exe","parent":{"executable":"C:\\Windows\\System32\\services.exe","name":"services.exe","pid":588},"pid":26809},"user":{"domain":"DOMAIN","name":"Administrator"},"winlog":{"channel":"Microsoft-Windows-Sysmon/Operational","computer_name":"WIN-KAN5XUNL.domain.local","event_id":1,"provider_name":"Microsoft-Windows-Sysmon","record_id":7885762,"task":"Process creation (rule: ProcessCreate)"}}
{"@timestamp":"2023-11-21T01:29:25.770Z","CommandLine":"C:\\Windows\\System32\\lsass.exe QND43Z7AFD","EventID":1,"Image":"C:\\Windows\\System32\\lsass.exe","ParentImage":"C:\\Windows\\System32\\spoolsv.exe","ParentProcessId":298,"ProcessId":11985,"User":"SYSTEM","agent":{"hostname":"WIN-1QPGIB08","type":"winlogbeat","version":"8.5.0"},"ecs":{"version":"8.5.0"},"event":{"action":"Process creation","category":["process"],"code":1,"kind":"event","provider":"Microsoft-Windows-Sysmon","type":["start"]},"host":{"name":"WIN-J81D6HWU","os":{"family":"windows","name":"Windows Server 2019","version":"10.0.17763"}},"process":{"args":["C:\\Windows\\System32\\lsass.exe","QND43Z7AFD"],"command_line":"C:\\Windows\\System32\\lsass.exe QND43Z7AFD","executable":"C:\\Windows\\System32\\lsass.exe","name":"lsass.exe","parent":{"executable":"C:\\Windows\\System32\\spoolsv.exe","name":"spoolsv.exe","pid":741},"pid":62807},"user":{"domain":"DOMAIN","name":"SYSTEM"},"winlog":{"channel":"Microsoft-Windows-Sysmon/Operational","computer_name":"WIN-40E7PTA7.domain.local","event_id":1,"provider_name":"Microsoft-Windows-Sysmon","record_id":6736666,"task":"Process creation (rule: ProcessCreate)"}}
{"@timestamp":"2023-03-22T00:15:54.442Z","DestinationIp":"update-server.microsoft.com","DestinationPort":53,"EventID":3,"Image":"C:\\Windows\\System32\\powershell.exe","Protocol":"tcp","SourceIp":"192.168.1.100","SourcePort":50809,"agent":{"hostname":"WIN-1XAO4QD0","type":"winlogbeat","version":"8.5.0"},"destination":{"ip":"update-server.microsoft.com","port":53},"ecs":{"version":"8.5.0"},"event":{"action":"Process creation","category":["process"],"code":3,"kind":"event","provider":"Microsoft-Windows-Sysmon","type":["start"]},"host":{"name":"WIN-57YC9OKM","os":{"family":"windows","name":"Windows Server 2019","version":"10.0.17763"}},"network":{"direction":"outbound","protocol":"tcp"},"source":{"ip":"192.168.1.100","port":50809},"winlog":{"channel":"Microsoft-Windows-Sysmon/Operational","computer_name":"WIN-16MB8AFW.domain.local","event_id":3,"provider_name":"Microsoft-Windows-Sysmon","record_id":1459208,"task":"Process creation (rule: ProcessCreate)"}}
{"@timestamp":"2023-09-17T21:34:44.509Z","Details":"C:\\temp\\A3IGET6Z.exe","EventID":13,"Image":"C:\\Windows\\System32\\spoolsv.exe","TargetObject":"HKCU\\SOFTWARE\\Microsoft\\Windows\\CurrentVersion\\Run\\ZKMEIHPYRS","agent":{"hostname":"WIN-BXIP59BB","type":"winlogbeat","version":"8.5.0"},"ecs":{"version":"8.5.0"},"event":{"action":"Process creation","category":["process"],"code":13,"kind":"event","provider":"Microsoft-Windows-Sysmon","type":["start"]},"host":{"name":"WIN-HGZV035L","os":{"family":"windows","name":"Windows Server 2019","version":"10.0.17763"}},"registry":{"data":{"strings":["C:\\temp\\FDMCGJ19.exe"]},"key":"HKCU\\SOFTWARE\\Microsoft\\Windows\\CurrentVersion\\Run","value":"GJ7844NQWR"},"winlog":{"channel":"Microsoft-Windows-Sysmon/Operational","computer_name":"WIN-IZCNB0XQ.domain.local","event_id":13,"provider_name":"Microsoft-Windows-Sysmon","record_id":1051485,"task":"Process creation (rule: ProcessCreate)"}}
{"@timestamp":"2023-02-22T06:07:03.310Z","Details":"C:\\temp\\CAX7P6GQ.exe","EventID":13,"Image":"C:\\Windows\\System32\\wininit.exe","TargetObject":"HKCU\\SOFTWARE\\Microsoft\\Windows\\CurrentVersion\\Run\\H8347B892G","agent":{"hostname":"WIN-HXIAEG0H","type":"winlogbeat","version":"8.5.0"},"ecs":{"version":"8.5.0"},"event":{"action":"Process creation","category":["process"],"code":13,"kind":"event","provider":"Microsoft-Windows-Sysmon","type":["start"]},"host":{"name":"WIN-BCNOLOB8","os":{"family":"windows","name":"Windows Server 2019","version":"10.0.17763"}},"registry":{"data":{"strings":["C:\\temp\\P2BNR4VF.exe"]},"key":"HKCU\\SOFTWARE\\Microsoft\\Windows\\CurrentVersion\\Run","value":"8F61D9WGWL"},"winlog":{"channel":"Microsoft-Windows-Sysmon/Operational","computer_name":"WIN-5SKNBPHV.domain.local","event_id":13,"provider_name":"Microsoft-Windows-Sysmon","record_id":8130620,"task":"Process creation (rule: ProcessCreate)"}}
{"@timestamp":"2023-05-16T01:20:51.594Z","CommandLine":"C:\\Windows\\System32\\mshta.exe YLB2VQLNCF","EventID":1,"Image":"C:\\Windows\\System32\\mshta.exe","ParentImage":"C:\\Windows\\System32\\rundll32.exe","ParentProcessId":995,"ProcessId":59203,"User":"NT AUTHORITY\\NETWORK SERVICE","agent":{"hostname":"WIN-66L12A5Z","type":"winlogbeat","version":"8.5.0"},"ecs":{"version":"8.5.0"},"event":{"action":"Process creation","category":["process"],"code":1,"kind":"event","provider":"Microsoft-Windows-Sysmon","type":["start"]},"host":{"name":"WIN-UV5YTG08","os":{"family":"windows","name":"Windows Server 2019","version":"10.0.17763"}},"process":{"args":["C:\\Windows\\System32\\mshta.exe","YLB2VQLNCF"],"command_line":"C:\\Windows\\System32\\mshta.exe YLB2VQLNCF","executable":"C:\\Windows\\System32\\mshta.exe","name":"mshta.exe","parent":{"executable":"C:\\Windows\\System32\\rundll32.exe","name":"rundll32.exe","pid":230},"pid":17939},"user":{"domain":"NT AUTHORITY","name":"NT AUTHORITY\\NETWORK SERVICE"},"winlog":{"channel":"Microsoft-Windows-Sysmon/Operational","computer_name":"WIN-FEJOW9K6.domain.local","event_id":1,"provider_name":"Microsoft-Windows-Sysmon","record_id":3169616,"task":"Process creation (rule: ProcessCreate)"}}
{"@timestamp":"2023-01-22T13:08:46.893Z","CommandLine":"C:\\Windows\\System32\\powershell.exe UZ9ZFZW9OW","EventID":1,"Image":"C:\\Windows\\System32\\powershell.exe","ParentImage":"C:\\Windows\\System32\\services.exe","ParentProcessId":353,"ProcessId":46466,"User":"NT AUTHORITY\\NETWORK SERVICE","agent":{"hostname":"WIN-VC5RPOFD","type":"winlogbeat","version":"8.5.0"},"ecs":{"version":"8.5.0"},"event":{"action":"Process creation","category":["process"],"code":1,"kind":"event","provider":"Microsoft-Windows-Sysmon","type":["start"]},"host":{"name":"WIN-GI3WQE5Q","os":{"family":"windows","name":"Windows Server 2019","version":"10.0.17763"}},"process":{"args":["C:\\Windows\\System32\\powershell.exe","UZ9ZFZW9OW"],"command_line":"C:\\Windows\\System32\\powershell.exe UZ9ZFZW9OW","executable":"C:\\Windows\\System32\\powershell.exe","name":"powershell.exe","parent":{"executable":"C:\\Windows\\System32\\services.exe","name":"services.exe","pid":803},"pid":21392},"user":{"domain":"NT AUTHORITY","name":"NT AUTHORITY\\NETWORK SERVICE"},"winlog":{"channel":"Microsoft-Windows-Sysmon/Operational","computer_name":"WIN-5EN008JD.domain.local","event_id":1,"provider_name":"Microsoft-Windows-Sysmon","record_id":3695584,"task":"Process creation (rule: ProcessCreate)"}}
{"@timestamp":"2023-06-23T11:20:39.997Z","CommandLine":"C:\\Windows\\System32\\notepad.exe document.txt","EventID":1,"Image":"C:\\Windows\\System32\\notepad.exe","ParentImage":"C:\\Program Files\\Mozilla Firefox\\firefox.exe","ParentProcessId":367,"ProcessId":47284,"User":"user","agent":{"hostname":"WIN-2HF62VLD","type":"winlogbeat","version":"8.5.0"},"ecs":{"version":"8.5.0"},"event":{"action":"Process creation","category":["process"],"code":1,"kind":"event","provider":"Microsoft-Windows-Sysmon","type":["start"]},"host":{"name":"WIN-RBAGHJMJ","os":{"family":"windows","name":"Windows Server 2019","version":"10.0.17763"}},"process":{"args":["C:\\Windows\\System32\\notepad.exe","document.txt"],"command_line":"C:\\Windows\\System32\\notepad.exe document.txt","executable":"C:\\Windows\\System32\\notepad.exe","name":"notepad.exe","parent":{"executable":"C:\\Program Files\\Mozilla Firefox\\firefox.exe","name":"firefox.exe","pid":473},"pid":33067},"user":{"domain":"DOMAIN","name":"user"},"winlog":{"channel":"Microsoft-Windows-Sysmon/Operational","computer_name":"WIN-HQOU5VHV.domain.local","event_id":1,"provider_name":"Microsoft-Windows-Sysmon","record_id":2060200,"task":"Process creation (rule: ProcessCreate)"}}
{"@timestamp":"2023-02-21T05:47:48.466Z","DestinationIp":"10.0.0.50","DestinationPort":80,"EventID":3,"Image":"C:\\Windows\\System32\\rundll32.exe","Protocol":"tcp","SourceIp":"192.168.1.100","SourcePort":52415,"agent":{"hostname":"WIN-KZ2N6K6S","type":"winlogbeat","version":"8.5.0"},"destination":{"ip":"10.0.0.50","port":80},"ecs":{"version":"8.5.0"},"event":{"action":"Process creation","category":["process"],"code":3,"kind":"event","provider":"Microsoft-Windows-Sysmon","type":["start"]},"host":{"name":"WIN-7XW4P1QS","os":{"family":"windows","name":"Windows Server 2019","version":"10.0.17763"}},"network":{"direction":"outbound","protocol":"tcp"},"source":{"ip":"192.168.1.100","port":52415},"winlog":{"channel":"Microsoft-Windows-Sysmon/Operational","computer_name":"WIN-QEE9JDI3.domain.local","event_id":3,"provider_name":"Microsoft-Windows-Sysmon","record_id":4153861,"task":"Process creation (rule: ProcessCreate)"}}
{"@timestamp":"2023-03-22T07:18:35.401Z","CommandLine":"C:\\Windows\\System32\\calc.exe AW6X8RC39N","EventID":1,"Image":"C:\\Windows\\System32\\calc.exe","ParentImage":"C:\\Windows\\System32\\spoolsv.exe","ParentProcessId":836,"ProcessId":47022,"User":"service_account","agent":{"hostname":"WIN-MNVH1S2F","type":"winlogbeat","version":"8.5.0"},"ecs":{"version":"8.5.0"},"event":{"action":"Process creation","category":["process"],"code":1,"kind":"event","provider":"Microsoft-Windows-Sysmon","type":["start"]},"host":{"name":"WIN-Q5IBRSMU","os":{"family":"windows","name":"Windows Server 2019","version":"10.0.17763"}},"process":{"args":["C:\\Windows\\System32\\calc.exe","AW6X8RC39N"],"command_line":"C:\\Windows\\System32\\calc.exe AW6X8RC39N","executable":"C:\\Windows\\System32\\calc.exe","name":"calc.exe","parent":{"executable":"C:\\Windows\\System32\\spoolsv.exe","name":"spoolsv.exe","pid":797},"pid":10658},"user":{"domain":"DOMAIN","name":"service_account"},"winlog":{"channel":"Microsoft-Windows-Sysmon/Operational","computer_name":"WIN-0NHMFVNK.domain.local","event_id":1,"provider_name":"Microsoft-Windows-Sysmon","record_id":1924673,"task":"Process creation (rule: ProcessCreate)"}}
{"@timestamp":"2023-09-08T04:58:48.918Z","DestinationIp":"172.16.0.10","DestinationPort":3389,"EventID":3,"Image":"C:\\Windows\\System32\\spoolsv.exe","Protocol":"tcp","SourceIp":"192.168.1.100","SourcePort":58136,"agent":{"hostname":"WIN-1QZLAZG1","type":"winlogbeat","version":"8.5.0"},"destination":{"ip":"172.16.0.10","port":3389},"ecs":{"version":"8.5.0"},"event":{"action":"Process creation","category":["process"],"code":3,"kind":"event","provider":"Microsoft-Windows-Sysmon","type":["start"]},"host":{"name":"WIN-1A2WLSSS","os":{"family":"windows","name":"Windows Server 2019","version":"10.0.17763"}},"network":{"direction":"outbound","protocol":"tcp"},"source":{"ip":"192.168.1.100","port":58136},"winlog":{"channel":"Microsoft-Windows-Sysmon/Operational","computer_name":"WIN-E2GABFY5.domain.local","event_id":3,"provider_name":"Microsoft-Windows-Sysmon","record_id":7657487,"task":"Process creation (rule: ProcessCreate)"}}
