{"@timestamp":"2023-03-08T14:59:58.488Z","Details":"C:\\temp\\ELDXXX7D.exe","EventID":13,"Image":"C:\\Windows\\System32\\svchost.exe","TargetObject":"HKLM\\SYSTEM\\CurrentControlSet\\Services\\1IHR2B94NA","agent":{"hostname":"WIN-U6XBXQ3A","type":"winlogbeat","version":"8.5.0"},"ecs":{"version":"8.5.0"},"event":{"action":"Process creation","category":["process"],"code":13,"kind":"event","provider":"Microsoft-Windows-Sysmon","type":["start"]},"host":{"name":"WIN-30HAGC5V","os":{"family":"windows","name":"Windows Server 2019","version":"10.0.17763"}},"registry":{"data":{"strings":["C:\\temp\\8UF1GX6Q.exe"]},"key":"HKLM\\SYSTEM\\CurrentControlSet\\Services","value":"VIPPXGC75D"},"winlog":{"channel":"Microsoft-Windows-Sysmon/Operational","computer_name":"WIN-8V19FOXZ.domain.local","event_id":13,"provider_name":"Microsoft-Windows-Sysmon","record_id":3753476,"task":"Process creation (rule: ProcessCreate)"}}
{"@timestamp":"2023-07-28T08:43:18.745Z","Details":"C:\\temp\\3FVKLUKN.exe","EventID":13,"Image":"C:\\Program Files (x86)\\Microsoft\\Edge\\Application\\msedge.exe","TargetObject":"HKCU\\SOFTWARE\\Microsoft\\Windows\\CurrentVersion\\Run\\9PNA94ATEM","agent":{"hostname":"WIN-DMVN77GC","type":"winlogbeat","version":"8.5.0"},"ecs":{"version":"8.5.0"},"event":{"action":"Process creation","category":["process"],"code":13,"kind":"event","provider":"Microsoft-Windows-Sysmon","type":["start"]},"host":{"name":"WIN-XMI6HQQI","os":{"family":"windows","name":"Windows Server 2019","version":"10.0.17763"}},"registry":{"data":{"strings":["C:\\temp\\1TVP9K7R.exe"]},"key":"HKCU\\SOFTWARE\\Microsoft\\Windows\\CurrentVersion\\Run","value":"YUDE1IKLZS"},"winlog":{"channel":"Microsoft-Windows-Sysmon/Operational","computer_name":"WIN-TMNCU78Q.domain.local","event_id":13,"provider_name":"Microsoft-Windows-Sysmon","record_id":6616145,"task":"Process creation (rule: ProcessCreate)"}}
{"@timestamp":"2023-02-03T04:40:59.559Z","CommandLine":"C:\\Program Files (x86)\\Microsoft\\Edge\\Application\\msedge.exe BAWMBEAC8S","EventID":1,"Image":"C:\\Program Files (x86)\\Microsoft\\Edge\\Application\\msedge.exe","ParentImage":"C:\\Windows\\System32\\cmd.exe","ParentProcessId":344,"ProcessId":21619,"User":"service_account","agent":{"hostname":"WIN-44T8E64X","type":"winlogbeat","version":"8.5.0"},"ecs":{"version":"8.5.0"},"event":{"action":"Process creation","category":["process"],"code":1,"kind":"event","provider":"Microsoft-Windows-Sysmon","type":["start"]},"host":{"name":"WIN-J917Z2KG","os":{"family":"windows","name":"Windows Server 2019","version":"10.0.17763"}},"process":{"args":["C:\\Program","Files","(x86)\\Microsoft\\Edge\\Application\\msedge.exe","BAWMBEAC8S"],"command_line":"C:\\Program Files (x86)\\Microsoft\\Edge\\Application\\msedge.exe BAWMBEAC8S","executable":"C:\\Program Files (x86)\\Microsoft\\Edge\\Application\\msedge.exe","name":"msedge.exe","parent":{"executable":"C:\\Windows\\System32\\cmd.exe","name":"cmd.exe","pid":205},"pid":12874},"user":{"domain":"DOMAIN","name":"service_account"},"winlog":{"channel":"Microsoft-Windows-Sysmon/Operational","computer_name":"WIN-LA242UBV.domain.local","event_id":1,"provider_name":"Microsoft-Windows-Sysmon","record_id":6232302,"task":"Process creation (rule: ProcessCreate)"}}
{"@timestamp":"2023-03-12T04:36:55.741Z","CommandLine":"C:\\Windows\\System32\\WindowsPowerShell\\v1.0\\powershell.exe WL6FMB35FR","EventID":1,"Image":"C:\\Windows\\System32\\WindowsPowerShell\\v1.0\\powershell.exe","ParentImage":"C:\\Windows\\System32\\powershell.exe","ParentProcessId":209,"ProcessId":54338,"User":"admin","agent":{"hostname":"WIN-EKJUSOE1","type":"winlogbeat","version":"8.5.0"},"ecs":{"version":"8.5.0"},"event":{"action":"Process creation","category":["process"],"code":1,"kind":"event","provider":"Microsoft-Windows-Sysmon","type":["start"]},"host":{"name":"WIN-8606V829","os":{"family":"windows","name":"Windows Server 2019","version":"10.0.17763"}},"process":{"args":["C:\\Windows\\System32\\WindowsPowerShell\\v1.0\\powershell.exe","WL6FMB35FR"],"command_line":"C:\\Windows\\System32\\WindowsPowerShell\\v1.0\\powershell.exe WL6FMB35FR","executable":"C:\\Windows\\System32\\WindowsPowerShell\\v1.0\\powershell.exe","name":"powershell.exe","parent":{"executable":"C:\\Windows\\System32\\powershell.exe","name":"powershell.exe","pid":823},"pid":12675},"user":{"domain":"DOMAIN","name":"admin"},"winlog":{"channel":"Microsoft-Windows-Sysmon/Operational","computer_name":"WIN-KLJFDR47.domain.local","event_id":1,"provider_name":"Microsoft-Windows-Sysmon","record_id":4414991,"task":"Process creation (rule: ProcessCreate)"}}
{"@timestamp":"2023-08-16T01:44:03.214Z","CommandLine":"C:\\Windows\\System32\\taskmgr.exe 375S8RW7FN","EventID":1,"Image":"C:\\Windows\\System32\\taskmgr.exe","ParentImage":"C:\\Windows\\System32\\wininit.exe","ParentProcessId":605,"ProcessId":52380,"User":"service_account","agent":{"hostname":"WIN-VD98H2BY","type":"winlogbeat","version":"8.5.0"},"ecs":{"version":"8.5.0"},"event":{"action":"Process creation","category":["process"],"code":1,"kind":"event","provider":"Microsoft-Windows-Sysmon","type":["start"]},"host":{"name":"WIN-D9VE7U27","os":{"family":"windows","name":"Windows Server 2019","version":"10.0.17763"}},"process":{"args":["C:\\Windows\\System32\\taskmgr.exe","375S8RW7FN"],"command_line":"C:\\Windows\\System32\\taskmgr.exe 375S8RW7FN","executable":"C:\\Windows\\System32\\taskmgr.exe","name":"taskmgr.exe","parent":{"executable":"C:\\Windows\\System32\\wininit.exe","name":"wininit.exe","pid":443},"pid":2224},"user":{"domain":"DOMAIN","name":"service_account"},"winlog":{"channel":"Microsoft-Windows-Sysmon/Operational","computer_name":"WIN-AR80G8JY.domain.local","event_id":1,"provider_name":"Microsoft-Windows-Sysmon","record_id":6421903,"task":"Process creation (rule: ProcessCreate)"}}
{"@timestamp":"2023-10-28T21:05:11.268Z","CommandLine":"C:\\Program Files\\Google\\Chrome\\Application\\chrome.exe --new-tab https://example.com","EventID":1,"Image":"C:\\Program Files\\Google\\Chrome\\Application\\chrome.exe","ParentImage":"C:\\Windows\\System32\\notepad.exe","ParentProcessId":575,"ProcessId":21202,"User":"SYSTEM","agent":{"hostname":"WIN-52MTHOL1","type":"winlogbeat","version":"8.5.0"},"ecs":{"version":"8.5.0"},"event":{"action":"Process creation","category":["process"],"code":1,"kind":"event","provider":"Microsoft-Windows-Sysmon","type":["start"]},"host":{"name":"WIN-H5HP5WI4","os":{"family":"windows","name":"Windows Server 2019","version":"10.0.17763"}},"process":{"args":["C:\\Program","Files\\Google\\Chrome\\Application\\chrome.exe","--new-tab","https://example.com"],"command_line":"C:\\Program Files\\Google\\Chrome\\Application\\chrome.exe --new-tab https://example.com","executable":"C:\\Program Files\\Google\\Chrome\\Application\\chrome.exe","name":"chrome.exe","parent":{"executable":"C:\\Windows\\System32\\notepad.exe","name":"notepad.exe","pid":319},"pid":37673},"user":{"domain":"DOMAIN","name":"SYSTEM"},"winlog":{"channel":"Microsoft-Windows-Sysmon/Operational","computer_name":"WIN-QDRD08AM.domain.local","event_id":1,"provider_name":"Microsoft-Windows-Sysmon","record_id":1292831,"task":"Process creation (rule: ProcessCreate)"}}
{"@timestamp":"2023-08-24T12:50:37.817Z","DestinationIp":"update-server.microsoft.com","DestinationPort":8080,"EventID":3,"Image":"C:\\Windows\\System32\\calc.exe","Protocol":"tcp","SourceIp":"192.168.1.100","SourcePort":61401,"agent":{"hostname":"WIN-SXN87ENP","type":"winlogbeat","version":"8.5.0"},"destination":{"ip":"update-server.microsoft.com","port":8080},"ecs":{"version":"8.5.0"},"event":{"action":"Process creation","category":["process"],"code":3,"kind":"event","provider":"Microsoft-Windows-Sysmon","type":["start"]},"host":{"name":"WIN-C960C6K2","os":{"family":"windows","name":"Windows Server 2019","version":"10.0.17763"}},"network":{"direction":"outbound","protocol":"tcp"},"source":{"ip":"192.168.1.100","port":61401},"winlog":{"channel":"Microsoft-Windows-Sysmon/Operational","computer_name":"WIN-6PEKBS6A.domain.local","event_id":3,"provider_name":"Microsoft-Windows-Sysmon","record_id":6531668,"task":"Process creation (rule: ProcessCreate)"}}
{"@timestamp":"2023-04-12T16:19:20.350Z","CommandLine":"C:\\Program Files\\Mozilla Firefox\\firefox.exe 28EVW8EQ1P","EventID":1,"Image":"C:\\Program Files\\Mozilla Firefox\\firefox.exe","ParentImage":"C:\\Windows\\System32\\wscript.exe","ParentProcessId":737,"ProcessId":56114,"User":"Administrator","agent":{"hostname":"WIN-MFAPEPI0","type":"winlogbeat","version":"8.5.0"},"ecs":{"version":"8.5.0"},"event":{"action":"Process creation","category":["process"],"code":1,"kind":"event","provider":"Microsoft-Windows-Sysmon","type":["start"]},"host":{"name":"WIN-OL6MX7C1","os":{"family":"windows","name":"Windows Server 2019","version":"10.0.17763"}},"process":{"args":["C:\\Program","Files\\Mozilla","Firefox\\firefox.exe","28EVW8EQ1P"],"command_line":"C:\\Program Files\\Mozilla Firefox\\firefox.exe 28EVW8EQ1P","executable":"C:\\Program Files\\Mozilla Firefox\\firefox.exe","name":"firefox.exe","parent":{"executable":"C:\\Windows\\System32\\wscript.exe","name":"wscript.exe","pid":823},"pid":10157},"user":{"domain":"DOMAIN","name":"Administrator"},"winlog":{"channel":"Microsoft-Windows-Sysmon/Operational","computer_name":"WIN-VPKQ147E.domain.local","event_id":1,"provider_name":"Microsoft-Windows-Sysmon","record_id":8850708,"task":"Process creation (rule: ProcessCreate)"}}
{"@timestamp":"2023-07-08T17:31:47.610Z","CommandLine":"C:\\Program Files\\Mozilla Firefox\\firefox.exe PSW1KK44V5","EventID":1,"Image":"C:\\Program Files\\Mozilla Firefox\\firefox.exe","ParentImage":"C:\\Windows\\System32\\spoolsv.exe","ParentProcessId":993,"ProcessId":25293,"User":"SYSTEM","agent":{"hostname":"WIN-7TVB4HLQ","type":"winlogbeat","version":"8.5.0"},"ecs":{"version":"8.5.0"},"event":{"action":"Process creation","category":["process"],"code":1,"kind":"event","provider":"Microsoft-Windows-Sysmon","type":["start"]},"host":{"name":"WIN-VXUE2G79","os":{"family":"windows","name":"Windows Server 2019","version":"10.0.17763"}},"process":{"args":["C:\\Program","Files\\Mozilla","Firefox\\firefox.exe","PSW1KK44V5"],"command_line":"C:\\Program Files\\Mozilla Firefox\\firefox.exe PSW1KK44V5","executable":"C:\\Program Files\\Mozilla Firefox\\firefox.exe","name":"firefox.exe","parent":{"executable":"C:\\Windows\\System32\\spoolsv.exe","name":"spoolsv.exe","pid":992},"pid":40980},"user":{"domain":"DOMAIN","name":"SYSTEM"},"winlog":{"channel":"Microsoft-Windows-Sysmon/Operational","computer_name":"WIN-UE6EKXYZ.domain.local","event_id":1,"provider_name":"Microsoft-Windows-Sysmon","record_id":3765043,"task":"Process creation (rule: ProcessCreate)"}}
{"@timestamp":"2023-03-17T19:53:03.826Z","CommandLine":"C:\\Windows\\System32\\calc.exe BQ2XKVEAI5","EventID":1,"Image":"C:\\Windows\\System32\\calc.exe","ParentImage":"C:\\Windows\\System32\\winlogon.exe","ParentProcessId":131,"ProcessId":64049,"User":"service_account","agent":{"hostname":"WIN-1YZHB54E","type":"winlogbeat","version":"8.5.0"},"ecs":{"version":"8.5.0"},"event":{"action":"Process creation","category":["process"],"code":1,"kind":"event","provider":"Microsoft-Windows-Sysmon","type":["start"]},"host":{"name":"WIN-DR068GD1","os":{"family":"windows","name":"Windows Server 2019","version":"10.0.17763"}},"process":{"args":["C:\\Windows\\System32\\calc.exe","BQ2XKVEAI5"],"command_line":"C:\\Windows\\System32\\calc.exe BQ2XKVEAI5","executable":"C:\\Windows\\System32\\calc.exe","name":"calc.exe","parent":{"executable":"C:\\Windows\\System32\\winlogon.exe","name":"winlogon.exe","pid":417},"pid":3478},"user":{"domain":"DOMAIN","name":"service_account"},"winlog":{"channel":"Microsoft-Windows-Sysmon/Operational","computer_name":"WIN-BPMMV4RL.domain.local","event_id":1,"provider_name":"Microsoft-Windows-Sysmon","record_id":9497379,"task":"Process creation (rule: ProcessCreate)"}}
{"@timestamp":"2023-08-16T12:42:44.206Z","DestinationIp":"legitimate-service.com","DestinationPort":443,"EventID":3,"Image":"C:\\Program Files (x86)\\Microsoft\\Edge\\Application\\msedge.exe","Protocol":"tcp","SourceIp":"192.168.1.100","SourcePort":59527,"agent":{"hostname":"WIN-I07KK4TD","type":"winlogbeat","version":"8.5.0"},"destination":{"ip":"legitimate-service.com","port":443},"ecs":{"version":"8.5.0"},"event":{"action":"Process creation","category":["process"],"code":3,"kind":"event","provider":"Microsoft-Windows-Sysmon","type":["start"]},"host":{"name":"WIN-O4HTQBCH","os":{"family":"windows","name":"Windows Server 2019","version":"10.0.17763"}},"network":{"direction":"outbound","protocol":"tcp"},"source":{"ip":"192.168.1.100","port":59527},"winlog":{"channel":"Microsoft-Windows-Sysmon/Operational","computer_name":"WIN-L2N1G990.domain.local","event_id":3,"provider_name":"Microsoft-Windows-Sysmon","record_id":2642254,"task":"Process creation (rule: ProcessCreate)"}}
{"@timestamp":"2023-06-19T09:23:14.421Z","CommandLine":"C:\\Windows\\System32\\powershell.exe CRZW49I7OB","EventID":1,"Image":"C:\\Windows\\System32\\powershell.exe","ParentImage":"C:\\Windows\\System32\\lsass.exe","ParentProcessId":342,"ProcessId":19099,"User":"admin","agent":{"hostname":"WIN-8SEG4MW4","type":"winlogbeat","version":"8.5.0"},"ecs":{"version":"8.5.0"},"event":{"action":"Process creation","category":["process"],"code":1,"kind":"event","provider":"Microsoft-Windows-Sysmon","type":["start"]},"host":{"name":"WIN-JSUVQLAT","os":{"family":"windows","name":"Windows Server 2019","version":"10.0.17763"}},"process":{"args":["C:\\Windows\\System32\\powershell.exe","CRZW49I7OB"],"command_line":"C:\\Windows\\System32\\powershell.exe CRZW49I7OB","executable":"C:\\Windows\\System32\\powershell.exe","name":"powershell.exe","parent":{"executable":"C:\\Windows\\System32\\lsass.exe","name":"lsass.exe","pid":543},"pid":15233},"user":{"domain":"DOMAIN","name":"admin"},"winlog":{"channel":"Microsoft-Windows-Sysmon/Operational","computer_name":"WIN-1374KR6F.domain.local","event_id":1,"provider_name":"Microsoft-Windows-Sysmon","record_id":6394199,"task":"Process creation (rule: ProcessCreate)"}}
{"@timestamp":"2023-05-21T21:24:32.458Z","DestinationIp":"suspicious-site.net","DestinationPort":53,"EventID":3,"Image":"C:\\Windows\\System32\\powershell.exe","Protocol":"tcp","SourceIp":"192.168.1.100","SourcePort":63154,"agent":{"hostname":"WIN-ALOXF4ZO","type":"winlogbeat","version":"8.5.0"},"destination":{"ip":"suspicious-site.net","port":53},"ecs":{"version":"8.5.0"},"event":{"action":"Process creation","category":["process"],"code":3,"kind":"event","provider":"Microsoft-Windows-Sysmon","type":["start"]},"host":{"name":"WIN-DPDRWJIH","os":{"family":"windows","name":"Windows Server 2019","version":"10.0.17763"}},"network":{"direction":"outbound","protocol":"tcp"},"source":{"ip":"192.168.1.100","port":63154},"winlog":{"channel":"Microsoft-Windows-Sysmon/Operational","computer_name":"WIN-ZQ2L2TSG.domain.local","event_id":3,"provider_name":"Microsoft-Windows-Sysmon","record_id":7589028,"task":"Process creation (rule: ProcessCreate)"}}
{"@timestamp":"2023-01-26T01:49:10.784Z","Details":"C:\\temp\\6RWBIP4R.exe","EventID":13,"Image":"C:\\Windows\\System32\\svchost.exe","TargetObject":"HKLM\\SOFTWARE\\Classes\\exefile\\shell\\open\\command\\0L4AZWMGNS","agent":{"hostname":"WIN-JMYJFSJN","type":"winlogbeat","version":"8.5.0"},"ecs":{"version":"8.5.0"},"event":{"action":"Process creation","category":["process"],"code":13,"kind":"event","provider":"Microsoft-Windows-Sysmon","type":["start"]},"host":{"name":"WIN-Q7WSGM0C","os":{"family":"windows","name":"Windows Server 2019","version":"10.0.17763"}},"registry":{"data":{"strings":["C:\\temp\\F9OYCLPS.exe"]},"key":"HKLM\\SOFTWARE\\Classes\\exefile\\shell\\open\\command","value":"O5DH5HSYHV"},"winlog":{"channel":"Microsoft-Windows-Sysmon/Operational","computer_name":"WIN-9SCSBQ0F.domain.local","event_id":13,"provider_name":"Microsoft-Windows-Sysmon","record_id":2303904,"task":"Process creation (rule: ProcessCreate)"}}
{"@timestamp":"2023-02-05T19:26:22.908Z","CommandLine":"C:\\Windows\\System32\\lsass.exe 207QRX73B9","EventID":1,"Image":"C:\\Windows\\System32\\lsass.exe","ParentImage":"C:\\Windows\\System32\\cscript.exe","ParentProcessId":333,"ProcessId":53175,"User":"john.doe","agent":{"hostname":"WIN-MDPG14R1","type":"winlogbeat","version":"8.5.0"},"ecs":{"version":"8.5.0"},"event":{"action":"Process creation","category":["process"],"code":1,"kind":"event","provider":"Microsoft-Windows-Sysmon","type":["start"]},"host":{"name":"WIN-KBSXNXAE","os":{"family":"windows","name":"Windows Server 2019","version":"10.0.17763"}},"process":{"args":["C:\\Windows\\System32\\lsass.exe","207QRX73B9"],"command_line":"C:\\Windows\\System32\\lsass.exe 207QRX73B9","executable":"C:\\Windows\\System32\\lsass.exe","name":"lsass.exe","parent":{"executable":"C:\\Windows\\System32\\cscript.exe","name":"cscript.exe","pid":485},"pid":18518},"user":{"domain":"DOMAIN","name":"john.doe"},"winlog":{"channel":"Microsoft-Windows-Sysmon/Operational","computer_name":"WIN-GH785J65.domain.local","event_id":1,"provider_name":"Microsoft-Windows-Sysmon","record_id":2422680,"task":"Process creation (rule: ProcessCreate)"}}
{"@timestamp":"2023-03-23T08:58:14.447Z","Details":"C:\\temp\\RR6MIN97.exe","EventID":13,"Image":"C:\\Program Files\\Mozilla Firefox\\firefox.exe","TargetObject":"HKLM\\SOFTWARE\\Classes\\exefile\\shell\\open\\command\\IPVY7G7FXA","agent":{"hostname":"WIN-MQD9F9CI","type":"winlogbeat","version":"8.5.0"},"ecs":{"version":"8.5.0"},"event":{"action":"Process creation","category":["process"],"code":13,"kind":"event","provider":"Microsoft-Windows-Sysmon","type":["start"]},"host":{"name":"WIN-9ZJX2T5I","os":{"family":"windows","name":"Windows Server 2019","version":"10.0.17763"}},"registry":{"data":{"strings":["C:\\temp\\VQRGMZ6H.exe"]},"key":"HKLM\\SOFTWARE\\Classes\\exefile\\shell\\open\\command","value":"JLIV6D3PMZ"},"winlog":{"channel":"Microsoft-Windows-Sysmon/Operational","computer_name":"WIN-10W0IFFM.domain.local","event_id":13,"provider_name":"Microsoft-Windows-Sysmon","record_id":6365353,"task":"Process creation (rule: ProcessCreate)"}}
{"@timestamp":"2023-12-22T13:07:08.875Z","CommandLine":"C:\\Windows\\System32\\mshta.exe KEMVF5TU1M","EventID":1,"Image":"C:\\Windows\\System32\\mshta.exe","ParentImage":"C:\\Windows\\System32\\taskmgr.exe","ParentProcessId":606,"ProcessId":30515,"User":"NT AUTHORITY\\NETWORK SERVICE","agent":{"hostname":"WIN-WU85HNEW","type":"winlogbeat","version":"8.5.0"},"ecs":{"version":"8.5.0"},"event":{"action":"Process creation","category":["process"],"code":1,"kind":"event","provider":"Microsoft-Windows-Sysmon","type":["start"]},"host":{"name":"WIN-ZS527EKK","os":{"family":"windows","name":"Windows Server 2019","version":"10.0.17763"}},"process":{"args":["C:\\Windows\\System32\\mshta.exe","KEMVF5TU1M"],"command_line":"C:\\Windows\\System32\\mshta.exe KEMVF5TU1M","executable":"C:\\Windows\\System32\\mshta.exe","name":"mshta.exe","parent":{"executable":"C:\\Windows\\System32\\taskmgr.exe","name":"taskmgr.exe","pid":224},"pid":7134},"user":{"domain":"NT AUTHORITY","name":"NT AUTHORITY\\NETWORK SERVICE"},"winlog":{"channel":"Microsoft-Windows-Sysmon/Operational","computer_name":"WIN-9H1RH3LE.domain.local","event_id":1,"provider_name":"Microsoft-Windows-Sysmon","record_id":3574320,"task":"Process creation (rule: ProcessCreate)"}}
{"@timestamp":"2023-12-19T15:09:54.105Z","CommandLine":"C:\\Windows\\System32\\cmd.exe FG4ACOPHNR","EventID":1,"Image":"C:\\Windows\\System32\\cmd.exe","ParentImage":"C:\\Windows\\System32\\explorer.exe","ParentProcessId":359,"ProcessId":30579,"User":"service_account","agent":{"hostname":"WIN-6YPPN8BU","type":"winlogbeat","version":"8.5.0"},"ecs":{"version":"8.5.0"},"event":{"action":"Process creation","category":["process"],"code":1,"kind":"event","provider":"Microsoft-Windows-Sysmon","type":["start"]},"host":{"name":"WIN-D8Y69SOH","os":{"family":"windows","name":"Windows Server 2019","version":"10.0.17763"}},"process":{"args":["C:\\Windows\\System32\\cmd.exe","FG4ACOPHNR"],"command_line":"C:\\Windows\\System32\\cmd.exe FG4ACOPHNR","executable":"C:\\Windows\\System32\\cmd.exe","name":"cmd.exe","parent":{"executable":"C:\\Windows\\System32\\explorer.exe","name":"explorer.exe","pid":567},"pid":25785},"user":{"domain":"DOMAIN","name":"service_account"},"winlog":{"channel":"Microsoft-Windows-Sysmon/Operational","computer_name":"WIN-BQN6ICPR.domain.local","event_id":1,"provider_name":"Microsoft-Windows-Sysmon","record_id":3348684,"task":"Process creation (rule: ProcessCreate)"}}
{"@timestamp":"2023-02-13T02:43:58.914Z","EventID":17,"Image":"C:\\Windows\\System32\\lsass.exe","PipeName":"\\pipe\\netlogon","agent":{"hostname":"WIN-TOD1RXJH","type":"winlogbeat","version":"8.5.0"},"ecs":{"version":"8.5.0"},"event":{"action":"Process creation","category":["process"],"code":17,"kind":"event","provider":"Microsoft-Windows-Sysmon","type":["start"]},"host":{"name":"WIN-BQPAFA0Z","os":{"family":"windows","name":"Windows Server 2019","version":"10.0.17763"}},"winlog":{"channel":"Microsoft-Windows-Sysmon/Operational","computer_name":"WIN-OT8A1O75.domain.local","event_id":17,"provider_name":"Microsoft-Windows-Sysmon","record_id":9154486,"task":"Process creation (rule: ProcessCreate)"}}
{"@timestamp":"2023-06-09T17:42:46.628Z","CommandLine":"C:\\Windows\\System32\\mshta.exe 7OGWSUD6HW","EventID":1,"Image":"C:\\Windows\\System32\\mshta.exe","ParentImage":"C:\\Windows\\System32\\cscript.exe","ParentProcessId":528,"ProcessId":12798,"User":"Guest","agent":{"hostname":"WIN-VQNM289V","type":"winlogbeat","version":"8.5.0"},"ecs":{"version":"8.5.0"},"event":{"action":"Process creation","category":["process"],"code":1,"kind":"event","provider":"Microsoft-Windows-Sysmon","type":["start"]},"host":{"name":"WIN-VS6OSA43","os":{"family":"windows","name":"Windows Server 2019","version":"10.0.17763"}},"process":{"args":["C:\\Windows\\System32\\mshta.exe","7OGWSUD6HW"],"command_line":"C:\\Windows\\System32\\mshta.exe 7OGWSUD6HW","executable":"C:\\Windows\\System32\\mshta.exe","name":"mshta.exe","parent":{"executable":"C:\\Windows\\System32\\cscript.exe","name":"cscript.exe","pid":209},"pid":43556},"user":{"domain":"DOMAIN","name":"Guest"},"winlog":{"channel":"Microsoft-Windows-Sysmon/Operational","computer_name":"WIN-RC6WH4J2.domain.local","event_id":1,"provider_name":"Microsoft-Windows-Sysmon","record_id":3431909,"task":"Process creation (rule: ProcessCreate)"}}
{"@timestamp":"2023-09-03T04:07:43.742Z","CommandLine":"C:\\Windows\\System32\\cscript.exe 2CU2NKSLS7","EventID":1,"Image":"C:\\Windows\\System32\\cscript.exe","ParentImage":"C:\\Windows\\System32\\winlogon.exe","ParentProcessId":490,"ProcessId":36246,"User":"user","agent":{"hostname":"WIN-N0T6YXCS","type":"winlogbeat","version":"8.5.0"},"ecs":{"version":"8.5.0"},"event":{"action":"Process creation","category":["process"],"code":1,"kind":"event","provider":"Microsoft-Windows-Sysmon","type":["start"]},"host":{"name":"WIN-JE7EBWXY","os":{"family":"windows","name":"Windows Server 2019","version":"10.0.17763"}},"process":{"args":["C:\\Windows\\System32\\cscript.exe","2CU2NKSLS7"],"command_line":"C:\\Windows\\System32\\cscript.exe 2CU2NKSLS7","executable":"C:\\Windows\\System32\\cscript.exe","name":"cscript.exe","parent":{"executable":"C:\\Windows\\System32\\winlogon.exe","name":"winlogon.exe","pid":340},"pid":62672},"user":{"domain":"DOMAIN","name":"user"},"winlog":{"channel":"Microsoft-Windows-Sysmon/Operational","computer_name":"WIN-CLFZ7Q3B.domain.local","event_id":1,"provider_name":"Microsoft-Windows-Sysmon","record_id":2507021,"task":"Process creation (rule: ProcessCreate)"}}
{"@timestamp":"2023-09-10T17:09:20.501Z","EventID":17,"Image":"C:\\Windows\\System32\\cscript.exe","PipeName":"\\pipe\\MSCTF.Server.UIHW8Z94BB6UA5XOX1KGUQ0ZD4WP6GPZXXE2","agent":{"hostname":"WIN-AVN189ZK","type":"winlogbeat","version":"8.5.0"},"ecs":{"version":"8.5.0"},"event":{"action":"Process creation","category":["process"],"code":17,"kind":"event","provider":"Microsoft-Windows-Sysmon","type":["start"]},"host":{"name":"WIN-KES5YW1P","os":{"family":"windows","name":"Windows Server 2019","version":"10.0.17763"}},"winlog":{"channel":"Microsoft-Windows-Sysmon/Operational","computer_name":"WIN-MQ960LGX.domain.local","event_id":17,"provider_name":"Microsoft-Windows-Sysmon","record_id":7115019,"task":"Process creation (rule: ProcessCreate)"}}
{"@timestamp":"2023-04-26T02:19:34.577Z","CommandLine":"C:\\Windows\\System32\\spoolsv.exe A87UGG2SDG","EventID":1,"Image":"C:\\Windows\\System32\\spoolsv.exe","ParentImage":"C:\\Windows\\System32\\taskmgr.exe","ParentProcessId":205,"ProcessId":38477,"User":"SYSTEM","agent":{"hostname":"WIN-BH3610BL","type":"winlogbeat","version":"8.5.0"},"ecs":{"version":"8.5.0"},"event":{"action":"Process creation","category":["process"],"code":1,"kind":"event","provider":"Microsoft-Windows-Sysmon","type":["start"]},"host":{"name":"WIN-8KI61DEK","os":{"family":"windows","name":"Windows Server 2019","version":"10.0.17763"}},"process":{"args":["C:\\Windows\\System32\\spoolsv.exe","A87UGG2SDG"],"command_line":"C:\\Windows\\System32\\spoolsv.exe A87UGG2SDG","executable":"C:\\Windows\\System32\\spoolsv.exe","name":"spoolsv.exe","parent":{"executable":"C:\\Windows\\System32\\taskmgr.exe","name":"taskmgr.exe","pid":522},"pid":5099},"user":{"domain":"DOMAIN","name":"SYSTEM"},"winlog":{"channel":"Microsoft-Windows-Sysmon/Operational","computer_name":"WIN-8D0A6LMQ.domain.local","event_id":1,"provider_name":"Microsoft-Windows-Sysmon","record_id":8333230,"task":"Process creation (rule: ProcessCreate)"}}
{"@timestamp":"2023-12-25T01:43:11.907Z","Details":"C:\\temp\\CPZWEEHH.exe","EventID":13,"Image":"C:\\Windows\\System32\\rundll32.exe","TargetObject":"HKLM\\SOFTWARE\\Microsoft\\Windows\\CurrentVersion\\Run\\9JMK7E7G3C","agent":{"hostname":"WIN-6PXG693G","type":"winlogbeat","version":"8.5.0"},"ecs":{"version":"8.5.0"},"event":{"action":"Process creation","category":["process"],"code":13,"kind":"event","provider":"Microsoft-Windows-Sysmon","type":["start"]},"host":{"name":"WIN-FKSDS1L0","os":{"family":"windows","name":"Windows Server 2019","version":"10.0.17763"}},"registry":{"data":{"strings":["C:\\temp\\2SNQW3O3.exe"]},"key":"HKLM\\SOFTWARE\\Microsoft\\Windows\\CurrentVersion\\Run","value":"KZV1INK7BF"},"winlog":{"channel":"Microsoft-Windows-Sysmon/Operational","computer_name":"WIN-DML74NVO.domain.local","event_id":13,"provider_name":"Microsoft-Windows-Sysmon","record_id":1720409,"task":"Process creation (rule: ProcessCreate)"}}
{"@timestamp":"2023-04-17T09:19:24.298Z","CommandLine":"C:\\Windows\\System32\\regsvr32.exe KSBBBNBCWE","EventID":1,"Image":"C:\\Windows\\System32\\regsvr32.exe","ParentImage":"C:\\Windows\\System32\\explorer.exe","ParentProcessId":195,"ProcessId":59611,"User":"NT AUTHORITY\\SYSTEM","agent":{"hostname":"WIN-BHCEDF6A","type":"winlogbeat","version":"8.5.0"},"ecs":{"version":"8.5.0"},"event":{"action":"Process creation","category":["process"],"code":1,"kind":"event","provider":"Microsoft-Windows-Sysmon","type":["start"]},"host":{"name":"WIN-MZTTMXC9","os":{"family":"windows","name":"Windows Server 2019","version":"10.0.17763"}},"process":{"args":["C:\\Windows\\System32\\regsvr32.exe","KSBBBNBCWE"],"command_line":"C:\\Windows\\System32\\regsvr32.exe KSBBBNBCWE","executable":"C:\\Windows\\System32\\regsvr32.exe","name":"regsvr32.exe","parent":{"executable":"C:\\Windows\\System32\\explorer.exe","name":"explorer.exe","pid":300},"pid":20759},"user":{"domain":"NT AUTHORITY","name":"NT AUTHORITY\\SYSTEM"},"winlog":{"channel":"Microsoft-Windows-Sysmon/Operational","computer_name":"WIN-ODS0AO88.domain.local","event_id":1,"provider_name":"Microsoft-Windows-Sysmon","record_id":1734593,"task":"Process creation (rule: ProcessCreate)"}}
{"@timestamp":"2023-04-17T16:58:26.497Z","DestinationIp":"legitimate-service.com","DestinationPort":8443,"EventID":3,"Image":"C:\\Program Files\\Google\\Chrome\\Application\\chrome.exe","Protocol":"tcp","SourceIp":"192.168.1.100","SourcePort":51656,"agent":{"hostname":"WIN-1PG01QEW","type":"winlogbeat","version":"8.5.0"},"destination":{"ip":"legitimate-service.com","port":8443},"ecs":{"version":"8.5.0"},"event":{"action":"Process creation","category":["process"],"code":3,"kind":"event","provider":"Microsoft-Windows-Sysmon","type":["start"]},"host":{"name":"WIN-2I13RIIJ","os":{"family":"windows","name":"Windows Server 2019","version":"10.0.17763"}},"network":{"direction":"outbound","protocol":"tcp"},"source":{"ip":"192.168.1.100","port":51656},"winlog":{"channel":"Microsoft-Windows-Sysmon/Operational","computer_name":"WIN-A7JXQER9.domain.local","event_id":3,"provider_name":"Microsoft-Windows-Sysmon","record_id":7587227,"task":"Process creation (rule: ProcessCreate)"}}
{"@timestamp":"2023-02-02T06:02:31.441Z","CommandLine":"C:\\Windows\\System32\\explorer.exe","EventID":1,"Image":"C:\\Windows\\System32\\explorer.exe","ParentImage":"C:\\Windows\\System32\\powershell.exe","ParentProcessId":978,"ProcessId":57848,"User":"user","agent":{"hostname":"WIN-0R7BHP7V","type":"winlogbeat","version":"8.5.0"},"ecs":{"version":"8.5.0"},"event":{"action":"Process creation","category":["process"],"code":1,"kind":"event","provider":"Microsoft-Windows-Sysmon","type":["start"]},"host":{"name":"WIN-1JZVMC32","os":{"family":"windows","name":"Windows Server 2019","version":"10.0.17763"}},"process":{"args":["C:\\Windows\\System32\\explorer.exe"],"command_line":"C:\\Windows\\System32\\explorer.exe","executable":"C:\\Windows\\System32\\explorer.exe","name":"explorer.exe","parent":{"executable":"C:\\Windows\\System32\\powershell.exe","name":"powershell.exe","pid":485},"pid":61836},"user":{"domain":"DOMAIN","name":"user"},"winlog":{"channel":"Microsoft-Windows-Sysmon/Operational","computer_name":"WIN-9TQNFGIO.domain.local","event_id":1,"provider_name":"Microsoft-Windows-Sysmon","record_id":4987489,"task":"Process creation (rule: ProcessCreate)"}}
{"@timestamp":"2023-03-07T02:15:41.439Z","CommandLine":"C:\\Windows\\System32\\explorer.exe","EventID":1,"Image":"C:\\Windows\\System32\\explorer.exe","ParentImage":"C:\\Windows\\System32\\services.exe","ParentProcessId":764,"ProcessId":14082,"User":"DefaultAccount","agent":{"hostname":"WIN-UFSBE0FX","type":"winlogbeat","version":"8.5.0"},"ecs":{"version":"8.5.0"},"event":{"action":"Process creation","category":["process"],"code":1,"kind":"event","provider":"Microsoft-Windows-Sysmon","type":["start"]},"host":{"name":"WIN-O78Z6YRG","os":{"family":"windows","name":"Windows Server 2019","version":"10.0.17763"}},"process":{"args":["C:\\Windows\\System32\\explorer.exe"],"command_line":"C:\\Windows\\System32\\explorer.exe","executable":"C:\\Windows\\System32\\explorer.exe","name":"explorer.exe","parent":{"executable":"C:\\Windows\\System32\\services.exe","name":"services.exe","pid":114},"pid":4658},"user":{"domain":"DOMAIN","name":"DefaultAccount"},"winlog":{"channel":"Microsoft-Windows-Sysmon/Operational","computer_name":"WIN-WI647DLN.domain.local","event_id":1,"provider_name":"Microsoft-Windows-Sysmon","record_id":1336116,"task":"Process creation (rule: ProcessCreate)"}}
{"@timestamp":"2023-11-08T15:42:52.868Z","DestinationIp":"10.0.0.50","DestinationPort":443,"EventID":3,"Image":"C:\\Program Files\\Mozilla Firefox\\firefox.exe","Protocol":"tcp","SourceIp":"192.168.1.100","SourcePort":51497,"agent":{"hostname":"WIN-WHWG9MSG","type":"winlogbeat","version":"8.5.0"},"destination":{"ip":"10.0.0.50","port":443},"ecs":{"version":"8.5.0"},"event":{"action":"Process creation","category":["process"],"code":3,"kind":"event","provider":"Microsoft-Windows-Sysmon","type":["start"]},"host":{"name":"WIN-G9WRAMVE","os":{"family":"windows","name":"Windows Server 2019","version":"10.0.17763"}},"network":{"direction":"outbound","protocol":"tcp"},"source":{"ip":"192.168.1.100","port":51497},"winlog":{"channel":"Microsoft-Windows-Sysmon/Operational","computer_name":"WIN-T1MTD17V.domain.local","event_id":3,"provider_name":"Microsoft-Windows-Sysmon","record_id":3995828,"task":"Process creation (rule: ProcessCreate)"}}
{"@timestamp":"2023-09-18T21:14:02.810Z","CommandLine":"C:\\Windows\\System32\\lsass.exe 2AS8L1N1G2","EventID":1,"Image":"C:\\Windows\\System32\\lsass.exe","ParentImage":"C:\\Windows\\System32\\rundll32.exe","ParentProcessId":324,"ProcessId":2656,"User":"NT AUTHORITY\\SYSTEM","agent":{"hostname":"WIN-11QRHSZL","type":"winlogbeat","version":"8.5.0"},"ecs":{"version":"8.5.0"},"event":{"action":"Process creation","category":["process"],"code":1,"kind":"event","provider":"Microsoft-Windows-Sysmon","type":["start"]},"host":{"name":"WIN-DF0KE6IM","os":{"family":"windows","name":"Windows Server 2019","version":"10.0.17763"}},"process":{"args":["C:\\Windows\\System32\\lsass.exe","2AS8L1N1G2"],"command_line":"C:\\Windows\\System32\\lsass.exe 2AS8L1N1G2","executable":"C:\\Windows\\System32\\lsass.exe","name":"lsass.exe","parent":{"executable":"C:\\Windows\\System32\\rundll32.exe","name":"rundll32.exe","pid":816},"pid":62975},"user":{"domain":"NT AUTHORITY","name":"NT AUTHORITY\\SYSTEM"},"winlog":{"channel":"Microsoft-Windows-Sysmon/Operational","computer_name":"WIN-T0LINIL0.domain.local","event_id":1,"provider_name":"Microsoft-Windows-Sysmon","record_id":6193749,"task":"Process creation (rule: ProcessCreate)"}}
{"@timestamp":"2023-07-27T19:30:17.622Z","CommandLine":"C:\\Windows\\System32\\explorer.exe","EventID":1,"Image":"C:\\Windows\\System32\\explorer.exe","ParentImage":"C:\\Program Files\\Google\\Chrome\\Application\\chrome.exe","ParentProcessId":905,"ProcessId":35099,"User":"jane.smith","agent":{"hostname":"WIN-EE72GYI6","type":"winlogbeat","version":"8.5.0"},"ecs":{"version":"8.5.0"},"event":{"action":"Process creation","category":["process"],"code":1,"kind":"event","provider":"Microsoft-Windows-Sysmon","type":["start"]},"host":{"name":"WIN-9YMN7BL3","os":{"family":"windows","name":"Windows Server 2019","version":"10.0.17763"}},"process":{"args":["C:\\Windows\\System32\\explorer.exe"],"command_line":"C:\\Windows\\System32\\explorer.exe","executable":"C:\\Windows\\System32\\explorer.exe","name":"explorer.exe","parent":{"executable":"C:\\Program Files\\Google\\Chrome\\Application\\chrome.exe","name":"chrome.exe","pid":662},"pid":54123},"user":{"domain":"DOMAIN","name":"jane.smith"},"winlog":{"channel":"Microsoft-Windows-Sysmon/Operational","computer_name":"WIN-2TW882NJ.domain.local","event_id":1,"provider_name":"Microsoft-Windows-Sysmon","record_id":4340590,"task":"Process creation (rule: ProcessCreate)"}}
{"@timestamp":"2023-11-13T13:23:58.519Z","CommandLine":"C:\\Windows\\System32\\explorer.exe","EventID":1,"Image":"C:\\Windows\\System32\\explorer.exe","ParentImage":"C:\\Windows\\System32\\mshta.exe","ParentProcessId":770,"ProcessId":44303,"User":"NT AUTHORITY\\SYSTEM","agent":{"hostname":"WIN-T289M36O","type":"winlogbeat","version":"8.5.0"},"ecs":{"version":"8.5.0"},"event":{"action":"Process creation","category":["process"],"code":1,"kind":"event","provider":"Microsoft-Windows-Sysmon","type":["start"]},"host":{"name":"WIN-F7V2PSG8","os":{"family":"windows","name":"Windows Server 2019","version":"10.0.17763"}},"process":{"args":["C:\\Windows\\System32\\explorer.exe"],"command_line":"C:\\Windows\\System32\\explorer.exe","executable":"C:\\Windows\\System32\\explorer.exe","name":"explorer.exe","parent":{"executable":"C:\\Windows\\System32\\mshta.exe","name":"mshta.exe","pid":722},"pid":41033},"user":{"domain":"NT AUTHORITY","name":"NT AUTHORITY\\SYSTEM"},"winlog":{"channel":"Microsoft-Windows-Sysmon/Operational","computer_name":"WIN-80W4Q8BP.domain.local","event_id":1,"provider_name":"Microsoft-Windows-Sysmon","record_id":7840384,"task":"Process creation (rule: ProcessCreate)"}}
{"@timestamp":"2023-06-26T14:48:36.462Z","DestinationIp":"suspicious-site.net","DestinationPort":53,"EventID":3,"Image":"C:\\Windows\\System32\\mshta.exe","Protocol":"tcp","SourceIp":"192.168.1.100","SourcePort":63873,"agent":{"hostname":"WIN-XVU4FGLH","type":"winlogbeat","version":"8.5.0"},"destination":{"ip":"suspicious-site.net","port":53},"ecs":{"version":"8.5.0"},"event":{"action":"Process creation","category":["process"],"code":3,"kind":"event","provider":"Microsoft-Windows-Sysmon","type":["start"]},"host":{"name":"WIN-3ZXRLSGD","os":{"family":"windows","name":"Windows Server 2019","version":"10.0.17763"}},"network":{"direction":"outbound","protocol":"tcp"},"source":{"ip":"192.168.1.100","port":63873},"winlog":{"channel":"Microsoft-Windows-Sysmon/Operational","computer_name":"WIN-1LD18WI4.domain.local","event_id":3,"provider_name":"Microsoft-Windows-Sysmon","record_id":1064445,"task":"Process creation (rule: ProcessCreate)"}}
{"@timestamp":"2023-08-10T03:16:56.295Z","CommandLine":"C:\\Windows\\System32\\calc.exe RRISAE4SNX","EventID":1,"Image":"C:\\Windows\\System32\\calc.exe","ParentImage":"C:\\Program Files\\Mozilla Firefox\\firefox.exe","ParentProcessId":220,"ProcessId":18405,"User":"NT AUTHORITY\\NETWORK SERVICE","agent":{"hostname":"WIN-I0B3BJUX","type":"winlogbeat","version":"8.5.0"},"ecs":{"version":"8.5.0"},"event":{"action":"Process creation","category":["process"],"code":1,"kind":"event","provider":"Microsoft-Windows-Sysmon","type":["start"]},"host":{"name":"WIN-IQZKZ28T","os":{"family":"windows","name":"Windows Server 2019","version":"10.0.17763"}},"process":{"args":["C:\\Windows\\System32\\calc.exe","RRISAE4SNX"],"command_line":"C:\\Windows\\System32\\calc.exe RRISAE4SNX","executable":"C:\\Windows\\System32\\calc.exe","name":"calc.exe","parent":{"executable":"C:\\Program Files\\Mozilla Firefox\\firefox.exe","name":"firefox.exe","pid":627},"pid":22027},"user":{"domain":"NT AUTHORITY","name":"NT AUTHORITY\\NETWORK SERVICE"},"winlog":{"channel":"Microsoft-Windows-Sysmon/Operational","computer_name":"WIN-NXMTP6NY.domain.local","event_id":1,"provider_name":"Microsoft-Windows-Sysmon","record_id":4170261,"task":"Process creation (rule: ProcessCreate)"}}
{"@timestamp":"2023-12-15T01:07:00.485Z","CommandLine":"C:\\Program Files\\Google\\Chrome\\Application\\chrome.exe --new-tab https://example.com","EventID":1,"Image":"C:\\Program Files\\Google\\Chrome\\Application\\chrome.exe","ParentImage":"C:\\Windows\\System32\\WindowsPowerShell\\v1.0\\powershell.exe","ParentProcessId":579,"ProcessId":32084,"User":"Guest","agent":{"hostname":"WIN-5JGPP5HM","type":"winlogbeat","version":"8.5.0"},"ecs":{"version":"8.5.0"},"event":{"action":"Process creation","category":["process"],"code":1,"kind":"event","provider":"Microsoft-Windows-Sysmon","type":["start"]},"host":{"name":"WIN-C3X5ZGVU","os":{"family":"windows","name":"Windows Server 2019","version":"10.0.17763"}},"process":{"args":["C:\\Program","Files\\Google\\Chrome\\Application\\chrome.exe","--new-tab","https://example.com"],"command_line":"C:\\Program Files\\Google\\Chrome\\Application\\chrome.exe --new-tab https://example.com","executable":"C:\\Program Files\\Google\\Chrome\\Application\\chrome.exe","name":"chrome.exe","parent":{"executable":"C:\\Windows\\System32\\WindowsPowerShell\\v1.0\\powershell.exe","name":"powershell.exe","pid":962},"pid":33079},"user":{"domain":"DOMAIN","name":"Guest"},"winlog":{"channel":"Microsoft-Windows-Sysmon/Operational","computer_name":"WIN-BT2E8ID8.domain.local","event_id":1,"provider_name":"Microsoft-Windows-Sysmon","record_id":3667247,"task":"Process creation (rule: ProcessCreate)"}}
{"@timestamp":"2023-06-25T10:20:09.827Z","CommandLine":"C:\\Windows\\System32\\lsass.exe GSCZQZD0SS","EventID":1,"Image":"C:\\Windows\\System32\\lsass.exe","ParentImage":"C:\\Program Files\\Mozilla Firefox\\firefox.exe","ParentProcessId":290,"ProcessId":59440,"User":"DefaultAccount","agent":{"hostname":"WIN-36CVLTG4","type":"winlogbeat","version":"8.5.0"},"ecs":{"version":"8.5.0"},"event":{"action":"Process creation","category":["process"],"code":1,"kind":"event","provider":"Microsoft-Windows-Sysmon","type":["start"]},"host":{"name":"WIN-JQGAHCR3","os":{"family":"windows","name":"Windows Server 2019","version":"10.0.17763"}},"process":{"args":["C:\\Windows\\System32\\lsass.exe","GSCZQZD0SS"],"command_line":"C:\\Windows\\System32\\lsass.exe GSCZQZD0SS","executable":"C:\\Windows\\System32\\lsass.exe","name":"lsass.exe","parent":{"executable":"C:\\Program Files\\Mozilla Firefox\\firefox.exe","name":"firefox.exe","pid":306},"pid":2752},"user":{"domain":"DOMAIN","name":"DefaultAccount"},"winlog":{"channel":"Microsoft-Windows-Sysmon/Operational","computer_name":"WIN-P47DZ2TO.domain.local","event_id":1,"provider_name":"Microsoft-Windows-Sysmon","record_id":1098963,"task":"Process creation (rule: ProcessCreate)"}}
{"@timestamp":"2023-06-05T15:56:30.740Z","DestinationIp":"malicious-domain.com","DestinationPort":445,"EventID":3,"Image":"C:\\Program Files\\Mozilla Firefox\\firefox.exe","Protocol":"tcp","SourceIp":"192.168.1.100","SourcePort":54521,"agent":{"hostname":"WIN-6JY7OOOH","type":"winlogbeat","version":"8.5.0"},"destination":{"ip":"malicious-domain.com","port":445},"ecs":{"version":"8.5.0"},"event":{"action":"Process creation","category":["process"],"code":3,"kind":"event","provider":"Microsoft-Windows-Sysmon","type":["start"]},"host":{"name":"WIN-SNMR9VGV","os":{"family":"windows","name":"Windows Server 2019","version":"10.0.17763"}},"network":{"direction":"outbound","protocol":"tcp"},"source":{"ip":"192.168.1.100","port":54521},"winlog":{"channel":"Microsoft-Windows-Sysmon/Operational","computer_name":"WIN-PXHBY604.domain.local","event_id":3,"provider_name":"Microsoft-Windows-Sysmon","record_id":8040784,"task":"Process creation (rule: ProcessCreate)"}}
{"@timestamp":"2023-03-12T19:33:34.428Z","CommandLine":"C:\\Windows\\System32\\explorer.exe","EventID":1,"Image":"C:\\Windows\\System32\\explorer.exe","ParentImage":"C:\\Windows\\System32\\notepad.exe","ParentProcessId":320,"ProcessId":31012,"User":"SYSTEM","agent":{"hostname":"WIN-QWMNOWFC","type":"winlogbeat","version":"8.5.0"},"ecs":{"version":"8.5.0"},"event":{"action":"Process creation","category":["process"],"code":1,"kind":"event","provider":"Microsoft-Windows-Sysmon","type":["start"]},"host":{"name":"WIN-ZWM2O2F3","os":{"family":"windows","name":"Windows Server 2019","version":"10.0.17763"}},"process":{"args":["C:\\Windows\\System32\\explorer.exe"],"command_line":"C:\\Windows\\System32\\explorer.exe","executable":"C:\\Windows\\System32\\explorer.exe","name":"explorer.exe","parent":{"executable":"C:\\Windows\\System32\\notepad.exe","name":"notepad.exe","pid":139},"pid":18449},"user":{"domain":"DOMAIN","name":"SYSTEM"},"winlog":{"channel":"Microsoft-Windows-Sysmon/Operational","computer_name":"WIN-Y55QTBFZ.domain.local","event_id":1,"provider_name":"Microsoft-Windows-Sysmon","record_id":7851724,"task":"Process creation (rule: ProcessCreate)"}}
{"@timestamp":"2023-09-14T12:51:09.569Z","Details":"C:\\temp\\FU7U6D1B.exe","EventID":13,"Image":"C:\\Windows\\System32\\spoolsv.exe","TargetObject":"HKLM\\SOFTWARE\\Microsoft\\Windows\\CurrentVersion\\Run\\M5QBAXWLXD","agent":{"hostname":"WIN-K5C5Z9RK","type":"winlogbeat","version":"8.5.0"},"ecs":{"version":"8.5.0"},"event":{"action":"Process creation","category":["process"],"code":13,"kind":"event","provider":"Microsoft-Windows-Sysmon","type":["start"]},"host":{"name":"WIN-CX3OKYUC","os":{"family":"windows","name":"Windows Server 2019","version":"10.0.17763"}},"registry":{"data":{"strings":["C:\\temp\\BTV145BZ.exe"]},"key":"HKLM\\SOFTWARE\\Microsoft\\Windows\\CurrentVersion\\Run","value":"DDNADCOTU7"},"winlog":{"channel":"Microsoft-Windows-Sysmon/Operational","computer_name":"WIN-Z4930IJ2.domain.local","event_id":13,"provider_name":"Microsoft-Windows-Sysmon","record_id":3863862,"task":"Process creation (rule: ProcessCreate)"}}
{"@timestamp":"2023-07-09T03:23:43.366Z","Details":"C:\\temp\\8K97DOAA.exe","EventID":13,"Image":"C:\\Windows\\System32\\WindowsPowerShell\\v1.0\\powershell.exe","TargetObject":"HKCU\\SOFTWARE\\Microsoft\\Windows\\CurrentVersion\\Run\\QYKNAPO8H8","agent":{"hostname":"WIN-H223MBNA","type":"winlogbeat","version":"8.5.0"},"ecs":{"version":"8.5.0"},"event":{"action":"Process creation","category":["process"],"code":13,"kind":"event","provider":"Microsoft-Windows-Sysmon","type":["start"]},"host":{"name":"WIN-SHD0YA18","os":{"family":"windows","name":"Windows Server 2019","version":"10.0.17763"}},"registry":{"data":{"strings":["C:\\temp\\KG4ZZ1LS.exe"]},"key":"HKCU\\SOFTWARE\\Microsoft\\Windows\\CurrentVersion\\Run","value":"4DWRF2UX9F"},"winlog":{"channel":"Microsoft-Windows-Sysmon/Operational","computer_name":"WIN-332GTGU4.domain.local","event_id":13,"provider_name":"Microsoft-Windows-Sysmon","record_id":7507776,"task":"Process creation (rule: ProcessCreate)"}}
{"@timestamp":"2023-06-11T15:55:36.454Z","CommandLine":"C:\\Windows\\System32\\calc.exe Y15WPNODN8","EventID":1,"Image":"C:\\Windows\\System32\\calc.exe","ParentImage":"C:\\Windows\\System32\\rundll32.exe","ParentProcessId":274,"ProcessId":52649,"User":"service_account","agent":{"hostname":"WIN-C7JM9HWA","type":"winlogbeat","version":"8.5.0"},"ecs":{"version":"8.5.0"},"event":{"action":"Process creation","category":["process"],"code":1,"kind":"event","provider":"Microsoft-Windows-Sysmon","type":["start"]},"host":{"name":"WIN-3EXR7K8F","os":{"family":"windows","name":"Windows Server 2019","version":"10.0.17763"}},"process":{"args":["C:\\Windows\\System32\\calc.exe","Y15WPNODN8"],"command_line":"C:\\Windows\\System32\\calc.exe Y15WPNODN8","executable":"C:\\Windows\\System32\\calc.exe","name":"calc.exe","parent":{"executable":"C:\\Windows\\System32\\rundll32.exe","name":"rundll32.exe","pid":119},"pid":47588},"user":{"domain":"DOMAIN","name":"service_account"},"winlog":{"channel":"Microsoft-Windows-Sysmon/Operational","computer_name":"WIN-G02O0GI6.domain.local","event_id":1,"provider_name":"Microsoft-Windows-Sysmon","record_id":7796052,"task":"Process creation (rule: ProcessCreate)"}}
{"@timestamp":"2023-08-02T22:12:55.674Z","DestinationIp":"192.168.1.100","DestinationPort":445,"EventID":3,"Image":"C:\\Windows\\System32\\notepad.exe","Protocol":"tcp","SourceIp":"192.168.1.100","SourcePort":61610,"agent":{"hostname":"WIN-7HET2Q1E","type":"winlogbeat","version":"8.5.0"},"destination":{"ip":"192.168.1.100","port":445},"ecs":{"version":"8.5.0"},"event":{"action":"Process creation","category":["process"],"code":3,"kind":"event","provider":"Microsoft-Windows-Sysmon","type":["start"]},"host":{"name":"WIN-5UE51R3Y","os":{"family":"windows","name":"Windows Server 2019","version":"10.0.17763"}},"network":{"direction":"outbound","protocol":"tcp"},"source":{"ip":"192.168.1.100","port":61610},"winlog":{"channel":"Microsoft-Windows-Sysmon/Operational","computer_name":"WIN-5MO026QP.domain.local","event_id":3,"provider_name":"Microsoft-Windows-Sysmon","record_id":1452965,"task":"Process creation (rule: ProcessCreate)"}}
{"@timestamp":"2023-03-06T16:19:45.653Z","Details":"C:\\temp\\H7IOQTD6.exe","EventID":13,"Image":"C:\\Windows\\System32\\wininit.exe","TargetObject":"HKLM\\SOFTWARE\\Microsoft\\Windows\\CurrentVersion\\Run\\CQWZ6C1YM1","agent":{"hostname":"WIN-UV60OC3F","type":"winlogbeat","version":"8.5.0"},"ecs":{"version":"8.5.0"},"event":{"action":"Process creation","category":["process"],"code":13,"kind":"event","provider":"Microsoft-Windows-Sysmon","type":["start"]},"host":{"name":"WIN-OFASEUC0","os":{"family":"windows","name":"Windows Server 2019","version":"10.0.17763"}},"registry":{"data":{"strings":["C:\\temp\\D4GD05S2.exe"]},"key":"HKLM\\SOFTWARE\\Microsoft\\Windows\\CurrentVersion\\Run","value":"L9EAC9JM1U"},"winlog":{"channel":"Microsoft-Windows-Sysmon/Operational","computer_name":"WIN-W04NC3VG.domain.local","event_id":13,"provider_name":"Microsoft-Windows-Sysmon","record_id":6245779,"task":"Process creation (rule: ProcessCreate)"}}
{"@timestamp":"2023-09-20T00:14:26.851Z","CommandLine":"C:\\Windows\\System32\\notepad.exe document.txt","EventID":1,"Image":"C:\\Windows\\System32\\notepad.exe","ParentImage":"C:\\Windows\\System32\\mshta.exe","ParentProcessId":332,"ProcessId":59848,"User":"jane.smith","agent":{"hostname":"WIN-B2PYY461","type":"winlogbeat","version":"8.5.0"},"ecs":{"version":"8.5.0"},"event":{"action":"Process creation","category":["process"],"code":1,"kind":"event","provider":"Microsoft-Windows-Sysmon","type":["start"]},"host":{"name":"WIN-LK5O3JWB","os":{"family":"windows","name":"Windows Server 2019","version":"10.0.17763"}},"process":{"args":["C:\\Windows\\System32\\notepad.exe","document.txt"],"command_line":"C:\\Windows\\System32\\notepad.exe document.txt","executable":"C:\\Windows\\System32\\notepad.exe","name":"notepad.exe","parent":{"executable":"C:\\Windows\\System32\\mshta.exe","name":"mshta.exe","pid":293},"pid":15588},"user":{"domain":"DOMAIN","name":"jane.smith"},"winlog":{"channel":"Microsoft-Windows-Sysmon/Operational","computer_name":"WIN-CSDEDKV1.domain.local","event_id":1,"provider_name":"Microsoft-Windows-Sysmon","record_id":8731242,"task":"Process creation (rule: ProcessCreate)"}}
{"@timestamp":"2023-11-06T02:47:43.348Z","EventID":17,"Image":"C:\\Windows\\System32\\cscript.exe","PipeName":"\\pipe\\MSCTF.Server.0MDG9M1RW3OVOWJHO4TQNF9OWNL4JSUGVQ68","agent":{"hostname":"WIN-1YR73B7R","type":"winlogbeat","version":"8.5.0"},"ecs":{"version":"8.5.0"},"event":{"action":"Process creation","category":["process"],"code":17,"kind":"event","provider":"Microsoft-Windows-Sysmon","type":["start"]},"host":{"name":"WIN-XZK6Q01Q","os":{"family":"windows","name":"Windows Server 2019","version":"10.0.17763"}},"winlog":{"channel":"Microsoft-Windows-Sysmon/Operational","computer_name":"WIN-3HQ0ZHQ0.domain.local","event_id":17,"provider_name":"Microsoft-Windows-Sysmon","record_id":6080745,"task":"Process creation (rule: ProcessCreate)"}}
